0	2
0.00115470053837925	1.999998
0.00230773848892201	1.99999201266598
0.00345912434241663	1.99998205743849
0.00462985386170553	1.999967862948
0.00598212927006071	1.99994635924425
0.00751643766726074	1.99991533409528
0.00923272525349984	1.99987228753462
0.0111305036135892	1.99981444214655
0.0115560718131803	1.9998
0.0132090522600698	1.99973878674838
0.015467109987742	1.99964200160622
0.0179032984450788	1.99952055145485
0.0205159757422412	1.99937068278048
0.0231445382447358	1.99919944020269
0.0233028516266648	1.99918847559821
0.0262629087480129	1.99896978446833
0.0293934859234499	1.99871025886265
0.0326922673539998	1.99840543099806
0.0347666046475344	1.99819731622971
0.036154997464855	1.99805096267109
0.0397828933451915	1.99764174083123
0.043571488850327	1.9971730807751
0.0464221438573659	1.99679269401933
0.0475157093632575	1.9966404820105
0.0516176469196347	1.99603835944022
0.0558721100926569	1.99536191945767
0.0581118965511626	1.99498463764853
0.0602738155400357	1.99460668122258
0.0648249042721629	1.9937666564075
0.0695199897710378	1.99283712430905
0.069835035057143	1.99277248093648
0.0743564243570168	1.99181320396697
0.079331102445791	1.9906896687603
0.081593799048953	1.99015514234311
0.0844385686369208	1.98946234756413
0.0896813441412981	1.98812484696579
0.093387107210982	1.98713213704814
0.0950499569848436	1.98667403847117
0.100549530045233	1.98510295901985
0.105214991800623	1.98370292869606
0.106169993872834	1.98340880313529
0.111915340369276	1.9815850099046
0.117078096839549	1.97986689651397
0.117776726099564	1.979628689998
0.123757114616841	1.97753368691043
0.128977215163657	1.9756233920447
0.129847794273553	1.97529747095348
0.136052819618876	1.97291352531554
0.140913115633475	1.97097178145073
0.142361968279666	1.97038041283845
0.148781601390204	1.96769062670285
0.152886434382078	1.96591149636143
0.155300047957697	1.96484398750732
0.161924682156047	1.96183232896115
0.164897439961877	1.96044216133506
0.16864469164917	1.95865585965032
0.175465167987292	1.95530718186241
0.176945507504365	1.95456390413982
0.182379135109824	1.95178543382209
0.189029616126425	1.94827725158915
0.189385170445154	1.94808640138824
0.196483282870817	1.94420614777077
0.201154463184002	1.94157991473455
0.203664618262808	1.94014505966463
0.210937557297454	1.93589425002213
0.213318941721676	1.93447242273955
0.218292576683451	1.93145541005275
0.225519827928294	1.92695684155678
0.225731763511759	1.92682290205222
0.233252839757079	1.92199484704755
0.23776420663217	1.91902925779785
0.24084798385436	1.91697240129772
0.248525562247866	1.91174637734479
0.250048760667341	1.91069189309562
0.256277895351793	1.90631886637277
0.26237436525656	1.90194460460064
0.264100746212401	1.90068917262952
0.27200087687876	1.8948494917454
0.274743785359734	1.89278590320132
0.279969423023252	1.88880338481872
0.287152991399025	1.88321923069636
0.288007343092895	1.88254678757637
0.296116416756666	1.87607592712733
0.29960947787143	1.87323959782565
0.304288762842702	1.86939432082418
0.312105823157226	1.86285342435917
0.312528577709217	1.86249557464605
0.32083419550541	1.85537915421376
0.324652502677795	1.85205302045628
0.329199006006236	1.8480482391597
0.337240146642466	1.84084697433903
0.337627905996528	1.84049595983155
0.346118781333644	1.8327226683828
0.349880631429012	1.82922590091641
0.354665592942454	1.8247317592926
0.362564220930486	1.81719936580497
0.363271997208703	1.81651760446998
0.371937867276067	1.80807909756193
0.375302425709703	1.80475776368878
0.38065712708794	1.79942044079815
0.388087089357666	1.79190982183648
0.389431093333081	1.79053845294791
0.398262638072761	1.78142922988074
0.400927077070945	1.77864800844796
0.407145640234098	1.77209787304363
0.413818356704118	1.76497746748345
0.416078820716956	1.76254415932373
0.425067585965667	1.75276143852848
0.426764068246015	1.75089625680623
0.434106266200039	1.74275525595478
0.439767675739291	1.73640190879419
0.443191563421366	1.73252800634156
0.452329886883348	1.72207161272569
0.452822462134974	1.72150324809639
0.461516547649825	1.71139146074299
0.465943807854558	1.70618448650268
0.470747645614973	1.70049120808674
0.479118316837702	1.69046238084244
0.480026647102468	1.68936602410793
0.489353787939429	1.67801590242525
0.492362272264135	1.67431947470907
0.498724688721551	1.66644593837627
0.50566839953622	1.65776586027315
0.508138752696967	1.65465630527086
0.517600300374474	1.64264176853681
0.519040126842989	1.64079912806279
0.527105037039899	1.63040834727401
0.532485730908451	1.62341052913562
0.536650160459846	1.61795934350935
0.545991646046473	1.60561924368111
0.546240140073186	1.60528891899007
0.555872542827796	1.59240151699241
0.559583511983846	1.58739387294567
0.565544483418312	1.57930120711632
0.5732467645775	1.56875521111075
0.575256600063304	1.56598721508957
0.585011491185661	1.5524570294021
0.586992442813471	1.54969044601089
0.594805698468907	1.53871657821296
0.600824827834894	1.53019546240732
0.604637420138967	1.52476863332147
0.614510511426992	1.51060843309746
0.614732087345145	1.51028892741677
0.624422301538761	1.49624181267397
0.628744866007853	1.48992956613498
0.634370528879333	1.48167268773564
0.642843280524596	1.4691477070152
0.644356573202321	1.4668997209603
0.654381499438274	1.45192326745601
0.657049180188224	1.44791373423986
0.664442778179457	1.43674867317774
0.671360033352287	1.42623324021081
0.674539628134056	1.42137784135768
0.684674502558536	1.40580863693702
0.685775498822996	1.4041090426198
0.694845372296541	1.39004666138753
0.700319342286749	1.38150711827248
0.705050691223529	1.37409527886699
0.714969078749302	1.35846431911786
0.71529239273576	1.35795274857444
0.725569525061369	1.34162362844295
0.729770201725325	1.33491205887831
0.735880773018423	1.32511151517175
0.744699579247527	1.31088867150561
0.746226669621478	1.30841678245294
0.75660760143393	1.29154174847533
0.759791042418646	1.28634248832956
0.767022340455716	1.27449072326858
0.775038347022638	1.26128552869263
0.777470776452111	1.25726512199901
0.787953430316607	1.2398669381021
0.79046434233888	1.23568276386232
0.798469524865484	1.22230042782521
0.806078421362429	1.20952072701291
0.809018820617759	1.20456729407015
0.819601448078384	1.18667020635709
0.821898655625058	1.18277143637927
0.830217141425387	1.16861303038201
0.837944150043511	1.15540480157024
0.840865793571843	1.1503973085686
0.851546962911706	1.13202697167998
0.854240721691161	1.12737894811807
0.862260902108085	1.11350517331507
0.870805002365215	1.09866733939802
0.873007615614635	1.09483326043403
0.883786198848813	1.07601667336886
0.887691157396357	1.06917828830449
0.894597512068884	1.05705720627539
0.904894597165596	1.03892148117169
0.90544074209275	1.03795764055834
0.916315894856527	1.01872310835991
0.922527936299353	1.00770139678427
0.927224218322886	0.999353546497231
0.938163323844759	0.979855837259145
0.940618036863154	0.975471152998426
0.949134982773112	0.960231785032972
0.959225138698814	0.942125072962009
0.960138697280371	0.940483227975251
0.971173680748983	0.920617266781358
0.978516421891	0.907365154235422
0.982242441598221	0.900631507436609
0.993341180716927	0.880536471930208
0.9986360065238	0.870931552632468
1.00447366942463	0.860329624742302
1.01563619488311	0.840019785539106
1.01980848297022	0.832417238914945
1.02683243877713	0.819605981514884
1.03805892332927	0.799095830530228
1.0424117516632	0.791133815275582
1.04931961831806	0.778488446354279
1.06061038150625	0.757792701495739
1.06712080928982	0.745846117711577
1.07193650263695	0.737004693013238
1.0832919908704	0.716138379605483
1.09467892405151	0.695192129372176
1.09531554851597	0.694020740084953
1.1061019603114	0.674166549469527
1.11755483826035	0.653072087917069
1.12903895594929	0.631910269644413
1.13289673649102	0.62480141900718
1.14056340162195	0.610674504455699
1.15211568984972	0.589386957565585
1.16370003940474	0.568043185655602
1.17531546494259	0.546649313983493
1.18696096596724	0.525211538412656
1.19822255540553	0.504495817184072
1.19863856018182	0.503731311599584
1.2103604217148	0.482201199908687
1.22211626667254	0.4606333662118
1.22251026575663	0.459911126759706
1.2339089682019	0.43903154850943
1.24233580409974	0.42361606849031
1.24574173811506	0.417391527855241
1.25760392192083	0.395738111439831
1.25961132298454	0.392078226199878
1.26950322725108	0.37406276570874
1.27504562536933	0.363983296196024
1.28144321845902	0.352362864738159
1.28913216575097	0.338416898736557
1.29342182727872	0.330646954208942
1.3021259251133	0.314903793546493
1.30543774235808	0.308922420375524
1.31419041324162	0.293137363523642
1.31749151054576	0.287193271922
1.32544673673492	0.272889511905407
1.32958379358251	0.265463306011945
1.33598830252953	0.253983551481218
1.34171389936029	0.2437387621764
1.34589253332118	0.236272759581567
1.35388001781421	0.22202784002941
1.35524034610348	0.219605351640286
1.36409010549565	0.20387104873706
1.36608889330481	0.200323642414004
1.37245484404788	0.189041009631625
1.37833855989248	0.178634832768512
1.38036451069933	0.175056557972136
1.38787789079013	0.161808606809864
1.39063083629173	0.156963494702785
1.394992957641	0.149296209528418
1.40174885263235	0.137446060236338
1.40296469258809	0.135316667491002
1.40815360795014	0.126240062873412
1.41422741589081	0.115639030618893
1.4153419253382	0.113696598290193
1.41998151700294	0.105619771046341
1.42543149421755	0.096151770480253
1.42776423658053	0.0921057698075685
1.43058269537351	0.0872225914179262
1.43545465820709	0.0787953765797355
1.44005134239658	0.0708605523757481
1.44022980088278	0.070552818417155
1.44438157924639	0.0634002823402511
1.44845150289071	0.0564015735593437
1.45226788296783	0.0498505175599504
1.45274254245565	0.0490365320700641
1.45583691911672	0.0437343600029335
1.45916324222973	0.0380431980996666
1.46225146538062	0.0327673145160618
1.46510554256638	0.0278982653886111
1.46530305556338	0.0275615529993932
1.46772969174047	0.0234272988027681
1.47012561394323	0.0193500886572811
1.47229624488729	0.0156603340197992
1.47424345969741	0.0123536658302406
1.47596855363511	0.00942682260895506
1.47751717849413	0.00680149577545607
1.47791385388203	0.00612934960614629
1.4790632001059	0.0041825844389996
1.48060587824368	0.0015713385886519
1.48214555989669	-0.00103283325401356
1.48368226822823	-0.00362997417413602
1.48521602608992	-0.0062201266771466
1.48674685602766	-0.00880333269984915
1.48827478028746	-0.0113796336212292
1.48990162285193	-0.0141205183530947
1.49057367586502	-0.0152521182033342
1.49171039507516	-0.0171652336260777
1.49370027921827	-0.0205115397081263
1.49587028797182	-0.0241568218684922
1.49821912636972	-0.0280978629808632
1.50074524824882	-0.0323309400164373
1.50327937586816	-0.0365717522303687
1.50344645794785	-0.0368511598290468
1.50632193302645	-0.0416558515396722
1.50936899788454	-0.0467391596240955
1.51258538420907	-0.0520958388051361
1.51596868415915	-0.0577203394600389
1.51603262160529	-0.0578265299333557
1.51951729154982	-0.0636083741708282
1.52322735509033	-0.0697518605469016
1.52709670027739	-0.0761454378263898
1.528837069461	-0.0790165791363432
1.5311211094143	-0.0827803071217934
1.53530111458346	-0.089655460820137
1.53963215722064	-0.096761418218538
1.5416928582792	-0.100136065394999
1.54410931003716	-0.104088070912532
1.5487341537609	-0.111635938846831
1.55350147721857	-0.11939434395113
1.55460072869293	-0.121180082368361
1.55840798805277	-0.127355725589238
1.56345202917656	-0.135515147173003
1.56756221644939	-0.142144915229238
1.56862668624279	-0.143859113263184
1.57393594088436	-0.152391724288861
1.5793734768259	-0.161100379973332
1.58057984468375	-0.163028303527457
1.58493592101965	-0.169977230276457
1.59062202772872	-0.179017808680086
1.59365608877546	-0.183827738529346
1.59642446312559	-0.188207919829707
1.60234822561155	-0.197552961743382
1.60678995311734	-0.204535072018702
1.60838234957462	-0.207032982884281
1.61453325621441	-0.216655493012971
1.61998282144733	-0.225145875564315
1.62079066272523	-0.226401670700973
1.62715862169313	-0.236275172004776
1.63323721220032	-0.245657340137857
1.6336295388054	-0.246261443004394
1.64020486805927	-0.256359998356127
1.64655603888317	-0.266067053375103
1.64687874996152	-0.26655903093329
1.65365217662291	-0.276857276999947
1.65994234053844	-0.28637255858975
1.66051874452391	-0.287242157061298
1.66748141521288	-0.297715346661959
1.67339921557904	-0.306571244120164
1.67453146407015	-0.30826082788509
1.6816749579505	-0.318884866814002
1.68692975393816	-0.326660235056662
1.68890068579302	-0.329567835698819
1.69621702243721	-0.340319304217455
1.70053681554353	-0.346636064150195
1.70361186905646	-0.351118485191494
1.71109350651575	-0.361974641579297
1.71422253993683	-0.366493974048049
1.7186515868538	-0.372869720643412
1.72629140850136	-0.383808489978874
1.72798749080847	-0.38622674868541
1.73400665268659	-0.394778870039197
1.74179794357529	-0.405778824766167
1.74182933930658	-0.405822988959251
1.7496630440238	-0.416802200081139
1.75576439758238	-0.425297197233568
1.75759483390979	-0.427836082521046
1.76560179775709	-0.438889420518306
1.76979504828465	-0.444643628731748
1.77367313755992	-0.449944244312506
1.78181644906813	-0.461008099728213
1.78392134670794	-0.463853147248091
1.7900243661878	-0.472067903817627
1.79813950234578	-0.482911370984521
1.79829797700333	-0.48312221425194
1.80663591689911	-0.494166223631974
1.81247218663064	-0.501838712219662
1.81503122118023	-0.505187774028373
1.82349258620418	-0.516195461368113
1.82692043326487	-0.520625893414738
1.83201078674833	-0.527174225615859
1.84059090812612	-0.538127780084698
1.8414804518659	-0.539257313131302
1.84922879737169	-0.54904780846595
1.85616772601739	-0.557741508167195
1.85791942563012	-0.559925085716879
1.86666984292101	-0.570765638336893
1.87099513146012	-0.576082430759482
1.87547119817926	-0.581555516370535
1.88433002714558	-0.592299966111408
1.88596145569484	-0.59426588216149
1.89324109219605	-0.602989657229324
1.90107492698041	-0.612288666185329
1.902201918113	-0.613618825023724
1.91121671186472	-0.624189682190868
1.91636235243903	-0.630168171249997
1.92027778744305	-0.634690339585569
1.92939221028751	-0.645126303637541
1.93182675806538	-0.647892241028885
1.93855401390173	-0.655487835844364
1.9474672866144	-0.665443836642641
1.94776412319931	-0.665773275875267
1.95702235389262	-0.67597964909832
1.96333149639401	-0.68285822378678
1.96632322279852	-0.686098191049602
1.97567365434072	-0.696133845558867
1.97943068804596	-0.700127365219887
1.98506690322301	-0.706076571004624
1.99450683929777	-0.715927881459737
1.99577288956972	-0.717238312930923
2.00399062905638	-0.725682090202105
2.01239001760375	-0.734200885081268
2.01351564552829	-0.735333913551161
2.02308552898264	-0.744884500501525
2.02933552290183	-0.751042168920037
2.03269433948811	-0.754325303219005
2.04234790501982	-0.763659605249342
2.04664546791789	-0.767766316733795
2.05204039618075	-0.772879143944927
2.06177554147191	-0.781985050125709
2.06436256894469	-0.78437877112405
2.07155007527977	-0.790971715254806
2.08136485595408	-0.799837528526883
2.08254217008271	-0.800890349008598
2.09121917253204	-0.808579387043774
2.10111179417115	-0.817193827728715
2.10126344680521	-0.817324623579717
2.11104365910625	-0.825679292442262
2.1206624936379	-0.833741068200141
2.12101204559872	-0.834031133911807
2.13101879855323	-0.84224862860829
2.14090090758769	-0.850199658274307
2.14106211615408	-0.850328009920512
2.15114287578976	-0.858267751766582
2.16125969376343	-0.866064545997768
2.16226159825611	-0.866827328631184
2.17141374844943	-0.873717102646597
2.18160265853029	-0.881221486451897
2.18518906952376	-0.883821311756292
2.19182693877635	-0.888575964618011
2.20208681065228	-0.895778653713103
2.21036848594735	-0.901462789362126
2.21238020841742	-0.902826023261018
2.22270994498844	-0.909718038670114
2.23307356066124	-0.916451012048642
2.23971995523805	-0.920673143542031
2.24347079717566	-0.923022819344168
2.2539032182455	-0.929432599766868
2.26436869399335	-0.935677096340146
2.27486614434571	-0.941753820969915
2.28171731886126	-0.945618820329168
2.28539916156907	-0.947663018291623
2.29596563599676	-0.953401850802695
2.30656442976814	-0.95896784685529
2.31719449241766	-0.96435875239176
2.32785477004636	-0.96957238266605
2.33262588047496	-0.971843319952291
2.33856028277093	-0.974614340669367
2.34929059955149	-0.979473433138884
2.35774498455371	-0.983164726874979
2.3600534651781	-0.984151646657999
2.3708486143138	-0.988647340592931
2.37805752783924	-0.99154006052727
2.38167673002663	-0.992959309712726
2.39253621105327	-0.99708543883742
2.395634952481	-0.998226464992799
2.40342831484904	-1.00102482077227
2.411345094025	-1.00376317771785
2.41435329757462	-1.00477615153617
2.42530886329161	-1.00833727315837
2.42566934349363	-1.00845104020437
2.43629647972668	-1.01170742440071
2.4387949734817	-1.01244569315157
2.44731642075581	-1.01488542852593
2.45095736993933	-1.01589106726176
2.4583687736949	-1.01787006671918
2.4623051914374	-1.01888417889751
2.46945324926253	-1.02066005358764
2.47294038173491	-1.02149578492159
2.48056950773787	-1.02325415169257
2.48294379099358	-1.02378183368818
2.49171722441887	-1.02565119167614
2.49239003920065	-1.02578933562905
2.50132164150324	-1.02755279240133
2.50289837556403	-1.02785054183675
2.50976406733876	-1.02909968139291
2.51411241072139	-1.0298509935758
2.51774450826362	-1.03045496682904
2.52532358980595	-1.03164607711584
2.52535710960849	-1.03165113818866
2.5325092021445	-1.03268931226046
2.53663575301859	-1.03325060224875
2.53931136894871	-1.03359985320792
2.54577390507346	-1.0343957051985
2.54794704587706	-1.03464820963122
2.55189594206364	-1.03508761813682
2.55770271849164	-1.03568820845074
2.55929105132334	-1.03584307805321
2.56319912288977	-1.03620694788103
2.5684024979915	-1.03665347277589
2.57066811451938	-1.0368343927304
2.57331597702132	-1.03703548425922
2.57795740641436	-1.03736101846201
2.5820775934404	-1.0376212827432
2.58232902667673	-1.03763629605612
2.58644127385316	-1.03786760877957
2.59029907308801	-1.03806024630678
2.59352070719211	-1.03820308178872
2.59390671097823	-1.03821910058403
2.59727272852779	-1.03834882146729
2.60039998870772	-1.03845333313114
2.60329253614141	-1.03853629550341
2.60499791632391	-1.03857905084593
2.6059526046027	-1.03860099842641
2.60838605065217	-1.0386504712663
2.61059385760092	-1.03868732296985
2.61257799086467	-1.03871392796074
2.61433984338383	-1.03873238974912
2.61595388619291	-1.03874504426563
2.61650948470448	-1.0387484611132
2.61756456050888	-1.03875362579318
2.61917206168855	-1.03875815475158
2.62077631136799	-1.03875865680806
2.62237733829648	-1.03875515946753
2.62397517078783	-1.03874768987595
2.62556983672974	-1.0387362748276
2.62716136359288	-1.03872094077214
2.62805491286438	-1.03871060945301
2.62881673169278	-1.03870082552141
2.63065414618424	-1.03867352235751
2.63267255262265	-1.03863749560415
2.63487089952646	-1.03859107665453
2.63724785751807	-1.03853247116472
2.63963296927078	-1.03846488740307
2.6398014290721	-1.03845978368242
2.64253079015964	-1.03837099355723
2.64543351430871	-1.03826396393695
2.6485074743003	-1.03813648168106
2.65124413201185	-1.03801077351199
2.65174910863911	-1.03798632782718
2.65515870292716	-1.0378110407286
2.65873245020515	-1.03760820767214
2.66246774506887	-1.03737534306032
2.66288869534135	-1.03734777174605
2.66636207544779	-1.0371099788748
2.67041264142853	-1.03680948250586
2.67456663640382	-1.03647543761739
2.67461641717125	-1.03647127685438
2.67897117815294	-1.03609278871844
2.68347377159612	-1.03567132140444
2.68627967608017	-1.03539323496154
2.68811822878388	-1.03520462609826
2.69290792600225	-1.03468942986908
2.69783684569868	-1.03412336216699
2.69802610359001	-1.03410090666095
2.70290241519852	-1.03350391158819
2.70810140759167	-1.0328283981371
2.7098085455179	-1.0325978549287
2.71342939625432	-1.03209461741741
2.71888710307464	-1.03129943720487
2.72162630554802	-1.03088380560367
2.72446655471684	-1.03044123233046
2.73017185073669	-1.02951642218813
2.73347943086239	-1.02895847503675
2.73599275136272	-1.02852387988247
2.74193482463792	-1.02745979018186
2.74536840215375	-1.02682155886262
2.74798704913822	-1.02632338523918
2.75415543972238	-1.0251107369511
2.75729375882343	-1.02447276586628
2.76042920465073	-1.02382131925774
2.76681383997667	-1.02245124630955
2.76925582664563	-1.02191187001528
2.77330008686145	-1.02099999345097
2.77989131086761	-1.0194640714286
2.78125434847278	-1.01913881205144
2.78658133990871	-1.01784257668046
2.79328815108399	-1.01615382973628
2.79336952989493	-1.01613295485573
2.80025355416383	-1.0143336306962
2.80536176566706	-1.01295583769918
2.80722579883845	-1.01244411865854
2.81429411165049	-1.01046006807919
2.81747487553646	-1.00954483265021
2.82144767144726	-1.00838230169615
2.82869211997596	-1.00620683466536
2.82962542408299	-1.00592140069467
2.83602136830419	-1.00393358152149
2.84181566090334	-1.00208500858412
2.84342962689258	-1.00156211265689
2.8509240439706	-0.999088274899018
2.85404748180433	-0.99803515406829
2.85849464389735	-0.996513444675516
2.86614669296399	-0.99383374022462
2.86631631507544	-0.993773471588299
2.87387521914085	-0.991049366805667
2.87862995519713	-0.989297563841242
2.8816732557937	-0.988160971828529
2.88954945601542	-0.985163638618133
2.8909845980381	-0.984608908516045
2.89749639676002	-0.982058742247324
2.90338214691947	-0.979707086007446
2.90550938856946	-0.978846388581538
2.9135959797382	-0.975522155222524
2.91582396283527	-0.97459184549694
2.92174803636934	-0.972088050232868
2.92830846629292	-0.969264155308081
2.92996352065804	-0.968543380726364
2.93824796578477	-0.964884612069932
2.94084007985518	-0.963722547991851
2.94659357798695	-0.961114001204237
2.95341544670511	-0.957968858002848
2.95499944999815	-0.957230593492114
2.96347034105253	-0.953231244444889
2.96604011256486	-0.952001061276565
2.97199899908411	-0.949118380318488
2.9787108099108	-0.945821108249677
2.98058414248992	-0.944891438706163
2.98923110925883	-0.940547002343241
2.99143208200365	-0.939427358226598
2.99793317564496	-0.936087678087912
3.00420299845625	-0.932820773657575
3.00668782076842	-0.931513753514752
3.01550144601701	-0.926821202405666
3.01702445945435	-0.926001495675246
3.02436801922625	-0.922012731629205
3.02990073477591	-0.918967882022296
3.03328373154128	-0.917089577466783
3.04225547101086	-0.912047304384559
3.04282562860152	-0.911723924588211
3.05127817607063	-0.90688855292244
3.05581232526938	-0.904263058426604
3.06034757381351	-0.901615132253849
3.0688482781378	-0.896593032110138
3.0694681303006	-0.896223888297475
3.07863884388123	-0.890715391681792
3.08195004107398	-0.888705063852594
3.08785518080977	-0.885092019857021
3.09510829241728	-0.880605316356123
3.0971173685295	-0.879353187689443
3.10642926199901	-0.873496480770562
3.10832995884223	-0.872290448700385
3.11578606050273	-0.867524953002851
3.12161778694528	-0.863759509722897
3.12518520731432	-0.861439915833851
3.13463213987006	-0.85523774174069
3.13496328010146	-0.855018804196317
3.14412295016575	-0.848921427381773
3.14838719506445	-0.846055838306466
3.1536544457287	-0.842492978979306
3.16187411126859	-0.836881557661511
3.16322876687886	-0.83595088626357
3.17284732561681	-0.82929465064428
3.17544020821621	-0.827486112053649
3.18250634973594	-0.822527182832073
3.18908213155174	-0.817872621575712
3.19220459385409	-0.815649350206157
3.20194612967974	-0.808658599302856
3.20279722454462	-0.808044005271134
3.21172766303282	-0.801558054660975
3.2166041779572	-0.797988015824121
3.22154667192068	-0.794349698569205
3.23048571596913	-0.787718073903335
3.23140566629294	-0.787031951426939
3.24130460805281	-0.779605761816189
3.24446738718407	-0.777216616184533
3.25124076574698	-0.772073720408277
3.25853979015562	-0.76649152251097
3.261213810131	-0.764436354859089
3.2712263561606	-0.756692433495774
3.27270871255265	-0.755539595871905
3.2812758502649	-0.74884496893675
3.28698867467462	-0.744350758298081
3.29136062391518	-0.74089564275309
3.30136054324057	-0.732941041870252
3.30148332615732	-0.732842941331896
3.31164232887059	-0.724689591928855
3.31586626167491	-0.721278657927061
3.32183611195025	-0.71643743841486
3.33048276628529	-0.709382907447057
3.33206541054422	-0.708086441648084
3.34233090638968	-0.69963738609863
3.34523811231673	-0.697232373900744
3.3526309130077	-0.691092758026192
3.36012878732922	-0.684830930778369
3.36296508375567	-0.682453410251863
3.37333461586097	-0.673719565997302
3.37516543115161	-0.672170984266027
3.38373828746439	-0.664893767056561
3.39036648655188	-0.659238211187842
3.39417540099522	-0.655977240784514
3.40464685747464	-0.646970340256083
3.40572630751651	-0.646038524345508
3.41515201297234	-0.637875465163313
3.42128460098164	-0.632539178109084
3.42569021727402	-0.628693911184494
3.43626181732736	-0.619426461118396
3.43702521119404	-0.618755145166135
3.44686667817265	-0.610075325703972
3.45300358968874	-0.60463931206363
3.45750438609478	-0.600641672170634
3.46817466874756	-0.591126913292455
3.4692054461281	-0.590205137108067
3.47887781336327	-0.581533032089272
3.48568955174292	-0.57540162844893
3.4896137864962	-0.571860848900968
3.5003815992149	-0.562112720203348
3.50246456129298	-0.560221815499552
3.5111820035175	-0.552290180799641
3.51957174074114	-0.544629489419302
3.52201518650021	-0.542393751276894
3.53287966858356	-0.532426864984613
3.53707424631282	-0.528568030033329
3.5437769551657	-0.522389965022732
3.55470535297081	-0.51228531303732
3.55497887240049	-0.512031957343081
3.56566626895603	-0.502114612989077
3.57342795790519	-0.494891026691669
3.57666029160239	-0.491878077967339
3.5876846485287	-0.481580326241352
3.59250835690256	-0.47706468956613
3.59874231032817	-0.471220680953739
3.60983035523144	-0.460802797826696
3.61233773978368	-0.458443245329353
3.62095127337511	-0.450327444565291
3.63210302106734	-0.439796812641018
3.63309858610732	-0.438855624084207
3.64328773516629	-0.429212571787979
3.65450334591951	-0.418576680617684
3.65511698730515	-0.417994247905905
3.66575235493017	-0.407890763989998
3.67703214591668	-0.397157206949838
3.67900039601294	-0.395282824703429
3.68834592725434	-0.386377120543513
3.69969037705759	-0.375553612140457
3.70590376394305	-0.369620750778781
3.71107073442345	-0.364685290102492
3.72248042919859	-0.353779764190765
3.73392173616124	-0.34283605519224
3.73914831138074	-0.33783539324293
3.74540088045046	-0.331852732555298
3.75690903021415	-0.320838788608382
3.76844914090361	-0.309792794041745
3.78002022408091	-0.298717900767458
3.79162127665707	-0.287617298360088
3.80325128079017	-0.276494212204007
3.81490920378658	-0.265351901585027
3.82659399800571	-0.254193657727014
3.830827271808	-0.25015590647066
3.83842826895889	-0.242912506845031
3.85020796827633	-0.231699037400094
3.85254928002876	-0.229472456890547
3.86202469385132	-0.220469004771753
3.87102605534264	-0.211927455068057
3.87388127606513	-0.20922089506683
3.8857675940585	-0.197967202362606
3.88738194854429	-0.196440697333679
3.89769091066857	-0.186703831265202
3.9021174659023	-0.182529048123331
3.90965422313994	-0.175430096604824
3.91562796662221	-0.169811559743772
3.92165668564548	-0.164149280857694
3.92813272291905	-0.158075741001944
3.9336973302909	-0.152864878382748
3.93977542157739	-0.147181484563749
3.94577567511931	-0.141579932614069
3.95066378096132	-0.137023298368261
3.95789096068773	-0.130297735442709
3.96088825893862	-0.127512557724125
3.97004225247199	-0.119021713537851
3.97054100882727	-0.118559772752939
3.9796589464868	-0.110127403750216
3.98223855064244	-0.107746232234328
3.98826738742639	-0.102188875422892
3.99447442385828	-0.0964789788892303
3.99640612184178	-0.0947044565737011
4.00413467967652	-0.0876166391877338
4.00675285490539	-0.0852199481974391
4.01145248837916	-0.0809235131900598
4.01839976585142	-0.0745858858608071
4.01907166454675	-0.0739738286541015
4.02498776748263	-0.0685913309867453
4.03123486796842	-0.0629210598913569
4.03143271624699	-0.0627417089072697
4.03715663771038	-0.0575590119559256
4.04276586621778	-0.0524917964284841
4.04383947189748	-0.0515232682570347
4.04807395146385	-0.047707419664199
4.05309400814598	-0.0431924662517847
4.05629154837485	-0.0403217042499361
4.05782928601039	-0.0389425269814168
4.06229881373062	-0.0349391113094581
4.06650469695436	-0.0311790523711373
4.06878962428473	-0.0291392929524771
4.07045081948928	-0.0276576556736668
4.07414969814913	-0.0243626032050665
4.07760333593693	-0.0212910628805974
4.08081652259895	-0.0184377886150916
4.08133445866206	-0.0179782691540647
4.08379391672975	-0.0157977296367085
4.08653881544105	-0.0133671175306312
4.08905451282677	-0.0111422587664435
4.09134369067879	-0.00912007042352511
4.09350583606473	-0.00721215735351541
4.09392841638779	-0.00683950041298004
4.09566238653774	-0.0053111843977355
4.09781268601906	-0.0034177242341269
4.09995709124544	-0.00153145704362736
4.10209566638296	0.000347679143086431
4.10422847438445	0.00221974512369601
4.10635557702207	0.00408480055564568
4.10657044662281	0.00427308760565517
4.10847779205626	0.00594356749107041
4.11059395959612	0.00779503491229239
4.11270467310126	0.00963972793094525
4.11480998842097	0.0114777005519826
4.11705977305902	0.0134395752712614
4.11926074950647	0.0153566544787636
4.11948721019344	0.0155537788344289
4.12209184920075	0.0178193145345858
4.1248712497133	0.0202334073606481
4.12782338475165	0.0227936032330563
4.13094606050945	0.0254972638100549
4.13199920808955	0.0264080597551197
4.13423663993172	0.0283413290369455
4.13769371410934	0.031323766447305
4.14131416610335	0.0344410274216861
4.14478576541453	0.0374241931306816
4.14509429592546	0.0376890323763459
4.14903381049208	0.0410666026934992
4.1531287430197	0.0445693642270864
4.15737622627823	0.048193862226544
4.15762270165519	0.0484039105643519
4.1617741524436	0.0519372617856476
4.1663187121216	0.0557952522731364
4.17051185683245	0.0593456184704144
4.17100547096163	0.059762973630753
4.17583554667157	0.063840253724161
4.18080401032093	0.0680217629505071
4.18345657190298	0.0702489068156983
4.18590489523146	0.0723012991485207
4.19114174268558	0.0766806416992069
4.19645304978722	0.0811073353110578
4.19650811412095	0.0811531490859619
4.20200210289468	0.0857159751750114
4.2076203942755	0.0903650825754684
4.20950986964946	0.0919247225997505
4.21335841524469	0.0950953861475009
4.21921738175019	0.0999065789587871
4.22262542368034	0.102696314098443
4.22518838390934	0.104789991156535
4.23127737549528	0.10974916122237
4.23579992498736	0.11341884270456
4.23747286994537	0.114773326647024
4.24378165562924	0.119866631859063
4.2490353221184	0.124090407300626
4.25019255398145	0.125018608122223
4.25671132465181	0.130232491132136
4.26233428396949	0.134709592551732
4.2633277793334	0.135498663988216
4.27004714524294	0.140819867434704
4.27569974250927	0.145275077621691
4.27685929334224	0.146186590845918
4.2837702892713	0.151602175792917
4.2891347131303	0.155785484064105
4.2907690111602	0.15705639389575
4.29786310546353	0.162553757080765
4.30264217168593	0.16623927589149
4.30504041978929	0.168083309385514
4.31230952038499	0.173650194371249
4.31622482042091	0.176634580080607
4.31965852360237	0.179243750366644
4.32709497589502	0.184868250549065
4.32988461459865	0.18696883789487
4.33460937168465	0.19051493347415
4.34220594627986	0.196185487836579
4.34362194419571	0.19723822458908
4.34987925969079	0.201874285216434
4.3574363570138	0.207438241601449
4.35762831597232	0.207579068272175
4.36545258515736	0.213297908038134
4.37134250328728	0.217575280882879
4.37334449474899	0.21902373576105
4.38131257182368	0.224761255227465
4.38534256900042	0.227646284968362
4.38934596025628	0.230501055732415
4.39745195095796	0.23624686010215
4.3994364217892	0.237646437981688
4.40562344753724	0.241992042291737
4.41362126763488	0.24756901683187
4.41386090967219	0.24773541288418
4.42216370500128	0.253474985732304
4.42791845236603	0.257423837731978
4.4305245064453	0.259204166390195
4.43895206426783	0.264927483989115
4.44232904560033	0.267206197715826
4.44743712555608	0.270637063783067
4.45598469615285	0.276334795575325
4.4568492277035	0.276908047849529
4.46459064773703	0.282016359881578
4.47149436002382	0.286533888593736
4.47324986271977	0.287676885625923
4.48196946834444	0.293319576208361
4.48627675661749	0.296085560901915
4.4907405275915	0.29893709440678
4.4995696137813	0.304532209838295
4.50119508968361	0.305555736447253
4.50845143699816	0.310100019675736
4.51625725740261	0.314942713296455
4.51738349012042	0.315637496248402
4.52637001783599	0.321145824280069
4.53148929382329	0.324255307660716
4.53540325443707	0.326618744995119
4.54449031783541	0.332059173480252
4.54689375135923	0.333487122073595
4.55362520166674	0.337461998714654
4.56246992466349	0.342629598366785
4.56280868750079	0.342826272228255
4.57204081007874	0.348150572799729
4.5782634960337	0.351700396617722
4.58131591236887	0.353430217762429
4.5906410013082	0.358667845512783
4.59428464640421	0.36069506957215
4.60000933407256	0.363858206609022
4.60942464203673	0.369002020019123
4.61053952818767	0.369606267553136
4.6188842319305	0.374096391186603
4.62706253366707	0.378440983881717
4.62838501817636	0.379138310665311
4.63793126173626	0.384128719976126
4.64390133970289	0.387210942004523
4.64751672859622	0.389062987023626
4.6571472515025	0.39394283903583
4.66108853140842	0.395917383417469
4.66681719495637	0.398764048104711
4.67652985187869	0.403526990964766
4.67866123894157	0.404561480514482
4.68628247459877	0.408228988743899
4.69607527905187	0.41286888692045
4.69666670276575	0.413146484118884
4.70590813400749	0.41744534209923
4.71519628041829	0.421692190702365
4.71577846764943	0.421955917546662
4.72568849360085	0.42640041052583
4.73436902849083	0.430223960050193
4.73563493724828	0.430776123332003
4.74562087195115	0.435083231244932
4.7543266406506	0.438767703900324
4.75564252259519	0.439318892505893
4.76570285809349	0.443483215110565
4.77527153151011	0.447362309552361
4.77579886362773	0.447573767056674
4.78593221333578	0.451590098126618
4.79610112004456	0.455530362021447
4.79759912943002	0.456103165796551
4.80630675925797	0.459393896310172
4.81654694788752	0.46317878896583
4.82194963647571	0.46513860190135
4.82682137453717	0.466883852761055
4.83713177123742	0.470508685262249
4.84747594766288	0.474051445633458
4.849573141246	0.474758223236046
4.85785672933427	0.477512063926658
4.86827006738125	0.480888188113366
4.87871619882505	0.484178917624148
4.88498883541863	0.486108666543415
4.88919696925218	0.487383856279372
4.89971165668886	0.49050187286337
4.9102588854416	0.493531590181656
4.92083759314828	0.4964717904483
4.93144671450854	0.499321291722029
4.94208518139576	0.502078948379787
4.95275192296912	0.504743651575548
4.96065827666856	0.506653958727236
4.96347010299467	0.507320270376186
4.9742149029978	0.509802441164134
4.9841050281897	0.511997583766408
4.98499187363635	0.512190230798778
4.99580132905895	0.514482923596796
5.00351412881011	0.51605627771833
5.00664378138702	0.516679862330212
5.0175174970878	0.518779933739521
5.02048941915024	0.519335958835453
5.02842378082793	0.520782682239166
5.03574369263096	0.522068773967791
5.03936304895549	0.522687466927868
5.04971521991767	0.524394267452476
5.05033337234959	0.524493244831597
5.06133505699798	0.526199423918234
5.06257198178811	0.526384706630418
5.07236879253272	0.52780548025975
5.07449671270479	0.528103143961333
5.08343470295322	0.529310803328572
5.08563470590452	0.529597529789693
5.09453257905156	0.530714753173205
5.09608856523023	0.530903157553053
5.105662169864	0.532016712907526
5.10594373371473	0.532048278439458
5.11524210562078	0.533052657122932
5.11682540852802	0.53321634091008
5.12402182765809	0.533933440339869
5.12802156195872	0.534312969789551
5.13231548192839	0.534705330432813
5.13924869498554	0.535305869681028
5.14017586127077	0.535383104200711
5.14763663447631	0.535978166054033
5.15050932380908	0.536194778746962
5.15470175570349	0.536498459874735
5.16141075203266	0.536953678935393
5.1618015219761	0.536979032498999
5.16777260162692	0.537350533169706
5.17312654841652	0.537658268043175
5.1737984059365	0.537695200209946
5.17951327224465	0.537994125959908
5.18448432782046	0.538232024573213
5.18492089709534	0.538251939687257
5.19003909715828	0.538473616223601
5.19487436188107	0.538663085030063
5.19587570594825	0.538699909843621
5.19943460020728	0.538824091541032
5.20372991592698	0.538960042103169
5.20730016205477	0.539061473902678
5.2077641147665	0.539073888001995
5.21154800964635	0.539168528079857
5.21508491609373	0.539246359424607
5.21837984028543	0.53930963939725
5.21875826920546	0.539316340285989
5.22143735645968	0.539360432125558
5.22426128707871	0.539400557640374
5.22685499373882	0.539431677937537
5.22922133712827	0.53945528725567
5.23025063195996	0.539464136363438
5.2314756448605	0.539473547734723
5.23372404377682	0.539487646378641
5.23596594432277	0.539497615342999
5.23820142823587	0.539503494738096
5.24043057549629	0.539505323928883
5.24177667097058	0.539504482339491
5.24265269060574	0.53950314998535
5.24486952423853	0.539497006436753
5.24708029102024	0.539486925840665
5.24928506350203	0.539472944582191
5.25148391275238	0.539455098407834
5.25333619905285	0.539437045263883
5.25367631080192	0.539433431943289
5.25594529676953	0.539406946887196
5.25839232584801	0.539373748347383
5.26101574457696	0.539332820255674
5.26381369629814	0.539283091699878
5.26492915335667	0.539261523795872
5.26678346129946	0.539223474490354
5.26992437574792	0.539152759077662
5.27323336100638	0.539069748527861
5.27655485255168	0.538977657460823
5.27670743847026	0.538973217376554
5.28034527826808	0.538861886360613
5.28414366851057	0.538734441076576
5.28809989359777	0.538589559000162
5.28821404486618	0.538585196112238
5.29221155857465	0.538425929321379
5.29647540997885	0.538242174695614
5.29990766226801	0.538083881882152
5.30088610010861	0.538037073043127
5.30544620803076	0.53780902386977
5.31015015416483	0.537556744368171
5.31163591442914	0.537473484359412
5.3149937179933	0.537279003814206
5.31997685228332	0.536974232592183
5.3233987401481	0.536753808737391
5.32509155122567	0.536641433242969
5.3303424006584	0.536278786273301
5.33519549332041	0.535924729223639
5.33572070456057	0.53588533424261
5.34122804545549	0.535459508102333
5.34685942503966	0.535000102122658
5.34702712450773	0.534986052731786
5.35261239435775	0.53450591816578
5.3584838784753	0.533975644750146
5.35889471100834	0.533937570074668
5.36447147970685	0.533408142570398
5.37057248480087	0.532802118389598
5.37079790813805	0.532779194846382
5.37678456512166	0.532156495226044
5.38273734593965	0.531510783874194
5.38310323907452	0.531470240427355
5.38952957280025	0.530741966898428
5.39471444378663	0.53013211465745
5.39605511716452	0.529971218383108
5.40268616623145	0.529155981277333
5.40672972937646	0.528643052066239
5.40941122771094	0.528296354353333
5.41623782330713	0.527390087426911
5.4187831004768	0.527043554901321
5.4231560006283	0.52643730465094
5.43016943799482	0.525436183306282
5.43087294268522	0.525333824911346
5.43727302546066	0.524386385499479
5.44300177310648	0.523513550196502
5.44446058827034	0.523287587520052
5.45173899169558	0.522137691749341
5.45517129829334	0.521582489822248
5.4590977292469	0.52093726857506
5.46654307521927	0.519684154724197
5.46737871481778	0.519541112944543
5.47406893098498	0.518378464252692
5.47962738885224	0.517388960441591
5.48166904361883	0.517020209563043
5.48935151257953	0.515607031351381
5.49191801246772	0.515125974898873
5.49710709691386	0.51413973606901
5.50424719271608	0.512752880454233
5.50493671704832	0.512617147938863
5.51284143416868	0.51103832349686
5.51662212344823	0.510268468391801
5.52081304814805	0.50940404666411
5.52885825012396	0.507712053134234
5.52903563731229	0.507674270697909
5.5369717280351	0.505962848212097
5.54149755346832	0.504968472626509
5.54514721205809	0.504156992988596
5.5533927182521	0.502291966963471
5.55400050991882	0.502152777609919
5.56170231216962	0.500368583438382
5.56655269988352	0.499225600278153
5.57007019211407	0.49838747930487
5.57850436783982	0.496346117952024
5.57914745194052	0.496188658097079
5.58699898229938	0.494245488320124
5.59179378615707	0.493040074961244
5.59554861970993	0.492086316720934
5.60416088853684	0.489866119910669
5.60448302064054	0.489782209042929
5.61283044533567	0.487585965100999
5.6172277286748	0.486412191158749
5.62155221793555	0.485246673156042
5.63001624449966	0.482933310366388
5.63033198402211	0.482846204469757
5.63916699286011	0.480385102960313
5.64286361606686	0.479341886902006
5.64805226423037	0.477864362707156
5.65575915246355	0.475641124501605
5.6569899012197	0.475282978065061
5.66598196463354	0.472640190395519
5.66871359722172	0.471828361456091
5.67502286773299	0.469937401925128
5.6817223151246	0.467905249812514
5.68411145033172	0.467174623533602
5.69325291946666	0.464350122537799
5.69478798211631	0.463871394416654
5.70244206344718	0.461465446425958
5.70791604881327	0.459725506460743
5.71167560078209	0.45852136980219
5.72095955030237	0.455515800778752
5.72109617472575	0.455471237137863
5.73028972993397	0.452450217497854
5.73434913332843	0.451102427772621
5.73966265830599	0.449325620136983
5.74766035807361	0.446624172848299
5.74908037761267	0.446141200485026
5.75854476079499	0.442896456576297
5.76104349335322	0.442032434310578
5.76805154654911	0.439592914824977
5.77449589442833	0.437328509872341
5.77759922887556	0.436231014378314
5.78719243260406	0.43280920534903
5.7880145920224	0.432513943320358
5.79682743363845	0.429329107437053
5.80161641380282	0.427583302944038
5.80650137693874	0.425791753093213
5.81528547496948	0.422542755303509
5.81621706573642	0.42219617386846
5.82597454662552	0.418542725800775
5.82904421133872	0.417384683474729
5.83577066469163	0.414832789072627
5.84288425148616	0.4121126316103
5.84560493345909	0.411066621826288
5.85548054036033	0.407243304914555
5.85680914346834	0.406725846423459
5.86539449318312	0.403364448579451
5.87083320458473	0.401219368938889
5.87534474971572	0.399430986219864
5.88493870826044	0.39560066344346
5.885334183933	0.395442003279736
5.89536150779495	0.391398631450042
5.89915995002338	0.389856814073329
5.90542467475022	0.387301987823346
5.91347971453542	0.383995176058452
5.91552410546536	0.383152119900176
5.92566132542705	0.3789489537539
5.92791528807813	0.378009363440318
5.93583415540359	0.37469394446659
5.94247154281336	0.371897901553802
5.94604164241525	0.370387732964969
5.95628586760547	0.366029902402254
5.95714289101639	0.365663742464128
5.96656528165004	0.361621893646534
5.97196150964475	0.359293923525332
5.9768785436376	0.357164597153995
5.98690171153119	0.352799982292442
5.98722709960517	0.352657774570242
5.99761024019112	0.348102650121574
6.00201519143161	0.346160265535238
6.00802697317066	0.34350011156427
6.01727577318447	0.339386683114278
6.01847775223955	0.338850330198422
6.02896258297383	0.334154218726924
6.03272867484804	0.332459932421376
6.0394807022207	0.329412744774489
6.04835927789828	0.325387033051211
6.05003217976337	0.324626247088074
6.06061695546869	0.319795699246126
6.06421172284613	0.318148732552142
6.07123472665129	0.314921978159931
6.08027734111871	0.310749475485795
6.0818854382464	0.310005486634209
6.09256872873431	0.305047433274623
6.09661113774239	0.303164626813067
6.10328483315775	0.30004847185239
6.113199276747	0.295401063612068
6.11403334521068	0.295009181939678
6.12481402088671	0.289930917915154
6.13012702262616	0.287419601518037
6.13562761065672	0.284813969214202
6.14647259874043	0.279659580105864
6.14738538607849	0.279224795196244
6.1573500816217	0.274468615680802
6.16506516280485	0.270774173050175
6.16826053267242	0.26924123644648
6.1792017417765	0.263979509711542
6.18322602810827	0.262039488497952
6.19017582526797	0.258683508482952
6.20118075447702	0.253354558102909
6.20191040190134	0.253000668351802
6.2122182111692	0.24799349104084
6.22127589688346	0.243581951222897
6.22328864035275	0.242600365911809
6.2343894705427	0.237177822372671
6.24149762970648	0.233698226394844
6.24552438769555	0.23172482267491
6.25668904310311	0.226244445781307
6.26281518380995	0.223232240472834
6.26788802667634	0.220735599106075
6.27911667463334	0.215201306275033
6.28562046136471	0.211991253172095
6.29038015656483	0.209640316144434
6.30167310209342	0.204056091384585
6.31060427600593	0.199634126935021
6.31300080369112	0.198446998004533
6.32435845459288	0.192816921913505
6.33574779397395	0.187165231194278
6.33958007752668	0.185262690405743
6.34717327252787	0.181492033725596
6.35862851838776	0.175800561495134
6.37011533213552	0.170090828458553
6.37955731687871	0.165396620443566
6.38163825464617	0.164362284860147
6.39319292281669	0.158619059215663
6.40478023168564	0.152860453213043
6.41639920569569	0.147088115333214
6.42804885398273	0.141303713383394
6.43540852785164	0.137652142596314
6.43974673000858	0.135501319169169
6.45147077877907	0.129692673693687
6.46031424353305	0.125315740754405
6.46323463074941	0.123871509450343
6.47502832980474	0.118044306439077
6.48048779095854	0.11535001512287
6.48686214634869	0.11220717303336
6.4980663287218	0.106690420652907
6.49872888263091	0.106364544546904
6.51062942511503	0.100517704588346
6.51370063560711	0.0990109351910668
6.52256862205588	0.0946654417791839
6.52790505575906	0.0920542909506402
6.53454771833485	0.0888083358428346
6.54098818009807	0.0856657674477455
6.54656543368834	0.082948338579923
6.55312977032965	0.0797546321165724
6.55862111670789	0.0770871141930665
6.56445577934184	0.0742569613938564
6.57071429855932	0.0712262357268797
6.57506454571243	0.0691226805741976
6.58284404365978	0.0653674945886346
6.58504384507281	0.0643072019595743
6.59447961853955	0.0597671916900447
6.5950120544619	0.0595114104945212
6.60338916289043	0.0554926831797405
6.60722506212008	0.0536561647819967
6.61179923642192	0.0514692093601843
6.61947460114973	0.0478071888708661
6.61977437036677	0.0476643637909797
6.62733614377354	0.0440665168166398
6.6317693128146	0.0419618008217814
6.63449144554722	0.0406711126941409
6.64129079455184	0.0374529501142394
6.64410691152958	0.0361225088889481
6.64773094788543	0.0344124869773953
6.65384450078079	0.0315332731379849
6.65648791997196	0.030290514260938
6.65963181315651	0.0288141819015535
6.66511862964395	0.0262421888314801
6.66891235820733	0.0244672742233135
6.67030376116793	0.0238170080408909
6.67521012244501	0.0215271061601555
6.67984019392327	0.0193705884125342
6.6813824131351	0.0186532483380652
6.68420027638733	0.0173438140689951
6.68830191779812	0.0154407515134109
6.69214928439007	0.013658856531934
6.69389903203373	0.0128494995709758
6.69574632107308	0.0119957263522769
6.69910247422231	0.0104464549244828
6.70222001183668	0.00900950273294878
6.70525729050115	0.00761157035255747
6.70646315949442	0.00705711848830649
6.70828145654383	0.00622167704300569
6.71129451712647	0.00483889054074513
6.7142957000983	0.00346355899834148
6.71728519082959	0.00209558948995211
6.71907447073237	0.00127779200966979
6.72026182464995	0.000735506624015118
6.72322885571385	-0.000618186582451129
6.72618486586736	-0.00196484782491212
6.72913001727635	-0.0033045584926393
6.73173321874582	-0.00448704329827474
6.73206360170508	-0.00463700414278009
6.73498784001595	-0.00596320239268312
6.73790182117016	-0.00728274530502226
6.74080568776831	-0.00859570454305094
6.74369957897484	-0.00990215004330525
6.74444151242452	-0.0102367711560843
6.74658377747431	-0.0112022163138043
6.7496264298198	-0.0125715247601519
6.75283847574743	-0.0140146187082494
6.75621751289396	-0.0155300040770911
6.75719909903126	-0.01596968329538
6.75976084109795	-0.0171160346522567
6.76346670689335	-0.0187714714445978
6.76733194244115	-0.0204944229501948
6.77000652470805	-0.0216844175296933
6.77135139666949	-0.0222821004078626
6.77552738232251	-0.0241350262023665
6.77985450183548	-0.0260502688644065
6.78286518277885	-0.0273799642980509
6.78432695015192	-0.0280247138787801
6.78894797546408	-0.0300592399387078
6.79371158335682	-0.0321506197962928
6.79577715520049	-0.0330555870406565
6.79861273707501	-0.0342960494646673
6.80365315233535	-0.0364956784188424
6.80874030692792	-0.0387086815845933
6.80882710799742	-0.0387463798071303
6.81413294448067	-0.0410467976310387
6.81956716996752	-0.0433947678774053
6.82176262907172	-0.044341010014454
6.82512457579042	-0.0457873813855422
6.83080746741251	-0.0482249679108818
6.83484164881925	-0.0499497522539245
6.8366061669962	-0.0507026865925859
6.84252683569626	-0.0532224925518748
6.84797727567982	-0.055533116101116
6.84855987401626	-0.0557795812183656
6.85470785292068	-0.058374339589574
6.86096552509953	-0.0610038215352197
6.86117298080582	-0.0610907927069523
6.86733101724719	-0.0636665104463275
6.87380104057283	-0.0663602944528169
6.87443307995038	-0.0666227534100087
6.88037373527652	-0.0690836560310598
6.88704658825429	-0.0718348052561342
6.88775837053072	-0.0721274420961353
6.89381744221501	-0.0746120952851427
6.9006840423054	-0.077413841165907
6.90114979872162	-0.0776033357154605
6.90764450381496	-0.0802385048575013
6.91460861940924	-0.0830490043923015
6.9146957961313	-0.0830840860625175
6.92183712485023	-0.085949489902012
6.92814151988298	-0.0884651372535716
6.92906237629992	-0.088831484896168
6.93637666911402	-0.091731345815223
6.94175162988197	-0.0938508970807806
6.94376939855787	-0.0946440673074234
6.95124908957499	-0.0975722449002809
6.95544176230123	-0.0992052521116858
6.95880389911998	-0.100510424438492
6.96644185666718	-0.103460961143229
6.96921358412458	-0.104526660814513
6.97415355873799	-0.106419398535964
6.9819430637797	-0.109386513725482
6.98306643398629	-0.109812647077437
6.98980561928479	-0.112359678514574
6.99700410621866	-0.115062384156386
6.9977377364489	-0.115336783188456
7.00574300265811	-0.118318386729654
7.0110391729142	-0.120278186913094
7.01381201356535	-0.121300176346231
7.02195370917517	-0.124284688173233
7.02517317553162	-0.125458103561807
7.03015841193002	-0.127267543325876
7.03843108699989	-0.130249770714674
7.03940333843142	-0.130598573978929
7.04676723273914	-0.133228926445679
7.05373986574852	-0.135700631921039
7.05516200816734	-0.136202495558472
7.06362189910688	-0.139172004955218
7.06819493589289	-0.140765760295703
7.07213740243188	-0.142133304378713
7.0807161206283	-0.145088278734236
7.08276797563291	-0.14579080511213
7.08935140596533	-0.148033817460271
7.09745842038172	-0.150772576917874
7.09804279579726	-0.150968993118606
7.10679186213222	-0.153893556819414
7.11229291801298	-0.15571683708237
7.11559113956051	-0.156804228297946
7.12444868662117	-0.159702931448142
7.12727259368384	-0.160620441439487
7.13335713425436	-0.162586447900188
7.14231941814336	-0.165454977793778
7.14239039354009	-0.165477564068654
7.15133327045707	-0.168307012178723
7.15768576964805	-0.170296979448045
7.16039290093302	-0.171139969000972
7.16950615106656	-0.173955579293939
7.17316421330041	-0.175076083554277
7.17866550051723	-0.176750736471407
7.18787525725346	-0.17952603249453
7.18882524351023	-0.179810281849712
7.19713230357831	-0.182279762075735
7.2046980631177	-0.184503573748256
7.20643264438917	-0.185010012030706
7.21578198398607	-0.187717751348364
7.2208115913203	-0.189159033478124
7.22517318567753	-0.190400165887414
7.23461208481685	-0.193058232368927
7.23717935363343	-0.193774576514732
7.24409378380695	-0.195689828633989
7.25361972632589	-0.198294662338546
7.25380877648864	-0.198345959561749
7.26318894861668	-0.200871755342448
7.27076859940628	-0.202884767429364
7.27279705816498	-0.203419238634286
7.28244964131239	-0.205937932683009
7.28809947564942	-0.207393220838707
7.29214043750465	-0.208425501346037
7.30187464507171	-0.210882631901321
7.30584896578527	-0.211873811103477
7.31164720755827	-0.213307354813161
7.32146109094825	-0.215699765820864
7.32407703779433	-0.216330251050942
7.33131356517234	-0.218058527847525
7.34120532727834	-0.220383174568424
7.3428669306582	-0.220769373905991
7.35113560776115	-0.222672877160308
7.36110359717347	-0.224926826120655
7.36234092644297	-0.225203493676861
7.37110970115044	-0.227144486498454
7.38115240820954	-0.229324914269074
7.38268312113704	-0.229653256180671
7.39123250842118	-0.231467673116433
7.4013485600251	-0.233571864509451
7.40417234279966	-0.234150943661446
7.41150076839129	-0.235636940426611
7.42168891580304	-0.237662285936421
7.42723311810916	-0.238744605242293
7.43191140357741	-0.239647006363029
7.44217049206168	-0.24159099512754
7.45246376016784	-0.243493222592107
7.45255142745436	-0.243509215963817
7.46279461202304	-0.245353764324644
7.47315757469037	-0.24717109443016
7.48223040720714	-0.248721848288759
7.48355348557155	-0.248944846764014
7.49398512296391	-0.2506749954521
7.50445002259158	-0.252360605555299
7.51494710648777	-0.25400100492011
7.52547529440268	-0.255595539809342
7.52600047097514	-0.255673748854795
7.5360539740186	-0.257146626017971
7.54665239468263	-0.258649228679504
7.55728244393581	-0.260104662631409
7.56794307188396	-0.261512337000335
7.57300559616443	-0.262162599023008
7.57864504114882	-0.262873211186028
7.58937460164571	-0.264185117736383
7.59812753999009	-0.265216437769713
7.60013662508205	-0.265448231412687
7.61093101452336	-0.266662129360632
7.6184391217542	-0.267475198279648
7.62175834980096	-0.267826474366831
7.63261707787565	-0.268940700417563
7.6360086633329	-0.269277754429518
7.64350847453409	-0.270004564598034
7.65172018627017	-0.270771174649245
7.65443265738026	-0.271017700771219
7.66538747227023	-0.271979540494736
7.66603335583159	-0.272034561023676
7.67637434155191	-0.272889874069816
7.67915335055974	-0.273111533888555
7.68739362335689	-0.273748390423053
7.69131391300621	-0.274040690715924
7.69844533768829	-0.274554754143831
7.70266099323944	-0.274847949766973
7.70952918400357	-0.275308617088207
7.71329524292126	-0.275552297015069
7.72064482305144	-0.276009645054465
7.72329648910935	-0.27616876519834
7.73179191170796	-0.276657521063737
7.73273799343588	-0.276709974350103
7.74166908457102	-0.2771856072908
7.74297210265091	-0.277252056833031
7.75011225336225	-0.277602887131795
7.75418542097722	-0.277792960079735
7.75809314405518	-0.277968466452506
7.76542947462767	-0.278279838807352
7.76566847934534	-0.278289586918424
7.7728537000556	-0.278570967122461
7.7767073857817	-0.278712584871797
7.77965603136074	-0.27881657759133
7.78611825460781	-0.27903123313397
7.78801785545974	-0.279090881724668
7.79224094270798	-0.279217882960434
7.79804738208788	-0.279379868176289
7.79936098599298	-0.279414493619339
7.80354424990746	-0.279519796900113
7.80874727066559	-0.279640225283586
7.81073725609185	-0.279683204763241
7.81366105140198	-0.279743267854818
7.81830211393615	-0.279831061735036
7.82214611450097	-0.279896780575466
7.82267220729953	-0.279905284351662
7.82678418108043	-0.279967669335068
7.8306417103533	-0.280019623074417
7.83358855510627	-0.280055034969216
7.83424843012773	-0.280062459539886
7.83761423766074	-0.280097445420702
7.84079263808338	-0.280126060071295
7.84395736879406	-0.280150289141545
7.84506481974134	-0.280157766626839
7.84710783337188	-0.280170200469317
7.85024618619062	-0.280185858668795
7.85337168495502	-0.280197314359741
7.85648455768316	-0.280204625094765
7.85657401655401	-0.280204775096624
7.85958538485337	-0.280207858557277
7.86267388811951	-0.28020705690925
7.86575048491425	-0.280202273414096
7.86811698172203	-0.280195893294783
7.86881386554132	-0.280193569168748
7.87186741568036	-0.280180988155806
7.87490971725741	-0.280164575424994
7.87794095122088	-0.280144378643931
7.87969377916235	-0.280130953750888
7.88095989777992	-0.280120463546431
7.88396970505352	-0.280092848748904
7.88696903221149	-0.280061585074984
7.8901101724532	-0.280024841504397
7.89130441105117	-0.280009801854685
7.8934185190364	-0.27998173440491
7.89689343946004	-0.279931585894215
7.90053148946111	-0.279873742797651
7.90294855644226	-0.279832300894989
7.90432780907185	-0.279807580589458
7.90828426452668	-0.279732332566644
7.91239584654276	-0.279647331080323
7.91462665147623	-0.279598320935055
7.91665736945282	-0.279551945489762
7.92107087025216	-0.27944535192618
7.92563104903463	-0.279326884269558
7.92633844774598	-0.279307753197213
7.93033487876975	-0.279195866307967
7.93518000212817	-0.279051545525368
7.93808524272785	-0.278960465961547
7.94015985634272	-0.278893354183162
7.94527838689813	-0.278720368084324
7.94986584699976	-0.27855639687346
7.9505268231564	-0.278532081151679
7.95590743701079	-0.278327648147261
7.96141484800129	-0.278106444584493
7.96168117745411	-0.278095443690767
7.96704652618798	-0.277867837207934
7.97279944964796	-0.277611131196036
7.97353257651779	-0.277577484227472
7.9786708267681	-0.277335735645645
7.98465850594565	-0.277040941214664
7.98541980371413	-0.277002459267982
7.99075937362849	-0.27672620687838
7.99697140948827	-0.276390841125148
7.99734257832261	-0.276370331685484
8.00329193520689	-0.276034321232299
8.00930159951523	-0.275681031055187
8.00971648851438	-0.275656131854529
8.01624648915662	-0.275255542621488
8.02129867833026	-0.274934423334755
8.0228730260537	-0.274832382040298
8.02960309960261	-0.274385551945053
8.033334206229	-0.274130449112768
8.03642520613062	-0.273915154119516
8.04334640808484	-0.273420036022629
8.04540770198968	-0.273269118717484
8.05035792082198	-0.272900229374993
8.05746176837575	-0.272354903140637
8.05751667995207	-0.2723506155152
8.06465411108911	-0.271783825172853
8.06966706243528	-0.271374527877817
8.07192745542168	-0.271186976822588
8.07929038187515	-0.270563101314545
8.0818576720425	-0.270340941579237
8.08673315107066	-0.269912493841124
8.09408481962887	-0.269250199658436
8.09425859266304	-0.269234311635121
8.10186388854356	-0.268528366228004
8.10635611841194	-0.268101694884568
8.10954149166037	-0.267794834320953
8.11729971711492	-0.267032424818628
8.11866767942392	-0.266895806352166
8.12513120609034	-0.266241443644814
8.1310213417816	-0.265632426072463
8.13303110860013	-0.265421887681987
8.14100691378499	-0.26457257866734
8.14341876031775	-0.264311452327555
8.14905011084681	-0.263694030385735
8.15585738391662	-0.262933231464026
8.15715970505507	-0.262785904362782
8.16533991522797	-0.261847400640477
8.16834298686206	-0.261497232533169
8.17358269758608	-0.260879084209393
8.18087022519245	-0.260004149328963
8.18188928097418	-0.259880414868255
8.19026189951263	-0.258850857193311
8.19344716496072	-0.258453158973835
8.19869326631887	-0.257790993678371
8.20606729214261	-0.256845153936067
8.20718481066606	-0.256700300522822
8.21573892431643	-0.255578253371399
8.21873915487108	-0.255179204763681
8.22434878303423	-0.254425487863544
8.23145693170132	-0.253456183089035
8.23301455906232	-0.253241685908406
8.2417402508483	-0.25202612223411
8.24422751749838	-0.251675328041997
8.25051935937049	-0.250779507534104
8.2570481153442	-0.249837162446896
8.25935014624693	-0.249501839462319
8.26823841439476	-0.248192123951295
8.26992119288842	-0.247941511314242
8.27717823794977	-0.246851115640099
8.2828500133363	-0.245988066246951
8.28616616287754	-0.245479128825606
8.29520884366998	-0.244075001731675
8.29582892578494	-0.243977857066858
8.30430131789558	-0.242639471602079
8.30887122371744	-0.241909054201592
8.31343947708576	-0.241173035336817
8.32196413265371	-0.239783838052482
8.32262758822021	-0.239674878613892
8.33186484610415	-0.238145148409368
8.33512465069736	-0.237599717180575
8.34114685081519	-0.236584502231567
8.34834365034546	-0.235358362189691
8.35047363276453	-0.234992832876597
8.35984913849501	-0.233369476514498
8.36162737673232	-0.233058969804735
8.36926876345835	-0.231715266082068
8.37498004527633	-0.230701031606856
8.37872989134276	-0.23003059268497
8.38823778702852	-0.228314501067129
8.38839094914448	-0.22828667149537
8.39778877502614	-0.226567799098436
8.40188396161147	-0.225811906623563
8.40737984588965	-0.224791026404715
8.4154430209406	-0.223279854097115
8.41701264777076	-0.222983874094361
8.4266890452911	-0.2211461302738
8.42908296924691	-0.220688057448094
8.43640538133908	-0.219278600009659
8.44280278468412	-0.218036939815864
8.44616019865597	-0.217381576822768
8.45595750049293	-0.215454379587787
8.45659692735743	-0.215327854676801
8.46579423492105	-0.213497843684341
8.47048805366391	-0.212556680739295
8.4756679654994	-0.211512513346705
8.48445786871304	-0.209727287097362
8.48558076877445	-0.209498053863204
8.4955330534784	-0.207454642361794
8.49853106123262	-0.206835037211464
8.50552216121377	-0.205382998807209
8.51270035342334	-0.203881659166252
8.51554758789094	-0.203283314244947
8.52561188479859	-0.201155271713138
8.52696968219974	-0.200866659543102
8.53571270650145	-0.198999673778919
8.54135663524491	-0.197786643662435
8.54584843961778	-0.196816980520761
8.55584084318941	-0.19464624991564
8.55602144926174	-0.194606849069336
8.56623036773677	-0.192369981729592
8.57046594615474	-0.191436428510008
8.57647376497713	-0.190106876441064
8.58520850947306	-0.188162530461527
8.58675230875536	-0.187817545811922
8.59706653942322	-0.185502253131794
8.60009909655529	-0.184818154219178
8.60741496108249	-0.183161641536038
8.61513288256435	-0.181404646353297
8.61779734404895	-0.180795924618063
8.62821459145538	-0.178405255738422
8.63032538818298	-0.177918830100734
8.63866565816212	-0.175990286831342
8.64569141929535	-0.174357621998274
8.64915005629697	-0.17355130686028
8.6596683629825	-0.171088525564955
8.66123454494633	-0.170720503505731
8.67022007056476	-0.168602555030256
8.67698646306436	-0.167000403338318
8.68080478651721	-0.166093681412114
8.69142252010414	-0.163562255336772
8.69294724273905	-0.163197580101432
8.7020732527287	-0.161008827944778
8.70915718540944	-0.159302778964492
8.71275686510053	-0.158433628761083
8.72347270687941	-0.155837219121858
8.72562860382081	-0.15531329831581
8.7342212391385	-0.153220048301351
8.74239484882566	-0.151221370484541
8.74500257667707	-0.150582278993123
8.75581550797163	-0.147924732214434
8.75950536060751	-0.147015200949018
8.76666113591052	-0.14524763890775
8.77696402299147	-0.14269407210857
8.7775386079315	-0.142551389393163
8.78844788624414	-0.139836733396844
8.79489283939357	-0.138228126375539
8.79939044626627	-0.137103602064955
8.81036358929412	-0.134353067416684
8.81333548541145	-0.13360655761708
8.82136942122448	-0.131585286690284
8.832344474073	-0.128816403538527
8.8324062917426	-0.128800785936581
8.84347525091205	-0.126000205024831
8.85213562190454	-0.123803531748787
8.85457789727503	-0.123183308754433
8.86571066338889	-0.120351683270823
8.87289783321126	-0.118520016715356
8.87687769057131	-0.117504703278824
8.888074358523	-0.114644052300539
8.89493798926577	-0.112887638670024
8.89930566919568	-0.111769021578529
8.91056647069261	-0.108881398017305
8.91877411531495	-0.106773772616797
8.92186219164023	-0.10598031807109
8.93318748097317	-0.103067815995019
8.9445442857089	-0.100143576489111
8.94546319692613	-0.0999068728831155
8.95593629960818	-0.0972078848036103
8.96735859843255	-0.0942618980792405
8.97817560095731	-0.0914702863169351
8.97881368115312	-0.0913056128616611
8.99030208235667	-0.0883401592450551
9.00182290498079	-0.0853655853924038
9.01337516727877	-0.0823827357338087
9.02495787294835	-0.0793924651178114
9.03657001103016	-0.076395638319215
9.04821055580938	-0.0733931295318168
9.05987846672068	-0.0703858218462179
9.07157268825679	-0.0673746067129023
9.07319734715171	-0.0669568081522231
9.08348314192738	-0.0643137239688915
9.09465165131919	-0.0614473988738361
9.09527876587593	-0.0612866006627942
9.10710802499227	-0.0582561207206056
9.11286834723165	-0.0567824014284344
9.11897821550244	-0.0552208818667841
9.12908152346926	-0.0526423096764148
9.13088413264489	-0.0521827875559957
9.14282126553309	-0.0491437528286192
9.1437581324278	-0.0489055627203204
9.1547954283797	-0.0461030049789699
9.15717688019615	-0.0454992240226432
9.1668080479191	-0.043060815226339
9.16958852187186	-0.0423579122686834
9.17885882395601	-0.0400179348479928
9.18115419740387	-0.0394394128626213
9.19094708239223	-0.0369752219718883
9.191995162733	-0.0367118897002369
9.20219759671373	-0.0341525740800429
9.20307633785136	-0.0339324992638215
9.21180292189324	-0.0317500877411739
9.21524950642392	-0.0308897644992749
9.22085319187002	-0.0294929640198136
9.2274605597872	-0.0278492411379462
9.22940418773968	-0.0273664037811459
9.23751887000235	-0.0253539583766928
9.23971369244608	-0.0248106121083379
9.24520006995111	-0.0234542264972915
9.25200608362388	-0.0217752977494196
9.25248247103123	-0.0216579378105748
9.25939393474837	-0.019957589852856
9.26434266613919	-0.018742837252676
9.26593774507908	-0.0183517884626622
9.2721530224433	-0.016830368057515
9.27672254286205	-0.0157141982115338
9.27803605797776	-0.0153937327481531
9.28361647769188	-0.0140341542599954
9.28889775363589	-0.0127503436089052
9.28914570618868	-0.0126901396438335
9.29389117902065	-0.0115391297702003
9.29860536371189	-0.0103980251576412
9.30161594288651	-0.00967051602540904
9.30304480279552	-0.00932556673501159
9.30737463064282	-0.00828161096893108
9.31167755029589	-0.00724614923494094
9.31413202551784	-0.00665640707117161
9.31595089517045	-0.0062198097805602
9.32020257794274	-0.00520067631681912
9.32442954809299	-0.00418947234466024
9.32669425427045	-0.00364852655110928
9.32862951678275	-0.0031867329040418
9.33280935462815	-0.00219080293367794
9.33696639969386	-0.00120230928189865
9.3393034673017	-0.000647471407580557
9.34109839270936	-0.000221777421722362
9.34521189269878	0.000752363039676381
9.34930429184752	0.00171950133932123
9.35196048899262	0.00234614724700091
9.35337323057653	0.00267909095393897
9.35742524055858	0.00363268557885902
9.361457651334	0.00457966289221211
9.36466599820349	0.00533167341507914
9.36546852808995	0.00551957891234436
9.36946334039571	0.00645372761032615
9.37343989479902	0.00738160228083725
9.37739852112747	0.0083032891510215
9.37742054684268	0.00830841175270359
9.38134046495559	0.00921908713102243
9.38526484189857	0.0101287994727375
9.38919754259866	0.0110384177338557
9.39022796335155	0.0112764122318067
9.39328538163617	0.0119817532134067
9.39752657807695	0.0129581259237575
9.40191765530258	0.0139664555374708
9.40308696353451	0.0142345245794763
9.40645522172688	0.0150056757409645
9.41113786936889	0.0160751693806133
9.41596181227285	0.0171737662125692
9.4159963968982	0.0171816307390448
9.42092498285146	0.018300683310659
9.42602338751547	0.0194546945125287
9.42896293116382	0.0201183730500184
9.43125111823283	0.0206341379479905
9.43661247266112	0.0218396560098013
9.44198182769385	0.0230427957451442
9.44210037403156	0.0230693114330722
9.44771353888927	0.024322472188976
9.45344838456149	0.0255979857696588
9.45506145210824	0.0259558701179917
9.45930090993768	0.0268946058360587
9.46527132671451	0.0282120203137849
9.46820115039284	0.0288565190362158
9.47135186428298	0.0295481455217088
9.47754737674036	0.0309036838587771
9.4814013021096	0.0317438862150011
9.48384691839162	0.032275857723483
9.49025747271217	0.0336658178573524
9.49466378713823	0.0346174299570608
9.4967669367727	0.0350705467852874
9.50338291025605	0.0364913076278676
9.50799114505606	0.037476726577289
9.51009303784905	0.0379250459254146
9.51690524114944	0.0393730717182301
9.52138615392807	0.0403213735555202
9.52380708763655	0.0408323344322592
9.53080676869839	0.0423041787406535
9.53485158228163	0.0431509344909101
9.53789212483469	0.0437856339907766
9.54507097194446	0.0452779426688256
9.54838991868422	0.0459648825980033
9.55233244690253	0.0467784280949353
9.55968258632172	0.0482879405620047
9.56200292689247	0.0487625120504148
9.56711330164016	0.0498043982016444
9.57462728684158	0.0513279469707359
9.57569090331931	0.0515427954240924
9.58222023037775	0.0528572929932831
9.58945600777066	0.0543050619853082
9.58988928079074	0.0543914524380706
9.59763615025843	0.05593035745624
9.60330995308401	0.0570504878738916
9.60545215663764	0.0574718667886287
9.61334603365768	0.0590173033598053
9.61725507275843	0.0597783094611425
9.62130682650566	0.0605640924151133
9.62934163122041	0.0621132112367477
9.63129129185708	0.0624872661740294
9.63744339664856	0.0636628701549024
9.6454157773452	0.0651755610227844
9.64561264965968	0.065212761267996
9.65384844456267	0.0667622874349539
9.65964914724256	0.0678457714297817
9.66214352686077	0.0683096710928722
9.67050666260355	0.069856150749743
9.67399261231282	0.0704966939330624
9.67892832023963	0.0713995341022032
9.68741389001146	0.0729404094941385
9.6884429920128	0.0731263035427607
9.69595884300894	0.0744775299273759
9.70301233999431	0.0757352877814174
9.70455851319828	0.0760096522686942
9.71321946209499	0.0775375498267721
9.71771454361642	0.0783245026103381
9.72193265683861	0.0790592096311435
9.73070514873663	0.0805754734512259
9.73254870443334	0.0808920948553528
9.73953109555864	0.0820849107634789
9.74751879528227	0.083437010394697
9.74840886945667	0.0835868488260021
9.75734164317459	0.0850814292670274
9.76265243817694	0.085962027033247
9.76632182855542	0.0865669781458585
9.7753568897591	0.0880443513578763
9.77795187262551	0.0884654516836766
9.78444034603989	0.0895120777352397
9.79341301857675	0.0909445242013028
9.7935738984178	0.0909700494153912
9.80275642573601	0.092417693007081
9.80908168457986	0.0934042411239283
9.81198260740568	0.0938537861484947
9.82125958297061	0.0952790731625149
9.82496631800941	0.0958432888190359
9.83058036920544	0.0966920837542412
9.83994894693494	0.0980930550255901
9.84107130798604	0.0982595885446886
9.84936243467334	0.0994811685503101
9.85742850494144	0.100654911205536
9.85881763011787	0.100855585490443
9.86831904075471	0.102216602210777
9.87408117712764	0.103032121970848
9.87786021788861	0.103562920456348
9.88744706666636	0.104895026125003
9.89105650035867	0.105391172134374
9.89707406404197	0.106211777607491
9.90674412249363	0.107513227611215
9.90838326771727	0.107731719038269
9.91645496528587	0.108798707408106
9.92609960090324	0.110054064259312
9.92620598204668	0.110067791848318
9.93599735797025	0.111320159538648
9.94430970159514	0.112366016465308
9.94582606718879	0.112555084470256
9.95569588452314	0.113772713156778
9.96309868621804	0.114671169378639
9.96560184394325	0.114972092012859
9.97554839274356	0.116153441780116
9.9825844962414	0.116975193824622
9.98553040425644	0.117315817987856
9.99555211525365	0.118459404340109
10	0.118959420304847
