0	0
1.71612953244125e-05	0
0.17163011453945	0
0.5	0
0.5	0
0.50000000675465	6.75464171706608e-07
0.500067553258538	0.00666823400092831
0.50033447143233	0.0321549368099951
0.500601389606121	0.0565104916743202
0.500868307779913	0.079702673786052
0.501544248568577	0.133483552562808
0.502220189357241	0.180662666731715
0.502896130145905	0.222028653324449
0.503572070934568	0.258143354285325
0.504248011723232	0.289615514555269
0.504923952511896	0.316993516788424
0.50559989330056	0.340783496909928
0.506275834089224	0.361442749735334
0.506951774877888	0.379383771359178
0.507627715666552	0.394976908532833
0.508682385107338	0.415341426448769
0.509737054548123	0.431794610387833
0.510791723988909	0.445313637491367
0.512585726023169	0.463690718149248
0.51437972805743	0.478750189514709
0.51617373009169	0.492095327007249
0.519673570902593	0.518844540280456
0.523173411713496	0.550263069114726
0.526673252524399	0.587472273044426
0.530173093335301	0.629264854369751
0.533672934146204	0.673991827634716
0.537172774957107	0.720755283433804
0.54067261576801	0.767921774589148
0.544172456578913	0.813512766418338
0.547672297389815	0.856897678064785
0.551172138200718	0.897453379818823
0.554671979011621	0.934506521220774
0.558171819822524	0.968455849541943
0.561671660633427	0.99939345762211
0.56517150144433	1.02685788383954
0.568671342255232	1.05086169591768
0.572171183066135	1.07211824458526
0.575671023877038	1.09108702575124
0.579170864687941	1.10733770215448
0.582670705498844	1.12086405818804
0.586170546309747	1.13247470483765
0.589670387120649	1.1425725397403
0.593170227931552	1.15064302315463
0.596670068742455	1.1566067797586
0.600169909553358	1.16135199478648
0.603669750364261	1.16529361991635
0.607169591175163	1.16779920733056
0.610669431986066	1.16872257240153
0.614169272796969	1.16901250191666
0.617669113607872	1.16907196767382
0.621168954418775	1.16812030019892
0.624668795229678	1.16592800581352
0.62816863604058	1.16352000763004
0.631668476851483	1.16130500891784
0.635168317662386	1.15835041939089
0.638668158473289	1.15435654754787
0.642167999284192	1.15045035490052
0.645667840095094	1.14654494988248
0.649167680905997	1.14235104009498
0.6526675217169	1.1383780617378
0.656167362527803	1.13449800037359
0.659667203338706	1.13015575729805
0.663167044149609	1.12540390556014
0.666666884960511	1.12059520439333
0.670166725771414	1.11593652074617
0.673666566582317	1.11141882725202
0.679993349922736	1.10352677612545
0.686320133263156	1.09579763890464
0.692646916603575	1.08817348481952
0.698973699943994	1.08082301785491
0.705300483284414	1.07390427592805
0.711627266624833	1.06744044211301
0.717954049965253	1.06138333043378
0.724280833305672	1.05570201600223
0.737534388403317	1.04502896972982
0.759784604193965	1.03071399082007
0.776240505017607	1.02273261734863
0.792696405841248	1.01660048222105
0.80915230666489	1.01194152532337
0.825608207488532	1.00840405133925
0.842064108312174	1.00575882423967
0.858520009135815	1.00386799485128
0.874975909959457	1.00256102887167
0.904922179897659	1.00116515822959
0.926758916133692	1.0005141084435
0.948595652369724	1.00010771270656
0.982334523287929	0.999870920733298
1.01607339420613	0.999902119615066
1.04981226512434	0.999968227341429
1.08355113604254	0.999970820881476
1.11729000696075	0.999957360713479
1.16937526477814	0.999960766920935
1.22146052259553	0.999995691715266
1.27354578041292	1.00001423541635
1.32563103823031	1.00000521605872
1.3777162960477	0.999995708736826
1.47906997668385	0.999987326459984
1.5	0.99999738831356
1.5	0.99999738831356
1.50011066393617	0.98915941000383
1.50022132787233	0.978545065753042
1.50057312926717	0.946255713488452
1.50092493066201	0.915826558774376
1.50127673205686	0.887319038260016
1.50227628447866	0.815835961783089
1.50279434112971	0.784093957514395
1.50331239778077	0.755509970463703
1.50383045443183	0.729784265547799
1.50464549475378	0.694532632175576
1.50546053507573	0.664835483474536
1.50627557539768	0.639757045760531
1.50799128254991	0.599137178639718
1.50970698970213	0.570401821199135
1.51142269685436	0.549210883076785
1.51313840400658	0.532572470014859
1.51485411115881	0.518379828616604
1.51656981831103	0.505142008757511
1.51828552546326	0.491836265692953
1.52012550400934	0.476642584271746
1.52196548255542	0.460213694546457
1.52380546110151	0.442389090882521
1.52564543964759	0.423160142849447
1.52748541819367	0.402557346408171
1.52988887115418	0.37386745312671
1.53229232411469	0.343549036420786
1.5346957770752	0.312147566695559
1.53953801221057	0.247646665298364
1.54438024734595	0.184465665972066
1.54922248248132	0.125478396573586
1.55406471761669	0.0721262057539942
1.55890695275206	0.024965503393453
1.56374918788743	-0.0159026605928414
1.5685914230228	-0.0506687602741636
1.57343365815817	-0.0797331570694091
1.57827589329355	-0.103616249846613
1.58311812842892	-0.122875219256759
1.58796036356429	-0.138052599037211
1.59733556522965	-0.157630691100168
1.60671076689501	-0.166962891991025
1.61608596856037	-0.168732275483706
1.62546117022573	-0.165131809417556
1.64042220840144	-0.152117582896945
1.65538324657716	-0.134496981488397
1.67034428475288	-0.115416085876216
1.68530532292859	-0.0966184262039445
1.70026636110431	-0.0792506778163311
1.71522739928003	-0.0639593752543615
1.74016489952628	-0.0433342793645881
1.76510239977253	-0.0283000886984084
1.79003990001879	-0.0176705099451056
1.81497740026504	-0.0106043525757133
1.8399149005113	-0.00617248178293828
1.86485240075755	-0.00329778949765824
1.88978990100381	-0.00152833711613987
1.91472740125006	-0.000717657237727209
1.93966490149631	-0.000301034581260851
1.96460240174257	8.32515599906714e-05
1.98953990198882	0.000182985530756241
2.03435842819725	0.000214130183683992
2.07	-1.80965632097241e-05
2.07	-1.80965632097241e-05
2.07011068884603	-0.0108558735317832
2.07022137769206	-0.0214693808045929
2.07058375143596	-0.0546768795835462
2.07094612517986	-0.0859140659801145
2.07130849892377	-0.115122075232691
2.07192233189747	-0.160226685922368
2.07253616487117	-0.200225710845952
2.07314999784487	-0.235614773978792
2.07431393079973	-0.291838170963524
2.07547786375458	-0.335945705480478
2.07664179670944	-0.370432486397897
2.0783985988659	-0.408818518730305
2.08015540102236	-0.435869961224833
2.08191220317881	-0.455878159902245
2.08366900533527	-0.471843402770503
2.08542580749173	-0.485843759769995
2.08718260964818	-0.499296230999432
2.08893941180464	-0.513132472549334
2.09159336751673	-0.536075089271637
2.09424732322882	-0.561812043513548
2.09690127894091	-0.59039575046989
2.09834842161823	-0.607129051689983
2.09979556429555	-0.624568803821354
2.10108691018473	-0.640635723090398
2.10108691018473	-0.640635713090282
2.10125738752959	-0.633951813458594
2.10142786487445	-0.627451239408371
2.10197947984409	-0.607668005578594
2.10253109481373	-0.589512809293289
2.10308270978337	-0.573067211805464
2.10467522922986	-0.534626147781196
2.10542596960845	-0.52102321119947
2.10617670998704	-0.510030601071406
2.10692745036563	-0.501455167846556
2.10767819074422	-0.495107699194428
2.1084289311228	-0.490802151191403
2.10976054919667	-0.487603146269
2.11109216727054	-0.489331626832778
2.1124237853444	-0.495064128676097
2.11502858694211	-0.51468141948213
2.1166805459128	-0.530725189971802
2.1183325048835	-0.548162218804571
2.11998446385419	-0.566058382559451
2.12163642282489	-0.58366624835948
2.12328838179558	-0.600411356204138
2.12494034076627	-0.615876093058988
2.12659229973697	-0.629780961501668
2.12908090555994	-0.647467908549036
2.13156951138291	-0.661106407761981
2.13558433110969	-0.675157976424529
2.13959915083647	-0.681202481617429
2.14361397056325	-0.681839971751566
2.14762879029003	-0.679502269850929
2.1516436100168	-0.676009455892546
2.15565842974358	-0.672506036822774
2.15967324947036	-0.66959242108134
2.16368806919714	-0.667494470799994
2.16770288892391	-0.666203481353273
2.17415240770796	-0.665445935943023
2.18060192649201	-0.66567069560277
2.18705144527606	-0.666222085010224
2.19350096406011	-0.666674109192392
2.19995048284416	-0.66687419528086
2.20640000162821	-0.666864982628319
2.21284952041226	-0.666762928991322
2.21929903919631	-0.666666263407171
2.22574855798036	-0.666618899694972
2.2321980767644	-0.666618266361413
2.24365529304697	-0.666659773177241
2.25511250932954	-0.666694225168202
2.26656972561211	-0.666693706135062
2.27802694189467	-0.666673467704044
2.29879354822444	-0.666647639641541
2.3195601545542	-0.666653203003314
2.36841216310435	-0.666663239178989
2.4172641716545	-0.666667939539654
2.49423406668582	-0.666667094295351
2.63617848006717	-0.66666665545287
2.94134829394032	-0.666666630070472
3.07	-0.666666658994428
3.07	-0.666666658994428
3.07051594754219	-0.666666661065179
3.07103189508439	-0.666666663016573
3.07241592882862	-0.666666667619474
3.07379996257285	-0.666666671430681
3.07518399631708	-0.66666667441247
3.07822316522902	-0.666666678511014
3.08126233414097	-0.666666679855744
3.08430150305292	-0.66666667902218
3.08734067196486	-0.666666676917409
3.09037984087681	-0.666666674382933
3.09341900978875	-0.666666671983819
3.0964581787007	-0.666666669989532
3.09949734761264	-0.666666668460852
3.10253651652459	-0.666666667354765
3.10557568543653	-0.666666666598271
3.11060542122524	-0.666666666058569
3.11563515701395	-0.666666666086824
3.12470191394033	-0.666666666100669
3.1337686708667	-0.666666665791592
3.14283542779308	-0.666666665267075
3.15190218471946	-0.666666665431116
3.17043087743881	-0.666666669474184
3.19857219571059	-0.666666677474041
3.22671351398237	-0.666666675457783
3.28670394307411	-0.666666639735453
3.34669437216586	-0.666666641784179
3.43719177695259	-0.666666799483043
3.49436314569737	-0.666666847648468
3.49436314569737	-0.666666847648203
3.49478959387401	-0.663937993632112
3.49521604205065	-0.661313246963029
3.49619895386732	-0.655616978697108
3.49718186568399	-0.650341346103131
3.49816477750066	-0.645474602495474
3.50025307876934	-0.636198745366205
3.50234138003803	-0.628081577388073
3.50442968130671	-0.620789520082319
3.5065179825754	-0.613983838575347
3.50980985868127	-0.603743496240982
3.51310173478714	-0.593471196653175
3.51639361089301	-0.58265001827094
3.51968548699888	-0.571106876806502
3.52297736310475	-0.55888448044856
3.52626923921062	-0.546051241840837
3.53196983410057	-0.52245564885234
3.54064638591632	-0.483886276545295
3.54932293773206	-0.443378709992304
3.55799948954781	-0.402597217258291
3.56667604136356	-0.362851153748871
3.57535259317931	-0.324827469626978
3.58402914499506	-0.288882619414073
3.5927056968108	-0.255342592166061
3.60138224862655	-0.22448270597585
3.6100588004423	-0.196394316902753
3.61873535225805	-0.170998191303539
3.6274119040738	-0.148166188394807
3.63608845588954	-0.127783958314756
3.64476500770529	-0.109722666247736
3.65837130845647	-0.0856414440615278
3.67197760920765	-0.0661313817260947
3.68558390995883	-0.050497357884737
3.69919021071001	-0.0380925336155116
3.72108422334089	-0.0235650747054947
3.74297823597177	-0.0140253004293101
3.76487224860265	-0.00786028260913874
3.78676626123353	-0.00404229165171976
3.80866027386441	-0.00189526056967537
3.83055428649529	-0.000695697149739161
3.85244829912617	7.39210115145994e-05
3.87434231175705	0.000394460507383343
3.89623632438793	0.000301867586069093
3.91813033701881	0.000306166745865255
3.94002434964969	0.00051728670461948
3.96191836228058	0.000357266326012962
3.98381237491146	-6.28897268182271e-05
4	4.07747333746045e-05
