0	0
1.71612953244125e-05	0
0.17163011453945	0
0.5	0
0.5	0
0.50000000675465	2.28261853862932e-13
0.500067553258538	2.29828375903907e-05
0.50033447143233	0.000341851564038542
0.500601389606121	0.000962041405886183
0.500868307779913	0.00189383187678249
0.501544248568577	0.00559940496360767
0.502220189357241	0.0111191911626154
0.502896130145905	0.0182640762938178
0.503572070934568	0.0269041627486031
0.504248011723232	0.036890905091246
0.504923952511896	0.0480873881990345
0.50559989330056	0.0603636742034288
0.506275834089224	0.0735991956981312
0.506951774877888	0.0876821613260743
0.507627715666552	0.102509322603281
0.508682385107338	0.126922540734444
0.509737054548123	0.152619242788528
0.510791723988909	0.179295372470489
0.512585726023169	0.226205119150505
0.51437972805743	0.274156322260922
0.51617373009169	0.322464064031435
0.519673570902593	0.415230161646988
0.523173411713496	0.503619781828922
0.526673252524399	0.585938448028831
0.530173093335301	0.661534347404633
0.533672934146204	0.730262698959345
0.537172774957107	0.792062800519324
0.54067261576801	0.847303984959765
0.544172456578913	0.896630292935163
0.547672297389815	0.940435501212482
0.551172138200718	0.979192566684873
0.554671979011621	1.01343937344406
0.558171819822524	1.04343060170695
0.561671660633427	1.06950613606872
0.56517150144433	1.09216394140887
0.568671342255232	1.11176875763476
0.572171183066135	1.12846820611179
0.575671023877038	1.14244991955803
0.579170864687941	1.15413629437023
0.582670705498844	1.16382356918197
0.586170546309747	1.17155568892092
0.589670387120649	1.17745852941546
0.593170227931552	1.18190237681721
0.596670068742455	1.18513160484925
0.600169909553358	1.1870965889919
0.603669750364261	1.18784916311953
0.607169591175163	1.18772580875486
0.610669431986066	1.18692839225821
0.614169272796969	1.1853323145857
0.617669113607872	1.18293700935214
0.621168954418775	1.18006967310829
0.624668795229678	1.17691078326268
0.62816863604058	1.1732722989434
0.631668476851483	1.16911089702324
0.635168317662386	1.16475913006542
0.638668158473289	1.16038514657641
0.642167999284192	1.15574183128322
0.645667840095094	1.15090271476756
0.649167680905997	1.14599326214186
0.6526675217169	1.14090875365896
0.656167362527803	1.13571976644781
0.659667203338706	1.1306240936586
0.663167044149609	1.12565261856352
0.666666884960511	1.12074204443783
0.670166725771414	1.11585516143788
0.673666566582317	1.11100740325541
0.679993349922736	1.1024135618054
0.686320133263156	1.09415769122965
0.692646916603575	1.08632588371352
0.698973699943994	1.07892528895691
0.705300483284414	1.07194133165756
0.711627266624833	1.06537651257684
0.717954049965253	1.05924390830599
0.724280833305672	1.05354848046377
0.737534388403317	1.04298791674591
0.759784604193965	1.02905946431795
0.776240505017607	1.02136725794796
0.792696405841248	1.01544618767945
0.80915230666489	1.01094209627843
0.825608207488532	1.00759098938873
0.842064108312174	1.00516913928301
0.858520009135815	1.00344591252199
0.874975909959457	1.0022183886364
0.904922179897659	1.00082774296414
0.926758916133692	1.00031062357481
0.948595652369724	1.0000705266653
0.982334523287929	0.999998306247419
1.01607339420613	1.00002783579404
1.04981226512434	1.000014888534
1.08355113604254	0.999974318266236
1.11729000696075	0.999962648674553
1.16937526477814	0.999986801297692
1.22146052259553	1.00001169246943
1.27354578041292	1.00001279792213
1.32563103823031	1.00000272725263
1.3777162960477	0.999996960547662
1.47906997668385	0.999994307177832
1.5	0.999996941003154
1.5	0.999996941003154
1.50011066393617	0.999936661698916
1.50022132787233	0.999817162401984
1.50057312926717	0.999049871778486
1.50092493066201	0.997783634348413
1.50127673205686	0.995997882881223
1.50227628447866	0.988298242931156
1.50279434112971	0.982834889136095
1.50331239778077	0.97647496740074
1.50383045443183	0.969291010160679
1.50464549475378	0.956460216729452
1.50546053507573	0.941970412929753
1.50627557539768	0.926064762868061
1.50799128254991	0.888770679224941
1.50970698970213	0.84762169797384
1.51142269685436	0.803939077512712
1.51313840400658	0.758737032995522
1.51485411115881	0.712814893569159
1.51656981831103	0.666808743582404
1.51828552546326	0.621219289728677
1.52012550400934	0.573308780978029
1.52196548255542	0.52666769196266
1.52380546110151	0.481524534489811
1.52564543964759	0.438048140934574
1.52748541819367	0.39637089548602
1.52988887115418	0.344736182288199
1.53229232411469	0.296352329330282
1.5346957770752	0.251214764639415
1.53953801221057	0.169743674542523
1.54438024734595	0.100147386282422
1.54922248248132	0.0411982866737004
1.55406471761669	-0.0083268206240632
1.55890695275206	-0.0495751656343373
1.56374918788743	-0.0836014380434609
1.5685914230228	-0.111347628343944
1.57343365815817	-0.133636779873041
1.57827589329355	-0.1511855075344
1.58311812842892	-0.164623061763979
1.58796036356429	-0.174506615996964
1.59733556522965	-0.185256788093596
1.60671076689501	-0.187473483206909
1.61608596856037	-0.183621050574092
1.62546117022573	-0.175575896846505
1.64042220840144	-0.1574529001221
1.65538324657716	-0.136432431703131
1.67034428475288	-0.115237708784272
1.68530532292859	-0.0953635681086631
1.70026636110431	-0.0774897218774981
1.71522739928003	-0.0618908504693234
1.74016489952628	-0.0412277646389621
1.76510239977253	-0.0265630172571232
1.79003990001879	-0.0165604739395935
1.81497740026504	-0.00985376626708501
1.8399149005113	-0.00548395593378181
1.86485240075755	-0.00285321486516299
1.88978990100381	-0.00137789605928607
1.91472740125006	-0.000534405192677667
1.93966490149631	-9.57200189111163e-05
1.96460240174257	5.57401927654411e-05
1.98953990198882	0.000122869993467667
2.03435842819725	0.000156259681165949
2.07	0.000225502831132651
2.07	0.000225502831132651
2.07011068884603	0.000164448621482904
2.07022137769206	4.40040580631518e-05
2.07058375143596	-0.000760580829568092
2.07094612517986	-0.00209388334029104
2.07130849892377	-0.00397618230118457
2.07192233189747	-0.00836421083033123
2.07253616487117	-0.0141697520317585
2.07314999784487	-0.0212761156407897
2.07431393079973	-0.0378908328966743
2.07547786375458	-0.0580829846481103
2.07664179670944	-0.0812077917955154
2.0783985988659	-0.12041617871551
2.08015540102236	-0.163334271570994
2.08191220317881	-0.208624901971985
2.08366900533527	-0.25524705443184
2.08542580749173	-0.302388788422217
2.08718260964818	-0.349417602246434
2.08893941180464	-0.395845039583225
2.09159336751673	-0.463887754206689
2.09424732322882	-0.528901542433117
2.09690127894091	-0.590413203552267
2.09834842161823	-0.622389368370474
2.09979556429555	-0.653194601515456
2.10108691018473	-0.679682143454859
2.10108691018473	-0.679682143454859
2.10125738752959	-0.683024093270703
2.10142786487445	-0.686274380295814
2.10197947984409	-0.696165997210703
2.10253109481373	-0.705243595353355
2.10308270978337	-0.713466394097268
2.10467522922986	-0.732686926109402
2.10542596960845	-0.739488394400265
2.10617670998704	-0.744984699464297
2.10692745036563	-0.749272416076722
2.10767819074422	-0.752446150402786
2.1084289311228	-0.754598924404299
2.10976054919667	-0.7561984268655
2.11109216727054	-0.755334186583611
2.1124237853444	-0.752467935661952
2.11502858694211	-0.742659290258935
2.1166805459128	-0.734637405014099
2.1183325048835	-0.725918890597715
2.11998446385419	-0.716970808720275
2.12163642282489	-0.70816687582026
2.12328838179558	-0.699794321897931
2.12494034076627	-0.692061953470506
2.12659229973697	-0.685109519249166
2.12908090555994	-0.676266045725482
2.13156951138291	-0.66944679611901
2.13558433110969	-0.662421011787735
2.13959915083647	-0.659398759191285
2.14361397056325	-0.659080014124217
2.14762879029003	-0.660248865074536
2.1516436100168	-0.661995272053727
2.15565842974358	-0.663746981588613
2.15967324947036	-0.66520378945933
2.16368806919714	-0.666252764600003
2.16770288892391	-0.666898259323363
2.17415240770796	-0.667277032028489
2.18060192649201	-0.667164652198615
2.18705144527606	-0.666888957494888
2.19350096406011	-0.666662945403804
2.19995048284416	-0.66656290235957
2.20640000162821	-0.666567508685841
2.21284952041226	-0.666618535504339
2.21929903919631	-0.666666868296415
2.22574855798036	-0.666690550152514
2.2321980767644	-0.666690866819294
2.24365529304697	-0.66667011341138
2.25511250932954	-0.666652887415899
2.26656972561211	-0.666653146932469
2.27802694189467	-0.666663266147978
2.29879354822444	-0.66667618017923
2.3195601545542	-0.666673398498343
2.36841216310435	-0.666668380410505
2.4172641716545	-0.666666030230173
2.49423406668582	-0.666666452852325
2.63617848006717	-0.666666672273565
2.94134829394032	-0.666666684964764
3.07	-0.666666670502786
3.07	-0.666666670502786
3.07051594754219	-0.666666669467411
3.07103189508439	-0.666666668491714
3.07241592882862	-0.666666666190263
3.07379996257285	-0.666666664284659
3.07518399631708	-0.666666662793765
3.07822316522902	-0.666666660744493
3.08126233414097	-0.666666660072128
3.08430150305292	-0.66666666048891
3.08734067196486	-0.666666661541296
3.09037984087681	-0.666666662808534
3.09341900978875	-0.66666666400809
3.0964581787007	-0.666666665005234
3.09949734761264	-0.666666665769574
3.10253651652459	-0.666666666322618
3.10557568543653	-0.666666666700864
3.11060542122524	-0.666666666970715
3.11563515701395	-0.666666666956588
3.12470191394033	-0.666666666949665
3.1337686708667	-0.666666667104204
3.14283542779308	-0.666666667366463
3.15190218471946	-0.666666667284442
3.17043087743881	-0.666666665262908
3.19857219571059	-0.66666666126298
3.22671351398237	-0.666666662271108
3.28670394307411	-0.666666680132273
3.34669437216586	-0.666666679107911
3.43719177695259	-0.666666600258479
3.49436314569737	-0.666666576175766
3.49436314569737	-0.666666576175766
3.49478959387401	-0.666607256593385
3.49521604205065	-0.6664908740233
3.49619895386732	-0.666021978089102
3.49718186568399	-0.665296715925757
3.49816477750066	-0.664303515763086
3.50025307876934	-0.661355429006402
3.50234138003803	-0.657346637722722
3.50442968130671	-0.652373694696786
3.5065179825754	-0.646549126287555
3.50980985868127	-0.635839654629287
3.51310173478714	-0.623564336900785
3.51639361089301	-0.610056974100691
3.51968548699888	-0.595568087959967
3.52297736310475	-0.580275669695813
3.52626923921062	-0.56433402716525
3.53196983410057	-0.535629417674392
3.54064638591632	-0.49050604448139
3.54932293773206	-0.445249837730772
3.55799948954781	-0.401072346748774
3.56667604136356	-0.358763079228502
3.57535259317931	-0.318892275630403
3.58402914499506	-0.281839158321911
3.5927056968108	-0.247777086703391
3.60138224862655	-0.216725981181676
3.6100588004423	-0.188633024684205
3.61873535225805	-0.163408231133662
3.6274119040738	-0.140918191707856
3.63608845588954	-0.120985871940081
3.64476500770529	-0.103412313361976
3.65837130845647	-0.0801317093333802
3.67197760920765	-0.0614097043813624
3.68558390995883	-0.0465267756118131
3.69919021071001	-0.0348259561922282
3.72108422334089	-0.0212285312806006
3.74297823597177	-0.0123820746985359
3.76487224860265	-0.00681224069649122
3.78676626123353	-0.00341873034488582
3.80866027386441	-0.00140647245320391
3.83055428649529	-0.000304600945744582
3.85244829912617	0.000185255124621975
3.87434231175705	0.000379566845613688
3.89623632438793	0.000485226595993815
3.91813033701881	0.000458630432613738
3.94002434964969	0.00030089434441205
3.96191836228058	0.000237421566064988
3.98381237491146	0.00029224618153556
4	0.000222750864575794
