0	0
1.71612953244125e-05	0
0.17163011453945	0
0.5	0
0.5	0
0.50000000675465	6.75464582626541e-09
0.500067553258538	6.7096675206174e-05
0.50033447143233	0.000327698255944233
0.500601389606121	0.000582406960052109
0.500868307779913	0.000831068860890181
0.501544248568577	0.0014353380667765
0.502220189357241	0.00200593529392374
0.502896130145905	0.00254715150036345
0.503572070934568	0.00306218740853378
0.504248011723232	0.00355432284215087
0.504923952511896	0.00402644792419226
0.50559989330056	0.00448115196030189
0.506275834089224	0.00492070705033315
0.506951774877888	0.00534709848044822
0.507627715666552	0.0057620483580544
0.508682385107338	0.00638987195718858
0.509737054548123	0.00699770980185046
0.510791723988909	0.00758946952482369
0.512585726023169	0.00856641062537955
0.51437972805743	0.00951375488603459
0.51617373009169	0.0104343585248818
0.519673570902593	0.0121614550446791
0.523173411713496	0.0137890265779924
0.526673252524399	0.0152981698379583
0.530173093335301	0.0166682288525181
0.533672934146204	0.0178849291874535
0.537172774957107	0.0189435721928483
0.54067261576801	0.0198408523371928
0.544172456578913	0.020575543527913
0.547672297389815	0.0211547766434873
0.551172138200718	0.0215870881845251
0.554671979011621	0.0218814926296661
0.558171819822524	0.0220516561865005
0.561671660633427	0.0221094456391446
0.56517150144433	0.0220639712724205
0.568671342255232	0.0219260639120566
0.572171183066135	0.0217088195153397
0.575671023877038	0.0214231823460008
0.579170864687941	0.0210755709777783
0.582670705498844	0.0206738599300057
0.586170546309747	0.0202287238178234
0.589670387120649	0.0197481047325673
0.593170227931552	0.0192354377152901
0.596670068742455	0.0186958292854862
0.600169909553358	0.0181379639509281
0.603669750364261	0.0175675839632472
0.607169591175163	0.0169855104949631
0.610669431986066	0.0163946555814565
0.614169272796969	0.0158022020487433
0.617669113607872	0.0152121744041391
0.621168954418775	0.0146232402591455
0.624668795229678	0.0140366304052704
0.62816863604058	0.0134586482081049
0.631668476851483	0.0128921856712857
0.635168317662386	0.0123342092002987
0.638668158473289	0.011784760233553
0.642167999284192	0.0112497717015423
0.645667840095094	0.0107293632001549
0.649167680905997	0.0102226437617418
0.6526675217169	0.00973207863579534
0.656167362527803	0.00925724885222279
0.659667203338706	0.00879604125729078
0.663167044149609	0.00834910496316499
0.666666884960511	0.0079181812192522
0.670166725771414	0.0075040288402958
0.673666566582317	0.00710628152700576
0.679993349922736	0.00642765702742631
0.686320133263156	0.0057987788408641
0.692646916603575	0.00521767592573397
0.698973699943994	0.00468319509392273
0.705300483284414	0.00419374421804294
0.711627266624833	0.00374684018343069
0.717954049965253	0.00333965289171367
0.724280833305672	0.00296953757455262
0.737534388403317	0.00230368533256198
0.759784604193965	0.00146787279731175
0.776240505017607	0.00103010804824338
0.792696405841248	0.000708555127246491
0.80915230666489	0.000475558714769286
0.825608207488532	0.000309422982376406
0.842064108312174	0.000193727571042301
0.858520009135815	0.000115355483000068
0.874975909959457	6.33582901759522e-05
0.904922179897659	1.16672057275391e-05
0.926758916133692	-5.45316485972558e-06
0.948595652369724	-1.21732358757121e-05
0.982334523287929	-1.15077055837798e-05
1.01607339420613	-6.92628663900852e-06
1.04981226512434	-4.20282251412107e-06
1.08355113604254	-3.53122864926725e-06
1.11729000696075	-2.77710977292234e-06
1.16937526477814	-9.53609342380091e-07
1.22146052259553	4.8104098882007e-07
1.27354578041292	6.27749323856008e-07
1.32563103823031	1.05116779391956e-07
1.3777162960477	-1.72549898591612e-07
1.47906997668385	-1.17751506656383e-07
1.5	4.4760550266254e-08
1.5	4.4760550266254e-08
1.50011066393617	-0.000109419521612475
1.50022132787233	-0.000217712378035584
1.50057312926717	-0.000554396561594173
1.50092493066201	-0.000881428460739908
1.50127673205686	-0.0011985462802806
1.50227628447866	-0.00205117186540504
1.50279434112971	-0.00246618480583827
1.50331239778077	-0.00286543303325737
1.50383045443183	-0.00325054408112391
1.50464549475378	-0.00383080635020283
1.50546053507573	-0.004384057878841
1.50627557539768	-0.00491502448677883
1.50799128254991	-0.00597348454015489
1.50970698970213	-0.00697255512775952
1.51142269685436	-0.00793015529469021
1.51313840400658	-0.00885652266369319
1.51485411115881	-0.00975718940279746
1.51656981831103	-0.0106347407858804
1.51828552546326	-0.0114897741504232
1.52012550400934	-0.0123803922323018
1.52196548255542	-0.0132419078700596
1.52380546110151	-0.0140718891056686
1.52564543964759	-0.0148676234834255
1.52748541819367	-0.015626833758396
1.52988887115418	-0.0165597380347899
1.53229232411469	-0.0174222136907711
1.5346957770752	-0.0182106687771815
1.53953801221057	-0.0195692258541065
1.54438024734595	-0.0206187454416968
1.54922248248132	-0.021369589130696
1.55406471761669	-0.0218457786788064
1.55890695275206	-0.0220774401531916
1.56374918788743	-0.0220958428920286
1.5685914230228	-0.0219313430692691
1.57343365815817	-0.0216125542422363
1.57827589329355	-0.0211658274395363
1.58311812842892	-0.0206149239673235
1.58796036356429	-0.0199809322072984
1.59733556522965	-0.0185809032934761
1.60671076689501	-0.0170453352645115
1.61608596856037	-0.0154598633902852
1.62546117022573	-0.013885950768018
1.64042220840144	-0.0114947376715044
1.65538324657716	-0.00934166782870416
1.67034428475288	-0.00747345509187247
1.68530532292859	-0.00589304171007998
1.70026636110431	-0.00458243415624549
1.71522739928003	-0.00351497903897191
1.74016489952628	-0.00219442707266015
1.76510239977253	-0.0013203969354012
1.79003990001879	-0.00075937104999424
1.81497740026504	-0.000410609576234622
1.8399149005113	-0.000202965180039483
1.86485240075755	-8.57026701821528e-05
1.88978990100381	-2.46187749972648e-05
1.91472740125006	3.0899698187925e-06
1.93966490149631	1.39025021689276e-05
1.96460240174257	1.71627053930923e-05
1.98953990198882	1.57370909313892e-05
2.03435842819725	1.19936040076096e-05
2.07	8.63517681592985e-06
2.07	8.63517681592985e-06
2.07011068884603	-0.00010085204509791
2.07022137769206	-0.000209164488614411
2.07058375143596	-0.000555735962347814
2.07094612517986	-0.000892087017993592
2.07130849892377	-0.00121797505579613
2.07192233189747	-0.00174768822337856
2.07253616487117	-0.00225154429856345
2.07314999784487	-0.00273229935199137
2.07431393079973	-0.0035900729554823
2.07547786375458	-0.0043885531478719
2.07664179670944	-0.00514041312635727
2.0783985988659	-0.00620854838836615
2.08015540102236	-0.00721927652914867
2.08191220317881	-0.00818967040892726
2.08366900533527	-0.00912953543496819
2.08542580749173	-0.0100438901643134
2.08718260964818	-0.0109346705665194
2.08893941180464	-0.0118018285085788
2.09159336751673	-0.0130623584325084
2.09424732322882	-0.0142578226943573
2.09690127894091	-0.0153810291124088
2.09834842161823	-0.015961223045873
2.09979556429555	-0.0165168231380318
2.10108691018473	-0.0169909941121295
2.10108691018473	-0.0169909941121295
2.10125738752959	-0.0170533970350606
2.10142786487445	-0.017116908158601
2.10197947984409	-0.0173296867838216
2.10253109481373	-0.0175515669117392
2.10308270978337	-0.0177825286323771
2.10467522922986	-0.0184906238869783
2.10542596960845	-0.0188443608358174
2.10617670998704	-0.0192074996934328
2.10692745036563	-0.0195780644699685
2.10767819074422	-0.0199542814201593
2.1084289311228	-0.020334537327396
2.10976054919667	-0.0210143403431647
2.11109216727054	-0.0216955886734046
2.1124237853444	-0.0223722634619953
2.11502858694211	-0.0236662693426071
2.1166805459128	-0.0244559765530321
2.1183325048835	-0.0252175023917562
2.11998446385419	-0.0259495377496475
2.12163642282489	-0.0266520644299275
2.12328838179558	-0.0273260862767171
2.12494034076627	-0.0279733991104218
2.12659229973697	-0.0285963687570692
2.12908090555994	-0.0294949797578996
2.13156951138291	-0.0303544853735644
2.13558433110969	-0.0316831038391248
2.13959915083647	-0.0329715939073135
2.14361397056325	-0.0342478580476561
2.14762879029003	-0.0355290759295633
2.1516436100168	-0.0368231243775187
2.15565842974358	-0.0381316853754466
2.15967324947036	-0.039453135342122
2.16368806919714	-0.0407844792901821
2.16770288892391	-0.042122452826474
2.17415240770796	-0.0442790978210751
2.18060192649201	-0.046437457304469
2.18705144527606	-0.04859304530348
2.19350096406011	-0.0507449677210926
2.19995048284416	-0.0528943575153888
2.20640000162821	-0.0550428345188753
2.21284952041226	-0.0571915501488239
2.21929903919631	-0.0593409236556434
2.22574855798036	-0.0614908390464872
2.2321980767644	-0.0636409818866897
2.24365529304697	-0.0674605485550649
2.25511250932954	-0.0712797023574991
2.26656972561211	-0.0750985675451757
2.27802694189467	-0.0789174506132303
2.29879354822444	-0.0858395620403141
2.3195601545542	-0.092761900496259
2.36841216310435	-0.109045969973141
2.4172641716545	-0.125329953576946
2.49423406668582	-0.150986568268241
2.63617848006717	-0.198301371994584
2.94134829394032	-0.300024644334256
3.07	-0.342908547731387
3.07	-0.342908547731387
3.07051594754219	-0.342564582706163
3.07103189508439	-0.342220617680039
3.07241592882862	-0.341297928518287
3.07379996257285	-0.340375239351584
3.07518399631708	-0.339452550180245
3.07822316522902	-0.337426437543369
3.08126233414097	-0.335400324898121
3.08430150305292	-0.333374212249847
3.08734067196486	-0.331348099604503
3.09037984087681	-0.329321986966237
3.09341900978875	-0.327295874336581
3.0964581787007	-0.325269761714961
3.09949734761264	-0.323243649099702
3.10253651652459	-0.321217536488918
3.10557568543653	-0.319191423881006
3.11060542122524	-0.315838266692627
3.11563515701395	-0.312485109505863
3.12470191394033	-0.306440604894065
3.1337686708667	-0.300396100276927
3.14283542779308	-0.294351595657915
3.15190218471946	-0.288307091042647
3.17043087743881	-0.275954629242761
3.19857219571059	-0.25719375040379
3.22671351398237	-0.238432871532304
3.28670394307411	-0.198439252083873
3.34669437216586	-0.158445632766877
3.43719177695259	-0.0981140297535244
3.49436314569737	-0.0599997838510922
3.49436314569737	-0.0599997838510922
3.49478959387401	-0.059716648350242
3.49521604205065	-0.0594346148518716
3.49619895386732	-0.0587883189151601
3.49718186568399	-0.0581467177306081
3.49816477750066	-0.057509892212127
3.50025307876934	-0.0561712804420487
3.50234138003803	-0.0548506712640531
3.50442968130671	-0.0535464039807341
3.5065179825754	-0.0522570425490198
3.50980985868127	-0.0502532379233443
3.51310173478714	-0.0482833208387603
3.51639361089301	-0.0463475683552292
3.51968548699888	-0.04444804334303
3.52297736310475	-0.0425875148907227
3.52626923921062	-0.0407684637995038
3.53196983410057	-0.0377217502420077
3.54064638591632	-0.0333521358042652
3.54932293773206	-0.0293247985248532
3.55799948954781	-0.0256506385645058
3.56667604136356	-0.0223279987032986
3.57535259317931	-0.019345071142169
3.58402914499506	-0.0166841547085609
3.5927056968108	-0.0143248161247598
3.60138224862655	-0.0122449533428985
3.6100588004423	-0.0104211740601519
3.61873535225805	-0.00882968342329306
3.6274119040738	-0.0074473640752512
3.63608845588954	-0.00625232852644743
3.64476500770529	-0.00522396181228914
3.65837130845647	-0.00390144789203366
3.67197760920765	-0.00287480207190745
3.68558390995883	-0.00208599524492827
3.69919021071001	-0.00148657964357796
3.72108422334089	-0.000820766970163203
3.74297823597177	-0.000414165796076932
3.76487224860265	-0.000176326481455005
3.78676626123353	-4.58206118649365e-05
3.80866027386441	1.88227388653383e-05
3.83055428649529	4.57807815117523e-05
3.85244829912617	5.26676980293553e-05
3.87434231175705	4.89020966470756e-05
3.89623632438793	4.04690364634478e-05
3.91813033701881	3.21218347237056e-05
3.94002434964969	2.49861615634775e-05
3.96191836228058	1.75829574259868e-05
3.98381237491146	1.1259160602371e-05
4	9.21070662241949e-06
