0	0
1.71612953244125e-05	0
0.17163011453945	0
0.5	0
0.5	0
0.50000000675465	0
0.500067553258538	0
0.50033447143233	0
0.500601389606121	0
0.500868307779913	0
0.501544248568577	0
0.502220189357241	0
0.502896130145905	0
0.503572070934568	0
0.504248011723232	0
0.504923952511896	0
0.50559989330056	0
0.506275834089224	0
0.506951774877888	0
0.507627715666552	0
0.508682385107338	0
0.509737054548123	0
0.510791723988909	0
0.512585726023169	0
0.51437972805743	0
0.51617373009169	0
0.519673570902593	0
0.523173411713496	0
0.526673252524399	0
0.530173093335301	0
0.533672934146204	0
0.537172774957107	0
0.54067261576801	0
0.544172456578913	0
0.547672297389815	0
0.551172138200718	0
0.554671979011621	0
0.558171819822524	0
0.561671660633427	0
0.56517150144433	0
0.568671342255232	0
0.572171183066135	0
0.575671023877038	0
0.579170864687941	0
0.582670705498844	0
0.586170546309747	0
0.589670387120649	0
0.593170227931552	0
0.596670068742455	0
0.600169909553358	0
0.603669750364261	0
0.607169591175163	0
0.610669431986066	0
0.614169272796969	0
0.617669113607872	0
0.621168954418775	0
0.624668795229678	0
0.62816863604058	0
0.631668476851483	0
0.635168317662386	0
0.638668158473289	0
0.642167999284192	0
0.645667840095094	0
0.649167680905997	0
0.6526675217169	0
0.656167362527803	0
0.659667203338706	0
0.663167044149609	0
0.666666884960511	0
0.670166725771414	0
0.673666566582317	0
0.679993349922736	0
0.686320133263156	0
0.692646916603575	0
0.698973699943994	0
0.705300483284414	0
0.711627266624833	0
0.717954049965253	0
0.724280833305672	0
0.737534388403317	0
0.759784604193965	0
0.776240505017607	0
0.792696405841248	0
0.80915230666489	0
0.825608207488532	0
0.842064108312174	0
0.858520009135815	0
0.874975909959457	0
0.904922179897659	0
0.926758916133692	0
0.948595652369724	0
0.982334523287929	0
1.01607339420613	0
1.04981226512434	0
1.08355113604254	0
1.11729000696075	0
1.16937526477814	0
1.22146052259553	0
1.27354578041292	0
1.32563103823031	0
1.3777162960477	0
1.47906997668385	0
1.5	0
1.5	0
1.50011066393617	0
1.50022132787233	0
1.50057312926717	0
1.50092493066201	0
1.50127673205686	0
1.50227628447866	0
1.50279434112971	0
1.50331239778077	0
1.50383045443183	0
1.50464549475378	0
1.50546053507573	0
1.50627557539768	0
1.50799128254991	0
1.50970698970213	0
1.51142269685436	0
1.51313840400658	0
1.51485411115881	0
1.51656981831103	0
1.51828552546326	0
1.52012550400934	0
1.52196548255542	0
1.52380546110151	0
1.52564543964759	0
1.52748541819367	0
1.52988887115418	0
1.53229232411469	0
1.5346957770752	0
1.53953801221057	0
1.54438024734595	0
1.54922248248132	0
1.55406471761669	0
1.55890695275206	0
1.56374918788743	0
1.5685914230228	0
1.57343365815817	0
1.57827589329355	0
1.58311812842892	0
1.58796036356429	0
1.59733556522965	0
1.60671076689501	0
1.61608596856037	0
1.62546117022573	0
1.64042220840144	0
1.65538324657716	0
1.67034428475288	0
1.68530532292859	0
1.70026636110431	0
1.71522739928003	0
1.74016489952628	0
1.76510239977253	0
1.79003990001879	0
1.81497740026504	0
1.8399149005113	0
1.86485240075755	0
1.88978990100381	0
1.91472740125006	0
1.93966490149631	0
1.96460240174257	0
1.98953990198882	0
2.03435842819725	0
2.07	0
2.07	0
2.07011068884603	0
2.07022137769206	0
2.07058375143596	0
2.07094612517986	0
2.07130849892377	0
2.07192233189747	0
2.07253616487117	0
2.07314999784487	0
2.07431393079973	0
2.07547786375458	0
2.07664179670944	0
2.0783985988659	0
2.08015540102236	0
2.08191220317881	0
2.08366900533527	0
2.08542580749173	0
2.08718260964818	0
2.08893941180464	0
2.09159336751673	0
2.09424732322882	0
2.09690127894091	0
2.09834842161823	0
2.09979556429555	0
2.10108691018473	0
2.10108691018473	1.00001162905983e-08
2.10125738752959	0.00899418958460529
2.10142786487445	0.0179572171244828
2.10197947984409	0.0467074526726794
2.10253109481373	0.0750797212952676
2.10308270978337	0.102989353361879
2.10467522922986	0.180177713878686
2.10542596960845	0.214768921735413
2.10617670998704	0.248021873213274
2.10692745036563	0.27985040200798
2.10767819074422	0.310191549192208
2.1084289311228	0.3390008224191
2.10976054919667	0.386255323973442
2.11109216727054	0.428563781111295
2.1124237853444	0.465975275583986
2.11502858694211	0.525760296920701
2.1166805459128	0.555090263450989
2.1183325048835	0.578535245443263
2.11998446385419	0.596827257649817
2.12163642282489	0.610705972447183
2.12328838179558	0.620893641004693
2.12494034076627	0.628077370831182
2.12659229973697	0.63289492257919
2.12908090555994	0.636930582189404
2.13156951138291	0.638578558085921
2.13558433110969	0.639416999025887
2.13959915083647	0.64115033338048
2.14361397056325	0.645645512017767
2.14762879029003	0.653311857420785
2.1516436100168	0.66372672448351
2.15565842974358	0.676154556055563
2.15967324947036	0.689853711809496
2.16368806919714	0.704209075133161
2.16770288892391	0.718769812422709
2.17415240770796	0.741992389159657
2.18060192649201	0.764551764242501
2.18705144527606	0.786402262714953
2.19350096406011	0.807804408754563
2.19995048284416	0.82906264237463
2.20640000162821	0.850374784133239
2.21284952041226	0.871803764439946
2.21929903919631	0.893322504636068
2.22574855798036	0.914875013664096
2.2321980767644	0.936418218251406
2.24365529304697	0.974643466756074
2.25511250932954	1.0128150857473
2.26656972561211	1.0509763210785
2.27802694189467	1.08915788715303
2.29879354822444	1.15839003465348
2.3195601545542	1.22762682087952
2.36841216310435	1.3904674780601
2.4172641716545	1.55330048362004
2.49423406668582	1.80986527903106
2.63617848006717	2.28301355629104
2.94134829394032	3.30024629036549
3.07	3.72908550178158
3.07	3.72908550178158
3.07051594754219	3.68148884179454
3.07103189508439	3.63605867223454
3.07241592882862	3.52370705566216
3.07379996257285	3.4229706571584
3.07518399631708	3.33350915800204
3.07822316522902	3.16950476281057
3.08126233414097	3.04281308580678
3.08430150305292	2.94439455237474
3.08734067196486	2.86698027292921
3.09037984087681	2.80501678091712
3.09341900978875	2.75436170781813
3.0964581787007	2.71196169572794
3.09949734761264	2.67557965068088
3.10253651652459	2.64358162325198
3.10557568543653	2.61477612183478
3.11060542122524	2.57190928948281
3.11563515701395	2.53302324999161
3.12470191394033	2.46837906799222
3.1337686708667	2.40639839339612
3.14283542779308	2.34500379676669
3.15190218471946	2.28384892797732
3.17043087743881	2.15967663638641
3.19857219571059	1.97183172180797
3.22671351398237	1.78426456552701
3.28670394307411	1.38440502778827
3.34669437216586	0.984471131311487
3.43719177695259	0.381146504033785
3.49436314569737	-2.64677169070637e-13
3.49436314569737	0
3.49478959387401	0
3.49521604205065	0
3.49619895386732	0
3.49718186568399	0
3.49816477750066	0
3.50025307876934	0
3.50234138003803	0
3.50442968130671	0
3.5065179825754	0
3.50980985868127	0
3.51310173478714	0
3.51639361089301	0
3.51968548699888	0
3.52297736310475	0
3.52626923921062	0
3.53196983410057	0
3.54064638591632	0
3.54932293773206	0
3.55799948954781	0
3.56667604136356	0
3.57535259317931	0
3.58402914499506	0
3.5927056968108	0
3.60138224862655	0
3.6100588004423	0
3.61873535225805	0
3.6274119040738	0
3.63608845588954	0
3.64476500770529	0
3.65837130845647	0
3.67197760920765	0
3.68558390995883	0
3.69919021071001	0
3.72108422334089	0
3.74297823597177	0
3.76487224860265	0
3.78676626123353	0
3.80866027386441	0
3.83055428649529	0
3.85244829912617	0
3.87434231175705	0
3.89623632438793	0
3.91813033701881	0
3.94002434964969	0
3.96191836228058	0
3.98381237491146	0
4	0
