0	-0.1
1.71612953244125e-05	-0.1
0.17163011453945	-0.1
0.5	-0.1
0.5	-0.1
0.50000000675465	-0.0999999999999995
0.500067553258538	-0.0999999546784451
0.50033447143233	-0.0999993118565635
0.500601389606121	-0.0999980612151912
0.500868307779913	-0.099996165485494
0.501544248568577	-0.0999885144418763
0.502220189357241	-0.0999769248033543
0.502896130145905	-0.0999615834412426
0.503572070934568	-0.0999426706107085
0.504248011723232	-0.0999203495947733
0.504923952511896	-0.0998947649923273
0.50559989330056	-0.099866043507134
0.506275834089224	-0.0998342956390172
0.506951774877888	-0.099799617540335
0.507627715666552	-0.0997620928206604
0.508682385107338	-0.099698006878012
0.509737054548123	-0.0996273788422016
0.510791723988909	-0.0995504257005002
0.512585726023169	-0.099405401060877
0.51437972805743	-0.099243126545669
0.51617373009169	-0.0990641239741807
0.519673570902593	-0.0986684064089348
0.523173411713496	-0.0982140002502667
0.526673252524399	-0.0977046781469374
0.530173093335301	-0.0971448933607279
0.533672934146204	-0.0965397569319194
0.537172774957107	-0.0958947633481237
0.54067261576801	-0.095215554892106
0.544172456578913	-0.0945078100050264
0.547672297389815	-0.0937770898385898
0.551172138200718	-0.0930287030526395
0.554671979011621	-0.0922676399485771
0.558171819822524	-0.0914984856569421
0.561671660633427	-0.090725388341549
0.56517150144433	-0.0899521136058476
0.568671342255232	-0.0891820718001845
0.572171183066135	-0.0884182729472512
0.575671023877038	-0.0876633136973278
0.579170864687941	-0.0869194680688289
0.582670705498844	-0.086188747964486
0.586170546309747	-0.0854728629910285
0.589670387120649	-0.084773208746855
0.593170227931552	-0.0840909599473996
0.596670068742455	-0.0834271293909151
0.600169909553358	-0.0827825122232253
0.603669750364261	-0.082157664501693
0.607169591175163	-0.0815530022465604
0.610669431986066	-0.080968862012277
0.614169272796969	-0.0804054307378627
0.617669113607872	-0.0798627145403582
0.621168954418775	-0.0793406437949904
0.624668795229678	-0.0788391346818817
0.62816863604058	-0.0783580021529365
0.631668476851483	-0.0778969176416424
0.635168317662386	-0.0774555224050814
0.638668158473289	-0.0770334918265462
0.642167999284192	-0.0766304315268728
0.645667840095094	-0.076245859405979
0.649167680905997	-0.0758792681179548
0.6526675217169	-0.075530122945238
0.656167362527803	-0.0751978735195307
0.659667203338706	-0.0748820018111383
0.663167044149609	-0.0745820135362931
0.666666884960511	-0.0742973882865623
0.670166725771414	-0.0740275604040765
0.673666566582317	-0.0737719451893774
0.679993349922736	-0.0733441180300639
0.686320133263156	-0.0729576486272246
0.692646916603575	-0.0726094234032684
0.698973699943994	-0.0722964591362353
0.705300483284414	-0.0720158748256112
0.711627266624833	-0.0717649055107639
0.717954049965253	-0.0715409414212561
0.724280833305672	-0.071341547805255
0.737534388403317	-0.0709936373003457
0.759784604193965	-0.0705795436027521
0.776240505017607	-0.070375436715798
0.792696405841248	-0.0702336265514469
0.80915230666489	-0.0701373015359671
0.825608207488532	-0.0700735626812093
0.842064108312174	-0.0700327565429853
0.858520009135815	-0.0700077572840474
0.874975909959457	-0.0699933802287312
0.904922179897659	-0.0699834607641489
0.926758916133692	-0.0699831932792091
0.948595652369724	-0.0699853391037528
0.982334523287929	-0.0699898169621349
1.01607339420613	-0.0699934958013296
1.04981226512434	-0.0699958171333917
1.08355113604254	-0.0699972741972112
1.11729000696075	-0.0699983963096012
1.16937526477814	-0.0699997026954944
1.22146052259553	-0.0700002902744476
1.27354578041292	-0.0700002294367178
1.32563103823031	-0.0699999984111396
1.3777162960477	-0.0699999311517799
1.47906997668385	-0.0700001228403369
1.5	-0.0700001320573516
1.5	-0.0700001320573516
1.50011066393617	-0.0700002531443709
1.50022132787233	-0.0700004937163943
1.50057312926717	-0.0700020488679516
1.50092493066201	-0.0700046332645481
1.50127673205686	-0.0700083056794948
1.50227628447866	-0.0700245036581409
1.50279434112971	-0.0700361778362959
1.50331239778077	-0.0700499679140908
1.50383045443183	-0.0700657930601845
1.50464549475378	-0.0700946629934524
1.50546053507573	-0.0701281790278186
1.50627557539768	-0.0701661097982546
1.50799128254991	-0.0702597300889491
1.50970698970213	-0.0703709927007723
1.51142269685436	-0.0704989543242877
1.51313840400658	-0.0706430119762478
1.51485411115881	-0.0708027144396533
1.51656981831103	-0.0709776642548963
1.51828552546326	-0.0711674773980737
1.52012550400934	-0.0713870063054202
1.52196548255542	-0.0716226013452226
1.52380546110151	-0.07187372929571
1.52564543964759	-0.0721398122693885
1.52748541819367	-0.0724201748678019
1.52988887115418	-0.072806863788179
1.53229232411469	-0.0732152493584154
1.5346957770752	-0.0736435602630746
1.53953801221057	-0.0745594340020594
1.54438024734595	-0.0755336501729341
1.54922248248132	-0.0765516611700942
1.55406471761669	-0.0775994956761349
1.55890695275206	-0.0786644081255606
1.56374918788743	-0.079735212474769
1.5685914230228	-0.0808022971003514
1.57343365815817	-0.0818575129259186
1.57827589329355	-0.0828940452096178
1.58311812842892	-0.0839062894605237
1.58796036356429	-0.084889726103013
1.59733556522965	-0.0867005393793976
1.60671076689501	-0.088373763319537
1.61608596856037	-0.0898998803760337
1.62546117022573	-0.0912768852630876
1.64042220840144	-0.093175496159907
1.65538324657716	-0.0947319506202424
1.67034428475288	-0.0959854599425751
1.68530532292859	-0.0969804139141327
1.70026636110431	-0.0977598670594678
1.71522739928003	-0.0983624317229582
1.74016489952628	-0.099063471013765
1.76510239977253	-0.0994938642967254
1.79003990001879	-0.0997485435282487
1.81497740026504	-0.0998925092748642
1.8399149005113	-0.0999684387564655
1.86485240075755	-0.100004339522098
1.88978990100381	-0.10001822251735
1.91472740125006	-0.10002095464605
1.93966490149631	-0.10001882724836
1.96460240174257	-0.100015215385938
1.98953990198882	-0.100011449835754
2.03435842819725	-0.100006727108547
2.07	-0.100004306085825
2.07	-0.100004306085825
2.07011068884603	-0.10000441771779
2.07022137769206	-0.10000464923827
2.07058375143596	-0.100006244450079
2.07094612517986	-0.100008931308613
2.07130849892377	-0.100012769342554
2.07192233189747	-0.100021862852452
2.07253616487117	-0.100034107850531
2.07314999784487	-0.100049370700612
2.07431393079973	-0.100086125412086
2.07547786375458	-0.100132563599895
2.07664179670944	-0.100188067573532
2.0783985988659	-0.100287960373247
2.08015540102236	-0.10040610851452
2.08191220317881	-0.100541609229535
2.08366900533527	-0.100693839681374
2.08542580749173	-0.100862323201831
2.08718260964818	-0.101046643788404
2.08893941180464	-0.101246397008579
2.09159336751673	-0.101576147544342
2.09424732322882	-0.101938328589441
2.09690127894091	-0.102331192463335
2.09834842161823	-0.102557854838436
2.09979556429555	-0.102792756930491
2.10108691018473	-0.103009005987872
2.10108691018473	-0.103009005987872
2.10125738752959	-0.103036544860785
2.10142786487445	-0.103062664012644
2.10197947984409	-0.103137387742905
2.10253109481373	-0.103199230301213
2.10308270978337	-0.103247364901242
2.10467522922986	-0.103311153251809
2.10542596960845	-0.103303328381537
2.10617670998704	-0.1032727190387
2.10692745036563	-0.103220439550111
2.10767819074422	-0.103147634071763
2.1084289311228	-0.103055470896795
2.10976054919667	-0.10284821289657
2.11109216727054	-0.102590049137708
2.1124237853444	-0.102287489293845
2.11502858694211	-0.1015913336266
2.1166805459128	-0.101094926081478
2.1183325048835	-0.100567850062676
2.11998446385419	-0.100018734826851
2.12163642282489	-0.0994549952945443
2.12328838179558	-0.0988828501333299
2.12494034076627	-0.0983073745978899
2.12659229973697	-0.0977325804687227
2.12908090555994	-0.0968743260639944
2.13156951138291	-0.0960313002072948
2.13558433110969	-0.0947110661511341
2.13959915083647	-0.0934399094264913
2.14361397056325	-0.0922085970725216
2.14762879029003	-0.0910040426446445
2.1516436100168	-0.0898141428673164
2.15565842974358	-0.088629860185109
2.15967324947036	-0.0874454017759729
2.16368806919714	-0.0862576114611495
2.16770288892391	-0.0850652452977531
2.17415240770796	-0.0831408260705215
2.18060192649201	-0.081208060337956
2.18705144527606	-0.0792709773236696
2.19350096406011	-0.077333076366453
2.19995048284416	-0.0753962689083575
2.20640000162821	-0.0734609133224571
2.21284952041226	-0.0715264874955755
2.21929903919631	-0.0695923013907173
2.22574855798036	-0.0676579110901537
2.2321980767644	-0.0657232002958244
2.24365529304697	-0.0622858861124959
2.25511250932954	-0.0588484484999739
2.26656972561211	-0.0554111956656093
2.27802694189467	-0.0519741282583
2.29879354822444	-0.0457443383062208
2.3195601545542	-0.0395143677125362
2.36841216310435	-0.02485870480746
2.4172641716545	-0.0102030512592548
2.49423406668582	0.0128879154779308
2.63617848006717	0.0554712364316735
2.94134829394032	0.147022181430602
3.07	0.185617692713571
3.07	0.185617692713571
3.07051594754219	0.185749694288217
3.07103189508439	0.185860030957694
3.07241592882862	0.186060857961666
3.07379996257285	0.18614553278
3.07518399631708	0.186117458600224
3.07822316522902	0.185731389915263
3.08126233414097	0.184972194040053
3.08430150305292	0.183930266726099
3.08734067196486	0.182678296875211
3.09037984087681	0.181271819157065
3.09341900978875	0.1797522572584
3.0964581787007	0.178150144757682
3.09949734761264	0.176487852592894
3.10253651652459	0.174781720256398
3.10557568543653	0.173043662662658
3.11060542122524	0.170119173797799
3.11563515701395	0.167154877005947
3.12470191394033	0.161756814214143
3.1337686708667	0.156332116342966
3.14283542779308	0.150901557690248
3.15190218471946	0.145468601762874
3.17043087743881	0.134357862878897
3.19857219571059	0.11747543318571
3.22671351398237	0.100590225877034
3.28670394307411	0.0645952018059899
3.34669437216586	0.0286009214537618
3.43719177695259	-0.0256974352868134
3.49436314569737	-0.0600002161489052
3.49436314569737	-0.0600002161489052
3.49478959387401	-0.0602548767179469
3.49521604205065	-0.0605083350982247
3.49619895386732	-0.061088290433593
3.49718186568399	-0.0616626300489383
3.49816477750066	-0.0622309241280895
3.50025307876934	-0.0634178155917414
3.50234138003803	-0.0645770772642821
3.50442968130671	-0.0657089651140248
3.5065179825754	-0.0668137783624848
3.50980985868127	-0.0685009901316513
3.51310173478714	-0.0701226778657871
3.51639361089301	-0.071680071309494
3.51968548699888	-0.0731743871842344
3.52297736310475	-0.0746068433076791
3.52626923921062	-0.0759787291622095
3.53196983410057	-0.0782153946000035
3.54064638591632	-0.0812968478508156
3.54932293773206	-0.0840139853296853
3.55799948954781	-0.0863967805430526
3.56667604136356	-0.0884757744187601
3.57535259317931	-0.0902810490667089
3.58402914499506	-0.091841454652018
3.5927056968108	-0.0931841515309686
3.60138224862655	-0.0943343933404935
3.6100588004423	-0.0953154296025598
3.61873535225805	-0.0961484631124156
3.6274119040738	-0.096852661642854
3.63608845588954	-0.0974452284955018
3.64476500770529	-0.0979415111174277
3.65837130845647	-0.0985576007352492
3.67197760920765	-0.0990147058329807
3.68558390995883	-0.0993495138461554
3.69919021071001	-0.0995908648164217
3.72108422334089	-0.0998394544025038
3.74297823597177	-0.0999737287021869
3.76487224860265	-0.100038521158566
3.78676626123353	-0.10006297691155
3.80866027386441	-0.100065904793626
3.83055428649529	-0.100058829771924
3.85244829912617	-0.100048223385422
3.87434231175705	-0.100037366154661
3.89623632438793	-0.100027745828683
3.91813033701881	-0.100019887558613
3.94002434964969	-0.100013795407629
3.96191836228058	-0.100009261862845
3.98381237491146	-0.10000604313424
4	-0.100004347941997
