0	-0.1
1.71612953244125e-05	-0.1
0.17163011453945	-0.1
0.5	-0.1
0.5	-0.1
0.50000000675465	-0.0999999932453537
0.500067553258538	-0.0999328580032389
0.50033447143233	-0.0996716136006193
0.500601389606121	-0.0994156542551391
0.500868307779913	-0.0991650966246038
0.501544248568577	-0.0985531763750998
0.502220189357241	-0.0979709895094305
0.502896130145905	-0.0974144319408792
0.503572070934568	-0.0968804832021747
0.504248011723232	-0.0963660267526224
0.504923952511896	-0.0958683170681351
0.50559989330056	-0.0953848915468321
0.506275834089224	-0.094913588588684
0.506951774877888	-0.0944525190598867
0.507627715666552	-0.094000044462606
0.508682385107338	-0.0933081349208234
0.509737054548123	-0.0926296690403511
0.510791723988909	-0.0919609561756766
0.512585726023169	-0.0908389904354974
0.51437972805743	-0.0897293716596345
0.51617373009169	-0.0886297654492988
0.519673570902593	-0.0865069513642557
0.523173411713496	-0.0844249736722743
0.526673252524399	-0.0824065083089791
0.530173093335301	-0.0804766645082098
0.533672934146204	-0.0786548277444659
0.537172774957107	-0.0769511911552755
0.54067261576801	-0.0753747025549132
0.544172456578913	-0.0739322664771134
0.547672297389815	-0.0726223131951025
0.551172138200718	-0.0714416148681143
0.554671979011621	-0.070386147318911
0.558171819822524	-0.0694468294704415
0.561671660633427	-0.0686159427024044
0.56517150144433	-0.0678881423334271
0.568671342255232	-0.0672560078881279
0.572171183066135	-0.0667094534319115
0.575671023877038	-0.066240131351327
0.579170864687941	-0.0658438970910506
0.582670705498844	-0.0655148880344802
0.586170546309747	-0.0652441391732051
0.589670387120649	-0.0650251040142878
0.593170227931552	-0.0648555222321095
0.596670068742455	-0.064731300105429
0.600169909553358	-0.0646445482722973
0.603669750364261	-0.0645900805384459
0.607169591175163	-0.0645674917515973
0.610669431986066	-0.0645742064308205
0.614169272796969	-0.0646032286891194
0.617669113607872	-0.064650540136219
0.621168954418775	-0.064717403535845
0.624668795229678	-0.0648025042766113
0.62816863604058	-0.0648993539448316
0.631668476851483	-0.0650047319703567
0.635168317662386	-0.0651213132047827
0.638668158473289	-0.0652487315929932
0.642167999284192	-0.0653806598253305
0.645667840095094	-0.0655164962058241
0.649167680905997	-0.065656624356213
0.6526675217169	-0.0657980443094427
0.656167362527803	-0.0659406246673079
0.659667203338706	-0.0660859605538476
0.663167044149609	-0.0662329085731281
0.666666884960511	-0.0663792070673101
0.670166725771414	-0.0665235315637807
0.673666566582317	-0.0666656636623716
0.679993349922736	-0.0669164610026376
0.686320133263156	-0.0671588697863605
0.692646916603575	-0.0673917474775344
0.698973699943994	-0.0676132640423126
0.705300483284414	-0.0678221306075682
0.711627266624833	-0.0680180653273332
0.717954049965253	-0.0682012885295425
0.724280833305672	-0.0683720102307024
0.737534388403317	-0.0686899519677837
0.759784604193965	-0.0691116708054404
0.776240505017607	-0.0693453286675546
0.792696405841248	-0.0695250714242004
0.80915230666489	-0.0696617428211978
0.825608207488532	-0.0697641396988329
0.842064108312174	-0.069839028971943
0.858520009135815	-0.0698924018010473
0.874975909959457	-0.0699300219385553
0.904922179897659	-0.0699717935584214
0.926758916133692	-0.0699886464440689
0.948595652369724	-0.0699975123396285
0.982334523287929	-0.0700013246677186
1.01607339420613	-0.0700004220879686
1.04981226512434	-0.0700000199559058
1.08355113604254	-0.0700008054258605
1.11729000696075	-0.0700011734193741
1.16937526477814	-0.0700006563048368
1.22146052259553	-0.0699998092334587
1.27354578041292	-0.0699996016873939
1.32563103823031	-0.0699998932943602
1.3777162960477	-0.0700001037016785
1.47906997668385	-0.0700002405918435
1.5	-0.0700000872968013
1.5	-0.0700000872968013
1.50011066393617	-0.0701096726659834
1.50022132787233	-0.0702182060944299
1.50057312926717	-0.0705564454295458
1.50092493066201	-0.070886061725288
1.50127673205686	-0.0712068519597754
1.50227628447866	-0.072075675523546
1.50279434112971	-0.0725023626421342
1.50331239778077	-0.0729154009473482
1.50383045443183	-0.0733163371413084
1.50464549475378	-0.0739254693436552
1.50546053507573	-0.0745122369066596
1.50627557539768	-0.0750811342850335
1.50799128254991	-0.076233214629104
1.50970698970213	-0.0773435478285319
1.51142269685436	-0.0784291096189779
1.51313840400658	-0.079499534639941
1.51485411115881	-0.0805599038424508
1.51656981831103	-0.0816124050407768
1.51828552546326	-0.0826572515484969
1.52012550400934	-0.083767398537722
1.52196548255542	-0.0848645092152822
1.52380546110151	-0.0859456184013786
1.52564543964759	-0.0870074357528141
1.52748541819367	-0.0880470086261979
1.52988887115418	-0.0893666018229689
1.53229232411469	-0.0906374630491865
1.5346957770752	-0.0918542290402561
1.53953801221057	-0.0941286598561659
1.54438024734595	-0.0961523956146309
1.54922248248132	-0.0979212503007901
1.55406471761669	-0.0994452743549413
1.55890695275206	-0.100741848278752
1.56374918788743	-0.101831055366798
1.5685914230228	-0.102733640169621
1.57343365815817	-0.103470067168155
1.57827589329355	-0.104059872649154
1.58311812842892	-0.104521213427847
1.58796036356429	-0.104870658310311
1.59733556522965	-0.105281442672874
1.60671076689501	-0.105419098584048
1.61608596856037	-0.105359743766319
1.62546117022573	-0.105162836031106
1.64042220840144	-0.104670233831411
1.65538324657716	-0.104073618448947
1.67034428475288	-0.103458915034448
1.68530532292859	-0.102873455624213
1.70026636110431	-0.102342301215713
1.71522739928003	-0.10187741076193
1.74016489952628	-0.101257898086425
1.76510239977253	-0.100814261232127
1.79003990001879	-0.100507914578243
1.81497740026504	-0.100303118851099
1.8399149005113	-0.100171403936505
1.86485240075755	-0.10009004219228
1.88978990100381	-0.100042841292347
1.91472740125006	-0.100017864676231
1.93966490149631	-0.100004924746191
1.96460240174257	-0.0999980526805448
1.98953990198882	-0.0999957127448231
2.03435842819725	-0.0999947335045398
2.07	-0.0999956709090094
2.07	-0.0999956709090094
2.07011068884603	-0.100105269762888
2.07022137769206	-0.100213813726885
2.07058375143596	-0.100561980412427
2.07094612517986	-0.100901018326607
2.07130849892377	-0.101230744398351
2.07192233189747	-0.10176955107583
2.07253616487117	-0.102285652149095
2.07314999784487	-0.102781670052604
2.07431393079973	-0.103676198367569
2.07547786375458	-0.104521116747767
2.07664179670944	-0.105328480699889
2.0783985988659	-0.106496508761613
2.08015540102236	-0.107625385043668
2.08191220317881	-0.108731279638462
2.08366900533527	-0.109823375116342
2.08542580749173	-0.110906213366144
2.08718260964818	-0.111981314354923
2.08893941180464	-0.113048225517158
2.09159336751673	-0.11463850597685
2.09424732322882	-0.116196151283798
2.09690127894091	-0.117712221575744
2.09834842161823	-0.118519077884309
2.09979556429555	-0.119309580068523
2.10108691018473	-0.120000000100001
2.10108691018473	-0.120000000100001
2.10125738752959	-0.120089941895846
2.10142786487445	-0.120179572171245
2.10197947984409	-0.120467074526727
2.10253109481373	-0.120750797212953
2.10308270978337	-0.121029893533619
2.10467522922986	-0.121801777138787
2.10542596960845	-0.122147689217354
2.10617670998704	-0.122480218732133
2.10692745036563	-0.12279850402008
2.10767819074422	-0.123101915491922
2.1084289311228	-0.123390008224191
2.10976054919667	-0.123862553239734
2.11109216727054	-0.124285637811113
2.1124237853444	-0.12465975275584
2.11502858694211	-0.125257602969207
2.1166805459128	-0.12555090263451
2.1183325048835	-0.125785352454433
2.11998446385419	-0.125968272576498
2.12163642282489	-0.126107059724472
2.12328838179558	-0.126208936410047
2.12494034076627	-0.126280773708312
2.12659229973697	-0.126328949225792
2.12908090555994	-0.126369305821894
2.13156951138291	-0.126385785580859
2.13558433110969	-0.126394169990259
2.13959915083647	-0.126411503333805
2.14361397056325	-0.126456455120178
2.14762879029003	-0.126533118574208
2.1516436100168	-0.126637267244835
2.15565842974358	-0.126761545560556
2.15967324947036	-0.126898537118095
2.16368806919714	-0.127042090751332
2.16770288892391	-0.127187698124227
2.17415240770796	-0.127419923891597
2.18060192649201	-0.127645517642425
2.18705144527606	-0.12786402262715
2.19350096406011	-0.128078044087546
2.19995048284416	-0.128290626423746
2.20640000162821	-0.128503747841332
2.21284952041226	-0.128718037644399
2.21929903919631	-0.128933225046361
2.22574855798036	-0.129148750136641
2.2321980767644	-0.129364182182514
2.24365529304697	-0.129746434667561
2.25511250932954	-0.130128150857473
2.26656972561211	-0.130509763210785
2.27802694189467	-0.13089157887153
2.29879354822444	-0.131583900346535
2.3195601545542	-0.132276268208795
2.36841216310435	-0.133904674780601
2.4172641716545	-0.1355330048362
2.49423406668582	-0.138098652790311
2.63617848006717	-0.14283013556291
2.94134829394032	-0.153002462903655
3.07	-0.157290855017816
3.07	-0.157290855017816
3.07051594754219	-0.156814888417945
3.07103189508439	-0.156360586722345
3.07241592882862	-0.155237070556622
3.07379996257285	-0.154229706571584
3.07518399631708	-0.15333509158002
3.07822316522902	-0.151695047628106
3.08126233414097	-0.150428130858068
3.08430150305292	-0.149443945523747
3.08734067196486	-0.148669802729292
3.09037984087681	-0.148050167809171
3.09341900978875	-0.147543617078181
3.0964581787007	-0.147119616957279
3.09949734761264	-0.146755796506809
3.10253651652459	-0.14643581623252
3.10557568543653	-0.146147761218348
3.11060542122524	-0.145719092894828
3.11563515701395	-0.145330232499916
3.12470191394033	-0.144683790679922
3.1337686708667	-0.144063983933961
3.14283542779308	-0.143450037967667
3.15190218471946	-0.142838489279773
3.17043087743881	-0.141596766363864
3.19857219571059	-0.13971831721808
3.22671351398237	-0.13784264565527
3.28670394307411	-0.133844050277883
3.34669437216586	-0.129844711313115
3.43719177695259	-0.123811465040338
3.49436314569737	-0.119999999999997
3.49436314569737	-0.119999999999997
3.49478959387401	-0.119971525068189
3.49521604205065	-0.119942949950096
3.49619895386732	-0.119876609348753
3.49718186568399	-0.119809347779546
3.49816477750066	-0.119740816340216
3.50025307876934	-0.11958909603379
3.50234138003803	-0.119427748528335
3.50442968130671	-0.119255369094759
3.5065179825754	-0.119070820911505
3.50980985868127	-0.118754228054996
3.51310173478714	-0.118405998704547
3.51639361089301	-0.118027639664723
3.51968548699888	-0.117622430527264
3.52297736310475	-0.117194358198402
3.52626923921062	-0.116747192961713
3.53196983410057	-0.115937144842011
3.54064638591632	-0.114648983655081
3.54932293773206	-0.113338783854538
3.55799948954781	-0.112047419107558
3.56667604136356	-0.110803773122059
3.57535259317931	-0.109626120208878
3.58402914499506	-0.108525609360579
3.5927056968108	-0.107508967655728
3.60138224862655	-0.106579346683392
3.6100588004423	-0.105736603662712
3.61873535225805	-0.104978146535709
3.6274119040738	-0.104300025718105
3.63608845588954	-0.103697557021949
3.64476500770529	-0.103165472929717
3.65837130845647	-0.102459048627283
3.67197760920765	-0.101889507904888
3.68558390995883	-0.101435509091084
3.69919021071001	-0.10107744446
3.72108422334089	-0.100660221372667
3.74297823597177	-0.100387894498264
3.76487224860265	-0.100214847640021
3.78676626123353	-0.100108797523415
3.80866027386441	-0.100047082054761
3.83055428649529	-0.100013048990412
3.85244829912617	-0.0999955556873924
3.87434231175705	-0.0999884640580139
3.89623632438793	-0.0999872767922194
3.91813033701881	-0.0999877657238891
3.94002434964969	-0.0999888092460656
3.96191836228058	-0.0999916789054186
3.98381237491146	-0.0999947839736375
4	-0.0999951372353747
