0	0
1.71612953244125e-05	0
0.17163011453945	0
0.5	0
0.5	0
0.50000000675465	6.75465038879591e-09
0.500067553258538	6.75532585383479e-05
0.50033447143233	0.000334471432329789
0.500601389606121	0.000601389606121229
0.500868307779913	0.00086830777991267
0.501544248568577	0.00154424856857663
0.502220189357241	0.0022201893572406
0.502896130145905	0.00289613014590456
0.503572070934568	0.00357207093456853
0.504248011723232	0.00424801172323249
0.504923952511896	0.00492395251189645
0.50559989330056	0.00559989330056042
0.506275834089224	0.00627583408922438
0.506951774877888	0.00695177487788835
0.507627715666552	0.00762771566655231
0.508682385107338	0.00868238510733786
0.509737054548123	0.00973705454812341
0.510791723988909	0.010791723988909
0.512585726023169	0.0125857260231693
0.51437972805743	0.0143797280574297
0.51617373009169	0.01617373009169
0.519673570902593	0.0196735709025928
0.523173411713496	0.0231734117134956
0.526673252524399	0.0266732525243984
0.530173093335301	0.0301730933353011
0.533672934146204	0.0336729341462039
0.537172774957107	0.0371727749571067
0.54067261576801	0.0406726157680095
0.544172456578913	0.0441724565789123
0.547672297389815	0.047672297389815
0.551172138200718	0.0511721382007178
0.554671979011621	0.0546719790116206
0.558171819822524	0.0581718198225234
0.561671660633427	0.0616716606334262
0.56517150144433	0.0651715014443289
0.568671342255232	0.0686713422552317
0.572171183066135	0.0721711830661345
0.575671023877038	0.0756710238770373
0.579170864687941	0.0791708646879401
0.582670705498844	0.0826707054988428
0.586170546309747	0.0861705463097456
0.589670387120649	0.0896703871206484
0.593170227931552	0.0931702279315512
0.596670068742455	0.096670068742454
0.600169909553358	0.100169909553357
0.603669750364261	0.10366975036426
0.607169591175163	0.107169591175162
0.610669431986066	0.110669431986065
0.614169272796969	0.114169272796968
0.617669113607872	0.117669113607871
0.621168954418775	0.121168954418773
0.624668795229678	0.124668795229676
0.62816863604058	0.128168636040579
0.631668476851483	0.131668476851482
0.635168317662386	0.135168317662385
0.638668158473289	0.138668158473287
0.642167999284192	0.14216799928419
0.645667840095094	0.145667840095093
0.649167680905997	0.149167680905996
0.6526675217169	0.152667521716898
0.656167362527803	0.156167362527801
0.659667203338706	0.159667203338704
0.663167044149609	0.163167044149607
0.666666884960511	0.166666884960509
0.670166725771414	0.170166725771412
0.673666566582317	0.173666566582315
0.679993349922736	0.179993349922734
0.686320133263156	0.186320133263154
0.692646916603575	0.192646916603573
0.698973699943994	0.198973699943992
0.705300483284414	0.205300483284412
0.711627266624833	0.211627266624831
0.717954049965253	0.21795404996525
0.724280833305672	0.22428083330567
0.737534388403317	0.237534388403315
0.759784604193965	0.259784604193963
0.776240505017607	0.276240505017604
0.792696405841248	0.292696405841246
0.80915230666489	0.309152306664888
0.825608207488532	0.32560820748853
0.842064108312174	0.342064108312172
0.858520009135815	0.358520009135813
0.874975909959457	0.374975909959455
0.904922179897659	0.404922179897657
0.926758916133692	0.42675891613369
0.948595652369724	0.448595652369722
0.982334523287929	0.482334523287927
1.01607339420613	0.516073394206132
1.04981226512434	0.549812265124337
1.08355113604254	0.583551136042543
1.11729000696075	0.617290006960748
1.16937526477814	0.669375264778138
1.22146052259553	0.721460522595528
1.27354578041292	0.773545780412918
1.32563103823031	0.825631038230308
1.3777162960477	0.877716296047699
1.47906997668385	0.979069976683848
1.5	0.999999999999997
1.5	0.999999999999997
1.50011066393617	0.999999999999997
1.50022132787233	0.999999999999997
1.50057312926717	0.999999999999997
1.50092493066201	0.999999999999997
1.50127673205686	0.999999999999997
1.50227628447866	0.999999999999997
1.50279434112971	0.999999999999997
1.50331239778077	0.999999999999997
1.50383045443183	0.999999999999997
1.50464549475378	0.999999999999997
1.50546053507573	0.999999999999997
1.50627557539768	0.999999999999997
1.50799128254991	0.999999999999997
1.50970698970213	0.999999999999997
1.51142269685436	0.999999999999997
1.51313840400658	0.999999999999997
1.51485411115881	0.999999999999997
1.51656981831103	0.999999999999997
1.51828552546326	0.999999999999997
1.52012550400934	0.999999999999997
1.52196548255542	0.999999999999997
1.52380546110151	0.999999999999997
1.52564543964759	0.999999999999997
1.52748541819367	0.999999999999997
1.52988887115418	0.999999999999997
1.53229232411469	0.999999999999997
1.5346957770752	0.999999999999997
1.53953801221057	0.999999999999997
1.54438024734595	0.999999999999997
1.54922248248132	0.999999999999997
1.55406471761669	0.999999999999997
1.55890695275206	0.999999999999997
1.56374918788743	0.999999999999997
1.5685914230228	0.999999999999997
1.57343365815817	0.999999999999997
1.57827589329355	0.999999999999997
1.58311812842892	0.999999999999997
1.58796036356429	0.999999999999997
1.59733556522965	0.999999999999997
1.60671076689501	0.999999999999997
1.61608596856037	0.999999999999997
1.62546117022573	0.999999999999997
1.64042220840144	0.999999999999997
1.65538324657716	0.999999999999997
1.67034428475288	0.999999999999997
1.68530532292859	0.999999999999997
1.70026636110431	0.999999999999997
1.71522739928003	0.999999999999997
1.74016489952628	0.999999999999997
1.76510239977253	0.999999999999997
1.79003990001879	0.999999999999997
1.81497740026504	0.999999999999997
1.8399149005113	0.999999999999997
1.86485240075755	0.999999999999997
1.88978990100381	0.999999999999997
1.91472740125006	0.999999999999997
1.93966490149631	0.999999999999997
1.96460240174257	0.999999999999997
1.98953990198882	0.999999999999997
2.03435842819725	0.999999999999997
2.07	0.999999999999997
2.07	0.999999999999997
2.07011068884603	0.99988931115397
2.07022137769206	0.999778622307942
2.07058375143596	0.999416248564038
2.07094612517986	0.999053874820133
2.07130849892377	0.998691501076228
2.07192233189747	0.998077668102528
2.07253616487117	0.997463835128827
2.07314999784487	0.996850002155126
2.07431393079973	0.995686069200269
2.07547786375458	0.994522136245413
2.07664179670944	0.993358203290556
2.0783985988659	0.9916014011341
2.08015540102236	0.989844598977643
2.08191220317881	0.988087796821186
2.08366900533527	0.986330994664729
2.08542580749173	0.984574192508272
2.08718260964818	0.982817390351815
2.08893941180464	0.981060588195358
2.09159336751673	0.978406632483267
2.09424732322882	0.975752676771176
2.09690127894091	0.973098721059084
2.09834842161823	0.971651578381765
2.09979556429555	0.970204435704446
2.10108691018473	0.968913089815266
2.10108691018473	0.968913089815266
2.10125738752959	0.968742612470409
2.10142786487445	0.968572135125552
2.10197947984409	0.968020520155913
2.10253109481373	0.967468905186273
2.10308270978337	0.966917290216633
2.10467522922986	0.96532477077014
2.10542596960845	0.964574030391551
2.10617670998704	0.963823290012962
2.10692745036563	0.963072549634373
2.10767819074422	0.962321809255784
2.1084289311228	0.961571068877195
2.10976054919667	0.960239450803328
2.11109216727054	0.958907832729461
2.1124237853444	0.957576214655595
2.11502858694211	0.95497141305789
2.1166805459128	0.953319454087196
2.1183325048835	0.951667495116501
2.11998446385419	0.950015536145807
2.12163642282489	0.948363577175112
2.12328838179558	0.946711618204418
2.12494034076627	0.945059659233723
2.12659229973697	0.943407700263029
2.12908090555994	0.940919094440056
2.13156951138291	0.938430488617084
2.13558433110969	0.934415668890306
2.13959915083647	0.930400849163528
2.14361397056325	0.926386029436751
2.14762879029003	0.922371209709973
2.1516436100168	0.918356389983195
2.15565842974358	0.914341570256418
2.15967324947036	0.91032675052964
2.16368806919714	0.906311930802863
2.16770288892391	0.902297111076085
2.17415240770796	0.895847592292036
2.18060192649201	0.889398073507987
2.18705144527606	0.882948554723938
2.19350096406011	0.876499035939889
2.19995048284416	0.870049517155841
2.20640000162821	0.863599998371792
2.21284952041226	0.857150479587743
2.21929903919631	0.850700960803694
2.22574855798036	0.844251442019645
2.2321980767644	0.837801923235596
2.24365529304697	0.826344706953029
2.25511250932954	0.814887490670462
2.26656972561211	0.803430274387895
2.27802694189467	0.791973058105329
2.29879354822444	0.771206451775564
2.3195601545542	0.7504398454458
2.36841216310435	0.701587836895648
2.4172641716545	0.652735828345496
2.49423406668582	0.575765933314183
2.63617848006717	0.433821519932834
2.94134829394032	0.128651706059681
3.07	-2.22044604925031e-16
3.07	-2.22044604925031e-16
3.07051594754219	-2.22044604925031e-16
3.07103189508439	-2.22044604925031e-16
3.07241592882862	-2.22044604925031e-16
3.07379996257285	-2.22044604925031e-16
3.07518399631708	-2.22044604925031e-16
3.07822316522902	-2.22044604925031e-16
3.08126233414097	-2.22044604925031e-16
3.08430150305292	-2.22044604925031e-16
3.08734067196486	-2.22044604925031e-16
3.09037984087681	-2.22044604925031e-16
3.09341900978875	-2.22044604925031e-16
3.0964581787007	-2.22044604925031e-16
3.09949734761264	-2.22044604925031e-16
3.10253651652459	-2.22044604925031e-16
3.10557568543653	-2.22044604925031e-16
3.11060542122524	-2.22044604925031e-16
3.11563515701395	-2.22044604925031e-16
3.12470191394033	-2.22044604925031e-16
3.1337686708667	-2.22044604925031e-16
3.14283542779308	-2.22044604925031e-16
3.15190218471946	-2.22044604925031e-16
3.17043087743881	-2.22044604925031e-16
3.19857219571059	-2.22044604925031e-16
3.22671351398237	-2.22044604925031e-16
3.28670394307411	-2.22044604925031e-16
3.34669437216586	-2.22044604925031e-16
3.43719177695259	-2.22044604925031e-16
3.49436314569737	-2.22044604925031e-16
3.49436314569737	-2.22044604925031e-16
3.49478959387401	-2.22044604925031e-16
3.49521604205065	-2.22044604925031e-16
3.49619895386732	-2.22044604925031e-16
3.49718186568399	-2.22044604925031e-16
3.49816477750066	-2.22044604925031e-16
3.50025307876934	-2.22044604925031e-16
3.50234138003803	-2.22044604925031e-16
3.50442968130671	-2.22044604925031e-16
3.5065179825754	-2.22044604925031e-16
3.50980985868127	-2.22044604925031e-16
3.51310173478714	-2.22044604925031e-16
3.51639361089301	-2.22044604925031e-16
3.51968548699888	-2.22044604925031e-16
3.52297736310475	-2.22044604925031e-16
3.52626923921062	-2.22044604925031e-16
3.53196983410057	-2.22044604925031e-16
3.54064638591632	-2.22044604925031e-16
3.54932293773206	-2.22044604925031e-16
3.55799948954781	-2.22044604925031e-16
3.56667604136356	-2.22044604925031e-16
3.57535259317931	-2.22044604925031e-16
3.58402914499506	-2.22044604925031e-16
3.5927056968108	-2.22044604925031e-16
3.60138224862655	-2.22044604925031e-16
3.6100588004423	-2.22044604925031e-16
3.61873535225805	-2.22044604925031e-16
3.6274119040738	-2.22044604925031e-16
3.63608845588954	-2.22044604925031e-16
3.64476500770529	-2.22044604925031e-16
3.65837130845647	-2.22044604925031e-16
3.67197760920765	-2.22044604925031e-16
3.68558390995883	-2.22044604925031e-16
3.69919021071001	-2.22044604925031e-16
3.72108422334089	-2.22044604925031e-16
3.74297823597177	-2.22044604925031e-16
3.76487224860265	-2.22044604925031e-16
3.78676626123353	-2.22044604925031e-16
3.80866027386441	-2.22044604925031e-16
3.83055428649529	-2.22044604925031e-16
3.85244829912617	-2.22044604925031e-16
3.87434231175705	-2.22044604925031e-16
3.89623632438793	-2.22044604925031e-16
3.91813033701881	-2.22044604925031e-16
3.94002434964969	-2.22044604925031e-16
3.96191836228058	-2.22044604925031e-16
3.98381237491146	-2.22044604925031e-16
4	-2.22044604925031e-16
