0	0
1.71612953244125e-05	0
0.17163011453945	0
0.5	0
0.5	0
0.50000000675465	4.56253049356709e-15
0.500067553258538	4.56583332173922e-07
0.50033447143233	6.77317638555568e-06
0.500601389606121	1.89826460691205e-05
0.500868307779913	3.72389190224886e-05
0.501544248568577	0.000108910501800131
0.502220189357241	0.000214254063316862
0.502896130145905	0.000348978645541112
0.503572070934568	0.000509883526034742
0.504248011723232	0.000693688881081615
0.504923952511896	0.000897504587704198
0.50559989330056	0.00111874134025853
0.506275834089224	0.00135512703889123
0.506951774877888	0.00160467639744013
0.507627715666552	0.00186566730849791
0.508682385107338	0.00229251315014928
0.509737054548123	0.00273934474627295
0.510791723988909	0.00320225446408527
0.512585726023169	0.00401931539778977
0.51437972805743	0.00486597317139509
0.51617373009169	0.00573937156680818
0.519673570902593	0.00751211585791369
0.523173411713496	0.00938438513550314
0.526673252524399	0.0113750826864401
0.530173093335301	0.013504864482783
0.533672934146204	0.0157880049587504
0.537172774957107	0.0182292027642584
0.54067261576801	0.0208317634308167
0.544172456578913	0.0235969130509993
0.547672297389815	0.0265175207463277
0.551172138200718	0.0295850500161927
0.554671979011621	0.0327904863819545
0.558171819822524	0.0361201636360228
0.561671660633427	0.0395622149942816
0.56517150144433	0.0431075301719084
0.568671342255232	0.0467452783431751
0.572171183066135	0.0504623635507949
0.575671023877038	0.0542478415310364
0.579170864687941	0.0580952937101617
0.582670705498844	0.0619968455688371
0.586170546309747	0.0659418224919222
0.589670387120649	0.0699222823880811
0.593170227931552	0.0739347902162611
0.596670068742455	0.0779742394569678
0.600169909553358	0.0820319456024287
0.603669750364261	0.0861021664010124
0.607169591175163	0.0901840806801992
0.610669431986066	0.0942747764046086
0.614169272796969	0.0983670707482246
0.617669113607872	0.102456939203732
0.621168954418775	0.106545714159628
0.624668795229678	0.110632164824406
0.62816863604058	0.114709987832474
0.631668476851483	0.118776291180196
0.635168317662386	0.122834108462086
0.638668158473289	0.126883398239734
0.642167999284192	0.130918227582648
0.645667840095094	0.134938476894938
0.649167680905997	0.138945037144254
0.6526675217169	0.142935443081103
0.656167362527803	0.146910113675578
0.659667203338706	0.150871162081413
0.663167044149609	0.154817939186442
0.666666884960511	0.158748703741257
0.670166725771414	0.162662696931116
0.673666566582317	0.166560285055309
0.679993349922736	0.173565692895308
0.686320133263156	0.18052135442229
0.692646916603575	0.187429240677839
0.698973699943994	0.19429050485007
0.705300483284414	0.201106739066369
0.711627266624833	0.2078804264414
0.717954049965253	0.214614397073537
0.724280833305672	0.221311295731117
0.737534388403317	0.235230703070753
0.759784604193965	0.258316731396651
0.776240505017607	0.275210396969361
0.792696405841248	0.291987850714
0.80915230666489	0.308676747950119
0.825608207488532	0.325298784506153
0.842064108312174	0.341870380741129
0.858520009135815	0.358404653652813
0.874975909959457	0.374912551669279
0.904922179897659	0.40491051269193
0.926758916133692	0.426764369298549
0.948595652369724	0.448607825605598
0.982334523287929	0.482346030993511
1.01607339420613	0.516080320492771
1.04981226512434	0.549816467946852
1.08355113604254	0.583554667271192
1.11729000696075	0.617292784070521
1.16937526477814	0.66937621838748
1.22146052259553	0.721460041554539
1.27354578041292	0.773545152663594
1.32563103823031	0.825630933113529
1.3777162960477	0.877716468597597
1.47906997668385	0.979070094435355
1.5	0.999999955239447
1.5	0.999999955239447
1.50011066393617	1.00010941952161
1.50022132787233	1.00021771237803
1.50057312926717	1.00055439656159
1.50092493066201	1.00088142846074
1.50127673205686	1.00119854628028
1.50227628447866	1.0020511718654
1.50279434112971	1.00246618480584
1.50331239778077	1.00286543303325
1.50383045443183	1.00325054408112
1.50464549475378	1.0038308063502
1.50546053507573	1.00438405787884
1.50627557539768	1.00491502448678
1.50799128254991	1.00597348454015
1.50970698970213	1.00697255512776
1.51142269685436	1.00793015529469
1.51313840400658	1.00885652266369
1.51485411115881	1.00975718940279
1.51656981831103	1.01063474078588
1.51828552546326	1.01148977415042
1.52012550400934	1.0123803922323
1.52196548255542	1.01324190787006
1.52380546110151	1.01407188910567
1.52564543964759	1.01486762348342
1.52748541819367	1.01562683375839
1.52988887115418	1.01655973803479
1.53229232411469	1.01742221369077
1.5346957770752	1.01821066877718
1.53953801221057	1.0195692258541
1.54438024734595	1.02061874544169
1.54922248248132	1.02136958913069
1.55406471761669	1.0218457786788
1.55890695275206	1.02207744015319
1.56374918788743	1.02209584289203
1.5685914230228	1.02193134306927
1.57343365815817	1.02161255424223
1.57827589329355	1.02116582743953
1.58311812842892	1.02061492396732
1.58796036356429	1.0199809322073
1.59733556522965	1.01858090329347
1.60671076689501	1.01704533526451
1.61608596856037	1.01545986339028
1.62546117022573	1.01388595076802
1.64042220840144	1.0114947376715
1.65538324657716	1.0093416678287
1.67034428475288	1.00747345509187
1.68530532292859	1.00589304171008
1.70026636110431	1.00458243415624
1.71522739928003	1.00351497903897
1.74016489952628	1.00219442707266
1.76510239977253	1.0013203969354
1.79003990001879	1.00075937104999
1.81497740026504	1.00041060957623
1.8399149005113	1.00020296518004
1.86485240075755	1.00008570267018
1.88978990100381	1.00002461877499
1.91472740125006	0.999996910030179
1.93966490149631	0.999986097497828
1.96460240174257	0.999982837294604
1.98953990198882	0.999984262909066
2.03435842819725	0.99998800639599
2.07	0.999991364823181
2.07	0.999991364823181
2.07011068884603	0.999990163199068
2.07022137769206	0.999987786796557
2.07058375143596	0.999971984526385
2.07094612517986	0.999945961838127
2.07130849892377	0.999909476132024
2.07192233189747	0.999825356325906
2.07253616487117	0.99971537942739
2.07314999784487	0.999582301507117
2.07431393079973	0.999276142155752
2.07547786375458	0.998910689393285
2.07664179670944	0.998498616416914
2.0783985988659	0.997809949522466
2.08015540102236	0.997063875506791
2.08191220317881	0.996277467230113
2.08366900533527	0.995460530099697
2.08542580749173	0.994618082672585
2.08718260964818	0.993752060918334
2.08893941180464	0.992862416703937
2.09159336751673	0.991468990915775
2.09424732322882	0.990010499465533
2.09690127894091	0.988479750171493
2.09834842161823	0.987612801427638
2.09979556429555	0.986721258842478
2.10108691018473	0.985904083927395
2.10108691018473	0.985904083927395
2.10125738752959	0.98579600950547
2.10142786487445	0.985689043284153
2.10197947984409	0.985350206939734
2.10253109481373	0.985020472098012
2.10308270978337	0.98469981884901
2.10467522922986	0.983815394657118
2.10542596960845	0.983418391227368
2.10617670998704	0.983030789706394
2.10692745036563	0.982650614104341
2.10767819074422	0.982276090675943
2.1084289311228	0.981905606204591
2.10976054919667	0.981253791146493
2.11109216727054	0.980603421402866
2.1124237853444	0.97994847811759
2.11502858694211	0.978637682400497
2.1166805459128	0.977775430640228
2.1183325048835	0.976884997508258
2.11998446385419	0.975965073895454
2.12163642282489	0.97501564160504
2.12328838179558	0.974037704481135
2.12494034076627	0.973033058344145
2.12659229973697	0.972004069020098
2.12908090555994	0.970414074197956
2.13156951138291	0.968784973990648
2.13558433110969	0.966098772729431
2.13959915083647	0.963372443070842
2.14361397056325	0.960633887484407
2.14762879029003	0.957900285639536
2.1516436100168	0.955179514360714
2.15565842974358	0.952473255631864
2.15967324947036	0.949779885871762
2.16368806919714	0.947096410093045
2.16770288892391	0.944419563902559
2.17415240770796	0.940126690113111
2.18060192649201	0.935835530812456
2.18705144527606	0.931541600027418
2.19350096406011	0.927244003660982
2.19995048284416	0.922943874671229
2.20640000162821	0.918642832890667
2.21284952041226	0.914342029736567
2.21929903919631	0.910041884459337
2.22574855798036	0.905742281066132
2.2321980767644	0.901442905122286
2.24365529304697	0.893805255508094
2.25511250932954	0.886167193027962
2.26656972561211	0.878528841933071
2.27802694189467	0.870890508718559
2.29879354822444	0.857046013815878
2.3195601545542	0.843201745942059
2.36841216310435	0.810633806868789
2.4172641716545	0.778065781922441
2.49423406668582	0.726752501582424
2.63617848006717	0.632122891927418
2.94134829394032	0.428676350393938
3.07	0.342908547731387
3.07	0.342908547731387
3.07051594754219	0.342564582706162
3.07103189508439	0.342220617680039
3.07241592882862	0.341297928518287
3.07379996257285	0.340375239351583
3.07518399631708	0.339452550180244
3.07822316522902	0.337426437543369
3.08126233414097	0.33540032489812
3.08430150305292	0.333374212249846
3.08734067196486	0.331348099604503
3.09037984087681	0.329321986966236
3.09341900978875	0.327295874336581
3.0964581787007	0.325269761714961
3.09949734761264	0.323243649099702
3.10253651652459	0.321217536488918
3.10557568543653	0.319191423881006
3.11060542122524	0.315838266692627
3.11563515701395	0.312485109505863
3.12470191394033	0.306440604894065
3.1337686708667	0.300396100276927
3.14283542779308	0.294351595657915
3.15190218471946	0.288307091042647
3.17043087743881	0.275954629242761
3.19857219571059	0.25719375040379
3.22671351398237	0.238432871532304
3.28670394307411	0.198439252083872
3.34669437216586	0.158445632766876
3.43719177695259	0.0981140297535242
3.49436314569737	0.059999783851092
3.49436314569737	0.059999783851092
3.49478959387401	0.0597166483502417
3.49521604205065	0.0594346148518713
3.49619895386732	0.0587883189151598
3.49718186568399	0.0581467177306079
3.49816477750066	0.0575098922121268
3.50025307876934	0.0561712804420484
3.50234138003803	0.0548506712640529
3.50442968130671	0.0535464039807339
3.5065179825754	0.0522570425490196
3.50980985868127	0.050253237923344
3.51310173478714	0.0482833208387601
3.51639361089301	0.046347568355229
3.51968548699888	0.0444480433430298
3.52297736310475	0.0425875148907225
3.52626923921062	0.0407684637995036
3.53196983410057	0.0377217502420075
3.54064638591632	0.0333521358042649
3.54932293773206	0.029324798524853
3.55799948954781	0.0256506385645055
3.56667604136356	0.0223279987032984
3.57535259317931	0.0193450711421688
3.58402914499506	0.0166841547085607
3.5927056968108	0.0143248161247596
3.60138224862655	0.0122449533428983
3.6100588004423	0.0104211740601517
3.61873535225805	0.00882968342329284
3.6274119040738	0.00744736407525098
3.63608845588954	0.00625232852644721
3.64476500770529	0.00522396181228892
3.65837130845647	0.00390144789203343
3.67197760920765	0.00287480207190723
3.68558390995883	0.00208599524492804
3.69919021071001	0.00148657964357774
3.72108422334089	0.000820766970162981
3.74297823597177	0.00041416579607671
3.76487224860265	0.000176326481454783
3.78676626123353	4.58206118647144e-05
3.80866027386441	-1.88227388655603e-05
3.83055428649529	-4.57807815119744e-05
3.85244829912617	-5.26676980295774e-05
3.87434231175705	-4.89020966472977e-05
3.89623632438793	-4.04690364636699e-05
3.91813033701881	-3.21218347239277e-05
3.94002434964969	-2.49861615636995e-05
3.96191836228058	-1.75829574262089e-05
3.98381237491146	-1.1259160602593e-05
4	-9.21070662264154e-06
