0	0
1.71612953244125e-05	0
0.17163011453945	0
0.5	0
0.5	0
0.50000000675465	3.08182983722661e-23
0.500067553258538	3.0840607821894e-11
0.50033447143233	1.27671998529094e-09
0.500601389606121	5.06988859277991e-09
0.500868307779913	1.29607743015762e-08
0.501544248568577	6.60494683234772e-08
0.502220189357241	1.80294406686016e-07
0.502896130145905	3.7563532006949e-07
0.503572070934568	6.70516339673772e-07
0.504248011723232	1.08140508578569e-06
0.504923952511896	1.62280797371786e-06
0.50559989330056	2.3074108722588e-06
0.506275834089224	3.14626893137779e-06
0.506951774877888	4.14899910417487e-06
0.507627715666552	5.32396291636766e-06
0.508682385107338	7.51625004997693e-06
0.509737054548123	1.01666555322434e-05
0.510791723988909	1.32968786714125e-05
0.512585726023169	1.97640103370457e-05
0.51437972805743	2.77245973956928e-05
0.51617373009169	3.72308257299331e-05
0.519673570902593	6.0388995185331e-05
0.523173411713496	8.99271894244218e-05
0.526673252524399	0.000126222676337601
0.530173093335301	0.000169720784042072
0.533672934146204	0.000220932615201162
0.537172774957107	0.000280407610027375
0.54067261576801	0.000348709996782059
0.544172456578913	0.00042640762589329
0.547672297389815	0.000514056611572072
0.551172138200718	0.000612187821080124
0.554671979011621	0.000721300288343393
0.558171819822524	0.00084185252250199
0.561671660633427	0.00097425933830318
0.56517150144433	0.00111889729995877
0.568671342255232	0.00127610744433831
0.572171183066135	0.00144619076990017
0.575671023877038	0.00162940693839137
0.579170864687941	0.00182598335576379
0.582670705498844	0.00203612121452756
0.586170546309747	0.00225999147089674
0.589670387120649	0.00249773368188067
0.593170227931552	0.0027494653238749
0.596670068742455	0.00301528767977852
0.600169909553358	0.00329528025917916
0.603669750364261	0.00358949866461832
0.607169591175163	0.00389798450355045
0.610669431986066	0.00422077143481951
0.614169272796969	0.00455787814654877
0.617669113607872	0.00490930524680063
0.621168954418775	0.00527504577923388
0.624668795229678	0.00565509136576548
0.62816863604058	0.00604942349501994
0.631668476851483	0.00645800930622485
0.635168317662386	0.00688081293207274
0.638668158473289	0.00731780191532181
0.642167999284192	0.00776893681059134
0.645667840095094	0.00823416940848256
0.649167680905997	0.00871344897649776
0.6526675217169	0.0092067220381701
0.656167362527803	0.00971393355674827
0.659667203338706	0.0102350317340488
0.663167044149609	0.0107699671429812
0.666666884960511	0.011318687741406
0.670166725771414	0.0118811369622495
0.673666566582317	0.0124572563352102
0.679993349922736	0.0135332384524145
0.686320133263156	0.0146533845323164
0.692646916603575	0.015817383218065
0.698973699943994	0.0170249361875279
0.705300483284414	0.0182757553402892
0.711627266624833	0.0195695641800261
0.717954049965253	0.0209061017296535
0.724280833305672	0.0222851245140411
0.737534388403317	0.0253106802063558
0.759784604193965	0.0308019982853901
0.776240505017607	0.0351919756125502
0.792696405841248	0.039858979285305
0.80915230666489	0.0448013281460863
0.825608207488532	0.050017732294891
0.842064108312174	0.0555072263867623
0.858520009135815	0.0612690978382841
0.874975909959457	0.0673028281822654
0.904922179897659	0.0789793555983217
0.926758916133692	0.088059929213706
0.948595652369724	0.0976175872088611
0.982334523287929	0.11332230150851
1.01607339420613	0.130165247316424
1.04981226512434	0.148146368785254
1.08355113604254	0.167265715239211
1.11729000696075	0.187523339609261
1.16937526477814	0.221031616450194
1.22146052259553	0.257252695492176
1.27354578041292	0.29618658377401
1.32563103823031	0.337833329118734
1.3777162960477	0.382192964921954
1.47906997668385	0.476289045538669
1.5	0.497000036838512
1.5	0.497000036838512
1.50011066393617	0.497110712883379
1.50022132787233	0.497221400876746
1.50057312926717	0.497573357786744
1.50092493066201	0.497925417621246
1.50127673205686	0.498277586257583
1.50227628447866	0.499278758477248
1.50279434112971	0.499797982546119
1.50331239778077	0.500317418204954
1.50383045443183	0.500837057370619
1.50464549475378	0.501654984685899
1.50546053507573	0.502473376611288
1.50627557539768	0.503292210010285
1.50799128254991	0.505017279191579
1.50970698970213	0.506744112604987
1.51142269685436	0.508472615919563
1.51313840400658	0.510202728836984
1.51485411115881	0.51193440623555
1.51656981831103	0.513667608369299
1.51828552546326	0.515402296835842
1.52012550400934	0.517264228272659
1.52196548255542	0.519127766322721
1.52380546110151	0.520992857663852
1.52564543964759	0.522859444507302
1.52748541819367	0.524727459313226
1.52988887115418	0.527169581165774
1.53229232411469	0.529613872683309
1.5346957770752	0.532060156734286
1.53953801221057	0.536993979243556
1.54438024734595	0.541933635996015
1.54922248248132	0.546877672231103
1.55406471761669	0.551824690817078
1.55890695275206	0.556773417197392
1.56374918788743	0.561722732767684
1.5685914230228	0.566671676365614
1.57343365815817	0.571619433083542
1.57827589329355	0.576565321447284
1.58311812842892	0.581508781007746
1.58796036356429	0.586449359807366
1.59733556522965	0.596005642800364
1.60671076689501	0.605548166859737
1.61608596856037	0.615075980230746
1.62546117022573	0.62458888238481
1.64042220840144	0.639739781650209
1.65538324657716	0.654856465271959
1.67034428475288	0.669942854379909
1.68530532292859	0.685003387952782
1.70026636110431	0.700042371443032
1.71522739928003	0.715063666085098
1.74016489952628	0.740071270260433
1.76510239977253	0.765051809834983
1.79003990001879	0.79001477800439
1.81497740026504	0.814966674825305
1.8399149005113	0.839911768019719
1.86485240075755	0.864852858342537
1.88978990100381	0.889791746888316
1.91472740125006	0.91472952034744
1.93966490149631	0.939666807853925
1.96460240174257	0.964603946913937
1.98953990198882	0.989541070605173
2.03435842819725	1.03435912454088
2.07	1.07000045424136
2.07	1.07000045424136
2.07011068884603	1.07011114199856
2.07022137769206	1.0702218294926
2.07058375143596	1.07058419499306
2.07094612517986	1.070946552934
2.07130849892377	1.07130889954126
2.07192233189747	1.07192264794483
2.07253616487117	1.07253633625689
2.07314999784487	1.07314995008008
2.07431393079973	1.07431321466535
2.07547786375458	1.07547609302134
2.07664179670944	1.07663852320278
2.0783985988659	1.07839210322339
2.08015540102236	1.08014442238091
2.08191220317881	1.08189539041203
2.08366900533527	1.08364494505184
2.08542580749173	1.08539303864305
2.08718260964818	1.08713962958802
2.08893941180464	1.08888467744346
2.09159336751673	1.09151782210819
2.09424732322882	1.09414716634315
2.09690127894091	1.09677253538015
2.09834842161823	1.09820236719518
2.09979556429555	1.09963092875998
2.10108691018473	1.10090458938833
2.10108691018473	1.10090458938833
2.10125738752959	1.1010726452746
2.10142786487445	1.10124068292555
2.10197947984409	1.10178427915244
2.10253109481373	1.10232771258661
2.10308270978337	1.10287097383845
2.10467522922986	1.10443842765921
2.10542596960845	1.10517687140041
2.10617670998704	1.10591501991896
2.10692745036563	1.10665287975452
2.10767819074422	1.10739045591583
2.1084289311228	1.10812775209396
2.10976054919667	1.10943484194807
2.11109216727054	1.11074106371571
2.1124237853444	1.11204641601524
2.11502858694211	1.1145972775582
2.1166805459128	1.11621323352524
2.1183325048835	1.11782774487661
2.11998446385419	1.11944076242925
2.12163642282489	1.12105223653652
2.12328838179558	1.12266211886269
2.12494034076627	1.12427036360867
2.12659229973697	1.12587692848301
2.12908090555994	1.12829389660822
2.13156951138291	1.13070685711813
2.13558433110969	1.13459098633767
2.13959915083647	1.13846423718532
2.14361397056325	1.14232650397296
2.14762879029003	1.14617777702543
2.1516436100168	1.15001809891315
2.15565842974358	1.15384752911673
2.15967324947036	1.15766612389921
2.16368806919714	1.16147392826795
2.16770288892391	1.16527097428658
2.17415240770796	1.17134817352828
2.18060192649201	1.1773976902504
2.18705144527606	1.18341952560099
2.19350096406011	1.18941366012134
2.19995048284416	1.19538007231035
2.20640000162821	1.20131874881233
2.21284952041226	1.20722968587695
2.21929903919631	1.21311288586031
2.22574855798036	1.21896835284992
2.2321980767644	1.2247960898187
2.24365529304697	1.23508036099018
2.25511250932954	1.24527712395004
2.26656972561211	1.25538637559468
2.27802694189467	1.26540811387592
2.29879354822444	1.28334980437588
2.3195601545542	1.30100399340602
2.36841216310435	1.34140058762195
2.4172641716545	1.38020616984796
2.49423406668582	1.43811902198046
2.63617848006717	1.534561407381
2.94134829394032	1.69642336153994
3.07	1.74605621835828
3.07	1.74605621835828
3.07051594754219	1.74623296371277
3.07103189508439	1.74640953159935
3.07241592882862	1.7468823251269
3.07379996257285	1.74735398351406
3.07518399631708	1.74782441216579
3.07822316522902	1.74885294894361
3.08126233414097	1.74987535336321
3.08430150305292	1.750891608531
3.08734067196486	1.75190170881581
3.09037984087681	1.75290565234061
3.09341900978875	1.75390343847973
3.0964581787007	1.75489506702464
3.09949734761264	1.75588053790583
3.10253651652459	1.75685985110015
3.10557568543653	1.75783300659987
3.11060542122524	1.75943002238019
3.11563515701395	1.76101017266678
3.12470191394033	1.7638159971729
3.1337686708667	1.76656701762432
3.14283542779308	1.76926323402064
3.15190218471946	1.77190464636238
3.17043087743881	1.77713216237701
3.19857219571059	1.7846339114972
3.22671351398237	1.79160770475422
3.28670394307411	1.80471177782713
3.34669437216586	1.81541661650946
3.43719177695259	1.82702560835486
3.49436314569737	1.8315453999574
3.49436314569737	1.8315453999574
3.49478959387401	1.83157086601472
3.49521604205065	1.83159621187366
3.49619895386732	1.83165420742607
3.49718186568399	1.8317116414141
3.49816477750066	1.83176847082538
3.50025307876934	1.83188715997417
3.50234138003803	1.83200308612987
3.50442968130671	1.83211627467495
3.5065179825754	1.8322267557031
3.50980985868127	1.83239547627467
3.51310173478714	1.83255764451495
3.51639361089301	1.83271338373963
3.51968548699888	1.83286281563047
3.52297736310475	1.83300606164813
3.52626923921062	1.83314325045596
3.53196983410057	1.83336691718268
3.54064638591632	1.83367506281128
3.54932293773206	1.83394677766048
3.55799948954781	1.8341850583324
3.56667604136356	1.83439295769385
3.57535259317931	1.8345734840453
3.58402914499506	1.83472952345231
3.5927056968108	1.83486379252432
3.60138224862655	1.83497881636549
3.6100588004423	1.83507691957085
3.61873535225805	1.83516022245973
3.6274119040738	1.83523064200994
3.63608845588954	1.83528989856415
3.64476500770529	1.83533952672671
3.65837130845647	1.83540113558399
3.67197760920765	1.83544684594061
3.68558390995883	1.83548032657853
3.69919021071001	1.83550446169198
3.72108422334089	1.83552932073238
3.74297823597177	1.83554274819263
3.76487224860265	1.83554922834077
3.78676626123353	1.83555167562539
3.80866027386441	1.83555196898175
3.83055428649529	1.83555126062691
3.85244829912617	1.83555020007931
3.87434231175705	1.83554911531232
3.89623632438793	1.83554815229368
3.91813033701881	1.83554736488893
3.94002434964969	1.83554675727168
3.96191836228058	1.8355463056013
3.98381237491146	1.83554598084646
4	1.83554581019787
