0	10000
1.71612953244125e-05	10000
0.17163011453945	10000
0.5	10000
0.5	10000
0.50000000675465	10000
0.500067553258538	10000
0.50033447143233	10000
0.500601389606121	10000
0.500868307779913	10000
0.501544248568577	10000
0.502220189357241	10000
0.502896130145905	10000
0.503572070934568	10000
0.504248011723232	10000
0.504923952511896	10000
0.50559989330056	10000
0.506275834089224	10000
0.506951774877888	10000
0.507627715666552	10000
0.508682385107338	10000
0.509737054548123	10000
0.510791723988909	10000
0.512585726023169	10000
0.51437972805743	10000
0.51617373009169	10000
0.519673570902593	10000
0.523173411713496	10000
0.526673252524399	10000
0.530173093335301	10000
0.533672934146204	10000
0.537172774957107	10000
0.54067261576801	10000
0.544172456578913	10000
0.547672297389815	10000
0.551172138200718	10000
0.554671979011621	10000
0.558171819822524	10000
0.561671660633427	10000
0.56517150144433	10000
0.568671342255232	10000
0.572171183066135	10000
0.575671023877038	10000
0.579170864687941	10000
0.582670705498844	10000
0.586170546309747	10000
0.589670387120649	10000
0.593170227931552	10000
0.596670068742455	10000
0.600169909553358	10000
0.603669750364261	10000
0.607169591175163	10000
0.610669431986066	10000
0.614169272796969	10000
0.617669113607872	10000
0.621168954418775	10000
0.624668795229678	10000
0.62816863604058	10000
0.631668476851483	10000
0.635168317662386	10000
0.638668158473289	10000
0.642167999284192	10000
0.645667840095094	10000
0.649167680905997	10000
0.6526675217169	10000
0.656167362527803	10000
0.659667203338706	10000
0.663167044149609	10000
0.666666884960511	10000
0.670166725771414	10000
0.673666566582317	10000
0.679993349922736	10000
0.686320133263156	10000
0.692646916603575	10000
0.698973699943994	10000
0.705300483284414	10000
0.711627266624833	10000
0.717954049965253	10000
0.724280833305672	10000
0.737534388403317	10000
0.759784604193965	10000
0.776240505017607	10000
0.792696405841248	10000
0.80915230666489	10000
0.825608207488532	10000
0.842064108312174	10000
0.858520009135815	10000
0.874975909959457	10000
0.904922179897659	10000
0.926758916133692	10000
0.948595652369724	10000
0.982334523287929	10000
1.01607339420613	10000
1.04981226512434	10000
1.08355113604254	10000
1.11729000696075	10000
1.16937526477814	10000
1.22146052259553	10000
1.27354578041292	10000
1.32563103823031	10000
1.3777162960477	10000
1.47906997668385	10000
1.5	10000
1.5	10000
1.50011066393617	10000
1.50022132787233	10000
1.50057312926717	10000
1.50092493066201	10000
1.50127673205686	10000
1.50227628447866	10000
1.50279434112971	10000
1.50331239778077	10000
1.50383045443183	10000
1.50464549475378	10000
1.50546053507573	10000
1.50627557539768	10000
1.50799128254991	10000
1.50970698970213	10000
1.51142269685436	10000
1.51313840400658	10000
1.51485411115881	10000
1.51656981831103	10000
1.51828552546326	10000
1.52012550400934	10000
1.52196548255542	10000
1.52380546110151	10000
1.52564543964759	10000
1.52748541819367	10000
1.52988887115418	10000
1.53229232411469	10000
1.5346957770752	10000
1.53953801221057	10000
1.54438024734595	10000
1.54922248248132	10000
1.55406471761669	10000
1.55890695275206	10000
1.56374918788743	10000
1.5685914230228	10000
1.57343365815817	10000
1.57827589329355	10000
1.58311812842892	10000
1.58796036356429	10000
1.59733556522965	10000
1.60671076689501	10000
1.61608596856037	10000
1.62546117022573	10000
1.64042220840144	10000
1.65538324657716	10000
1.67034428475288	10000
1.68530532292859	10000
1.70026636110431	10000
1.71522739928003	10000
1.74016489952628	10000
1.76510239977253	10000
1.79003990001879	10000
1.81497740026504	10000
1.8399149005113	10000
1.86485240075755	10000
1.88978990100381	10000
1.91472740125006	10000
1.93966490149631	10000
1.96460240174257	10000
1.98953990198882	10000
2.03435842819725	10000
2.07	10000
2.07	10000
2.07011068884603	10000
2.07022137769206	10000
2.07058375143596	10000
2.07094612517986	10000
2.07130849892377	10000
2.07192233189747	10000
2.07253616487117	10000
2.07314999784487	10000
2.07431393079973	10000
2.07547786375458	10000
2.07664179670944	10000
2.0783985988659	10000
2.08015540102236	10000
2.08191220317881	10000
2.08366900533527	10000
2.08542580749173	10000
2.08718260964818	10000
2.08893941180464	10000
2.09159336751673	10000
2.09424732322882	10000
2.09690127894091	10000
2.09834842161823	10000
2.09979556429555	10000
2.10108691018473	10000
2.10108691018473	10000
2.10125738752959	10000
2.10142786487445	10000
2.10197947984409	10000
2.10253109481373	10000
2.10308270978337	10000
2.10467522922986	10000
2.10542596960845	10000
2.10617670998704	10000
2.10692745036563	10000
2.10767819074422	10000
2.1084289311228	10000
2.10976054919667	10000
2.11109216727054	10000
2.1124237853444	10000
2.11502858694211	10000
2.1166805459128	10000
2.1183325048835	10000
2.11998446385419	10000
2.12163642282489	10000
2.12328838179558	10000
2.12494034076627	10000
2.12659229973697	10000
2.12908090555994	10000
2.13156951138291	10000
2.13558433110969	10000
2.13959915083647	10000
2.14361397056325	10000
2.14762879029003	10000
2.1516436100168	10000
2.15565842974358	10000
2.15967324947036	10000
2.16368806919714	10000
2.16770288892391	10000
2.17415240770796	10000
2.18060192649201	10000
2.18705144527606	10000
2.19350096406011	10000
2.19995048284416	10000
2.20640000162821	10000
2.21284952041226	10000
2.21929903919631	10000
2.22574855798036	10000
2.2321980767644	10000
2.24365529304697	10000
2.25511250932954	10000
2.26656972561211	10000
2.27802694189467	10000
2.29879354822444	10000
2.3195601545542	10000
2.36841216310435	10000
2.4172641716545	10000
2.49423406668582	10000
2.63617848006717	10000
2.94134829394032	10000
3.07	10000
3.07	10000
3.07051594754219	10000
3.07103189508439	10000
3.07241592882862	10000
3.07379996257285	10000
3.07518399631708	10000
3.07822316522902	10000
3.08126233414097	10000
3.08430150305292	10000
3.08734067196486	10000
3.09037984087681	10000
3.09341900978875	10000
3.0964581787007	10000
3.09949734761264	10000
3.10253651652459	10000
3.10557568543653	10000
3.11060542122524	10000
3.11563515701395	10000
3.12470191394033	10000
3.1337686708667	10000
3.14283542779308	10000
3.15190218471946	10000
3.17043087743881	10000
3.19857219571059	10000
3.22671351398237	10000
3.28670394307411	10000
3.34669437216586	10000
3.43719177695259	10000
3.49436314569737	10000
3.49436314569737	10000
3.49478959387401	10000
3.49521604205065	10000
3.49619895386732	10000
3.49718186568399	10000
3.49816477750066	10000
3.50025307876934	10000
3.50234138003803	10000
3.50442968130671	10000
3.5065179825754	10000
3.50980985868127	10000
3.51310173478714	10000
3.51639361089301	10000
3.51968548699888	10000
3.52297736310475	10000
3.52626923921062	10000
3.53196983410057	10000
3.54064638591632	10000
3.54932293773206	10000
3.55799948954781	10000
3.56667604136356	10000
3.57535259317931	10000
3.58402914499506	10000
3.5927056968108	10000
3.60138224862655	10000
3.6100588004423	10000
3.61873535225805	10000
3.6274119040738	10000
3.63608845588954	10000
3.64476500770529	10000
3.65837130845647	10000
3.67197760920765	10000
3.68558390995883	10000
3.69919021071001	10000
3.72108422334089	10000
3.74297823597177	10000
3.76487224860265	10000
3.78676626123353	10000
3.80866027386441	10000
3.83055428649529	10000
3.85244829912617	10000
3.87434231175705	10000
3.89623632438793	10000
3.91813033701881	10000
3.94002434964969	10000
3.96191836228058	10000
3.98381237491146	10000
4	10000
