0	0
1.71612953244125e-05	0
0.17163011453945	0
0.5	0
0.5	0
0.50000000675465	-6.75463943444754e-07
0.500067553258538	-0.00664525116333792
0.50033447143233	-0.0318130852459566
0.500601389606121	-0.055548450268434
0.500868307779913	-0.0778088419092695
0.501544248568577	-0.1278841475992
0.502220189357241	-0.1695434755691
0.502896130145905	-0.203764577030631
0.503572070934568	-0.231239191536722
0.504248011723232	-0.252724609464023
0.504923952511896	-0.268906128589389
0.50559989330056	-0.2804198227065
0.506275834089224	-0.287843554037202
0.506951774877888	-0.291701610033104
0.507627715666552	-0.292467585929551
0.508682385107338	-0.288418885714325
0.509737054548123	-0.279175367599305
0.510791723988909	-0.266018265020878
0.512585726023169	-0.237485598998743
0.51437972805743	-0.204593867253787
0.51617373009169	-0.169631262975813
0.519673570902593	-0.103614378633469
0.523173411713496	-0.0466432872858036
0.526673252524399	-0.00153382501559474
0.530173093335301	0.0322694930348817
0.533672934146204	0.0562708713246289
0.537172774957107	0.0713075170855202
0.54067261576801	0.0793822103706177
0.544172456578913	0.0831175265168254
0.547672297389815	0.0835378231476973
0.551172138200718	0.0817391868660495
0.554671979011621	0.0789328522232902
0.558171819822524	0.0749747521650086
0.561671660633427	0.070112678446614
0.56517150144433	0.0653060575693294
0.568671342255232	0.0609070617170828
0.572171183066135	0.0563499615265295
0.575671023877038	0.0513628938067909
0.579170864687941	0.0467985922157439
0.582670705498844	0.0429595109939287
0.586170546309747	0.039080984083268
0.589670387120649	0.0348859896751637
0.593170227931552	0.0312593536625876
0.596670068742455	0.0285248250906478
0.600169909553358	0.0257445942054133
0.603669750364261	0.022555543203179
0.607169591175163	0.0199266014242969
0.610669431986066	0.0182058198566808
0.614169272796969	0.0163198126690323
0.617669113607872	0.0138650416783119
0.621168954418775	0.0119493729093771
0.624668795229678	0.0109827774491564
0.62816863604058	0.00975229131335809
0.631668476851483	0.00780588810540239
0.635168317662386	0.00640871067452453
0.638668158473289	0.00602859902853758
0.642167999284192	0.005291476382697
0.645667840095094	0.00435776488507411
0.649167680905997	0.00364222204688192
0.6526675217169	0.00253069192116184
0.656167362527803	0.00122176607422242
0.659667203338706	0.000468336360541777
0.663167044149609	0.000248713003385692
0.666666884960511	0.00014684004449883
0.670166725771414	-8.13593082975572e-05
0.673666566582317	-0.000411423996611315
0.679993349922736	-0.00111321432004896
0.686320133263156	-0.00163994767499176
0.692646916603575	-0.00184760110600424
0.698973699943994	-0.00189772889800155
0.705300483284414	-0.0019629442704896
0.711627266624833	-0.0020639295361673
0.717954049965253	-0.0021394221277995
0.724280833305672	-0.00215353553846143
0.737534388403317	-0.00204105298390855
0.759784604193965	-0.00165452650211817
0.776240505017607	-0.00136535940067128
0.792696405841248	-0.00115429454159832
0.80915230666489	-0.00099942904493977
0.825608207488532	-0.000813061950526439
0.842064108312174	-0.00058968495666134
0.858520009135815	-0.000422082329292195
0.874975909959457	-0.000342640235262426
0.904922179897659	-0.000337415265448282
0.926758916133692	-0.000203484868693149
0.948595652369724	-3.71860412582414e-05
0.982334523287929	0.000127385514121059
1.01607339420613	0.000125716178970059
1.04981226512434	4.66611925671323e-05
1.08355113604254	3.49738476046468e-06
1.11729000696075	5.2879610743517e-06
1.16937526477814	2.6034376756634e-05
1.22146052259553	1.60007541638585e-05
1.27354578041292	-1.43749421832595e-06
1.32563103823031	-2.48880608344493e-06
1.3777162960477	1.25181083632242e-06
1.47906997668385	6.9807178473269e-06
1.5	-4.4731040560464e-07
1.5	-4.4731040560464e-07
1.50011066393617	0.0107772516950861
1.50022132787233	0.0212720966489419
1.50057312926717	0.052794158290034
1.50092493066201	0.0819570755740369
1.50127673205686	0.108678844621207
1.50227628447866	0.172462281148068
1.50279434112971	0.1987409316217
1.50331239778077	0.220964996937036
1.50383045443183	0.239506744612879
1.50464549475378	0.261927584553876
1.50546053507573	0.277134929455217
1.50627557539768	0.286307717107531
1.50799128254991	0.289633500585223
1.50970698970213	0.277219876774705
1.51142269685436	0.254728194435927
1.51313840400658	0.226164562980663
1.51485411115881	0.194435064952555
1.51656981831103	0.161666734824893
1.51828552546326	0.129383024035723
1.52012550400934	0.0966661967062832
1.52196548255542	0.0664539974162031
1.52380546110151	0.0391354436072895
1.52564543964759	0.0148879980851264
1.52748541819367	-0.00618645092215164
1.52988887115418	-0.0291312708385112
1.53229232411469	-0.0471967070905039
1.5346957770752	-0.0609328020561444
1.53953801221057	-0.0779029907558408
1.54438024734595	-0.0843182796896444
1.54922248248132	-0.0842801098998853
1.55406471761669	-0.0804530263780574
1.55890695275206	-0.0745406690277903
1.56374918788743	-0.0676987774506195
1.5685914230228	-0.0606788680697807
1.57343365815817	-0.0539036228036318
1.57827589329355	-0.0475692576877869
1.58311812842892	-0.0417478425072195
1.58796036356429	-0.0364540169597527
1.59733556522965	-0.0276260969934281
1.60671076689501	-0.0205105912158841
1.61608596856037	-0.0148887750903866
1.62546117022573	-0.0104440874289491
1.64042220840144	-0.00533531722515423
1.65538324657716	-0.0019354502147344
1.67034428475288	0.000178377091944348
1.68530532292859	0.00125485809528136
1.70026636110431	0.00176095593883296
1.71522739928003	0.00206852478503805
1.74016489952628	0.00210651472562606
1.76510239977253	0.00173707144128521
1.79003990001879	0.00111003600551207
1.81497740026504	0.000750586308628343
1.8399149005113	0.000688525849156463
1.86485240075755	0.000444574632495254
1.88978990100381	0.000150441056853801
1.91472740125006	0.000183252045049542
1.93966490149631	0.000205314562349734
1.96460240174257	-2.75113672252303e-05
1.98953990198882	-6.01155372885742e-05
2.03435842819725	-5.78705025180426e-05
2.07	0.000243599394342375
2.07	0.000243599394342375
2.07011068884603	0.0110203221532661
2.07022137769206	0.0215133848626561
2.07058375143596	0.0539162987539781
2.07094612517986	0.0838201826398235
2.07130849892377	0.111145892931506
2.07192233189747	0.151862475092036
2.07253616487117	0.186055958814194
2.07314999784487	0.214338658338002
2.07431393079973	0.25394733806685
2.07547786375458	0.277862720832368
2.07664179670944	0.289224694602382
2.0783985988659	0.288402340014795
2.08015540102236	0.272535689653839
2.08191220317881	0.247253257930259
2.08366900533527	0.216596348338663
2.08542580749173	0.183454971347778
2.08718260964818	0.149878628752998
2.08893941180464	0.117287432966108
2.09159336751673	0.0721873350649487
2.09424732322882	0.0329105010804307
2.09690127894091	-1.74530823775498e-05
2.09834842161823	-0.0152603166804912
2.09979556429555	-0.0286257976941018
2.10108691018473	-0.0390464203644614
2.10108691018473	-0.0390464303645777
2.10125738752959	-0.0490722798121084
2.10142786487445	-0.0588231408874433
2.10197947984409	-0.0884979916321091
2.10253109481373	-0.115730786060066
2.10308270978337	-0.140399182291804
2.10467522922986	-0.198060778328205
2.10542596960845	-0.218465183200795
2.10617670998704	-0.23495409839289
2.10692745036563	-0.247817248230166
2.10767819074422	-0.257338451208359
2.1084289311228	-0.263796773212896
2.10976054919667	-0.268595280596499
2.11109216727054	-0.266002559750834
2.1124237853444	-0.257403806985855
2.11502858694211	-0.227977870776805
2.1166805459128	-0.203912215042297
2.1183325048835	-0.177756671793144
2.11998446385419	-0.150912426160824
2.12163642282489	-0.12450062746078
2.12328838179558	-0.0993829656937937
2.12494034076627	-0.0761858604115178
2.12659229973697	-0.0553285577474982
2.12908090555994	-0.0287981371764463
2.13156951138291	-0.00834038835702877
2.13558433110969	0.0127369646367939
2.13959915083647	0.021803722426144
2.14361397056325	0.0227599576273496
2.14762879029003	0.0192534047763928
2.1516436100168	0.0140141838388184
2.15565842974358	0.00875905523416165
2.15967324947036	0.00438863162201031
2.16368806919714	0.0012417061999912
2.16770288892391	-0.000694777970090321
2.17415240770796	-0.00183109608546594
2.18060192649201	-0.00149395659584428
2.18705144527606	-0.000666872484663905
2.19350096406011	1.11637885886751e-05
2.19995048284416	0.000311292921289841
2.20640000162821	0.000297473942477922
2.21284952041226	0.000144393486982253
2.21929903919631	-6.04889243582818e-07
2.22574855798036	-7.16504575413168e-05
2.2321980767644	-7.26004578810446e-05
2.24365529304697	-1.03402341391501e-05
2.25511250932954	4.13377523029723e-05
2.26656972561211	4.0559202592938e-05
2.27802694189467	1.0201556065681e-05
2.29879354822444	-2.85405376887482e-05
2.3195601545542	-2.01954950291849e-05
2.36841216310435	-5.14123151607038e-06
2.4172641716545	1.90930948029688e-06
2.49423406668582	6.41443025806154e-07
2.63617848006717	-1.68206950590388e-08
2.94134829394032	-5.48942926670293e-08
3.07	-1.15083578222652e-08
3.07	-1.15083578222652e-08
3.07051594754219	-8.4022317992094e-09
3.07103189508439	-5.47514122928305e-09
3.07241592882862	1.42921052770362e-09
3.07379996257285	7.1460215522734e-09
3.07518399631708	1.16187051091288e-08
3.07822316522902	1.77665206990696e-08
3.08126233414097	1.97836165227727e-08
3.08430150305292	1.85332700297636e-08
3.08734067196486	1.53761128274255e-08
3.09037984087681	1.15743992168404e-08
3.09341900978875	7.9757285220694e-09
3.0964581787007	4.98429741924156e-09
3.09949734761264	2.69127831131755e-09
3.10253651652459	1.032146812463e-09
3.10557568543653	-1.02593489259561e-10
3.11060542122524	-9.12145914355733e-10
3.11563515701395	-8.69763816524483e-10
3.12470191394033	-8.48996428715054e-10
3.1337686708667	-1.31261224112222e-09
3.14283542779308	-2.09938821882361e-09
3.15190218471946	-1.85332638125146e-09
3.17043087743881	4.21127577254765e-09
3.19857219571059	1.62110609380761e-08
3.22671351398237	1.31866748631637e-08
3.28670394307411	-4.03968201112548e-08
3.34669437216586	-3.73237316608765e-08
3.43719177695259	1.99224563957046e-07
3.49436314569737	2.71472702095821e-07
3.49436314569737	2.71472437418652e-07
3.49478959387401	-0.00266926296127235
3.49521604205065	-0.00517762706027103
3.49619895386732	-0.0104049993919944
3.49718186568399	-0.0149553698226255
3.49816477750066	-0.0188289132676118
3.50025307876934	-0.0251566836401977
3.50234138003803	-0.0292650603346489
3.50442968130671	-0.0315841746144674
3.5065179825754	-0.0325652877122078
3.50980985868127	-0.0320961583883044
3.51310173478714	-0.0300931402476099
3.51639361089301	-0.0274069558297514
3.51968548699888	-0.024461211153465
3.52297736310475	-0.0213911892472529
3.52626923921062	-0.0182827853244127
3.53196983410057	-0.0131737688220523
3.54064638591632	-0.00661976793609487
3.54932293773206	-0.0018711277384682
3.55799948954781	0.00152487050951766
3.56667604136356	0.00408807452036886
3.57535259317931	0.00593519399657527
3.58402914499506	0.00704346109216214
3.5927056968108	0.00756550546266954
3.60138224862655	0.00775672479417455
3.6100588004423	0.00776129221854749
3.61873535225805	0.00758996016987723
3.6274119040738	0.0072479966869512
3.63608845588954	0.00679808637467527
3.64476500770529	0.00631035288575976
3.65837130845647	0.00550973472814764
3.67197760920765	0.00472167734473228
3.68558390995883	0.00397058227292391
3.69919021071001	0.0032665774232834
3.72108422334089	0.00233654342489409
3.74297823597177	0.00164322573077413
3.76487224860265	0.00104804191264751
3.78676626123353	0.000623561306833942
3.80866027386441	0.000488788116471461
3.83055428649529	0.000391096203994579
3.85244829912617	0.000111334113107375
3.87434231175705	-1.48936617696549e-05
3.89623632438793	0.000183359009924722
3.91813033701881	0.000152463686748483
3.94002434964969	-0.000216392360207429
3.96191836228058	-0.000119844759947974
3.98381237491146	0.000355135908353787
4	0.000181976131201189
