0	1
0.001	0.9999950955
0.002	0.9999803812358
0.003	0.999955857461931
0.004	0.999921524178527
0.005	0.999877381385515
0.006	0.999823429083008
0.007	0.999759667271065
0.008	0.999686095949324
0.009	0.999602715118113
0.01	0.999509524777951
0.011	0.999406524927339
0.012	0.999293715567325
0.013	0.999171096699547
0.014	0.999038668320947
0.015	0.998896430433144
0.016	0.998744383032624
0.017	0.99858252612565
0.018	0.998410859708389
0.019	0.998229383785253
0.02	0.99803809834961
0.021	0.997837003402897
0.022	0.997626098947187
0.023	0.997405384979891
0.024	0.997174861505972
0.025	0.996934528520796
0.026	0.996684386029451
0.027	0.996424434027907
0.028	0.996154672516979
0.029	0.995875101493286
0.03	0.995585720962775
0.031	0.995286530919502
0.032	0.99497753136877
0.033	0.994658722318007
0.034	0.99433010373555
0.035	0.993991675656434
0.036	0.993643438075149
0.037	0.993285390976899
0.038	0.992917534368745
0.039	0.992539868243705
0.04	0.992152392622726
0.041	0.991755107483607
0.042	0.991348012837053
0.043	0.990931108695613
0.044	0.990504395030649
0.045	0.990067871840037
0.046	0.989621539151964
0.047	0.989165396958358
0.048	0.988699445271717
0.049	0.988223684045418
0.05	0.987738113321362
0.051	0.987242733088015
0.052	0.986737543345281
0.053	0.986222544119103
0.054	0.98569773536768
0.055	0.985163117061914
0.056	0.984618689283935
0.057	0.984064451998567
0.058	0.983500405195828
0.059	0.982926548885703
0.06	0.982342883070805
0.061	0.981749407776836
0.062	0.981146122902493
0.063	0.980533028556043
0.064	0.979910124735119
0.065	0.979277411362081
0.066	0.978634888476823
0.067	0.977982556093069
0.068	0.977320414182622
0.069	0.976648462779003
0.07	0.975966701876071
0.071	0.97527513147757
0.072	0.974573751557914
0.073	0.97386256210361
0.074	0.973141563167663
0.075	0.972410754672641
0.076	0.97167013668454
0.077	0.970919709200327
0.078	0.970159472208161
0.079	0.969389425739465
0.08	0.968609569702386
0.081	0.967819904218835
0.082	0.967020429152065
0.083	0.96621114463921
0.084	0.965392050566532
0.085	0.964563147064505
0.086	0.963724433990092
0.087	0.962875911366692
0.088	0.962017579308424
0.089	0.961149437714213
0.09	0.960271486581243
0.091	0.959383726063473
0.092	0.958486155858452
0.093	0.957578776212486
0.094	0.956661587069543
0.095	0.955734588452508
0.096	0.954797780334972
0.097	0.953851162582987
0.098	0.952894735465003
0.099	0.951928498721788
0.1	0.950952452564125
0.101	0.949966596815247
0.102	0.94897093162578
0.103	0.947965456889705
0.104	0.94695017261964
0.105	0.945925078955448
0.106	0.944890175689921
0.107	0.943845462887567
0.108	0.942790940493503
0.109	0.94172660891675
0.11	0.940652467503195
0.111	0.939568516739428
0.112	0.938474756363298
0.113	0.93737118654473
0.114	0.936257807205289
0.115	0.935134618443952
0.116	0.934001620011175
0.117	0.93285881217813
0.118	0.931706194782098
0.119	0.930543767949906
0.12	0.929371531502221
0.121	0.928189485601912
0.122	0.926997630212829
0.123	0.92579596527686
0.124	0.924584490851247
0.125	0.923363206937929
0.126	0.922132113462405
0.127	0.920891210498162
0.128	0.919640498151805
0.129	0.918379976090139
0.13	0.917109644726201
0.131	0.915829503573751
0.132	0.914539553076453
0.133	0.913239793188067
0.134	0.911930223735736
0.135	0.910610844506044
0.136	0.909281656045642
0.137	0.907942657896159
0.138	0.906593850435123
0.139	0.905235233272618
0.14	0.903866806862656
0.141	0.902488570650794
0.142	0.901100525148148
0.143	0.899702670039298
0.144	0.898295005330123
0.145	0.896877531366029
0.146	0.895450247531814
0.147	0.894013154579683
0.148	0.892566251760058
0.149	0.891109539656983
0.15	0.889643018081869
0.151	0.888166686642019
0.152	0.886680545944762
0.153	0.885184595963749
0.154	0.883678836122338
0.155	0.882163267019956
0.156	0.880637888104789
0.157	0.87910269996712
0.158	0.877557701862523
0.159	0.876002894870761
0.16	0.874438278031909
0.161	0.872863851821714
0.162	0.871279615989184
0.163	0.86968557075934
0.164	0.868081715859442
0.165	0.866468051663969
0.166	0.864844577700575
0.167	0.863211294382899
0.168	0.861568201524341
0.169	0.859915298859545
0.17	0.858252587336329
0.171	0.856580065917802
0.172	0.854897735052747
0.173	0.853205594643324
0.174	0.851503644763985
0.175	0.849791885301439
0.176	0.848070316370836
0.177	0.846338938021727
0.178	0.844597749991067
0.179	0.842846752544769
0.18	0.841085945607781
0.181	0.839315329173001
0.182	0.8375349032816
0.183	0.835744667562284
0.184	0.833944622839347
0.185	0.832134768144974
0.186	0.830315104188587
0.187	0.82848563077167
0.188	0.826646347660096
0.189	0.824797255018468
0.19	0.822938353291678
0.191	0.821069641326404
0.192	0.819191120097595
0.193	0.817302789728417
0.194	0.815404649588524
0.195	0.813496699932504
0.196	0.811578941214621
0.197	0.809651372431806
0.198	0.807713994075517
0.199	0.80576680667661
0.2	0.803809809735379
0.201	0.801843002297703
0.202	0.799866386435319
0.203	0.797879961041186
0.204	0.795883726026266
0.205	0.793877680488181
0.206	0.791861826659256
0.207	0.789836163412662
0.208	0.787800689866206
0.209	0.785755407174001
0.21	0.783700314274869
0.211	0.781635412952498
0.212	0.779560701294653
0.213	0.777476181045177
0.214	0.775381850625727
0.215	0.773277710919992
0.216	0.771163761535748
0.217	0.769040002922277
0.218	0.766906434567328
0.219	0.764763056526859
0.22	0.762609869485138
0.221	0.760446872312722
0.222	0.75827406599287
0.223	0.756091450089615
0.224	0.753899024760765
0.225	0.751696789690914
0.226	0.749484745584315
0.227	0.747262891473837
0.228	0.745031227995567
0.229	0.742789755537523
0.23	0.740538472761433
0.231	0.738277381237078
0.232	0.736006479405351
0.233	0.733725768370038
0.234	0.731435248248635
0.235	0.729134917997228
0.236	0.726824778559376
0.237	0.724504829324708
0.238	0.722175070837452
0.239	0.719835502401376
0.24	0.717486125364881
0.241	0.715126938594039
0.242	0.712757941773826
0.243	0.710379135462774
0.244	0.707990519763134
0.245	0.705592094895548
0.246	0.703183860533402
0.247	0.700765816245671
0.248	0.698337962862709
0.249	0.695900299277643
0.25	0.693452826850348
0.251	0.690995544613249
0.252	0.68852845330165
0.253	0.686051552221482
0.254	0.683564841268898
0.255	0.681068321056382
0.256	0.678561991185738
0.257	0.676045852278845
0.258	0.673519903024877
0.259	0.670984145480805
0.26	0.668438577719223
0.261	0.665883200672347
0.262	0.663318013552235
0.263	0.660743017256342
0.264	0.65815821150155
0.265	0.655563596428735
0.266	0.652959171103072
0.267	0.650344936833828
0.268	0.647720892991546
0.269	0.64508704066169
0.27	0.642443377556027
0.271	0.639789905296723
0.272	0.637126622147492
0.273	0.634453531396318
0.274	0.631770630958895
0.275	0.629077920414987
0.276	0.626375399907949
0.277	0.623663071623468
0.278	0.620940932631681
0.279	0.618208984458888
0.28	0.61546722501514
0.281	0.612715657973105
0.282	0.609954282342086
0.283	0.607183095126469
0.284	0.604402099159042
0.285	0.601611293452261
0.286	0.598810677975044
0.287	0.596000253775127
0.288	0.593180019589411
0.289	0.590349976832426
0.29	0.587510122955356
0.291	0.584660461492883
0.292	0.581800989166184
0.293	0.578931706755899
0.294	0.57605261594708
0.295	0.573163715058899
0.296	0.570265005337983
0.297	0.567356486309277
0.298	0.564438156367854
0.299	0.561510018669554
0.3	0.55857206970151
0.301	0.555624313575447
0.302	0.552666746001152
0.303	0.549699369211305
0.304	0.546722183198051
0.305	0.543735187945839
0.306	0.540738381144019
0.307	0.537731767066048
0.308	0.534715344374026
0.309	0.531689109389979
0.31	0.5286530655571
0.311	0.525607212618445
0.312	0.522551552384808
0.313	0.519486080649736
0.314	0.516410798684244
0.315	0.513325707682322
0.316	0.510230807026866
0.317	0.507126098674745
0.318	0.504011577962185
0.319	0.500887249177435
0.32	0.497753111500079
0.321	0.494609163015887
0.322	0.491455405446598
0.323	0.488291839247561
0.324	0.485118462584765
0.325	0.481935277276995
0.326	0.47874228299183
0.327	0.475539475968346
0.328	0.472326863084194
0.329	0.469104437808739
0.33	0.465872206325648
0.331	0.462630162747348
0.332	0.459378309571385
0.333	0.45611664742246
0.334	0.452845176017815
0.335	0.449563895397993
0.336	0.446272805789092
0.337	0.442971905848831
0.338	0.439661195587936
0.339	0.436340677824005
0.34	0.433010347574734
0.341	0.429670209019016
0.342	0.426320263271301
0.343	0.422960505490733
0.344	0.419590938747014
0.345	0.416211562878444
0.346	0.412822377115848
0.347	0.409423382462676
0.348	0.406014578895244
0.349	0.402595962838282
0.35	0.399167540042063
0.351	0.395729306360856
0.352	0.39228126436793
0.353	0.388823411372025
0.354	0.385355752088662
0.355	0.381878280053522
0.356	0.378390998706158
0.357	0.374893908369351
0.358	0.371387008790432
0.359	0.3678703000446
0.36	0.364343782243629
0.361	0.360807452688411
0.362	0.35726131501559
0.363	0.353705369176331
0.364	0.350139610657353
0.365	0.34656404654081
0.366	0.342978669284415
0.367	0.339383483466816
0.368	0.335778489635986
0.369	0.332163686556659
0.37	0.32853907238992
0.371	0.32490464920527
0.372	0.321260416850291
0.373	0.317606372444272
0.374	0.313942520318018
0.375	0.310268859719507
0.376	0.306585390860125
0.377	0.302892108643022
0.378	0.299189020320685
0.379	0.295476119598704
0.38	0.291753409998836
0.381	0.288020893408937
0.382	0.284278564432859
0.383	0.280526426842876
0.384	0.276764479906072
0.385	0.272992723237595
0.386	0.269211157011204
0.387	0.265419782013789
0.388	0.261618598158451
0.389	0.257807602897407
0.39	0.253986799076074
0.391	0.250156186147077
0.392	0.246315761980641
0.393	0.242465530452525
0.394	0.23860548733029
0.395	0.234735638402764
0.396	0.230855975525623
0.397	0.226966504282475
0.398	0.22306722508547
0.399	0.21915813474535
0.4	0.215239236587124
0.401	0.211310527616185
0.402	0.207372009158633
0.403	0.203423681362918
0.404	0.199465545081517
0.405	0.195497600102937
0.406	0.191519841620722
0.407	0.187532276833859
0.408	0.18353490148717
0.409	0.179527716884061
0.41	0.175510722339397
0.411	0.171483920258419
0.412	0.167447305379531
0.413	0.163400882743931
0.414	0.159344650746516
0.415	0.155278610421356
0.416	0.151202759868999
0.417	0.147117099058609
0.418	0.143021628286317
0.419	0.138916347629927
0.42	0.134801257987993
0.421	0.130676359074329
0.422	0.126541651406441
0.423	0.122397133835235
0.424	0.118242805863521
0.425	0.11407867064188
0.426	0.109904722662426
0.427	0.105720968937367
0.428	0.101527401639497
0.429	0.0973240267732131
0.43	0.0931108443038419
0.431	0.0888878489120171
0.432	0.0846550450635216
0.433	0.080412432119291
0.434	0.0761600097204631
0.435	0.071897777929338
0.436	0.0676257366470231
0.437	0.063343885601477
0.438	0.0590522252036327
0.439	0.0547507561930378
0.44	0.0504394777028172
0.441	0.0461183869191587
0.442	0.0417874887246961
0.443	0.0374467818662232
0.444	0.0330962629486377
0.445	0.0287359379521187
0.446	0.0243657995351079
0.447	0.0199858543351549
0.448	0.0155960992104099
0.449	0.0111965329735748
0.45	0.00678715876590486
0.451	0.00236797585190774
0.452	0.00164706936464942
0.453	0.00518142411305571
0.454	0.00870596898356773
0.455	0.0122207036053114
0.456	0.0157256276096195
0.457	0.0192207410417622
0.458	0.0227060441339288
0.459	0.0261815371486999
0.46	0.0296472196359323
0.461	0.0331030902573316
0.462	0.0365491524575438
0.463	0.0399854019270149
0.464	0.0434118428294258
0.465	0.0468284723801085
0.466	0.0502352908094507
0.467	0.053632299504973
0.468	0.057019497522024
0.469	0.0603968853295821
0.47	0.0637644624087898
0.471	0.0671222295623026
0.472	0.0704701858088437
0.473	0.073808330884901
0.474	0.0771366673400325
0.475	0.0804551906669484
0.476	0.0837639053305057
0.477	0.0870628102619808
0.478	0.0903519020768575
0.479	0.0936311848829119
0.48	0.09690065698759
0.481	0.100160319062522
0.482	0.103410171372189
0.483	0.106650211040073
0.484	0.109880440873448
0.485	0.113100861713577
0.486	0.116311470091749
0.487	0.119512269275375
0.488	0.122703258435152
0.489	0.125884435615468
0.49	0.129055802904325
0.491	0.132217359807105
0.492	0.135369107186054
0.493	0.138511042093752
0.494	0.141643167127221
0.495	0.144765482939525
0.496	0.147877986063787
0.497	0.150980681213628
0.498	0.154073563936525
0.499	0.157156636461657
0.5	0.160229899115969
0.501	0.163293350791817
0.502	0.166346992089973
0.503	0.169390824236954
0.504	0.172424844226679
0.505	0.175449053693656
0.506	0.178463453926791
0.507	0.181468042169618
0.508	0.184462820667614
0.509	0.187447789046633
0.51	0.190422946308491
0.511	0.193388293627708
0.512	0.196343829706363
0.513	0.199289557238003
0.514	0.202225471961802
0.515	0.205151578131881
0.516	0.208067871007313
0.517	0.210974355529527
0.518	0.213871029659013
0.519	0.216757892778072
0.52	0.219634945082162
0.521	0.222502186800732
0.522	0.22535961916817
0.523	0.228207240048598
0.524	0.231045050763941
0.525	0.233873050942057
0.526	0.236691240427841
0.527	0.239499619830658
0.528	0.242298188651472
0.529	0.245086946387602
0.53	0.247865894707814
0.531	0.250635031812774
0.532	0.253394357851048
0.533	0.256143874296908
0.534	0.258883580584845
0.535	0.261613476031477
0.536	0.264333560543187
0.537	0.267043834490804
0.538	0.269744298981498
0.539	0.272434952009819
0.54	0.275115794859587
0.541	0.277786826588707
0.542	0.280448048771831
0.543	0.283099460056931
0.544	0.285741060964834
0.545	0.28837285085378
0.546	0.290994831475776
0.547	0.293607000168205
0.548	0.296209359721566
0.549	0.298801908052651
0.55	0.301384645961722
0.551	0.303957573235085
0.552	0.306520690251666
0.553	0.309073997156145
0.554	0.3116174927707
0.555	0.314151178156151
0.556	0.316675053246011
0.557	0.319189117668476
0.558	0.321693371392665
0.559	0.324187814671707
0.56	0.326672448364853
0.561	0.329147271612494
0.562	0.331612282904915
0.563	0.334067483901199
0.564	0.336512874827751
0.565	0.338948456432873
0.566	0.341374225774383
0.567	0.343790185999045
0.568	0.346196334277927
0.569	0.348592672843189
0.57	0.350979202184424
0.571	0.353355919149385
0.572	0.35572282638058
0.573	0.358079922883644
0.574	0.36042720940055
0.575	0.362764685085807
0.576	0.365092350001487
0.577	0.367410204157288
0.578	0.369718249184202
0.579	0.372016482201073
0.58	0.37430490527799
0.581	0.376583518401545
0.582	0.378852321061541
0.583	0.381111312326163
0.584	0.383360494224086
0.585	0.385599863756823
0.586	0.387829424271222
0.587	0.390049174984792
0.588	0.39225911367747
0.589	0.394459241880681
0.59	0.396649560591022
0.591	0.398830068707958
0.592	0.401000765653556
0.593	0.403161652737842
0.594	0.405312728901171
0.595	0.407453995038042
0.596	0.409585450236461
0.597	0.411707095580343
0.598	0.413818929458641
0.599	0.415920953605963
0.6	0.418013167194122
0.601	0.420095569898966
0.602	0.422168162046536
0.603	0.424230944417647
0.604	0.426283915196837
0.605	0.428327075863612
0.606	0.430360427143001
0.607	0.432383966752699
0.608	0.434397696279305
0.609	0.43640161533035
0.61	0.438395723684945
0.611	0.440380021859767
0.612	0.442354509182898
0.613	0.44431918605428
0.614	0.446274052771562
0.615	0.44821910905237
0.616	0.450154354125144
0.617	0.452079788963187
0.618	0.453995413550094
0.619	0.455901227990608
0.62	0.457797231761339
0.621	0.459683424813634
0.622	0.461559807256232
0.623	0.463426379774517
0.624	0.46528314078519
0.625	0.467130092486531
0.626	0.468967232775393
0.627	0.470794563239643
0.628	0.472612082931921
0.629	0.474419791790922
0.63	0.476217690133655
0.631	0.478005778657969
0.632	0.479784056330903
0.633	0.481552523511504
0.634	0.483311180397811
0.635	0.485060026526561
0.636	0.486799061862568
0.637	0.488528287414065
0.638	0.490247702149032
0.639	0.491957306544725
0.64	0.493657099989103
0.641	0.495347083347682
0.642	0.497027256018439
0.643	0.498697618590097
0.644	0.500358170446329
0.645	0.502008911795482
0.646	0.503649842768527
0.647	0.505280963024166
0.648	0.506902272696091
0.649	0.508513772030189
0.65	0.510115460719501
0.651	0.51170733928926
0.652	0.513289407082886
0.653	0.514861664642252
0.654	0.516424111438018
0.655	0.517976747838488
0.656	0.519519573816377
0.657	0.521052589250273
0.658	0.522575794214063
0.659	0.524089188606029
0.66	0.525592772660773
0.661	0.527086546032664
0.662	0.528570509015421
0.663	0.530044661656336
0.664	0.531509003657317
0.665	0.532963535004307
0.666	0.534408256018522
0.667	0.535843166297694
0.668	0.537268266604875
0.669	0.538683556226107
0.67	0.540089035001735
0.671	0.5414847039237
0.672	0.542870561932674
0.673	0.54424660951428
0.674	0.545612846674801
0.675	0.54696927313494
0.676	0.548315889328726
0.677	0.549652694816564
0.678	0.550979689950135
0.679	0.55229687473155
0.68	0.553604248732205
0.681	0.554901812392905
0.682	0.556189565601806
0.683	0.557467508234805
0.684	0.55873564052103
0.685	0.559993962102142
0.686	0.561242473331653
0.687	0.562481174041214
0.688	0.563710064265875
0.689	0.564929144102917
0.69	0.566138413416514
0.691	0.567337872050853
0.692	0.568527520292944
0.693	0.569707358027877
0.694	0.57087738534602
0.695	0.57203760215351
0.696	0.573188008511847
0.697	0.574328604314233
0.698	0.575459389592771
0.699	0.576580364360619
0.7	0.577691528695968
0.701	0.57879288255812
0.702	0.579884425790091
0.703	0.580966158783214
0.704	0.582038081106289
0.705	0.583100193080192
0.706	0.584152494414524
0.707	0.585194985310139
0.708	0.586227665723153
0.709	0.587250535652171
0.71	0.588263595117159
0.711	0.589266844142833
0.712	0.590260282501262
0.713	0.591243910417188
0.714	0.592217727934938
0.715	0.59318173499047
0.716	0.594135931407832
0.717	0.595080317378794
0.718	0.596014892881447
0.719	0.596939657911363
0.72	0.59785461249979
0.721	0.598759756463214
0.722	0.599655090060427
0.723	0.600540613064057
0.724	0.601416325631543
0.725	0.602282227594607
0.726	0.603138319274924
0.727	0.603984600364432
0.728	0.604821070996148
0.729	0.605647731078237
0.73	0.606464580699798
0.731	0.607271619877177
0.732	0.608068848503688
0.733	0.608856266638219
0.734	0.609633874328475
0.735	0.610401671454588
0.736	0.611159658166982
0.737	0.61190783433019
0.738	0.612646200051756
0.739	0.613374755227292
0.74	0.614093499945594
0.741	0.614802434154938
0.742	0.615501557931947
0.743	0.61619087114471
0.744	0.61687037388647
0.745	0.617540066179733
0.746	0.618199947934369
0.747	0.61885001920651
0.748	0.619490280024347
0.749	0.620120730290624
0.75	0.620741370101693
0.751	0.621352199438408
0.752	0.621953218250003
0.753	0.622544426590943
0.754	0.623125824464148
0.755	0.623697411799039
0.756	0.624259188662144
0.757	0.624811155061801
0.758	0.625353310953039
0.759	0.625885656319868
0.76	0.626408191246408
0.761	0.626920915634491
0.762	0.627423829556378
0.763	0.627916932989904
0.764	0.628400225932291
0.765	0.62887370838372
0.766	0.629337380355223
0.767	0.629791241817415
0.768	0.630235292800151
0.769	0.630669533293513
0.77	0.63109396328553
0.771	0.631508582807298
0.772	0.631913391812639
0.773	0.632308390337891
0.774	0.632693578374518
0.775	0.633068955921701
0.776	0.633434522987087
0.777	0.63379027952725
0.778	0.634136225614456
0.779	0.634472361200533
0.78	0.634798686301301
0.781	0.635115200902053
0.782	0.63542190501013
0.783	0.635718798631626
0.784	0.636005881768651
0.785	0.636283154403947
0.786	0.636550616550995
0.787	0.636808268210087
0.788	0.637056109380166
0.789	0.637294140057398
0.79	0.637522360245554
0.791	0.637740769943085
0.792	0.637949369154771
0.793	0.63814815786591
0.794	0.638337136093166
0.795	0.638516303826652
0.796	0.638685661073385
0.797	0.638845207827834
0.798	0.638994944089134
0.799	0.63913486986225
0.8	0.639264985146121
0.801	0.639385289937206
0.802	0.63949578423766
0.803	0.639596468048265
0.804	0.639687341369385
0.805	0.639768404198208
0.806	0.639839656537309
0.807	0.639901098385898
0.808	0.639952729743895
0.809	0.639994550611535
0.81	0.640026560988379
0.811	0.640048760874721
0.812	0.640061150286641
0.813	0.640063729562975
0.814	0.640056498850925
0.815	0.640039458479263
0.816	0.640012608598098
0.817	0.639975949207374
0.818	0.639929480307149
0.819	0.639873201897013
0.82	0.63980711397769
0.821	0.639731216549215
0.822	0.639645509610754
0.823	0.639549993162644
0.824	0.63944466720549
0.825	0.63932953173715
0.826	0.639204586762255
0.827	0.639069832274365
0.828	0.63892526827932
0.829	0.638770894774893
0.83	0.638606711758086
0.831	0.638432719233563
0.832	0.638248917199735
0.833	0.638055305657956
0.834	0.637851884602842
0.835	0.637638654040894
0.836	0.637415613968091
0.837	0.637182764391774
0.838	0.636940105296543
0.839	0.636687636698835
0.84	0.636425358591039
0.841	0.636153270963656
0.842	0.635871373834305
0.843	0.635579667202225
0.844	0.635278151048618
0.845	0.634966825388614
0.846	0.634645690230004
0.847	0.634314745544346
0.848	0.633973991359567
0.849	0.633623427669034
0.85	0.633263054455494
0.851	0.632892871739746
0.852	0.632512879514016
0.853	0.632123077784584
0.854	0.631723466539909
0.855	0.631314045783188
0.856	0.630894815519798
0.857	0.630465775766721
0.858	0.630026926463805
0.859	0.629578267678513
0.86	0.629119799378525
0.861	0.628651521564464
0.862	0.62817343425934
0.863	0.627685537438481
0.864	0.627187831089162
0.865	0.626680315220976
0.866	0.626162989890658
0.867	0.625635855011069
0.868	0.625098910633311
0.869	0.624552156735377
0.87	0.623995593331067
0.871	0.623429220435054
0.872	0.622853038048615
0.873	0.622267046083733
0.874	0.621671244679477
0.875	0.621065633737693
0.876	0.620450213249012
0.877	0.619824983287859
0.878	0.619189943763166
0.879	0.618545094882601
0.88	0.617890436294321
0.881	0.617225968334815
0.882	0.616551690877893
0.883	0.615867603805377
0.884	0.615173707289194
0.885	0.614470001259123
0.886	0.613756485688867
0.887	0.613033160634829
0.888	0.612300026098534
0.889	0.611557082011874
0.89	0.610804328388073
0.891	0.610041765335155
0.892	0.609269392726313
0.893	0.608487210567534
0.894	0.607695218943231
0.895	0.606893417828313
0.896	0.606081807166331
0.897	0.605260387071121
0.898	0.604429157402584
0.899	0.603588118186047
0.9	0.602737269568063
0.901	0.601876611383085
0.902	0.601006143587958
0.903	0.600125866425039
0.904	0.599235779662226
0.905	0.59833588342984
0.906	0.59742617771704
0.907	0.596506662504742
0.908	0.595577337673713
0.909	0.594638203486462
0.91	0.593689259642676
0.911	0.592730506344271
0.912	0.59176194342587
0.913	0.590783571281423
0.914	0.589795389415225
0.915	0.588797398120472
0.916	0.587789597337365
0.917	0.586771986905779
0.918	0.585744567175835
0.919	0.584707337655236
0.92	0.583660298845706
0.921	0.582603450530222
0.922	0.581536792653982
0.923	0.580460325192347
0.924	0.579374048218639
0.925	0.578277961944398
0.926	0.577172065889066
0.927	0.576056360310075
0.928	0.574930845525427
0.929	0.573795521075718
0.93	0.57265038712961
0.931	0.571495443624555
0.932	0.570330690733207
0.933	0.569156128077398
0.934	0.567971756079623
0.935	0.566777574550782
0.936	0.565573583708557
0.937	0.564359782937143
0.938	0.563136173129107
0.939	0.561902753385379
0.94	0.560659524322322
0.941	0.559406485786605
0.942	0.558143637666587
0.943	0.5568709800661
0.944	0.555588513163117
0.945	0.554296236159011
0.946	0.552994150285185
0.947	0.551682254799316
0.948	0.550360549512941
0.949	0.549029034960245
0.95	0.547687710824401
0.951	0.546336576994654
0.952	0.5449756338468
0.953	0.543604881136077
0.954	0.5422243189192
0.955	0.540833947372932
0.956	0.539433766214894
0.957	0.538023775126196
0.958	0.536603975036321
0.959	0.535174365315677
0.96	0.53373494591418
0.961	0.532285717395724
0.962	0.530826678988281
0.963	0.529357831320416
0.964	0.527879173887039
0.965	0.52639070709497
0.966	0.524892430524749
0.967	0.523384345153801
0.968	0.521866449616529
0.969	0.520338744598249
0.97	0.518801230425315
0.971	0.517253906829067
0.972	0.515696773462306
0.973	0.514129830314123
0.974	0.512553077960434
0.975	0.510966515984631
0.976	0.50937014484161
0.977	0.507763963847806
0.978	0.506147973434904
0.979	0.504522173445745
0.98	0.502886564018878
0.981	0.5012411446196
0.982	0.499585916719182
0.983	0.497920878808039
0.984	0.496246030996058
0.985	0.494561373746464
0.986	0.492866907540437
0.987	0.491162631576656
0.988	0.489448545861066
0.989	0.487724650942793
0.99	0.485990946222703
0.991	0.484247432397742
0.992	0.482494108923844
0.993	0.480730975857142
0.994	0.47895803330546
0.995	0.477175281187333
0.996	0.475382719693738
0.997	0.473580348356637
0.998	0.47176816751325
0.999	0.469946177624063
1	0.468114378155062
1.001	0.466272769009982
1.002	0.464421350370996
1.003	0.46256012156952
1.004	0.460689084381017
1.005	0.458808237103464
1.006	0.456917580466116
1.007	0.455017114155823
1.008	0.453106838569063
1.009	0.451186753160869
1.01	0.449256858659495
1.011	0.447317153843629
1.012	0.44536764084081
1.013	0.443408317455699
1.014	0.441439184087679
1.015	0.43946024221146
1.016	0.437471490709914
1.017	0.435472928784425
1.018	0.433464558506071
1.019	0.431446377996996
1.02	0.429418387979244
1.021	0.427380588547691
1.022	0.425332979598338
1.023	0.423275561611177
1.024	0.421208333322183
1.025	0.419131296500482
1.026	0.417044449630695
1.027	0.414947793625715
1.028	0.412841326809652
1.029	0.41072505132193
1.03	0.408598967252913
1.031	0.406463072974092
1.032	0.404317368578209
1.033	0.402161855171324
1.034	0.399996531704349
1.035	0.397821399619092
1.036	0.395636457592197
1.037	0.393441706266064
1.038	0.391237144869753
1.039	0.389022775120124
1.04	0.386798594884787
1.041	0.384564605536276
1.042	0.382320805542047
1.043	0.380067197542694
1.044	0.377803779127745
1.045	0.375530551219593
1.046	0.373247514157005
1.047	0.370954667984312
1.048	0.368652012370107
1.049	0.366339546061386
1.05	0.36401727083679
1.051	0.361685186725555
1.052	0.359343292541012
1.053	0.356991588881812
1.054	0.354630076389943
1.055	0.352258752933581
1.056	0.34987762090438
1.057	0.347486678732057
1.058	0.345085928067711
1.059	0.34267536763075
1.06	0.340254996652542
1.061	0.337824817936543
1.062	0.335384828274484
1.063	0.332935029367396
1.064	0.330475421446904
1.065	0.328006002938999
1.066	0.325526775785175
1.067	0.323037739622341
1.068	0.320538893424675
1.069	0.318030237320872
1.07	0.315511772222167
1.071	0.312983497863253
1.072	0.310445412198969
1.073	0.307897519272903
1.074	0.305339815190492
1.075	0.302772302113132
1.076	0.300194979968208
1.077	0.297607848767713
1.078	0.295010906752579
1.079	0.292404156737908
1.08	0.289787595555796
1.081	0.287161226894334
1.082	0.284525046884355
1.083	0.281879057821843
1.084	0.279223259490994
1.085	0.276557652078652
1.086	0.273882233093986
1.087	0.27119700701706
1.088	0.268501970189346
1.089	0.265797124167791
1.09	0.26308246969125
1.091	0.260358004667309
1.092	0.257623728778296
1.093	0.254879644614701
1.094	0.252125751795082
1.095	0.249362048138236
1.096	0.246588536643039
1.097	0.243805213925144
1.098	0.241012082320153
1.099	0.238209141263728
1.1	0.235396390639379
1.101	0.232573831251738
1.102	0.229741461316442
1.103	0.226899281994672
1.104	0.224047293470136
1.105	0.221185495122261
1.106	0.218313888096979
1.107	0.215432470807379
1.108	0.212541244362563
1.109	0.209640207327658
1.11	0.20672936146573
1.111	0.203808706969286
1.112	0.200878241512018
1.113	0.19793796861311
1.114	0.194987884100814
1.115	0.192027990708094
1.116	0.189058288080199
1.117	0.186078775463121
1.118	0.183089454256066
1.119	0.180090322414609
1.12	0.177081381659471
1.121	0.174062632658413
1.122	0.171034071503294
1.123	0.167995702704417
1.124	0.164947524265576
1.125	0.161889536083824
1.126	0.158821737771805
1.127	0.155744130431529
1.128	0.152656713021135
1.129	0.149559487070742
1.13	0.146452451301336
1.131	0.143335605677893
1.132	0.140208951012246
1.133	0.137072487271994
1.134	0.133926212999462
1.135	0.130770129239254
1.136	0.127604236495835
1.137	0.124428534406607
1.138	0.121243022315495
1.139	0.118047700082391
1.14	0.114842569556215
1.141	0.111627628697876
1.142	0.108402879337763
1.143	0.105168319039912
1.144	0.101923949981033
1.145	0.0986697722213645
1.146	0.0954057841312646
1.147	0.0921319863771169
1.148	0.0888483790561259
1.149	0.0855549623813538
1.15	0.0822517367933819
1.151	0.0789387014774227
1.152	0.0756158558092958
1.153	0.0722832018084047
1.154	0.0689407376790201
1.155	0.0655884635531315
1.156	0.0622263804272191
1.157	0.0588544879363633
1.158	0.0554727859284784
1.159	0.0520812738392931
1.16	0.0486799527621761
1.161	0.0452688224290322
1.162	0.041847882904507
1.163	0.0384171321191938
1.164	0.0349765743453088
1.165	0.0315262042754535
1.166	0.0280660267387571
1.167	0.0245960393981209
1.168	0.0211162414299535
1.169	0.0176266344382169
1.17	0.0141272181442366
1.171	0.0106179924161334
1.172	0.00709895743229877
1.173	0.00357011352042381
1.174	3.14584295251923e-05
1.175	-0.00351700580227005
1.176	-0.00707527759962247
1.177	-0.0106433620131089
1.178	-0.0142212533376335
1.179	-0.0178089557852856
1.18	-0.0214064675894089
1.181	-0.0250137880938751
1.182	-0.0286309181847023
1.183	-0.0322578578167196
1.184	-0.0358946074374672
1.185	-0.039541166628421
1.186	-0.0431975355336698
1.187	-0.0468637132190952
1.188	-0.050539699232507
1.189	-0.0542254977517677
1.19	-0.0579211034797836
1.191	-0.0616265199580467
1.192	-0.0653417442997012
1.193	-0.0690667804983234
1.194	-0.0728016251478033
1.195	-0.0765462782462231
1.196	-0.0803007407572557
1.197	-0.084065014190697
1.198	-0.0878390966671672
1.199	-0.0916229886842117
1.2	-0.0954166908424574
1.201	-0.0992202031264982
1.202	-0.103033523178543
1.203	-0.106856651641424
1.204	-0.11068959339348
1.205	-0.11453234110747
1.206	-0.11838490059332
1.207	-0.122247266897558
1.208	-0.126119446506874
1.209	-0.130001433530874
1.21	-0.133893229514623
1.211	-0.137794835133964
1.212	-0.141706250342421
1.213	-0.1456274756383
1.214	-0.14955850997197
1.215	-0.153499355639621
1.216	-0.157450010151647
1.217	-0.161410473162275
1.218	-0.165380745106244
1.219	-0.169360826987325
1.22	-0.173350720202182
1.221	-0.177350419183009
1.222	-0.181359932065615
1.223	-0.185379252116169
1.224	-0.189408381101592
1.225	-0.193447321648409
1.226	-0.197496069459991
1.227	-0.201554627622329
1.228	-0.205622993792734
1.229	-0.209701171546034
1.23	-0.213789158350981
1.231	-0.217886955663856
1.232	-0.221994561868266
1.233	-0.226111977633187
1.234	-0.230239202623368
1.235	-0.234376236074889
1.236	-0.238523080878305
1.237	-0.242679734507257
1.238	-0.24684619639822
1.239	-0.251022469925688
1.24	-0.255208551564164
1.241	-0.259404442840406
1.242	-0.263610144672097
1.243	-0.267825653776093
1.244	-0.272050972809283
1.245	-0.276286103455732
1.246	-0.280531043169753
1.247	-0.284785791611977
1.248	-0.28905034926388
1.249	-0.293324717250065
1.25	-0.297608893705843
1.251	-0.301902879059932
1.252	-0.306206676344905
1.253	-0.310520282666391
1.254	-0.31484369734527
1.255	-0.319176920787739
1.256	-0.323519956625127
1.257	-0.327872797890408
1.258	-0.332235453156439
1.259	-0.336607912886848
1.26	-0.340990187709743
1.261	-0.345382269468526
1.262	-0.349784157815601
1.263	-0.354195860405526
1.264	-0.358617371506947
1.265	-0.363048691174457
1.266	-0.36748981939914
1.267	-0.371940758836891
1.268	-0.376401507484425
1.269	-0.380872065390992
1.27	-0.385352432506262
1.271	-0.389842608680447
1.272	-0.394342593658652
1.273	-0.398852388173344
1.274	-0.40337199661997
1.275	-0.407901410202653
1.276	-0.412440632771236
1.277	-0.41698966928446
1.278	-0.421548509029099
1.279	-0.426117164875198
1.28	-0.430695625522874
1.281	-0.435283898191253
1.282	-0.439881980241564
1.283	-0.444489870405886
1.284	-0.449107569693083
1.285	-0.453735081070542
1.286	-0.458372400290054
1.287	-0.463019530682262
1.288	-0.467676467050187
1.289	-0.472343215742036
1.29	-0.477019774325223
1.291	-0.481706140890011
1.292	-0.486402317212743
1.293	-0.491108302496324
1.294	-0.495824096318832
1.295	-0.500549701833261
1.296	-0.505285118005498
1.297	-0.510030340469136
1.298	-0.514785375156824
1.299	-0.519550218846304
1.3	-0.52432486777493
1.301	-0.52910933249368
1.302	-0.533903600954197
1.303	-0.538707684532217
1.304	-0.543521573648332
1.305	-0.548345273977832
1.306	-0.55317878492122
1.307	-0.558022104168166
1.308	-0.562875233558033
1.309	-0.567738168531882
1.31	-0.572610917497856
1.311	-0.577493475203291
1.312	-0.582385842379124
1.313	-0.587288018482067
1.314	-0.592200004035866
1.315	-0.597121798647169
1.316	-0.602053402037049
1.317	-0.60699481488347
1.318	-0.611946042664712
1.319	-0.616907075715764
1.32	-0.621877917557837
1.321	-0.62685856680339
1.322	-0.631849032995283
1.323	-0.636849302497147
1.324	-0.641859381042556
1.325	-0.646879273083426
1.326	-0.651908972459773
1.327	-0.656948482991514
1.328	-0.66199779933405
1.329	-0.667056928623991
1.33	-0.67212586896639
1.331	-0.677204612803014
1.332	-0.682293169947899
1.333	-0.68739153834475
1.334	-0.692499714692729
1.335	-0.697617698010802
1.336	-0.702745492974786
1.337	-0.707883094938308
1.338	-0.71303050943639
1.339	-0.718187733023129
1.34	-0.723354765759931
1.341	-0.728531607602029
1.342	-0.733718263133622
1.343	-0.738914723550149
1.344	-0.744120996055282
1.345	-0.749337076021576
1.346	-0.75456296432192
1.347	-0.759798661001691
1.348	-0.765044175649737
1.349	-0.770299492210423
1.35	-0.775564616383593
1.351	-0.780839557924933
1.352	-0.786124302633816
1.353	-0.791418863081269
1.354	-0.796723225510857
1.355	-0.802037402315749
1.356	-0.807361384804296
1.357	-0.812695182190546
1.358	-0.818038787622839
1.359	-0.823392197714133
1.36	-0.828755423915696
1.361	-0.834128456531885
1.362	-0.839511298917752
1.363	-0.844903946696164
1.364	-0.850306409784678
1.365	-0.855718680389124
1.366	-0.861140761277028
1.367	-0.866572650441014
1.368	-0.872014351553753
1.369	-0.877465857849884
1.37	-0.882927176347707
1.371	-0.888398305654293
1.372	-0.89387924170309
1.373	-0.899369987235575
1.374	-0.904870541323311
1.375	-0.910380909271042
1.376	-0.915901087448472
1.377	-0.921431070567169
1.378	-0.926970861493557
1.379	-0.932520469574354
1.38	-0.938079880848348
1.381	-0.943649100438476
1.382	-0.949228136525511
1.383	-0.954816976160149
1.384	-0.960415630283698
1.385	-0.966024088569694
1.386	-0.971642362417562
1.387	-0.977270437304665
1.388	-0.982908331304711
1.389	-0.988556027203249
1.39	-0.99421353539074
1.391	-0.999880854696762
1.392	-1.00555798438714
1.393	-1.01124491524173
1.394	-1.01694166463444
1.395	-1.02264822181774
1.396	-1.02836458935715
1.397	-1.03409076335678
1.398	-1.03982674878707
1.399	-1.04557254285648
1.4	-1.05132814563869
1.401	-1.05709355665307
1.402	-1.06286878187386
1.403	-1.06865381003124
1.404	-1.07444865284413
1.405	-1.08025330379016
1.406	-1.08606776674672
1.407	-1.09189203518487
1.408	-1.09772611288713
1.409	-1.10356999904618
1.41	-1.10942370365231
1.411	-1.11528721081011
1.412	-1.12116052545764
1.413	-1.12704365286927
1.414	-1.13293659220207
1.415	-1.13883933500449
1.416	-1.14475189189001
1.417	-1.15067425755841
1.418	-1.1566064308601
1.419	-1.16254841695458
1.42	-1.16850021110632
1.421	-1.1744618131238
1.422	-1.18043322507591
1.423	-1.1864144454347
1.424	-1.19240547939947
1.425	-1.19840631992134
1.426	-1.20441696991909
1.427	-1.21043743206337
1.428	-1.2164677046565
1.429	-1.22250777586773
1.43	-1.2285576675869
1.431	-1.23461736832386
1.432	-1.24068687479274
1.433	-1.24676619599862
1.434	-1.25285532167368
1.435	-1.25895425379772
1.436	-1.26506300246989
1.437	-1.27118155181478
1.438	-1.27730991676089
1.439	-1.28344809073714
1.44	-1.28959608160451
1.441	-1.29575387285347
1.442	-1.30192147932625
1.443	-1.30809888839309
1.444	-1.31428611156351
1.445	-1.32048314195716
1.446	-1.326689980168
1.447	-1.33290662868877
1.448	-1.33913309568195
1.449	-1.34536936218449
1.45	-1.35161543817545
1.451	-1.35787133209482
1.452	-1.36413702940607
1.453	-1.37041253155125
1.454	-1.37669785308823
1.455	-1.38299297728466
1.456	-1.38929791545259
1.457	-1.39561266079652
1.458	-1.40193721901821
1.459	-1.40827157913626
1.46	-1.41461575779039
1.461	-1.42096973596154
1.462	-1.42733353269165
1.463	-1.43370712906602
1.464	-1.44009054646005
1.465	-1.44648377005771
1.466	-1.45288679423546
1.467	-1.45929963876124
1.468	-1.46572229205227
1.469	-1.47215475037974
1.47	-1.47859701465899
1.471	-1.48504909576558
1.472	-1.49151098546347
1.473	-1.49798268464848
1.474	-1.50446419235448
1.475	-1.51095550873183
1.476	-1.5174566268698
1.477	-1.52396756371433
1.478	-1.53048830987919
1.479	-1.53701886457437
1.48	-1.5435592291568
1.481	-1.5501094021836
1.482	-1.55666938471688
1.483	-1.56323917628002
1.484	-1.56981877895572
1.485	-1.57640819951716
1.486	-1.58300742008725
1.487	-1.58961644921542
1.488	-1.5962352873144
1.489	-1.60286393478857
1.49	-1.60950239946038
1.491	-1.61615066959453
1.492	-1.62280874363604
1.493	-1.62947662868329
1.494	-1.63615433357375
1.495	-1.64284183839126
1.496	-1.64953914927037
1.497	-1.65624627589807
1.498	-1.66296321457217
1.499	-1.66968996215255
1.5	-1.67642651339436
1.501	-1.6831728722798
1.502	-1.68992905228776
1.503	-1.69669502898552
1.504	-1.70347082646245
1.505	-1.71025642209109
1.506	-1.71705184111404
1.507	-1.72385705794905
1.508	-1.73067208956658
1.509	-1.73749693446293
1.51	-1.74433157387834
1.511	-1.75117603931878
1.512	-1.75803031032407
1.513	-1.76489438608902
1.514	-1.77176827134784
1.515	-1.77865197026618
1.516	-1.7855454809317
1.517	-1.79244879303003
1.518	-1.79936191409205
1.519	-1.80628485258138
1.52	-1.81321759965018
1.521	-1.82016015537782
1.522	-1.82711252005995
1.523	-1.83407469379631
1.524	-1.8410466764894
1.525	-1.8480284678433
1.526	-1.85502006736234
1.527	-1.86202147434985
1.528	-1.8690327013415
1.529	-1.87605372693645
1.53	-1.88308457107618
1.531	-1.89012522143553
1.532	-1.89717567616904
1.533	-1.90423594569626
1.534	-1.9113060228805
1.535	-1.91838590811334
1.536	-1.92547560160601
1.537	-1.93257510692486
1.538	-1.9396844319751
1.539	-1.94680355510681
1.54	-1.95393248575703
1.541	-1.96107122567451
1.542	-1.96821979038158
1.543	-1.97537814948727
1.544	-1.98254631800885
1.545	-1.98972430710333
1.546	-1.99691209806821
1.547	-2.00410969238207
1.548	-2.01131711125881
1.549	-2.01853432795806
1.55	-2.02576135447201
1.551	-2.03299819934542
1.552	-2.04024484494678
1.553	-2.04750130745041
1.554	-2.05476756547309
1.555	-2.06204365275726
1.556	-2.06932954214004
1.557	-2.07662523312698
1.558	-2.08393073887125
1.559	-2.09124605319504
1.56	-2.09857118116553
1.561	-2.10590610866782
1.562	-2.1132508576261
1.563	-2.12060541650933
1.564	-2.12796976799156
1.565	-2.13534394611966
1.566	-2.14272793277789
1.567	-2.15012172682188
1.568	-2.15752531783512
1.569	-2.16493873336685
1.57	-2.17236195676039
1.571	-2.17979498820562
1.572	-2.18723781599044
1.573	-2.19469046546447
1.574	-2.20215292609221
1.575	-2.20962519595398
1.576	-2.21710727605334
1.577	-2.22459916289733
1.578	-2.23210085564583
1.579	-2.23961236655265
1.58	-2.24713367723898
1.581	-2.25466480638023
1.582	-2.26220573334475
1.583	-2.26975648179179
1.584	-2.27731703741473
1.585	-2.28488740086108
1.586	-2.29246757264786
1.587	-2.30005754844082
1.588	-2.30765734265435
1.589	-2.31526694124952
1.59	-2.32288634945541
1.591	-2.33051556673193
1.592	-2.3381545991848
1.593	-2.34580344567245
1.594	-2.35346209187446
1.595	-2.36113054538323
1.596	-2.36880880917719
1.597	-2.37649689610533
1.598	-2.38419477846493
1.599	-2.39190247360688
1.6	-2.39961997233406
1.601	-2.40734729861576
1.602	-2.41508441631454
1.603	-2.42283134647153
1.604	-2.43058809085582
1.605	-2.43835464763682
1.606	-2.44613100240062
1.607	-2.45391718569553
1.608	-2.46171316064324
1.609	-2.46951896006088
1.61	-2.47733455461666
1.611	-2.48515996017627
1.612	-2.49299518523405
1.613	-2.50084021929596
1.614	-2.50869505233393
1.615	-2.51655970386096
1.616	-2.52443415504132
1.617	-2.53231842167866
1.618	-2.5402124973096
1.619	-2.54811638845265
1.62	-2.55603007347339
1.621	-2.56395358750337
1.622	-2.57188690069722
1.623	-2.57983001988948
1.624	-2.58778296114968
1.625	-2.59574570618572
1.626	-2.60371824815227
1.627	-2.61170061677974
1.628	-2.61969279131478
1.629	-2.62769477599085
1.63	-2.63570655561649
1.631	-2.64372816113398
1.632	-2.65175957422024
1.633	-2.65980079058337
1.634	-2.66785181999883
1.635	-2.67591265118964
1.636	-2.6839833018563
1.637	-2.69206376256566
1.638	-2.70015403211358
1.639	-2.70825411001034
1.64	-2.71636399598892
1.641	-2.72448368967659
1.642	-2.73261319059432
1.643	-2.74075249815632
1.644	-2.74890161898904
1.645	-2.75706055304517
1.646	-2.76522929612727
1.647	-2.77340784826013
1.648	-2.78159620942757
1.649	-2.78979439086935
1.65	-2.79800237708847
1.651	-2.80622015879583
1.652	-2.81444776444964
1.653	-2.8226851759674
1.654	-2.83093239396233
1.655	-2.83918941895583
1.656	-2.84745625394426
1.657	-2.85573289895986
1.658	-2.8640193512488
1.659	-2.87231563364551
1.66	-2.88062170811407
1.661	-2.88893759036308
1.662	-2.89726328025714
1.663	-2.90559877784038
1.664	-2.91394410798497
1.665	-2.92229922805649
1.666	-2.9306641546432
1.667	-2.93903890434954
1.668	-2.94742345206866
1.669	-2.95581781363028
1.67	-2.96422197515088
1.671	-2.97263596780637
1.672	-2.98105975446505
1.673	-2.98949336161025
1.674	-2.99793676337108
1.675	-3.00638997817709
1.676	-3.01485301295351
1.677	-3.02332584844937
1.678	-3.03180849708419
1.679	-3.04030095431705
1.68	-3.04880321578146
1.681	-3.05731529511208
1.682	-3.06583716983383
1.683	-3.07436887743038
1.684	-3.08291036803027
1.685	-3.09146169335017
1.686	-3.10002282213554
1.687	-3.10859374872814
1.688	-3.11717448652221
1.689	-3.12576503776132
1.69	-3.13436540215544
1.691	-3.14297556435529
1.692	-3.15159555361001
1.693	-3.16022534438812
1.694	-3.16886493672388
1.695	-3.17751435411341
1.696	-3.18617356537481
1.697	-3.19484259151683
1.698	-3.20352143664197
1.699	-3.21221008584549
1.7	-3.22090852735017
1.701	-3.22961680172481
1.702	-3.23833488265001
1.703	-3.24706276691798
1.704	-3.25580045402298
1.705	-3.26454795791546
1.706	-3.27330527560764
1.707	-3.28207240366678
1.708	-3.2908493330251
1.709	-3.29963608097763
1.71	-3.30843261639716
1.711	-3.31723898195926
1.712	-3.32605515495045
1.713	-3.33488113702567
1.714	-3.34371693012078
1.715	-3.35256252367412
1.716	-3.36141793753977
1.717	-3.37028315816993
1.718	-3.37915817462331
1.719	-3.38804301663319
1.72	-3.39693766644828
1.721	-3.40584212450276
1.722	-3.41475639116107
1.723	-3.42368044927145
1.724	-3.43261433635997
1.725	-3.44155803201463
1.726	-3.45051153631405
1.727	-3.4594748492657
1.728	-3.46844798334578
1.729	-3.47743091451997
1.73	-3.4864236546696
1.731	-3.49542620351878
1.732	-3.50443856071896
1.733	-3.51346072688645
1.734	-3.52249270245855
1.735	-3.53153449735476
1.736	-3.54058610682821
1.737	-3.54964751113715
1.738	-3.55871872416061
1.739	-3.5677997478623
1.74	-3.57689059604434
1.741	-3.58599123604061
1.742	-3.59510169561447
1.743	-3.60422195298429
1.744	-3.61335202068593
1.745	-3.62249192067134
1.746	-3.63164161245731
1.747	-3.6408011071321
1.748	-3.64997041879381
1.749	-3.6591495490736
1.75	-3.66833847695134
1.751	-3.67753722015047
1.752	-3.68674577487778
1.753	-3.69596412809896
1.754	-3.70519230107687
1.755	-3.71443028154785
1.756	-3.72367806083607
1.757	-3.73293567517265
1.758	-3.74220307203791
1.759	-3.75148029668529
1.76	-3.76076732002767
1.761	-3.77006416450527
1.762	-3.7793708063159
1.763	-3.78868724669605
1.764	-3.79801352785311
1.765	-3.80734958709116
1.766	-3.81669548618729
1.767	-3.82605116375773
1.768	-3.83541668189265
1.769	-3.84479198220328
1.77	-3.85417711456208
1.771	-3.86357205240821
1.772	-3.87297678279961
1.773	-3.88239134036293
1.774	-3.89181568758192
1.775	-3.90124986830475
1.776	-3.91069383667215
1.777	-3.92014763064866
1.778	-3.92961123439759
1.779	-3.93908462582862
1.78	-3.94856785564907
1.781	-3.95806088753355
1.782	-3.96756370562754
1.783	-3.97707636308919
1.784	-3.98659882241124
1.785	-3.99613107990404
1.786	-4.00567315214169
1.787	-4.01522504288991
1.788	-4.0247867418989
1.789	-4.03435823758259
1.79	-4.04393954476844
1.791	-4.05353067220857
1.792	-4.06313160797622
1.793	-4.0727423379754
1.794	-4.08236288270664
1.795	-4.09199324986643
1.796	-4.10163342299346
1.797	-4.11128340428787
1.798	-4.12094319749143
1.799	-4.13061278418437
1.8	-4.14029218211171
1.801	-4.1499814036198
1.802	-4.15968043482523
1.803	-4.16938927317644
1.804	-4.17910791917401
1.805	-4.18883637487153
1.806	-4.19857464258734
1.807	-4.20832271859751
1.808	-4.2180806032324
1.809	-4.22784829677109
1.81	-4.23762579944121
1.811	-4.24741309623291
1.812	-4.25721021855909
1.813	-4.26701714970939
1.814	-4.27683388970028
1.815	-4.28666043849581
1.816	-4.29649681343644
1.817	-4.30634298203726
1.818	-4.31619895971514
1.819	-4.32606474622601
1.82	-4.3359403412725
1.821	-4.34582574450364
1.822	-4.35572096057296
1.823	-4.36562598555282
1.824	-4.37554081805865
1.825	-4.38546545793067
1.826	-4.39539990700879
1.827	-4.4053441823054
1.828	-4.4152982674367
1.829	-4.425262145262
1.83	-4.43523583415556
1.831	-4.44521933234792
1.832	-4.45521263585304
1.833	-4.46521576656151
1.834	-4.47522870692628
1.835	-4.48525143909082
1.836	-4.49528398479619
1.837	-4.50532635400017
1.838	-4.51537852656009
1.839	-4.52544049638632
1.84	-4.53551227883241
1.841	-4.54559388584737
1.842	-4.55568529546163
1.843	-4.56578650075779
1.844	-4.57589751883651
1.845	-4.58601836180463
1.846	-4.59614901030942
1.847	-4.60628945532325
1.848	-4.61643972749683
1.849	-4.62659980197535
1.85	-4.63676967350786
1.851	-4.6469493734969
1.852	-4.65713887455938
1.853	-4.66733817300891
1.854	-4.67754731610398
1.855	-4.68776623277194
1.856	-4.69799498334271
1.857	-4.70823352780998
1.858	-4.71848189768417
1.859	-4.72874006070742
1.86	-4.73900802157122
1.861	-4.74928582678949
1.862	-4.75957340911933
1.863	-4.76987082623863
1.864	-4.78017803291303
1.865	-4.79049507044612
1.866	-4.80082189346123
1.867	-4.81115855059505
1.868	-4.82150499084983
1.869	-4.83186126705127
1.87	-4.84222732473903
1.871	-4.85260321947161
1.872	-4.86298889436063
1.873	-4.87338441062067
1.874	-4.88378972122884
1.875	-4.89420483943936
1.876	-4.90462978172245
1.877	-4.91506450163431
1.878	-4.92550906444179
1.879	-4.93596342584321
1.88	-4.94642758216325
1.881	-4.95690157253909
1.882	-4.96738536358934
1.883	-4.97787894622803
1.884	-4.9883823558481
1.885	-4.99889555434336
1.886	-5.00941859429407
1.887	-5.01995143350665
1.888	-5.03049407067653
1.889	-5.04104652337579
1.89	-5.0516087916619
1.891	-5.062180857165
1.892	-5.07276273348509
1.893	-5.08335443380945
1.894	-5.09395594595957
1.895	-5.10456725439075
1.896	-5.11518835696213
1.897	-5.12581929478753
1.898	-5.13646004378601
1.899	-5.14711059357929
1.9	-5.15777093716287
1.901	-5.16844110297197
1.902	-5.17912108898524
1.903	-5.18981087592244
1.904	-5.20051048218594
1.905	-5.21121987889149
1.906	-5.22193910431515
1.907	-5.23266810843284
1.908	-5.2434069477461
1.909	-5.25415559796127
1.91	-5.2649140551576
1.911	-5.27568231511453
1.912	-5.28646039477791
1.913	-5.29724827917287
1.914	-5.30804596054955
1.915	-5.31885346842073
1.916	-5.32967075519003
1.917	-5.34049787822299
1.918	-5.35133480999361
1.919	-5.3621815506529
1.92	-5.37303810056682
1.921	-5.38390446098756
1.922	-5.39478062914694
1.923	-5.4056666053744
1.924	-5.41656239092273
1.925	-5.42746798676961
1.926	-5.43838339190281
1.927	-5.44930860628406
1.928	-5.46024363016656
1.929	-5.47118846298672
1.93	-5.48214310452966
1.931	-5.49310755482963
1.932	-5.50408181388831
1.933	-5.51506591458094
1.934	-5.52605979579196
1.935	-5.53706348595877
1.936	-5.54807698493099
1.937	-5.55910029252055
1.938	-5.57013340850161
1.939	-5.58117633261045
1.94	-5.59222906650499
1.941	-5.60329160945689
1.942	-5.61436397924877
1.943	-5.62544614113703
1.944	-5.63653813219222
1.945	-5.64763991411547
1.946	-5.65875150238113
1.947	-5.66987289970474
1.948	-5.68100412508366
1.949	-5.69214515972434
1.95	-5.70329598951144
1.951	-5.71445662357393
1.952	-5.72562706765862
1.953	-5.73680733334399
1.954	-5.74799742187036
1.955	-5.75919729286758
1.956	-5.77040697574905
1.957	-5.78162649750116
1.958	-5.79285580054374
1.959	-5.80409491327152
1.96	-5.81534383136719
1.961	-5.82660258747379
1.962	-5.83787113453851
1.963	-5.84914948005447
1.964	-5.86043765418455
1.965	-5.87173563779644
1.966	-5.88304340944374
1.967	-5.8943609984133
1.968	-5.905688419879
1.969	-5.91702562538107
1.97	-5.92837266279328
1.971	-5.9397294936214
1.972	-5.95109612076768
1.973	-5.96247259460656
1.974	-5.97385884271023
1.975	-5.98525489876492
1.976	-5.99666079815628
1.977	-6.0080764812076
1.978	-6.01950198570434
1.979	-6.03093729627873
1.98	-6.04238240499698
1.981	-6.05383734321554
1.982	-6.06530206797937
1.983	-6.0767766382557
1.984	-6.08826097697543
1.985	-6.09975516379148
1.986	-6.1112591227737
1.987	-6.12277291880862
1.988	-6.13429650514578
1.989	-6.14582992694608
1.99	-6.15737312244806
1.991	-6.16892615887791
1.992	-6.1804889799586
1.993	-6.19206163966011
1.994	-6.20364407113898
1.995	-6.21523634392458
1.996	-6.22683840010327
1.997	-6.23845030079071
1.998	-6.25007196428204
1.999	-6.26170348599121
2	-6.27334479235853
2.001	-6.28499590532086
2.002	-6.29665684573558
2.003	-6.30832756367714
2.004	-6.32000812944987
2.005	-6.33169849474248
2.006	-6.343398644039
2.007	-6.35510863367397
2.008	-6.36682839015579
2.009	-6.37855800428021
2.01	-6.39029741927415
2.011	-6.40204660716016
2.012	-6.41380564704561
2.013	-6.42557447063094
2.014	-6.43735310591524
2.015	-6.44914157391777
2.016	-6.46093984503775
2.017	-6.47274788656323
2.018	-6.48456578403397
2.019	-6.49639348431973
2.02	-6.5082309872557
2.021	-6.52007827406499
2.022	-6.53193540317251
2.023	-6.54380233503715
2.024	-6.55567904611183
2.025	-6.56756560606283
2.026	-6.57946197522005
2.027	-6.59136814816621
2.028	-6.60328412435906
2.029	-6.61520988673667
2.03	-6.6271454872895
2.031	-6.63909090309359
2.032	-6.65104612207362
2.033	-6.66301111280649
2.034	-6.67498595527775
2.035	-6.68697060500845
2.036	-6.69896506624334
2.037	-6.71096932983564
2.038	-6.72298339547417
2.039	-6.73500725367907
2.04	-6.74704095280557
2.041	-6.75908445512291
2.042	-6.77113777039124
2.043	-6.78320089518997
2.044	-6.79527382053229
2.045	-6.80735654589788
2.046	-6.81944907540436
2.047	-6.8315514381539
2.048	-6.84366360945694
2.049	-6.85578558917494
2.05	-6.86791737519456
2.051	-6.880058976811
2.052	-6.89221037569211
2.053	-6.90437159829235
2.054	-6.91654261806679
2.055	-6.92872345532963
2.056	-6.94091409548605
2.057	-6.95311453024807
2.058	-6.96532480901232
2.059	-6.97754486229939
2.06	-6.9897747592789
2.061	-7.0020144300159
2.062	-7.01426394648753
2.063	-7.02652323337364
2.064	-7.03879237040609
2.065	-7.05107127191342
2.066	-7.06336003036608
2.067	-7.075658586105
2.068	-7.08796692526033
2.069	-7.10028510388603
2.07	-7.11261308124545
2.071	-7.12495085538834
2.072	-7.13729845663656
2.073	-7.14965585784212
2.074	-7.16202306356288
2.075	-7.17440008919086
2.076	-7.18678691577414
2.077	-7.19918355119852
2.078	-7.21158999997481
2.079	-7.22400625372914
2.08	-7.23643231634108
2.081	-7.24886823159626
2.082	-7.26131392177065
2.083	-7.27376941498977
2.084	-7.28623471410221
2.085	-7.29870983143445
2.086	-7.31119475205083
2.087	-7.32368947842722
2.088	-7.33619404598583
2.089	-7.34870840670457
2.09	-7.36123257132844
2.091	-7.37376653997024
2.092	-7.38631031271786
2.093	-7.39886389569897
2.094	-7.41142732502561
2.095	-7.42400053870917
2.096	-7.43658355651753
2.097	-7.44917637841256
2.098	-7.46177900477435
2.099	-7.47439146706194
2.1	-7.48701374257196
2.101	-7.49964579988574
2.102	-7.51228766929785
2.103	-7.5249393809925
2.104	-7.53760087683141
2.105	-7.55027217595396
2.106	-7.56295327970141
2.107	-7.57564423578818
2.108	-7.5883449661567
2.109	-7.60105549909608
2.11	-7.61377587486769
2.111	-7.62650603632374
2.112	-7.63924599968022
2.113	-7.6519957652075
2.114	-7.66475538850482
2.115	-7.67752478123179
2.116	-7.69030397650531
2.117	-7.70309302279668
2.118	-7.71589184317898
2.119	-7.72870047005437
2.12	-7.74151893732754
2.121	-7.75434719500462
2.122	-7.76718524567316
2.123	-7.78003315670085
2.124	-7.79289083075378
2.125	-7.80575834591955
2.126	-7.81863564457309
2.127	-7.8315227422863
2.128	-7.84441968420784
2.129	-7.8573264152423
2.13	-7.87024294858268
2.131	-7.88316932670207
2.132	-7.89610546800367
2.133	-7.9090514623191
2.134	-7.92200723188195
2.135	-7.93497282005917
2.136	-7.94794823831016
2.137	-7.96093342082266
2.138	-7.97392846566526
2.139	-7.98693328046389
2.14	-7.99994795080019
2.141	-8.01297237543581
2.142	-8.02600664930497
2.143	-8.03905070744374
2.144	-8.05210460980764
2.145	-8.06516827432472
2.146	-8.07824177478297
2.147	-8.09132508147559
2.148	-8.10441821420742
2.149	-8.11752112077278
2.15	-8.13063388112396
2.151	-8.14375639920333
2.152	-8.15688877763092
2.153	-8.17003091401477
2.154	-8.18318290509852
2.155	-8.19634466389179
2.156	-8.20951628371063
2.157	-8.22269768203573
2.158	-8.23588889387254
2.159	-8.24908992192308
2.16	-8.26230073628894
2.161	-8.27552139406282
2.162	-8.28875181369573
2.163	-8.30199209863406
2.164	-8.31524216235257
2.165	-8.32850203546426
2.166	-8.34177172787913
2.167	-8.35505120414679
2.168	-8.36834053091378
2.169	-8.38163966707757
2.17	-8.39494856239231
2.171	-8.40826732015709
2.172	-8.42159585842714
2.173	-8.43493420318219
2.174	-8.44828238250507
2.175	-8.46164036431556
2.176	-8.47500812387062
2.177	-8.48838573063777
2.178	-8.50177310915682
2.179	-8.51517032757594
2.18	-8.52857736827084
2.181	-8.54199418777274
2.182	-8.55542081550986
2.183	-8.56885728415138
2.184	-8.58230354346196
2.185	-8.59575958476909
2.186	-8.60922548045794
2.187	-8.62270117782127
2.188	-8.63618668626301
2.189	-8.64968196091473
2.19	-8.66318709075477
2.191	-8.67670203085281
2.192	-8.69022674890696
2.193	-8.70376128327648
2.194	-8.71730565441757
2.195	-8.73085982558228
2.196	-8.74442379466494
2.197	-8.75799755289385
2.198	-8.77158116099339
2.199	-8.78517456845707
2.2	-8.79877778421398
2.201	-8.81239076677023
2.202	-8.82601361297816
2.203	-8.83964626072156
2.204	-8.8532887174232
2.205	-8.8669409869448
2.206	-8.88060301761417
2.207	-8.89427490044638
2.208	-8.90795659661842
2.209	-8.92164810202812
2.21	-8.93534941906303
2.211	-8.94906054051773
2.212	-8.96278143706818
2.213	-8.9765121618242
2.214	-8.9902527153977
2.215	-9.00400307571854
2.216	-9.0177632493185
2.217	-9.03153322911254
2.218	-9.04531301549113
2.219	-9.05910257885195
2.22	-9.07290198836569
2.221	-9.08671117951411
2.222	-9.10053020741604
2.223	-9.11435904269518
2.224	-9.12819768658857
2.225	-9.14204614227853
2.226	-9.15590440602678
2.227	-9.16977247805597
2.228	-9.1836503585702
2.229	-9.197538047755
2.23	-9.21143554577733
2.231	-9.22534285278545
2.232	-9.23925996890894
2.233	-9.25318685646113
2.234	-9.26712359188556
2.235	-9.28107013611815
2.236	-9.29502647833864
2.237	-9.30899264353472
2.238	-9.32296861769748
2.239	-9.33695440088186
2.24	-9.35094999330983
2.241	-9.36495539480543
2.242	-9.37897060522374
2.243	-9.39299562448421
2.244	-9.40703045304696
2.245	-9.4210750907109
2.246	-9.43512953737846
2.247	-9.44919379298917
2.248	-9.46326789912768
2.249	-9.47735177169828
2.25	-9.49144545246731
2.251	-9.50554894120042
2.252	-9.51966227338734
2.253	-9.53378538776546
2.254	-9.54791830990514
2.255	-9.56206103949519
2.256	-9.57621357620466
2.257	-9.59037592421686
2.258	-9.60454808755686
2.259	-9.61873005753173
2.26	-9.63292183373278
2.261	-9.64712341611451
2.262	-9.66133480887094
2.263	-9.67555604817199
2.264	-9.68978705475077
2.265	-9.70402791057445
2.266	-9.71827854374647
2.267	-9.73253898084936
2.268	-9.74680923183944
2.269	-9.76108929526146
2.27	-9.7753791615011
2.271	-9.78967888340371
2.272	-9.80398836710277
2.273	-9.81830768391335
2.274	-9.83263679296135
2.275	-9.84697570264613
2.276	-9.86132442786896
2.277	-9.87568295761888
2.278	-9.89005135632763
2.279	-9.90442950461397
2.28	-9.91881747914754
2.281	-9.93321525018657
2.282	-9.94762282491515
2.283	-9.96204023860232
2.284	-9.97646747248817
2.285	-9.9909044762757
2.286	-10.0053512967243
2.287	-10.0198079200879
2.288	-10.0342744004247
2.289	-10.0487506611999
2.29	-10.0632367172806
2.291	-10.0777325758803
2.292	-10.0922382555684
2.293	-10.1067537849308
2.294	-10.1212790797242
2.295	-10.1358141805939
2.296	-10.150359124293
2.297	-10.1649138663368
2.298	-10.179478392378
2.299	-10.1940527281469
2.3	-10.2086369264757
2.301	-10.2232308740694
2.302	-10.2378346577219
2.303	-10.2524482230469
2.304	-10.2670716693055
2.305	-10.281704857823
2.306	-10.2963478619841
2.307	-10.3110007216688
2.308	-10.3256633556834
2.309	-10.3403357805042
2.31	-10.3550180378021
2.311	-10.3697101253986
2.312	-10.3844119841836
2.313	-10.3991236950634
2.314	-10.4138451867438
2.315	-10.428576467241
2.316	-10.4433175732824
2.317	-10.4580685193587
2.318	-10.4728292377126
2.319	-10.4875997996793
2.32	-10.5023801528088
2.321	-10.5171702854611
2.322	-10.53197029505
2.323	-10.5467800568025
2.324	-10.5615996649246
2.325	-10.576429062972
2.326	-10.5912682441021
2.327	-10.6061172973752
2.328	-10.6209761057252
2.329	-10.6358447123934
2.33	-10.6507232052129
2.331	-10.6656114324616
2.332	-10.6805095323959
2.333	-10.695417388533
2.334	-10.7103350864544
2.335	-10.7252625795116
2.336	-10.7401998496221
2.337	-10.7551469960014
2.338	-10.7701038990838
2.339	-10.7850706365178
2.34	-10.8000471778338
2.341	-10.8150335607674
2.342	-10.8300297003155
2.343	-10.84503568285
2.344	-10.8600514581589
2.345	-10.8750770254136
2.346	-10.8901124421088
2.347	-10.9051576211727
2.348	-10.9202126814034
2.349	-10.9352774705014
2.35	-10.9503521372201
2.351	-10.9654365560942
2.352	-10.9805308515145
2.353	-10.9956348780718
2.354	-11.0107487827583
2.355	-11.025872436356
2.356	-11.0410059706955
2.357	-11.056149230669
2.358	-11.0713023723815
2.359	-11.0864653189181
2.36	-11.1016380371457
2.361	-11.1168205563066
2.362	-11.1320129193255
2.363	-11.1472150966379
2.364	-11.1624270454438
2.365	-11.1776488564536
2.366	-11.1928804073038
2.367	-11.2081218375757
2.368	-11.2233730403684
2.369	-11.2386340497502
2.37	-11.2539049006955
2.371	-11.2691855115
2.372	-11.2844759847338
2.373	-11.2997761977409
2.374	-11.3150862934808
2.375	-11.3304061680456
2.376	-11.3457358384482
2.377	-11.3610753551848
2.378	-11.3764246211923
2.379	-11.3917837673369
2.38	-11.4071527059646
2.381	-11.4225314046621
2.382	-11.4379199713845
2.383	-11.4533182993098
2.384	-11.4687264627652
2.385	-11.4841444383801
2.386	-11.499572191984
2.387	-11.5150098024842
2.388	-11.5304572189594
2.389	-11.5459143935824
2.39	-11.5613814359148
2.391	-11.5768582789238
2.392	-11.592344877161
2.393	-11.607841350073
2.394	-11.6233476206502
2.395	-11.6388636431055
2.396	-11.6543895455447
2.397	-11.6699252453435
2.398	-11.6854706908451
2.399	-11.7010260227377
2.4	-11.7165911530288
2.401	-11.7321660813514
2.402	-11.7477507808748
2.403	-11.763345342544
2.404	-11.7789497028741
2.405	-11.7945638210513
2.406	-11.8101878115321
2.407	-11.8258216042421
2.408	-11.8414651963818
2.409	-11.8571185657036
2.41	-11.8727817864336
2.411	-11.8884548063417
2.412	-11.9041376311537
2.413	-11.9198302573253
2.414	-11.9355327251527
2.415	-11.9512449937137
2.416	-11.9669670631654
2.417	-11.9826988987109
2.418	-11.9984406003159
2.419	-12.014192102811
2.42	-12.0299534062974
2.421	-12.0457244820273
2.422	-12.0615054203043
2.423	-12.077296171141
2.424	-12.0930967234478
2.425	-12.1089070772577
2.426	-12.1247271920408
2.427	-12.1405571741562
2.428	-12.1563969582379
2.429	-12.1722465434139
2.43	-12.1881059296463
2.431	-12.2039751317574
2.432	-12.2198541652868
2.433	-12.2357429998897
2.434	-12.2516416354728
2.435	-12.2675500719281
2.436	-12.2834683091338
2.437	-12.2993963784115
2.438	-12.3153342648078
2.439	-12.3312819548877
2.44	-12.3472394664558
2.441	-12.363206778804
2.442	-12.3791838917271
2.443	-12.3951708050055
2.444	-12.4111674991766
2.445	-12.4271740542792
2.446	-12.4431904147559
2.447	-12.4592165747861
2.448	-12.47525255518
2.449	-12.4912983449519
2.45	-12.5073539340079
2.451	-12.5234193220145
2.452	-12.539494484696
2.453	-12.5555795135627
2.454	-12.5716743460546
2.455	-12.5877789870658
2.456	-12.603893446521
2.457	-12.6200177063795
2.458	-12.6361517633308
2.459	-12.6522956532305
2.46	-12.6684493412402
2.461	-12.6846128256173
2.462	-12.7007861058694
2.463	-12.7169692536467
2.464	-12.7331621648514
2.465	-12.7493648467513
2.466	-12.7655773935682
2.467	-12.7817997480176
2.468	-12.7980319115146
2.469	-12.8142738863979
2.47	-12.8305256648643
2.471	-12.8467872597834
2.472	-12.8630586581994
2.473	-12.8793398623503
2.474	-12.8956308894465
2.475	-12.9119317086608
2.476	-12.9282423506493
2.477	-12.9445627986993
2.478	-12.9608930434498
2.479	-12.9772331200299
2.48	-12.9935829854667
2.481	-13.009942673994
2.482	-13.0263121666958
2.483	-13.0426914617352
2.484	-13.0590805811325
2.485	-13.075479491326
2.486	-13.0918882296167
2.487	-13.1083067606234
2.488	-13.1247351127888
2.489	-13.1411732676607
2.49	-13.1576212328938
2.491	-13.1740790092064
2.492	-13.1905465921676
2.493	-13.207023985069
2.494	-13.2235111858576
2.495	-13.240008195253
2.496	-13.256515070009
2.497	-13.2730317246652
2.498	-13.2895581502607
2.499	-13.3060944209104
2.5	-13.3226404645195
2.501	-13.3391963519125
2.502	-13.3557620120031
2.503	-13.3723375167919
2.504	-13.3889228026102
2.505	-13.4055179144624
2.506	-13.4221228235682
2.507	-13.4387375442365
2.508	-13.4553621109168
2.509	-13.4719964882143
2.51	-13.488640608507
2.511	-13.5052946058292
2.512	-13.521958384228
2.513	-13.5386319518144
2.514	-13.5553153509407
2.515	-13.5720085418001
2.516	-13.588711544664
2.517	-13.6054243956015
2.518	-13.6221470578898
2.519	-13.6388795036523
2.52	-13.6556217348215
2.521	-13.6723738024618
2.522	-13.6891356574499
2.523	-13.7059073254596
2.524	-13.7226888229412
2.525	-13.7394801584351
2.526	-13.7562812792415
2.527	-13.7730921856884
2.528	-13.7899128991546
2.529	-13.8067434246204
2.53	-13.8235838022842
2.531	-13.8404339802038
2.532	-13.8572939448868
2.533	-13.8741636981449
2.534	-13.8910432743394
2.535	-13.9079326490644
2.536	-13.924831903791
2.537	-13.9417409289054
2.538	-13.9586597418228
2.539	-13.9755883539648
2.54	-13.9925267742401
2.541	-14.0094750974352
2.542	-14.0264331271282
2.543	-14.0434010016781
2.544	-14.0603786646546
2.545	-14.0773661781015
2.546	-14.0943634952107
2.547	-14.1113706011735
2.548	-14.1283874960804
2.549	-14.1454142544544
2.55	-14.1624508044067
2.551	-14.179497143594
2.552	-14.1965532744349
2.553	-14.2136192755067
2.554	-14.2306950595659
2.555	-14.2477806330586
2.556	-14.2648760011431
2.557	-14.2819812438995
2.558	-14.2990962625946
2.559	-14.3162210707372
2.56	-14.3333556744121
2.561	-14.3505001593132
2.562	-14.3676544124325
2.563	-14.3848184548276
2.564	-14.4019922904316
2.565	-14.4191760184448
2.566	-14.4363695050303
2.567	-14.4535727805938
2.568	-14.4707859482454
2.569	-14.4880088485755
2.57	-14.5052415498366
2.571	-14.5224841294463
2.572	-14.5397364733126
2.573	-14.5569986057381
2.574	-14.5742705667364
2.575	-14.5915523525285
2.576	-14.6088439339231
2.577	-14.6261453677041
2.578	-14.6434565687751
2.579	-14.6607775576336
2.58	-14.6781083709538
2.581	-14.6954490357338
2.582	-14.7127994518386
2.583	-14.730159740183
2.584	-14.7475297959285
2.585	-14.7649096382714
2.586	-14.782299367085
2.587	-14.7996988384129
2.588	-14.8171081005196
2.589	-14.8345272392566
2.59	-14.8519561504107
2.591	-14.8693948445668
2.592	-14.8868434431142
2.593	-14.9043017622798
2.594	-14.9217699637198
2.595	-14.9392479120942
2.596	-14.9567356448433
2.597	-14.9742332869523
2.598	-14.9917406484635
2.599	-15.009257865103
2.6	-15.0267848800674
2.601	-15.0443216718681
2.602	-15.06186834893
2.603	-15.0794247671494
2.604	-15.0969910580749
2.605	-15.1145671002501
2.606	-15.1321529256011
2.607	-15.1497486684048
2.608	-15.1673541183898
2.609	-15.1849694690225
2.61	-15.202594546113
2.611	-15.2202295034006
2.612	-15.2378742072938
2.613	-15.2555287010693
2.614	-15.2731931029776
2.615	-15.2908672103946
2.616	-15.3085512340444
2.617	-15.326244966578
2.618	-15.3439486012075
2.619	-15.3616619582559
2.62	-15.3793852050133
2.621	-15.3971181858772
2.622	-15.4148610458405
2.623	-15.4326136497322
2.624	-15.4503761238996
2.625	-15.4681483499428
2.626	-15.485930439232
2.627	-15.5037222864612
2.628	-15.5215239917096
2.629	-15.5393354590701
2.63	-15.5571567810344
2.631	-15.5749878673816
2.632	-15.5928288067373
2.633	-15.6106795108365
2.634	-15.6285400681777
2.635	-15.6464103887042
2.636	-15.6642905645434
2.637	-15.682180509711
2.638	-15.7000802948488
2.639	-15.7179898754242
2.64	-15.7359092579356
2.641	-15.7538384749054
2.642	-15.7717775246745
2.643	-15.7897263064612
2.644	-15.8076849771172
2.645	-15.8256533701635
2.646	-15.8436316601507
2.647	-15.8616196734437
2.648	-15.8796175823879
2.649	-15.8976252577191
2.65	-15.9156427555075
2.651	-15.9336700838534
2.652	-15.9517071555084
2.653	-15.969754106138
2.654	-15.9878107838077
2.655	-16.0058773526696
2.656	-16.0239536504641
2.657	-16.0420398545638
2.658	-16.0601357902123
2.659	-16.0782415864853
2.66	-16.0963572037297
2.661	-16.1144825428987
2.662	-16.1326177759105
2.663	-16.1507627913564
2.664	-16.1689176117571
2.665	-16.1870822779607
2.666	-16.2052566625741
2.667	-16.2234409505379
2.668	-16.2416350156574
2.669	-16.2598388652623
2.67	-16.2780525835774
2.671	-16.2962760107733
2.672	-16.3145093503528
2.673	-16.332752467553
2.674	-16.3510053533929
2.675	-16.3692681225972
2.676	-16.3875406731421
2.677	-16.4058229747884
2.678	-16.4241151452489
2.679	-16.4424170678576
2.68	-16.4607288907836
2.681	-16.4790504962923
2.682	-16.4973818323374
2.683	-16.515723073291
2.684	-16.5340741154448
2.685	-16.5524348781199
2.686	-16.570805537273
2.687	-16.589185975314
2.688	-16.6075762080542
2.689	-16.6259763049251
2.69	-16.6443861803174
2.691	-16.6628058167636
2.692	-16.6812353470332
2.693	-16.6996746606032
2.694	-16.71812370952
2.695	-16.7365826662496
2.696	-16.7550514185678
2.697	-16.7735298833623
2.698	-16.7920182644606
2.699	-16.8105164558403
2.7	-16.8290244255669
2.701	-16.8475421532007
2.702	-16.8660697732783
2.703	-16.8846071819093
2.704	-16.9031543228665
2.705	-16.9217113709639
2.706	-16.9402782182065
2.707	-16.9588548430657
2.708	-16.9774412481994
2.709	-16.9960375334987
2.71	-17.0146435959969
2.711	-17.0332594087492
2.712	-17.0518851260415
2.713	-17.0705206252718
2.714	-17.0891659009049
2.715	-17.1078209933007
2.716	-17.1264859333321
2.717	-17.1451606936126
2.718	-17.1638452404422
2.719	-17.1825395228318
2.72	-17.2012437122674
2.721	-17.2199576936072
2.722	-17.2386814499641
2.723	-17.2574149996833
2.724	-17.2761584171246
2.725	-17.2949116496674
2.726	-17.3136746772495
2.727	-17.332447419241
2.728	-17.351230086134
2.729	-17.3700225441464
2.73	-17.388824816911
2.731	-17.407636889258
2.732	-17.426458688776
2.733	-17.4452903992142
2.734	-17.4641318990639
2.735	-17.482983219706
2.736	-17.50184433416
2.737	-17.5207151849043
2.738	-17.5395959411045
2.739	-17.5584864794039
2.74	-17.5773868580073
2.741	-17.5962970107198
2.742	-17.6152169089508
2.743	-17.6341467082018
2.744	-17.6530863082309
2.745	-17.672035725967
2.746	-17.6909949118878
2.747	-17.7099639569345
2.748	-17.7289427079824
2.749	-17.7479313650139
2.75	-17.7669298118829
2.751	-17.7859380888783
2.752	-17.8049561490087
2.753	-17.8239839745039
2.754	-17.8430216352995
2.755	-17.8620691433158
2.756	-17.8811264600978
2.757	-17.9001935824221
2.758	-17.9192705113113
2.759	-17.9383572030166
2.76	-17.9574537846913
2.761	-17.9765600564888
2.762	-17.9956762294996
2.763	-18.014802209313
2.764	-18.0339379994818
2.765	-18.0530835941691
2.766	-18.0722389941514
2.767	-18.0914041531372
2.768	-18.1105792146367
2.769	-18.1297639630879
2.77	-18.1489586105759
2.771	-18.1681630690112
2.772	-18.1873773199827
2.773	-18.2066014048705
2.774	-18.2258352602177
2.775	-18.2450789688003
2.776	-18.2643324296351
2.777	-18.2835957613108
2.778	-18.3028688267174
2.779	-18.3221517045126
2.78	-18.3414444441828
2.781	-18.3607469903801
2.782	-18.3800593515276
2.783	-18.3993815032838
2.784	-18.4187134889592
2.785	-18.4380552613021
2.786	-18.4574068549143
2.787	-18.4767682561941
2.788	-18.4961394491351
2.789	-18.5155204803149
2.79	-18.5349112712227
2.791	-18.5543119332002
2.792	-18.5737223206375
2.793	-18.5931425337502
2.794	-18.6125726025567
2.795	-18.6320124791275
2.796	-18.6514621642717
2.797	-18.6709216579382
2.798	-18.6903909601007
2.799	-18.7098700773455
2.8	-18.7293589907397
2.801	-18.7488577215795
2.802	-18.7683662686091
2.803	-18.7878846036995
2.804	-18.807412771915
2.805	-18.8269507395446
2.806	-18.8464984990045
2.807	-18.8660561019302
2.808	-18.8856234924234
2.809	-18.9052006853906
2.81	-18.9247877134395
2.811	-18.9443845288456
2.812	-18.9639911538444
2.813	-18.9836076075834
2.814	-19.0032338497368
2.815	-19.0228699037092
2.816	-19.0425157848253
2.817	-19.062171455344
2.818	-19.0818369349852
2.819	-19.1015122449485
2.82	-19.1211973452331
2.821	-19.140892247751
2.822	-19.1605969870521
2.823	-19.1803115182847
2.824	-19.2000358510394
2.825	-19.219770009548
2.826	-19.2395139726912
2.827	-19.2592677357428
2.828	-19.2790313149819
2.829	-19.2988047059529
2.83	-19.3185878993244
2.831	-19.3383809041871
2.832	-19.3581837173378
2.833	-19.3779963594724
2.834	-19.3978188400977
2.835	-19.4176511150774
2.836	-19.43749318473
2.837	-19.4573450493668
2.838	-19.4772066973472
2.839	-19.4970782025052
2.84	-19.516959503099
2.841	-19.5368505994098
2.842	-19.5567514923332
2.843	-19.5766622226789
2.844	-19.5965827550163
2.845	-19.6165130836773
2.846	-19.6364532270992
2.847	-19.6564031775009
2.848	-19.6763630398047
2.849	-19.6963325520839
2.85	-19.7163119743539
2.851	-19.7363011939057
2.852	-19.7563002109364
2.853	-19.7763090256358
2.854	-19.7963276381858
2.855	-19.8163560619784
2.856	-19.8363943010945
2.857	-19.8564423452734
2.858	-19.8765002184724
2.859	-19.8965679267626
2.86	-19.9166454334413
2.861	-19.9367327386368
2.862	-19.9568298424696
2.863	-19.9769367450525
2.864	-19.9970534464908
2.865	-20.017179967032
2.866	-20.0373162901186
2.867	-20.0574625369145
2.868	-20.0776184988906
2.869	-20.0977842601951
2.87	-20.1179598208869
2.871	-20.1381451958187
2.872	-20.1583403846209
2.873	-20.1785453740421
2.874	-20.1987602846105
2.875	-20.2189849071048
2.876	-20.2392193292404
2.877	-20.2594635515853
2.878	-20.2797176028625
2.879	-20.2999814530337
2.88	-20.320255207655
2.881	-20.3405386921299
2.882	-20.360831976219
2.883	-20.3811350598799
2.884	-20.4014479548512
2.885	-20.4217706607277
2.886	-20.442103265912
2.887	-20.4624456114641
2.888	-20.4827977563198
2.889	-20.5031597003891
2.89	-20.5235314435742
2.891	-20.5439129967246
2.892	-20.5643044470328
2.893	-20.584705651048
2.894	-20.6051166537698
2.895	-20.6255374550604
2.896	-20.6459680557408
2.897	-20.6664085816653
2.898	-20.6868588217935
2.899	-20.707318860418
2.9	-20.7277886973613
2.901	-20.7482683421901
2.902	-20.768757881255
2.903	-20.7892571761568
2.904	-20.8097662698632
2.905	-20.8302851677679
2.906	-20.8508139545378
2.907	-20.8713524871475
2.908	-20.8919008169971
2.909	-20.912458943837
2.91	-20.933026867409
2.911	-20.953604729412
2.912	-20.9741922969641
2.913	-20.9947896610001
2.914	-21.0153968228743
2.915	-21.0360138519641
2.916	-21.0566407162001
2.917	-21.0772773171762
2.918	-21.0979237245247
2.919	-21.1185800127989
2.92	-21.1392460635087
2.921	-21.1599219224115
2.922	-21.1806075727019
2.923	-21.2013031154038
2.924	-21.2220083998879
2.925	-21.2427234849194
2.926	-21.2634483665676
2.927	-21.2841831622354
2.928	-21.304927678893
2.929	-21.3256819953406
2.93	-21.3464461991077
2.931	-21.3672201538581
2.932	-21.3880039005983
2.933	-21.408797449867
2.934	-21.4296009054502
2.935	-21.4504140889319
2.936	-21.4712370688347
2.937	-21.492069842961
2.938	-21.5129125549399
2.939	-21.5337649642007
2.94	-21.5546271810251
2.941	-21.5754992997428
2.942	-21.5963811428906
2.943	-21.6172727965758
2.944	-21.6381743238739
2.945	-21.6590855995686
2.946	-21.680006692042
2.947	-21.7009376272759
2.948	-21.7218783739069
2.949	-21.7428288737981
2.95	-21.7637891662051
2.951	-21.7847594136681
2.952	-21.8057393432939
2.953	-21.8267290587342
2.954	-21.8477287338189
2.955	-21.8687380911565
2.956	-21.8897572326573
2.957	-21.9107863323345
2.958	-21.9318251151524
2.959	-21.9528736881641
2.96	-21.9739322065876
2.961	-21.9950004173513
2.962	-22.0160784249251
2.963	-22.0371663533454
2.964	-22.0582640146465
2.965	-22.0793715037792
2.966	-22.100488840062
2.967	-22.1216159005658
2.968	-22.1427528789118
2.969	-22.1638995778302
2.97	-22.185056055125
2.971	-22.2062224664215
2.972	-22.227398579895
2.973	-22.2485844943604
2.974	-22.2697803159954
2.975	-22.2909858850829
2.976	-22.312201262792
2.977	-22.3334265162244
2.978	-22.3546614711803
2.979	-22.37590635932
2.98	-22.3971609476413
2.981	-22.4184253251681
2.982	-22.4396996347376
2.983	-22.4609836664676
2.984	-22.4822775320139
2.985	-22.5035812473383
2.986	-22.5248946653399
2.987	-22.5462180445886
2.988	-22.5675510959561
2.989	-22.5888940518789
2.99	-22.6102467551444
2.991	-22.6316092318648
2.992	-22.6529816648799
2.993	-22.6743637621422
2.994	-22.6957557838205
2.995	-22.7171575059442
2.996	-22.738569110829
2.997	-22.759990505154
2.998	-22.7814216467499
2.999	-22.8028627356629
3	-22.8243134989305
