0	1
0.001	0.9999950955
0.002	0.9999803812358
0.003	0.999955857461931
0.004	0.999921524178527
0.005	0.999877381385515
0.006	0.999823429083008
0.007	0.999759667271065
0.008	0.999686095949324
0.009	0.999602715118113
0.01	0.999509524777951
0.011	0.999406524927339
0.012	0.999293715567325
0.013	0.999171096699547
0.014	0.999038668320947
0.015	0.998896430433144
0.016	0.998744383032624
0.017	0.99858252612565
0.018	0.998410859708389
0.019	0.998229383785253
0.02	0.99803809834961
0.021	0.997837003402897
0.022	0.997626098947187
0.023	0.997405384979891
0.024	0.997174861505972
0.025	0.996934528520796
0.026	0.996684386029451
0.027	0.996424434027907
0.028	0.996154672516979
0.029	0.995875101493286
0.03	0.995585720962775
0.031	0.995286530919502
0.032	0.99497753136877
0.033	0.994658722318007
0.034	0.99433010373555
0.035	0.993991675656434
0.036	0.993643438075149
0.037	0.993285390976899
0.038	0.992917534368745
0.039	0.992539868243705
0.04	0.992152392622726
0.041	0.991755107483607
0.042	0.991348012837053
0.043	0.990931108695613
0.044	0.990504395030649
0.045	0.990067871840037
0.046	0.989621539151964
0.047	0.989165396958358
0.048	0.988699445271717
0.049	0.988223684045418
0.05	0.987738113321361
0.051	0.987242733088015
0.052	0.986737543345281
0.053	0.986222544119102
0.054	0.98569773536768
0.055	0.985163117061914
0.056	0.984618689287598
0.057	0.984064451998567
0.058	0.983500405195828
0.059	0.982926548885703
0.06	0.982342883070805
0.061	0.981749407776836
0.062	0.981146122902493
0.063	0.980533028556043
0.064	0.979910124735119
0.065	0.979277411362081
0.066	0.978634888476823
0.067	0.977982556093069
0.068	0.977320414182622
0.069	0.976648462779003
0.07	0.975966701876071
0.071	0.97527513147757
0.072	0.974573751557914
0.073	0.97386256210361
0.074	0.973141563167663
0.075	0.972410754672641
0.076	0.97167013668454
0.077	0.970919709200327
0.078	0.970159472208161
0.079	0.969389425739465
0.08	0.968609569702386
0.081	0.967819904218835
0.082	0.967020429152065
0.083	0.96621114463921
0.084	0.965392050566532
0.085	0.964563147064505
0.086	0.963724433990092
0.087	0.962875911366691
0.088	0.962017579308424
0.089	0.961149437714213
0.09	0.960271486581243
0.091	0.959383726063473
0.092	0.958486155858452
0.093	0.957578776212486
0.094	0.956661587073232
0.095	0.955734588452508
0.096	0.954797780334972
0.097	0.953851162582987
0.098	0.952894735465003
0.099	0.951928498721787
0.1	0.950952452564125
0.101	0.949966596815247
0.102	0.94897093162578
0.103	0.947965456889705
0.104	0.946950172619639
0.105	0.945925078955448
0.106	0.944890175689921
0.107	0.943845462887567
0.108	0.942790940621762
0.109	0.94172660891675
0.11	0.940652467503195
0.111	0.939568516739428
0.112	0.938474756363298
0.113	0.93737118654473
0.114	0.936257807205289
0.115	0.935134618443952
0.116	0.934001620011175
0.117	0.93285881217813
0.118	0.931706194782098
0.119	0.930543767949906
0.12	0.929371531502221
0.121	0.928189485601912
0.122	0.926997630245909
0.123	0.92579596527686
0.124	0.924584490851247
0.125	0.923363206937929
0.126	0.922132113462405
0.127	0.920891210498162
0.128	0.919640498151805
0.129	0.918379976090139
0.13	0.917109644726201
0.131	0.915829503573751
0.132	0.914539553076453
0.133	0.913239793188067
0.134	0.911930223735736
0.135	0.910610844506044
0.136	0.909281656045642
0.137	0.907942657896159
0.138	0.906593850435123
0.139	0.905235233272617
0.14	0.903866806862655
0.141	0.902488570650793
0.142	0.901100525148148
0.143	0.899702670039298
0.144	0.898295005330123
0.145	0.896877531366029
0.146	0.895450247531814
0.147	0.894013154579683
0.148	0.892566251760058
0.149	0.891109539656983
0.15	0.889643018081869
0.151	0.888166686642019
0.152	0.886680545944762
0.153	0.885184595963749
0.154	0.883678836122338
0.155	0.882163267019956
0.156	0.880637888138351
0.157	0.87910269996712
0.158	0.877557702088987
0.159	0.876002894870761
0.16	0.874438278031909
0.161	0.872863851821714
0.162	0.871279615989184
0.163	0.86968557075934
0.164	0.868081715859442
0.165	0.866468051663969
0.166	0.864844577700575
0.167	0.863211294382899
0.168	0.861568201524341
0.169	0.859915299204025
0.17	0.858252587336329
0.171	0.856580065917802
0.172	0.854897735052747
0.173	0.853205594643324
0.174	0.851503644763985
0.175	0.849791885301439
0.176	0.848070316370836
0.177	0.846338938021727
0.178	0.844597749991067
0.179	0.842846752544769
0.18	0.841085945607781
0.181	0.839315329173001
0.182	0.8375349032816
0.183	0.835744667637962
0.184	0.833944622839347
0.185	0.832134768144974
0.186	0.830315104188587
0.187	0.82848563077167
0.188	0.826646347660096
0.189	0.824797255060829
0.19	0.822938353291678
0.191	0.821069641326404
0.192	0.819191120355056
0.193	0.817302789728417
0.194	0.815404649588524
0.195	0.813496700115108
0.196	0.811578941214621
0.197	0.809651372431806
0.198	0.807713994075517
0.199	0.80576680667661
0.2	0.803809809735379
0.201	0.801843002870315
0.202	0.799866386435319
0.203	0.797879961041186
0.204	0.795883726026266
0.205	0.793877681225134
0.206	0.791861826659256
0.207	0.789836163412662
0.208	0.787800689866206
0.209	0.785755407174001
0.21	0.783700315063806
0.211	0.781635412952498
0.212	0.779560701759736
0.213	0.777476181045177
0.214	0.775381850625727
0.215	0.773277710970538
0.216	0.771163761535748
0.217	0.769040002922277
0.218	0.766906434567328
0.219	0.764763056526859
0.22	0.762609869485138
0.221	0.760446872312722
0.222	0.75827406599287
0.223	0.756091450089615
0.224	0.753899024760765
0.225	0.751696790142387
0.226	0.749484745584315
0.227	0.747262891518071
0.228	0.745031228127049
0.229	0.742789755537523
0.23	0.740538472761433
0.231	0.738277381237078
0.232	0.736006479423928
0.233	0.733725768438918
0.234	0.731435248248635
0.235	0.729134917997228
0.236	0.726824778559376
0.237	0.724504829324708
0.238	0.722175070837452
0.239	0.719835502782964
0.24	0.717486125364881
0.241	0.715126938594039
0.242	0.712757941773826
0.243	0.710379135575619
0.244	0.707990520024139
0.245	0.70559209491421
0.246	0.703183860535876
0.247	0.700765816485714
0.248	0.698337962862709
0.249	0.695900299487319
0.25	0.693452826850348
0.251	0.690995544711609
0.252	0.68852845330165
0.253	0.686051552221482
0.254	0.683564841384053
0.255	0.681068321056382
0.256	0.678561991492419
0.257	0.676045852278845
0.258	0.673519903447419
0.259	0.670984145480805
0.26	0.668438577719223
0.261	0.665883200672347
0.262	0.663318013552235
0.263	0.660743017256342
0.264	0.65815821150155
0.265	0.655563596428735
0.266	0.652959172032161
0.267	0.650344937145517
0.268	0.647720893707286
0.269	0.64508704066169
0.27	0.642443377556027
0.271	0.639789905296723
0.272	0.637126623872637
0.273	0.634453531789373
0.274	0.631770631033274
0.275	0.629077920553815
0.276	0.62637540141525
0.277	0.623663071623468
0.278	0.620940932631681
0.279	0.618208984475568
0.28	0.615467226474707
0.281	0.612715658506822
0.282	0.609954282342086
0.283	0.607183095126469
0.284	0.604402099368478
0.285	0.601611294270138
0.286	0.598810679386676
0.287	0.596000254630677
0.288	0.593180020276287
0.289	0.590349976963443
0.29	0.587510124104577
0.291	0.584660461492883
0.292	0.581800989166184
0.293	0.57893170783641
0.294	0.576052616949913
0.295	0.573163716288826
0.296	0.570265005974902
0.297	0.567356486473377
0.298	0.56443815812284
0.299	0.561510018669554
0.3	0.5585720710545
0.301	0.555624313575447
0.302	0.552666746001152
0.303	0.549699369265972
0.304	0.546722183198051
0.305	0.543735187945839
0.306	0.540738382833375
0.307	0.537731767510918
0.308	0.534715344374026
0.309	0.531689109644623
0.31	0.528653066725951
0.311	0.525607214717156
0.312	0.522551552384808
0.313	0.519486080649736
0.314	0.516410799559329
0.315	0.513325708094198
0.316	0.51023080749713
0.317	0.507126098674745
0.318	0.504011578452165
0.319	0.500887250681448
0.32	0.49775311164201
0.321	0.494609163541715
0.322	0.49145540623468
0.323	0.488291839411887
0.324	0.485118463045351
0.325	0.481935277391042
0.326	0.47874228299183
0.327	0.475539477102284
0.328	0.472326863084194
0.329	0.469104438806433
0.33	0.465872206582556
0.331	0.462630162747348
0.332	0.459378310027455
0.333	0.456116648063247
0.334	0.45284517663094
0.335	0.44956389577066
0.336	0.446272805789092
0.337	0.442971906165021
0.338	0.439661195800272
0.339	0.436340677824005
0.34	0.433010348326154
0.341	0.429670211244238
0.342	0.426320263369749
0.343	0.422960505862672
0.344	0.419590939256956
0.345	0.416211563221921
0.346	0.412822377672343
0.347	0.409423382770839
0.348	0.406014578930269
0.349	0.402595964533328
0.35	0.399167540411747
0.351	0.395729308528642
0.352	0.392281264726389
0.353	0.38882341302182
0.354	0.385355752088662
0.355	0.381878280105407
0.356	0.378390999204775
0.357	0.374893909007304
0.358	0.371387009361745
0.359	0.367870300347205
0.36	0.364343782275308
0.361	0.360807454237526
0.362	0.357261315598462
0.363	0.353705369218967
0.364	0.350139611794807
0.365	0.34656404654081
0.366	0.342978669697483
0.367	0.339383484788828
0.368	0.3357784909886
0.369	0.332163686556659
0.37	0.328539072449976
0.371	0.32490464920527
0.372	0.321260416850291
0.373	0.317606374361432
0.374	0.313942521641659
0.375	0.310268860177406
0.376	0.306585390860125
0.377	0.302892108951543
0.378	0.299189020338189
0.379	0.295476119688006
0.38	0.291753411655651
0.381	0.288020893419149
0.382	0.284278564718411
0.383	0.280526427136308
0.384	0.276764480251581
0.385	0.272992723839082
0.386	0.269211157871482
0.387	0.265419782520998
0.388	0.261618598161124
0.389	0.257807604439097
0.39	0.253986799144619
0.391	0.250156186149993
0.392	0.246315763116657
0.393	0.242465530576395
0.394	0.238605488270618
0.395	0.234735638402764
0.396	0.230855975856543
0.397	0.226966504999351
0.398	0.223067225190533
0.399	0.219158135968742
0.4	0.215239237053444
0.401	0.211310528346438
0.402	0.207372009933385
0.403	0.203423682085342
0.404	0.199465545260312
0.405	0.195497600104794
0.406	0.19151984255522
0.407	0.187532276940025
0.408	0.183534902409969
0.409	0.179527717082004
0.41	0.175510723139819
0.411	0.171483920289402
0.412	0.167447305881571
0.413	0.163400883307105
0.414	0.159344651863231
0.415	0.155278611011695
0.416	0.151202759868999
0.417	0.147117099065153
0.418	0.143021629124255
0.419	0.138916348596519
0.42	0.134801258484393
0.421	0.130676359264919
0.422	0.126541651589138
0.423	0.122397134662514
0.424	0.1182428059144
0.425	0.114078670670059
0.426	0.109904722854704
0.427	0.105720968940402
0.428	0.101527401691025
0.429	0.0973240274169502
0.43	0.0931108443134916
0.431	0.0888878490413579
0.432	0.0846550452352075
0.433	0.0804124323858768
0.434	0.0761600101365363
0.435	0.0718977782838678
0.436	0.0676257367792491
0.437	0.0633438857299442
0.438	0.0590522254003024
0.439	0.0547507562129631
0.44	0.0504394778541519
0.441	0.0461183871814201
0.442	0.0417874888432149
0.443	0.0374467821011644
0.444	0.0330962630435395
0.445	0.0287359380319752
0.446	0.024365799619894
0.447	0.0199858543906619
0.448	0.015596099216373
0.449	0.0111965329867171
0.45	0.00678715878252886
0.451	0.00236797588954921
0.452	0.001646946464261
0.453	0.00518103687318382
0.454	0.00870531747859848
0.455	0.0122197877896669
0.456	0.0157244475497984
0.457	0.0192192967344786
0.458	0.0227043355491141
0.459	0.026179564426892
0.46	0.0296449823535873
0.461	0.0331005888489269
0.462	0.036546387129667
0.463	0.0399823719768368
0.464	0.0434085484046899
0.465	0.0468249140385153
0.466	0.0502314681783424
0.467	0.0536282123458646
0.468	0.0570151461850377
0.469	0.0603922695895894
0.47	0.0637595827006193
0.471	0.0671170859042151
0.472	0.0704647771066423
0.473	0.0738026582215149
0.474	0.0771307299219634
0.475	0.0804489896336281
0.476	0.0837574395898939
0.477	0.0870560799274785
0.478	0.0903449086425276
0.479	0.0936239267902356
0.48	0.096893134786703
0.481	0.100152532649471
0.482	0.103402119594282
0.483	0.106641895313742
0.484	0.109871861582606
0.485	0.113092017197752
0.486	0.116302362192566
0.487	0.11950289637384
0.488	0.122693620959758
0.489	0.125874535190715
0.49	0.129045638037133
0.491	0.132206930757995
0.492	0.135358412478209
0.493	0.138500083433228
0.494	0.141631944514555
0.495	0.144753995905743
0.496	0.147866235185206
0.497	0.15096866516792
0.498	0.154061284850042
0.499	0.157144092898989
0.5	0.160217090898446
0.501	0.163280278618309
0.502	0.166333656130715
0.503	0.169377223165737
0.504	0.172410978532526
0.505	0.175434924755118
0.506	0.178449059475501
0.507	0.181453385101194
0.508	0.184447898815148
0.509	0.187432602275369
0.51	0.190407495498381
0.511	0.193372578411014
0.512	0.196327851259678
0.513	0.199273312543096
0.514	0.202208963627552
0.515	0.205134804779594
0.516	0.208050835095174
0.517	0.210957054498792
0.518	0.213853463820073
0.519	0.216740062671569
0.52	0.219616851008541
0.521	0.22248382912509
0.522	0.225340996958452
0.523	0.228188353125721
0.524	0.231025900137593
0.525	0.233853635778691
0.526	0.236671560873209
0.527	0.23947967574964
0.528	0.242277980212945
0.529	0.245066474428821
0.53	0.247845158214179
0.531	0.250614030513203
0.532	0.253373093676104
0.533	0.256122345208826
0.534	0.258861786457006
0.535	0.26159141743445
0.536	0.264311237959905
0.537	0.26702124823347
0.538	0.26972144805236
0.539	0.272411836525262
0.54	0.275092415459496
0.541	0.277763183670005
0.542	0.280424140910525
0.543	0.283075287984573
0.544	0.285716624896334
0.545	0.288348150752067
0.546	0.29096986603795
0.547	0.293581771505661
0.548	0.296183866177869
0.549	0.298776149997829
0.55	0.301358623615663
0.551	0.303931286989226
0.552	0.306494139821468
0.553	0.309047181459373
0.554	0.311590413658433
0.555	0.314123834652763
0.556	0.316647445131181
0.557	0.319161245365688
0.558	0.321665235424943
0.559	0.324159414377923
0.56	0.326643783021686
0.561	0.329118341178616
0.562	0.331583089222787
0.563	0.334038026566658
0.564	0.3364831530983
0.565	0.338918469175101
0.566	0.341343975617536
0.567	0.343759670276613
0.568	0.346165555128381
0.569	0.34856162950337
0.57	0.350947893232619
0.571	0.353324346640894
0.572	0.355690989761195
0.573	0.358047821932005
0.574	0.360394843613352
0.575	0.362732054979433
0.576	0.365059455949677
0.577	0.367377046904899
0.578	0.369684826152874
0.579	0.371982795790306
0.58	0.374270954948135
0.581	0.376549303255486
0.582	0.378817840887133
0.583	0.381076568555726
0.584	0.383325485268327
0.585	0.385564591886982
0.586	0.387793887856083
0.587	0.390013373193804
0.588	0.392223048483751
0.589	0.394422912697331
0.59	0.396612966874307
0.591	0.39879321040323
0.592	0.400963643273353
0.593	0.403124266065695
0.594	0.405275077864183
0.595	0.40741607954929
0.596	0.409547270588045
0.597	0.411668651073671
0.598	0.413780221716052
0.599	0.415881980825745
0.6	0.417973929878906
0.601	0.420056068559374
0.602	0.422128397122061
0.603	0.424190914267964
0.604	0.426243621435566
0.605	0.428286518081562
0.606	0.430319604266322
0.607	0.432342880182495
0.608	0.434356345337572
0.609	0.436359999975994
0.61	0.438353844456601
0.611	0.44033787769709
0.612	0.442312101159111
0.613	0.444276513980149
0.614	0.446231115985588
0.615	0.448175907733475
0.616	0.450110888913593
0.617	0.452036059700108
0.618	0.453951419965916
0.619	0.455856970072939
0.62	0.457752709225347
0.621	0.459638638051149
0.622	0.461514756409074
0.623	0.463381064052585
0.624	0.465237561325789
0.625	0.467084248210927
0.626	0.468921124853564
0.627	0.470748190497594
0.628	0.472565445855916
0.629	0.474372891039423
0.63	0.476170525049651
0.631	0.477958348943399
0.632	0.479736362378596
0.633	0.481504565514184
0.634	0.483262957953228
0.635	0.485011540027177
0.636	0.486750311101924
0.637	0.4884792722255
0.638	0.490198422633549
0.639	0.491907762516791
0.64	0.49360729202338
0.641	0.495297010997293
0.642	0.496976919607562
0.643	0.498647017503852
0.644	0.500307305046318
0.645	0.501957782337396
0.646	0.503598448769415
0.647	0.505229304994632
0.648	0.506850350222302
0.649	0.508461585307158
0.65	0.510063009908679
0.651	0.511654624021122
0.652	0.513236427612065
0.653	0.514808420736932
0.654	0.516370603297349
0.655	0.517922975479068
0.656	0.519465537110586
0.657	0.520998288256543
0.658	0.522521228927432
0.659	0.524034359039718
0.66	0.525537678822834
0.661	0.527031187898083
0.662	0.528514886607591
0.663	0.529988774915467
0.664	0.53145285262444
0.665	0.532907119754488
0.666	0.534351576470594
0.667	0.535786222902198
0.668	0.537211058542366
0.669	0.538626083879833
0.67	0.540031298669337
0.671	0.541426702850776
0.672	0.542812296786242
0.673	0.544188079891629
0.674	0.545554052791064
0.675	0.546910214989638
0.676	0.54825656683884
0.677	0.549593108207059
0.678	0.550919839030261
0.679	0.552236759447052
0.68	0.553543869284476
0.681	0.554841168698291
0.682	0.556128657654849
0.683	0.557406335959266
0.684	0.558674203850562
0.685	0.559932261273037
0.686	0.561180508166142
0.687	0.562418944719781
0.688	0.563647570563126
0.689	0.564866385959144
0.69	0.566075390894143
0.691	0.567274585403649
0.692	0.568463969381655
0.693	0.569643542944582
0.694	0.570813305876383
0.695	0.571973258349738
0.696	0.573123400361954
0.697	0.574263731893204
0.698	0.575394252912878
0.699	0.576514963598129
0.7	0.577625863539259
0.701	0.578726953082659
0.702	0.579818232177895
0.703	0.580899700865938
0.704	0.581971358821241
0.705	0.583033206517871
0.706	0.584085243598809
0.707	0.58512747017935
0.708	0.586159886304145
0.709	0.587182491959478
0.71	0.58819528715526
0.711	0.58919827181378
0.712	0.590191445913839
0.713	0.591174809576089
0.714	0.592148362801761
0.715	0.593112105573948
0.716	0.594066037714865
0.717	0.595010159404302
0.718	0.595944470627671
0.719	0.596868971389895
0.72	0.597783661644206
0.721	0.598688541331522
0.722	0.599583610651618
0.723	0.600468869440511
0.724	0.601344317740781
0.725	0.602209955448477
0.726	0.603065782811392
0.727	0.603911799605616
0.728	0.604748005891764
0.729	0.605574401757678
0.73	0.60639098709326
0.731	0.607197761887094
0.732	0.607994726256258
0.733	0.608781880104808
0.734	0.609559223478749
0.735	0.610326756364258
0.736	0.611084478795525
0.737	0.611832390719918
0.738	0.612570492128153
0.739	0.613298783001858
0.74	0.614017263453226
0.741	0.61472593337353
0.742	0.61542479288092
0.743	0.616113841785932
0.744	0.616793080271951
0.745	0.617462508236942
0.746	0.618122125761315
0.747	0.618771932764065
0.748	0.619411929233002
0.749	0.620042115292371
0.75	0.620662490797457
0.751	0.621273055823769
0.752	0.6218738103815
0.753	0.622464754434374
0.754	0.623045888002151
0.755	0.623617211049034
0.756	0.624178723633562
0.757	0.624730425740108
0.758	0.625272317338334
0.759	0.625804398437571
0.76	0.6263266690591
0.761	0.626839129204759
0.762	0.627341778858007
0.763	0.627834618000235
0.764	0.628317646649747
0.765	0.62879086480624
0.766	0.629254272494487
0.767	0.629707869671741
0.768	0.630151656368629
0.769	0.63058563257563
0.77	0.631009798303449
0.771	0.631424153517625
0.772	0.631828698260616
0.773	0.632223432497331
0.774	0.632608356248523
0.775	0.632983469523173
0.776	0.633348772285329
0.777	0.633704264566732
0.778	0.634049946357498
0.779	0.634385817658075
0.78	0.634711878468744
0.781	0.635028128788975
0.782	0.63533456862117
0.783	0.635631197955989
0.784	0.635918016804413
0.785	0.636195025164431
0.786	0.636462223035991
0.787	0.636719610409177
0.788	0.63696718729107
0.789	0.637204953691084
0.79	0.63743290959111
0.791	0.637651055006565
0.792	0.637859389930544
0.793	0.63805791436224
0.794	0.63824662830492
0.795	0.638425531759525
0.796	0.638594624719428
0.797	0.638753907189817
0.798	0.638903379171154
0.799	0.639043040659694
0.8	0.639172891659058
0.801	0.639292932168941
0.802	0.639403162186049
0.803	0.639503581713809
0.804	0.639594190751551
0.805	0.639674989297397
0.806	0.639745977353529
0.807	0.63980715491893
0.808	0.639858521993748
0.809	0.639900078578228
0.81	0.639931824671974
0.811	0.639953760275225
0.812	0.639965885407637
0.813	0.639968200414079
0.814	0.639960705435187
0.815	0.639943400806828
0.816	0.639916286668983
0.817	0.639879363021454
0.818	0.639832629864416
0.819	0.639776087198235
0.82	0.639709735022063
0.821	0.639633573336787
0.822	0.639547602141025
0.823	0.639451821436127
0.824	0.639346231222602
0.825	0.639230831498306
0.826	0.639105622264624
0.827	0.638970603521535
0.828	0.638825775270656
0.829	0.638671137507603
0.83	0.638506690235413
0.831	0.638332433454255
0.832	0.638148367163858
0.833	0.637954491364424
0.834	0.637750806053487
0.835	0.637537311239323
0.836	0.637314006905378
0.837	0.637080893067854
0.838	0.636837969721749
0.839	0.636585236861567
0.84	0.636322694500128
0.841	0.636050342618615
0.842	0.635768181240281
0.843	0.635476210344191
0.844	0.635174429935766
0.845	0.634862840027002
0.846	0.634541440593759
0.847	0.634210231657072
0.848	0.633869213220158
0.849	0.63351838526688
0.85	0.633157747806231
0.851	0.632787300828124
0.852	0.632407044346509
0.853	0.632016978360688
0.854	0.631617102852159
0.855	0.631207417862733
0.856	0.63078792333331
0.857	0.630358619294035
0.858	0.629919505761697
0.859	0.629470582708445
0.86	0.629011850158387
0.861	0.628543308079614
0.862	0.628064956504504
0.863	0.627576795416792
0.864	0.627078824820746
0.865	0.626571044726437
0.866	0.626053455100939
0.867	0.625526055975622
0.868	0.624988847372994
0.869	0.624441829199464
0.87	0.623885001540904
0.871	0.623318364380724
0.872	0.62274191772248
0.873	0.622155661544187
0.874	0.621559595841504
0.875	0.620953720634417
0.876	0.620338035966768
0.877	0.619712541720973
0.878	0.619077237981645
0.879	0.618432124736117
0.88	0.617777202013644
0.881	0.61711246972982
0.882	0.616437927986123
0.883	0.615753576675698
0.884	0.615059415910763
0.885	0.614355445621986
0.886	0.613641665787501
0.887	0.612918076498574
0.888	0.612184677696004
0.889	0.611441469361713
0.89	0.610688451489154
0.891	0.609925624139142
0.892	0.609152987270688
0.893	0.608370540910309
0.894	0.607578285066121
0.895	0.606776219612387
0.896	0.605964344743821
0.897	0.605142660285137
0.898	0.604311166364096
0.899	0.603469862990586
0.9	0.602618750000172
0.901	0.601757827556945
0.902	0.60088709567517
0.903	0.60000655412093
0.904	0.599116203140099
0.905	0.598216042651384
0.906	0.597306072660985
0.907	0.596386293246954
0.908	0.595456704130599
0.909	0.594517305707975
0.91	0.593568097581432
0.911	0.592609080030034
0.912	0.591640253038082
0.913	0.590661616474374
0.914	0.589673170338873
0.915	0.588674914757457
0.916	0.587666849763998
0.917	0.586648975066213
0.918	0.585621290987003
0.919	0.584583797331014
0.92	0.583536494317747
0.921	0.582479381605829
0.922	0.581412459438697
0.923	0.580335727821964
0.924	0.579249186636326
0.925	0.578152835901888
0.926	0.577046675719156
0.927	0.57593070604776
0.928	0.574804926805619
0.929	0.573669338124499
0.93	0.572523939857453
0.931	0.571368732135601
0.932	0.570203714871332
0.933	0.569028888266356
0.934	0.56784425193847
0.935	0.566649806245034
0.936	0.56544555079505
0.937	0.564231486048481
0.938	0.563007611703857
0.939	0.561773928020917
0.94	0.560530434638047
0.941	0.559277131870225
0.942	0.558014019439997
0.943	0.556741097621746
0.944	0.5554583662141
0.945	0.554165825390187
0.946	0.5528634749295
0.947	0.551551315083267
0.948	0.550229345642142
0.949	0.548897566846375
0.95	0.547555978364853
0.951	0.546204580513222
0.952	0.544843373130369
0.953	0.543472356007021
0.954	0.542091529551975
0.955	0.540700893766684
0.956	0.539300448254438
0.957	0.537890193161613
0.958	0.53647012870634
0.959	0.535040254646053
0.96	0.533600571116677
0.961	0.532151078195209
0.962	0.530691775569257
0.963	0.52922266362464
0.964	0.527743741969755
0.965	0.526255010915485
0.966	0.524756470508335
0.967	0.523248120466705
0.968	0.521729960670785
0.969	0.520201991641033
0.97	0.518664212963122
0.971	0.51711662506676
0.972	0.515559227431436
0.973	0.513992020078908
0.974	0.512415003492786
0.975	0.510828177277901
0.976	0.509231541913522
0.977	0.507625096704521
0.978	0.506008841830015
0.979	0.50438277780097
0.98	0.502746904138574
0.981	0.501101220670634
0.982	0.499445728151992
0.983	0.497780425827138
0.984	0.496105313960015
0.985	0.494420392704525
0.986	0.492725661927345
0.987	0.491021121967691
0.988	0.489306771958646
0.989	0.48758261275889
0.99	0.485848643874616
0.991	0.484104865861335
0.992	0.482351277962525
0.993	0.480587880338882
0.994	0.478814673743258
0.995	0.477031657424146
0.996	0.47523883131783
0.997	0.47343619625776
0.998	0.471623751222213
0.999	0.469801497066799
1	0.467969432772847
1.001	0.466127559540025
1.002	0.464275876605023
1.003	0.462414384024842
1.004	0.460543082410959
1.005	0.458661970981126
1.006	0.456771050070319
1.007	0.454870319242433
1.008	0.452959779578418
1.009	0.451039430245351
1.01	0.449109270987493
1.011	0.447169302316641
1.012	0.445219524361688
1.013	0.443259936899694
1.014	0.441290539746342
1.015	0.439311333456024
1.016	0.437322317152177
1.017	0.435323491595276
1.018	0.43331485655496
1.019	0.431296412432715
1.02	0.429268157911172
1.021	0.427230094267967
1.022	0.425182221190239
1.023	0.423124538965588
1.024	0.421057046423813
1.025	0.418979744911643
1.026	0.41689263377258
1.027	0.41479571299489
1.028	0.412688983221787
1.029	0.410572443169455
1.03	0.408446093989842
1.031	0.40630993528746
1.032	0.40416396728815
1.033	0.402008189485281
1.034	0.399842602726453
1.035	0.397667205799598
1.036	0.395481999797447
1.037	0.393286983533409
1.038	0.391082158427249
1.039	0.38886752341661
1.04	0.386643079156943
1.041	0.384408825352725
1.042	0.382164762277937
1.043	0.379910889391048
1.044	0.37764720742399
1.045	0.375373715321368
1.046	0.373090414046298
1.047	0.370797303509542
1.048	0.368494382590046
1.049	0.366181653343517
1.05	0.363859113566389
1.051	0.361526764600848
1.052	0.359184606392382
1.053	0.356832638561273
1.054	0.354470860783716
1.055	0.352099274054023
1.056	0.349717878043726
1.057	0.347326672181013
1.058	0.344925656384248
1.059	0.342514831068727
1.06	0.340094197153497
1.061	0.33766375263225
1.062	0.335223499184663
1.063	0.332773436225864
1.064	0.330313563637088
1.065	0.327843881771939
1.066	0.325364390449002
1.067	0.322875089255009
1.068	0.320375978508737
1.069	0.317867058488507
1.07	0.315348328899771
1.071	0.312819789894615
1.072	0.31028144204311
1.073	0.307733283144252
1.074	0.305175315938731
1.075	0.302607539119602
1.076	0.300029952335111
1.077	0.297442556463601
1.078	0.294845350337502
1.079	0.292238334912289
1.08	0.289621510823606
1.081	0.286994876269162
1.082	0.284358432389763
1.083	0.281712179204271
1.084	0.279056116504042
1.085	0.276390244483172
1.086	0.273714563275213
1.087	0.271029071357442
1.088	0.26833377110606
1.089	0.265628660893253
1.09	0.26291374083421
1.091	0.260189011565345
1.092	0.257454473079824
1.093	0.254710124869936
1.094	0.251955966505832
1.095	0.249192000167325
1.096	0.246418222465219
1.097	0.243634636115293
1.098	0.240841240441248
1.099	0.238038035094656
1.1	0.235225020085571
1.101	0.232402195786749
1.102	0.229569562760874
1.103	0.226727118443405
1.104	0.223874866171504
1.105	0.221012803638999
1.106	0.218140931387115
1.107	0.215259249913831
1.108	0.212367759096424
1.109	0.209466459152866
1.11	0.206555348918057
1.111	0.203634429128006
1.112	0.20070370067287
1.113	0.197763161978994
1.114	0.194812813653238
1.115	0.191852656211255
1.116	0.188882689243906
1.117	0.185902912659741
1.118	0.182913326688513
1.119	0.179913931884726
1.12	0.176904726204342
1.121	0.173885711980374
1.122	0.17085688745832
1.123	0.167818254449983
1.124	0.16476981183163
1.125	0.161711558932474
1.126	0.158643496937792
1.127	0.155565625501656
1.128	0.152477943629439
1.129	0.149380452801229
1.13	0.146273153700529
1.131	0.143156042985808
1.132	0.140029124303769
1.133	0.136892396001707
1.134	0.133745857252531
1.135	0.130589509411033
1.136	0.127423352244914
1.137	0.124247385803707
1.138	0.121061610421697
1.139	0.117866023686489
1.14	0.114660628407335
1.141	0.111445424043883
1.142	0.108220409582309
1.143	0.104985585499344
1.144	0.101740952702627
1.145	0.098486510510673
1.146	0.0952222584909199
1.147	0.0919481965142445
1.148	0.0886643246538058
1.149	0.0853706432914937
1.15	0.0820671530687068
1.151	0.078753854060368
1.152	0.0754307437157904
1.153	0.0720978256610059
1.154	0.0687550969040724
1.155	0.065402558603524
1.156	0.062040211374138
1.157	0.0586680547034182
1.158	0.0552860883225588
1.159	0.0518943122088127
1.16	0.0484927265878878
1.161	0.0450813319363486
1.162	0.0416601284510386
1.163	0.0382291132722396
1.164	0.0347882909785012
1.165	0.031337656827975
1.166	0.0278772150413535
1.167	0.0244069633143644
1.168	0.0209269011186394
1.169	0.0174370299058455
1.17	0.0139373493568335
1.171	0.010427859381231
1.172	0.00690856011959579
1.173	0.00337945194557247
1.174	0.00012756129791078
1.175	0.00295705200999366
1.176	0.00577673257673653
1.177	0.00858660183490975
1.178	0.011386660908052
1.179	0.0141769090581218
1.18	0.0169573465080016
1.181	0.0197279743414063
1.182	0.0224887910365276
1.183	0.0252397983800896
1.184	0.0279809937877371
1.185	0.03071237914358
1.186	0.0334339542505519
1.187	0.0361457192380389
1.188	0.0388476728433088
1.189	0.0415398162637282
1.19	0.0442221494405375
1.191	0.0468946725491522
1.192	0.0495573841984543
1.193	0.0522102857462846
1.194	0.0548533771243522
1.195	0.0574866576240696
1.196	0.0601101273165808
1.197	0.0627237875704702
1.198	0.0653276363001866
1.199	0.0679216747523259
1.2	0.0705059029005316
1.201	0.0730803206287902
1.202	0.0756449282448947
1.203	0.0781997245918458
1.204	0.0807447109954305
1.205	0.0832798863465761
1.206	0.0858052516150361
1.207	0.0883208063438891
1.208	0.090826550526913
1.209	0.0933224846027677
1.21	0.0958086076754916
1.211	0.0982849207852702
1.212	0.100751422656757
1.213	0.103208114382657
1.214	0.105654995758766
1.215	0.108092067051405
1.216	0.110519326813804
1.217	0.112936777164897
1.218	0.115344416016655
1.219	0.117742244781702
1.22	0.120130263197082
1.221	0.122508471494826
1.222	0.124876868392649
1.223	0.12723545576597
1.224	0.129584231720618
1.225	0.131923197557946
1.226	0.134252353102065
1.227	0.136571698327123
1.228	0.138881232246852
1.229	0.141180956416891
1.23	0.14347087018189
1.231	0.145750973073409
1.232	0.148021265170046
1.233	0.150281747089655
1.234	0.152532418640834
1.235	0.154773280027816
1.236	0.157004330595485
1.237	0.15922557026397
1.238	0.161436999520269
1.239	0.163638618955665
1.24	0.1658304273845
1.241	0.168012425364808
1.242	0.170184613222881
1.243	0.172346989822198
1.244	0.174499556733885
1.245	0.176642312509805
1.246	0.178775258098414
1.247	0.180898393474174
1.248	0.183011717818727
1.249	0.185115232312187
1.25	0.187208935699294
1.251	0.189292828953458
1.252	0.191366911519964
1.253	0.193431183538526
1.254	0.195485645129823
1.255	0.197530296316042
1.256	0.199565137035208
1.257	0.201590167558543
1.258	0.203605387044832
1.259	0.205610796188107
1.26	0.207606395080733
1.261	0.209592183224558
1.262	0.211568161128654
1.263	0.213534328244194
1.264	0.215490685205403
1.265	0.217437231194204
1.266	0.21937396734269
1.267	0.221300892487817
1.268	0.223218007385665
1.269	0.225125311328248
1.27	0.227022805328422
1.271	0.228910488695786
1.272	0.230788361343068
1.273	0.232656423973552
1.274	0.234514675606969
1.275	0.236363117035379
1.276	0.238201748019393
1.277	0.240030568297115
1.278	0.24184957813893
1.279	0.243658777777321
1.28	0.245458166400893
1.281	0.247247744915162
1.282	0.249027512781029
1.283	0.250797470351464
1.284	0.252557617160655
1.285	0.254307953633985
1.286	0.256048479905035
1.287	0.257779195105224
1.288	0.259500100099586
1.289	0.261211194898177
1.29	0.262912478610408
1.291	0.264603952129977
1.292	0.266285615443019
1.293	0.267957467704634
1.294	0.269619509763819
1.295	0.271271741580473
1.296	0.272914162450891
1.297	0.274546773101348
1.298	0.27616957306836
1.299	0.277782562800038
1.3	0.279385741764876
1.301	0.280979110526276
1.302	0.28256266860267
1.303	0.284136416233285
1.304	0.285700353433433
1.305	0.287254480177233
1.306	0.288798796057806
1.307	0.290333301728944
1.308	0.291857997024194
1.309	0.293372881606346
1.31	0.294877955872601
1.311	0.296373219534527
1.312	0.297858672742511
1.313	0.299334315616533
1.314	0.300800147797177
1.315	0.302256169557489
1.316	0.30370238095717
1.317	0.305138781509099
1.318	0.306565371934929
1.319	0.307982151566947
1.32	0.309389121040383
1.321	0.310786279691797
1.322	0.312173628154162
1.323	0.31355116586854
1.324	0.314918893254943
1.325	0.316276810060823
1.326	0.317624916453974
1.327	0.318963212229175
1.328	0.320291697699365
1.329	0.321610372409471
1.33	0.322919236805
1.331	0.324218290848429
1.332	0.32550753430358
1.333	0.326786967052154
1.334	0.328056589619686
1.335	0.329316401471832
1.336	0.330566402863059
1.337	0.331806593795698
1.338	0.333036974354109
1.339	0.334257544228856
1.34	0.335468303713773
1.341	0.336669252763101
1.342	0.337860391213949
1.343	0.339041719232394
1.344	0.340213236757242
1.345	0.341374943838777
1.346	0.342526840464017
1.347	0.343668926454417
1.348	0.344801201925839
1.349	0.345923667098726
1.35	0.347036321688233
1.351	0.34813916580069
1.352	0.349232199304776
1.353	0.350315422381485
1.354	0.351388835013296
1.355	0.352452437231613
1.356	0.353506228853382
1.357	0.354550210012289
1.358	0.355584380622577
1.359	0.356608740718608
1.36	0.357623290391603
1.361	0.358628029681609
1.362	0.359622958257592
1.363	0.360608076509309
1.364	0.361583384196978
1.365	0.362548881395999
1.366	0.363504568227633
1.367	0.364450444378245
1.368	0.36538651010475
1.369	0.366312765364439
1.37	0.367229210130428
1.371	0.368135844421428
1.372	0.369032668268323
1.373	0.369919681501093
1.374	0.370796884295263
1.375	0.371664276614017
1.376	0.372521858524849
1.377	0.373369629784253
1.378	0.374207590639507
1.379	0.375035740987547
1.38	0.375854080875488
1.381	0.376662610198644
1.382	0.377461329095271
1.383	0.378250237474237
1.384	0.379029335369815
1.385	0.379798622835393
1.386	0.380558099718164
1.387	0.381307766172557
1.388	0.382047622073332
1.389	0.382777667561237
1.39	0.383497902480739
1.391	0.38420832693827
1.392	0.384908940912281
1.393	0.385599744396603
1.394	0.386280737388954
1.395	0.386951919895299
1.396	0.38761329194927
1.397	0.388264853428475
1.398	0.388906604463891
1.399	0.389538545005049
1.4	0.39016067506113
1.401	0.390772994614194
1.402	0.391375503688914
1.403	0.391968202286127
1.404	0.392551090372241
1.405	0.393124167954953
1.406	0.393687435058929
1.407	0.394240891687153
1.408	0.394784537814534
1.409	0.395318373473395
1.41	0.395842398597176
1.411	0.396356613270688
1.412	0.39686101740457
1.413	0.397355611091528
1.414	0.397840394273109
1.415	0.398315366961222
1.416	0.398780529159336
1.417	0.399235880886813
1.418	0.399681422095277
1.419	0.40011715282157
1.42	0.400543073067292
1.421	0.400959182810874
1.422	0.401365482089212
1.423	0.401761970838911
1.424	0.40214864912641
1.425	0.402525516903969
1.426	0.402892574204125
1.427	0.403249821008521
1.428	0.403597257325592
1.429	0.403934883150338
1.43	0.404262698482946
1.431	0.404580703335499
1.432	0.404888897680711
1.433	0.405187281546945
1.434	0.40547585491965
1.435	0.405754617802625
1.436	0.406023570195895
1.437	0.406282712090071
1.438	0.406532043506768
1.439	0.406771564420803
1.44	0.407001274851377
1.441	0.407221174793175
1.442	0.407431264241242
1.443	0.407631543196897
1.444	0.407822011663606
1.445	0.408002669638099
1.446	0.408173517122905
1.447	0.408334554120629
1.448	0.408485780624439
1.449	0.40862719663833
1.45	0.408758802160971
1.451	0.408880597194034
1.452	0.408992581737746
1.453	0.409094755789562
1.454	0.409187119351019
1.455	0.409269672421341
1.456	0.40934241500155
1.457	0.409405347091399
1.458	0.4094584686907
1.459	0.40950177979953
1.46	0.409535280417648
1.461	0.409558970545296
1.462	0.409572850185078
1.463	0.409576919628168
1.464	0.409571179072317
1.465	0.40955562879288
1.466	0.409530269003939
1.467	0.409495099705466
1.468	0.409450120897291
1.469	0.409395332579978
1.47	0.40933073475247
1.471	0.409256327416054
1.472	0.409172110570406
1.473	0.40907808421393
1.474	0.408974248348546
1.475	0.408860602973338
1.476	0.408737148088857
1.477	0.408603883696998
1.478	0.408460809793047
1.479	0.408307926379175
1.48	0.408145233458302
1.481	0.407972731024559
1.482	0.407790419085864
1.483	0.407598297631207
1.484	0.407396366669692
1.485	0.407184626204364
1.486	0.406963076222746
1.487	0.40673171673547
1.488	0.406490547732873
1.489	0.406239569223149
1.49	0.405978781209867
1.491	0.405708183675858
1.492	0.405427776639258
1.493	0.405137560092009
1.494	0.404837534035662
1.495	0.404527698478602
1.496	0.404208053407332
1.497	0.403878598813851
1.498	0.403539334727578
1.499	0.403190261125536
1.5	0.402831377997754
1.501	0.402462685373623
1.502	0.402084183242806
1.503	0.401695871601383
1.504	0.401297750450996
1.505	0.400889819791954
1.506	0.40047207963129
1.507	0.400044529933884
1.508	0.399607170754999
1.509	0.399160002052086
1.51	0.39870302385278
1.511	0.398236236137183
1.512	0.397759638908251
1.513	0.397273232151622
1.514	0.396777015907839
1.515	0.396270990160153
1.516	0.39575515488246
1.517	0.395229510138267
1.518	0.394694055831083
1.519	0.394148792044999
1.52	0.393593718739238
1.521	0.393028835904388
1.522	0.392454143592649
1.523	0.391869641779527
1.524	0.391275330427902
1.525	0.390671209552197
1.526	0.390057279196182
1.527	0.389433539320796
1.528	0.388799989938143
1.529	0.38815663108714
1.53	0.38750346267768
1.531	0.386840484773969
1.532	0.386167697357718
1.533	0.385485100393324
1.534	0.384792693959645
1.535	0.384090478062935
1.536	0.383378452568187
1.537	0.382656617589344
1.538	0.381924973124245
1.539	0.381183519163304
1.54	0.380432255629306
1.541	0.379671182616899
1.542	0.378900300134265
1.543	0.378119608076368
1.544	0.377329106545184
1.545	0.376528795535249
1.546	0.375718674965095
1.547	0.374898744942074
1.548	0.374069005357516
1.549	0.373229456317842
1.55	0.372380097639171
1.551	0.371520929549826
1.552	0.370651951929936
1.553	0.369773164844985
1.554	0.368884568183088
1.555	0.367986162075788
1.556	0.367077946431989
1.557	0.366159921246243
1.558	0.365232086571098
1.559	0.364294442492293
1.56	0.363346988704867
1.561	0.362389725604148
1.562	0.361422652801154
1.563	0.360445770668035
1.564	0.359459078875004
1.565	0.358462577666275
1.566	0.357456266911872
1.567	0.356440146679867
1.568	0.355414216869068
1.569	0.354378477663304
1.57	0.353332928937195
1.571	0.352277570624667
1.572	0.351212402850082
1.573	0.350137425435853
1.574	0.349052638616556
1.575	0.347958042273844
1.576	0.34685363648836
1.577	0.345739421122969
1.578	0.344615396211418
1.579	0.343481562002824
1.58	0.342337918021354
1.581	0.341184464656318
1.582	0.34002120175794
1.583	0.338848129337838
1.584	0.337665247397945
1.585	0.336472556103969
1.586	0.335270055002572
1.587	0.334057744555558
1.588	0.332835624650419
1.589	0.331603695148235
1.59	0.330361956174878
1.591	0.32911040774094
1.592	0.327849049691571
1.593	0.326577882227555
1.594	0.325296905210687
1.595	0.324006118690207
1.596	0.322705522670978
1.597	0.321395117093174
1.598	0.320074902177551
1.599	0.318744877499405
1.6	0.317405043537659
1.601	0.316055399834166
1.602	0.314695946789751
1.603	0.313326684163143
1.604	0.311947612039198
1.605	0.310558730555464
1.606	0.309160039349527
1.607	0.307751538841399
1.608	0.306333228692547
1.609	0.304905108943826
1.61	0.303467179960608
1.611	0.302019441099372
1.612	0.300561893044077
1.613	0.299094535347247
1.614	0.297617367976925
1.615	0.296130391276455
1.616	0.294633605153131
1.617	0.293127009531696
1.618	0.291610604070486
1.619	0.290084389515262
1.62	0.288548365140425
1.621	0.287002531334136
1.622	0.285446888024666
1.623	0.283881435494021
1.624	0.282306172970916
1.625	0.280721101247454
1.626	0.279126219808816
1.627	0.277521529063343
1.628	0.275907028616787
1.629	0.27428271904355
1.63	0.272648599733569
1.631	0.27100467058237
1.632	0.269350932495329
1.633	0.267687384576618
1.634	0.26601402690432
1.635	0.264330860179481
1.636	0.262637883716342
1.637	0.260935097670119
1.638	0.259222502285997
1.639	0.257500097322063
1.64	0.255767882907678
1.641	0.254025858891546
1.642	0.252274025421674
1.643	0.250512382501695
1.644	0.248740929981396
1.645	0.246959668031213
1.646	0.245168596432911
1.647	0.243367715800466
1.648	0.241557025083109
1.649	0.23973652520195
1.65	0.237906215341532
1.651	0.236066096610665
1.652	0.234216168097545
1.653	0.232356429708038
1.654	0.230486882180258
1.655	0.228607524948835
1.656	0.226718358380105
1.657	0.224819382665898
1.658	0.222910596617987
1.659	0.22099200146293
1.66	0.219063596843986
1.661	0.217125383144405
1.662	0.215177359046057
1.663	0.213219525840919
1.664	0.211251883219735
1.665	0.209274431348719
1.666	0.207287169352715
1.667	0.205290098075553
1.668	0.203283217424849
1.669	0.201266527534589
1.67	0.199240027424132
1.671	0.197203718136187
1.672	0.195157599379196
1.673	0.193101671317804
1.674	0.191035933408809
1.675	0.188960386490834
1.676	0.186875029788869
1.677	0.184779863170802
1.678	0.182674887157585
1.679	0.180560102026935
1.68	0.178435507508405
1.681	0.176301103088995
1.682	0.174156888875242
1.683	0.172002865602779
1.684	0.169839032570932
1.685	0.167665390275579
1.686	0.165481938329994
1.687	0.163288676941966
1.688	0.161085606349526
1.689	0.158872725765551
1.69	0.156650035691008
1.691	0.154417536306558
1.692	0.152175227787679
1.693	0.149923108821532
1.694	0.147661181412916
1.695	0.145389443666092
1.696	0.143107896688683
1.697	0.140816540455297
1.698	0.138515373893169
1.699	0.136204398917366
1.7	0.133883613423642
1.701	0.131553018820816
1.702	0.129212614841366
1.703	0.126862401736706
1.704	0.124502378191648
1.705	0.122132546209569
1.706	0.119752903666041
1.707	0.117363452006099
1.708	0.114964191071041
1.709	0.112555120707077
1.71	0.110136240072934
1.711	0.107707550845708
1.712	0.105269051802631
1.713	0.102820743003302
1.714	0.100362625064689
1.715	0.097894697156876
1.716	0.0954169596792205
1.717	0.0929294133621548
1.718	0.090432057204835
1.719	0.0879248912541361
1.72	0.0854079160811902
1.721	0.082881131762902
1.722	0.0803445370796394
1.723	0.0777981333473767
1.724	0.0752419199652448
1.725	0.0726758975944632
1.726	0.0701000655619688
1.727	0.0675144236137269
1.728	0.0649189719200869
1.729	0.0623137110811799
1.73	0.0596986411326936
1.731	0.0570737611233498
1.732	0.054439071542489
1.733	0.0517945727123956
1.734	0.0491402643525849
1.735	0.0464761465844188
1.736	0.0438022199360929
1.737	0.0411184822749925
1.738	0.0384249367782995
1.739	0.0357215801295441
1.74	0.0330084145718419
1.741	0.0302854396492549
1.742	0.0275526552839903
1.743	0.024810061780963
1.744	0.0220576581568979
1.745	0.0192954450495174
1.746	0.016523422568127
1.747	0.0137415912680295
1.748	0.010949949633702
1.749	0.00814849859075316
1.75	0.00533723846718691
1.751	0.00251616779238082
1.752	0.000251670645771261
1.753	0.00251352500726021
1.754	0.00476556870881178
1.755	0.00700780191227134
1.756	0.00924022477864683
1.757	0.011462837140694
1.758	0.0136756393992919
1.759	0.0158786303973574
1.76	0.0180718115601451
1.761	0.0202551820849947
1.762	0.022428741772795
1.763	0.0245924910190131
1.764	0.026746430304899
1.765	0.0288905586798716
1.766	0.0310248765679329
1.767	0.0331493843535156
1.768	0.035264080782234
1.769	0.0373689677779977
1.77	0.0394640434417948
1.771	0.0415493090023192
1.772	0.0436247640193933
1.773	0.0456904082646649
1.774	0.04774624231382
1.775	0.0497922658896634
1.776	0.0518284788376004
1.777	0.0538548816782676
1.778	0.0558714734503136
1.779	0.057878255039638
1.78	0.0598752261037751
1.781	0.0618623870067863
1.782	0.0638397367925935
1.783	0.0658072764363714
1.784	0.0677650055217362
1.785	0.0697129243689492
1.786	0.0716510322906031
1.787	0.0735793299892547
1.788	0.0754978170930779
1.789	0.0774064939956351
1.79	0.0793053599330082
1.791	0.0811944156210714
1.792	0.0830736608545467
1.793	0.0849430957568295
1.794	0.086802719986761
1.795	0.0886525337519064
1.796	0.090492536807662
1.797	0.0923227296130756
1.798	0.0941431117596162
1.799	0.0959536837087201
1.8	0.0977544447303979
1.801	0.0995453956782268
1.802	0.101326535889435
1.803	0.103097865595576
1.804	0.104859384940504
1.805	0.106611093755595
1.806	0.108352992051006
1.807	0.110085079946404
1.808	0.111807357322126
1.809	0.113519824063065
1.81	0.115222480632749
1.811	0.116915326562404
1.812	0.118598361711542
1.813	0.120271586923038
1.814	0.121935001287972
1.815	0.123588604950967
1.816	0.125232398619406
1.817	0.126866381568181
1.818	0.128490553694798
1.819	0.130104915770774
1.82	0.131709467136661
1.821	0.133304208202856
1.822	0.134889138604907
1.823	0.136464258830497
1.824	0.13802956806367
1.825	0.139585067104387
1.826	0.14113075564482
1.827	0.142666633775444
1.828	0.144192701125674
1.829	0.145708958366634
1.83	0.147215404814615
1.831	0.148712040829323
1.832	0.150198866390727
1.833	0.151675881568923
1.834	0.153143086279788
1.835	0.154600480152525
1.836	0.156048063913617
1.837	0.157485836881808
1.838	0.158913799723338
1.839	0.160331951714005
1.84	0.161740293373421
1.841	0.163138824647512
1.842	0.164527545098277
1.843	0.165906455328578
1.844	0.167275554951487
1.845	0.168634844148662
1.846	0.169984322887749
1.847	0.171323991060072
1.848	0.172653848826375
1.849	0.173973896025057
1.85	0.175284132760126
1.851	0.176584559152847
1.852	0.17787517491956
1.853	0.179155980043878
1.854	0.180426974854971
1.855	0.181688159114403
1.856	0.182939533023377
1.857	0.184181096338506
1.858	0.185412849040938
1.859	0.186634791441389
1.86	0.187846923249311
1.861	0.189049244571034
1.862	0.190241755414854
1.863	0.191424455774578
1.864	0.192597345716058
1.865	0.193760425033002
1.866	0.194913693932226
1.867	0.196057152337555
1.868	0.197190800358706
1.869	0.198314637716185
1.87	0.199428664627817
1.871	0.200532881127728
1.872	0.201627287026482
1.873	0.202711882499651
1.874	0.20378666741704
1.875	0.204851641900632
1.876	0.20590680588635
1.877	0.206952159386162
1.878	0.20798770245765
1.879	0.209013434948243
1.88	0.21002935694395
1.881	0.211035468530416
1.882	0.212031769529149
1.883	0.213018260100166
1.884	0.213994940172869
1.885	0.214961809717099
1.886	0.215918868837601
1.887	0.216866117403668
1.888	0.217803555487202
1.889	0.218731183149805
1.89	0.219649000310444
1.891	0.220557006923178
1.892	0.221455203001948
1.893	0.222343588648208
1.894	0.22322216379674
1.895	0.224090928475057
1.896	0.224949882634928
1.897	0.225799026403662
1.898	0.22663835957611
1.899	0.227467882262059
1.9	0.228287594478944
1.901	0.229097496236898
1.902	0.229897587399687
1.903	0.230687868155975
1.904	0.231468338396077
1.905	0.232238998169327
1.906	0.232999847434275
1.907	0.233750886224745
1.908	0.23449211450387
1.909	0.235223532316041
1.91	0.235945139619445
1.911	0.236656936429076
1.912	0.237358922771661
1.913	0.238051098653612
1.914	0.238733463958608
1.915	0.239406018803333
1.916	0.240068763170981
1.917	0.240721697075261
1.918	0.241364820428261
1.919	0.241998133327441
1.92	0.242621635732281
1.921	0.243235327640005
1.922	0.243839209105853
1.923	0.244433280020874
1.924	0.245017540475306
1.925	0.245591990404137
1.926	0.246156629849986
1.927	0.24671145882275
1.928	0.247256477302464
1.929	0.247791685292642
1.93	0.248317082789459
1.931	0.248832669798961
1.932	0.249338446315162
1.933	0.249834412340963
1.934	0.25032056788607
1.935	0.250796912935051
1.936	0.251263447478289
1.937	0.251720171549375
1.938	0.252167085124056
1.939	0.252604188209103
1.94	0.25303148080224
1.941	0.253448962904024
1.942	0.25385663450904
1.943	0.254254495648458
1.944	0.254642546269604
1.945	0.255020786407711
1.946	0.255389216051548
1.947	0.255747835223477
1.948	0.256096643881673
1.949	0.256435642060621
1.95	0.256764829748856
1.951	0.257084206952115
1.952	0.257393773655192
1.953	0.257693529870812
1.954	0.257983475590834
1.955	0.258263610828047
1.956	0.258533935571314
1.957	0.25879444982549
1.958	0.25904515358785
1.959	0.25928604686519
1.96	0.259517129642221
1.961	0.259738401938302
1.962	0.259949863738944
1.963	0.260151515045504
1.964	0.260343355869613
1.965	0.26052538619845
1.966	0.260697606035195
1.967	0.260860015385111
1.968	0.261012614241748
1.969	0.261155402607341
1.97	0.261288380483973
1.971	0.261411547870261
1.972	0.261524904765946
1.973	0.261628451170808
1.974	0.26172218708602
1.975	0.26180611250961
1.976	0.26188022744276
1.977	0.261944531885629
1.978	0.261999025837856
1.979	0.262043709299598
1.98	0.262078582270792
1.981	0.262103644751483
1.982	0.262118896741566
1.983	0.26212433846935
1.984	0.262119970196827
1.985	0.262105792134523
1.986	0.26208180456134
1.987	0.26204800747875
1.988	0.262004400886352
1.989	0.261950984784734
1.99	0.261887759173057
1.991	0.261814724052456
1.992	0.261731879421608
1.993	0.261639225282085
1.994	0.261536761632147
1.995	0.261424488472868
1.996	0.261302405804167
1.997	0.261170513626374
1.998	0.261028811938414
1.999	0.260877300743594
2	0.260715980034309
2.001	0.2605448498181
2.002	0.260363910095466
2.003	0.260173160855965
2.004	0.259972602111236
2.005	0.25976223386069
2.006	0.25954205609279
2.007	0.259312068819403
2.008	0.259072272034999
2.009	0.258822665742086
2.01	0.25856324994139
2.011	0.258294024632807
2.012	0.258014989808703
2.013	0.25772614547566
2.014	0.257427491642494
2.015	0.257119028295271
2.016	0.256800755429255
2.017	0.256472673059305
2.018	0.256134781177429
2.019	0.255787079792617
2.02	0.255429568898083
2.021	0.255062248487581
2.022	0.254685118567195
2.023	0.254298179154352
2.024	0.253901430210919
2.025	0.253494871758098
2.026	0.253078503815369
2.027	0.252652326341108
2.028	0.252216339366441
2.029	0.251770542881052
2.03	0.251314936892569
2.031	0.250849521383898
2.032	0.250374296395689
2.033	0.249889261859307
2.034	0.249394417817976
2.035	0.248889764294153
2.036	0.248375301226451
2.037	0.247851028670222
2.038	0.247316946599021
2.039	0.246773055025017
2.04	0.246219353954342
2.041	0.245655843370551
2.042	0.245082523247275
2.043	0.244499393608277
2.044	0.243906454493083
2.045	0.243303705841011
2.046	0.242691147702563
2.047	0.242068780044174
2.048	0.241436602873403
2.049	0.240794616205144
2.05	0.240142820038796
2.051	0.239481214354288
2.052	0.238809799134568
2.053	0.238128574421074
2.054	0.237437540204177
2.055	0.236736696476516
2.056	0.236026043228593
2.057	0.235305580460232
2.058	0.234575308208641
2.059	0.233835226440191
2.06	0.233085335193845
2.061	0.232325634378918
2.062	0.231556124070671
2.063	0.230776804251335
2.064	0.229987674983685
2.065	0.22918873611574
2.066	0.228379987848822
2.067	0.227561429959716
2.068	0.226733062582083
2.069	0.225894885710485
2.07	0.225046899413598
2.071	0.224189103444508
2.072	0.223321498044551
2.073	0.222444083165827
2.074	0.221556858764156
2.075	0.220659824847042
2.076	0.219752981379161
2.077	0.21883632843468
2.078	0.217909866001575
2.079	0.216973594111519
2.08	0.216027512567589
2.081	0.215071621573046
2.082	0.214105921166668
2.083	0.213130411073888
2.084	0.212145091658586
2.085	0.211149962557462
2.086	0.210145024046506
2.087	0.20913027608388
2.088	0.208105718453038
2.089	0.207071351377152
2.09	0.206027174810441
2.091	0.204973188736377
2.092	0.203909393193408
2.093	0.202835788126198
2.094	0.201752373473431
2.095	0.200659149338186
2.096	0.199556115722297
2.097	0.19844327257914
2.098	0.197320620043503
2.099	0.196188157784544
2.1	0.195045886126849
2.101	0.193893804953646
2.102	0.192731914441714
2.103	0.191560214114358
2.104	0.190378704425129
2.105	0.189187385287222
2.106	0.187986256505726
2.107	0.186775318283022
2.108	0.185554570580154
2.109	0.184324013340262
2.11	0.183083646643021
2.111	0.181833470216541
2.112	0.180573484473872
2.113	0.179303689151072
2.114	0.178024084427367
2.115	0.176734670088114
2.116	0.175435446309294
2.117	0.174126412958943
2.118	0.172807570206879
2.119	0.171478917919521
2.12	0.170140455939989
2.121	0.168792184745775
2.122	0.167434103710077
2.123	0.166066213466377
2.124	0.164688513484457
2.125	0.163301004106158
2.126	0.161903685246938
2.127	0.160496556728897
2.128	0.159079618949162
2.129	0.157652871358704
2.13	0.156216314523916
2.131	0.154769948037611
2.132	0.153313771963471
2.133	0.151847786537757
2.134	0.150371991465858
2.135	0.148886386983364
2.136	0.147390972988817
2.137	0.145885749424267
2.138	0.144370716494584
2.139	0.142845873866518
2.14	0.141311221820947
2.141	0.139766760559518
2.142	0.138212489396297
2.143	0.136648408765262
2.144	0.135074518699393
2.145	0.133490819163526
2.146	0.131897309891366
2.147	0.130293991406356
2.148	0.128680863161246
2.149	0.127057925703687
2.15	0.125425178487505
2.151	0.123782621947107
2.152	0.122130255614784
2.153	0.120468079936482
2.154	0.118796095030973
2.155	0.117114300071279
2.156	0.1154226958797
2.157	0.11372128242688
2.158	0.112010058968233
2.159	0.110289026243304
2.16	0.108558184270867
2.161	0.106817532243967
2.162	0.105067070969865
2.163	0.103306800437733
2.164	0.101536719905555
2.165	0.0997568301512736
2.166	0.0979671308352419
2.167	0.0961676223827108
2.168	0.0943583038884129
2.169	0.0925391761574648
2.17	0.0907102386707235
2.171	0.0888714920075135
2.172	0.0870229355728249
2.173	0.0851645698848481
2.174	0.0832963941526199
2.175	0.0814184093469965
2.176	0.0795306149368717
2.177	0.077633011021424
2.178	0.0757255977450732
2.179	0.0738083750710044
2.18	0.0718813425022063
2.181	0.0699445003050686
2.182	0.0679978491945696
2.183	0.0660413882894295
2.184	0.0640751178398346
2.185	0.0620990374847791
2.186	0.0601131484719438
2.187	0.0581174492462594
2.188	0.0561119408844808
2.189	0.0540966225977515
2.19	0.0520714951706343
2.191	0.0500365579524005
2.192	0.0479918114245709
2.193	0.0459372556591807
2.194	0.0438728898160468
2.195	0.0417987151154729
2.196	0.0397147306774085
2.197	0.037620936326349
2.198	0.0355173324438345
2.199	0.0334039197183358
2.2	0.0312806970671877
2.201	0.0291476649606988
2.202	0.0270048233033397
2.203	0.0248521718171542
2.204	0.0226897114030662
2.205	0.0205174415507447
2.206	0.018335361785975
2.207	0.0161434722277516
2.208	0.0139417735972348
2.209	0.0117302652696218
2.21	0.00950894771476619
2.211	0.00727782045397119
2.212	0.00503688357534939
2.213	0.00278613774219679
2.214	0.000525581583338303
2.215	0.00139068207143014
2.216	0.00319251387317764
2.217	0.00498453473714333
2.218	0.0067667453144013
2.219	0.00853914530045894
2.22	0.01030173490904
2.221	0.0120545139337247
2.222	0.0137974825743068
2.223	0.0155306404858562
2.224	0.0172539880344793
2.225	0.0189675253262012
2.226	0.020671251714823
2.227	0.0223651678517251
2.228	0.0240492734808289
2.229	0.025723568703491
2.23	0.027388053402335
2.231	0.0290427273977015
2.232	0.0306875912934388
2.233	0.0323226444665263
2.234	0.0339478869194122
2.235	0.0355633192510145
2.236	0.037168940879891
2.237	0.0387647520980674
2.238	0.0403507527550836
2.239	0.0419269431154964
2.24	0.0434933227154271
2.241	0.0450498919635373
2.242	0.0465966509268648
2.243	0.048133599058982
2.244	0.049660737037217
2.245	0.0511780640756937
2.246	0.0526855809007575
2.247	0.0541832872578673
2.248	0.0556711831222007
2.249	0.0571492682997285
2.25	0.0586175431694839
2.251	0.0600760074857019
2.252	0.0615246613736409
2.253	0.0629635046950208
2.254	0.0643925377089141
2.255	0.0658117600114826
2.256	0.0672211719675234
2.257	0.0686207734395153
2.258	0.0700105641521701
2.259	0.0713905445850857
2.26	0.0727607145744447
2.261	0.0741210739643283
2.262	0.0754716230907079
2.263	0.0768123614618172
2.264	0.0781432894190567
2.265	0.0794644069256698
2.266	0.0807757139223555
2.267	0.0820772103057453
2.268	0.0833688963307545
2.269	0.0846507718457306
2.27	0.0859228369319499
2.271	0.0871850913520818
2.272	0.0884375355333684
2.273	0.0896801690487021
2.274	0.0909129920010663
2.275	0.0921360045901188
2.276	0.0933492066507581
2.277	0.0945525983924396
2.278	0.0957461793902694
2.279	0.0969299500583467
2.28	0.0981039100859146
2.281	0.0992680598243819
2.282	0.100422398950047
2.283	0.101566927488885
2.284	0.102701645743586
2.285	0.103826553325071
2.286	0.104941650506241
2.287	0.10604693729594
2.288	0.107142413354617
2.289	0.108228079167749
2.29	0.109303934350946
2.291	0.110369979061735
2.292	0.111426213349379
2.293	0.112472637001651
2.294	0.113509250216556
2.295	0.114536053077417
2.296	0.115553045245388
2.297	0.116560227068501
2.298	0.117557598363199
2.299	0.118545159105576
2.3	0.119522909467729
2.301	0.120490849275285
2.302	0.121448978557934
2.303	0.122397297493959
2.304	0.123335805736839
2.305	0.124264503633392
2.306	0.125183391038112
2.307	0.1260924678804
2.308	0.12699173429152
2.309	0.127881190128818
2.31	0.128760835530875
2.311	0.129630670415517
2.312	0.130490694840033
2.313	0.131340908855268
2.314	0.132181312223189
2.315	0.133011905193231
2.316	0.133832687618585
2.317	0.134643659589592
2.318	0.13544482108145
2.319	0.136236172062113
2.32	0.137017712556638
2.321	0.137789442549332
2.322	0.138551362098272
2.323	0.139303471086422
2.324	0.140045769633912
2.325	0.140778257669316
2.326	0.141500935217127
2.327	0.142213802334795
2.328	0.142916858849978
2.329	0.143610104974478
2.33	0.144293540523927
2.331	0.144967165635626
2.332	0.145630980279117
2.333	0.146284984396303
2.334	0.146929177984749
2.335	0.147563561158815
2.336	0.148188133806137
2.337	0.148802895922277
2.338	0.149407847600085
2.339	0.150002988764243
2.34	0.150588319461145
2.341	0.151163839646707
2.342	0.151729549373031
2.343	0.152285448559924
2.344	0.152831537294887
2.345	0.153367815533145
2.346	0.153894283256572
2.347	0.154410940510333
2.348	0.154917787291168
2.349	0.155414823543986
2.35	0.155902049321022
2.351	0.156379464622761
2.352	0.156847069426837
2.353	0.157304863721703
2.354	0.157752847539402
2.355	0.158191020872749
2.356	0.158619383707015
2.357	0.159037936040823
2.358	0.159446677896185
2.359	0.159845609260868
2.36	0.160234730135439
2.361	0.160614040523998
2.362	0.160983540415325
2.363	0.161343229814169
2.364	0.161693108735212
2.365	0.162033177148411
2.366	0.162363435078631
2.367	0.162683882519269
2.368	0.162994519468799
2.369	0.163295345927938
2.37	0.163586361897902
2.371	0.163867567374826
2.372	0.164138962368538
2.373	0.1644005468634
2.374	0.164652320869129
2.375	0.164894284382571
2.376	0.165126437412351
2.377	0.165348779943605
2.378	0.165561311989535
2.379	0.165764033543115
2.38	0.165956944603122
2.381	0.166140045175813
2.382	0.166313335258352
2.383	0.166476814851906
2.384	0.166630483950403
2.385	0.166774342561345
2.386	0.166908390681973
2.387	0.167032628311292
2.388	0.167147055449254
2.389	0.167251672097757
2.39	0.167346478255234
2.391	0.167431473922145
2.392	0.167506659099006
2.393	0.167572033784702
2.394	0.167627597980148
2.395	0.167673351685183
2.396	0.16770929489954
2.397	0.167735427623387
2.398	0.167751749856685
2.399	0.167758261778966
2.4	0.167754963696123
2.401	0.167741855776885
2.402	0.167718938339915
2.403	0.167686211393312
2.404	0.167643674937225
2.405	0.167591328971484
2.406	0.167529173496713
2.407	0.167457208511665
2.408	0.167375434017259
2.409	0.167283850013264
2.41	0.167182456500254
2.411	0.167071253476874
2.412	0.16695024094446
2.413	0.166819418903369
2.414	0.16667878735106
2.415	0.16652834629253
2.416	0.166368095719055
2.417	0.166198035638763
2.418	0.166018166051592
2.419	0.165828486950955
2.42	0.165628998344411
2.421	0.165419700225063
2.422	0.16520059259465
2.423	0.164971675457907
2.424	0.1647329488111
2.425	0.16448441266023
2.426	0.164226066989374
2.427	0.163957911811683
2.428	0.163679947125981
2.429	0.163392172930624
2.43	0.163094589229494
2.431	0.16278719601274
2.432	0.162469993290474
2.433	0.162142981057777
2.434	0.161806159326073
2.435	0.161459528076421
2.436	0.161103087303859
2.437	0.160736837039136
2.438	0.160360777264073
2.439	0.159974907962771
2.44	0.159579229166135
2.441	0.159173740860761
2.442	0.158758443030976
2.443	0.158333335714347
2.444	0.157898418865016
2.445	0.157453692519527
2.446	0.156999156673737
2.447	0.156534811291941
2.448	0.156060656419633
2.449	0.155576692057257
2.45	0.15508291813642
2.451	0.154579334727923
2.452	0.154065941813993
2.453	0.153542739415485
2.454	0.15300972747653
2.455	0.152466906031615
2.456	0.151914275062594
2.457	0.151351834611948
2.458	0.150779584638624
2.459	0.150197525157493
2.46	0.14960565615385
2.461	0.149003977654217
2.462	0.148392489691726
2.463	0.147771192155569
2.464	0.1471400850999
2.465	0.146499168557987
2.466	0.145848442532567
2.467	0.145187906957911
2.468	0.144517561934599
2.469	0.143837407319608
2.47	0.143147443220537
2.471	0.142447669628722
2.472	0.14173808655803
2.473	0.141018693919241
2.474	0.140289491801954
2.475	0.13955048014517
2.476	0.138801659001705
2.477	0.13804302838602
2.478	0.137274588185308
2.479	0.136496338514615
2.48	0.135708279393229
2.481	0.13491041071735
2.482	0.134102732438883
2.483	0.133285244728333
2.484	0.132457947577129
2.485	0.131620840801364
2.486	0.13077392460404
2.487	0.129917198793646
2.488	0.129050663567125
2.489	0.128174318787969
2.49	0.127288164488412
2.491	0.126392200780167
2.492	0.12548642743132
2.493	0.124570844603045
2.494	0.123645452286692
2.495	0.122710250475413
2.496	0.121765239193065
2.497	0.12081041833649
2.498	0.119845787925925
2.499	0.118871348098865
2.5	0.11788709876609
2.501	0.11689303980961
2.502	0.115889171434251
2.503	0.114875493605662
2.504	0.113852006201711
2.505	0.112818709256459
2.506	0.111775602848328
2.507	0.11072268690857
2.508	0.109659961368267
2.509	0.108587426481784
2.51	0.107505081935093
2.511	0.106412927976165
2.512	0.105310964484269
2.513	0.104199191477497
2.514	0.103077609096099
2.515	0.101946216994683
2.516	0.100805015457744
2.517	0.099654004528811
2.518	0.0984931838457203
2.519	0.0973225538298154
2.52	0.096142114238984
2.521	0.0949518652140433
2.522	0.0937518065712905
2.523	0.0925419384885596
2.524	0.0913222610302749
2.525	0.0900927738542883
2.526	0.0888534773393307
2.527	0.0876043710135498
2.528	0.0863454553736714
2.529	0.0850767302882627
2.53	0.0837981955633842
2.531	0.0825098514149902
2.532	0.0812116977817042
2.533	0.079903734593557
2.534	0.0785859618566822
2.535	0.0772583796273674
2.536	0.0759209880667848
2.537	0.0745737867323151
2.538	0.0732167761567918
2.539	0.0718499557858417
2.54	0.0704733261326913
2.541	0.0690868867803748
2.542	0.067690638085109
2.543	0.0662845797459689
2.544	0.0648687119681308
2.545	0.063443034733171
2.546	0.0620075477654319
2.547	0.0605622515188726
2.548	0.0591071455693037
2.549	0.057642230224228
2.55	0.0561675055834676
2.551	0.054682971153644
2.552	0.053188627241578
2.553	0.0516844740384022
2.554	0.0501705109886369
2.555	0.048646738591289
2.556	0.047113156710219
2.557	0.0455697652116917
2.558	0.0440165644046891
2.559	0.0424535538155357
2.56	0.0408807341407653
2.561	0.0392981047072453
2.562	0.0377056654381128
2.563	0.0361034170945334
2.564	0.0344913590114874
2.565	0.0328694916164349
2.566	0.031237814526101
2.567	0.029596328226068
2.568	0.0279450319354378
2.569	0.0262839264028515
2.57	0.0246130114623701
2.571	0.0229322868249277
2.572	0.0212417527746546
2.573	0.0195414092250929
2.574	0.0178312561535236
2.575	0.0161112935878535
2.576	0.0143815214186616
2.577	0.012641939974104
2.578	0.010892548947255
2.579	0.00913334810636866
2.58	0.00736433814680243
2.581	0.00558551835838959
2.582	0.00379688935494053
2.583	0.00199845050301682
2.584	0.00019020257748247
2.585	0.00129526257780117
2.586	0.00273298017044085
2.587	0.00416088695719225
2.588	0.00557898349727828
2.589	0.00698726938240736
2.59	0.00838574487515819
2.591	0.00977440991812575
2.592	0.0111532643696912
2.593	0.0125223085613566
2.594	0.0138815419627777
2.595	0.0152309650882092
2.596	0.0165705775718593
2.597	0.0179003796740337
2.598	0.0192203711296706
2.599	0.0205305522661944
2.6	0.0218309227211962
2.601	0.0231214828100956
2.602	0.0244022324930024
2.603	0.0256731715254131
2.604	0.0269343002259188
2.605	0.0281856182510649
2.606	0.0294271258870635
2.607	0.0306588230945015
2.608	0.0318807096819664
2.609	0.0330927858487246
2.61	0.0342950516823434
2.611	0.0354875067302057
2.612	0.0366701514374244
2.613	0.0378429856954244
2.614	0.0390060093492058
2.615	0.0401592225473345
2.616	0.0413026253559383
2.617	0.0424362175019091
2.618	0.0435599993581023
2.619	0.0446739706509277
2.62	0.0457781313351945
2.621	0.0468724815381681
2.622	0.0479570214400482
2.623	0.0490317506645115
2.624	0.0500966694383499
2.625	0.0511517777567066
2.626	0.0521970756226096
2.627	0.0532325629846938
2.628	0.0542582397390147
2.629	0.055274106164646
2.63	0.0562801619598018
2.631	0.0572764074016424
2.632	0.0582628422036445
2.633	0.0592394667124979
2.634	0.0602062804919354
2.635	0.0611632840051013
2.636	0.0621104768193392
2.637	0.0630478592856794
2.638	0.0639754312755533
2.639	0.0648931926825811
2.64	0.0658011436519921
2.641	0.0666992841077162
2.642	0.0675876140272847
2.643	0.0684661335394338
2.644	0.069334842549706
2.645	0.0701937410134459
2.646	0.0710428290802493
2.647	0.0718821065729541
2.648	0.0727115736391197
2.649	0.0735312301359718
2.65	0.074341076214505
2.651	0.0751411117251064
2.652	0.0759313368016548
2.653	0.0767117513797464
2.654	0.0774823554692238
2.655	0.0782431490626066
2.656	0.0789941321862673
2.657	0.0797353047857419
2.658	0.0804666669236887
2.659	0.0811882185543316
2.66	0.0818999596899715
2.661	0.0826018903558988
2.662	0.0832940105626848
2.663	0.0839763202029953
2.664	0.0846488193716332
2.665	0.0853115080668068
2.666	0.0859643863067558
2.667	0.0866074539696095
2.668	0.0872407111906419
2.669	0.0878641579376078
2.67	0.0884777941650464
2.671	0.0890816199325962
2.672	0.0896756351748862
2.673	0.0902598399489212
2.674	0.0908342342525225
2.675	0.0913988180102346
2.676	0.0919535912966554
2.677	0.0924985541028178
2.678	0.0930337064429602
2.679	0.093559048244713
2.68	0.094074579603887
2.681	0.094580300444648
2.682	0.0950762107805974
2.683	0.0955623106343782
2.684	0.0960386000056549
2.685	0.0965050789019934
2.686	0.096961747281407
2.687	0.0974086051836054
2.688	0.0978456525913099
2.689	0.0982728895081841
2.69	0.0986903159360368
2.691	0.0990979318896379
2.692	0.099495737321829
2.693	0.0998837322767277
2.694	0.100261916755729
2.695	0.100630290723251
2.696	0.100988854211983
2.697	0.10133760720575
2.698	0.101676549703549
2.699	0.102005681718345
2.7	0.102325003248623
2.701	0.102634514279689
2.702	0.102934214816476
2.703	0.103224104866898
2.704	0.103504184435396
2.705	0.103774453505369
2.706	0.104034912077363
2.707	0.10428556016971
2.708	0.104526397764012
2.709	0.104757424874473
2.71	0.104978641490886
2.711	0.105190047619259
2.712	0.105391643253162
2.713	0.105583428400785
2.714	0.105765403054498
2.715	0.105937567219421
2.716	0.106099920894364
2.717	0.106252464078891
2.718	0.106395196770506
2.719	0.106528118974707
2.72	0.106651230685219
2.721	0.106764531906556
2.722	0.106868022637588
2.723	0.106961702877787
2.724	0.107045572627636
2.725	0.107119631887503
2.726	0.107183880655896
2.727	0.107238318933998
2.728	0.107282946721677
2.729	0.107317764018689
2.73	0.107342770825249
2.731	0.107357967141251
2.732	0.107363353197627
2.733	0.107358929253788
2.734	0.107344695522792
2.735	0.107320652281045
2.736	0.107286799529733
2.737	0.107243137269096
2.738	0.107189665498574
2.739	0.107126384219083
2.74	0.107053293429328
2.741	0.10697039313087
2.742	0.106877683322316
2.743	0.106775164003601
2.744	0.106662835175728
2.745	0.106540696839121
2.746	0.106408748993766
2.747	0.106266991635637
2.748	0.106115424770583
2.749	0.105954048396101
2.75	0.105782862511583
2.751	0.105601867115768
2.752	0.105411062210475
2.753	0.105210447796998
2.754	0.105000023876895
2.755	0.104779790441343
2.756	0.10454974750288
2.757	0.104309895052901
2.758	0.104060233091507
2.759	0.103800761621902
2.76	0.103531480634591
2.761	0.103252390151588
2.762	0.102963490144585
2.763	0.102664780645603
2.764	0.102356261627492
2.765	0.102037933094778
2.766	0.101709795058122
2.767	0.101371847503714
2.768	0.101024090446854
2.769	0.100666523892452
2.77	0.100299147820002
2.771	0.0999219622325411
2.772	0.0995349671241934
2.773	0.0991381625272029
2.774	0.0987315484198357
2.775	0.0983151247840265
2.776	0.0978888916589726
2.777	0.0974528490158514
2.778	0.0970069968666278
2.779	0.0965513352032405
2.78	0.0960858640399955
2.781	0.0956105833416818
2.782	0.0951254931487117
2.783	0.0946305934596364
2.784	0.0941258842519704
2.785	0.0936113655357589
2.786	0.0930870373192737
2.787	0.0925528995540618
2.788	0.0920089523379998
2.789	0.0914551955689734
2.79	0.0908916292945923
2.791	0.0903182535104128
2.792	0.0897350682174504
2.793	0.0891420734588904
2.794	0.0885392691237792
2.795	0.0879266553233004
2.796	0.0873042319784128
2.797	0.0866719991465761
2.798	0.0860299568024799
2.799	0.0853781049839043
2.8	0.0847164436098691
2.801	0.0840449727256397
2.802	0.08336369234491
2.803	0.0826726024602939
2.804	0.0819717030654801
2.805	0.0812609941508075
2.806	0.0805404757147013
2.807	0.0798101477917241
2.808	0.0790700103610473
2.809	0.0783200634518519
2.81	0.0775603069673672
2.811	0.0767907409754643
2.812	0.0760113654916129
2.813	0.0752221805399006
2.814	0.0744231860128266
2.815	0.0736143820578172
2.816	0.07279576850795
2.817	0.0719673455040583
2.818	0.0711291129629162
2.819	0.0702810709365085
2.82	0.0694232193593277
2.821	0.0685555582851949
2.822	0.0676780877618194
2.823	0.0667908076240323
2.824	0.0658937181213978
2.825	0.064986818963781
2.826	0.0640701103501662
2.827	0.0631435922687388
2.828	0.0622072646161594
2.829	0.0612611274218244
2.83	0.060305180827246
2.831	0.0593394246409771
2.832	0.0583638589663562
2.833	0.0573784838303646
2.834	0.05638329908389
2.835	0.0553783049940731
2.836	0.0543635012019402
2.837	0.0533388879637558
2.838	0.0523044652613823
2.839	0.0512602330414924
2.84	0.050206191279333
2.841	0.0491423400044472
2.842	0.0480686793311425
2.843	0.0469852089703551
2.844	0.0458919292544361
2.845	0.0447888399946954
2.846	0.0436759411325244
2.847	0.0425532327900409
2.848	0.0414207150018924
2.849	0.0402783877239757
2.85	0.039126250825082
2.851	0.0379643044668771
2.852	0.0367925485852929
2.853	0.035610983214317
2.854	0.0344196083942859
2.855	0.0332184239478118
2.856	0.0320074300501793
2.857	0.0307866267223442
2.858	0.0295560137275091
2.859	0.0283155913130135
2.86	0.0270653594988794
2.861	0.0258053180829722
2.862	0.0245354670400892
2.863	0.0232558066117093
2.864	0.0219663366933039
2.865	0.0206670570477871
2.866	0.0193579680647163
2.867	0.018039069611512
2.868	0.0167103615463271
2.869	0.0153718441526622
2.87	0.0140235170047999
2.871	0.0126653805773529
2.872	0.011297434403027
2.873	0.00991967891797931
2.874	0.00853211376741554
2.875	0.0071347392258297
2.876	0.00572755510943227
2.877	0.00431056152241479
2.878	0.00288375840750383
2.879	0.00144714581276183
2.88	7.23652444577241e-07
2.881	0.00115563992930795
2.882	0.00230204837740868
2.883	0.0034386463996966
2.884	0.00456543393588094
2.885	0.00568241092838388
2.886	0.00678957752586544
2.887	0.00788693351411183
2.888	0.00897447911488915
2.889	0.0100522141890603
2.89	0.011120138725951
2.891	0.0121782528030961
2.892	0.0132265565078614
2.893	0.0142650494971
2.894	0.0152937321530491
2.895	0.0163126043256961
2.896	0.0173216658852235
2.897	0.0183209170060686
2.898	0.0193103576637967
2.899	0.0202899878500835
2.9	0.0212598075685833
2.901	0.0222198167432843
2.902	0.0231700153691238
2.903	0.0241104035678217
2.904	0.0250409813416679
2.905	0.0259617484886073
2.906	0.0268727052240381
2.907	0.0277738514891597
2.908	0.0286651872199029
2.909	0.0295467124475121
2.91	0.0304184272867237
2.911	0.0312803315400995
2.912	0.0321324253591808
2.913	0.0329747085638642
2.914	0.0338071813775981
2.915	0.034629843680208
2.916	0.0354426955198344
2.917	0.0362457368333797
2.918	0.0370389677244708
2.919	0.0378223880324434
2.92	0.0385959979238132
2.921	0.039359797251175
2.922	0.0401137861368364
2.923	0.0408579645161324
2.924	0.0415923324603848
2.925	0.0423168898201505
2.926	0.0430316367500016
2.927	0.0437365732008869
2.928	0.0444316991518328
2.929	0.045117014566632
2.93	0.0457925194974989
2.931	0.0464582139743922
2.932	0.0471140979370023
2.933	0.047760171434863
2.934	0.0483964344090197
2.935	0.0490228869493094
2.936	0.0496395289547209
2.937	0.0502463604462036
2.938	0.0508433815048214
2.939	0.0514305920329457
2.94	0.052007992094784
2.941	0.0525755816317084
2.942	0.0531333606876484
2.943	0.0536813292663242
2.944	0.0542194873716584
2.945	0.0547478349456426
2.946	0.0552663720673321
2.947	0.0557750986668863
2.948	0.0562740147833931
2.949	0.0567631204421336
2.95	0.057242415561211
2.951	0.0577119002123169
2.952	0.0581715743955245
2.953	0.0586214380594031
2.954	0.0590614912446301
2.955	0.0594917339322544
2.956	0.05991216611536
2.957	0.0603227878262648
2.958	0.0607235990555741
2.959	0.0611145997892865
2.96	0.0614957900090528
2.961	0.0618671697547375
2.962	0.0622287390196956
2.963	0.0625804977812441
2.964	0.0629224460538386
2.965	0.0632545838476734
2.966	0.063576911131257
2.967	0.063889427935603
2.968	0.0641921342477317
2.969	0.0644850300704281
2.97	0.0647681154118599
2.971	0.0650413902522311
2.972	0.0653048545947508
2.973	0.0655585084576068
2.974	0.065802351824634
2.975	0.0660363847060649
2.976	0.0662606070927976
2.977	0.0664750189958422
2.978	0.0666796203981667
2.979	0.0668744113161139
2.98	0.0670593917424351
2.981	0.0672345616798643
2.982	0.0673999211233448
2.983	0.0675554700787931
2.984	0.067701208542107
2.985	0.0678371365158605
2.986	0.0679632539998108
2.987	0.0680795609921444
2.988	0.0681860574937344
2.989	0.068282743505895
2.99	0.0683696190261988
2.991	0.0684466840569089
2.992	0.0685139385965406
2.993	0.0685713826459055
2.994	0.0686190162047834
2.995	0.0686568392728969
2.996	0.0686848518506415
2.997	0.068703053937747
2.998	0.0687114456424334
2.999	0.0687100273194269
3	0.06869879909227
