0                   	1                   
1.449134242703259e-09	1                   
1.449279156127529e-05	0.9999999979397037  
0.0001594062158316012	0.9999998399973917  
0.001448855948072248	0.9999887619788307  
0.005305000804764142	0.9998583155380207  
0.01340095315046957 	0.9991115209373861  
0.02843829546208832 	0.9960209704673157  
0.05515365040464658 	0.9850623787302512  
0.1018137131847936  	0.9491327507672825  
0.1825895125967177  	0.8364458085959224  
0.3207943612924531  	0.4951997468532381  
0.4515157308975567  	-1.000003829743079e-08
0.4515157308975567  	-1.000003829743079e-08
0.4515157337196447  	1.769648484269259e-14
0.4515157337196447  	1.769648484269259e-14
0.4515157368298315  	1.102095014445705e-08
0.4515468386973675  	0.0001102108559601955
0.451857857372728   	0.001211576574749299
0.4521688760480885  	0.002312098785123195
0.452722468552446   	0.004268645362154733
0.453706915024627   	0.007740560697881674
0.4555137768231649  	0.01408824834739318 
0.4589424435247262  	0.02604549699179565 
0.465717145439452   	0.04933281872432336 
0.4797299728292783  	0.09607171025589474 
0.5101073429738794  	0.1907793942717131  
0.5788658316382118  	0.3717136196992829  
0.7398062423101411  	0.6138925325913444  
1.121374618782629   	0.172711397002112   
1.173939861986011   	-1.000011096152775e-08
1.173939861986011   	-1.000011096152775e-08
1.173939865513651   	1.806208526360253e-16
1.173939865513651   	1.806208526360253e-16
1.17393986919045    	1.042294700814213e-08
1.173976637182601   	0.0001042266292279493
1.174344317104116   	0.001145504559085921
1.174711997025631   	0.00218560364500864 
1.175296198230783   	0.00383552918671585 
1.176297432851791   	0.006655517381424633
1.178097312587812   	0.01170021257453973 
1.18145168508241    	0.02101707562735317 
1.187949396296159   	0.03875070304692955 
1.201098585290325   	0.07337052006993633 
1.228965021549571   	0.141132478350304   
1.290646307190866   	0.2640287126442073  
1.431897375546349   	0.4048641620325302  
1.751877334705505   	-1.000000000861423e-08
1.751877334705505   	-1.000000000861423e-08
1.751877339055407   	-1.351945542495288e-10
1.751877339115052   	4.405960459755859e-14
1.751877339115052   	4.405960459755859e-14
1.751877343461691   	9.857449977792993e-09
1.751920809850109   	9.856538233475526e-05
1.752355473734297   	0.00108288501137543 
1.752790137618485   	0.002065557147339972
1.753224801502672   	0.003046444499138704
1.754139573944362   	0.005104738944015435
1.755845305870815   	0.008920852047736622
1.759032180723833   	0.01597418322433159 
1.765134321822044   	0.02920172727255036 
1.77727430763485    	0.05443123958294504 
1.802515120035527   	0.1022591951450141  
1.857301816095873   	0.1845670425699781  
1.980311500175153   	0.2620929911414723  
2.214225474080966   	-1.000000002249202e-08
2.214225474080966   	-1.000000002249202e-08
2.214225479223337   	-6.704535923248618e-10
2.214225479592989   	3.846207206892327e-17
2.214225479592989   	3.846207206892327e-17
2.214225484731503   	9.322548371530879e-09
2.214276869869878   	9.32089032367657e-05
2.214790721253633   	0.001023477867301114
2.215304572637387   	0.001951444374272672
2.215818424021141   	0.002876916552727041
2.216782620410447   	0.004606526185415207
2.218514780815941   	0.007690868530256261
2.221684797846208   	0.01325932572545098 
2.227643667646908   	0.02345991235739055 
2.239256954258404   	0.04233900174779436 
2.262857805053483   	0.07662922428109033 
2.312866438116917   	0.1312321685280902  
2.422362927525031   	0.1651212069230211  
2.584101965626565   	-1.000005861451214e-08
2.584101965626565   	-1.000005861451214e-08
2.584101971705787   	-1.176732632722532e-09
2.584101972516883   	1.878109213288015e-16
2.584101972516883   	1.878109213288015e-16
2.584101978591545   	8.816707713179391e-09
2.584162725214741   	8.813969156802487e-05
2.584770191446697   	0.0009670350806129408
2.585377657678652   	0.001842712656913589
2.585985123910608   	0.002714904269407946
2.587001538113839   	0.004166211455011407
2.588761141800916   	0.006654782884301444
2.591917876014512   	0.01104320895271224 
2.597752258423565   	0.0188967886845593  
2.608909329856403   	0.03298535313516619 
2.631094435280311   	0.05737137564955058 
2.676989668835669   	0.09249383323231172 
2.774886911552374   	0.09836508616215514 
2.880000748038546   	-1.000005156459594e-08
2.880000748038546   	-1.000005156459594e-08
2.880000755225316   	-1.655485793639873e-09
2.880000756652003   	3.706910267024105e-14
2.880000756652003   	3.706910267024105e-14
2.880000763833383   	8.338343478989824e-09
2.880072577627564   	8.334081010399956e-05
2.88079071556938    	0.0009132927051524754
2.881508853511196   	0.001738747503458644
2.882226991453011   	0.002559330446960648
2.882945129394827   	0.003374916616304533
2.884525811693086   	0.005152285683805841
2.887500042916471   	0.008430190694406361
2.893036988266919   	0.01430135647213023 
2.903525612467935   	0.02459867905149127 
2.924043156962037   	0.0416216447663775  
2.965650674512851   	0.06346379137243473 
3                   	0.06869830440335718 
