0	0
0.0015	-0.014715
0.003	-0.02943
0.0045	-0.044145
0.006	-0.05886
0.0075	-0.073575
0.009	-0.08829
0.0105	-0.103005
0.012	-0.11772
0.0135	-0.132435
0.015	-0.14715
0.0165	-0.161865
0.018	-0.17658
0.0195	-0.191295
0.021	-0.20601
0.0225	-0.220725
0.024	-0.23544
0.0255	-0.250155
0.027	-0.26487
0.0285	-0.279585
0.03	-0.2943
0.0315	-0.309015
0.033	-0.32373
0.0345	-0.338445
0.036	-0.35316
0.0375	-0.367875
0.039	-0.38259
0.0405	-0.397305
0.042	-0.41202
0.0435	-0.426735
0.045	-0.44145
0.0465	-0.456165
0.048	-0.47088
0.0495	-0.485595
0.051	-0.50031
0.0525	-0.515025
0.054	-0.52974
0.0555	-0.544455
0.057	-0.55917
0.0585	-0.573885
0.06	-0.5886
0.0615	-0.603315
0.063	-0.61803
0.0645	-0.632745
0.066	-0.64746
0.0675	-0.662175
0.069	-0.67689
0.0705	-0.691605
0.072	-0.70632
0.0735	-0.721035
0.075	-0.73575
0.0765	-0.750465
0.078	-0.76518
0.0795	-0.779895
0.081	-0.79461
0.0825	-0.809325
0.084	-0.82404
0.0855	-0.838755
0.087	-0.85347
0.0885	-0.868185
0.09	-0.8829
0.0915	-0.897615
0.093	-0.91233
0.0945	-0.927045
0.096	-0.94176
0.0975	-0.956475
0.099	-0.97119
0.1005	-0.985905
0.102	-1.00062
0.1035	-1.015335
0.105	-1.03005
0.1065	-1.044765
0.108	-1.05948
0.1095	-1.074195
0.111	-1.08891
0.1125	-1.103625
0.114	-1.11834
0.1155	-1.133055
0.117	-1.14777
0.1185	-1.162485
0.12	-1.1772
0.1215	-1.191915
0.123	-1.20663
0.1245	-1.221345
0.126	-1.23606
0.1275	-1.250775
0.129	-1.26549
0.1305	-1.280205
0.132	-1.29492
0.1335	-1.309635
0.135	-1.32435
0.1365	-1.339065
0.138	-1.35378
0.1395	-1.368495
0.141	-1.38321
0.1425	-1.397925
0.144	-1.41264
0.1455	-1.427355
0.147	-1.44207
0.1485	-1.456785
0.15	-1.4715
0.1515	-1.486215
0.153	-1.50093
0.1545	-1.515645
0.156	-1.53036
0.1575	-1.545075
0.159	-1.55979
0.1605	-1.574505
0.162	-1.58922
0.1635	-1.603935
0.165	-1.61865
0.1665	-1.633365
0.168	-1.64808
0.1695	-1.662795
0.171	-1.67751
0.1725	-1.692225
0.174	-1.70694
0.1755	-1.721655
0.177	-1.73637
0.1785	-1.751085
0.18	-1.7658
0.1815	-1.780515
0.183	-1.79523
0.1845	-1.809945
0.186	-1.82466
0.1875	-1.839375
0.189	-1.85409
0.1905	-1.868805
0.192	-1.88352
0.1935	-1.898235
0.195	-1.91295
0.1965	-1.927665
0.198	-1.94238
0.1995	-1.957095
0.201	-1.97181
0.2025	-1.986525
0.204	-2.00124
0.2055	-2.015955
0.207	-2.03067
0.2085	-2.045385
0.21	-2.0601
0.2115	-2.074815
0.213	-2.08953
0.2145	-2.104245
0.216	-2.11896
0.2175	-2.133675
0.219	-2.14839
0.2205	-2.163105
0.222	-2.17782
0.2235	-2.192535
0.225	-2.20725
0.2265	-2.221965
0.228	-2.23668
0.2295	-2.251395
0.231	-2.26611
0.2325	-2.280825
0.234	-2.29554
0.2355	-2.310255
0.237	-2.32497
0.2385	-2.339685
0.24	-2.3544
0.2415	-2.369115
0.243	-2.38383
0.2445	-2.398545
0.246	-2.41326
0.2475	-2.427975
0.249	-2.44269
0.2505	-2.457405
0.252	-2.47212
0.2535	-2.486835
0.255	-2.50155
0.2565	-2.516265
0.258	-2.53098
0.2595	-2.545695
0.261	-2.56041
0.2625	-2.575125
0.264	-2.58984
0.2655	-2.604555
0.267	-2.61927
0.2685	-2.633985
0.27	-2.6487
0.2715	-2.663415
0.273	-2.67813
0.2745	-2.692845
0.276	-2.70756
0.2775	-2.722275
0.279	-2.73699
0.2805	-2.751705
0.282	-2.76642
0.2835	-2.781135
0.285	-2.79585
0.2865	-2.810565
0.288	-2.82528
0.2895	-2.839995
0.291	-2.85471
0.2925	-2.869425
0.294	-2.88414
0.2955	-2.898855
0.297	-2.91357
0.2985	-2.928285
0.3	-2.943
0.3015	-2.957715
0.303	-2.97243
0.3045	-2.987145
0.306	-3.00186
0.3075	-3.016575
0.309	-3.03129
0.3105	-3.046005
0.312	-3.06072
0.3135	-3.075435
0.315	-3.09015
0.3165	-3.104865
0.318	-3.11958
0.3195	-3.134295
0.321	-3.14901
0.3225	-3.163725
0.324	-3.17844
0.3255	-3.193155
0.327	-3.20787
0.3285	-3.222585
0.33	-3.2373
0.3315	-3.252015
0.333	-3.26673
0.3345	-3.281445
0.336	-3.29616
0.3375	-3.310875
0.339	-3.32559
0.3405	-3.340305
0.342	-3.35502
0.3435	-3.369735
0.345	-3.38445
0.3465	-3.399165
0.348	-3.41388
0.3495	-3.428595
0.351	-3.44331
0.3525	-3.458025
0.354	-3.47274
0.3555	-3.487455
0.357	-3.50217
0.3585	-3.516885
0.36	-3.5316
0.3615	-3.546315
0.363	-3.56103
0.3645	-3.575745
0.366	-3.59046
0.3675	-3.605175
0.369	-3.61989
0.3705	-3.634605
0.372	-3.64932
0.3735	-3.664035
0.375	-3.67875
0.3765	-3.693465
0.378	-3.70818
0.3795	-3.722895
0.381	-3.73761
0.3825	-3.752325
0.384	-3.76704
0.3855	-3.781755
0.387	-3.79647
0.3885	-3.811185
0.39	-3.8259
0.3915	-3.840615
0.393	-3.85533
0.3945	-3.870045
0.396	-3.88476
0.3975	-3.899475
0.399	-3.91419
0.4005	-3.928905
0.402	-3.94362
0.4035	-3.958335
0.405	-3.97305
0.4065	-3.987765
0.408	-4.00248
0.4095	-4.017195
0.411	-4.03191
0.4125	-4.046625
0.414	-4.06134
0.4155	-4.076055
0.417	-4.09077
0.4185	-4.105485
0.42	-4.1202
0.4215	-4.134915
0.423	-4.14963
0.4245	-4.164345
0.426	-4.17906
0.4275	-4.193775
0.429	-4.20849
0.4305	-4.223205
0.432	-4.23792
0.4335	-4.252635
0.435	-4.26735
0.4365	-4.282065
0.438	-4.29678
0.4395	-4.311495
0.441	-4.32621
0.4425	-4.340925
0.444	-4.35564
0.4455	-4.370355
0.447	-4.38507
0.4485	-4.399785
0.45	-4.4145
0.4515	-4.429215
0.451515730897557	-4.42936932010503
0.451515730897557	3.54349545608403
0.451515733719645	3.54349542839934
0.451515733719645	3.54349542839934
0.453	3.52893477618906
0.4545	3.51421977618906
0.456	3.49950477618906
0.4575	3.48478977618906
0.459	3.47007477618906
0.4605	3.45535977618906
0.462	3.44064477618906
0.4635	3.42592977618906
0.465	3.41121477618906
0.4665	3.39649977618906
0.468	3.38178477618906
0.4695	3.36706977618906
0.471	3.35235477618906
0.4725	3.33763977618906
0.474	3.32292477618906
0.4755	3.30820977618906
0.477	3.29349477618906
0.4785	3.27877977618906
0.48	3.26406477618906
0.4815	3.24934977618906
0.483	3.23463477618906
0.4845	3.21991977618906
0.486	3.20520477618906
0.4875	3.19048977618906
0.489	3.17577477618906
0.4905	3.16105977618906
0.492	3.14634477618906
0.4935	3.13162977618906
0.495	3.11691477618906
0.4965	3.10219977618906
0.498	3.08748477618906
0.4995	3.07276977618906
0.501	3.05805477618906
0.5025	3.04333977618906
0.504	3.02862477618906
0.5055	3.01390977618906
0.507	2.99919477618906
0.5085	2.98447977618906
0.51	2.96976477618906
0.5115	2.95504977618906
0.513	2.94033477618906
0.5145	2.92561977618906
0.516	2.91090477618906
0.5175	2.89618977618906
0.519	2.88147477618906
0.5205	2.86675977618906
0.522	2.85204477618906
0.5235	2.83732977618906
0.525	2.82261477618906
0.5265	2.80789977618906
0.528	2.79318477618906
0.5295	2.77846977618906
0.531	2.76375477618906
0.5325	2.74903977618906
0.534	2.73432477618906
0.5355	2.71960977618906
0.537	2.70489477618906
0.5385	2.69017977618906
0.54	2.67546477618906
0.5415	2.66074977618906
0.543	2.64603477618906
0.5445	2.63131977618906
0.546	2.61660477618906
0.5475	2.60188977618906
0.549	2.58717477618906
0.5505	2.57245977618906
0.552	2.55774477618906
0.5535	2.54302977618906
0.555	2.52831477618906
0.5565	2.51359977618906
0.558	2.49888477618906
0.5595	2.48416977618906
0.561	2.46945477618906
0.5625	2.45473977618906
0.564	2.44002477618906
0.5655	2.42530977618906
0.567	2.41059477618906
0.5685	2.39587977618906
0.57	2.38116477618906
0.5715	2.36644977618906
0.573	2.35173477618906
0.5745	2.33701977618906
0.576	2.32230477618906
0.5775	2.30758977618906
0.579	2.29287477618906
0.5805	2.27815977618906
0.582	2.26344477618906
0.5835	2.24872977618906
0.585	2.23401477618906
0.5865	2.21929977618906
0.588	2.20458477618906
0.5895	2.18986977618906
0.591	2.17515477618906
0.5925	2.16043977618906
0.594	2.14572477618906
0.5955	2.13100977618906
0.597	2.11629477618906
0.5985	2.10157977618906
0.6	2.08686477618906
0.6015	2.07214977618906
0.603	2.05743477618906
0.6045	2.04271977618906
0.606	2.02800477618906
0.6075	2.01328977618906
0.609	1.99857477618906
0.6105	1.98385977618906
0.612	1.96914477618906
0.6135	1.95442977618906
0.615	1.93971477618906
0.6165	1.92499977618906
0.618	1.91028477618906
0.6195	1.89556977618906
0.621	1.88085477618906
0.6225	1.86613977618906
0.624	1.85142477618906
0.6255	1.83670977618906
0.627	1.82199477618906
0.6285	1.80727977618906
0.63	1.79256477618906
0.6315	1.77784977618906
0.633	1.76313477618906
0.6345	1.74841977618906
0.636	1.73370477618906
0.6375	1.71898977618906
0.639	1.70427477618906
0.6405	1.68955977618906
0.642	1.67484477618906
0.6435	1.66012977618906
0.645	1.64541477618906
0.6465	1.63069977618906
0.648	1.61598477618906
0.6495	1.60126977618906
0.651	1.58655477618906
0.6525	1.57183977618906
0.654	1.55712477618906
0.6555	1.54240977618906
0.657	1.52769477618906
0.6585	1.51297977618906
0.66	1.49826477618906
0.6615	1.48354977618906
0.663	1.46883477618906
0.6645	1.45411977618906
0.666	1.43940477618906
0.6675	1.42468977618906
0.669	1.40997477618906
0.6705	1.39525977618906
0.672	1.38054477618906
0.6735	1.36582977618906
0.675	1.35111477618906
0.6765	1.33639977618906
0.678	1.32168477618906
0.6795	1.30696977618906
0.681	1.29225477618906
0.6825	1.27753977618906
0.684	1.26282477618906
0.6855	1.24810977618906
0.687	1.23339477618906
0.6885	1.21867977618906
0.69	1.20396477618906
0.6915	1.18924977618906
0.693	1.17453477618906
0.6945	1.15981977618906
0.696	1.14510477618906
0.6975	1.13038977618906
0.699	1.11567477618906
0.7005	1.10095977618906
0.702	1.08624477618906
0.7035	1.07152977618906
0.705	1.05681477618906
0.7065	1.04209977618906
0.708	1.02738477618906
0.7095	1.01266977618906
0.711	0.997954776189058
0.7125	0.983239776189058
0.714	0.968524776189058
0.7155	0.953809776189058
0.717	0.939094776189058
0.7185	0.924379776189058
0.72	0.909664776189058
0.7215	0.894949776189058
0.723	0.880234776189058
0.7245	0.865519776189058
0.726	0.850804776189058
0.7275	0.836089776189058
0.729	0.821374776189058
0.7305	0.806659776189058
0.732	0.791944776189058
0.7335	0.777229776189058
0.735	0.762514776189058
0.7365	0.747799776189058
0.738	0.733084776189058
0.7395	0.718369776189058
0.741	0.703654776189059
0.7425	0.688939776189059
0.744	0.674224776189059
0.7455	0.659509776189059
0.747	0.644794776189059
0.7485	0.630079776189059
0.75	0.615364776189059
0.7515	0.600649776189059
0.753	0.585934776189059
0.7545	0.571219776189059
0.756	0.556504776189059
0.7575	0.541789776189058
0.759	0.527074776189059
0.7605	0.512359776189058
0.762	0.497644776189059
0.7635	0.482929776189058
0.765	0.468214776189059
0.7665	0.453499776189058
0.768	0.438784776189059
0.7695	0.424069776189059
0.771	0.409354776189059
0.7725	0.394639776189059
0.774	0.379924776189059
0.7755	0.365209776189059
0.777	0.350494776189059
0.7785	0.335779776189059
0.78	0.321064776189059
0.7815	0.306349776189059
0.783	0.291634776189059
0.7845	0.276919776189059
0.786	0.262204776189059
0.7875	0.247489776189059
0.789	0.232774776189059
0.7905	0.218059776189059
0.792	0.203344776189059
0.7935	0.188629776189059
0.795	0.173914776189059
0.7965	0.159199776189059
0.798	0.144484776189059
0.7995	0.129769776189059
0.801	0.115054776189059
0.8025	0.100339776189059
0.804	0.0856247761890585
0.8055	0.0709097761890591
0.807	0.0561947761890584
0.8085	0.0414797761890591
0.81	0.0267647761890584
0.8115	0.012049776189059
0.813	-0.0026652238109417
0.8145	-0.0173802238109411
0.816	-0.0320952238109418
0.8175	-0.0468102238109411
0.819	-0.0615252238109414
0.8205	-0.0762402238109412
0.822	-0.0909552238109415
0.8235	-0.105670223810941
0.825	-0.120385223810942
0.8265	-0.135100223810941
0.828	-0.149815223810942
0.8295	-0.164530223810941
0.831	-0.179245223810942
0.8325	-0.193960223810941
0.834	-0.20867522381094
0.8355	-0.223390223810941
0.837	-0.23810522381094
0.8385	-0.252820223810941
0.84	-0.267535223810941
0.8415	-0.282250223810941
0.843	-0.296965223810941
0.8445	-0.311680223810941
0.846	-0.326395223810941
0.8475	-0.341110223810941
0.849	-0.355825223810941
0.8505	-0.370540223810941
0.852	-0.385255223810941
0.8535	-0.399970223810941
0.855	-0.414685223810941
0.8565	-0.429400223810942
0.858	-0.444115223810941
0.8595	-0.458830223810942
0.861	-0.473545223810941
0.8625	-0.488260223810942
0.864	-0.502975223810941
0.8655	-0.517690223810942
0.867	-0.532405223810941
0.8685	-0.547120223810941
0.87	-0.561835223810941
0.8715	-0.576550223810941
0.873	-0.591265223810941
0.8745	-0.605980223810942
0.876	-0.620695223810941
0.8775	-0.635410223810942
0.879	-0.650125223810941
0.8805	-0.664840223810942
0.882	-0.679555223810941
0.8835	-0.694270223810942
0.885	-0.708985223810941
0.8865	-0.723700223810942
0.888	-0.738415223810941
0.8895	-0.753130223810942
0.891	-0.767845223810941
0.8925	-0.782560223810942
0.894	-0.797275223810941
0.8955	-0.811990223810942
0.897	-0.826705223810941
0.8985	-0.841420223810941
0.9	-0.856135223810941
0.9015	-0.870850223810941
0.903	-0.885565223810941
0.9045	-0.90028022381094
0.906	-0.914995223810942
0.9075	-0.92971022381094
0.909	-0.944425223810942
0.9105	-0.959140223810941
0.912	-0.973855223810942
0.9135	-0.988570223810941
0.915	-1.00328522381094
0.9165	-1.01800022381094
0.918	-1.03271522381094
0.9195	-1.04743022381094
0.921	-1.06214522381094
0.9225	-1.07686022381094
0.924	-1.09157522381094
0.9255	-1.10629022381094
0.927	-1.12100522381094
0.9285	-1.13572022381094
0.93	-1.15043522381094
0.9315	-1.16515022381094
0.933	-1.17986522381094
0.9345	-1.19458022381094
0.936	-1.20929522381094
0.9375	-1.22401022381094
0.939	-1.23872522381094
0.9405	-1.25344022381094
0.942	-1.26815522381094
0.9435	-1.28287022381094
0.945	-1.29758522381094
0.9465	-1.31230022381094
0.948	-1.32701522381094
0.9495	-1.34173022381094
0.951	-1.35644522381094
0.9525	-1.37116022381094
0.954	-1.38587522381094
0.9555	-1.40059022381094
0.957	-1.41530522381094
0.9585	-1.43002022381094
0.96	-1.44473522381094
0.9615	-1.45945022381094
0.963	-1.47416522381094
0.9645	-1.48888022381094
0.966	-1.50359522381094
0.9675	-1.51831022381094
0.969	-1.53302522381094
0.9705	-1.54774022381094
0.972	-1.56245522381094
0.9735	-1.57717022381094
0.975	-1.59188522381094
0.9765	-1.60660022381094
0.978	-1.62131522381094
0.9795	-1.63603022381094
0.981	-1.65074522381094
0.9825	-1.66546022381094
0.984	-1.68017522381094
0.9855	-1.69489022381094
0.987	-1.70960522381094
0.9885	-1.72432022381094
0.99	-1.73903522381094
0.9915	-1.75375022381094
0.993	-1.76846522381094
0.9945	-1.78318022381094
0.996	-1.79789522381094
0.9975	-1.81261022381094
0.999	-1.82732522381094
1.0005	-1.84204022381094
1.002	-1.85675522381094
1.0035	-1.87147022381094
1.005	-1.88618522381094
1.0065	-1.90090022381094
1.008	-1.91561522381094
1.0095	-1.93033022381094
1.011	-1.94504522381094
1.0125	-1.95976022381094
1.014	-1.97447522381094
1.0155	-1.98919022381094
1.017	-2.00390522381094
1.0185	-2.01862022381094
1.02	-2.03333522381094
1.0215	-2.04805022381094
1.023	-2.06276522381094
1.0245	-2.07748022381094
1.026	-2.09219522381094
1.0275	-2.10691022381094
1.029	-2.12162522381094
1.0305	-2.13634022381094
1.032	-2.15105522381094
1.0335	-2.16577022381094
1.035	-2.18048522381094
1.0365	-2.19520022381094
1.038	-2.20991522381094
1.0395	-2.22463022381094
1.041	-2.23934522381094
1.0425	-2.25406022381094
1.044	-2.26877522381094
1.0455	-2.28349022381094
1.047	-2.29820522381094
1.0485	-2.31292022381094
1.05	-2.32763522381094
1.0515	-2.34235022381094
1.053	-2.35706522381094
1.0545	-2.37178022381094
1.056	-2.38649522381094
1.0575	-2.40121022381094
1.059	-2.41592522381094
1.0605	-2.43064022381094
1.062	-2.44535522381094
1.0635	-2.46007022381094
1.065	-2.47478522381094
1.0665	-2.48950022381094
1.068	-2.50421522381094
1.0695	-2.51893022381094
1.071	-2.53364522381094
1.0725	-2.54836022381094
1.074	-2.56307522381094
1.0755	-2.57779022381094
1.077	-2.59250522381094
1.0785	-2.60722022381094
1.08	-2.62193522381094
1.0815	-2.63665022381094
1.083	-2.65136522381094
1.0845	-2.66608022381094
1.086	-2.68079522381094
1.0875	-2.69551022381094
1.089	-2.71022522381094
1.0905	-2.72494022381094
1.092	-2.73965522381094
1.0935	-2.75437022381094
1.095	-2.76908522381094
1.0965	-2.78380022381094
1.098	-2.79851522381094
1.0995	-2.81323022381094
1.101	-2.82794522381094
1.1025	-2.84266022381094
1.104	-2.85737522381094
1.1055	-2.87209022381094
1.107	-2.88680522381094
1.1085	-2.90152022381094
1.11	-2.91623522381094
1.1115	-2.93095022381094
1.113	-2.94566522381094
1.1145	-2.96038022381094
1.116	-2.97509522381094
1.1175	-2.98981022381094
1.119	-3.00452522381094
1.1205	-3.01924022381094
1.122	-3.03395522381094
1.1235	-3.04867022381094
1.125	-3.06338522381094
1.1265	-3.07810022381094
1.128	-3.09281522381094
1.1295	-3.10753022381094
1.131	-3.12224522381094
1.1325	-3.13696022381094
1.134	-3.15167522381094
1.1355	-3.16639022381094
1.137	-3.18110522381094
1.1385	-3.19582022381094
1.14	-3.21053522381094
1.1415	-3.22525022381094
1.143	-3.23996522381094
1.1445	-3.25468022381094
1.146	-3.26939522381094
1.1475	-3.28411022381094
1.149	-3.29882522381094
1.1505	-3.31354022381094
1.152	-3.32825522381094
1.1535	-3.34297022381094
1.155	-3.35768522381094
1.1565	-3.37240022381094
1.158	-3.38711522381094
1.1595	-3.40183022381094
1.161	-3.41654522381094
1.1625	-3.43126022381094
1.164	-3.44597522381094
1.1655	-3.46069022381094
1.167	-3.47540522381094
1.1685	-3.49012022381094
1.17	-3.50483522381094
1.1715	-3.51955022381094
1.173	-3.53426522381094
1.17393986198601	-3.54348526989371
1.17393986198601	2.83478821591497
1.17393986551365	2.83478818130882
1.17393986551365	2.83478818130882
1.1745	2.82929326199774
1.176	2.81457826199774
1.1775	2.79986326199774
1.179	2.78514826199774
1.1805	2.77043326199774
1.182	2.75571826199774
1.1835	2.74100326199774
1.185	2.72628826199774
1.1865	2.71157326199774
1.188	2.69685826199774
1.1895	2.68214326199774
1.191	2.66742826199774
1.1925	2.65271326199774
1.194	2.63799826199774
1.1955	2.62328326199774
1.197	2.60856826199774
1.1985	2.59385326199774
1.2	2.57913826199774
1.2015	2.56442326199774
1.203	2.54970826199774
1.2045	2.53499326199774
1.206	2.52027826199774
1.2075	2.50556326199774
1.209	2.49084826199774
1.2105	2.47613326199774
1.212	2.46141826199774
1.2135	2.44670326199774
1.215	2.43198826199774
1.2165	2.41727326199774
1.218	2.40255826199774
1.2195	2.38784326199774
1.221	2.37312826199774
1.2225	2.35841326199774
1.224	2.34369826199774
1.2255	2.32898326199774
1.227	2.31426826199774
1.2285	2.29955326199774
1.23	2.28483826199774
1.2315	2.27012326199774
1.233	2.25540826199774
1.2345	2.24069326199774
1.236	2.22597826199774
1.2375	2.21126326199774
1.239	2.19654826199774
1.2405	2.18183326199774
1.242	2.16711826199774
1.2435	2.15240326199774
1.245	2.13768826199774
1.2465	2.12297326199774
1.248	2.10825826199774
1.2495	2.09354326199774
1.251	2.07882826199774
1.2525	2.06411326199774
1.254	2.04939826199774
1.2555	2.03468326199774
1.257	2.01996826199774
1.2585	2.00525326199774
1.26	1.99053826199774
1.2615	1.97582326199774
1.263	1.96110826199774
1.2645	1.94639326199774
1.266	1.93167826199774
1.2675	1.91696326199774
1.269	1.90224826199774
1.2705	1.88753326199774
1.272	1.87281826199774
1.2735	1.85810326199774
1.275	1.84338826199774
1.2765	1.82867326199774
1.278	1.81395826199774
1.2795	1.79924326199774
1.281	1.78452826199774
1.2825	1.76981326199774
1.284	1.75509826199774
1.2855	1.74038326199774
1.287	1.72566826199774
1.2885	1.71095326199774
1.29	1.69623826199774
1.2915	1.68152326199774
1.293	1.66680826199774
1.2945	1.65209326199774
1.296	1.63737826199774
1.2975	1.62266326199774
1.299	1.60794826199774
1.3005	1.59323326199774
1.302	1.57851826199774
1.3035	1.56380326199774
1.305	1.54908826199774
1.3065	1.53437326199774
1.308	1.51965826199774
1.3095	1.50494326199774
1.311	1.49022826199774
1.3125	1.47551326199774
1.314	1.46079826199774
1.3155	1.44608326199774
1.317	1.43136826199774
1.3185	1.41665326199774
1.32	1.40193826199774
1.3215	1.38722326199774
1.323	1.37250826199774
1.3245	1.35779326199774
1.326	1.34307826199774
1.3275	1.32836326199774
1.329	1.31364826199774
1.3305	1.29893326199774
1.332	1.28421826199774
1.3335	1.26950326199774
1.335	1.25478826199774
1.3365	1.24007326199774
1.338	1.22535826199774
1.3395	1.21064326199774
1.341	1.19592826199774
1.3425	1.18121326199774
1.344	1.16649826199774
1.3455	1.15178326199774
1.347	1.13706826199774
1.3485	1.12235326199774
1.35	1.10763826199774
1.3515	1.09292326199774
1.353	1.07820826199774
1.3545	1.06349326199774
1.356	1.04877826199774
1.3575	1.03406326199774
1.359	1.01934826199774
1.3605	1.00463326199774
1.362	0.989918261997737
1.3635	0.975203261997739
1.365	0.960488261997739
1.3665	0.945773261997738
1.368	0.931058261997737
1.3695	0.916343261997739
1.371	0.901628261997738
1.3725	0.886913261997738
1.374	0.872198261997737
1.3755	0.857483261997739
1.377	0.842768261997738
1.3785	0.828053261997738
1.38	0.813338261997737
1.3815	0.798623261997739
1.383	0.783908261997738
1.3845	0.769193261997738
1.386	0.754478261997737
1.3875	0.739763261997739
1.389	0.725048261997738
1.3905	0.710333261997738
1.392	0.695618261997737
1.3935	0.680903261997739
1.395	0.666188261997738
1.3965	0.651473261997738
1.398	0.636758261997737
1.3995	0.622043261997739
1.401	0.607328261997738
1.4025	0.592613261997738
1.404	0.577898261997737
1.4055	0.563183261997739
1.407	0.548468261997738
1.4085	0.533753261997738
1.41	0.519038261997739
1.4115	0.504323261997739
1.413	0.489608261997738
1.4145	0.474893261997738
1.416	0.460178261997739
1.4175	0.445463261997739
1.419	0.430748261997738
1.4205	0.416033261997737
1.422	0.401318261997739
1.4235	0.386603261997739
1.425	0.371888261997738
1.4265	0.357173261997737
1.428	0.342458261997739
1.4295	0.327743261997739
1.431	0.313028261997738
1.4325	0.298313261997738
1.434	0.28359826199774
1.4355	0.268883261997739
1.437	0.254168261997738
1.4385	0.239453261997738
1.44	0.224738261997739
1.4415	0.210023261997739
1.443	0.195308261997738
1.4445	0.180593261997738
1.446	0.16587826199774
1.4475	0.151163261997739
1.449	0.136448261997738
1.4505	0.121733261997738
1.452	0.107018261997739
1.4535	0.0923032619977389
1.455	0.0775882619977382
1.4565	0.0628732619977375
1.458	0.0481582619977394
1.4595	0.0334432619977387
1.461	0.018728261997738
1.4625	0.00401326199773733
1.464	-0.0107017380022612
1.4655	-0.0254167380022614
1.467	-0.0401317380022621
1.4685	-0.0548467380022624
1.47	-0.0695617380022608
1.4715	-0.0842767380022615
1.473	-0.0989917380022618
1.4745	-0.11370673800226
1.476	-0.128421738002261
1.4775	-0.143136738002261
1.479	-0.157851738002262
1.4805	-0.17256673800226
1.482	-0.187281738002261
1.4835	-0.201996738002262
1.485	-0.216711738002262
1.4865	-0.231426738002261
1.488	-0.246141738002261
1.4895	-0.260856738002262
1.491	-0.275571738002262
1.4925	-0.290286738002261
1.494	-0.305001738002261
1.4955	-0.319716738002262
1.497	-0.334431738002262
1.4985	-0.349146738002261
1.5	-0.363861738002261
1.5015	-0.378576738002262
1.503	-0.393291738002262
1.5045	-0.408006738002261
1.506	-0.422721738002261
1.5075	-0.437436738002262
1.509	-0.452151738002262
1.5105	-0.466866738002261
1.512	-0.481581738002261
1.5135	-0.496296738002262
1.515	-0.511011738002263
1.5165	-0.525726738002261
1.518	-0.540441738002261
1.5195	-0.555156738002262
1.521	-0.569871738002262
1.5225	-0.584586738002261
1.524	-0.599301738002261
1.5255	-0.614016738002262
1.527	-0.628731738002263
1.5285	-0.643446738002261
1.53	-0.658161738002262
1.5315	-0.672876738002262
1.533	-0.687591738002263
1.5345	-0.702306738002261
1.536	-0.717021738002261
1.5375	-0.731736738002262
1.539	-0.746451738002261
1.5405	-0.761166738002261
1.542	-0.775881738002262
1.5435	-0.790596738002262
1.545	-0.805311738002261
1.5465	-0.820026738002261
1.548	-0.834741738002262
1.5495	-0.849456738002262
1.551	-0.864171738002261
1.5525	-0.878886738002261
1.554	-0.893601738002262
1.5555	-0.908316738002262
1.557	-0.923031738002261
1.5585	-0.937746738002261
1.56	-0.952461738002262
1.5615	-0.967176738002262
1.563	-0.981891738002261
1.5645	-0.996606738002261
1.566	-1.01132173800226
1.5675	-1.02603673800226
1.569	-1.04075173800226
1.5705	-1.05546673800226
1.572	-1.07018173800226
1.5735	-1.08489673800226
1.575	-1.09961173800226
1.5765	-1.11432673800226
1.578	-1.12904173800226
1.5795	-1.14375673800226
1.581	-1.15847173800226
1.5825	-1.17318673800226
1.584	-1.18790173800226
1.5855	-1.20261673800226
1.587	-1.21733173800226
1.5885	-1.23204673800226
1.59	-1.24676173800226
1.5915	-1.26147673800226
1.593	-1.27619173800226
1.5945	-1.29090673800226
1.596	-1.30562173800226
1.5975	-1.32033673800226
1.599	-1.33505173800226
1.6005	-1.34976673800226
1.602	-1.36448173800226
1.6035	-1.37919673800226
1.605	-1.39391173800226
1.6065	-1.40862673800226
1.608	-1.42334173800226
1.6095	-1.43805673800226
1.611	-1.45277173800226
1.6125	-1.46748673800226
1.614	-1.48220173800226
1.6155	-1.49691673800226
1.617	-1.51163173800226
1.6185	-1.52634673800226
1.62	-1.54106173800226
1.6215	-1.55577673800226
1.623	-1.57049173800226
1.6245	-1.58520673800226
1.626	-1.59992173800226
1.6275	-1.61463673800226
1.629	-1.62935173800226
1.6305	-1.64406673800226
1.632	-1.65878173800226
1.6335	-1.67349673800226
1.635	-1.68821173800226
1.6365	-1.70292673800226
1.638	-1.71764173800226
1.6395	-1.73235673800226
1.641	-1.74707173800226
1.6425	-1.76178673800226
1.644	-1.77650173800226
1.6455	-1.79121673800226
1.647	-1.80593173800226
1.6485	-1.82064673800226
1.65	-1.83536173800226
1.6515	-1.85007673800226
1.653	-1.86479173800226
1.6545	-1.87950673800226
1.656	-1.89422173800226
1.6575	-1.90893673800226
1.659	-1.92365173800226
1.6605	-1.93836673800226
1.662	-1.95308173800226
1.6635	-1.96779673800226
1.665	-1.98251173800226
1.6665	-1.99722673800226
1.668	-2.01194173800226
1.6695	-2.02665673800226
1.671	-2.04137173800226
1.6725	-2.05608673800226
1.674	-2.07080173800226
1.6755	-2.08551673800226
1.677	-2.10023173800226
1.6785	-2.11494673800226
1.68	-2.12966173800226
1.6815	-2.14437673800226
1.683	-2.15909173800226
1.6845	-2.17380673800226
1.686	-2.18852173800226
1.6875	-2.20323673800226
1.689	-2.21795173800226
1.6905	-2.23266673800226
1.692	-2.24738173800226
1.6935	-2.26209673800226
1.695	-2.27681173800226
1.6965	-2.29152673800226
1.698	-2.30624173800226
1.6995	-2.32095673800226
1.701	-2.33567173800226
1.7025	-2.35038673800226
1.704	-2.36510173800226
1.7055	-2.37981673800226
1.707	-2.39453173800226
1.7085	-2.40924673800226
1.71	-2.42396173800226
1.7115	-2.43867673800226
1.713	-2.45339173800226
1.7145	-2.46810673800226
1.716	-2.48282173800226
1.7175	-2.49753673800226
1.719	-2.51225173800226
1.7205	-2.52696673800226
1.722	-2.54168173800226
1.7235	-2.55639673800226
1.725	-2.57111173800226
1.7265	-2.58582673800226
1.728	-2.60054173800226
1.7295	-2.61525673800226
1.731	-2.62997173800226
1.7325	-2.64468673800226
1.734	-2.65940173800226
1.7355	-2.67411673800226
1.737	-2.68883173800226
1.7385	-2.70354673800226
1.74	-2.71826173800226
1.7415	-2.73297673800226
1.743	-2.74769173800226
1.7445	-2.76240673800226
1.746	-2.77712173800226
1.7475	-2.79183673800226
1.749	-2.80655173800226
1.7505	-2.82126673800226
1.75187733470551	-2.83477839146327
1.75187733470551	2.26782271317061
1.75187733911505	2.26782266991296
1.75187733911505	2.26782266991296
1.752	2.26661936663162
1.7535	2.25190436663162
1.755	2.23718936663162
1.7565	2.22247436663162
1.758	2.20775936663162
1.7595	2.19304436663162
1.761	2.17832936663162
1.7625	2.16361436663162
1.764	2.14889936663162
1.7655	2.13418436663162
1.767	2.11946936663162
1.7685	2.10475436663162
1.77	2.09003936663162
1.7715	2.07532436663162
1.773	2.06060936663162
1.7745	2.04589436663162
1.776	2.03117936663162
1.7775	2.01646436663162
1.779	2.00174936663162
1.7805	1.98703436663162
1.782	1.97231936663162
1.7835	1.95760436663162
1.785	1.94288936663162
1.7865	1.92817436663162
1.788	1.91345936663162
1.7895	1.89874436663162
1.791	1.88402936663162
1.7925	1.86931436663162
1.794	1.85459936663162
1.7955	1.83988436663162
1.797	1.82516936663162
1.7985	1.81045436663162
1.8	1.79573936663162
1.8015	1.78102436663162
1.803	1.76630936663162
1.8045	1.75159436663162
1.806	1.73687936663162
1.8075	1.72216436663162
1.809	1.70744936663162
1.8105	1.69273436663162
1.812	1.67801936663162
1.8135	1.66330436663162
1.815	1.64858936663162
1.8165	1.63387436663162
1.818	1.61915936663162
1.8195	1.60444436663162
1.821	1.58972936663162
1.8225	1.57501436663162
1.824	1.56029936663162
1.8255	1.54558436663162
1.827	1.53086936663162
1.8285	1.51615436663162
1.83	1.50143936663162
1.8315	1.48672436663162
1.833	1.47200936663162
1.8345	1.45729436663162
1.836	1.44257936663162
1.8375	1.42786436663162
1.839	1.41314936663162
1.8405	1.39843436663162
1.842	1.38371936663162
1.8435	1.36900436663162
1.845	1.35428936663162
1.8465	1.33957436663162
1.848	1.32485936663162
1.8495	1.31014436663162
1.851	1.29542936663162
1.8525	1.28071436663162
1.854	1.26599936663162
1.8555	1.25128436663162
1.857	1.23656936663162
1.8585	1.22185436663162
1.86	1.20713936663162
1.8615	1.19242436663162
1.863	1.17770936663162
1.8645	1.16299436663162
1.866	1.14827936663162
1.8675	1.13356436663162
1.869	1.11884936663162
1.8705	1.10413436663162
1.872	1.08941936663162
1.8735	1.07470436663162
1.875	1.05998936663162
1.8765	1.04527436663162
1.878	1.03055936663162
1.8795	1.01584436663162
1.881	1.00112936663162
1.8825	0.986414366631618
1.884	0.971699366631617
1.8855	0.956984366631619
1.887	0.942269366631619
1.8885	0.927554366631618
1.89	0.912839366631617
1.8915	0.898124366631619
1.893	0.883409366631619
1.8945	0.868694366631618
1.896	0.853979366631617
1.8975	0.839264366631619
1.899	0.824549366631618
1.9005	0.809834366631618
1.902	0.795119366631617
1.9035	0.780404366631619
1.905	0.765689366631618
1.9065	0.750974366631618
1.908	0.736259366631617
1.9095	0.721544366631619
1.911	0.706829366631618
1.9125	0.692114366631618
1.914	0.677399366631617
1.9155	0.662684366631619
1.917	0.647969366631618
1.9185	0.633254366631618
1.92	0.618539366631619
1.9215	0.603824366631619
1.923	0.589109366631618
1.9245	0.574394366631618
1.926	0.559679366631619
1.9275	0.544964366631619
1.929	0.530249366631618
1.9305	0.515534366631618
1.932	0.500819366631619
1.9335	0.486104366631619
1.935	0.471389366631618
1.9365	0.456674366631618
1.938	0.441959366631619
1.9395	0.427244366631619
1.941	0.412529366631618
1.9425	0.397814366631618
1.944	0.383099366631619
1.9455	0.368384366631619
1.947	0.353669366631618
1.9485	0.338954366631617
1.95	0.324239366631619
1.9515	0.309524366631619
1.953	0.294809366631618
1.9545	0.280094366631617
1.956	0.265379366631619
1.9575	0.250664366631619
1.959	0.235949366631618
1.9605	0.221234366631617
1.962	0.206519366631619
1.9635	0.191804366631618
1.965	0.177089366631618
1.9665	0.162374366631617
1.968	0.147659366631619
1.9695	0.132944366631618
1.971	0.118229366631618
1.9725	0.103514366631617
1.974	0.0887993666316189
1.9755	0.0740843666316183
1.977	0.0593693666316178
1.9785	0.0446543666316172
1.98	0.0299393666316188
1.9815	0.0152243666316187
1.983	0.000509366631618491
1.9845	-0.0142056333683804
1.986	-0.0289206333683807
1.9875	-0.0436356333683814
1.989	-0.0583506333683821
1.9905	-0.0730656333683806
1.992	-0.0877806333683808
1.9935	-0.102495633368382
1.995	-0.117210633368382
1.9965	-0.13192563336838
1.998	-0.146640633368381
1.9995	-0.161355633368381
2.001	-0.17607063336838
2.0025	-0.19078563336838
2.004	-0.205500633368381
2.0055	-0.220215633368381
2.007	-0.234930633368382
2.0085	-0.249645633368382
2.01	-0.264360633368383
2.0115	-0.279075633368379
2.013	-0.29379063336838
2.0145	-0.308505633368381
2.016	-0.323220633368381
2.0175	-0.337935633368382
2.019	-0.352650633368382
2.0205	-0.367365633368383
2.022	-0.382080633368383
2.0235	-0.39679563336838
2.025	-0.41151063336838
2.0265	-0.42622563336838
2.028	-0.440940633368381
2.0295	-0.455655633368381
2.031	-0.470370633368382
2.0325	-0.485085633368383
2.034	-0.499800633368383
2.0355	-0.51451563336838
2.037	-0.52923063336838
2.0385	-0.543945633368381
2.04	-0.558660633368381
2.0415	-0.573375633368382
2.043	-0.588090633368382
2.0445	-0.602805633368383
2.046	-0.617520633368383
2.0475	-0.63223563336838
2.049	-0.64695063336838
2.0505	-0.661665633368381
2.052	-0.676380633368381
2.0535	-0.691095633368382
2.055	-0.705810633368382
2.0565	-0.720525633368383
2.058	-0.735240633368379
2.0595	-0.74995563336838
2.061	-0.76467063336838
2.0625	-0.779385633368381
2.064	-0.794100633368382
2.0655	-0.808815633368382
2.067	-0.823530633368383
2.0685	-0.838245633368383
2.07	-0.852960633368379
2.0715	-0.86767563336838
2.073	-0.88239063336838
2.0745	-0.897105633368381
2.076	-0.911820633368382
2.0775	-0.926535633368382
2.079	-0.941250633368383
2.0805	-0.955965633368383
2.082	-0.97068063336838
2.0835	-0.98539563336838
2.085	-1.00011063336838
2.0865	-1.01482563336838
2.088	-1.02954063336838
2.0895	-1.04425563336838
2.091	-1.05897063336838
2.0925	-1.07368563336838
2.094	-1.08840063336838
2.0955	-1.10311563336838
2.097	-1.11783063336838
2.0985	-1.13254563336838
2.1	-1.14726063336838
2.1015	-1.16197563336838
2.103	-1.17669063336838
2.1045	-1.19140563336838
2.106	-1.20612063336838
2.1075	-1.22083563336838
2.109	-1.23555063336838
2.1105	-1.25026563336838
2.112	-1.26498063336838
2.1135	-1.27969563336838
2.115	-1.29441063336838
2.1165	-1.30912563336838
2.118	-1.32384063336838
2.1195	-1.33855563336838
2.121	-1.35327063336838
2.1225	-1.36798563336838
2.124	-1.38270063336838
2.1255	-1.39741563336838
2.127	-1.41213063336838
2.1285	-1.42684563336838
2.13	-1.44156063336838
2.1315	-1.45627563336838
2.133	-1.47099063336838
2.1345	-1.48570563336838
2.136	-1.50042063336838
2.1375	-1.51513563336838
2.139	-1.52985063336838
2.1405	-1.54456563336838
2.142	-1.55928063336838
2.1435	-1.57399563336838
2.145	-1.58871063336838
2.1465	-1.60342563336838
2.148	-1.61814063336838
2.1495	-1.63285563336838
2.151	-1.64757063336838
2.1525	-1.66228563336838
2.154	-1.67700063336838
2.1555	-1.69171563336838
2.157	-1.70643063336838
2.1585	-1.72114563336838
2.16	-1.73586063336838
2.1615	-1.75057563336838
2.163	-1.76529063336838
2.1645	-1.78000563336838
2.166	-1.79472063336838
2.1675	-1.80943563336838
2.169	-1.82415063336838
2.1705	-1.83886563336838
2.172	-1.85358063336838
2.1735	-1.86829563336838
2.175	-1.88301063336838
2.1765	-1.89772563336838
2.178	-1.91244063336838
2.1795	-1.92715563336838
2.181	-1.94187063336838
2.1825	-1.95658563336838
2.184	-1.97130063336838
2.1855	-1.98601563336838
2.187	-2.00073063336838
2.1885	-2.01544563336838
2.19	-2.03016063336838
2.1915	-2.04487563336838
2.193	-2.05959063336838
2.1945	-2.07430563336838
2.196	-2.08902063336838
2.1975	-2.10373563336838
2.199	-2.11845063336838
2.2005	-2.13316563336838
2.202	-2.14788063336838
2.2035	-2.16259563336838
2.205	-2.17731063336838
2.2065	-2.19202563336838
2.208	-2.20674063336838
2.2095	-2.22145563336838
2.211	-2.23617063336838
2.2125	-2.25088563336838
2.214	-2.26560063336838
2.21422547408097	-2.26781253410266
2.21422547408097	1.81425002728213
2.21422547959299	1.81424997320919
2.21422547959299	1.81424997320919
2.2155	1.80174692801642
2.217	1.78703192801642
2.2185	1.77231692801642
2.22	1.75760192801642
2.2215	1.74288692801642
2.223	1.72817192801642
2.2245	1.71345692801642
2.226	1.69874192801642
2.2275	1.68402692801642
2.229	1.66931192801642
2.2305	1.65459692801642
2.232	1.63988192801642
2.2335	1.62516692801642
2.235	1.61045192801642
2.2365	1.59573692801642
2.238	1.58102192801642
2.2395	1.56630692801642
2.241	1.55159192801642
2.2425	1.53687692801642
2.244	1.52216192801642
2.2455	1.50744692801642
2.247	1.49273192801642
2.2485	1.47801692801642
2.25	1.46330192801642
2.2515	1.44858692801642
2.253	1.43387192801642
2.2545	1.41915692801642
2.256	1.40444192801642
2.2575	1.38972692801642
2.259	1.37501192801642
2.2605	1.36029692801642
2.262	1.34558192801642
2.2635	1.33086692801642
2.265	1.31615192801642
2.2665	1.30143692801642
2.268	1.28672192801642
2.2695	1.27200692801642
2.271	1.25729192801642
2.2725	1.24257692801642
2.274	1.22786192801642
2.2755	1.21314692801642
2.277	1.19843192801642
2.2785	1.18371692801642
2.28	1.16900192801642
2.2815	1.15428692801642
2.283	1.13957192801642
2.2845	1.12485692801642
2.286	1.11014192801642
2.2875	1.09542692801642
2.289	1.08071192801642
2.2905	1.06599692801642
2.292	1.05128192801642
2.2935	1.03656692801642
2.295	1.02185192801642
2.2965	1.00713692801642
2.298	0.992421928016421
2.2995	0.97770692801642
2.301	0.96299192801642
2.3025	0.948276928016419
2.304	0.933561928016419
2.3055	0.918846928016422
2.307	0.904131928016422
2.3085	0.889416928016421
2.31	0.874701928016421
2.3115	0.85998692801642
2.313	0.845271928016418
2.3145	0.830556928016417
2.316	0.815841928016421
2.3175	0.80112692801642
2.319	0.78641192801642
2.3205	0.771696928016419
2.322	0.756981928016419
2.3235	0.742266928016418
2.325	0.727551928016417
2.3265	0.712836928016417
2.328	0.698121928016421
2.3295	0.68340692801642
2.331	0.66869192801642
2.3325	0.653976928016419
2.334	0.639261928016418
2.3355	0.624546928016418
2.337	0.609831928016417
2.3385	0.595116928016417
2.34	0.58040192801642
2.3415	0.56568692801642
2.343	0.550971928016419
2.3445	0.536256928016419
2.346	0.521541928016418
2.3475	0.506826928016418
2.349	0.492111928016417
2.3505	0.477396928016417
2.352	0.46268192801642
2.3535	0.44796692801642
2.355	0.433251928016419
2.3565	0.418536928016419
2.358	0.403821928016418
2.3595	0.389106928016418
2.361	0.374391928016417
2.3625	0.359676928016416
2.364	0.34496192801642
2.3655	0.33024692801642
2.367	0.315531928016419
2.3685	0.300816928016419
2.37	0.286101928016418
2.3715	0.271386928016417
2.373	0.256671928016417
2.3745	0.241956928016421
2.376	0.22724192801642
2.3775	0.21252692801642
2.379	0.197811928016419
2.3805	0.183096928016419
2.382	0.168381928016418
2.3835	0.153666928016417
2.385	0.138951928016417
2.3865	0.124236928016421
2.388	0.10952192801642
2.3895	0.0948069280164195
2.391	0.080091928016419
2.3925	0.0653769280164185
2.394	0.0506619280164179
2.3955	0.0359469280164174
2.397	0.0212319280164168
2.3985	0.00651692801642059
2.4	-0.00819807198357997
2.4015	-0.0229130719835805
2.403	-0.0376280719835811
2.4045	-0.0523430719835816
2.406	-0.0670580719835822
2.4075	-0.0817730719835827
2.409	-0.0964880719835833
2.4105	-0.111203071983579
2.412	-0.12591807198358
2.4135	-0.140633071983581
2.415	-0.155348071983581
2.4165	-0.170063071983582
2.418	-0.184778071983582
2.4195	-0.199493071983583
2.421	-0.214208071983583
2.4225	-0.228923071983581
2.424	-0.243638071983582
2.4255	-0.258353071983583
2.427	-0.273068071983583
2.4285	-0.287783071983584
2.43	-0.302498071983584
2.4315	-0.317213071983585
2.433	-0.331928071983581
2.4345	-0.346643071983582
2.436	-0.361358071983582
2.4375	-0.376073071983583
2.439	-0.390788071983583
2.4405	-0.405503071983583
2.442	-0.420218071983584
2.4435	-0.434933071983585
2.445	-0.449648071983581
2.4465	-0.464363071983582
2.448	-0.479078071983582
2.4495	-0.493793071983583
2.451	-0.508508071983583
2.4525	-0.523223071983584
2.454	-0.537938071983584
2.4555	-0.552653071983585
2.457	-0.567368071983581
2.4585	-0.582083071983582
2.46	-0.596798071983582
2.4615	-0.611513071983583
2.463	-0.626228071983584
2.4645	-0.640943071983584
2.466	-0.655658071983585
2.4675	-0.670373071983585
2.469	-0.685088071983581
2.4705	-0.699803071983582
2.472	-0.714518071983582
2.4735	-0.729233071983583
2.475	-0.743948071983583
2.4765	-0.758663071983584
2.478	-0.773378071983585
2.4795	-0.788093071983585
2.481	-0.802808071983582
2.4825	-0.817523071983582
2.484	-0.832238071983583
2.4855	-0.846953071983583
2.487	-0.861668071983584
2.4885	-0.876383071983584
2.49	-0.891098071983585
2.4915	-0.905813071983585
2.493	-0.920528071983582
2.4945	-0.935243071983582
2.496	-0.949958071983583
2.4975	-0.964673071983583
2.499	-0.979388071983584
2.5005	-0.994103071983584
2.502	-1.00881807198358
2.5035	-1.02353307198358
2.505	-1.03824807198358
2.5065	-1.05296307198358
2.508	-1.06767807198358
2.5095	-1.08239307198358
2.511	-1.09710807198358
2.5125	-1.11182307198358
2.514	-1.12653807198358
2.5155	-1.14125307198358
2.517	-1.15596807198358
2.5185	-1.17068307198358
2.52	-1.18539807198358
2.5215	-1.20011307198358
2.523	-1.21482807198358
2.5245	-1.22954307198358
2.526	-1.24425807198359
2.5275	-1.25897307198358
2.529	-1.27368807198358
2.5305	-1.28840307198358
2.532	-1.30311807198358
2.5335	-1.31783307198358
2.535	-1.33254807198358
2.5365	-1.34726307198358
2.538	-1.36197807198359
2.5395	-1.37669307198358
2.541	-1.39140807198358
2.5425	-1.40612307198358
2.544	-1.42083807198358
2.5455	-1.43555307198358
2.547	-1.45026807198358
2.5485	-1.46498307198358
2.55	-1.47969807198359
2.5515	-1.49441307198358
2.553	-1.50912807198358
2.5545	-1.52384307198358
2.556	-1.53855807198358
2.5575	-1.55327307198358
2.559	-1.56798807198358
2.5605	-1.58270307198358
2.562	-1.59741807198358
2.5635	-1.61213307198358
2.565	-1.62684807198358
2.5665	-1.64156307198358
2.568	-1.65627807198358
2.5695	-1.67099307198358
2.571	-1.68570807198358
2.5725	-1.70042307198359
2.574	-1.71513807198358
2.5755	-1.72985307198358
2.577	-1.74456807198358
2.5785	-1.75928307198358
2.58	-1.77399807198358
2.5815	-1.78871307198358
2.583	-1.80342807198358
2.58410196562657	-1.81423835478019
2.58410196562657	1.45139068382415
2.58410197251688	1.45139061623013
2.58410197251688	1.45139061623013
2.5845	1.44748596662075
2.586	1.43277096662076
2.5875	1.41805596662076
2.589	1.40334096662075
2.5905	1.38862596662075
2.592	1.37391096662075
2.5935	1.35919596662075
2.595	1.34448096662075
2.5965	1.32976596662075
2.598	1.31505096662076
2.5995	1.30033596662076
2.601	1.28562096662076
2.6025	1.27090596662076
2.604	1.25619096662075
2.6055	1.24147596662075
2.607	1.22676096662075
2.6085	1.21204596662075
2.61	1.19733096662076
2.6115	1.18261596662076
2.613	1.16790096662076
2.6145	1.15318596662075
2.616	1.13847096662075
2.6175	1.12375596662075
2.619	1.10904096662075
2.6205	1.09432596662075
2.622	1.07961096662076
2.6235	1.06489596662076
2.625	1.05018096662076
2.6265	1.03546596662075
2.628	1.02075096662075
2.6295	1.00603596662075
2.631	0.991320966620753
2.6325	0.976605966620756
2.634	0.961890966620755
2.6355	0.947175966620755
2.637	0.932460966620754
2.6385	0.917745966620754
2.64	0.903030966620753
2.6415	0.888315966620753
2.643	0.873600966620752
2.6445	0.858885966620756
2.646	0.844170966620755
2.6475	0.829455966620755
2.649	0.814740966620754
2.6505	0.800025966620754
2.652	0.785310966620753
2.6535	0.770595966620752
2.655	0.755880966620752
2.6565	0.741165966620756
2.658	0.726450966620755
2.6595	0.711735966620755
2.661	0.697020966620754
2.6625	0.682305966620753
2.664	0.667590966620753
2.6655	0.652875966620752
2.667	0.638160966620752
2.6685	0.623445966620756
2.67	0.608730966620755
2.6715	0.594015966620755
2.673	0.579300966620754
2.6745	0.564585966620753
2.676	0.549870966620753
2.6775	0.535155966620754
2.679	0.520440966620753
2.6805	0.505725966620757
2.682	0.491010966620756
2.6835	0.476295966620756
2.685	0.461580966620755
2.6865	0.446865966620755
2.688	0.432150966620754
2.6895	0.417435966620754
2.691	0.402720966620758
2.6925	0.388005966620757
2.694	0.373290966620756
2.6955	0.358575966620756
2.697	0.343860966620755
2.6985	0.329145966620755
2.7	0.314430966620754
2.7015	0.299715966620754
2.703	0.285000966620757
2.7045	0.270285966620757
2.706	0.255570966620756
2.7075	0.240855966620756
2.709	0.226140966620755
2.7105	0.211425966620755
2.712	0.196710966620754
2.7135	0.181995966620754
2.715	0.167280966620757
2.7165	0.152565966620757
2.718	0.137850966620756
2.7195	0.123135966620756
2.721	0.108420966620755
2.7225	0.0937059666207546
2.724	0.0789909666207539
2.7255	0.0642759666207534
2.727	0.0495609666207572
2.7285	0.0348459666207566
2.73	0.0201309666207561
2.7315	0.00541596662075555
2.733	-0.00929903337924504
2.7345	-0.0240140333792456
2.736	-0.0387290333792462
2.7375	-0.0534440333792467
2.739	-0.068159033379243
2.7405	-0.0828740333792435
2.742	-0.0975890333792441
2.7435	-0.112304033379245
2.745	-0.127019033379245
2.7465	-0.141734033379246
2.748	-0.156449033379246
2.7495	-0.171164033379247
2.751	-0.185879033379243
2.7525	-0.200594033379244
2.754	-0.215309033379244
2.7555	-0.230024033379245
2.757	-0.244739033379245
2.7585	-0.259454033379246
2.76	-0.274169033379246
2.7615	-0.288884033379243
2.763	-0.303599033379243
2.7645	-0.318314033379244
2.766	-0.333029033379244
2.7675	-0.347744033379245
2.769	-0.362459033379245
2.7705	-0.377174033379246
2.772	-0.391889033379247
2.7735	-0.406604033379243
2.775	-0.421319033379242
2.7765	-0.436034033379242
2.778	-0.450749033379243
2.7795	-0.465464033379243
2.781	-0.480179033379244
2.7825	-0.494894033379244
2.784	-0.509609033379245
2.7855	-0.524324033379241
2.787	-0.539039033379242
2.7885	-0.553754033379242
2.79	-0.568469033379243
2.7915	-0.583184033379243
2.793	-0.597899033379244
2.7945	-0.612614033379244
2.796	-0.627329033379245
2.7975	-0.642044033379241
2.799	-0.656759033379242
2.8005	-0.671474033379242
2.802	-0.686189033379243
2.8035	-0.700904033379244
2.805	-0.715619033379244
2.8065	-0.730334033379245
2.808	-0.745049033379245
2.8095	-0.759764033379241
2.811	-0.774479033379242
2.8125	-0.789194033379242
2.814	-0.803909033379243
2.8155	-0.818624033379244
2.817	-0.833339033379244
2.8185	-0.848054033379245
2.82	-0.862769033379241
2.8215	-0.877484033379242
2.823	-0.892199033379242
2.8245	-0.906914033379243
2.826	-0.921629033379243
2.8275	-0.936344033379244
2.829	-0.951059033379244
2.8305	-0.965774033379245
2.832	-0.980489033379241
2.8335	-0.995204033379241
2.835	-1.00991903337924
2.8365	-1.02463403337924
2.838	-1.03934903337924
2.8395	-1.05406403337924
2.841	-1.06877903337924
2.8425	-1.08349403337924
2.844	-1.09820903337924
2.8455	-1.11292403337924
2.847	-1.12763903337924
2.8485	-1.14235403337924
2.85	-1.15706903337924
2.8515	-1.17178403337924
2.853	-1.18649903337924
2.8545	-1.20121403337924
2.856	-1.21592903337924
2.8575	-1.23064403337924
2.859	-1.24535903337924
2.8605	-1.26007403337924
2.862	-1.27478903337924
2.8635	-1.28950403337924
2.865	-1.30421903337924
2.8665	-1.31893403337924
2.868	-1.33364903337924
2.8695	-1.34836403337924
2.871	-1.36307903337924
2.8725	-1.37779403337924
2.874	-1.39250903337924
2.8755	-1.40722403337924
2.877	-1.42193903337924
2.8785	-1.43665403337925
2.88	-1.45136903337924
2.88000074803855	-1.45137637163738
2.88000074803855	1.1611010973099
2.880000756652	1.16110101281188
2.880000756652	1.16110101281188
2.8815	1.14639343556803
2.883	1.13167843556803
2.8845	1.11696343556803
2.886	1.10224843556803
2.8875	1.08753343556803
2.889	1.07281843556803
2.8905	1.05810343556803
2.892	1.04338843556803
2.8935	1.02867343556803
2.895	1.01395843556803
2.8965	0.999243435568027
2.898	0.984528435568026
2.8995	0.969813435568026
2.901	0.955098435568025
2.9025	0.940383435568029
2.904	0.925668435568028
2.9055	0.910953435568028
2.907	0.896238435568027
2.9085	0.881523435568027
2.91	0.866808435568026
2.9115	0.852093435568026
2.913	0.837378435568025
2.9145	0.822663435568029
2.916	0.807948435568028
2.9175	0.793233435568028
2.919	0.778518435568027
2.9205	0.763803435568027
2.922	0.749088435568026
2.9235	0.734373435568026
2.925	0.719658435568027
2.9265	0.704943435568031
2.928	0.69022843556803
2.9295	0.675513435568029
2.931	0.660798435568029
2.9325	0.646083435568028
2.934	0.631368435568028
2.9355	0.616653435568027
2.937	0.601938435568027
2.9385	0.58722343556803
2.94	0.57250843556803
2.9415	0.557793435568029
2.943	0.543078435568029
2.9445	0.528363435568028
2.946	0.513648435568028
2.9475	0.498933435568027
2.949	0.484218435568031
2.9505	0.46950343556803
2.952	0.45478843556803
2.9535	0.440073435568029
2.955	0.425358435568029
2.9565	0.410643435568028
2.958	0.395928435568027
2.9595	0.381213435568027
2.961	0.366498435568031
2.9625	0.35178343556803
2.964	0.33706843556803
2.9655	0.322353435568029
2.967	0.307638435568029
2.9685	0.292923435568028
2.97	0.278208435568028
2.9715	0.263493435568027
2.973	0.248778435568031
2.9745	0.23406343556803
2.976	0.21934843556803
2.9775	0.204633435568029
2.979	0.189918435568029
2.9805	0.175203435568028
2.982	0.160488435568028
2.9835	0.145773435568027
2.985	0.131058435568031
2.9865	0.11634343556803
2.988	0.10162843556803
2.9895	0.0869134355680291
2.991	0.0721984355680286
2.9925	0.057483435568028
2.994	0.0427684355680275
2.9955	0.0280534355680269
2.997	0.0133384355680307
2.9985	-0.00137656443196988
3	-0.0160915644319704
