0	0
1	0
1	0
1.00000066666667	1.00000000013978e-06
1.00163366010084	0.00244948933476259
1.00326732033771	0.00489697887340127
1.0049016479224	0.00734346861660532
1.00653664339997	0.0097889585639755
1.00817230731689	0.0122334487162017
1.00998217204325	0.0149359520172202
1.01198288424791	0.0179205854582625
1.01417549474015	0.0211880627062161
1.01656093791568	0.0247388372034543
1.01914006111633	0.0285731458662104
1.02191364624886	0.0326910412241465
1.02488242604822	0.0370924155676514
1.02804709655076	0.0417770194431987
1.03140832682392	0.046744476059756
1.03496676667431	0.0519942926845391
1.03872305284027	0.0575258697830499
1.04267781403237	0.063338508445547
1.04683167508573	0.0694314164930301
1.05118526042051	0.0758037135552471
1.05573919695443	0.0824544353344876
1.06049411658576	0.0893825372313238
1.06545065832136	0.096586897442891
1.07060947012959	0.10406631965196
1.07597121056247	0.111819535372423
1.08153655018581	0.119845206008457
1.08730617286108	0.128141924691708
1.09328077689967	0.136708217926742
1.09946107610655	0.145542547069857
1.10584780074392	0.154643309685627
1.11244169841331	0.164008840779087
1.11924353488753	0.173637413948678
1.12625409488336	0.183527242447019
1.13347418279752	0.193676480181467
1.14090462340739	0.204083222656489
1.14854626254732	0.214745507873092
1.15639996775441	0.225661317176254
1.16446662890451	0.236828576079517
1.1727471588285	0.248245155052348
1.18124249392614	0.259908870294041
1.18995359476124	0.271817484471115
1.19888144666152	0.283968707450459
1.20802706031747	0.296360197019282
1.21739147236841	0.308989559575792
1.22697574601015	0.321854350836737
1.23678097159097	0.334952076515825
1.24680826722275	0.348280193008996
1.25705877938845	0.361836108060482
1.26753368357699	0.375617181450541
1.27823418490709	0.389620725652696
1.28916151878001	0.403844006513
1.30031695152944	0.418284243908528
1.3117017811003	0.432938612425898
1.32331733773821	0.447804242034833
1.33516498468357	0.462878218748533
1.34724611889914	0.478157585306941
1.35956217180904	0.493639341853295
1.37211461005324	0.509320446608651
1.38490493627197	0.525197816561094
1.39793468990843	0.541268328154029
1.41120544802559	0.557528817967248
1.42471882616379	0.573976083422679
1.43847647920781	0.590606883474718
1.45248010229549	0.607417939323306
1.46673143173722	0.624405935110915
1.48123224597184	0.641567518633316
1.49598436656429	0.658899302068588
1.51098965921692	0.67639786268925
1.52625003482487	0.694059743592383
1.54176745056088	0.711881454428555
1.5575439109901	0.729859472128902
1.57358146924076	0.747990241658145
1.58988222819972	0.766270176755956
1.60644834174554	0.784695660679552
1.62328201603707	0.803263046965854
1.64038551083391	0.821968660184281
1.65776114086622	0.840808796697975
1.67541127726013	0.859779725437705
1.69333834900328	0.878877688669272
1.71154484446641	0.898098902769401
1.7300333129798	0.917439559006331
1.74880636646707	0.936895824325054
1.76786668113064	0.95646384212866
1.78721699922382	0.976139733089312
1.8068601308474	0.995919595921335
1.82679895584632	1.01579950819209
1.84703642576292	1.035775527122
1.86757556586614	1.0558436903906
1.88841947726502	1.0760000169531
1.90957133908448	1.09624050784242
1.93103441074644	1.1165611469953
1.95281203432021	1.13695790206307
1.97490763697975	1.15742672523987
1.99732473355049	1.17796355408682
2	1.18039914052272
2	1.18039914052272
2.00007968330342	1.18059115987048
2.01407871097535	1.21420661961216
2.02832541228524	1.24817608336081
2.04282156488928	1.28249284807404
2.05756898953611	1.31715013941119
2.07256955109856	1.35214111320798
2.08782515961746	1.38745885691067
2.10333777139131	1.42309639104679
2.1191093900997	1.45904667070042
2.13514206794933	1.49530258696278
2.15143790689301	1.53185696847052
2.16799905984998	1.56870258286307
2.18482773198342	1.60583213828416
2.20192618204988	1.64323828495392
2.21929672374193	1.68091361663221
2.2369417271263	1.7188506721965
2.25486362010162	1.7570419371614
2.27306488990742	1.79547984520589
2.29154808473329	1.83415677980655
2.31031581532194	1.87306507574414
2.32937075666893	1.91219702069884
2.34871564976913	1.95154485682141
2.36835330344886	1.99110078235556
2.38828659623253	2.03085695320008
2.40851847831159	2.07080548454364
2.42905197356385	2.11093845245936
2.44989018166545	2.15124789553791
2.47103628027226	2.19172581650541
2.4924935272851	2.2323641838477
2.51426526321547	2.27315493346485
2.53635491362893	2.31408997030394
2.55876599169234	2.35516117001203
2.58150210081976	2.39636038059025
2.60456693742405	2.43767942405342
2.62796429377366	2.47911009808449
2.65169806097672	2.52064417771452
2.67577223207564	2.56227341698661
2.70019090527818	2.60398955064006
2.72495828731021	2.64578429577702
2.7500786969213	2.68764935355447
2.77555656852512	2.72957641085759
2.80139645601128	2.77155714200426
2.82760303669999	2.81358321041855
2.85418111548501	2.8556462703352
2.88113562913863	2.8977379684772
2.90847165082441	2.93984994576469
2.93619439479835	2.98197383900782
2.96430922131165	3.02410128258836
2.99282164175863	3.06622391017933
3	3.0767348613106
3	3.0767348613106
3.0002177887879	3.077379852226
3.02060597571213	3.13744785756778
3.04129737648557	3.19778632074914
3.06229513101412	3.25838327139661
3.08360245835104	3.31922668660924
3.10522265902002	3.38030449343581
3.12715911740015	3.44160457128086
3.14941530424369	3.50311475442965
3.17199477926433	3.56482283450103
3.19490119383709	3.62671656293225
3.21813829380093	3.68878365345656
3.24170992240362	3.75101178466584
3.26562002330635	3.81338860242032
3.28987264377659	3.87590172243613
3.31447193796691	3.93853873275884
3.33942217034856	4.00128719628975
3.36472771930517	4.06413465335728
3.39039308082743	4.12706862416533
3.41642287242131	4.19007661138504
3.44282183715039	4.25314610266674
3.46959484786999	4.3162645731953
3.49674691163422	4.37941948821967
3.52428317430487	4.44259830560248
3.55220892535187	4.50578847834138
3.58052960289319	4.56897745714724
3.60925079893828	4.63215269296826
3.63837826487868	4.69530163953318
3.66791791723423	4.75841175590107
3.69787584366953	4.82147050901827
3.72825830927684	4.88446537624181
3.75907176317165	4.94738384789501
3.7903228453867	5.01021342978796
3.8220183941077	5.07294164575626
3.85416545326465	5.13555604020502
3.88677128049265	5.19804418064368
3.91984335546062	5.26039366016695
3.95338938867397	5.32259210004138
3.98741733065625	5.38462715216386
4	5.40730112287215
4	5.40730112287215
4.00040983292937	5.40865198485091
4.02603120546857	5.49255081116826
4.05201644007725	5.57655035302508
4.07837026433139	5.6606339295406
4.10509753507278	5.74478484279463
4.1322032428003	5.82898638122233
4.15969251624288	5.91322182297643
4.18757062715098	5.99747443934018
4.21584299529505	6.08172749811883
4.24451519368114	6.16596426700746
4.27359295402544	6.25016801702279
4.3030821724637	6.33432202588573
4.33298891551566	6.41840958137665
4.36331942635632	6.5024139847686
4.39408013136507	6.58631855420749
4.42527764698678	6.6701066280901
4.45691878691742	6.75376156842531
4.48901056965959	6.83726676424831
4.52156022642195	6.92060563496157
4.5545752094258	7.00376163371387
4.58806320062727	7.0867182507758
4.62203212086205	7.16945901686592
4.65649013946773	7.25196750650041
4.69144568441477	7.33422734136802
4.72690745292568	7.41622219360636
4.76288442269145	7.49793578916381
4.79938586366394	7.579351911108
4.83642135047348	7.66045440290978
4.87400077553428	7.74122717175137
4.91213436285322	7.82165419179297
4.95083268262779	7.90171950748116
4.9901066666046	7.98140723672823
5	8.00123670922118
5	8.00123670922118
5.0005687484575	8.00322680066332
5.030818976809	8.10825347148504
5.06149817490746	8.21315927463424
5.0926129228677	8.31792337801479
5.12416999667136	8.42252497823785
5.15617637566526	8.52694330492475
5.18863925038262	8.63115762485955
5.22156603078297	8.73514724624242
5.25496435486451	8.83889152281435
5.28884209776368	8.94236985814405
5.32320738126829	9.04556170975371
5.3580685838459	9.14844659331882
5.3934343511804	9.25100408682254
5.42931360726906	9.35321383472462
5.46571556609397	9.45505555208186
5.50264974393838	9.55650902871504
5.54012597234361	9.65755413329302
5.57815441179553	9.75817081746331
5.61674556613968	9.85833911989603
5.65591029782396	9.95803917037446
5.69565984402835	10.0572511939364
5.73600583363021	10.155955514784
5.77696030523032	10.2541325603822
5.81853572621753	10.351762865502
5.86074501291117	10.4488270761305
5.90360155195094	10.5453059534672
5.94711922299741	10.6411803779367
5.99131242275152	10.7364313530239
6	10.7549111704396
6	10.7549111704396
6.00074739016982	10.7576183117941
6.03521906261902	10.8813710546169
6.07018849841466	11.0047501364407
6.10566440239427	11.1277310676636
6.14165576017951	11.2502894395268
6.17817184997988	11.3724009290592
6.21522225504423	11.4940413040576
6.25281687676303	11.6151864279732
6.29096594853489	11.735812264935
6.32968005034538	11.8558948845762
6.36897012417687	11.9754104668945
6.40884749033188	12.0943353072204
6.44932386462916	12.2126458209793
6.49041137662455	12.3303185485232
6.53212258890711	12.4473301599669
6.57447051753446	12.5636574599894
6.61746865366072	12.6792773925256
6.66113098652599	12.794167045572
6.70547202780967	12.9083036558415
6.75050683755169	13.0216646135376
6.7962510516382	13.1342274669326
6.84272091107889	13.2459699270269
6.88993329320401	13.356869872254
6.93790574478967	13.4669053528964
6.98665651753221	13.5760545958418
7	13.6054715551923
7	13.6054715551923
7.00098071335291	13.609096931436
7.03936123683629	13.7495693861361
7.07831125294707	13.8893966238075
7.11784185748137	14.0285509091774
7.1579645315219	14.1670046438171
7.19869115905911	14.3047303717701
7.24003404562983	14.441700785133
7.28200593807815	14.5778887296997
7.32462004547556	14.713267210522
7.36789006128131	14.8478093973846
7.41183018691947	14.9814886304593
7.45645515672987	15.1142784256809
7.50178026453328	15.2461524802668
7.5478213918287	15.377084678066
7.59459503785826	15.5070490950593
7.64211835158819	15.6360200047291
7.69040916575048	15.7639718832896
7.73948603321969	15.8908794150757
7.78936826580445	16.0167174977946
7.84007597573489	16.1414612478564
7.89163011992729	16.2650860054278
7.94405254747778	16.3875673397464
7.99736605043697	16.5088810541532
8	16.5147918497966
8	16.5147918497966
8.00110582644117	16.5189298316914
8.04313531291641	16.6744907074379
8.08580823383283	16.8291236977241
8.12913832766805	16.9827981568836
8.17313984301972	17.1354836343807
8.21782756378302	17.2871498812782
8.26321683576861	17.4377668562087
8.30932359517262	17.58730473188
8.35616439870593	17.7357339009933
8.40375645578034	17.8830249824598
8.4521176628193	18.0291488275992
8.50126663977609	18.1740765260588
8.5512227692072	18.3177794119662
8.6020062379043	18.4602290697062
8.65363808157469	18.6013973401206
8.70614023254578	18.7412563263275
8.75953557087421	18.879778399514
8.81384797926827	19.0169362049909
8.86910240186614	19.1527026677512
8.92532490755066	19.2870509983929
8.9825427579413	19.4199546987294
9	19.4597577043264
9	19.4597577043264
9.00143082808563	19.4651508026566
9.04689157822901	19.6344742359405
9.09307145347011	19.8025803189516
9.13998707474419	19.9694357688731
9.18765571902549	20.1350075580114
9.23609535385204	20.2992629207441
9.28532467410666	20.4621693602604
9.33536314133755	20.6236946554382
9.38623102572288	20.783806867509
9.43794945100894	20.9424743468655
9.49054044252903	21.0996657395592
9.54402697868011	21.2553499938475
9.598433046264	21.4094963670883
9.65378369970718	21.5620744320307
9.71010512472666	21.7130540831564
9.7674247070053	21.8624055434897
9.82577110593205	22.0100993707771
9.8851743341328	22.1561064637284
9.94566584343852	22.3003980685447
10	22.426338251168
10	22.426338251168
10	22.426338251168
