0	2
0	2
0.0115579471503664	1.9998
0.023149441404112	1.99919925657885
0.0347765251642374	1.99819652910254
0.0464367850698677	1.99679100215295
0.0581323420624979	1.99498152107278
0.0698612047445949	1.99276757642231
0.0816240190945073	1.99014844171184
0.0934232017942166	1.98712286772131
0.105260457125185	1.9836896363447
0.117136235449746	1.97984784212828
0.129050065912123	1.97559697430636
0.141000900077781	1.97093692921547
0.152987492086526	1.96586793899295
0.165008820890115	1.96039040606495
0.177064541662522	1.95450464129824
0.18915583182806	1.94821031705116
0.201304893650917	1.94149516407052
0.213482874371779	1.93437470313045
0.225692740721008	1.92684825158636
0.237967136079779	1.91889530164427
0.250265951545045	1.91054161588269
0.262599257718445	1.901781980232
0.274992335848783	1.89259838717645
0.287412348336436	1.88301559248915
0.299902449358115	1.87300059525107
0.312412748314389	1.86259377370248
0.325001141571096	1.85174765276423
0.337604970369244	1.84051663182843
0.350253182217087	1.82887766067266
0.362953684294638	1.81682400882919
0.375740493586194	1.80432302643172
0.38854123019181	1.79144623596993
0.401427699564901	1.77812296168737
0.414332890243238	1.764423549087
0.427320655745357	1.7502818589752
0.440335556839112	1.73575966096421
0.453427854163059	1.72080250710504
0.466559088495514	1.70545608076692
0.479761284855284	1.68968450335297
0.493017141893304	1.67351048488279
0.506343237386898	1.65691514786233
0.519775174011875	1.63985442624526
0.533234967221933	1.62242922725447
0.546789625687821	1.60455510378313
0.560395127681134	1.58629237192944
0.574089030687374	1.56759252748562
0.587922438222183	1.5483857662223
0.601776174779125	1.52883947897686
0.615756153152539	1.50880715701273
0.629787195727058	1.48839893432795
0.643933185817552	1.4675242876489
0.658162625350263	1.44623244115948
0.672507893250359	1.42447680918952
0.687033108928041	1.40216040215538
0.701605627783309	1.37948930635791
0.716352301290335	1.35626901075231
0.731183832077275	1.33264277691073
0.74618969242129	1.30847037547958
0.761318995942945	1.28383666136173
0.776631524126703	1.25864615001171
0.792263133909394	1.23267451566154
0.807947543131142	1.20636566571134
0.823997143553989	1.17919844329098
0.840129102191825	1.15165292804585
0.856503366229719	1.12346258656209
0.873196247014916	1.09449678717621
0.89017419144483	1.06481640766802
0.907608324201365	1.03412242294108
0.925367312272839	1.00264785337742
0.943863687995456	0.969660635689647
0.962794295673621	0.935700478864217
0.982341133085595	0.900445399289818
1.00275016187678	0.863453622513669
1.02476097294457	0.823378690244057
1.048471665873	0.780034509052214
1.07429598902978	0.732665328525248
1.10506684416915	0.676069181789424
1.16037538570311	0.574173310228434
1.19518649351232	0.510104076862024
1.2190006643885	0.466375076732481
1.23864300948474	0.430397934930989
1.25615062049895	0.398417349856441
1.27138446843728	0.370668427965092
1.28574037461161	0.344593582286167
1.29890465158806	0.320753493138276
1.31108606175593	0.298758503562114
1.32245633085198	0.278288728373451
1.33314703987062	0.259099030709267
1.34325095606918	0.241015831374741
1.35282477521453	0.223931367590046
1.36180974414747	0.207944316681276
1.37018478080809	0.19308419220128
1.37827259438909	0.178773180083811
1.38591146620921	0.165293860285562
1.39307138823174	0.152692966478881
1.39997160584755	0.14058067611071
1.40633047714977	0.129446766908704
1.41254749305128	0.118587688145155
1.41825417813678	0.108643730070415
1.42383353850603	0.0989438543115142
1.42901937484666	0.0899481236746289
1.43399729534907	0.0813317826898289
1.43873079171733	0.0731552046362001
1.44293907826403	0.0659004132483418
1.4471208386813	0.0587046248763942
1.45106769427716	0.0519251406486175
1.45454301417215	0.0459659713795307
1.45797352658632	0.040092965260245
1.46117739641685	0.034616271398967
1.46415028630679	0.0295415964369271
1.46685374071918	0.0249333960199266
1.46933740440584	0.0207050494218946
1.47160069441236	0.0168562235674816
1.47364281889234	0.0133870533803668
1.47546270649965	0.0102982610727211
1.47701494141756	0.00766591218375138
1.47856225504999	0.00504410134389683
1.48010956868243	0.00242429050404244
1.48165688231486	-0.000193520335811795
1.48320419594729	-0.00280933117566587
1.48475150957973	-0.00542314201551979
1.48629882321216	-0.00803495285537355
1.48784613684459	-0.0106447636952271
1.48943108235909	-0.0133159583860484
1.49118873956433	-0.0162754530308025
1.49313192616556	-0.0195442372493802
1.49526132654521	-0.0231225281073089
1.49757747089278	-0.0270101895279662
1.50008076444066	-0.0312067818360155
1.50271886120575	-0.0356233949330792
1.50555064557533	-0.040357092762831
1.50856470953502	-0.0453876674069295
1.51176111201786	-0.0507137525905276
1.51512049915977	-0.0563015734445256
1.51862927162264	-0.0621264495284616
1.5223150838568	-0.0682331005863417
1.52617779731848	-0.0746195073386681
1.53008064702263	-0.0810579170782147
1.53423247904286	-0.0878911186367791
1.53855577085351	-0.0949892838746904
1.54293205505723	-0.10215605851595
1.54753092272364	-0.109667130041678
1.55229585890011	-0.117427880699029
1.55705862296277	-0.125162389087604
1.56208379025823	-0.133298484683379
1.56723735261377	-0.141616294935201
1.57251655634093	-0.150108429371665
1.57795174155969	-0.158821884954143
1.58338826387925	-0.167506587394999
1.5890614161217	-0.176536293281129
1.594808856473	-0.185649616636829
1.6007127292676	-0.194973939309375
1.6067300816982	-0.204439067639646
1.61285682058218	-0.214035242374712
1.61911596290962	-0.223796508436789
1.62545757476683	-0.23364139905539
1.63193717038401	-0.243654268675849
1.63835178847973	-0.253519233757948
1.64503171954711	-0.263742517750802
1.65165546653389	-0.273828302013133
1.65852859802098	-0.284240003997785
1.66534127779526	-0.294504565255422
1.67239562407609	-0.305075366569027
1.67951352216347	-0.315680141029328
1.68673459480142	-0.326376114855703
1.69403053421682	-0.33711753324365
1.70140604836243	-0.347909399884276
1.70887335574876	-0.358765939265279
1.71639074892941	-0.369624396294487
1.72402296691954	-0.380574913801501
1.73166938626867	-0.391470718359531
1.73946025192632	-0.402494460003638
1.74722267110031	-0.413398697508542
1.7551575278714	-0.424463317334096
1.76314553843229	-0.435516950532338
1.77119735412598	-0.446572538797362
1.77933083889865	-0.457650926508078
1.78748653697293	-0.468669026013949
1.79576004308211	-0.479752852161188
1.8040066473755	-0.490705948766364
1.81240153138902	-0.501758713206448
1.82084789537885	-0.512778727181214
1.82933844348176	-0.523754672171578
1.83791323624803	-0.534734852475658
1.84648671435347	-0.545607508409872
1.8551840637964	-0.556528653776891
1.86391723989754	-0.567383249352226
1.87270380794301	-0.578191475141304
1.88155481743411	-0.588963298345854
1.89041879523578	-0.599634104003577
1.89938333027444	-0.610306381234043
1.90831403443727	-0.620817615058221
1.9173685963046	-0.631351487278297
1.92647290470721	-0.641816852485847
1.93560181261332	-0.652183007299067
1.94481045676874	-0.662509460703699
1.95400495179623	-0.672688678422303
1.96330732898871	-0.682853489059906
1.97264492365296	-0.692920023539913
1.98202132244588	-0.702890530271057
1.99145489588454	-0.712781266575816
2.00089898209958	-0.722541379609535
2.01042511503576	-0.732242095052478
2.01993232757196	-0.741778208507731
2.02954194098235	-0.751269428949693
2.03918336908349	-0.760641631951208
2.04886537440412	-0.769901771815239
2.05859215825377	-0.779050697488435
2.06834449392331	-0.788068559477688
2.07815370364156	-0.796981490934629
2.08797599571421	-0.805747699288685
2.09786480549612	-0.814412364944251
2.1077583110774	-0.822919090834092
2.11772402284541	-0.831323667672094
2.12769147534256	-0.839564273903032
2.13773154524146	-0.847697390405818
2.14777683038441	-0.855665961822056
2.15788889668111	-0.863516702302827
2.16801649718401	-0.871207453415682
2.17819840735682	-0.878765366712116
2.18841246933299	-0.886171873531136
2.19866230192082	-0.893426991627791
2.20895400683804	-0.900533426227023
2.21924848328791	-0.907462354471334
2.22960470957804	-0.914251698586581
2.23999960466824	-0.920883882988549
2.25039479967953	-0.927332742551135
2.26085164687171	-0.933634772269179
2.27134396557056	-0.939771768286237
2.28187071199832	-0.945741254208051
2.29243083875986	-0.951540820077519
2.30298887194966	-0.957149526710599
2.31360876017351	-0.962600128978207
2.3242588435813	-0.96787398165778
2.33494625749144	-0.972972935341487
2.34566430819913	-0.977892515057782
2.3564094212328	-0.982629184153823
2.36722081546068	-0.987198415994946
2.37803316853701	-0.991570576547051
2.38888054213435	-0.99575911711571
2.39976751419468	-0.999763853056914
2.41067675054826	-1.00357713583392
2.42162015466031	-1.00720209256328
2.43261021207999	-1.01064099724299
2.44362550938825	-1.01388564713238
2.45467001187003	-1.01693625166111
2.46574586135127	-1.01979230170012
2.47685423376261	-1.02245294183268
2.48799595473302	-1.02491719225771
2.49917189115265	-1.02718405672261
2.51038554188067	-1.02925301429919
2.52162245846782	-1.03112047329539
2.53289551631034	-1.0327877262727
2.54419767209173	-1.03425280499232
2.55553978899543	-1.03551611345339
2.56691209567052	-1.03657556119992
2.57831784995061	-1.03743069327732
2.58975289213136	-1.03808050002355
2.60122147244739	-1.03852457693344
2.61272418102844	-1.03876220820242
2.62426034079436	-1.03879269772464
2.63583021371528	-1.03861541795234
2.64743416499371	-1.03822976985534
2.65907341264187	-1.03763513565022
2.6707450251462	-1.03683118215742
2.68245084795625	-1.03581738001623
2.69419113316896	-1.03459331716949
2.70596796596813	-1.03315835085946
2.71778429463551	-1.03151164487585
2.72962993046144	-1.0296543841021
2.7415116734211	-1.02758540120424
2.75342970529081	-1.02530444490837
2.76538396012841	-1.0228113633333
2.77737479271069	-1.02010597437075
2.78941883232199	-1.01718405944848
2.80149540345917	-1.01405029222365
2.81360452583723	-1.01070493312434
2.82574851092443	-1.0071476264321
2.83795184946182	-1.00337089886309
2.85018253645422	-0.999384514178681
2.86244719415726	-0.995186967620154
2.87477248530883	-0.990769011428724
2.88712310413255	-0.986143383670585
2.89951414672953	-0.981305241221248
2.91195683797715	-0.976250226986921
2.92443547328461	-0.970985141676518
2.93697267568381	-0.965500596158085
2.94954264613253	-0.959808330606233
2.96217584736815	-0.953894847909785
2.97484081971528	-0.94777539523031
2.98757124190222	-0.941434122343268
3.00033518078829	-0.934887555994698
3.01316441767909	-0.928119910503705
3.02603193766629	-0.921146178599551
3.03896255605176	-0.913953480274306
3.05193925427585	-0.906552153075043
3.06497819636162	-0.898933546767032
3.07811509391573	-0.891076758988627
3.09126987591987	-0.883030395267275
3.10451481372374	-0.874751348209652
3.11779329762835	-0.866275939485695
3.13115322987088	-0.857574585160875
3.14456527679209	-0.848667509795934
3.15805540239609	-0.839538309012155
3.17166560951447	-0.830158635582476
3.18530033208897	-0.820595340066234
3.19904270875115	-0.810791459435937
3.21283635014257	-0.800788445405862
3.2267288743859	-0.790552873468834
3.2407809230113	-0.780039972774359
3.25485023843731	-0.769357164309209
3.26906629225019	-0.758407787946888
3.28333335927826	-0.747266825691807
3.29773715032104	-0.735868689534936
3.31222726600123	-0.724254698648076
3.32685306745345	-0.712386352818857
3.34170087774761	-0.700193496208132
3.35658846584298	-0.687826825690063
3.37170085947936	-0.675134247026271
3.38689049945432	-0.662240906556205
3.4023178639575	-0.649011892612889
3.41786018786941	-0.635553778629313
3.43366844837095	-0.621736880887213
3.44962900244063	-0.607661833753484
3.46590857797156	-0.59318241053298
3.48237619967241	-0.578416300765034
3.49926042996683	-0.563159094602918
3.51636379106068	-0.547590114561477
3.53406956199536	-0.531360636194105
3.55205790000756	-0.514763780283293
3.5704945091697	-0.497649552464214
3.58983169487731	-0.47959695175503
3.60981003021092	-0.460847117545358
3.63068472704954	-0.441162020540349
3.65282602463287	-0.420192705818784
3.67684984060692	-0.397354631839229
3.70403621288258	-0.371427599715356
3.73907196697881	-0.337932087382303
3.81845869649229	-0.262002137518495
3.84168707238763	-0.239854263863243
3.86109493051854	-0.221396593935397
3.87837270237162	-0.205009632109533
3.89358540900256	-0.190622050256463
3.90779241905723	-0.177224551885478
3.9208621508338	-0.164935942636716
3.93298187460718	-0.153574371297245
3.94430604285433	-0.142990076727819
3.95495279185123	-0.133068377873242
3.96500419579218	-0.123729060687799
3.97444708442145	-0.114980877891772
3.98316900323722	-0.106923550046987
3.99158844235651	-0.0991672501145366
3.9996160023907	-0.0917925496169032
4.00699003415213	-0.085036516375908
4.01421286816506	-0.0784362216676367
4.02102965591346	-0.0722233971912871
4.02748546499545	-0.0663542194976506
4.03362278560189	-0.0607884571579642
4.03943091760459	-0.0555335850075573
4.04493261857133	-0.050567616585678
4.05018257100309	-0.0458392384910998
4.05488119109314	-0.0416165283975025
4.05955256425971	-0.0374266817701875
4.06392811686058	-0.0335098032155642
4.06804312511379	-0.0298332818886662
4.07192583809482	-0.0263704480644609
4.07557202862638	-0.0231239976333694
4.07893051874736	-0.0201387401824037
4.08206473361553	-0.0173570058857649
4.08497444573116	-0.0147781315988591
4.0876593102888	-0.0124016188151576
4.0899238167122	-0.0103996734043199
4.09213834866257	-0.00844404626870228
4.0943099099966	-0.00652838576719039
4.09648147133063	-0.00461472526567829
4.09865303266466	-0.00270306476416599
4.10081220010174	-0.00080430910286154
4.10294887512336	0.00107250708429236
4.10508555014471	0.00294732327120842
4.10722222516633	0.00482013945836253
4.10935890018768	0.00669095564527932
4.11149557520902	0.00855977183219659
4.11360714371369	0.010404640667374
4.11575302791837	0.01227728543017
4.11808403673598	0.0143091245902899
4.1206005502824	0.016499903821554
4.12330284956753	0.0188492343793244
4.12618265992015	0.0213492465772905
4.12921102075327	0.023973854463486
4.13242013572283	0.0267504578979195
4.1358099972206	0.0296782401157517
4.13935152307344	0.0327312504427504
4.14304788903728	0.0359111247077742
4.14691964670974	0.0392348637234267
4.15096661441078	0.0427013359755154
4.15500343369323	0.0461509317129691
4.15933257717069	0.0498413512005652
4.16383148034896	0.0536667037569633
4.16831225329962	0.0574663097222164
4.17307944388975	0.0614975867318033
4.17799045551721	0.0656384132943616
4.18302071094126	0.0698665598235544
4.18821045189666	0.074215002211405
4.19344374662715	0.078585471168433
4.19888053545124	0.0831103017450165
4.20444073750137	0.0877214964472235
4.21011716636561	0.092411462873187
4.21594336257702	0.0972069250024633
4.2217305576346	0.10195138583976
4.22778057598246	0.106891319674015
4.23384316243853	0.111820610113987
4.24010978321818	0.116893657041595
4.24641613114125	0.12197592215483
4.25289186120041	0.127170432729963
4.25941820431023	0.132380532623175
4.26609553346603	0.137684787581187
4.27282273879935	0.143001557152871
4.2796942727792	0.148403888414536
4.28660587330894	0.153808495670911
4.29366439671884	0.159297352082019
4.30074538896973	0.164772321191517
4.3079838897773	0.17033630496961
4.31522002423806	0.1758649643432
4.32263169763717	0.181492852579164
4.33000910114023	0.187059064271206
4.33758234824689	0.192736066805664
4.34521072188808	0.198415723278651
4.35292029073222	0.204116512792924
4.36070758590324	0.209833901313586
4.3685408182487	0.215543501201024
4.37648107371126	0.221288069666574
4.38442501621419	0.226991612444205
4.39251242453996	0.232753013389816
4.40055410840015	0.238435994488417
4.40876110554183	0.244188683443789
4.41703044146685	0.249936161889913
4.42533841234686	0.255660966413259
4.43374274302993	0.261401114559046
4.44213871973548	0.267083876152682
4.45066884351214	0.272804338305126
4.45923976803939	0.278497486398265
4.46786350113333	0.284170413769311
4.47655823857553	0.289833212214168
4.48526311551784	0.295445180915872
4.49407709851564	0.301068600689123
4.50285157022126	0.306607292879779
4.51175751421984	0.312168226853565
4.52071819446569	0.317700856777612
4.52970075604197	0.323183933844582
4.53877097410886	0.328656004240893
4.54782015615023	0.334050274545192
4.55698435438633	0.339446719676246
4.56618965058134	0.344799392522049
4.57542845429191	0.350103001064375
4.58473445365188	0.35537520716595
4.59404003269077	0.360576628899975
4.60344309045091	0.36576066407
4.61280934033652	0.370851913969082
4.62228836771211	0.375930861401026
4.63181170559961	0.380958314352714
4.64136067909994	0.385923510454153
4.65097345349625	0.39084476093979
4.66058885038005	0.39568966664972
4.67028789208605	0.400497790323752
4.67996804386987	0.40521700798125
4.68974778440543	0.409904110250309
4.69955513452347	0.414522356714946
4.70940854689946	0.419079658567179
4.71929563742061	0.423568642948702
4.72922290227702	0.427991432359813
4.73918709925978	0.432345020719487
4.7491896360937	0.436629162321627
4.75922844151265	0.440841456083468
4.76930851605903	0.444983139858094
4.7794195888235	0.449048480015435
4.78957674366366	0.453042742340112
4.79971735781898	0.456940364107941
4.80994265148656	0.460779497236491
4.82017798804871	0.464530584150526
4.83046972012001	0.468209552603093
4.84080212581751	0.471809602990272
4.85111866883867	0.475310196417833
4.86151422644689	0.478742894757547
4.87194725497003	0.482092389665291
4.88237918847019	0.485345454515269
4.89287334575611	0.488521071232668
4.90340177871776	0.49160951487175
4.91396343976621	0.494609538504846
4.92455727781658	0.497519930287664
4.93518223839276	0.500339513952269
4.94583726373448	0.503067149286461
4.95652129290323	0.50570173259842
4.96724742841281	0.508245623797016
4.97800133943157	0.51069474499516
4.98879003050089	0.513049728672006
4.9996082304198	0.515308799828325
5.01046869121172	0.517473659683677
5.02134866901404	0.51953907969636
5.03226491850203	0.52150772655547
5.04322347166458	0.523379696482385
5.05420680318722	0.52515128702753
5.06521962557232	0.526822748088011
5.07626415596733	0.528393818036433
5.08734128671507	0.529863998272022
5.09845138960666	0.531232713919426
5.10959480244559	0.532499391961505
5.12077211030226	0.533663490196367
5.13198461975937	0.534724529923233
5.1432255476491	0.535681384199584
5.15450053114142	0.53653403154288
5.16580690008812	0.537281801153074
5.17715134616528	0.537924599464577
5.18852686843871	0.538461533190096
5.19993616650917	0.538892319837871
5.21137542296567	0.539216442830178
5.22284822833943	0.53943366067517
5.23435550325767	0.539543605788707
5.24589584799255	0.539545912279104
5.25747017959747	0.539440261297095
5.2690786538105	0.539226342388409
5.28072203750723	0.538903847838756
5.29239767987793	0.538472611090441
5.30410763875113	0.537932352683916
5.31585669418443	0.537282582349751
5.32763684254039	0.53652354452817
5.33945471870412	0.535654659149677
5.35131134026724	0.534675628440277
5.36320661859422	0.533586254457972
5.37513968533052	0.532386454009366
5.3871092468726	0.531076253017128
5.39911398330378	0.529655756621574
5.41115298918612	0.528125092821116
5.42322623557622	0.526484330279753
5.43533621323653	0.524733206989407
5.44750139186177	0.52286887928295
5.4596957670326	0.52089527115611
5.47192478101473	0.51881177665917
5.48421338529111	0.51661405357631
5.4965280486349	0.514308116059295
5.50888163817847	0.511891947076485
5.52128855984019	0.509362720860396
5.53372865548421	0.506724726524084
5.54623060242016	0.503971948951175
5.55876091903964	0.501111944188042
5.5713593695688	0.498135787772354
5.58398336283628	0.495053748615528
5.59667919974419	0.491854753527536
5.6094004440515	0.488550755394824
5.62219459719882	0.485129709705321
5.63501714339621	0.481603834572425
5.64791120698768	0.477961603981484
5.66083992742593	0.474213819067637
5.67383674932381	0.470351133530092
5.68687766616297	0.466381147124555
5.69998403875085	0.462297695811276
5.71319450307892	0.458088704074647
5.72642013292001	0.453782883366173
5.73974090425165	0.449354816793841
5.75309440637411	0.444825750954168
5.76653343647417	0.440178328531808
5.78002558735899	0.435424355799962
5.79359937178669	0.43055424481442
5.80729904662278	0.425552155377566
5.82102369192506	0.420455463499704
5.83486143605677	0.415232166898303
5.8487525815597	0.409905449572378
5.86274779550401	0.404456473857215
5.87691189059401	0.398859946567261
5.89109370271559	0.393176113845288
5.9054324672418	0.387350045816559
5.91982388513681	0.381424772686375
5.93436363634491	0.375361611739397
5.94899246399241	0.369186019522232
5.96376810519948	0.36287419150302
5.97878996946015	0.356383539796656
5.99384813556149	0.349805265944374
6.00916213064957	0.343044323931052
6.02454875592723	0.336182161522922
6.04021452474241	0.329127378092716
6.05598855529141	0.321957516431476
6.07208679333937	0.314574981899151
6.0883268266677	0.307063977694389
6.10497352395639	0.299302422619752
6.12179054332193	0.29140092317339
6.13916736104778	0.283176735632167
6.1567689764935	0.274788422169828
6.1747582794535	0.266159998931268
6.19349703602841	0.257117577493333
6.21274205802383	0.247778328247547
6.2326958574772	0.238044966415715
6.25362822101454	0.227786209089652
6.27645213828664	0.216552675693015
6.30077310853595	0.204537692502804
6.32848519757559	0.190805227922723
6.36489927361874	0.172718532456211
6.43440591108577	0.138186176268968
6.4584591246226	0.126269366985294
6.47819308723388	0.116517116067662
6.49577833712157	0.107850084987748
6.51158477475849	0.100082013415053
6.5259348839844	0.0930501542308397
6.5390768990869	0.086629203049125
6.5512299520647	0.080708927049842
6.56257303658835	0.0751994770572142
6.57324258402808	0.0700323788347966
6.58333463423538	0.0651592510374645
6.59290841231534	0.0605498441675246
6.60192819772884	0.0562197627831373
6.61026294942551	0.0522297590630811
6.6183368839649	0.0483751902275737
6.62600599929002	0.044723955807898
6.63312946774938	0.0413414673597659
6.64005811129276	0.0380599675579869
6.64636910134694	0.0350785684531312
6.65261376977545	0.0321355897634487
6.65827202653435	0.0294753663604978
6.66387886291736	0.0268452685199127
6.66902523115994	0.0244365606020498
6.67403060147085	0.0220988713547232
6.67875628748526	0.0198963218044158
6.68318853180778	0.0178347713964583
6.6873848756615	0.0158866115550682
6.69130310956874	0.0140708186735026
6.69496398311111	0.0123773095404496
6.69839749195307	0.0107915360602837
6.70160351527417	0.00931306213890325
6.70457548349054	0.00794452428684117
6.70760905018251	0.00654966579173865
6.7106426168741	0.00515680729681413
6.71367618356569	0.00376594880188917
6.71664289115786	0.00240772246268098
6.71962688590268	0.00104365642362275
6.72261088064786	-0.00031840961560444
6.72559487539268	-0.00167847565466359
6.72856726388606	-0.00303125560459686
6.73150449170921	-0.00436592259199476
6.73444171953236	-0.00569858957939301
6.73737894735552	-0.00702925656679161
6.74031617517867	-0.00835792355419055
6.74309432693936	-0.00961268599439629
6.7459873722784	-0.0109173457629151
6.74901020261746	-0.0122783973196708
6.75221592626754	-0.0137194123040827
6.75549777030384	-0.0151920154680338
6.75901208220997	-0.0167659235883844
6.76270395176902	-0.0184160795423045
6.76657324102953	-0.0201419380569723
6.77039356299856	-0.0218421226961437
6.77454886842369	-0.0236871926647303
6.77887612180551	-0.0256039689433492
6.78318340841171	-0.0275069826627911
6.78778418399601	-0.0295343109186085
6.79254473781516	-0.0316262456747754
6.79741444604069	-0.0337597580441052
6.80244572947033	-0.0359574160674185
6.80755439121126	-0.0381818491979042
6.8128386777226	-0.0404751425212637
6.81827934379205	-0.0428283233056323
6.82365808480861	-0.0451464361711955
6.82933545184234	-0.0475844560858518
6.83503933887882	-0.0500245702521851
6.84094665874012	-0.0525418026293694
6.8469297779356	-0.0550810138600994
6.8530594982845	-0.0576714434811109
6.85929044632605	-0.0602932858790405
6.86563475519682	-0.0629507467849632
6.87209062658667	-0.0656425078123661
6.87864173369056	-0.0683608078319895
6.8853045765468	-0.071111958914129
6.89205485220615	-0.0738849439504741
6.8989094923579	-0.076686191849347
6.90585152908244	-0.0795077783626823
6.91288421865689	-0.0823504911325682
6.92001085077099	-0.0852146821574557
6.9272084475176	-0.0880905553248279
6.93451274870482	-0.0909914484347321
6.94186225484027	-0.0938923319093144
6.94933752497473	-0.0968241237309702
6.95682587848464	-0.0997419587577141
6.96446562630341	-0.102698948465001
6.97207967318415	-0.105625780002621
6.97987281197072	-0.108600539355672
6.98771750817551	-0.111573196022182
6.99563552707414	-0.11455151859321
7.00363104874706	-0.117536063615977
7.01166100671081	-0.120510204822052
7.0198017056205	-0.123501316512532
7.02793056659902	-0.126463695000827
7.0362069059676	-0.129454702192098
7.04452720732278	-0.132435644725538
7.05290670781932	-0.135411515593749
7.06136010114864	-0.138386539192341
7.06982972962527	-0.141339870654526
7.07841127247688	-0.144304050015569
7.08695853999268	-0.147227882278619
7.09564405912545	-0.150169831878606
7.10438337329933	-0.153099933959979
7.11315263868603	-0.156009699589474
7.12200958163148	-0.158917404243707
7.13085105197648	-0.161788563838794
7.13981220387707	-0.164666426906591
7.14881406068091	-0.167524379217595
7.15785462232363	-0.170361329843508
7.16696452034505	-0.173185982691261
7.17607461635577	-0.175976341826893
7.185288613098	-0.178763456850926
7.19445988447093	-0.181502255622998
7.20375107186516	-0.184240885611534
7.21309350440029	-0.186957755333579
7.22245451801543	-0.189642872105777
7.23189275112269	-0.192312272325562
7.24131765166949	-0.194939732993551
7.25084422942619	-0.197556729230356
7.26040148951691	-0.200142588703807
7.27000102171555	-0.202700028215624
7.27964654141501	-0.205229162555198
7.28931567119521	-0.207723645115983
7.29904638992769	-0.21019250682009
7.30878351372954	-0.212621188319481
7.31859645926843	-0.215026349533964
7.32840175142205	-0.217386886726402
7.33829406198095	-0.219725040250717
7.34816943757036	-0.222015517036141
7.35813838767941	-0.224283476897021
7.368087330004	-0.226502299598703
7.37813035913511	-0.228697001472659
7.38815757687789	-0.23084276381556
7.39827231946001	-0.232961265775243
7.40838318886307	-0.235032584945967
7.41856750399192	-0.237072069309938
7.42876720515523	-0.239067388867859
7.43901920328081	-0.241025166487084
7.44931122076535	-0.242942483844842
7.45962927975367	-0.244816003725577
7.46998704765214	-0.246647864477342
7.48037935347436	-0.248436605538771
7.4908005077889	-0.250180570444419
7.5012581751292	-0.251880696988091
7.51175131535746	-0.253536299449955
7.52227888461361	-0.25514670976259
7.53281870900356	-0.256708096937357
7.5434066699835	-0.25822531099252
7.55402587372	-0.259695432924714
7.56467526304809	-0.261117868272252
7.57537248098667	-0.262494494106488
7.58608967066545	-0.263821306984569
7.59683870587911	-0.265099352834663
7.60762170519343	-0.266328572968461
7.61843866892043	-0.267508438619814
7.62928466878271	-0.268638096230383
7.64017669960752	-0.269718819978614
7.65108816907608	-0.270747579201522
7.66203026783328	-0.27172519146152
7.67302447457026	-0.2726530830522
7.68404266495438	-0.273528429105136
7.69508924299547	-0.274351337226424
7.70616669938329	-0.275121706103681
7.71727646654995	-0.275839328065394
7.7284195496405	-0.276503952218496
7.73959693918973	-0.27711531664536
7.75081328080708	-0.27767333867806
7.76205058634479	-0.278176872858558
7.77332512039147	-0.278626434930909
7.78462748610439	-0.279021396995464
7.79597101975718	-0.279361959184981
7.80734432338348	-0.279647500663058
7.81875113198618	-0.279877914535516
7.83018651948448	-0.280052916674556
7.84165529138149	-0.280172413309426
7.85315803462558	-0.280236212311158
7.86469380755174	-0.280244128726104
7.87626533866235	-0.280195985195307
7.88786989526002	-0.280091626918245
7.89950785146414	-0.279930914467614
7.91118256718796	-0.279713653946505
7.92289259279933	-0.279439725759175
7.9346349026646	-0.279109097385705
7.94641029786117	-0.278721680578446
7.95822228539435	-0.278277270766901
7.97007215134717	-0.277775715484158
7.98196006580738	-0.277216909030618
7.99388542555773	-0.276600799735657
8.00584721602664	-0.275927386666768
8.01784440959109	-0.275196704085455
8.02987639788592	-0.274408792738388
8.04194343815453	-0.273563658490047
8.05404909518452	-0.272661074918931
8.06620539012372	-0.27170006142746
8.07839228884601	-0.270682195717325
8.09061640718792	-0.269607043451543
8.10289553821119	-0.268472990944992
8.11520272771509	-0.26728255951486
8.12755145683057	-0.266034618430362
8.13994955051808	-0.264728370448046
8.15238410298788	-0.263365280878172
8.16487617286038	-0.261943067397779
8.17740040906227	-0.26046472566689
8.18998820083993	-0.258926616928821
8.20260570423167	-0.257332998926096
8.21529035246325	-0.255679248542401
8.22800481550525	-0.253970377638882
8.24078749668439	-0.252201360171958
8.25360308151198	-0.250377259301929
8.26648563339778	-0.248493382354375
8.27940731576837	-0.246554011764153
8.29239282193951	-0.244555606629663
8.30542671518544	-0.24250079031288
8.31852397231786	-0.240387360440214
8.33171927182316	-0.238209728480283
8.34493578091322	-0.235980787055867
8.35824175017699	-0.233689323658936
8.37158621521164	-0.231344386201752
8.38501103812701	-0.228938882900827
8.39849430047501	-0.226477058389683
8.4120566225668	-0.223955365809076
8.42573756160169	-0.221366499493745
8.43945072802734	-0.218727096777232
8.45327020467717	-0.216023249031512
8.46714989050422	-0.213264323502351
8.48113039427621	-0.210442529708669
8.49526998238205	-0.207546111169077
8.50943666666205	-0.204602395695678
8.52375064643509	-0.201586829743195
8.5381264453625	-0.198517775735822
8.55264107014145	-0.195379137018382
8.56725360641337	-0.192180159272652
8.58200782500353	-0.188911529899253
8.59699277639836	-0.185553502879899
8.61202741662765	-0.182146939155064
8.62730065785103	-0.178649446520064
8.64266081526833	-0.175096085494503
8.65828013807871	-0.17144734322718
8.67402335714018	-0.167735157780356
8.6900662143984	-0.163918355474206
8.70626869874738	-0.160030571217395
8.7228452428976	-0.15602054831373
8.73961368746465	-0.151932619130119
8.75689445272805	-0.147688782169241
8.77440806458906	-0.143357774958461
8.7923306173663	-0.138896807302206
8.81092721007651	-0.134239721641692
8.83002568302945	-0.129429674382051
8.84983203458774	-0.124415231154557
8.87103699390617	-0.119020829498399
8.89353145256997	-0.113273361782635
8.91803233201763	-0.10698925177134
8.94522160684712	-0.0999933911715966
8.97970978771096	-0.091097959801711
9.0605831891532	-0.0702309900176164
9.08382417221189	-0.0642538383794188
9.10329421073418	-0.0592596046475928
9.12040324082969	-0.0548832157405508
9.1356962864455	-0.0509824989717793
9.14950796383926	-0.0474698038644123
9.16213424357219	-0.0442678870150644
9.1742578469759	-0.041202475703849
9.18557387904102	-0.0383497945750555
9.19584260523435	-0.0357687047711637
9.205624371311	-0.0333170451088034
9.21497106472006	-0.030981129353457
9.22390217369591	-0.0287554477351471
9.23233626781226	-0.0266596134135496
9.24016152840644	-0.0247204054029426
9.2477656876513	-0.0228410354039451
9.25493305509959	-0.0210743968521142
9.2617077821579	-0.0194088041344543
9.26817124630471	-0.0178237792025494
9.27423865388034	-0.0163394829160465
9.28004660929732	-0.014922058726761
9.28552934973549	-0.0135870375042471
9.29072138454131	-0.0123256592823859
9.29566654385328	-0.0111267848601543
9.30013037214792	-0.0100468266837405
9.30451126644416	-0.00898898314496423
9.3088819394859	-0.00793561004543313
9.3129788899483	-0.00695014402165075
9.31727119782732	-0.00591964832197388
9.32156350570689	-0.00489115262216644
9.32558297872964	-0.0039299683235929
9.32980165656008	-0.00292310348229804
9.33402033439	-0.00191823864112895
9.33798825933822	-0.000975042258163293
9.34213761983435	9.32001121706276e-06
9.34628698033049	0.00099168228059624
9.35022378557689	0.00192177326059295
9.35430777016859	0.00288465780392183
9.35839175476029	0.00384554234724939
9.36231234657634	0.00476602366051767
9.36633456885902	0.00570836501390296
9.37035679114216	0.00664870636739249
9.37427094095578	0.00756180870308394
9.37823472350523	0.00848446258729485
9.38219850605469	0.00940511647150435
9.38611137503166	0.0103119576833188
9.39008027549055	0.0112296837347274
9.39422202098399	0.0121851775488929
9.39851159218515	0.013172392941866
9.40293700585888	0.0141882143297987
9.40752988909761	0.015239691224657
9.41223361445252	0.0163135668525555
9.41709476023601	0.0174201137824718
9.42211806671317	0.0185601457073053
9.42716503355833	0.0197019410863927
9.43244062943683	0.0208915706579322
9.43783909565301	0.0221048018500804
9.44335998186432	0.0233411062918475
9.44903315713679	0.0246069075998394
9.45467916042748	0.0258618626615197
9.46058165312304	0.0271687507870098
9.46651800849206	0.0284778186474758
9.47264260700459	0.0298227447001579
9.47883410021822	0.0311764992777256
9.48517319492499	0.0325563058525946
9.49159431773172	0.0339475535482081
9.49814023294396	0.0353590508654954
9.50477118128377	0.0367819091379343
9.51151634616828	0.0382219156680977
9.51834059438059	0.0396712619711781
9.52527762435296	0.0411366257712329
9.53228042863131	0.0426077651954642
9.53940215773792	0.0440953750687976
9.54656964702384	0.0455838457854374
9.55386913396534	0.0470906372613883
9.56118779237627	0.0485921067739688
9.56865831315337	0.0501150656606365
9.57611473338494	0.0516252884296031
9.58374976806316	0.0531614534158685
9.59133059648818	0.0546762701103997
9.5991041610434	0.0562188214056197
9.60694404618382	0.0577632668352155
9.61484004879027	0.0593073288701777
9.62283094215806	0.0608580922655151
9.63083641270796	0.0623996572400613
9.6389726106215	0.0639539693337833
9.64707456078549	0.065489129754996
9.65533442130364	0.0670412462728425
9.66365022792315	0.0685904441475573
9.67201037864983	0.0701343042138242
9.68045945558614	0.0716805725175106
9.68890694334931	0.0732123698175682
9.69748354454119	0.0747530106615086
9.70609708672177	0.0762853038250739
9.71476686853857	0.0778124490150705
9.72350264359199	0.0793356505611367
9.73225325981919	0.0808457118388051
9.74110678129617	0.0823574086023891
9.74992684117352	0.083847102200004
9.75887443280481	0.0853417079962208
9.76787286459041	0.0868277214278717
9.77689708652302	0.0883007524774599
9.78600368682035	0.0897695969788469
9.7950947994622	0.091218151389065
9.80429738040487	0.0926663243984922
9.81353746810917	0.0941018409234922
9.82281502836218	0.0955244646916068
9.83215457092648	0.0969374934198936
9.84149961553315	0.0983321027579406
9.85093503677051	0.0997205876534326
9.86034179901842	0.101085079786474
9.86985714721324	0.1024452369977
9.87941156030251	0.10379046989419
9.88899789535971	0.105119539510274
9.89864066846377	0.106435416544551
9.90829480590931	0.107731676501084
9.91802283979899	0.109016352066472
9.92774340276233	0.110278374498621
9.93755368888589	0.111530065385259
9.94734116015059	0.112756690134639
9.95722902169681	0.113973454613929
9.96714327877433	0.115170642877759
9.97710607893482	0.11635072270866
9.98709656555829	0.117510783972128
9.99713558404935	0.118653037919048
10	0.118974608388242
10	0.118974608388242
