0	0	-9.81	0	0
0.001	-0.00981	-9.81	0	0
0.002	-0.01962	-9.81	0	0
0.003	-0.02943	-9.81	0	0
0.004	-0.03924	-9.81	0	0
0.005	-0.04905	-9.81	0	0
0.006	-0.05886	-9.81	0	0
0.007	-0.06867	-9.81	0	0
0.008	-0.07848	-9.81	0	0
0.009	-0.08829	-9.81	0	0
0.01	-0.0981	-9.81	0	0
0.011	-0.10791	-9.81	0	0
0.012	-0.11772	-9.81	0	0
0.013	-0.12753	-9.81	0	0
0.014	-0.13734	-9.81	0	0
0.015	-0.14715	-9.81	0	0
0.016	-0.15696	-9.81	0	0
0.017	-0.16677	-9.81	0	0
0.018	-0.17658	-9.81	0	0
0.019	-0.18639	-9.81	0	0
0.02	-0.1962	-9.81	0	0
0.021	-0.20601	-9.81	0	0
0.022	-0.21582	-9.81	0	0
0.023	-0.22563	-9.81	0	0
0.024	-0.23544	-9.81	0	0
0.025	-0.24525	-9.81	0	0
0.026	-0.25506	-9.81	0	0
0.027	-0.26487	-9.81	0	0
0.028	-0.27468	-9.81	0	0
0.029	-0.28449	-9.81	0	0
0.03	-0.2943	-9.81	0	0
0.031	-0.30411	-9.81	0	0
0.032	-0.31392	-9.81	0	0
0.033	-0.32373	-9.81	0	0
0.034	-0.33354	-9.81	0	0
0.035	-0.34335	-9.81	0	0
0.036	-0.35316	-9.81	0	0
0.037	-0.36297	-9.81	0	0
0.038	-0.37278	-9.81	0	0
0.039	-0.38259	-9.81	0	0
0.04	-0.3924	-9.81	0	0
0.041	-0.40221	-9.81	0	0
0.042	-0.41202	-9.81	0	0
0.043	-0.42183	-9.81	0	0
0.044	-0.43164	-9.81	0	0
0.045	-0.44145	-9.81	0	0
0.046	-0.45126	-9.81	0	0
0.047	-0.46107	-9.81	0	0
0.048	-0.47088	-9.81	0	0
0.049	-0.48069	-9.81	0	0
0.05	-0.4905	-9.81	0	0
0.051	-0.50031	-9.81	0	0
0.052	-0.51012	-9.81	0	0
0.053	-0.51993	-9.81	0	0
0.054	-0.52974	-9.81	0	0
0.055	-0.53955	-9.81	0	0
0.056	-0.54936	-9.81	0	0
0.057	-0.55917	-9.81	0	0
0.058	-0.56898	-9.81	0	0
0.059	-0.57879	-9.81	0	0
0.06	-0.5886	-9.81	0	0
0.061	-0.59841	-9.81	0	0
0.062	-0.60822	-9.81	0	0
0.063	-0.61803	-9.81	0	0
0.064	-0.62784	-9.81	0	0
0.065	-0.63765	-9.81	0	0
0.066	-0.64746	-9.81	0	0
0.067	-0.65727	-9.81	0	0
0.068	-0.66708	-9.81	0	0
0.069	-0.67689	-9.81	0	0
0.07	-0.6867	-9.81	0	0
0.071	-0.69651	-9.81	0	0
0.072	-0.70632	-9.81	0	0
0.073	-0.71613	-9.81	0	0
0.074	-0.72594	-9.81	0	0
0.075	-0.73575	-9.81	0	0
0.076	-0.74556	-9.81	0	0
0.077	-0.75537	-9.81	0	0
0.078	-0.76518	-9.81	0	0
0.079	-0.77499	-9.81	0	0
0.08	-0.7848	-9.81	0	0
0.081	-0.79461	-9.81	0	0
0.082	-0.80442	-9.81	0	0
0.083	-0.81423	-9.81	0	0
0.084	-0.82404	-9.81	0	0
0.085	-0.83385	-9.81	0	0
0.086	-0.84366	-9.81	0	0
0.087	-0.85347	-9.81	0	0
0.088	-0.86328	-9.81	0	0
0.089	-0.87309	-9.81	0	0
0.09	-0.8829	-9.81	0	0
0.091	-0.89271	-9.81	0	0
0.092	-0.90252	-9.81	0	0
0.093	-0.91233	-9.81	0	0
0.094	-0.92214	-9.81	0	0
0.095	-0.93195	-9.81	0	0
0.096	-0.94176	-9.81	0	0
0.097	-0.95157	-9.81	0	0
0.098	-0.96138	-9.81	0	0
0.099	-0.97119	-9.81	0	0
0.1	-0.981	-9.81	0	0
0.101	-0.99081	-9.81	0	0
0.102	-1.00062	-9.81	0	0
0.103	-1.01043	-9.81	0	0
0.104	-1.02024	-9.81	0	0
0.105	-1.03005	-9.81	0	0
0.106	-1.03986	-9.81	0	0
0.107	-1.04967	-9.81	0	0
0.108	-1.05948	-9.81	0	0
0.109	-1.06929	-9.81	0	0
0.11	-1.0791	-9.81	0	0
0.111	-1.08891	-9.81	0	0
0.112	-1.09872	-9.81	0	0
0.113	-1.10853	-9.81	0	0
0.114	-1.11834	-9.81	0	0
0.115	-1.12815	-9.81	0	0
0.116	-1.13796	-9.81	0	0
0.117	-1.14777	-9.81	0	0
0.118	-1.15758	-9.81	0	0
0.119	-1.16739	-9.81	0	0
0.12	-1.1772	-9.81	0	0
0.121	-1.18701	-9.81	0	0
0.122	-1.19682	-9.81	0	0
0.123	-1.20663	-9.81	0	0
0.124	-1.21644	-9.81	0	0
0.125	-1.22625	-9.81	0	0
0.126	-1.23606	-9.81	0	0
0.127	-1.24587	-9.81	0	0
0.128	-1.25568	-9.81	0	0
0.129	-1.26549	-9.81	0	0
0.13	-1.2753	-9.81	0	0
0.131	-1.28511	-9.81	0	0
0.132	-1.29492	-9.81	0	0
0.133	-1.30473	-9.81	0	0
0.134	-1.31454	-9.81	0	0
0.135	-1.32435	-9.81	0	0
0.136	-1.33416	-9.81	0	0
0.137	-1.34397	-9.81	0	0
0.138	-1.35378	-9.81	0	0
0.139	-1.36359	-9.81	0	0
0.14	-1.3734	-9.81	0	0
0.141	-1.38321	-9.81	0	0
0.142	-1.39302	-9.81	0	0
0.143	-1.40283	-9.81	0	0
0.144	-1.41264	-9.81	0	0
0.145	-1.42245	-9.81	0	0
0.146	-1.43226	-9.81	0	0
0.147	-1.44207	-9.81	0	0
0.148	-1.45188	-9.81	0	0
0.149	-1.46169	-9.81	0	0
0.15	-1.4715	-9.81	0	0
0.151	-1.48131	-9.81	0	0
0.152	-1.49112	-9.81	0	0
0.153	-1.50093	-9.81	0	0
0.154	-1.51074	-9.81	0	0
0.155	-1.52055	-9.81	0	0
0.156	-1.53036	-9.81	0	0
0.157	-1.54017	-9.81	0	0
0.158	-1.54998	-9.81	0	0
0.159	-1.55979	-9.81	0	0
0.16	-1.5696	-9.81	0	0
0.161	-1.57941	-9.81	0	0
0.162	-1.58922	-9.81	0	0
0.163	-1.59903	-9.81	0	0
0.164	-1.60884	-9.81	0	0
0.165	-1.61865	-9.81	0	0
0.166	-1.62846	-9.81	0	0
0.167	-1.63827	-9.81	0	0
0.168	-1.64808	-9.81	0	0
0.169	-1.65789	-9.81	0	0
0.17	-1.6677	-9.81	0	0
0.171	-1.67751	-9.81	0	0
0.172	-1.68732	-9.81	0	0
0.173	-1.69713	-9.81	0	0
0.174	-1.70694	-9.81	0	0
0.175	-1.71675	-9.81	0	0
0.176	-1.72656	-9.81	0	0
0.177	-1.73637	-9.81	0	0
0.178	-1.74618	-9.81	0	0
0.179	-1.75599	-9.81	0	0
0.18	-1.7658	-9.81	0	0
0.181	-1.77561	-9.81	0	0
0.182	-1.78542	-9.81	0	0
0.183	-1.79523	-9.81	0	0
0.184	-1.80504	-9.81	0	0
0.185	-1.81485	-9.81	0	0
0.186	-1.82466	-9.81	0	0
0.187	-1.83447	-9.81	0	0
0.188	-1.84428	-9.81	0	0
0.189	-1.85409	-9.81	0	0
0.19	-1.8639	-9.81	0	0
0.191	-1.87371	-9.81	0	0
0.192	-1.88352	-9.81	0	0
0.193	-1.89333	-9.81	0	0
0.194	-1.90314	-9.81	0	0
0.195	-1.91295	-9.81	0	0
0.196	-1.92276	-9.81	0	0
0.197	-1.93257	-9.81	0	0
0.198	-1.94238	-9.81	0	0
0.199	-1.95219	-9.81	0	0
0.2	-1.962	-9.81	0	0
0.201	-1.97181	-9.81	0	0
0.202	-1.98162	-9.81	0	0
0.203	-1.99143	-9.81	0	0
0.204	-2.00124	-9.81	0	0
0.205	-2.01105	-9.81	0	0
0.206	-2.02086	-9.81	0	0
0.207	-2.03067	-9.81	0	0
0.208	-2.04048	-9.81	0	0
0.209	-2.05029	-9.81	0	0
0.21	-2.0601	-9.81	0	0
0.211	-2.06991	-9.81	0	0
0.212	-2.07972	-9.81	0	0
0.213	-2.08953	-9.81	0	0
0.214	-2.09934	-9.81	0	0
0.215	-2.10915	-9.81	0	0
0.216	-2.11896	-9.81	0	0
0.217	-2.12877	-9.81	0	0
0.218	-2.13858	-9.81	0	0
0.219	-2.14839	-9.81	0	0
0.22	-2.1582	-9.81	0	0
0.221	-2.16801	-9.81	0	0
0.222	-2.17782	-9.81	0	0
0.223	-2.18763	-9.81	0	0
0.224	-2.19744	-9.81	0	0
0.225	-2.20725	-9.81	0	0
0.226	-2.21706	-9.81	0	0
0.227	-2.22687	-9.81	0	0
0.228	-2.23668	-9.81	0	0
0.229	-2.24649	-9.81	0	0
0.23	-2.2563	-9.81	0	0
0.231	-2.26611	-9.81	0	0
0.232	-2.27592	-9.81	0	0
0.233	-2.28573	-9.81	0	0
0.234	-2.29554	-9.81	0	0
0.235	-2.30535	-9.81	0	0
0.236	-2.31516	-9.81	0	0
0.237	-2.32497	-9.81	0	0
0.238	-2.33478	-9.81	0	0
0.239	-2.34459	-9.81	0	0
0.24	-2.3544	-9.81	0	0
0.241	-2.36421	-9.81	0	0
0.242	-2.37402	-9.81	0	0
0.243	-2.38383	-9.81	0	0
0.244	-2.39364	-9.81	0	0
0.245	-2.40345	-9.81	0	0
0.246	-2.41326	-9.81	0	0
0.247	-2.42307	-9.81	0	0
0.248	-2.43288	-9.81	0	0
0.249	-2.44269	-9.81	0	0
0.25	-2.4525	-9.81	0	0
0.251	-2.46231	-9.81	0	0
0.252	-2.47212	-9.81	0	0
0.253	-2.48193	-9.81	0	0
0.254	-2.49174	-9.81	0	0
0.255	-2.50155	-9.81	0	0
0.256	-2.51136	-9.81	0	0
0.257	-2.52117	-9.81	0	0
0.258	-2.53098	-9.81	0	0
0.259	-2.54079	-9.81	0	0
0.26	-2.5506	-9.81	0	0
0.261	-2.56041	-9.81	0	0
0.262	-2.57022	-9.81	0	0
0.263	-2.58003	-9.81	0	0
0.264	-2.58984	-9.81	0	0
0.265	-2.59965	-9.81	0	0
0.266	-2.60946	-9.81	0	0
0.267	-2.61927	-9.81	0	0
0.268	-2.62908	-9.81	0	0
0.269	-2.63889	-9.81	0	0
0.27	-2.6487	-9.81	0	0
0.271	-2.65851	-9.81	0	0
0.272	-2.66832	-9.81	0	0
0.273	-2.67813	-9.81	0	0
0.274	-2.68794	-9.81	0	0
0.275	-2.69775	-9.81	0	0
0.276	-2.70756	-9.81	0	0
0.277	-2.71737	-9.81	0	0
0.278	-2.72718	-9.81	0	0
0.279	-2.73699	-9.81	0	0
0.28	-2.7468	-9.81	0	0
0.281	-2.75661	-9.81	0	0
0.282	-2.76642	-9.81	0	0
0.283	-2.77623	-9.81	0	0
0.284	-2.78604	-9.81	0	0
0.285	-2.79585	-9.81	0	0
0.286	-2.80566	-9.81	0	0
0.287	-2.81547	-9.81	0	0
0.288	-2.82528	-9.81	0	0
0.289	-2.83509	-9.81	0	0
0.29	-2.8449	-9.81	0	0
0.291	-2.85471	-9.81	0	0
0.292	-2.86452	-9.81	0	0
0.293	-2.87433	-9.81	0	0
0.294	-2.88414	-9.81	0	0
0.295	-2.89395	-9.81	0	0
0.296	-2.90376	-9.81	0	0
0.297	-2.91357	-9.81	0	0
0.298	-2.92338	-9.81	0	0
0.299	-2.93319	-9.81	0	0
0.3	-2.943	-9.81	0	0
0.301	-2.95281	-9.81	0	0
0.302	-2.96262	-9.81	0	0
0.303	-2.97243	-9.81	0	0
0.304	-2.98224	-9.81	0	0
0.305	-2.99205	-9.81	0	0
0.306	-3.00186	-9.81	0	0
0.307	-3.01167	-9.81	0	0
0.308	-3.02148	-9.81	0	0
0.309	-3.03129	-9.81	0	0
0.31	-3.0411	-9.81	0	0
0.311	-3.05091	-9.81	0	0
0.312	-3.06072	-9.81	0	0
0.313	-3.07053	-9.81	0	0
0.314	-3.08034	-9.81	0	0
0.315	-3.09015	-9.81	0	0
0.316	-3.09996	-9.81	0	0
0.317	-3.10977	-9.81	0	0
0.318	-3.11958	-9.81	0	0
0.319	-3.12939	-9.81	0	0
0.32	-3.1392	-9.81	0	0
0.321	-3.14901	-9.81	0	0
0.322	-3.15882	-9.81	0	0
0.323	-3.16863	-9.81	0	0
0.324	-3.17844	-9.81	0	0
0.325	-3.18825	-9.81	0	0
0.326	-3.19806	-9.81	0	0
0.327	-3.20787	-9.81	0	0
0.328	-3.21768	-9.81	0	0
0.329	-3.22749	-9.81	0	0
0.33	-3.2373	-9.81	0	0
0.331	-3.24711	-9.81	0	0
0.332	-3.25692	-9.81	0	0
0.333	-3.26673	-9.81	0	0
0.334	-3.27654	-9.81	0	0
0.335	-3.28635	-9.81	0	0
0.336	-3.29616	-9.81	0	0
0.337	-3.30597	-9.81	0	0
0.338	-3.31578	-9.81	0	0
0.339	-3.32559	-9.81	0	0
0.34	-3.3354	-9.81	0	0
0.341	-3.34521	-9.81	0	0
0.342	-3.35502	-9.81	0	0
0.343	-3.36483	-9.81	0	0
0.344	-3.37464	-9.81	0	0
0.345	-3.38445	-9.81	0	0
0.346	-3.39426	-9.81	0	0
0.347	-3.40407	-9.81	0	0
0.348	-3.41388	-9.81	0	0
0.349	-3.42369	-9.81	0	0
0.35	-3.4335	-9.81	0	0
0.351	-3.44331	-9.81	0	0
0.352	-3.45312	-9.81	0	0
0.353	-3.46293	-9.81	0	0
0.354	-3.47274	-9.81	0	0
0.355	-3.48255	-9.81	0	0
0.356	-3.49236	-9.81	0	0
0.357	-3.50217	-9.81	0	0
0.358	-3.51198	-9.81	0	0
0.359	-3.52179	-9.81	0	0
0.36	-3.5316	-9.81	0	0
0.361	-3.54141	-9.81	0	0
0.362	-3.55122	-9.81	0	0
0.363	-3.56103	-9.81	0	0
0.364	-3.57084	-9.81	0	0
0.365	-3.58065	-9.81	0	0
0.366	-3.59046	-9.81	0	0
0.367	-3.60027	-9.81	0	0
0.368	-3.61008	-9.81	0	0
0.369	-3.61989	-9.81	0	0
0.37	-3.6297	-9.81	0	0
0.371	-3.63951	-9.81	0	0
0.372	-3.64932	-9.81	0	0
0.373	-3.65913	-9.81	0	0
0.374	-3.66894	-9.81	0	0
0.375	-3.67875	-9.81	0	0
0.376	-3.68856	-9.81	0	0
0.377	-3.69837	-9.81	0	0
0.378	-3.70818	-9.81	0	0
0.379	-3.71799	-9.81	0	0
0.38	-3.7278	-9.81	0	0
0.381	-3.73761	-9.81	0	0
0.382	-3.74742	-9.81	0	0
0.383	-3.75723	-9.81	0	0
0.384	-3.76704	-9.81	0	0
0.385	-3.77685	-9.81	0	0
0.386	-3.78666	-9.81	0	0
0.387	-3.79647	-9.81	0	0
0.388	-3.80628	-9.81	0	0
0.389	-3.81609	-9.81	0	0
0.39	-3.8259	-9.81	0	0
0.391	-3.83571	-9.81	0	0
0.392	-3.84552	-9.81	0	0
0.393	-3.85533	-9.81	0	0
0.394	-3.86514	-9.81	0	0
0.395	-3.87495	-9.81	0	0
0.396	-3.88476	-9.81	0	0
0.397	-3.89457	-9.81	0	0
0.398	-3.90438	-9.81	0	0
0.399	-3.91419	-9.81	0	0
0.4	-3.924	-9.81	0	0
0.401	-3.93381	-9.81	0	0
0.402	-3.94362	-9.81	0	0
0.403	-3.95343	-9.81	0	0
0.404	-3.96324	-9.81	0	0
0.405	-3.97305	-9.81	0	0
0.406	-3.98286	-9.81	0	0
0.407	-3.99267	-9.81	0	0
0.408	-4.00248	-9.81	0	0
0.409	-4.01229	-9.81	0	0
0.41	-4.0221	-9.81	0	0
0.411	-4.03191	-9.81	0	0
0.412	-4.04172	-9.81	0	0
0.413	-4.05153	-9.81	0	0
0.414	-4.06134	-9.81	0	0
0.415	-4.07115	-9.81	0	0
0.416	-4.08096	-9.81	0	0
0.417	-4.09077	-9.81	0	0
0.418	-4.10058	-9.81	0	0
0.419	-4.11039	-9.81	0	0
0.42	-4.1202	-9.81	0	0
0.421	-4.13001	-9.81	0	0
0.422	-4.13982	-9.81	0	0
0.423	-4.14963	-9.81	0	0
0.424	-4.15944	-9.81	0	0
0.425	-4.16925	-9.81	0	0
0.426	-4.17906	-9.81	0	0
0.427	-4.18887	-9.81	0	0
0.428	-4.19868	-9.81	0	0
0.429	-4.20849	-9.81	0	0
0.43	-4.2183	-9.81	0	0
0.431	-4.22811	-9.81	0	0
0.432	-4.23792	-9.81	0	0
0.433	-4.24773	-9.81	0	0
0.434	-4.25754	-9.81	0	0
0.435	-4.26735	-9.81	0	0
0.436	-4.27716	-9.81	0	0
0.437	-4.28697	-9.81	0	0
0.438	-4.29678	-9.81	0	0
0.439	-4.30659	-9.81	0	0
0.44	-4.3164	-9.81	0	0
0.441	-4.32621	-9.81	0	0
0.442	-4.33602	-9.81	0	0
0.443	-4.34583	-9.81	0	0
0.444	-4.35564	-9.81	0	0
0.445	-4.36545	-9.81	0	0
0.446	-4.37526	-9.81	0	0
0.447	-4.38507	-9.81	0	0
0.448	-4.39488	-9.81	0	0
0.449	-4.40469	-9.81	0	0
0.45	-4.4145	-9.81	0	0
0.451	-4.42431	-9.81	0	0
0.452	3.53951061803929	-9.81	0	0
0.453	3.52970061803929	-9.81	0	0
0.454	3.51989061803929	-9.81	0	0
0.455	3.51008061803929	-9.81	0	0
0.456	3.50027061803929	-9.81	0	0
0.457	3.49046061803929	-9.81	0	0
0.458	3.48065061803929	-9.81	0	0
0.459	3.47084061803929	-9.81	0	0
0.46	3.46103061803929	-9.81	0	0
0.461	3.45122061803929	-9.81	0	0
0.462	3.44141061803929	-9.81	0	0
0.463	3.43160061803929	-9.81	0	0
0.464	3.42179061803929	-9.81	0	0
0.465	3.41198061803929	-9.81	0	0
0.466	3.40217061803929	-9.81	0	0
0.467	3.39236061803929	-9.81	0	0
0.468	3.38255061803929	-9.81	0	0
0.469	3.37274061803929	-9.81	0	0
0.47	3.36293061803929	-9.81	0	0
0.471	3.35312061803929	-9.81	0	0
0.472	3.34331061803929	-9.81	0	0
0.473	3.33350061803929	-9.81	0	0
0.474	3.32369061803929	-9.81	0	0
0.475	3.31388061803929	-9.81	0	0
0.476	3.30407061803929	-9.81	0	0
0.477	3.29426061803929	-9.81	0	0
0.478	3.28445061803929	-9.81	0	0
0.479	3.27464061803929	-9.81	0	0
0.48	3.26483061803929	-9.81	0	0
0.481	3.25502061803929	-9.81	0	0
0.482	3.24521061803929	-9.81	0	0
0.483	3.23540061803929	-9.81	0	0
0.484	3.22559061803929	-9.81	0	0
0.485	3.21578061803929	-9.81	0	0
0.486	3.20597061803929	-9.81	0	0
0.487	3.19616061803929	-9.81	0	0
0.488	3.18635061803929	-9.81	0	0
0.489	3.17654061803929	-9.81	0	0
0.49	3.16673061803929	-9.81	0	0
0.491	3.15692061803929	-9.81	0	0
0.492	3.14711061803929	-9.81	0	0
0.493	3.13730061803929	-9.81	0	0
0.494	3.12749061803929	-9.81	0	0
0.495	3.11768061803929	-9.81	0	0
0.496	3.10787061803929	-9.81	0	0
0.497	3.09806061803929	-9.81	0	0
0.498	3.08825061803929	-9.81	0	0
0.499	3.07844061803929	-9.81	0	0
0.5	3.06863061803929	-9.81	0	0
0.501	3.05882061803929	-9.81	0	0
0.502	3.04901061803929	-9.81	0	0
0.503	3.03920061803929	-9.81	0	0
0.504	3.02939061803929	-9.81	0	0
0.505	3.01958061803929	-9.81	0	0
0.506	3.00977061803929	-9.81	0	0
0.507	2.99996061803929	-9.81	0	0
0.508	2.99015061803929	-9.81	0	0
0.509	2.98034061803929	-9.81	0	0
0.51	2.97053061803929	-9.81	0	0
0.511	2.96072061803929	-9.81	0	0
0.512	2.95091061803929	-9.81	0	0
0.513	2.94110061803929	-9.81	0	0
0.514	2.93129061803929	-9.81	0	0
0.515	2.92148061803929	-9.81	0	0
0.516	2.91167061803929	-9.81	0	0
0.517	2.90186061803929	-9.81	0	0
0.518	2.89205061803929	-9.81	0	0
0.519	2.88224061803929	-9.81	0	0
0.52	2.87243061803929	-9.81	0	0
0.521	2.86262061803929	-9.81	0	0
0.522	2.85281061803929	-9.81	0	0
0.523	2.84300061803929	-9.81	0	0
0.524	2.83319061803929	-9.81	0	0
0.525	2.82338061803929	-9.81	0	0
0.526	2.81357061803929	-9.81	0	0
0.527	2.80376061803929	-9.81	0	0
0.528	2.79395061803929	-9.81	0	0
0.529	2.78414061803929	-9.81	0	0
0.53	2.77433061803929	-9.81	0	0
0.531	2.76452061803929	-9.81	0	0
0.532	2.75471061803929	-9.81	0	0
0.533	2.74490061803929	-9.81	0	0
0.534	2.73509061803929	-9.81	0	0
0.535	2.72528061803929	-9.81	0	0
0.536	2.71547061803929	-9.81	0	0
0.537	2.70566061803929	-9.81	0	0
0.538	2.69585061803929	-9.81	0	0
0.539	2.68604061803929	-9.81	0	0
0.54	2.67623061803929	-9.81	0	0
0.541	2.66642061803929	-9.81	0	0
0.542	2.65661061803929	-9.81	0	0
0.543	2.64680061803929	-9.81	0	0
0.544	2.63699061803929	-9.81	0	0
0.545	2.62718061803929	-9.81	0	0
0.546	2.61737061803929	-9.81	0	0
0.547	2.60756061803929	-9.81	0	0
0.548	2.59775061803929	-9.81	0	0
0.549	2.58794061803929	-9.81	0	0
0.55	2.57813061803929	-9.81	0	0
0.551	2.56832061803929	-9.81	0	0
0.552	2.55851061803929	-9.81	0	0
0.553	2.54870061803929	-9.81	0	0
0.554	2.53889061803929	-9.81	0	0
0.555	2.52908061803929	-9.81	0	0
0.556	2.51927061803929	-9.81	0	0
0.557	2.50946061803929	-9.81	0	0
0.558	2.49965061803929	-9.81	0	0
0.559	2.48984061803929	-9.81	0	0
0.56	2.48003061803929	-9.81	0	0
0.561	2.47022061803929	-9.81	0	0
0.562	2.46041061803929	-9.81	0	0
0.563	2.45060061803929	-9.81	0	0
0.564	2.44079061803929	-9.81	0	0
0.565	2.43098061803929	-9.81	0	0
0.566	2.42117061803929	-9.81	0	0
0.567	2.41136061803929	-9.81	0	0
0.568	2.40155061803929	-9.81	0	0
0.569	2.39174061803929	-9.81	0	0
0.57	2.38193061803929	-9.81	0	0
0.571	2.37212061803929	-9.81	0	0
0.572	2.36231061803929	-9.81	0	0
0.573	2.35250061803929	-9.81	0	0
0.574	2.34269061803929	-9.81	0	0
0.575	2.33288061803929	-9.81	0	0
0.576	2.32307061803929	-9.81	0	0
0.577	2.31326061803929	-9.81	0	0
0.578	2.30345061803929	-9.81	0	0
0.579	2.29364061803929	-9.81	0	0
0.58	2.28383061803929	-9.81	0	0
0.581	2.27402061803929	-9.81	0	0
0.582	2.26421061803929	-9.81	0	0
0.583	2.25440061803929	-9.81	0	0
0.584	2.24459061803929	-9.81	0	0
0.585	2.23478061803929	-9.81	0	0
0.586	2.22497061803929	-9.81	0	0
0.587	2.21516061803929	-9.81	0	0
0.588	2.20535061803929	-9.81	0	0
0.589	2.19554061803929	-9.81	0	0
0.59	2.18573061803929	-9.81	0	0
0.591	2.17592061803929	-9.81	0	0
0.592	2.16611061803929	-9.81	0	0
0.593	2.15630061803929	-9.81	0	0
0.594	2.14649061803929	-9.81	0	0
0.595	2.13668061803929	-9.81	0	0
0.596	2.12687061803929	-9.81	0	0
0.597	2.11706061803929	-9.81	0	0
0.598	2.10725061803929	-9.81	0	0
0.599	2.09744061803929	-9.81	0	0
0.6	2.08763061803929	-9.81	0	0
0.601	2.07782061803929	-9.81	0	0
0.602	2.06801061803929	-9.81	0	0
0.603	2.05820061803929	-9.81	0	0
0.604	2.04839061803929	-9.81	0	0
0.605	2.03858061803929	-9.81	0	0
0.606	2.02877061803929	-9.81	0	0
0.607	2.01896061803929	-9.81	0	0
0.608	2.00915061803929	-9.81	0	0
0.609	1.99934061803929	-9.81	0	0
0.61	1.98953061803929	-9.81	0	0
0.611	1.97972061803929	-9.81	0	0
0.612	1.96991061803929	-9.81	0	0
0.613	1.96010061803929	-9.81	0	0
0.614	1.95029061803929	-9.81	0	0
0.615	1.94048061803929	-9.81	0	0
0.616	1.93067061803929	-9.81	0	0
0.617	1.92086061803929	-9.81	0	0
0.618	1.91105061803929	-9.81	0	0
0.619	1.90124061803929	-9.81	0	0
0.62	1.89143061803929	-9.81	0	0
0.621	1.88162061803929	-9.81	0	0
0.622	1.87181061803929	-9.81	0	0
0.623	1.86200061803929	-9.81	0	0
0.624	1.85219061803929	-9.81	0	0
0.625	1.84238061803929	-9.81	0	0
0.626	1.83257061803929	-9.81	0	0
0.627	1.82276061803929	-9.81	0	0
0.628	1.81295061803929	-9.81	0	0
0.629	1.80314061803929	-9.81	0	0
0.63	1.79333061803929	-9.81	0	0
0.631	1.78352061803929	-9.81	0	0
0.632	1.77371061803929	-9.81	0	0
0.633	1.76390061803929	-9.81	0	0
0.634	1.75409061803929	-9.81	0	0
0.635	1.74428061803929	-9.81	0	0
0.636	1.73447061803929	-9.81	0	0
0.637	1.72466061803929	-9.81	0	0
0.638	1.71485061803929	-9.81	0	0
0.639	1.70504061803929	-9.81	0	0
0.64	1.69523061803929	-9.81	0	0
0.641	1.68542061803929	-9.81	0	0
0.642	1.67561061803929	-9.81	0	0
0.643	1.66580061803929	-9.81	0	0
0.644	1.65599061803929	-9.81	0	0
0.645	1.64618061803929	-9.81	0	0
0.646	1.63637061803929	-9.81	0	0
0.647	1.62656061803929	-9.81	0	0
0.648	1.61675061803929	-9.81	0	0
0.649	1.60694061803929	-9.81	0	0
0.65	1.59713061803929	-9.81	0	0
0.651	1.58732061803929	-9.81	0	0
0.652	1.57751061803929	-9.81	0	0
0.653	1.56770061803929	-9.81	0	0
0.654	1.55789061803929	-9.81	0	0
0.655	1.54808061803929	-9.81	0	0
0.656	1.53827061803929	-9.81	0	0
0.657	1.52846061803929	-9.81	0	0
0.658	1.51865061803929	-9.81	0	0
0.659	1.50884061803929	-9.81	0	0
0.66	1.49903061803929	-9.81	0	0
0.661	1.48922061803929	-9.81	0	0
0.662	1.47941061803929	-9.81	0	0
0.663	1.46960061803929	-9.81	0	0
0.664	1.45979061803929	-9.81	0	0
0.665	1.44998061803929	-9.81	0	0
0.666	1.44017061803929	-9.81	0	0
0.667	1.43036061803929	-9.81	0	0
0.668	1.42055061803929	-9.81	0	0
0.669	1.41074061803929	-9.81	0	0
0.67	1.40093061803929	-9.81	0	0
0.671	1.39112061803929	-9.81	0	0
0.672	1.38131061803929	-9.81	0	0
0.673	1.37150061803929	-9.81	0	0
0.674	1.36169061803929	-9.81	0	0
0.675	1.35188061803929	-9.81	0	0
0.676	1.34207061803929	-9.81	0	0
0.677	1.33226061803929	-9.81	0	0
0.678	1.32245061803929	-9.81	0	0
0.679	1.31264061803929	-9.81	0	0
0.68	1.30283061803929	-9.81	0	0
0.681	1.29302061803929	-9.81	0	0
0.682	1.28321061803929	-9.81	0	0
0.683	1.27340061803929	-9.81	0	0
0.684	1.26359061803929	-9.81	0	0
0.685	1.25378061803929	-9.81	0	0
0.686	1.24397061803929	-9.81	0	0
0.687	1.23416061803929	-9.81	0	0
0.688	1.22435061803929	-9.81	0	0
0.689	1.21454061803929	-9.81	0	0
0.69	1.20473061803929	-9.81	0	0
0.691	1.19492061803929	-9.81	0	0
0.692	1.18511061803929	-9.81	0	0
0.693	1.17530061803929	-9.81	0	0
0.694	1.16549061803929	-9.81	0	0
0.695	1.15568061803929	-9.81	0	0
0.696	1.14587061803929	-9.81	0	0
0.697	1.13606061803929	-9.81	0	0
0.698	1.12625061803929	-9.81	0	0
0.699	1.11644061803929	-9.81	0	0
0.7	1.10663061803929	-9.81	0	0
0.701	1.09682061803929	-9.81	0	0
0.702	1.08701061803929	-9.81	0	0
0.703	1.07720061803929	-9.81	0	0
0.704	1.06739061803929	-9.81	0	0
0.705	1.05758061803929	-9.81	0	0
0.706	1.04777061803929	-9.81	0	0
0.707	1.03796061803929	-9.81	0	0
0.708	1.02815061803929	-9.81	0	0
0.709	1.01834061803929	-9.81	0	0
0.71	1.00853061803929	-9.81	0	0
0.711	0.998720618039291	-9.81	0	0
0.712	0.988910618039291	-9.81	0	0
0.713	0.979100618039291	-9.81	0	0
0.714	0.969290618039291	-9.81	0	0
0.715	0.959480618039291	-9.81	0	0
0.716	0.949670618039291	-9.81	0	0
0.717	0.939860618039291	-9.81	0	0
0.718	0.930050618039291	-9.81	0	0
0.719	0.920240618039291	-9.81	0	0
0.72	0.910430618039291	-9.81	0	0
0.721	0.900620618039291	-9.81	0	0
0.722	0.890810618039291	-9.81	0	0
0.723	0.881000618039291	-9.81	0	0
0.724	0.871190618039291	-9.81	0	0
0.725	0.861380618039291	-9.81	0	0
0.726	0.851570618039291	-9.81	0	0
0.727	0.841760618039291	-9.81	0	0
0.728	0.831950618039291	-9.81	0	0
0.729	0.822140618039291	-9.81	0	0
0.73	0.812330618039291	-9.81	0	0
0.731	0.802520618039291	-9.81	0	0
0.732	0.792710618039291	-9.81	0	0
0.733	0.782900618039291	-9.81	0	0
0.734	0.773090618039291	-9.81	0	0
0.735	0.763280618039291	-9.81	0	0
0.736	0.753470618039291	-9.81	0	0
0.737	0.743660618039291	-9.81	0	0
0.738	0.733850618039291	-9.81	0	0
0.739	0.724040618039291	-9.81	0	0
0.74	0.714230618039291	-9.81	0	0
0.741	0.704420618039291	-9.81	0	0
0.742	0.694610618039291	-9.81	0	0
0.743	0.684800618039291	-9.81	0	0
0.744	0.674990618039291	-9.81	0	0
0.745	0.665180618039291	-9.81	0	0
0.746	0.655370618039291	-9.81	0	0
0.747	0.645560618039291	-9.81	0	0
0.748	0.635750618039291	-9.81	0	0
0.749	0.625940618039291	-9.81	0	0
0.75	0.616130618039291	-9.81	0	0
0.751	0.60632061803929	-9.81	0	0
0.752	0.596510618039291	-9.81	0	0
0.753	0.586700618039291	-9.81	0	0
0.754	0.576890618039291	-9.81	0	0
0.755	0.567080618039291	-9.81	0	0
0.756	0.55727061803929	-9.81	0	0
0.757	0.54746061803929	-9.81	0	0
0.758	0.53765061803929	-9.81	0	0
0.759	0.52784061803929	-9.81	0	0
0.76	0.51803061803929	-9.81	0	0
0.761	0.50822061803929	-9.81	0	0
0.762	0.49841061803929	-9.81	0	0
0.763	0.48860061803929	-9.81	0	0
0.764	0.47879061803929	-9.81	0	0
0.765	0.46898061803929	-9.81	0	0
0.766	0.45917061803929	-9.81	0	0
0.767	0.44936061803929	-9.81	0	0
0.768	0.43955061803929	-9.81	0	0
0.769	0.42974061803929	-9.81	0	0
0.77	0.41993061803929	-9.81	0	0
0.771	0.41012061803929	-9.81	0	0
0.772	0.40031061803929	-9.81	0	0
0.773	0.39050061803929	-9.81	0	0
0.774	0.38069061803929	-9.81	0	0
0.775	0.37088061803929	-9.81	0	0
0.776	0.36107061803929	-9.81	0	0
0.777	0.35126061803929	-9.81	0	0
0.778	0.34145061803929	-9.81	0	0
0.779	0.33164061803929	-9.81	0	0
0.78	0.32183061803929	-9.81	0	0
0.781	0.31202061803929	-9.81	0	0
0.782	0.30221061803929	-9.81	0	0
0.783	0.29240061803929	-9.81	0	0
0.784	0.28259061803929	-9.81	0	0
0.785	0.27278061803929	-9.81	0	0
0.786	0.26297061803929	-9.81	0	0
0.787	0.25316061803929	-9.81	0	0
0.788	0.24335061803929	-9.81	0	0
0.789	0.23354061803929	-9.81	0	0
0.79	0.22373061803929	-9.81	0	0
0.791	0.21392061803929	-9.81	0	0
0.792	0.20411061803929	-9.81	0	0
0.793	0.19430061803929	-9.81	0	0
0.794	0.18449061803929	-9.81	0	0
0.795	0.17468061803929	-9.81	0	0
0.796	0.16487061803929	-9.81	0	0
0.797	0.15506061803929	-9.81	0	0
0.798	0.14525061803929	-9.81	0	0
0.799	0.13544061803929	-9.81	0	0
0.8	0.12563061803929	-9.81	0	0
0.801	0.11582061803929	-9.81	0	0
0.802	0.10601061803929	-9.81	0	0
0.803	0.0962006180392901	-9.81	0	0
0.804	0.08639061803929	-9.81	0	0
0.805	0.07658061803929	-9.81	0	0
0.806	0.06677061803929	-9.81	0	0
0.807	0.05696061803929	-9.81	0	0
0.808	0.04715061803929	-9.81	0	0
0.809	0.03734061803929	-9.81	0	0
0.81	0.02753061803929	-9.81	0	0
0.811	0.01772061803929	-9.81	0	0
0.812	0.00791061803928997	-9.81	0	0
0.813	-0.00189938196071004	-9.81	0	0
0.814	-0.01170938196071	-9.81	0	0
0.815	-0.0215193819607101	-9.81	0	0
0.816	-0.0313293819607101	-9.81	0	0
0.817	-0.0411393819607101	-9.81	0	0
0.818	-0.0509493819607101	-9.81	0	0
0.819	-0.0607593819607101	-9.81	0	0
0.82	-0.0705693819607101	-9.81	0	0
0.821	-0.0803793819607101	-9.81	0	0
0.822	-0.0901893819607101	-9.81	0	0
0.823	-0.0999993819607101	-9.81	0	0
0.824	-0.10980938196071	-9.81	0	0
0.825	-0.11961938196071	-9.81	0	0
0.826	-0.12942938196071	-9.81	0	0
0.827	-0.13923938196071	-9.81	0	0
0.828	-0.14904938196071	-9.81	0	0
0.829	-0.15885938196071	-9.81	0	0
0.83	-0.16866938196071	-9.81	0	0
0.831	-0.17847938196071	-9.81	0	0
0.832	-0.18828938196071	-9.81	0	0
0.833	-0.198099381960709	-9.81	0	0
0.834	-0.207909381960709	-9.81	0	0
0.835	-0.217719381960709	-9.81	0	0
0.836	-0.227529381960709	-9.81	0	0
0.837	-0.237339381960709	-9.81	0	0
0.838	-0.247149381960709	-9.81	0	0
0.839	-0.256959381960709	-9.81	0	0
0.84	-0.266769381960709	-9.81	0	0
0.841	-0.276579381960709	-9.81	0	0
0.842	-0.286389381960709	-9.81	0	0
0.843	-0.296199381960709	-9.81	0	0
0.844	-0.306009381960709	-9.81	0	0
0.845	-0.315819381960709	-9.81	0	0
0.846	-0.325629381960709	-9.81	0	0
0.847	-0.335439381960709	-9.81	0	0
0.848	-0.345249381960709	-9.81	0	0
0.849	-0.355059381960709	-9.81	0	0
0.85	-0.364869381960709	-9.81	0	0
0.851	-0.374679381960709	-9.81	0	0
0.852	-0.384489381960709	-9.81	0	0
0.853	-0.394299381960709	-9.81	0	0
0.854	-0.404109381960709	-9.81	0	0
0.855	-0.413919381960709	-9.81	0	0
0.856	-0.423729381960709	-9.81	0	0
0.857	-0.433539381960709	-9.81	0	0
0.858	-0.443349381960709	-9.81	0	0
0.859	-0.453159381960709	-9.81	0	0
0.86	-0.462969381960709	-9.81	0	0
0.861	-0.472779381960709	-9.81	0	0
0.862	-0.482589381960709	-9.81	0	0
0.863	-0.492399381960709	-9.81	0	0
0.864	-0.502209381960709	-9.81	0	0
0.865	-0.512019381960709	-9.81	0	0
0.866	-0.521829381960709	-9.81	0	0
0.867	-0.531639381960709	-9.81	0	0
0.868	-0.541449381960709	-9.81	0	0
0.869	-0.551259381960709	-9.81	0	0
0.87	-0.561069381960709	-9.81	0	0
0.871	-0.57087938196071	-9.81	0	0
0.872	-0.58068938196071	-9.81	0	0
0.873	-0.59049938196071	-9.81	0	0
0.874	-0.600309381960709	-9.81	0	0
0.875	-0.610119381960709	-9.81	0	0
0.876	-0.61992938196071	-9.81	0	0
0.877	-0.62973938196071	-9.81	0	0
0.878	-0.63954938196071	-9.81	0	0
0.879	-0.64935938196071	-9.81	0	0
0.88	-0.65916938196071	-9.81	0	0
0.881	-0.66897938196071	-9.81	0	0
0.882	-0.67878938196071	-9.81	0	0
0.883	-0.68859938196071	-9.81	0	0
0.884	-0.69840938196071	-9.81	0	0
0.885	-0.70821938196071	-9.81	0	0
0.886	-0.71802938196071	-9.81	0	0
0.887	-0.72783938196071	-9.81	0	0
0.888	-0.73764938196071	-9.81	0	0
0.889	-0.74745938196071	-9.81	0	0
0.89	-0.75726938196071	-9.81	0	0
0.891	-0.76707938196071	-9.81	0	0
0.892	-0.77688938196071	-9.81	0	0
0.893	-0.78669938196071	-9.81	0	0
0.894	-0.79650938196071	-9.81	0	0
0.895	-0.80631938196071	-9.81	0	0
0.896	-0.81612938196071	-9.81	0	0
0.897	-0.82593938196071	-9.81	0	0
0.898	-0.83574938196071	-9.81	0	0
0.899	-0.84555938196071	-9.81	0	0
0.9	-0.85536938196071	-9.81	0	0
0.901	-0.86517938196071	-9.81	0	0
0.902	-0.87498938196071	-9.81	0	0
0.903	-0.88479938196071	-9.81	0	0
0.904	-0.89460938196071	-9.81	0	0
0.905	-0.90441938196071	-9.81	0	0
0.906	-0.91422938196071	-9.81	0	0
0.907	-0.92403938196071	-9.81	0	0
0.908	-0.93384938196071	-9.81	0	0
0.909	-0.94365938196071	-9.81	0	0
0.91	-0.95346938196071	-9.81	0	0
0.911	-0.96327938196071	-9.81	0	0
0.912	-0.97308938196071	-9.81	0	0
0.913	-0.98289938196071	-9.81	0	0
0.914	-0.99270938196071	-9.81	0	0
0.915	-1.00251938196071	-9.81	0	0
0.916	-1.01232938196071	-9.81	0	0
0.917	-1.02213938196071	-9.81	0	0
0.918	-1.03194938196071	-9.81	0	0
0.919	-1.04175938196071	-9.81	0	0
0.92	-1.05156938196071	-9.81	0	0
0.921	-1.06137938196071	-9.81	0	0
0.922	-1.07118938196071	-9.81	0	0
0.923	-1.08099938196071	-9.81	0	0
0.924	-1.09080938196071	-9.81	0	0
0.925	-1.10061938196071	-9.81	0	0
0.926	-1.11042938196071	-9.81	0	0
0.927	-1.12023938196071	-9.81	0	0
0.928	-1.13004938196071	-9.81	0	0
0.929	-1.13985938196071	-9.81	0	0
0.93	-1.14966938196071	-9.81	0	0
0.931	-1.15947938196071	-9.81	0	0
0.932	-1.16928938196071	-9.81	0	0
0.933	-1.17909938196071	-9.81	0	0
0.934	-1.18890938196071	-9.81	0	0
0.935	-1.19871938196071	-9.81	0	0
0.936	-1.20852938196071	-9.81	0	0
0.937	-1.21833938196071	-9.81	0	0
0.938	-1.22814938196071	-9.81	0	0
0.939	-1.23795938196071	-9.81	0	0
0.94	-1.24776938196071	-9.81	0	0
0.941	-1.25757938196071	-9.81	0	0
0.942	-1.26738938196071	-9.81	0	0
0.943	-1.27719938196071	-9.81	0	0
0.944	-1.28700938196071	-9.81	0	0
0.945	-1.29681938196071	-9.81	0	0
0.946	-1.30662938196071	-9.81	0	0
0.947	-1.31643938196071	-9.81	0	0
0.948	-1.32624938196071	-9.81	0	0
0.949	-1.33605938196071	-9.81	0	0
0.95	-1.34586938196071	-9.81	0	0
0.951	-1.35567938196071	-9.81	0	0
0.952	-1.36548938196071	-9.81	0	0
0.953	-1.37529938196071	-9.81	0	0
0.954	-1.38510938196071	-9.81	0	0
0.955	-1.39491938196071	-9.81	0	0
0.956	-1.40472938196071	-9.81	0	0
0.957	-1.41453938196071	-9.81	0	0
0.958	-1.42434938196071	-9.81	0	0
0.959	-1.43415938196071	-9.81	0	0
0.96	-1.44396938196071	-9.81	0	0
0.961	-1.45377938196071	-9.81	0	0
0.962	-1.46358938196071	-9.81	0	0
0.963	-1.47339938196071	-9.81	0	0
0.964	-1.48320938196071	-9.81	0	0
0.965	-1.49301938196071	-9.81	0	0
0.966	-1.50282938196071	-9.81	0	0
0.967	-1.51263938196071	-9.81	0	0
0.968	-1.52244938196071	-9.81	0	0
0.969	-1.53225938196071	-9.81	0	0
0.97	-1.54206938196071	-9.81	0	0
0.971	-1.55187938196071	-9.81	0	0
0.972	-1.56168938196071	-9.81	0	0
0.973	-1.57149938196071	-9.81	0	0
0.974	-1.58130938196071	-9.81	0	0
0.975	-1.59111938196071	-9.81	0	0
0.976	-1.60092938196071	-9.81	0	0
0.977	-1.61073938196071	-9.81	0	0
0.978	-1.62054938196071	-9.81	0	0
0.979	-1.63035938196071	-9.81	0	0
0.98	-1.64016938196071	-9.81	0	0
0.981	-1.64997938196071	-9.81	0	0
0.982	-1.65978938196071	-9.81	0	0
0.983	-1.66959938196071	-9.81	0	0
0.984	-1.67940938196071	-9.81	0	0
0.985	-1.68921938196071	-9.81	0	0
0.986	-1.69902938196071	-9.81	0	0
0.987	-1.70883938196071	-9.81	0	0
0.988	-1.71864938196071	-9.81	0	0
0.989	-1.72845938196071	-9.81	0	0
0.99	-1.73826938196071	-9.81	0	0
0.991	-1.74807938196071	-9.81	0	0
0.992	-1.75788938196071	-9.81	0	0
0.993	-1.76769938196071	-9.81	0	0
0.994	-1.77750938196071	-9.81	0	0
0.995	-1.78731938196071	-9.81	0	0
0.996	-1.79712938196071	-9.81	0	0
0.997	-1.80693938196071	-9.81	0	0
0.998	-1.81674938196071	-9.81	0	0
0.999	-1.82655938196071	-9.81	0	0
1	-1.83636938196071	-9.81	0	0
1.001	-1.84617938196071	-9.81	0	0
1.002	-1.85598938196071	-9.81	0	0
1.003	-1.86579938196071	-9.81	0	0
1.004	-1.87560938196071	-9.81	0	0
1.005	-1.88541938196071	-9.81	0	0
1.006	-1.89522938196071	-9.81	0	0
1.007	-1.90503938196071	-9.81	0	0
1.008	-1.91484938196071	-9.81	0	0
1.009	-1.92465938196071	-9.81	0	0
1.01	-1.93446938196071	-9.81	0	0
1.011	-1.94427938196071	-9.81	0	0
1.012	-1.95408938196071	-9.81	0	0
1.013	-1.96389938196071	-9.81	0	0
1.014	-1.97370938196071	-9.81	0	0
1.015	-1.98351938196071	-9.81	0	0
1.016	-1.99332938196071	-9.81	0	0
1.017	-2.00313938196071	-9.81	0	0
1.018	-2.01294938196071	-9.81	0	0
1.019	-2.02275938196071	-9.81	0	0
1.02	-2.03256938196071	-9.81	0	0
1.021	-2.04237938196071	-9.81	0	0
1.022	-2.05218938196071	-9.81	0	0
1.023	-2.06199938196071	-9.81	0	0
1.024	-2.07180938196071	-9.81	0	0
1.025	-2.08161938196071	-9.81	0	0
1.026	-2.09142938196071	-9.81	0	0
1.027	-2.10123938196071	-9.81	0	0
1.028	-2.11104938196071	-9.81	0	0
1.029	-2.12085938196071	-9.81	0	0
1.03	-2.13066938196071	-9.81	0	0
1.031	-2.14047938196071	-9.81	0	0
1.032	-2.15028938196071	-9.81	0	0
1.033	-2.16009938196071	-9.81	0	0
1.034	-2.16990938196071	-9.81	0	0
1.035	-2.17971938196071	-9.81	0	0
1.036	-2.18952938196071	-9.81	0	0
1.037	-2.19933938196071	-9.81	0	0
1.038	-2.20914938196071	-9.81	0	0
1.039	-2.21895938196071	-9.81	0	0
1.04	-2.22876938196071	-9.81	0	0
1.041	-2.23857938196071	-9.81	0	0
1.042	-2.24838938196071	-9.81	0	0
1.043	-2.25819938196071	-9.81	0	0
1.044	-2.26800938196071	-9.81	0	0
1.045	-2.27781938196071	-9.81	0	0
1.046	-2.28762938196071	-9.81	0	0
1.047	-2.29743938196071	-9.81	0	0
1.048	-2.30724938196071	-9.81	0	0
1.049	-2.31705938196071	-9.81	0	0
1.05	-2.32686938196071	-9.81	0	0
1.051	-2.33667938196071	-9.81	0	0
1.052	-2.34648938196071	-9.81	0	0
1.053	-2.35629938196071	-9.81	0	0
1.054	-2.36610938196071	-9.81	0	0
1.055	-2.37591938196071	-9.81	0	0
1.056	-2.38572938196071	-9.81	0	0
1.057	-2.39553938196071	-9.81	0	0
1.058	-2.40534938196071	-9.81	0	0
1.059	-2.41515938196071	-9.81	0	0
1.06	-2.42496938196071	-9.81	0	0
1.061	-2.43477938196071	-9.81	0	0
1.062	-2.44458938196071	-9.81	0	0
1.063	-2.45439938196071	-9.81	0	0
1.064	-2.46420938196071	-9.81	0	0
1.065	-2.47401938196071	-9.81	0	0
1.066	-2.48382938196071	-9.81	0	0
1.067	-2.49363938196071	-9.81	0	0
1.068	-2.50344938196071	-9.81	0	0
1.069	-2.51325938196071	-9.81	0	0
1.07	-2.52306938196071	-9.81	0	0
1.071	-2.53287938196071	-9.81	0	0
1.072	-2.54268938196071	-9.81	0	0
1.073	-2.55249938196071	-9.81	0	0
1.074	-2.56230938196071	-9.81	0	0
1.075	-2.57211938196071	-9.81	0	0
1.076	-2.58192938196071	-9.81	0	0
1.077	-2.59173938196071	-9.81	0	0
1.078	-2.60154938196071	-9.81	0	0
1.079	-2.61135938196071	-9.81	0	0
1.08	-2.62116938196071	-9.81	0	0
1.081	-2.63097938196071	-9.81	0	0
1.082	-2.64078938196071	-9.81	0	0
1.083	-2.65059938196071	-9.81	0	0
1.084	-2.66040938196071	-9.81	0	0
1.085	-2.67021938196071	-9.81	0	0
1.086	-2.68002938196071	-9.81	0	0
1.087	-2.68983938196071	-9.81	0	0
1.088	-2.69964938196071	-9.81	0	0
1.089	-2.70945938196071	-9.81	0	0
1.09	-2.71926938196071	-9.81	0	0
1.091	-2.72907938196071	-9.81	0	0
1.092	-2.73888938196071	-9.81	0	0
1.093	-2.74869938196071	-9.81	0	0
1.094	-2.75850938196071	-9.81	0	0
1.095	-2.76831938196071	-9.81	0	0
1.096	-2.77812938196071	-9.81	0	0
1.097	-2.78793938196071	-9.81	0	0
1.098	-2.79774938196071	-9.81	0	0
1.099	-2.80755938196071	-9.81	0	0
1.1	-2.81736938196071	-9.81	0	0
1.101	-2.82717938196071	-9.81	0	0
1.102	-2.83698938196071	-9.81	0	0
1.103	-2.84679938196071	-9.81	0	0
1.104	-2.85660938196071	-9.81	0	0
1.105	-2.86641938196071	-9.81	0	0
1.106	-2.87622938196071	-9.81	0	0
1.107	-2.88603938196071	-9.81	0	0
1.108	-2.89584938196071	-9.81	0	0
1.109	-2.90565938196071	-9.81	0	0
1.11	-2.91546938196071	-9.81	0	0
1.111	-2.92527938196071	-9.81	0	0
1.112	-2.93508938196071	-9.81	0	0
1.113	-2.94489938196071	-9.81	0	0
1.114	-2.95470938196071	-9.81	0	0
1.115	-2.96451938196071	-9.81	0	0
1.116	-2.97432938196071	-9.81	0	0
1.117	-2.98413938196071	-9.81	0	0
1.118	-2.99394938196071	-9.81	0	0
1.119	-3.00375938196071	-9.81	0	0
1.12	-3.01356938196071	-9.81	0	0
1.121	-3.02337938196071	-9.81	0	0
1.122	-3.03318938196071	-9.81	0	0
1.123	-3.04299938196071	-9.81	0	0
1.124	-3.05280938196071	-9.81	0	0
1.125	-3.06261938196071	-9.81	0	0
1.126	-3.07242938196071	-9.81	0	0
1.127	-3.08223938196071	-9.81	0	0
1.128	-3.09204938196071	-9.81	0	0
1.129	-3.10185938196071	-9.81	0	0
1.13	-3.11166938196071	-9.81	0	0
1.131	-3.12147938196071	-9.81	0	0
1.132	-3.13128938196071	-9.81	0	0
1.133	-3.14109938196071	-9.81	0	0
1.134	-3.15090938196071	-9.81	0	0
1.135	-3.16071938196071	-9.81	0	0
1.136	-3.17052938196071	-9.81	0	0
1.137	-3.18033938196071	-9.81	0	0
1.138	-3.19014938196071	-9.81	0	0
1.139	-3.19995938196071	-9.81	0	0
1.14	-3.20976938196071	-9.81	0	0
1.141	-3.21957938196071	-9.81	0	0
1.142	-3.22938938196071	-9.81	0	0
1.143	-3.23919938196071	-9.81	0	0
1.144	-3.24900938196071	-9.81	0	0
1.145	-3.25881938196071	-9.81	0	0
1.146	-3.26862938196071	-9.81	0	0
1.147	-3.27843938196071	-9.81	0	0
1.148	-3.28824938196071	-9.81	0	0
1.149	-3.29805938196071	-9.81	0	0
1.15	-3.30786938196071	-9.81	0	0
1.151	-3.31767938196071	-9.81	0	0
1.152	-3.32748938196071	-9.81	0	0
1.153	-3.33729938196071	-9.81	0	0
1.154	-3.34710938196071	-9.81	0	0
1.155	-3.35691938196071	-9.81	0	0
1.156	-3.36672938196071	-9.81	0	0
1.157	-3.37653938196071	-9.81	0	0
1.158	-3.38634938196071	-9.81	0	0
1.159	-3.39615938196071	-9.81	0	0
1.16	-3.40596938196071	-9.81	0	0
1.161	-3.41577938196071	-9.81	0	0
1.162	-3.42558938196071	-9.81	0	0
1.163	-3.43539938196071	-9.81	0	0
1.164	-3.44520938196071	-9.81	0	0
1.165	-3.45501938196071	-9.81	0	0
1.166	-3.46482938196071	-9.81	0	0
1.167	-3.47463938196071	-9.81	0	0
1.168	-3.48444938196071	-9.81	0	0
1.169	-3.49425938196071	-9.81	0	0
1.17	-3.50406938196071	-9.81	0	0
1.171	-3.51387938196071	-9.81	0	0
1.172	-3.52368938196071	-9.81	0	0
1.173	-3.53349938196071	-9.81	0	0
1.174	-3.54330938196071	-9.81	0	0
1.175	2.82720631120973	-9.81	0	0
1.176	2.81739631120973	-9.81	0	0
1.177	2.80758631120973	-9.81	0	0
1.178	2.79777631120973	-9.81	0	0
1.179	2.78796631120973	-9.81	0	0
1.18	2.77815631120973	-9.81	0	0
1.181	2.76834631120973	-9.81	0	0
1.182	2.75853631120973	-9.81	0	0
1.183	2.74872631120973	-9.81	0	0
1.184	2.73891631120973	-9.81	0	0
1.185	2.72910631120973	-9.81	0	0
1.186	2.71929631120973	-9.81	0	0
1.187	2.70948631120973	-9.81	0	0
1.188	2.69967631120973	-9.81	0	0
1.189	2.68986631120973	-9.81	0	0
1.19	2.68005631120973	-9.81	0	0
1.191	2.67024631120973	-9.81	0	0
1.192	2.66043631120973	-9.81	0	0
1.193	2.65062631120973	-9.81	0	0
1.194	2.64081631120973	-9.81	0	0
1.195	2.63100631120973	-9.81	0	0
1.196	2.62119631120973	-9.81	0	0
1.197	2.61138631120973	-9.81	0	0
1.198	2.60157631120973	-9.81	0	0
1.199	2.59176631120973	-9.81	0	0
1.2	2.58195631120973	-9.81	0	0
1.201	2.57214631120973	-9.81	0	0
1.202	2.56233631120973	-9.81	0	0
1.203	2.55252631120973	-9.81	0	0
1.204	2.54271631120973	-9.81	0	0
1.205	2.53290631120973	-9.81	0	0
1.206	2.52309631120973	-9.81	0	0
1.207	2.51328631120973	-9.81	0	0
1.208	2.50347631120973	-9.81	0	0
1.209	2.49366631120973	-9.81	0	0
1.21	2.48385631120973	-9.81	0	0
1.211	2.47404631120973	-9.81	0	0
1.212	2.46423631120973	-9.81	0	0
1.213	2.45442631120973	-9.81	0	0
1.214	2.44461631120973	-9.81	0	0
1.215	2.43480631120973	-9.81	0	0
1.216	2.42499631120973	-9.81	0	0
1.217	2.41518631120973	-9.81	0	0
1.218	2.40537631120973	-9.81	0	0
1.219	2.39556631120973	-9.81	0	0
1.22	2.38575631120973	-9.81	0	0
1.221	2.37594631120973	-9.81	0	0
1.222	2.36613631120973	-9.81	0	0
1.223	2.35632631120973	-9.81	0	0
1.224	2.34651631120973	-9.81	0	0
1.225	2.33670631120973	-9.81	0	0
1.226	2.32689631120973	-9.81	0	0
1.227	2.31708631120973	-9.81	0	0
1.228	2.30727631120973	-9.81	0	0
1.229	2.29746631120973	-9.81	0	0
1.23	2.28765631120973	-9.81	0	0
1.231	2.27784631120973	-9.81	0	0
1.232	2.26803631120973	-9.81	0	0
1.233	2.25822631120973	-9.81	0	0
1.234	2.24841631120973	-9.81	0	0
1.235	2.23860631120973	-9.81	0	0
1.236	2.22879631120973	-9.81	0	0
1.237	2.21898631120973	-9.81	0	0
1.238	2.20917631120973	-9.81	0	0
1.239	2.19936631120973	-9.81	0	0
1.24	2.18955631120973	-9.81	0	0
1.241	2.17974631120973	-9.81	0	0
1.242	2.16993631120973	-9.81	0	0
1.243	2.16012631120973	-9.81	0	0
1.244	2.15031631120973	-9.81	0	0
1.245	2.14050631120973	-9.81	0	0
1.246	2.13069631120973	-9.81	0	0
1.247	2.12088631120973	-9.81	0	0
1.248	2.11107631120973	-9.81	0	0
1.249	2.10126631120973	-9.81	0	0
1.25	2.09145631120973	-9.81	0	0
1.251	2.08164631120973	-9.81	0	0
1.252	2.07183631120973	-9.81	0	0
1.253	2.06202631120973	-9.81	0	0
1.254	2.05221631120973	-9.81	0	0
1.255	2.04240631120973	-9.81	0	0
1.256	2.03259631120973	-9.81	0	0
1.257	2.02278631120973	-9.81	0	0
1.258	2.01297631120973	-9.81	0	0
1.259	2.00316631120973	-9.81	0	0
1.26	1.99335631120973	-9.81	0	0
1.261	1.98354631120973	-9.81	0	0
1.262	1.97373631120973	-9.81	0	0
1.263	1.96392631120973	-9.81	0	0
1.264	1.95411631120973	-9.81	0	0
1.265	1.94430631120973	-9.81	0	0
1.266	1.93449631120973	-9.81	0	0
1.267	1.92468631120973	-9.81	0	0
1.268	1.91487631120973	-9.81	0	0
1.269	1.90506631120973	-9.81	0	0
1.27	1.89525631120973	-9.81	0	0
1.271	1.88544631120973	-9.81	0	0
1.272	1.87563631120973	-9.81	0	0
1.273	1.86582631120973	-9.81	0	0
1.274	1.85601631120973	-9.81	0	0
1.275	1.84620631120973	-9.81	0	0
1.276	1.83639631120973	-9.81	0	0
1.277	1.82658631120973	-9.81	0	0
1.278	1.81677631120973	-9.81	0	0
1.279	1.80696631120973	-9.81	0	0
1.28	1.79715631120973	-9.81	0	0
1.281	1.78734631120973	-9.81	0	0
1.282	1.77753631120973	-9.81	0	0
1.283	1.76772631120973	-9.81	0	0
1.284	1.75791631120973	-9.81	0	0
1.285	1.74810631120973	-9.81	0	0
1.286	1.73829631120973	-9.81	0	0
1.287	1.72848631120973	-9.81	0	0
1.288	1.71867631120973	-9.81	0	0
1.289	1.70886631120973	-9.81	0	0
1.29	1.69905631120973	-9.81	0	0
1.291	1.68924631120973	-9.81	0	0
1.292	1.67943631120973	-9.81	0	0
1.293	1.66962631120973	-9.81	0	0
1.294	1.65981631120973	-9.81	0	0
1.295	1.65000631120973	-9.81	0	0
1.296	1.64019631120973	-9.81	0	0
1.297	1.63038631120973	-9.81	0	0
1.298	1.62057631120973	-9.81	0	0
1.299	1.61076631120973	-9.81	0	0
1.3	1.60095631120973	-9.81	0	0
1.301	1.59114631120973	-9.81	0	0
1.302	1.58133631120973	-9.81	0	0
1.303	1.57152631120973	-9.81	0	0
1.304	1.56171631120973	-9.81	0	0
1.305	1.55190631120973	-9.81	0	0
1.306	1.54209631120973	-9.81	0	0
1.307	1.53228631120973	-9.81	0	0
1.308	1.52247631120973	-9.81	0	0
1.309	1.51266631120973	-9.81	0	0
1.31	1.50285631120973	-9.81	0	0
1.311	1.49304631120973	-9.81	0	0
1.312	1.48323631120973	-9.81	0	0
1.313	1.47342631120973	-9.81	0	0
1.314	1.46361631120973	-9.81	0	0
1.315	1.45380631120973	-9.81	0	0
1.316	1.44399631120973	-9.81	0	0
1.317	1.43418631120973	-9.81	0	0
1.318	1.42437631120973	-9.81	0	0
1.319	1.41456631120973	-9.81	0	0
1.32	1.40475631120973	-9.81	0	0
1.321	1.39494631120973	-9.81	0	0
1.322	1.38513631120973	-9.81	0	0
1.323	1.37532631120973	-9.81	0	0
1.324	1.36551631120973	-9.81	0	0
1.325	1.35570631120973	-9.81	0	0
1.326	1.34589631120973	-9.81	0	0
1.327	1.33608631120973	-9.81	0	0
1.328	1.32627631120973	-9.81	0	0
1.329	1.31646631120973	-9.81	0	0
1.33	1.30665631120973	-9.81	0	0
1.331	1.29684631120973	-9.81	0	0
1.332	1.28703631120973	-9.81	0	0
1.333	1.27722631120973	-9.81	0	0
1.334	1.26741631120973	-9.81	0	0
1.335	1.25760631120973	-9.81	0	0
1.336	1.24779631120973	-9.81	0	0
1.337	1.23798631120973	-9.81	0	0
1.338	1.22817631120973	-9.81	0	0
1.339	1.21836631120973	-9.81	0	0
1.34	1.20855631120973	-9.81	0	0
1.341	1.19874631120973	-9.81	0	0
1.342	1.18893631120973	-9.81	0	0
1.343	1.17912631120973	-9.81	0	0
1.344	1.16931631120973	-9.81	0	0
1.345	1.15950631120973	-9.81	0	0
1.346	1.14969631120973	-9.81	0	0
1.347	1.13988631120973	-9.81	0	0
1.348	1.13007631120973	-9.81	0	0
1.349	1.12026631120973	-9.81	0	0
1.35	1.11045631120973	-9.81	0	0
1.351	1.10064631120973	-9.81	0	0
1.352	1.09083631120973	-9.81	0	0
1.353	1.08102631120973	-9.81	0	0
1.354	1.07121631120973	-9.81	0	0
1.355	1.06140631120973	-9.81	0	0
1.356	1.05159631120973	-9.81	0	0
1.357	1.04178631120973	-9.81	0	0
1.358	1.03197631120973	-9.81	0	0
1.359	1.02216631120973	-9.81	0	0
1.36	1.01235631120973	-9.81	0	0
1.361	1.00254631120973	-9.81	0	0
1.362	0.992736311209731	-9.81	0	0
1.363	0.982926311209732	-9.81	0	0
1.364	0.973116311209731	-9.81	0	0
1.365	0.963306311209732	-9.81	0	0
1.366	0.953496311209731	-9.81	0	0
1.367	0.943686311209732	-9.81	0	0
1.368	0.933876311209731	-9.81	0	0
1.369	0.924066311209732	-9.81	0	0
1.37	0.914256311209731	-9.81	0	0
1.371	0.904446311209732	-9.81	0	0
1.372	0.894636311209731	-9.81	0	0
1.373	0.884826311209732	-9.81	0	0
1.374	0.875016311209731	-9.81	0	0
1.375	0.865206311209732	-9.81	0	0
1.376	0.855396311209731	-9.81	0	0
1.377	0.845586311209732	-9.81	0	0
1.378	0.835776311209731	-9.81	0	0
1.379	0.825966311209732	-9.81	0	0
1.38	0.816156311209731	-9.81	0	0
1.381	0.806346311209732	-9.81	0	0
1.382	0.796536311209731	-9.81	0	0
1.383	0.786726311209732	-9.81	0	0
1.384	0.776916311209731	-9.81	0	0
1.385	0.767106311209732	-9.81	0	0
1.386	0.757296311209731	-9.81	0	0
1.387	0.747486311209732	-9.81	0	0
1.388	0.737676311209731	-9.81	0	0
1.389	0.727866311209732	-9.81	0	0
1.39	0.718056311209731	-9.81	0	0
1.391	0.708246311209732	-9.81	0	0
1.392	0.698436311209731	-9.81	0	0
1.393	0.688626311209732	-9.81	0	0
1.394	0.678816311209731	-9.81	0	0
1.395	0.669006311209732	-9.81	0	0
1.396	0.659196311209731	-9.81	0	0
1.397	0.649386311209732	-9.81	0	0
1.398	0.639576311209731	-9.81	0	0
1.399	0.629766311209732	-9.81	0	0
1.4	0.619956311209731	-9.81	0	0
1.401	0.610146311209732	-9.81	0	0
1.402	0.600336311209731	-9.81	0	0
1.403	0.590526311209732	-9.81	0	0
1.404	0.580716311209731	-9.81	0	0
1.405	0.570906311209732	-9.81	0	0
1.406	0.561096311209731	-9.81	0	0
1.407	0.551286311209732	-9.81	0	0
1.408	0.541476311209733	-9.81	0	0
1.409	0.531666311209732	-9.81	0	0
1.41	0.521856311209733	-9.81	0	0
1.411	0.512046311209732	-9.81	0	0
1.412	0.502236311209733	-9.81	0	0
1.413	0.492426311209732	-9.81	0	0
1.414	0.482616311209733	-9.81	0	0
1.415	0.472806311209732	-9.81	0	0
1.416	0.462996311209733	-9.81	0	0
1.417	0.453186311209732	-9.81	0	0
1.418	0.443376311209733	-9.81	0	0
1.419	0.433566311209732	-9.81	0	0
1.42	0.423756311209733	-9.81	0	0
1.421	0.413946311209732	-9.81	0	0
1.422	0.404136311209733	-9.81	0	0
1.423	0.394326311209732	-9.81	0	0
1.424	0.384516311209733	-9.81	0	0
1.425	0.374706311209732	-9.81	0	0
1.426	0.364896311209733	-9.81	0	0
1.427	0.355086311209731	-9.81	0	0
1.428	0.345276311209733	-9.81	0	0
1.429	0.335466311209732	-9.81	0	0
1.43	0.325656311209733	-9.81	0	0
1.431	0.315846311209732	-9.81	0	0
1.432	0.306036311209733	-9.81	0	0
1.433	0.296226311209731	-9.81	0	0
1.434	0.286416311209733	-9.81	0	0
1.435	0.276606311209731	-9.81	0	0
1.436	0.266796311209733	-9.81	0	0
1.437	0.256986311209731	-9.81	0	0
1.438	0.247176311209733	-9.81	0	0
1.439	0.237366311209731	-9.81	0	0
1.44	0.227556311209732	-9.81	0	0
1.441	0.217746311209731	-9.81	0	0
1.442	0.207936311209732	-9.81	0	0
1.443	0.198126311209731	-9.81	0	0
1.444	0.188316311209732	-9.81	0	0
1.445	0.178506311209731	-9.81	0	0
1.446	0.168696311209732	-9.81	0	0
1.447	0.158886311209731	-9.81	0	0
1.448	0.149076311209732	-9.81	0	0
1.449	0.139266311209731	-9.81	0	0
1.45	0.129456311209732	-9.81	0	0
1.451	0.119646311209731	-9.81	0	0
1.452	0.109836311209732	-9.81	0	0
1.453	0.100026311209731	-9.81	0	0
1.454	0.0902163112097324	-9.81	0	0
1.455	0.0804063112097313	-9.81	0	0
1.456	0.0705963112097323	-9.81	0	0
1.457	0.0607863112097312	-9.81	0	0
1.458	0.0509763112097323	-9.81	0	0
1.459	0.0411663112097312	-9.81	0	0
1.46	0.0313563112097323	-9.81	0	0
1.461	0.0215463112097312	-9.81	0	0
1.462	0.0117363112097323	-9.81	0	0
1.463	0.00192631120973119	-9.81	0	0
1.464	-0.00788368879026773	-9.81	0	0
1.465	-0.0176936887902688	-9.81	0	0
1.466	-0.0275036887902678	-9.81	0	0
1.467	-0.0373136887902688	-9.81	0	0
1.468	-0.0471236887902678	-9.81	0	0
1.469	-0.0569336887902689	-9.81	0	0
1.47	-0.0667436887902678	-9.81	0	0
1.471	-0.0765536887902689	-9.81	0	0
1.472	-0.0863636887902678	-9.81	0	0
1.473	-0.0961736887902689	-9.81	0	0
1.474	-0.105983688790268	-9.81	0	0
1.475	-0.115793688790269	-9.81	0	0
1.476	-0.125603688790268	-9.81	0	0
1.477	-0.135413688790269	-9.81	0	0
1.478	-0.145223688790268	-9.81	0	0
1.479	-0.155033688790269	-9.81	0	0
1.48	-0.164843688790268	-9.81	0	0
1.481	-0.174653688790269	-9.81	0	0
1.482	-0.184463688790268	-9.81	0	0
1.483	-0.194273688790269	-9.81	0	0
1.484	-0.204083688790268	-9.81	0	0
1.485	-0.213893688790269	-9.81	0	0
1.486	-0.223703688790268	-9.81	0	0
1.487	-0.233513688790269	-9.81	0	0
1.488	-0.243323688790268	-9.81	0	0
1.489	-0.253133688790269	-9.81	0	0
1.49	-0.262943688790268	-9.81	0	0
1.491	-0.272753688790269	-9.81	0	0
1.492	-0.282563688790268	-9.81	0	0
1.493	-0.292373688790269	-9.81	0	0
1.494	-0.302183688790268	-9.81	0	0
1.495	-0.311993688790269	-9.81	0	0
1.496	-0.321803688790268	-9.81	0	0
1.497	-0.331613688790269	-9.81	0	0
1.498	-0.341423688790268	-9.81	0	0
1.499	-0.351233688790269	-9.81	0	0
1.5	-0.361043688790268	-9.81	0	0
1.501	-0.370853688790269	-9.81	0	0
1.502	-0.380663688790268	-9.81	0	0
1.503	-0.390473688790269	-9.81	0	0
1.504	-0.400283688790268	-9.81	0	0
1.505	-0.410093688790269	-9.81	0	0
1.506	-0.419903688790268	-9.81	0	0
1.507	-0.429713688790269	-9.81	0	0
1.508	-0.439523688790268	-9.81	0	0
1.509	-0.449333688790269	-9.81	0	0
1.51	-0.459143688790268	-9.81	0	0
1.511	-0.468953688790269	-9.81	0	0
1.512	-0.478763688790268	-9.81	0	0
1.513	-0.488573688790269	-9.81	0	0
1.514	-0.498383688790268	-9.81	0	0
1.515	-0.508193688790269	-9.81	0	0
1.516	-0.518003688790268	-9.81	0	0
1.517	-0.527813688790269	-9.81	0	0
1.518	-0.537623688790268	-9.81	0	0
1.519	-0.547433688790269	-9.81	0	0
1.52	-0.557243688790268	-9.81	0	0
1.521	-0.567053688790269	-9.81	0	0
1.522	-0.576863688790268	-9.81	0	0
1.523	-0.586673688790269	-9.81	0	0
1.524	-0.596483688790268	-9.81	0	0
1.525	-0.606293688790269	-9.81	0	0
1.526	-0.616103688790268	-9.81	0	0
1.527	-0.625913688790269	-9.81	0	0
1.528	-0.635723688790268	-9.81	0	0
1.529	-0.645533688790269	-9.81	0	0
1.53	-0.655343688790268	-9.81	0	0
1.531	-0.665153688790269	-9.81	0	0
1.532	-0.674963688790268	-9.81	0	0
1.533	-0.684773688790269	-9.81	0	0
1.534	-0.694583688790268	-9.81	0	0
1.535	-0.704393688790269	-9.81	0	0
1.536	-0.714203688790268	-9.81	0	0
1.537	-0.724013688790267	-9.81	0	0
1.538	-0.733823688790268	-9.81	0	0
1.539	-0.743633688790267	-9.81	0	0
1.54	-0.753443688790268	-9.81	0	0
1.541	-0.763253688790267	-9.81	0	0
1.542	-0.773063688790268	-9.81	0	0
1.543	-0.782873688790267	-9.81	0	0
1.544	-0.792683688790269	-9.81	0	0
1.545	-0.802493688790267	-9.81	0	0
1.546	-0.812303688790268	-9.81	0	0
1.547	-0.822113688790267	-9.81	0	0
1.548	-0.831923688790268	-9.81	0	0
1.549	-0.841733688790267	-9.81	0	0
1.55	-0.851543688790269	-9.81	0	0
1.551	-0.861353688790267	-9.81	0	0
1.552	-0.871163688790269	-9.81	0	0
1.553	-0.880973688790267	-9.81	0	0
1.554	-0.890783688790269	-9.81	0	0
1.555	-0.900593688790267	-9.81	0	0
1.556	-0.910403688790269	-9.81	0	0
1.557	-0.920213688790268	-9.81	0	0
1.558	-0.930023688790269	-9.81	0	0
1.559	-0.939833688790268	-9.81	0	0
1.56	-0.949643688790269	-9.81	0	0
1.561	-0.959453688790267	-9.81	0	0
1.562	-0.969263688790269	-9.81	0	0
1.563	-0.979073688790268	-9.81	0	0
1.564	-0.988883688790269	-9.81	0	0
1.565	-0.998693688790268	-9.81	0	0
1.566	-1.00850368879027	-9.81	0	0
1.567	-1.01831368879027	-9.81	0	0
1.568	-1.02812368879027	-9.81	0	0
1.569	-1.03793368879027	-9.81	0	0
1.57	-1.04774368879027	-9.81	0	0
1.571	-1.05755368879027	-9.81	0	0
1.572	-1.06736368879027	-9.81	0	0
1.573	-1.07717368879027	-9.81	0	0
1.574	-1.08698368879027	-9.81	0	0
1.575	-1.09679368879027	-9.81	0	0
1.576	-1.10660368879027	-9.81	0	0
1.577	-1.11641368879027	-9.81	0	0
1.578	-1.12622368879027	-9.81	0	0
1.579	-1.13603368879027	-9.81	0	0
1.58	-1.14584368879027	-9.81	0	0
1.581	-1.15565368879027	-9.81	0	0
1.582	-1.16546368879027	-9.81	0	0
1.583	-1.17527368879027	-9.81	0	0
1.584	-1.18508368879027	-9.81	0	0
1.585	-1.19489368879027	-9.81	0	0
1.586	-1.20470368879027	-9.81	0	0
1.587	-1.21451368879027	-9.81	0	0
1.588	-1.22432368879027	-9.81	0	0
1.589	-1.23413368879027	-9.81	0	0
1.59	-1.24394368879027	-9.81	0	0
1.591	-1.25375368879027	-9.81	0	0
1.592	-1.26356368879027	-9.81	0	0
1.593	-1.27337368879027	-9.81	0	0
1.594	-1.28318368879027	-9.81	0	0
1.595	-1.29299368879027	-9.81	0	0
1.596	-1.30280368879027	-9.81	0	0
1.597	-1.31261368879027	-9.81	0	0
1.598	-1.32242368879027	-9.81	0	0
1.599	-1.33223368879027	-9.81	0	0
1.6	-1.34204368879027	-9.81	0	0
1.601	-1.35185368879027	-9.81	0	0
1.602	-1.36166368879027	-9.81	0	0
1.603	-1.37147368879027	-9.81	0	0
1.604	-1.38128368879027	-9.81	0	0
1.605	-1.39109368879027	-9.81	0	0
1.606	-1.40090368879027	-9.81	0	0
1.607	-1.41071368879027	-9.81	0	0
1.608	-1.42052368879027	-9.81	0	0
1.609	-1.43033368879027	-9.81	0	0
1.61	-1.44014368879027	-9.81	0	0
1.611	-1.44995368879027	-9.81	0	0
1.612	-1.45976368879027	-9.81	0	0
1.613	-1.46957368879027	-9.81	0	0
1.614	-1.47938368879027	-9.81	0	0
1.615	-1.48919368879027	-9.81	0	0
1.616	-1.49900368879027	-9.81	0	0
1.617	-1.50881368879027	-9.81	0	0
1.618	-1.51862368879027	-9.81	0	0
1.619	-1.52843368879027	-9.81	0	0
1.62	-1.53824368879027	-9.81	0	0
1.621	-1.54805368879027	-9.81	0	0
1.622	-1.55786368879027	-9.81	0	0
1.623	-1.56767368879027	-9.81	0	0
1.624	-1.57748368879027	-9.81	0	0
1.625	-1.58729368879027	-9.81	0	0
1.626	-1.59710368879027	-9.81	0	0
1.627	-1.60691368879027	-9.81	0	0
1.628	-1.61672368879027	-9.81	0	0
1.629	-1.62653368879027	-9.81	0	0
1.63	-1.63634368879027	-9.81	0	0
1.631	-1.64615368879027	-9.81	0	0
1.632	-1.65596368879027	-9.81	0	0
1.633	-1.66577368879027	-9.81	0	0
1.634	-1.67558368879027	-9.81	0	0
1.635	-1.68539368879027	-9.81	0	0
1.636	-1.69520368879027	-9.81	0	0
1.637	-1.70501368879027	-9.81	0	0
1.638	-1.71482368879027	-9.81	0	0
1.639	-1.72463368879027	-9.81	0	0
1.64	-1.73444368879027	-9.81	0	0
1.641	-1.74425368879027	-9.81	0	0
1.642	-1.75406368879027	-9.81	0	0
1.643	-1.76387368879027	-9.81	0	0
1.644	-1.77368368879027	-9.81	0	0
1.645	-1.78349368879027	-9.81	0	0
1.646	-1.79330368879027	-9.81	0	0
1.647	-1.80311368879027	-9.81	0	0
1.648	-1.81292368879027	-9.81	0	0
1.649	-1.82273368879027	-9.81	0	0
1.65	-1.83254368879027	-9.81	0	0
1.651	-1.84235368879027	-9.81	0	0
1.652	-1.85216368879027	-9.81	0	0
1.653	-1.86197368879027	-9.81	0	0
1.654	-1.87178368879027	-9.81	0	0
1.655	-1.88159368879027	-9.81	0	0
1.656	-1.89140368879027	-9.81	0	0
1.657	-1.90121368879027	-9.81	0	0
1.658	-1.91102368879027	-9.81	0	0
1.659	-1.92083368879027	-9.81	0	0
1.66	-1.93064368879027	-9.81	0	0
1.661	-1.94045368879027	-9.81	0	0
1.662	-1.95026368879027	-9.81	0	0
1.663	-1.96007368879027	-9.81	0	0
1.664	-1.96988368879027	-9.81	0	0
1.665	-1.97969368879027	-9.81	0	0
1.666	-1.98950368879027	-9.81	0	0
1.667	-1.99931368879027	-9.81	0	0
1.668	-2.00912368879027	-9.81	0	0
1.669	-2.01893368879027	-9.81	0	0
1.67	-2.02874368879027	-9.81	0	0
1.671	-2.03855368879027	-9.81	0	0
1.672	-2.04836368879027	-9.81	0	0
1.673	-2.05817368879027	-9.81	0	0
1.674	-2.06798368879027	-9.81	0	0
1.675	-2.07779368879027	-9.81	0	0
1.676	-2.08760368879027	-9.81	0	0
1.677	-2.09741368879027	-9.81	0	0
1.678	-2.10722368879027	-9.81	0	0
1.679	-2.11703368879027	-9.81	0	0
1.68	-2.12684368879027	-9.81	0	0
1.681	-2.13665368879027	-9.81	0	0
1.682	-2.14646368879027	-9.81	0	0
1.683	-2.15627368879027	-9.81	0	0
1.684	-2.16608368879027	-9.81	0	0
1.685	-2.17589368879027	-9.81	0	0
1.686	-2.18570368879027	-9.81	0	0
1.687	-2.19551368879027	-9.81	0	0
1.688	-2.20532368879027	-9.81	0	0
1.689	-2.21513368879027	-9.81	0	0
1.69	-2.22494368879027	-9.81	0	0
1.691	-2.23475368879027	-9.81	0	0
1.692	-2.24456368879027	-9.81	0	0
1.693	-2.25437368879027	-9.81	0	0
1.694	-2.26418368879027	-9.81	0	0
1.695	-2.27399368879027	-9.81	0	0
1.696	-2.28380368879027	-9.81	0	0
1.697	-2.29361368879027	-9.81	0	0
1.698	-2.30342368879027	-9.81	0	0
1.699	-2.31323368879027	-9.81	0	0
1.7	-2.32304368879027	-9.81	0	0
1.701	-2.33285368879027	-9.81	0	0
1.702	-2.34266368879027	-9.81	0	0
1.703	-2.35247368879027	-9.81	0	0
1.704	-2.36228368879027	-9.81	0	0
1.705	-2.37209368879027	-9.81	0	0
1.706	-2.38190368879027	-9.81	0	0
1.707	-2.39171368879027	-9.81	0	0
1.708	-2.40152368879027	-9.81	0	0
1.709	-2.41133368879027	-9.81	0	0
1.71	-2.42114368879027	-9.81	0	0
1.711	-2.43095368879027	-9.81	0	0
1.712	-2.44076368879027	-9.81	0	0
1.713	-2.45057368879027	-9.81	0	0
1.714	-2.46038368879027	-9.81	0	0
1.715	-2.47019368879027	-9.81	0	0
1.716	-2.48000368879027	-9.81	0	0
1.717	-2.48981368879027	-9.81	0	0
1.718	-2.49962368879027	-9.81	0	0
1.719	-2.50943368879027	-9.81	0	0
1.72	-2.51924368879027	-9.81	0	0
1.721	-2.52905368879027	-9.81	0	0
1.722	-2.53886368879027	-9.81	0	0
1.723	-2.54867368879027	-9.81	0	0
1.724	-2.55848368879027	-9.81	0	0
1.725	-2.56829368879027	-9.81	0	0
1.726	-2.57810368879027	-9.81	0	0
1.727	-2.58791368879027	-9.81	0	0
1.728	-2.59772368879027	-9.81	0	0
1.729	-2.60753368879027	-9.81	0	0
1.73	-2.61734368879027	-9.81	0	0
1.731	-2.62715368879027	-9.81	0	0
1.732	-2.63696368879027	-9.81	0	0
1.733	-2.64677368879027	-9.81	0	0
1.734	-2.65658368879027	-9.81	0	0
1.735	-2.66639368879027	-9.81	0	0
1.736	-2.67620368879027	-9.81	0	0
1.737	-2.68601368879027	-9.81	0	0
1.738	-2.69582368879027	-9.81	0	0
1.739	-2.70563368879027	-9.81	0	0
1.74	-2.71544368879027	-9.81	0	0
1.741	-2.72525368879027	-9.81	0	0
1.742	-2.73506368879027	-9.81	0	0
1.743	-2.74487368879027	-9.81	0	0
1.744	-2.75468368879027	-9.81	0	0
1.745	-2.76449368879027	-9.81	0	0
1.746	-2.77430368879027	-9.81	0	0
1.747	-2.78411368879027	-9.81	0	0
1.748	-2.79392368879027	-9.81	0	0
1.749	-2.80373368879027	-9.81	0	0
1.75	-2.81354368879027	-9.81	0	0
1.751	-2.82335368879027	-9.81	0	0
1.752	-2.83316368879027	-9.81	0	0
1.753	2.25980398606096	-9.81	0	0
1.754	2.24999398606096	-9.81	0	0
1.755	2.24018398606096	-9.81	0	0
1.756	2.23037398606096	-9.81	0	0
1.757	2.22056398606096	-9.81	0	0
1.758	2.21075398606096	-9.81	0	0
1.759	2.20094398606096	-9.81	0	0
1.76	2.19113398606096	-9.81	0	0
1.761	2.18132398606096	-9.81	0	0
1.762	2.17151398606096	-9.81	0	0
1.763	2.16170398606096	-9.81	0	0
1.764	2.15189398606096	-9.81	0	0
1.765	2.14208398606096	-9.81	0	0
1.766	2.13227398606096	-9.81	0	0
1.767	2.12246398606096	-9.81	0	0
1.768	2.11265398606096	-9.81	0	0
1.769	2.10284398606096	-9.81	0	0
1.77	2.09303398606096	-9.81	0	0
1.771	2.08322398606096	-9.81	0	0
1.772	2.07341398606096	-9.81	0	0
1.773	2.06360398606096	-9.81	0	0
1.774	2.05379398606096	-9.81	0	0
1.775	2.04398398606096	-9.81	0	0
1.776	2.03417398606096	-9.81	0	0
1.777	2.02436398606096	-9.81	0	0
1.778	2.01455398606096	-9.81	0	0
1.779	2.00474398606096	-9.81	0	0
1.78	1.99493398606096	-9.81	0	0
1.781	1.98512398606096	-9.81	0	0
1.782	1.97531398606096	-9.81	0	0
1.783	1.96550398606096	-9.81	0	0
1.784	1.95569398606096	-9.81	0	0
1.785	1.94588398606096	-9.81	0	0
1.786	1.93607398606096	-9.81	0	0
1.787	1.92626398606096	-9.81	0	0
1.788	1.91645398606096	-9.81	0	0
1.789	1.90664398606096	-9.81	0	0
1.79	1.89683398606096	-9.81	0	0
1.791	1.88702398606096	-9.81	0	0
1.792	1.87721398606096	-9.81	0	0
1.793	1.86740398606096	-9.81	0	0
1.794	1.85759398606096	-9.81	0	0
1.795	1.84778398606096	-9.81	0	0
1.796	1.83797398606096	-9.81	0	0
1.797	1.82816398606096	-9.81	0	0
1.798	1.81835398606096	-9.81	0	0
1.799	1.80854398606096	-9.81	0	0
1.8	1.79873398606096	-9.81	0	0
1.801	1.78892398606096	-9.81	0	0
1.802	1.77911398606096	-9.81	0	0
1.803	1.76930398606096	-9.81	0	0
1.804	1.75949398606096	-9.81	0	0
1.805	1.74968398606096	-9.81	0	0
1.806	1.73987398606096	-9.81	0	0
1.807	1.73006398606096	-9.81	0	0
1.808	1.72025398606096	-9.81	0	0
1.809	1.71044398606096	-9.81	0	0
1.81	1.70063398606096	-9.81	0	0
1.811	1.69082398606096	-9.81	0	0
1.812	1.68101398606096	-9.81	0	0
1.813	1.67120398606096	-9.81	0	0
1.814	1.66139398606096	-9.81	0	0
1.815	1.65158398606096	-9.81	0	0
1.816	1.64177398606096	-9.81	0	0
1.817	1.63196398606096	-9.81	0	0
1.818	1.62215398606096	-9.81	0	0
1.819	1.61234398606096	-9.81	0	0
1.82	1.60253398606096	-9.81	0	0
1.821	1.59272398606096	-9.81	0	0
1.822	1.58291398606096	-9.81	0	0
1.823	1.57310398606096	-9.81	0	0
1.824	1.56329398606096	-9.81	0	0
1.825	1.55348398606096	-9.81	0	0
1.826	1.54367398606096	-9.81	0	0
1.827	1.53386398606096	-9.81	0	0
1.828	1.52405398606096	-9.81	0	0
1.829	1.51424398606096	-9.81	0	0
1.83	1.50443398606096	-9.81	0	0
1.831	1.49462398606096	-9.81	0	0
1.832	1.48481398606096	-9.81	0	0
1.833	1.47500398606096	-9.81	0	0
1.834	1.46519398606096	-9.81	0	0
1.835	1.45538398606096	-9.81	0	0
1.836	1.44557398606096	-9.81	0	0
1.837	1.43576398606096	-9.81	0	0
1.838	1.42595398606096	-9.81	0	0
1.839	1.41614398606096	-9.81	0	0
1.84	1.40633398606096	-9.81	0	0
1.841	1.39652398606096	-9.81	0	0
1.842	1.38671398606096	-9.81	0	0
1.843	1.37690398606096	-9.81	0	0
1.844	1.36709398606096	-9.81	0	0
1.845	1.35728398606096	-9.81	0	0
1.846	1.34747398606096	-9.81	0	0
1.847	1.33766398606096	-9.81	0	0
1.848	1.32785398606096	-9.81	0	0
1.849	1.31804398606096	-9.81	0	0
1.85	1.30823398606096	-9.81	0	0
1.851	1.29842398606096	-9.81	0	0
1.852	1.28861398606096	-9.81	0	0
1.853	1.27880398606096	-9.81	0	0
1.854	1.26899398606096	-9.81	0	0
1.855	1.25918398606096	-9.81	0	0
1.856	1.24937398606096	-9.81	0	0
1.857	1.23956398606096	-9.81	0	0
1.858	1.22975398606096	-9.81	0	0
1.859	1.21994398606096	-9.81	0	0
1.86	1.21013398606096	-9.81	0	0
1.861	1.20032398606096	-9.81	0	0
1.862	1.19051398606096	-9.81	0	0
1.863	1.18070398606096	-9.81	0	0
1.864	1.17089398606096	-9.81	0	0
1.865	1.16108398606096	-9.81	0	0
1.866	1.15127398606096	-9.81	0	0
1.867	1.14146398606096	-9.81	0	0
1.868	1.13165398606096	-9.81	0	0
1.869	1.12184398606096	-9.81	0	0
1.87	1.11203398606096	-9.81	0	0
1.871	1.10222398606096	-9.81	0	0
1.872	1.09241398606096	-9.81	0	0
1.873	1.08260398606096	-9.81	0	0
1.874	1.07279398606096	-9.81	0	0
1.875	1.06298398606096	-9.81	0	0
1.876	1.05317398606096	-9.81	0	0
1.877	1.04336398606096	-9.81	0	0
1.878	1.03355398606096	-9.81	0	0
1.879	1.02374398606096	-9.81	0	0
1.88	1.01393398606096	-9.81	0	0
1.881	1.00412398606096	-9.81	0	0
1.882	0.99431398606096	-9.81	0	0
1.883	0.984503986060961	-9.81	0	0
1.884	0.97469398606096	-9.81	0	0
1.885	0.964883986060961	-9.81	0	0
1.886	0.95507398606096	-9.81	0	0
1.887	0.945263986060961	-9.81	0	0
1.888	0.93545398606096	-9.81	0	0
1.889	0.925643986060961	-9.81	0	0
1.89	0.91583398606096	-9.81	0	0
1.891	0.906023986060961	-9.81	0	0
1.892	0.89621398606096	-9.81	0	0
1.893	0.886403986060961	-9.81	0	0
1.894	0.87659398606096	-9.81	0	0
1.895	0.866783986060961	-9.81	0	0
1.896	0.85697398606096	-9.81	0	0
1.897	0.847163986060961	-9.81	0	0
1.898	0.83735398606096	-9.81	0	0
1.899	0.827543986060961	-9.81	0	0
1.9	0.81773398606096	-9.81	0	0
1.901	0.807923986060961	-9.81	0	0
1.902	0.79811398606096	-9.81	0	0
1.903	0.788303986060961	-9.81	0	0
1.904	0.77849398606096	-9.81	0	0
1.905	0.768683986060961	-9.81	0	0
1.906	0.75887398606096	-9.81	0	0
1.907	0.749063986060961	-9.81	0	0
1.908	0.73925398606096	-9.81	0	0
1.909	0.729443986060961	-9.81	0	0
1.91	0.71963398606096	-9.81	0	0
1.911	0.709823986060961	-9.81	0	0
1.912	0.70001398606096	-9.81	0	0
1.913	0.690203986060961	-9.81	0	0
1.914	0.68039398606096	-9.81	0	0
1.915	0.670583986060961	-9.81	0	0
1.916	0.66077398606096	-9.81	0	0
1.917	0.650963986060961	-9.81	0	0
1.918	0.64115398606096	-9.81	0	0
1.919	0.631343986060961	-9.81	0	0
1.92	0.621533986060962	-9.81	0	0
1.921	0.611723986060961	-9.81	0	0
1.922	0.601913986060962	-9.81	0	0
1.923	0.592103986060961	-9.81	0	0
1.924	0.582293986060962	-9.81	0	0
1.925	0.572483986060961	-9.81	0	0
1.926	0.562673986060962	-9.81	0	0
1.927	0.552863986060961	-9.81	0	0
1.928	0.543053986060962	-9.81	0	0
1.929	0.533243986060961	-9.81	0	0
1.93	0.523433986060962	-9.81	0	0
1.931	0.513623986060961	-9.81	0	0
1.932	0.503813986060962	-9.81	0	0
1.933	0.494003986060961	-9.81	0	0
1.934	0.484193986060962	-9.81	0	0
1.935	0.474383986060961	-9.81	0	0
1.936	0.464573986060962	-9.81	0	0
1.937	0.454763986060961	-9.81	0	0
1.938	0.444953986060962	-9.81	0	0
1.939	0.435143986060961	-9.81	0	0
1.94	0.425333986060962	-9.81	0	0
1.941	0.415523986060961	-9.81	0	0
1.942	0.405713986060962	-9.81	0	0
1.943	0.395903986060961	-9.81	0	0
1.944	0.386093986060962	-9.81	0	0
1.945	0.376283986060961	-9.81	0	0
1.946	0.366473986060962	-9.81	0	0
1.947	0.356663986060961	-9.81	0	0
1.948	0.346853986060962	-9.81	0	0
1.949	0.337043986060961	-9.81	0	0
1.95	0.327233986060962	-9.81	0	0
1.951	0.317423986060961	-9.81	0	0
1.952	0.307613986060962	-9.81	0	0
1.953	0.29780398606096	-9.81	0	0
1.954	0.287993986060962	-9.81	0	0
1.955	0.27818398606096	-9.81	0	0
1.956	0.268373986060962	-9.81	0	0
1.957	0.25856398606096	-9.81	0	0
1.958	0.248753986060962	-9.81	0	0
1.959	0.23894398606096	-9.81	0	0
1.96	0.229133986060962	-9.81	0	0
1.961	0.21932398606096	-9.81	0	0
1.962	0.209513986060961	-9.81	0	0
1.963	0.19970398606096	-9.81	0	0
1.964	0.189893986060961	-9.81	0	0
1.965	0.18008398606096	-9.81	0	0
1.966	0.170273986060961	-9.81	0	0
1.967	0.16046398606096	-9.81	0	0
1.968	0.150653986060961	-9.81	0	0
1.969	0.14084398606096	-9.81	0	0
1.97	0.131033986060961	-9.81	0	0
1.971	0.12122398606096	-9.81	0	0
1.972	0.111413986060961	-9.81	0	0
1.973	0.10160398606096	-9.81	0	0
1.974	0.0917939860609614	-9.81	0	0
1.975	0.0819839860609603	-9.81	0	0
1.976	0.0721739860609614	-9.81	0	0
1.977	0.0623639860609603	-9.81	0	0
1.978	0.0525539860609613	-9.81	0	0
1.979	0.0427439860609602	-9.81	0	0
1.98	0.0329339860609613	-9.81	0	0
1.981	0.0231239860609602	-9.81	0	0
1.982	0.0133139860609613	-9.81	0	0
1.983	0.00350398606096021	-9.81	0	0
1.984	-0.00630601393903871	-9.81	0	0
1.985	-0.0161160139390398	-9.81	0	0
1.986	-0.0259260139390387	-9.81	0	0
1.987	-0.0357360139390398	-9.81	0	0
1.988	-0.0455460139390387	-9.81	0	0
1.989	-0.0553560139390398	-9.81	0	0
1.99	-0.0651660139390388	-9.81	0	0
1.991	-0.0749760139390399	-9.81	0	0
1.992	-0.0847860139390388	-9.81	0	0
1.993	-0.0945960139390399	-9.81	0	0
1.994	-0.104406013939039	-9.81	0	0
1.995	-0.11421601393904	-9.81	0	0
1.996	-0.124026013939039	-9.81	0	0
1.997	-0.13383601393904	-9.81	0	0
1.998	-0.143646013939039	-9.81	0	0
1.999	-0.15345601393904	-9.81	0	0
2	-0.163266013939039	-9.81	0	0
2.001	-0.173076013939038	-9.81	0	0
2.002	-0.182886013939041	-9.81	0	0
2.003	-0.19269601393904	-9.81	0	0
2.004	-0.202506013939039	-9.81	0	0
2.005	-0.212316013939038	-9.81	0	0
2.006	-0.222126013939041	-9.81	0	0
2.007	-0.23193601393904	-9.81	0	0
2.008	-0.241746013939039	-9.81	0	0
2.009	-0.251556013939038	-9.81	0	0
2.01	-0.261366013939041	-9.81	0	0
2.011	-0.27117601393904	-9.81	0	0
2.012	-0.280986013939039	-9.81	0	0
2.013	-0.290796013939038	-9.81	0	0
2.014	-0.300606013939041	-9.81	0	0
2.015	-0.31041601393904	-9.81	0	0
2.016	-0.320226013939039	-9.81	0	0
2.017	-0.330036013939038	-9.81	0	0
2.018	-0.339846013939041	-9.81	0	0
2.019	-0.34965601393904	-9.81	0	0
2.02	-0.359466013939039	-9.81	0	0
2.021	-0.369276013939038	-9.81	0	0
2.022	-0.379086013939041	-9.81	0	0
2.023	-0.38889601393904	-9.81	0	0
2.024	-0.398706013939039	-9.81	0	0
2.025	-0.408516013939038	-9.81	0	0
2.026	-0.418326013939041	-9.81	0	0
2.027	-0.42813601393904	-9.81	0	0
2.028	-0.437946013939039	-9.81	0	0
2.029	-0.447756013939038	-9.81	0	0
2.03	-0.457566013939041	-9.81	0	0
2.031	-0.46737601393904	-9.81	0	0
2.032	-0.477186013939039	-9.81	0	0
2.033	-0.486996013939038	-9.81	0	0
2.034	-0.496806013939041	-9.81	0	0
2.035	-0.50661601393904	-9.81	0	0
2.036	-0.516426013939039	-9.81	0	0
2.037	-0.526236013939038	-9.81	0	0
2.038	-0.536046013939041	-9.81	0	0
2.039	-0.54585601393904	-9.81	0	0
2.04	-0.555666013939039	-9.81	0	0
2.041	-0.565476013939038	-9.81	0	0
2.042	-0.575286013939041	-9.81	0	0
2.043	-0.58509601393904	-9.81	0	0
2.044	-0.594906013939039	-9.81	0	0
2.045	-0.604716013939038	-9.81	0	0
2.046	-0.614526013939041	-9.81	0	0
2.047	-0.62433601393904	-9.81	0	0
2.048	-0.634146013939039	-9.81	0	0
2.049	-0.643956013939038	-9.81	0	0
2.05	-0.653766013939037	-9.81	0	0
2.051	-0.66357601393904	-9.81	0	0
2.052	-0.673386013939039	-9.81	0	0
2.053	-0.683196013939038	-9.81	0	0
2.054	-0.693006013939037	-9.81	0	0
2.055	-0.70281601393904	-9.81	0	0
2.056	-0.712626013939039	-9.81	0	0
2.057	-0.722436013939038	-9.81	0	0
2.058	-0.732246013939037	-9.81	0	0
2.059	-0.742056013939041	-9.81	0	0
2.06	-0.751866013939039	-9.81	0	0
2.061	-0.761676013939038	-9.81	0	0
2.062	-0.771486013939037	-9.81	0	0
2.063	-0.781296013939041	-9.81	0	0
2.064	-0.791106013939039	-9.81	0	0
2.065	-0.800916013939038	-9.81	0	0
2.066	-0.810726013939037	-9.81	0	0
2.067	-0.820536013939041	-9.81	0	0
2.068	-0.83034601393904	-9.81	0	0
2.069	-0.840156013939038	-9.81	0	0
2.07	-0.849966013939037	-9.81	0	0
2.071	-0.859776013939041	-9.81	0	0
2.072	-0.86958601393904	-9.81	0	0
2.073	-0.879396013939038	-9.81	0	0
2.074	-0.889206013939037	-9.81	0	0
2.075	-0.899016013939041	-9.81	0	0
2.076	-0.90882601393904	-9.81	0	0
2.077	-0.918636013939038	-9.81	0	0
2.078	-0.928446013939037	-9.81	0	0
2.079	-0.938256013939041	-9.81	0	0
2.08	-0.94806601393904	-9.81	0	0
2.081	-0.957876013939039	-9.81	0	0
2.082	-0.967686013939037	-9.81	0	0
2.083	-0.977496013939041	-9.81	0	0
2.084	-0.98730601393904	-9.81	0	0
2.085	-0.997116013939039	-9.81	0	0
2.086	-1.00692601393904	-9.81	0	0
2.087	-1.01673601393904	-9.81	0	0
2.088	-1.02654601393904	-9.81	0	0
2.089	-1.03635601393904	-9.81	0	0
2.09	-1.04616601393904	-9.81	0	0
2.091	-1.05597601393904	-9.81	0	0
2.092	-1.06578601393904	-9.81	0	0
2.093	-1.07559601393904	-9.81	0	0
2.094	-1.08540601393904	-9.81	0	0
2.095	-1.09521601393904	-9.81	0	0
2.096	-1.10502601393904	-9.81	0	0
2.097	-1.11483601393904	-9.81	0	0
2.098	-1.12464601393904	-9.81	0	0
2.099	-1.13445601393904	-9.81	0	0
2.1	-1.14426601393904	-9.81	0	0
2.101	-1.15407601393904	-9.81	0	0
2.102	-1.16388601393904	-9.81	0	0
2.103	-1.17369601393904	-9.81	0	0
2.104	-1.18350601393904	-9.81	0	0
2.105	-1.19331601393904	-9.81	0	0
2.106	-1.20312601393904	-9.81	0	0
2.107	-1.21293601393904	-9.81	0	0
2.108	-1.22274601393904	-9.81	0	0
2.109	-1.23255601393904	-9.81	0	0
2.11	-1.24236601393904	-9.81	0	0
2.111	-1.25217601393904	-9.81	0	0
2.112	-1.26198601393904	-9.81	0	0
2.113	-1.27179601393904	-9.81	0	0
2.114	-1.28160601393904	-9.81	0	0
2.115	-1.29141601393904	-9.81	0	0
2.116	-1.30122601393904	-9.81	0	0
2.117	-1.31103601393904	-9.81	0	0
2.118	-1.32084601393904	-9.81	0	0
2.119	-1.33065601393904	-9.81	0	0
2.12	-1.34046601393904	-9.81	0	0
2.121	-1.35027601393904	-9.81	0	0
2.122	-1.36008601393904	-9.81	0	0
2.123	-1.36989601393904	-9.81	0	0
2.124	-1.37970601393904	-9.81	0	0
2.125	-1.38951601393904	-9.81	0	0
2.126	-1.39932601393904	-9.81	0	0
2.127	-1.40913601393904	-9.81	0	0
2.128	-1.41894601393904	-9.81	0	0
2.129	-1.42875601393904	-9.81	0	0
2.13	-1.43856601393904	-9.81	0	0
2.131	-1.44837601393904	-9.81	0	0
2.132	-1.45818601393904	-9.81	0	0
2.133	-1.46799601393904	-9.81	0	0
2.134	-1.47780601393904	-9.81	0	0
2.135	-1.48761601393904	-9.81	0	0
2.136	-1.49742601393904	-9.81	0	0
2.137	-1.50723601393904	-9.81	0	0
2.138	-1.51704601393904	-9.81	0	0
2.139	-1.52685601393904	-9.81	0	0
2.14	-1.53666601393904	-9.81	0	0
2.141	-1.54647601393904	-9.81	0	0
2.142	-1.55628601393904	-9.81	0	0
2.143	-1.56609601393904	-9.81	0	0
2.144	-1.57590601393904	-9.81	0	0
2.145	-1.58571601393904	-9.81	0	0
2.146	-1.59552601393904	-9.81	0	0
2.147	-1.60533601393904	-9.81	0	0
2.148	-1.61514601393904	-9.81	0	0
2.149	-1.62495601393904	-9.81	0	0
2.15	-1.63476601393904	-9.81	0	0
2.151	-1.64457601393904	-9.81	0	0
2.152	-1.65438601393904	-9.81	0	0
2.153	-1.66419601393904	-9.81	0	0
2.154	-1.67400601393904	-9.81	0	0
2.155	-1.68381601393904	-9.81	0	0
2.156	-1.69362601393904	-9.81	0	0
2.157	-1.70343601393904	-9.81	0	0
2.158	-1.71324601393904	-9.81	0	0
2.159	-1.72305601393904	-9.81	0	0
2.16	-1.73286601393904	-9.81	0	0
2.161	-1.74267601393904	-9.81	0	0
2.162	-1.75248601393904	-9.81	0	0
2.163	-1.76229601393904	-9.81	0	0
2.164	-1.77210601393904	-9.81	0	0
2.165	-1.78191601393904	-9.81	0	0
2.166	-1.79172601393904	-9.81	0	0
2.167	-1.80153601393904	-9.81	0	0
2.168	-1.81134601393904	-9.81	0	0
2.169	-1.82115601393904	-9.81	0	0
2.17	-1.83096601393904	-9.81	0	0
2.171	-1.84077601393904	-9.81	0	0
2.172	-1.85058601393904	-9.81	0	0
2.173	-1.86039601393904	-9.81	0	0
2.174	-1.87020601393904	-9.81	0	0
2.175	-1.88001601393904	-9.81	0	0
2.176	-1.88982601393904	-9.81	0	0
2.177	-1.89963601393904	-9.81	0	0
2.178	-1.90944601393904	-9.81	0	0
2.179	-1.91925601393904	-9.81	0	0
2.18	-1.92906601393904	-9.81	0	0
2.181	-1.93887601393904	-9.81	0	0
2.182	-1.94868601393904	-9.81	0	0
2.183	-1.95849601393904	-9.81	0	0
2.184	-1.96830601393904	-9.81	0	0
2.185	-1.97811601393904	-9.81	0	0
2.186	-1.98792601393904	-9.81	0	0
2.187	-1.99773601393904	-9.81	0	0
2.188	-2.00754601393904	-9.81	0	0
2.189	-2.01735601393904	-9.81	0	0
2.19	-2.02716601393904	-9.81	0	0
2.191	-2.03697601393904	-9.81	0	0
2.192	-2.04678601393904	-9.81	0	0
2.193	-2.05659601393904	-9.81	0	0
2.194	-2.06640601393904	-9.81	0	0
2.195	-2.07621601393904	-9.81	0	0
2.196	-2.08602601393904	-9.81	0	0
2.197	-2.09583601393904	-9.81	0	0
2.198	-2.10564601393904	-9.81	0	0
2.199	-2.11545601393904	-9.81	0	0
2.2	-2.12526601393904	-9.81	0	0
2.201	-2.13507601393904	-9.81	0	0
2.202	-2.14488601393904	-9.81	0	0
2.203	-2.15469601393904	-9.81	0	0
2.204	-2.16450601393904	-9.81	0	0
2.205	-2.17431601393904	-9.81	0	0
2.206	-2.18412601393904	-9.81	0	0
2.207	-2.19393601393904	-9.81	0	0
2.208	-2.20374601393904	-9.81	0	0
2.209	-2.21355601393904	-9.81	0	0
2.21	-2.22336601393904	-9.81	0	0
2.211	-2.23317601393904	-9.81	0	0
2.212	-2.24298601393904	-9.81	0	0
2.213	-2.25279601393904	-9.81	0	0
2.214	-2.26260601393904	-9.81	0	0
2.215	1.81016748180351	-9.81	0	0
2.216	1.80035748180351	-9.81	0	0
2.217	1.79054748180351	-9.81	0	0
2.218	1.78073748180351	-9.81	0	0
2.219	1.77092748180351	-9.81	0	0
2.22	1.76111748180351	-9.81	0	0
2.221	1.75130748180351	-9.81	0	0
2.222	1.74149748180351	-9.81	0	0
2.223	1.73168748180351	-9.81	0	0
2.224	1.72187748180351	-9.81	0	0
2.225	1.71206748180351	-9.81	0	0
2.226	1.70225748180351	-9.81	0	0
2.227	1.69244748180351	-9.81	0	0
2.228	1.68263748180351	-9.81	0	0
2.229	1.67282748180351	-9.81	0	0
2.23	1.66301748180351	-9.81	0	0
2.231	1.65320748180351	-9.81	0	0
2.232	1.64339748180351	-9.81	0	0
2.233	1.63358748180351	-9.81	0	0
2.234	1.62377748180351	-9.81	0	0
2.235	1.61396748180351	-9.81	0	0
2.236	1.60415748180351	-9.81	0	0
2.237	1.59434748180351	-9.81	0	0
2.238	1.58453748180351	-9.81	0	0
2.239	1.57472748180351	-9.81	0	0
2.24	1.56491748180351	-9.81	0	0
2.241	1.55510748180351	-9.81	0	0
2.242	1.54529748180351	-9.81	0	0
2.243	1.53548748180351	-9.81	0	0
2.244	1.52567748180351	-9.81	0	0
2.245	1.51586748180351	-9.81	0	0
2.246	1.50605748180351	-9.81	0	0
2.247	1.49624748180351	-9.81	0	0
2.248	1.48643748180351	-9.81	0	0
2.249	1.47662748180351	-9.81	0	0
2.25	1.46681748180351	-9.81	0	0
2.251	1.45700748180351	-9.81	0	0
2.252	1.44719748180351	-9.81	0	0
2.253	1.43738748180351	-9.81	0	0
2.254	1.42757748180351	-9.81	0	0
2.255	1.41776748180351	-9.81	0	0
2.256	1.40795748180351	-9.81	0	0
2.257	1.39814748180351	-9.81	0	0
2.258	1.38833748180351	-9.81	0	0
2.259	1.37852748180351	-9.81	0	0
2.26	1.36871748180351	-9.81	0	0
2.261	1.35890748180351	-9.81	0	0
2.262	1.34909748180351	-9.81	0	0
2.263	1.33928748180351	-9.81	0	0
2.264	1.32947748180351	-9.81	0	0
2.265	1.31966748180351	-9.81	0	0
2.266	1.30985748180351	-9.81	0	0
2.267	1.30004748180351	-9.81	0	0
2.268	1.29023748180351	-9.81	0	0
2.269	1.28042748180351	-9.81	0	0
2.27	1.27061748180351	-9.81	0	0
2.271	1.26080748180351	-9.81	0	0
2.272	1.25099748180351	-9.81	0	0
2.273	1.24118748180351	-9.81	0	0
2.274	1.23137748180351	-9.81	0	0
2.275	1.22156748180351	-9.81	0	0
2.276	1.21175748180351	-9.81	0	0
2.277	1.20194748180351	-9.81	0	0
2.278	1.19213748180351	-9.81	0	0
2.279	1.18232748180351	-9.81	0	0
2.28	1.17251748180351	-9.81	0	0
2.281	1.16270748180351	-9.81	0	0
2.282	1.15289748180351	-9.81	0	0
2.283	1.14308748180351	-9.81	0	0
2.284	1.13327748180351	-9.81	0	0
2.285	1.12346748180351	-9.81	0	0
2.286	1.11365748180351	-9.81	0	0
2.287	1.10384748180351	-9.81	0	0
2.288	1.09403748180351	-9.81	0	0
2.289	1.08422748180351	-9.81	0	0
2.29	1.07441748180351	-9.81	0	0
2.291	1.06460748180351	-9.81	0	0
2.292	1.05479748180351	-9.81	0	0
2.293	1.04498748180351	-9.81	0	0
2.294	1.03517748180351	-9.81	0	0
2.295	1.02536748180351	-9.81	0	0
2.296	1.01555748180351	-9.81	0	0
2.297	1.00574748180351	-9.81	0	0
2.298	0.995937481803508	-9.81	0	0
2.299	0.986127481803509	-9.81	0	0
2.3	0.976317481803506	-9.81	0	0
2.301	0.966507481803507	-9.81	0	0
2.302	0.956697481803508	-9.81	0	0
2.303	0.946887481803509	-9.81	0	0
2.304	0.937077481803506	-9.81	0	0
2.305	0.927267481803507	-9.81	0	0
2.306	0.917457481803508	-9.81	0	0
2.307	0.907647481803509	-9.81	0	0
2.308	0.89783748180351	-9.81	0	0
2.309	0.888027481803507	-9.81	0	0
2.31	0.878217481803508	-9.81	0	0
2.311	0.868407481803509	-9.81	0	0
2.312	0.85859748180351	-9.81	0	0
2.313	0.848787481803507	-9.81	0	0
2.314	0.838977481803508	-9.81	0	0
2.315	0.829167481803509	-9.81	0	0
2.316	0.81935748180351	-9.81	0	0
2.317	0.809547481803507	-9.81	0	0
2.318	0.799737481803508	-9.81	0	0
2.319	0.789927481803509	-9.81	0	0
2.32	0.78011748180351	-9.81	0	0
2.321	0.770307481803506	-9.81	0	0
2.322	0.760497481803508	-9.81	0	0
2.323	0.750687481803509	-9.81	0	0
2.324	0.74087748180351	-9.81	0	0
2.325	0.731067481803506	-9.81	0	0
2.326	0.721257481803508	-9.81	0	0
2.327	0.711447481803509	-9.81	0	0
2.328	0.70163748180351	-9.81	0	0
2.329	0.691827481803506	-9.81	0	0
2.33	0.682017481803508	-9.81	0	0
2.331	0.672207481803509	-9.81	0	0
2.332	0.66239748180351	-9.81	0	0
2.333	0.652587481803506	-9.81	0	0
2.334	0.642777481803507	-9.81	0	0
2.335	0.632967481803509	-9.81	0	0
2.336	0.62315748180351	-9.81	0	0
2.337	0.613347481803506	-9.81	0	0
2.338	0.603537481803507	-9.81	0	0
2.339	0.593727481803509	-9.81	0	0
2.34	0.58391748180351	-9.81	0	0
2.341	0.574107481803506	-9.81	0	0
2.342	0.564297481803507	-9.81	0	0
2.343	0.554487481803508	-9.81	0	0
2.344	0.54467748180351	-9.81	0	0
2.345	0.534867481803506	-9.81	0	0
2.346	0.525057481803507	-9.81	0	0
2.347	0.515247481803508	-9.81	0	0
2.348	0.50543748180351	-9.81	0	0
2.349	0.495627481803506	-9.81	0	0
2.35	0.485817481803507	-9.81	0	0
2.351	0.476007481803508	-9.81	0	0
2.352	0.466197481803509	-9.81	0	0
2.353	0.456387481803506	-9.81	0	0
2.354	0.446577481803507	-9.81	0	0
2.355	0.436767481803508	-9.81	0	0
2.356	0.426957481803509	-9.81	0	0
2.357	0.417147481803506	-9.81	0	0
2.358	0.407337481803507	-9.81	0	0
2.359	0.397527481803508	-9.81	0	0
2.36	0.387717481803509	-9.81	0	0
2.361	0.377907481803506	-9.81	0	0
2.362	0.368097481803507	-9.81	0	0
2.363	0.358287481803508	-9.81	0	0
2.364	0.348477481803509	-9.81	0	0
2.365	0.338667481803506	-9.81	0	0
2.366	0.328857481803507	-9.81	0	0
2.367	0.319047481803508	-9.81	0	0
2.368	0.309237481803509	-9.81	0	0
2.369	0.299427481803506	-9.81	0	0
2.37	0.289617481803507	-9.81	0	0
2.371	0.279807481803508	-9.81	0	0
2.372	0.269997481803509	-9.81	0	0
2.373	0.260187481803506	-9.81	0	0
2.374	0.250377481803507	-9.81	0	0
2.375	0.240567481803508	-9.81	0	0
2.376	0.230757481803509	-9.81	0	0
2.377	0.220947481803506	-9.81	0	0
2.378	0.211137481803507	-9.81	0	0
2.379	0.201327481803508	-9.81	0	0
2.38	0.191517481803509	-9.81	0	0
2.381	0.181707481803506	-9.81	0	0
2.382	0.171897481803507	-9.81	0	0
2.383	0.162087481803508	-9.81	0	0
2.384	0.152277481803509	-9.81	0	0
2.385	0.142467481803506	-9.81	0	0
2.386	0.132657481803507	-9.81	0	0
2.387	0.122847481803508	-9.81	0	0
2.388	0.113037481803509	-9.81	0	0
2.389	0.103227481803506	-9.81	0	0
2.39	0.0934174818035069	-9.81	0	0
2.391	0.083607481803508	-9.81	0	0
2.392	0.0737974818035091	-9.81	0	0
2.393	0.0639874818035058	-9.81	0	0
2.394	0.0541774818035069	-9.81	0	0
2.395	0.044367481803508	-9.81	0	0
2.396	0.0345574818035091	-9.81	0	0
2.397	0.0247474818035058	-9.81	0	0
2.398	0.0149374818035069	-9.81	0	0
2.399	0.00512748180350795	-9.81	0	0
2.4	-0.00468251819649097	-9.81	0	0
2.401	-0.0144925181964943	-9.81	0	0
2.402	-0.0243025181964932	-9.81	0	0
2.403	-0.0341125181964921	-9.81	0	0
2.404	-0.043922518196491	-9.81	0	0
2.405	-0.0537325181964943	-9.81	0	0
2.406	-0.0635425181964932	-9.81	0	0
2.407	-0.0733525181964921	-9.81	0	0
2.408	-0.0831625181964911	-9.81	0	0
2.409	-0.0929725181964943	-9.81	0	0
2.41	-0.102782518196493	-9.81	0	0
2.411	-0.112592518196492	-9.81	0	0
2.412	-0.122402518196491	-9.81	0	0
2.413	-0.132212518196494	-9.81	0	0
2.414	-0.142022518196493	-9.81	0	0
2.415	-0.151832518196492	-9.81	0	0
2.416	-0.161642518196491	-9.81	0	0
2.417	-0.171452518196494	-9.81	0	0
2.418	-0.181262518196493	-9.81	0	0
2.419	-0.191072518196492	-9.81	0	0
2.42	-0.200882518196491	-9.81	0	0
2.421	-0.210692518196494	-9.81	0	0
2.422	-0.220502518196493	-9.81	0	0
2.423	-0.230312518196492	-9.81	0	0
2.424	-0.240122518196491	-9.81	0	0
2.425	-0.249932518196494	-9.81	0	0
2.426	-0.259742518196493	-9.81	0	0
2.427	-0.269552518196492	-9.81	0	0
2.428	-0.279362518196491	-9.81	0	0
2.429	-0.289172518196495	-9.81	0	0
2.43	-0.298982518196493	-9.81	0	0
2.431	-0.308792518196492	-9.81	0	0
2.432	-0.318602518196491	-9.81	0	0
2.433	-0.32841251819649	-9.81	0	0
2.434	-0.338222518196493	-9.81	0	0
2.435	-0.348032518196492	-9.81	0	0
2.436	-0.357842518196491	-9.81	0	0
2.437	-0.36765251819649	-9.81	0	0
2.438	-0.377462518196494	-9.81	0	0
2.439	-0.387272518196492	-9.81	0	0
2.44	-0.397082518196491	-9.81	0	0
2.441	-0.40689251819649	-9.81	0	0
2.442	-0.416702518196494	-9.81	0	0
2.443	-0.426512518196492	-9.81	0	0
2.444	-0.436322518196491	-9.81	0	0
2.445	-0.44613251819649	-9.81	0	0
2.446	-0.455942518196494	-9.81	0	0
2.447	-0.465752518196492	-9.81	0	0
2.448	-0.475562518196491	-9.81	0	0
2.449	-0.48537251819649	-9.81	0	0
2.45	-0.495182518196494	-9.81	0	0
2.451	-0.504992518196492	-9.81	0	0
2.452	-0.514802518196491	-9.81	0	0
2.453	-0.52461251819649	-9.81	0	0
2.454	-0.534422518196494	-9.81	0	0
2.455	-0.544232518196493	-9.81	0	0
2.456	-0.554042518196492	-9.81	0	0
2.457	-0.56385251819649	-9.81	0	0
2.458	-0.573662518196494	-9.81	0	0
2.459	-0.583472518196493	-9.81	0	0
2.46	-0.593282518196491	-9.81	0	0
2.461	-0.60309251819649	-9.81	0	0
2.462	-0.612902518196494	-9.81	0	0
2.463	-0.622712518196493	-9.81	0	0
2.464	-0.632522518196492	-9.81	0	0
2.465	-0.642332518196491	-9.81	0	0
2.466	-0.652142518196494	-9.81	0	0
2.467	-0.661952518196493	-9.81	0	0
2.468	-0.671762518196492	-9.81	0	0
2.469	-0.681572518196491	-9.81	0	0
2.47	-0.691382518196494	-9.81	0	0
2.471	-0.701192518196493	-9.81	0	0
2.472	-0.711002518196492	-9.81	0	0
2.473	-0.720812518196491	-9.81	0	0
2.474	-0.730622518196494	-9.81	0	0
2.475	-0.740432518196493	-9.81	0	0
2.476	-0.750242518196492	-9.81	0	0
2.477	-0.760052518196491	-9.81	0	0
2.478	-0.769862518196494	-9.81	0	0
2.479	-0.779672518196493	-9.81	0	0
2.48	-0.789482518196492	-9.81	0	0
2.481	-0.799292518196491	-9.81	0	0
2.482	-0.809102518196494	-9.81	0	0
2.483	-0.818912518196493	-9.81	0	0
2.484	-0.828722518196492	-9.81	0	0
2.485	-0.838532518196491	-9.81	0	0
2.486	-0.848342518196494	-9.81	0	0
2.487	-0.858152518196493	-9.81	0	0
2.488	-0.867962518196492	-9.81	0	0
2.489	-0.877772518196491	-9.81	0	0
2.49	-0.887582518196494	-9.81	0	0
2.491	-0.897392518196493	-9.81	0	0
2.492	-0.907202518196492	-9.81	0	0
2.493	-0.917012518196491	-9.81	0	0
2.494	-0.926822518196494	-9.81	0	0
2.495	-0.936632518196493	-9.81	0	0
2.496	-0.946442518196492	-9.81	0	0
2.497	-0.956252518196491	-9.81	0	0
2.498	-0.966062518196494	-9.81	0	0
2.499	-0.975872518196493	-9.81	0	0
2.5	-0.985682518196492	-9.81	0	0
2.501	-0.995492518196491	-9.81	0	0
2.502	-1.00530251819649	-9.81	0	0
2.503	-1.01511251819649	-9.81	0	0
2.504	-1.02492251819649	-9.81	0	0
2.505	-1.03473251819649	-9.81	0	0
2.506	-1.04454251819649	-9.81	0	0
2.507	-1.05435251819649	-9.81	0	0
2.508	-1.06416251819649	-9.81	0	0
2.509	-1.07397251819649	-9.81	0	0
2.51	-1.08378251819649	-9.81	0	0
2.511	-1.09359251819649	-9.81	0	0
2.512	-1.10340251819649	-9.81	0	0
2.513	-1.11321251819649	-9.81	0	0
2.514	-1.12302251819649	-9.81	0	0
2.515	-1.13283251819649	-9.81	0	0
2.516	-1.14264251819649	-9.81	0	0
2.517	-1.15245251819649	-9.81	0	0
2.518	-1.16226251819649	-9.81	0	0
2.519	-1.17207251819649	-9.81	0	0
2.52	-1.18188251819649	-9.81	0	0
2.521	-1.19169251819649	-9.81	0	0
2.522	-1.20150251819649	-9.81	0	0
2.523	-1.21131251819649	-9.81	0	0
2.524	-1.22112251819649	-9.81	0	0
2.525	-1.23093251819649	-9.81	0	0
2.526	-1.24074251819649	-9.81	0	0
2.527	-1.25055251819649	-9.81	0	0
2.528	-1.26036251819649	-9.81	0	0
2.529	-1.27017251819649	-9.81	0	0
2.53	-1.27998251819649	-9.81	0	0
2.531	-1.28979251819649	-9.81	0	0
2.532	-1.29960251819649	-9.81	0	0
2.533	-1.30941251819649	-9.81	0	0
2.534	-1.31922251819649	-9.81	0	0
2.535	-1.32903251819649	-9.81	0	0
2.536	-1.33884251819649	-9.81	0	0
2.537	-1.34865251819649	-9.81	0	0
2.538	-1.35846251819649	-9.81	0	0
2.539	-1.36827251819649	-9.81	0	0
2.54	-1.37808251819649	-9.81	0	0
2.541	-1.38789251819649	-9.81	0	0
2.542	-1.39770251819649	-9.81	0	0
2.543	-1.40751251819649	-9.81	0	0
2.544	-1.41732251819649	-9.81	0	0
2.545	-1.42713251819649	-9.81	0	0
2.546	-1.43694251819649	-9.81	0	0
2.547	-1.44675251819649	-9.81	0	0
2.548	-1.45656251819649	-9.81	0	0
2.549	-1.46637251819649	-9.81	0	0
2.55	-1.47618251819649	-9.81	0	0
2.551	-1.48599251819649	-9.81	0	0
2.552	-1.49580251819649	-9.81	0	0
2.553	-1.50561251819649	-9.81	0	0
2.554	-1.51542251819649	-9.81	0	0
2.555	-1.52523251819649	-9.81	0	0
2.556	-1.53504251819649	-9.81	0	0
2.557	-1.54485251819649	-9.81	0	0
2.558	-1.55466251819649	-9.81	0	0
2.559	-1.56447251819649	-9.81	0	0
2.56	-1.57428251819649	-9.81	0	0
2.561	-1.58409251819649	-9.81	0	0
2.562	-1.59390251819649	-9.81	0	0
2.563	-1.60371251819649	-9.81	0	0
2.564	-1.61352251819649	-9.81	0	0
2.565	-1.62333251819649	-9.81	0	0
2.566	-1.63314251819649	-9.81	0	0
2.567	-1.64295251819649	-9.81	0	0
2.568	-1.65276251819649	-9.81	0	0
2.569	-1.66257251819649	-9.81	0	0
2.57	-1.67238251819649	-9.81	0	0
2.571	-1.68219251819649	-9.81	0	0
2.572	-1.69200251819649	-9.81	0	0
2.573	-1.70181251819649	-9.81	0	0
2.574	-1.71162251819649	-9.81	0	0
2.575	-1.72143251819649	-9.81	0	0
2.576	-1.73124251819649	-9.81	0	0
2.577	-1.74105251819649	-9.81	0	0
2.578	-1.75086251819649	-9.81	0	0
2.579	-1.76067251819649	-9.81	0	0
2.58	-1.77048251819649	-9.81	0	0
2.581	-1.78029251819649	-9.81	0	0
2.582	-1.79010251819649	-9.81	0	0
2.583	-1.79991251819649	-9.81	0	0
2.584	-1.80972251819649	-9.81	0	0
2.585	1.444857686845	-9.81	0	0
2.586	1.435047686845	-9.81	0	0
2.587	1.425237686845	-9.81	0	0
2.588	1.415427686845	-9.81	0	0
2.589	1.405617686845	-9.81	0	0
2.59	1.395807686845	-9.81	0	0
2.591	1.385997686845	-9.81	0	0
2.592	1.376187686845	-9.81	0	0
2.593	1.366377686845	-9.81	0	0
2.594	1.356567686845	-9.81	0	0
2.595	1.346757686845	-9.81	0	0
2.596	1.336947686845	-9.81	0	0
2.597	1.327137686845	-9.81	0	0
2.598	1.317327686845	-9.81	0	0
2.599	1.307517686845	-9.81	0	0
2.6	1.297707686845	-9.81	0	0
2.601	1.287897686845	-9.81	0	0
2.602	1.278087686845	-9.81	0	0
2.603	1.268277686845	-9.81	0	0
2.604	1.258467686845	-9.81	0	0
2.605	1.248657686845	-9.81	0	0
2.606	1.238847686845	-9.81	0	0
2.607	1.229037686845	-9.81	0	0
2.608	1.219227686845	-9.81	0	0
2.609	1.209417686845	-9.81	0	0
2.61	1.199607686845	-9.81	0	0
2.611	1.189797686845	-9.81	0	0
2.612	1.179987686845	-9.81	0	0
2.613	1.170177686845	-9.81	0	0
2.614	1.160367686845	-9.81	0	0
2.615	1.150557686845	-9.81	0	0
2.616	1.140747686845	-9.81	0	0
2.617	1.130937686845	-9.81	0	0
2.618	1.121127686845	-9.81	0	0
2.619	1.111317686845	-9.81	0	0
2.62	1.101507686845	-9.81	0	0
2.621	1.091697686845	-9.81	0	0
2.622	1.081887686845	-9.81	0	0
2.623	1.072077686845	-9.81	0	0
2.624	1.062267686845	-9.81	0	0
2.625	1.052457686845	-9.81	0	0
2.626	1.042647686845	-9.81	0	0
2.627	1.032837686845	-9.81	0	0
2.628	1.023027686845	-9.81	0	0
2.629	1.013217686845	-9.81	0	0
2.63	1.003407686845	-9.81	0	0
2.631	0.993597686844998	-9.81	0	0
2.632	0.983787686844999	-9.81	0	0
2.633	0.973977686845	-9.81	0	0
2.634	0.964167686845001	-9.81	0	0
2.635	0.954357686844998	-9.81	0	0
2.636	0.944547686844999	-9.81	0	0
2.637	0.934737686845	-9.81	0	0
2.638	0.924927686845001	-9.81	0	0
2.639	0.915117686844998	-9.81	0	0
2.64	0.905307686844999	-9.81	0	0
2.641	0.895497686845	-9.81	0	0
2.642	0.885687686845001	-9.81	0	0
2.643	0.875877686844998	-9.81	0	0
2.644	0.866067686844999	-9.81	0	0
2.645	0.856257686845	-9.81	0	0
2.646	0.846447686845001	-9.81	0	0
2.647	0.836637686844998	-9.81	0	0
2.648	0.826827686844999	-9.81	0	0
2.649	0.817017686845	-9.81	0	0
2.65	0.807207686845001	-9.81	0	0
2.651	0.797397686844997	-9.81	0	0
2.652	0.787587686844999	-9.81	0	0
2.653	0.777777686845	-9.81	0	0
2.654	0.767967686845001	-9.81	0	0
2.655	0.758157686844998	-9.81	0	0
2.656	0.748347686844999	-9.81	0	0
2.657	0.738537686845	-9.81	0	0
2.658	0.728727686845001	-9.81	0	0
2.659	0.718917686844997	-9.81	0	0
2.66	0.709107686844998	-9.81	0	0
2.661	0.699297686845	-9.81	0	0
2.662	0.689487686845001	-9.81	0	0
2.663	0.679677686844997	-9.81	0	0
2.664	0.669867686844998	-9.81	0	0
2.665	0.660057686845	-9.81	0	0
2.666	0.650247686845001	-9.81	0	0
2.667	0.640437686844997	-9.81	0	0
2.668	0.630627686844998	-9.81	0	0
2.669	0.620817686844999	-9.81	0	0
2.67	0.611007686845001	-9.81	0	0
2.671	0.601197686844997	-9.81	0	0
2.672	0.591387686844998	-9.81	0	0
2.673	0.581577686844999	-9.81	0	0
2.674	0.571767686845001	-9.81	0	0
2.675	0.561957686844997	-9.81	0	0
2.676	0.552147686844998	-9.81	0	0
2.677	0.542337686844999	-9.81	0	0
2.678	0.532527686845001	-9.81	0	0
2.679	0.522717686844997	-9.81	0	0
2.68	0.512907686844998	-9.81	0	0
2.681	0.503097686844999	-9.81	0	0
2.682	0.493287686845	-9.81	0	0
2.683	0.483477686844997	-9.81	0	0
2.684	0.473667686844998	-9.81	0	0
2.685	0.463857686844999	-9.81	0	0
2.686	0.454047686845	-9.81	0	0
2.687	0.444237686844997	-9.81	0	0
2.688	0.434427686844998	-9.81	0	0
2.689	0.424617686844999	-9.81	0	0
2.69	0.414807686845	-9.81	0	0
2.691	0.404997686845001	-9.81	0	0
2.692	0.395187686844998	-9.81	0	0
2.693	0.385377686844999	-9.81	0	0
2.694	0.375567686845	-9.81	0	0
2.695	0.365757686845001	-9.81	0	0
2.696	0.355947686844998	-9.81	0	0
2.697	0.346137686844999	-9.81	0	0
2.698	0.336327686845	-9.81	0	0
2.699	0.326517686845001	-9.81	0	0
2.7	0.316707686844998	-9.81	0	0
2.701	0.306897686844999	-9.81	0	0
2.702	0.297087686845	-9.81	0	0
2.703	0.287277686845001	-9.81	0	0
2.704	0.277467686844998	-9.81	0	0
2.705	0.267657686844999	-9.81	0	0
2.706	0.257847686845	-9.81	0	0
2.707	0.248037686845001	-9.81	0	0
2.708	0.238227686844998	-9.81	0	0
2.709	0.228417686844999	-9.81	0	0
2.71	0.218607686845	-9.81	0	0
2.711	0.208797686845001	-9.81	0	0
2.712	0.198987686844998	-9.81	0	0
2.713	0.189177686844999	-9.81	0	0
2.714	0.179367686845	-9.81	0	0
2.715	0.169557686845001	-9.81	0	0
2.716	0.159747686844998	-9.81	0	0
2.717	0.149937686844999	-9.81	0	0
2.718	0.140127686845	-9.81	0	0
2.719	0.130317686845001	-9.81	0	0
2.72	0.120507686844998	-9.81	0	0
2.721	0.110697686844999	-9.81	0	0
2.722	0.100887686845	-9.81	0	0
2.723	0.0910776868450012	-9.81	0	0
2.724	0.0812676868449979	-9.81	0	0
2.725	0.071457686844999	-9.81	0	0
2.726	0.0616476868450001	-9.81	0	0
2.727	0.0518376868450012	-9.81	0	0
2.728	0.0420276868449979	-9.81	0	0
2.729	0.032217686844999	-9.81	0	0
2.73	0.022407686845	-9.81	0	0
2.731	0.0125976868450011	-9.81	0	0
2.732	0.00278768684499785	-9.81	0	0
2.733	-0.00702231315500107	-9.81	0	0
2.734	-0.016832313155	-9.81	0	0
2.735	-0.0266423131549989	-9.81	0	0
2.736	-0.0364523131550022	-9.81	0	0
2.737	-0.0462623131550011	-9.81	0	0
2.738	-0.056072313155	-9.81	0	0
2.739	-0.065882313154999	-9.81	0	0
2.74	-0.0756923131550022	-9.81	0	0
2.741	-0.0855023131550011	-9.81	0	0
2.742	-0.0953123131550001	-9.81	0	0
2.743	-0.105122313154999	-9.81	0	0
2.744	-0.114932313155002	-9.81	0	0
2.745	-0.124742313155001	-9.81	0	0
2.746	-0.134552313155	-9.81	0	0
2.747	-0.144362313154999	-9.81	0	0
2.748	-0.154172313155002	-9.81	0	0
2.749	-0.163982313155001	-9.81	0	0
2.75	-0.173792313155	-9.81	0	0
2.751	-0.183602313154999	-9.81	0	0
2.752	-0.193412313155002	-9.81	0	0
2.753	-0.203222313155001	-9.81	0	0
2.754	-0.213032313155	-9.81	0	0
2.755	-0.222842313154999	-9.81	0	0
2.756	-0.232652313155002	-9.81	0	0
2.757	-0.242462313155001	-9.81	0	0
2.758	-0.252272313155	-9.81	0	0
2.759	-0.262082313154999	-9.81	0	0
2.76	-0.271892313155002	-9.81	0	0
2.761	-0.281702313155001	-9.81	0	0
2.762	-0.291512313155	-9.81	0	0
2.763	-0.301322313154999	-9.81	0	0
2.764	-0.311132313155002	-9.81	0	0
2.765	-0.320942313155001	-9.81	0	0
2.766	-0.330752313155	-9.81	0	0
2.767	-0.340562313154999	-9.81	0	0
2.768	-0.350372313155003	-9.81	0	0
2.769	-0.360182313155001	-9.81	0	0
2.77	-0.369992313155	-9.81	0	0
2.771	-0.379802313154999	-9.81	0	0
2.772	-0.389612313155002	-9.81	0	0
2.773	-0.399422313155001	-9.81	0	0
2.774	-0.409232313155	-9.81	0	0
2.775	-0.419042313154999	-9.81	0	0
2.776	-0.428852313155003	-9.81	0	0
2.777	-0.438662313155001	-9.81	0	0
2.778	-0.448472313155	-9.81	0	0
2.779	-0.458282313154999	-9.81	0	0
2.78	-0.468092313155003	-9.81	0	0
2.781	-0.477902313155002	-9.81	0	0
2.782	-0.487712313155	-9.81	0	0
2.783	-0.497522313154999	-9.81	0	0
2.784	-0.507332313155003	-9.81	0	0
2.785	-0.517142313155002	-9.81	0	0
2.786	-0.526952313155	-9.81	0	0
2.787	-0.536762313154999	-9.81	0	0
2.788	-0.546572313155003	-9.81	0	0
2.789	-0.556382313155002	-9.81	0	0
2.79	-0.566192313155001	-9.81	0	0
2.791	-0.576002313154999	-9.81	0	0
2.792	-0.585812313155003	-9.81	0	0
2.793	-0.595622313155002	-9.81	0	0
2.794	-0.605432313155001	-9.81	0	0
2.795	-0.615242313154999	-9.81	0	0
2.796	-0.625052313155003	-9.81	0	0
2.797	-0.634862313155002	-9.81	0	0
2.798	-0.644672313155001	-9.81	0	0
2.799	-0.654482313154999	-9.81	0	0
2.8	-0.664292313155003	-9.81	0	0
2.801	-0.674102313155002	-9.81	0	0
2.802	-0.683912313155001	-9.81	0	0
2.803	-0.693722313155	-9.81	0	0
2.804	-0.703532313155003	-9.81	0	0
2.805	-0.713342313155002	-9.81	0	0
2.806	-0.723152313155001	-9.81	0	0
2.807	-0.732962313155	-9.81	0	0
2.808	-0.742772313155003	-9.81	0	0
2.809	-0.752582313155002	-9.81	0	0
2.81	-0.762392313155001	-9.81	0	0
2.811	-0.772202313155	-9.81	0	0
2.812	-0.782012313155003	-9.81	0	0
2.813	-0.791822313155002	-9.81	0	0
2.814	-0.801632313155001	-9.81	0	0
2.815	-0.811442313155	-9.81	0	0
2.816	-0.821252313154999	-9.81	0	0
2.817	-0.831062313155002	-9.81	0	0
2.818	-0.840872313155001	-9.81	0	0
2.819	-0.850682313155	-9.81	0	0
2.82	-0.860492313154999	-9.81	0	0
2.821	-0.870302313155002	-9.81	0	0
2.822	-0.880112313155001	-9.81	0	0
2.823	-0.889922313155	-9.81	0	0
2.824	-0.899732313154999	-9.81	0	0
2.825	-0.909542313155002	-9.81	0	0
2.826	-0.919352313155001	-9.81	0	0
2.827	-0.929162313155	-9.81	0	0
2.828	-0.938972313154999	-9.81	0	0
2.829	-0.948782313155002	-9.81	0	0
2.83	-0.958592313155001	-9.81	0	0
2.831	-0.968402313155	-9.81	0	0
2.832	-0.978212313154999	-9.81	0	0
2.833	-0.988022313155002	-9.81	0	0
2.834	-0.997832313155001	-9.81	0	0
2.835	-1.007642313155	-9.81	0	0
2.836	-1.017452313155	-9.81	0	0
2.837	-1.027262313155	-9.81	0	0
2.838	-1.037072313155	-9.81	0	0
2.839	-1.046882313155	-9.81	0	0
2.84	-1.056692313155	-9.81	0	0
2.841	-1.066502313155	-9.81	0	0
2.842	-1.076312313155	-9.81	0	0
2.843	-1.086122313155	-9.81	0	0
2.844	-1.095932313155	-9.81	0	0
2.845	-1.105742313155	-9.81	0	0
2.846	-1.115552313155	-9.81	0	0
2.847	-1.125362313155	-9.81	0	0
2.848	-1.135172313155	-9.81	0	0
2.849	-1.144982313155	-9.81	0	0
2.85	-1.154792313155	-9.81	0	0
2.851	-1.164602313155	-9.81	0	0
2.852	-1.174412313155	-9.81	0	0
2.853	-1.184222313155	-9.81	0	0
2.854	-1.194032313155	-9.81	0	0
2.855	-1.203842313155	-9.81	0	0
2.856	-1.213652313155	-9.81	0	0
2.857	-1.223462313155	-9.81	0	0
2.858	-1.233272313155	-9.81	0	0
2.859	-1.243082313155	-9.81	0	0
2.86	-1.252892313155	-9.81	0	0
2.861	-1.262702313155	-9.81	0	0
2.862	-1.272512313155	-9.81	0	0
2.863	-1.282322313155	-9.81	0	0
2.864	-1.292132313155	-9.81	0	0
2.865	-1.301942313155	-9.81	0	0
2.866	-1.311752313155	-9.81	0	0
2.867	-1.321562313155	-9.81	0	0
2.868	-1.331372313155	-9.81	0	0
2.869	-1.341182313155	-9.81	0	0
2.87	-1.350992313155	-9.81	0	0
2.871	-1.360802313155	-9.81	0	0
2.872	-1.370612313155	-9.81	0	0
2.873	-1.380422313155	-9.81	0	0
2.874	-1.390232313155	-9.81	0	0
2.875	-1.400042313155	-9.81	0	0
2.876	-1.409852313155	-9.81	0	0
2.877	-1.419662313155	-9.81	0	0
2.878	-1.429472313155	-9.81	0	0
2.879	-1.439282313155	-9.81	0	0
2.88	-1.449092313155	-9.81	0	0
2.881	1.15572289431976	-9.81	0	0
2.882	1.14591289431976	-9.81	0	0
2.883	1.13610289431976	-9.81	0	0
2.884	1.12629289431976	-9.81	0	0
2.885	1.11648289431976	-9.81	0	0
2.886	1.10667289431976	-9.81	0	0
2.887	1.09686289431976	-9.81	0	0
2.888	1.08705289431976	-9.81	0	0
2.889	1.07724289431976	-9.81	0	0
2.89	1.06743289431976	-9.81	0	0
2.891	1.05762289431976	-9.81	0	0
2.892	1.04781289431976	-9.81	0	0
2.893	1.03800289431976	-9.81	0	0
2.894	1.02819289431976	-9.81	0	0
2.895	1.01838289431976	-9.81	0	0
2.896	1.00857289431976	-9.81	0	0
2.897	0.998762894319756	-9.81	0	0
2.898	0.988952894319757	-9.81	0	0
2.899	0.979142894319758	-9.81	0	0
2.9	0.969332894319759	-9.81	0	0
2.901	0.959522894319756	-9.81	0	0
2.902	0.949712894319757	-9.81	0	0
2.903	0.939902894319758	-9.81	0	0
2.904	0.930092894319759	-9.81	0	0
2.905	0.920282894319756	-9.81	0	0
2.906	0.910472894319757	-9.81	0	0
2.907	0.900662894319758	-9.81	0	0
2.908	0.890852894319759	-9.81	0	0
2.909	0.881042894319756	-9.81	0	0
2.91	0.871232894319757	-9.81	0	0
2.911	0.861422894319758	-9.81	0	0
2.912	0.851612894319759	-9.81	0	0
2.913	0.841802894319756	-9.81	0	0
2.914	0.831992894319757	-9.81	0	0
2.915	0.822182894319758	-9.81	0	0
2.916	0.812372894319759	-9.81	0	0
2.917	0.802562894319756	-9.81	0	0
2.918	0.792752894319757	-9.81	0	0
2.919	0.782942894319758	-9.81	0	0
2.92	0.773132894319759	-9.81	0	0
2.921	0.763322894319756	-9.81	0	0
2.922	0.753512894319757	-9.81	0	0
2.923	0.743702894319758	-9.81	0	0
2.924	0.733892894319759	-9.81	0	0
2.925	0.724082894319756	-9.81	0	0
2.926	0.714272894319757	-9.81	0	0
2.927	0.704462894319758	-9.81	0	0
2.928	0.694652894319759	-9.81	0	0
2.929	0.684842894319756	-9.81	0	0
2.93	0.675032894319757	-9.81	0	0
2.931	0.665222894319758	-9.81	0	0
2.932	0.655412894319759	-9.81	0	0
2.933	0.645602894319756	-9.81	0	0
2.934	0.635792894319757	-9.81	0	0
2.935	0.625982894319758	-9.81	0	0
2.936	0.616172894319759	-9.81	0	0
2.937	0.606362894319756	-9.81	0	0
2.938	0.596552894319757	-9.81	0	0
2.939	0.586742894319758	-9.81	0	0
2.94	0.576932894319759	-9.81	0	0
2.941	0.567122894319756	-9.81	0	0
2.942	0.557312894319757	-9.81	0	0
2.943	0.547502894319758	-9.81	0	0
2.944	0.537692894319759	-9.81	0	0
2.945	0.52788289431976	-9.81	0	0
2.946	0.518072894319757	-9.81	0	0
2.947	0.508262894319758	-9.81	0	0
2.948	0.498452894319759	-9.81	0	0
2.949	0.48864289431976	-9.81	0	0
2.95	0.478832894319757	-9.81	0	0
2.951	0.469022894319758	-9.81	0	0
2.952	0.459212894319759	-9.81	0	0
2.953	0.44940289431976	-9.81	0	0
2.954	0.439592894319757	-9.81	0	0
2.955	0.429782894319758	-9.81	0	0
2.956	0.419972894319759	-9.81	0	0
2.957	0.41016289431976	-9.81	0	0
2.958	0.400352894319757	-9.81	0	0
2.959	0.390542894319758	-9.81	0	0
2.96	0.380732894319759	-9.81	0	0
2.961	0.37092289431976	-9.81	0	0
2.962	0.361112894319757	-9.81	0	0
2.963	0.351302894319758	-9.81	0	0
2.964	0.341492894319759	-9.81	0	0
2.965	0.33168289431976	-9.81	0	0
2.966	0.321872894319757	-9.81	0	0
2.967	0.312062894319758	-9.81	0	0
2.968	0.302252894319759	-9.81	0	0
2.969	0.29244289431976	-9.81	0	0
2.97	0.282632894319757	-9.81	0	0
2.971	0.272822894319758	-9.81	0	0
2.972	0.263012894319759	-9.81	0	0
2.973	0.25320289431976	-9.81	0	0
2.974	0.243392894319756	-9.81	0	0
2.975	0.233582894319758	-9.81	0	0
2.976	0.223772894319759	-9.81	0	0
2.977	0.21396289431976	-9.81	0	0
2.978	0.204152894319756	-9.81	0	0
2.979	0.194342894319758	-9.81	0	0
2.98	0.184532894319759	-9.81	0	0
2.981	0.17472289431976	-9.81	0	0
2.982	0.164912894319756	-9.81	0	0
2.983	0.155102894319757	-9.81	0	0
2.984	0.145292894319759	-9.81	0	0
2.985	0.13548289431976	-9.81	0	0
2.986	0.125672894319756	-9.81	0	0
2.987	0.115862894319757	-9.81	0	0
2.988	0.106052894319759	-9.81	0	0
2.989	0.0962428943197596	-9.81	0	0
2.99	0.0864328943197563	-9.81	0	0
2.991	0.0766228943197574	-9.81	0	0
2.992	0.0668128943197585	-9.81	0	0
2.993	0.0570028943197596	-9.81	0	0
2.994	0.0471928943197563	-9.81	0	0
2.995	0.0373828943197574	-9.81	0	0
2.996	0.0275728943197584	-9.81	0	0
2.997	0.0177628943197595	-9.81	0	0
2.998	0.00795289431975624	-9.81	0	0
2.999	-0.00185710568024268	-9.81	0	0
3	-0.0116671056802416	-9.81	0	0
