0	0
0.0014142135623731	1e-06
0.00282842712474625	4.00000000000008e-06
0.00424264068711925	8.9999999999999e-06
0.00565685424949225	1.59999999999995e-05
0.00707106781186525	2.49999999999988e-05
0.00848528137423826	3.59999999999978e-05
0.00989949493661187	4.90000000000017e-05
0.0113137084989855	6.40000000000072e-05
0.0127279220613591	8.10000000000141e-05
0.0141421356237327	0.000100000000000022
0.0155563491861063	0.000121000000000032
0.0169705627484799	0.000144000000000044
0.0183847763108523	0.000169000000000036
0.0197989898732247	0.000196000000000026
0.0212132034355971	0.000225000000000014
0.0226274169979695	0.000256
0.0240416305603419	0.000288999999999983
0.0254558441227143	0.000323999999999965
0.0268700576850867	0.000360999999999946
0.0282842712474591	0.000399999999999924
0.0296984848098314	0.0004409999999999
0.0311126983722038	0.000483999999999874
0.0325269119345762	0.000528999999999846
0.0339411254969486	0.000575999999999816
0.035355339059321	0.000624999999999784
0.0367695526216934	0.00067599999999975
0.0381837661840658	0.000728999999999714
0.0395979797464382	0.000783999999999676
0.0410121933088106	0.000840999999999636
0.0424264068711829	0.000899999999999594
0.0438406204335553	0.00096099999999955
0.0452548339959277	0.0010239999999995
0.0466690475583001	0.00108899999999946
0.0480832611206725	0.00115599999999941
0.0494974746830449	0.00122499999999935
0.0509116882454173	0.0012959999999993
0.0523259018077897	0.00136899999999924
0.0537401153701621	0.00144399999999919
0.0551543289325344	0.00152099999999913
0.0565685424949068	0.00159999999999906
0.0579827560572792	0.001680999999999
0.0593969696196516	0.00176399999999893
0.060811183182024	0.00184899999999887
0.0622253967443964	0.0019359999999988
0.0636396103067688	0.00202499999999872
0.0650538238691412	0.00211599999999865
0.0664680374315135	0.00220899999999857
0.0678822509938859	0.00230399999999849
0.0692964645562583	0.00240099999999841
0.0707106781186307	0.00249999999999833
0.0721248916810031	0.00260099999999825
0.0735391052433755	0.00270399999999816
0.0749533188057478	0.00280899999999807
0.0763675323681202	0.00291599999999798
0.0777817459304926	0.00302499999999789
0.079195959492865	0.0031359999999978
0.0806101730552374	0.0032489999999977
0.0820243866176097	0.0033639999999976
0.0834386001799821	0.0034809999999975
0.0848528137423545	0.0035999999999974
0.0862670273047269	0.00372099999999729
0.0876812408670993	0.00384399999999719
0.0890954544294717	0.00396899999999708
0.090509667991844	0.00409599999999697
0.0919238815542164	0.00422499999999685
0.0933380951165888	0.00435599999999674
0.0947523086789612	0.00448899999999662
0.0961665222413336	0.0046239999999965
0.097580735803706	0.00476099999999638
0.0989949493660783	0.00489999999999626
0.100409162928451	0.00504099999999614
0.101823376490823	0.00518399999999601
0.103237590053195	0.00532899999999588
0.104651803615568	0.00547599999999575
0.10606601717794	0.00562499999999562
0.107480230740313	0.00577599999999548
0.108894444302685	0.00592899999999534
0.110308657865057	0.00608399999999521
0.11172287142743	0.00624099999999506
0.113137084989802	0.00639999999999492
0.114551298552175	0.00656099999999478
0.115965512114547	0.00672399999999463
0.117379725676919	0.00688899999999448
0.118793939239292	0.00705599999999433
0.120208152801664	0.00722499999999418
0.121622366364036	0.00739599999999402
0.123036579926409	0.00756899999999386
0.124450793488781	0.00774399999999371
0.125865007051154	0.00792099999999355
0.127279220613526	0.00809999999999339
0.128693434175898	0.00828099999999322
0.130107647738271	0.00846399999999306
0.131521861300643	0.00864899999999289
0.132936074863016	0.00883599999999272
0.134350288425388	0.00902499999999255
0.13576450198776	0.00921599999999238
0.137178715550133	0.0094089999999922
0.138592929112505	0.00960399999999202
0.140007142674878	0.00980099999999184
0.14142135623725	0.00999999999999166
0.142835569799622	0.0102009999999915
0.144263925497618	0.0104060400999912
0.145706564752593	0.0106152015060009
0.147163630400119	0.0108285670562714
0.148635266704119	0.0110462212541024
0.150121619371159	0.0112682503013097
0.15162283556487	0.0114947421323659
0.153139063920518	0.0117257864492264
0.154670454559723	0.0119614747568557
0.156217159105319	0.0122019003994684
0.157779330696372	0.0124471585974976
0.159357124003335	0.0126973464853072
0.160950695243367	0.0129525631496617
0.1625602021958	0.0132129096689698
0.164185804217757	0.0134784891533159
0.165827662259934	0.0137494067852975
0.167485938882532	0.0140257698616818
0.169160798271357	0.0143076878359015
0.17085240625407	0.0145952723614029
0.172560930316609	0.014888637335867
0.174286539619775	0.0151878989463178
0.176029405015972	0.0154931757151386
0.17778969906613	0.0158045885470127
0.179567596056791	0.0161222607768075
0.181363272017358	0.0164463182184212
0.183176904737531	0.0167768892146113
0.185008673784905	0.0171141046878248
0.186858760522753	0.0174580981920499
0.18872734812798	0.0178090059657099
0.190614621609259	0.0181669669856205
0.19252076782535	0.0185321230220313
0.194445975503603	0.018904618694774
0.196390435258638	0.0192846015305387
0.198354339611223	0.0196722220213024
0.200337883007334	0.0200676336839304
0.202341261837407	0.0204709931209772
0.20436467445578	0.0208824600827086
0.206408321200337	0.0213021975303708
0.208472404412339	0.0217303717007311
0.210557128456461	0.0221671521719155
0.212662699741025	0.0226127119305708
0.214789326738434	0.0230672274403751
0.216937220005817	0.0235308787119264
0.219106592205875	0.0240038493740358
0.221297658127932	0.0244863267464537
0.22351063470921	0.0249785019140572
0.225745741056301	0.0254805698025295
0.228003198466863	0.0259927292555601
0.230283230451531	0.0265151831135966
0.232586062756045	0.0270481382941796
0.234911923383604	0.0275918058738923
0.237261042617439	0.0281464011719573
0.239633653043612	0.0287121438355134
0.242029989574047	0.0292892579266069
0.244450289469787	0.0298779720109314
0.246894792364483	0.0304785192483508
0.249363740288127	0.0310911374852424
0.251857377691007	0.0317160693486954
0.254375951467951	0.0323535623426127
0.256919710982664	0.0330038689457078
0.259488908092525	0.0336672467115254
0.262083797173485	0.0343439583704361
0.264704635145255	0.035034271933691
0.267351681496743	0.0357384607995676
0.270025198311746	0.0364568038616485
0.2727254502949	0.0371895856192773
0.275452704797885	0.0379370962902348
0.278207231845901	0.0386996319256786
0.280989304164397	0.0394774945273951
0.283799197206078	0.0402709921674064
0.286637189178177	0.041080439109982
0.289503561069997	0.0419061559361037
0.292398596680736	0.0427484696704306
0.295322582647582	0.0436077139108177
0.298275808474098	0.0444842289604368
0.301258566558879	0.0453783619625535
0.304271152224508	0.046290467038013
0.307313863746793	0.0472209054254894
0.310387002384302	0.0481700456245544
0.313490872408187	0.0491382635416209
0.31662578113231	0.0501259426388206
0.319792038943676	0.0511334740858744
0.322989959333155	0.0521612569150141
0.32621985892653	0.0532096981790199
0.329482057515839	0.0542792131124325
0.332776878091041	0.0553702252960069
0.336104646871996	0.0564831668244715
0.339465693340761	0.0576184784776585
0.342860350274214	0.0587766098950749
0.346288953777002	0.0599580197539817
0.349751843314818	0.0611631759510528
0.353249361748013	0.0623925557876853
0.35678185536554	0.0636466461590346
0.360349673919243	0.0649259437468482
0.363953170658484	0.0662309552161773
0.367592702365117	0.0675621974160402
0.371268629388817	0.0689201975841208
0.374981315682755	0.0703054935555801
0.378731128839633	0.0717186339760661
0.382518440128079	0.0731601785190042
0.386343624529411	0.0746306981072559
0.390207060774757	0.0761307751392317
0.394109131382557	0.0776610037195507
0.398050222696435	0.0792219898943345
0.402030724923452	0.0808143518912319
0.40605103217274	0.0824387203642673
0.410111542494522	0.0840957386436112
0.414212657919522	0.0857860629903704
0.418354784498772	0.0875103628564999
0.422538332343816	0.089269321149939
0.42676371566731	0.0910636345050767
0.43103135282404	0.0928940135586532
0.435341666352338	0.094761183231207
0.439695083015919	0.0966658830141797
0.444092033846137	0.0986088672627907
0.448532954184658	0.100590905494799
0.453018283726564	0.102612782695272
0.45754846656389	0.104675299627474
0.46212395122959	0.106779273150015
0.466745190741948	0.108925536540358
0.471412642649429	0.111114939824849
0.476126769075987	0.113348350115358
0.48088803676681	0.115626651952707
0.485696917134542	0.117950747656988
0.490553886305952	0.120321557684925
0.495459425169077	0.122740020994424
0.500414019420834	0.125207095416445
0.50541815961497	0.12772375803428
0.510472341211047	0.130291005570732
0.515577064623084	0.132909854782667
0.52073283526924	0.13558134286376
0.525940163621858	0.138306527855283
0.531199565258	0.141086489065134
0.536511560910504	0.143922327495303
0.541876676519532	0.146815166277917
0.547295443284649	0.149766151120061
0.552768397717416	0.152776450757532
0.558296081694511	0.155847257417714
0.563879042511376	0.158979787291766
0.569517832936408	0.162175281016284
0.57521301126569	0.165435004164665
0.580965141378264	0.168760247748327
0.586774792791964	0.17215232872802
0.592642540719799	0.175612590535404
0.598568966126911	0.179142403605115
0.604554655788094	0.182743165917527
0.610600202345888	0.186416303552416
0.616706204369259	0.190163271253766
0.622873266412863	0.193985553005912
0.629101999076902	0.197884662621276
0.635393019067581	0.201862144339906
0.641746949258165	0.20591957344108
0.648164418750655	0.210058556867187
0.654646062938068	0.214280733860157
0.661192523567354	0.218587776610684
0.667804448802933	0.222981390920496
0.674482493290866	0.227463316877934
0.681227318223678	0.232035329547115
0.688039591405817	0.236699239670945
0.694919987319776	0.241456894388263
0.701869187192874	0.246310177965398
0.708887879064702	0.251261012542432
0.715976757855247	0.256311358894462
0.723136525433697	0.261463217208167
0.73036789068793	0.266718627873976
0.737671569594704	0.272079672294166
0.745048285290545	0.2775484737072
0.752498768143344	0.283127198028635
0.760023755824669	0.288818054708929
0.767623993382807	0.294623297608496
0.775300233316525	0.300545225890342
0.783053235649579	0.306586184930651
0.790883768005962	0.312748567247669
0.798792605685908	0.319034813449257
0.806780531742653	0.325447413199495
0.814848337059963	0.331988906204711
0.822996820430446	0.33866188321933
0.831226788634632	0.345468987071941
0.839539056520859	0.352412913711988
0.847934447085948	0.359496413277497
0.856413791556685	0.366722291184271
0.864977929472129	0.374093409236969
0.873627708766727	0.381612686762525
0.882363985854269	0.389283101766341
0.891187625712685	0.397107692111733
0.900099501969684	0.405089556723064
0.909100496989251	0.413231856813081
0.918191501959014	0.421537817134905
0.927373416978472	0.430010727259195
0.936647151148124	0.438653942876981
0.946013622659471	0.447470887128681
0.95547375888593	0.456465051959839
0.965028496474652	0.4656399995041
0.97467878143926	0.474999363493998
0.984425569253513	0.484546850700091
0.994269824945907	0.494286242399023
1.00421252319522	0.5042213958711
1.01425464842759	0.514356245928524
1.02439719491228	0.52469480647211
1.03464116686183	0.535241172082631
1.04498757853087	0.545999519641932
1.05543745431661	0.556974109987184
1.06599182886021	0.568169289598384
1.07665174714925	0.579589492319779
1.08741826462119	0.591239241115883
1.09829244726785	0.603123149862799
1.10927537174098	0.615245925175537
1.12036812545884	0.627612368272072
1.13157180671389	0.640227376874857
1.1428875247815	0.653095947150568
1.15431640002978	0.666223175688832
1.16585956403055	0.679614261520726
1.17751815967134	0.693274508177852
1.18929334126854	0.707209325792798
1.20118627468171	0.721424233241815
1.21319813742902	0.735924860330569
1.22533011880381	0.75071695002382
1.23758341999235	0.765806360719917
1.24995925419278	0.781199068571018
1.26245884673522	0.796901169849939
1.2750834352031	0.812918883364579
1.28783426955565	0.829258552920876
1.30071261225174	0.845926649835269
1.31371973837479	0.862929775497655
1.32685693575907	0.880274663985869
1.34012550511721	0.89796818473271
1.35352676016893	0.916017345246577
1.36706202777118	0.934429293886788
1.38073264804945	0.953211322694682
1.39453997453051	0.972370870281631
1.40848537427639	0.991915524775093
1.42257022801973	1.01185302682389
1.43679593030051	1.03219127266388
1.45116388960411	1.05293831724528
1.46567552850074	1.07410237742278
1.48033228378635	1.09569183520986
1.49513560662482	1.11771524109848
1.51008696269169	1.14018131744548
1.52518783231922	1.16309896192708
1.54043971064304	1.18647725106277
1.5558441077501	1.21032544381011
1.57140254882824	1.23465298523169
1.58711657431717	1.25946951023587
1.60298774006099	1.28478484739265
1.61901761746226	1.3106090228263
1.63520779363755	1.33695226418619
1.65155987157459	1.36382500469744
1.66807547029102	1.39123788729298
1.68475622499461	1.41920176882872
1.70160378724525	1.44772772438334
1.7186198251184	1.47682705164464
1.73580602337029	1.50651127538392
1.7531640836047	1.53679215202038
1.77069572444147	1.56768167427726
1.78840268168661	1.59919207593152
1.80628670850421	1.63133583665907
1.82434957558999	1.66412568697726
1.84259307134664	1.69757461328688
1.86101900206086	1.73169586301534
1.87962919208223	1.76650294986338
1.89842548400383	1.80200965915709
1.91740973884464	1.83823005330764
1.93658383623388	1.87517847738064
1.95594967459701	1.91286956477754
1.97550917134378	1.95131824303114
1.99526426305803	1.99053973971768
2.01521690568943	2.03054958848765
2.03536907474491	2.07136363521342
2.05572276549093	2.11299804427832
2.0762799931444	2.15546930496536
2.09704279307439	2.19879423799216
2.11801322100367	2.24299000217273
2.13919335321222	2.28807410121327
2.16058528674285	2.33406439064447
2.18219113960877	2.38097908489316
2.20401305100333	2.42883676449619
2.22605318151182	2.47765638345917
2.24831371332538	2.52745727676324
2.27079685045706	2.57825916802265
2.29350481896004	2.6300821772963
2.31643986714804	2.68294682905628
2.3396042658179	2.73687406031657
2.36300030847444	2.79188522892511
2.38663031155754	2.8480021220226
2.41049661467144	2.90524696467127
2.43460158081647	2.9636424286571
2.45894759662294	3.02321164146897
2.48353707258745	3.08397819545827
2.50837244331159	3.14596615718267
2.53345616774295	3.20920007693764
2.55879072941861	3.2737049984796
2.58437863671101	3.33950646894446
2.61022242307632	3.40663054896557
2.63632464730526	3.47510382299501
2.66268789377647	3.54495340983235
2.68931477271237	3.61620697336502
2.71620792043762	3.6888927335246
2.7433699996401	3.76303947746328
2.77080369963459	3.83867657095503
2.798511736629	3.91583397002585
2.82649685399333	3.99454223281789
2.85476182253129	4.07483253169194
2.88330944075461	4.15673666557324
2.91214253516015	4.24028707254544
2.94126396050972	4.32551684269767
2.97067660011276	4.41245973122984
3.00038336611182	4.50115017182138
3.03038719977084	4.59162329026868
3.06069107176644	4.68391491839666
3.09129798248197	4.77806160824987
3.12221096230463	4.874100646569
3.1534330719255	4.97207006955821
3.18496740264255	5.07200867794936
3.21681707666676	5.17395605236904
3.24898524743118	5.27795256901441
3.28147509990323	5.3840394156442
3.31428985089997	5.49225860789111
3.34743274940666	5.60265300590203
3.3809070768984	5.71526633131281
3.41471614766502	5.83014318456419
3.44886330913929	5.94732906256576
3.48335194222828	6.06687037671499
3.51818546164814	6.18881447127846
3.55336731626216	6.31320964214249
3.58890098942231	6.4401051559407
3.62478999931403	6.56955126956608
3.66103789930465	6.70159925007515
3.69764827829514	6.83630139499227
3.73462476107551	6.97371105302203
3.77197100868367	7.11388264517799
3.80969071876788	7.2568716863361
3.8477876259529	7.40273480722128
3.88626550220975	7.55152977683605
3.92512815722914	7.70331552533987
3.96437943879869	7.8581521673884
4.00402323318392	8.01610102594188
4.04406346551297	8.17722465655208
4.08450410016528	8.3415868721373
4.12534914116409	8.50925276825557
4.16660263257286	8.68028874888557
4.20826865889568	8.854762552726
4.25035134548171	9.03274328002337
4.29285485893357	9.21430141993917
4.33578340751991	9.39950887846703
4.37914124159209	9.58843900691103
4.42293265400496	9.78116663093649
4.46716198054193	9.9777680802046
4.51183360034424	10.1783212186027
4.55695193634454	10.3829054750823
4.60252145570481	10.5916018751169
4.64854667025865	10.8044930727919
4.695032136958	11.0216633835399
4.74198245832432	11.2431988175336
4.78940228290426	11.4691871137502
4.83729630572997	11.6997177747205
4.8856692687839	11.934882101976
4.93452596146833	12.174773232209
4.98387122107958	12.4194861741593
5.03370993328691	12.6691178462425
5.08404703261627	12.9237671149342
5.1348875029389	13.1835348339262
5.18623637796471	13.4485238840696
5.23809874174075	13.7188392141205
5.29047972915451	13.9945878823051
5.34338452644237	14.2758790987198
5.39681837170308	14.562824268584
5.45078655541635	14.8555370363621
5.50529442096672	15.1541333307722
5.56034736517255	15.4587314106994
5.61595083882041	15.7694519120328
5.6721103472047	16.0864178954425
5.7288314506728	16.4097548951183
5.78611976517554	16.7395909684872
5.84398096282327	17.0760567469303
5.90242077244744	17.4192854875196
5.9614449801678	17.7694131257943
6.02105942996533	18.1265783295978
6.0812700242608	18.4909225539973
6.14208272449917	18.8625900973067
6.20350355173989	19.2417281582361
6.26553858725297	19.6284868941896
6.32819397312114	20.0230194807353
6.39147591284795	20.42548217227
6.45539067197198	20.8360343639039
6.51994457868721	21.2548386545891
6.58514402446954	21.6820609115165
6.65099546470965	22.1178703358076
6.71750541935212	22.5624395295263
6.78468047354097	23.0159445640381
6.85252727827166	23.4785650497429
6.92105255104961	23.9504842072098
6.99026307655529	24.4318889397411
7.06016570731598	24.9229699073956
7.13076736438422	25.4239216024992
7.2020750380231	25.9349424266738
7.27409578839832	26.4562347694135
7.34683674627724	26.9880050882416
7.4203051137349	27.5304639904773
7.49450816486709	28.0838263166473
7.56945324651055	28.6483112255725
7.64514777897039	29.2241422811662
7.72159925675477	29.8115475409767
7.79881524931695	30.4107596465084
7.87680340180469	31.0220159153605
7.95557143581726	31.6455584352157
8.0351271501699	32.2816341597191
8.11547842170169	32.9304950065709
8.19663320594909	33.5923979564492
8.27859953803928	34.2676051556251
8.36138553345066	34.9563840195095
8.44499938881647	35.6590073385632
8.52944938273625	36.3757533863351
8.61474387659553	37.1069060296726
8.70089131539373	37.8527548411467
8.78790022858022	38.613595213737
8.87577923089891	39.3897284778222
8.9645370232411	40.1814620205213
9.05418239350705	40.9891094074345
9.14472421747599	41.8129905068309
9.23617145968495	42.6534316163312
9.32853317431634	43.5107655921389
9.42181850609439	44.3853319808667
9.51603669119056	45.2774771540146
9.61119705813805	46.1875544451494
9.70730902875536	47.1159242898429
9.8043821190792	48.0629543684217
9.90242594030664	49.0290197515871
10	49.9999999999545
