0	0.1
6.5607439830364e-05	0.100065607438939
0.0111003516016479	0.111096061999995
0.0221350957634654	0.122113752311094
0.046983856844253	0.146789648356733
0.0718326179250407	0.171234969671791
0.0966813790058284	0.195354501669744
0.10679936511094	0.205110549677412
0.116917351216052	0.214795287074613
0.127035337321164	0.224402457931107
0.152131534518305	0.247869417260005
0.177227731715445	0.270791721559897
0.202323928912586	0.293048572831722
0.227420126109727	0.314541636352907
0.252516323306868	0.335182218370639
0.303809402065517	0.374342054724129
0.355102480824167	0.408976360959695
0.406395559582817	0.438518516091131
0.457688638341467	0.462456908739097
0.536503329553437	0.487465078263378
0.615318020765408	0.49735209797002
0.694132711977379	0.49170241485676
0.772947403189349	0.470729770784716
0.88275103289975	0.41765118484444
0.99255466261015	0.34046695065311
1.10235829232055	0.244963017878575
1.21216192203095	0.138405964230363
1.32196555174135	0.0289115249289658
1.35152704955538	-1.11022302462516e-16
1.35152704955538	-1.11022302462516e-16
1.3626938038086	-0.0107272468873895
1.37386055806182	-0.021363270460583
1.39728274527744	-0.0433668146455028
1.42070493249306	-0.0649126931949646
1.44412711970869	-0.0859009821471338
1.46754930692431	-0.106250593408607
1.49097149413994	-0.125888284581674
1.53678001338017	-0.161958045464909
1.58258853262041	-0.194587972651332
1.62839705186065	-0.223350058235762
1.67420557110088	-0.247848132456066
1.7434814020433	-0.276104989848877
1.81275723298572	-0.29302274029437
1.88203306392813	-0.29807368364316
1.95130889487055	-0.291101604194513
2.03342376534718	-0.267555559045424
2.11553863582381	-0.228384595544981
2.19765350630044	-0.175261583995229
2.32384487167567	-0.071744248994503
2.40017516988537	1.00027097715838e-10
2.40017516988537	1.00027097715838e-10
2.4001860183218	1.05006884150161e-05
2.40979032828141	0.00936234976534878
2.44226515260128	0.0413152627395479
2.47473997692116	0.0735680642126118
2.52750419337965	0.126084932127571
2.58026840983815	0.178076316135048
2.63303262629664	0.228673568266969
2.68579684275513	0.277003568781626
2.73856105921362	0.322223327757237
2.81908965898219	0.383690814621004
2.89961825875075	0.433839662463865
2.98014685851931	0.470366931897936
3.05500978278823	0.490723917187591
3.12987270705714	0.497251697966217
3.20473563132606	0.489739501650059
3.33310293431791	0.445408982346771
3.46147023730976	0.365479381213733
3.58983754030161	0.257917980355701
3.71820484329346	0.133809530629643
3.8465721462853	0.00608796232257092
3.85282939285595	-1.0000011929634e-10
3.85282939285595	-1.0000011929634e-10
3.86399458740296	-0.0107254934917848
3.87515978194997	-0.0213597649943617
3.89858216846418	-0.0433628666695366
3.9220045549784	-0.064908205244281
3.94542694149261	-0.085895849218162
3.96884932800682	-0.106244708781248
3.99227171452104	-0.125881542034855
4.03807746467704	-0.161946960021004
4.08388321483304	-0.194572667641423
4.12968896498904	-0.22333075972834
4.17549471514504	-0.247825168445455
4.24476722472576	-0.276077581430182
4.31403973430648	-0.292991794124557
4.38331224388719	-0.298040264341501
4.45258475346791	-0.291066866011979
4.53470412935985	-0.267517555740951
4.6168235052518	-0.228341833015311
4.69894288114375	-0.175212933396788
4.8250773121595	-0.0717433122164572
4.90140931646648	1.00053743068429e-10
4.90140931646648	1.00053743068429e-10
4.91391776024366	0.0121997945645576
4.92642620402083	0.02448032423615
4.94990727516196	0.0476655795798093
4.97338834630308	0.0710035074916635
5.01755650551908	0.115018789844609
5.06172466473507	0.158811124948379
5.10589282395107	0.201867130168496
5.15006098316707	0.243665712459446
5.19422914238306	0.283695653328708
5.24650489053537	0.328192770312226
5.29878063868768	0.368832659501795
5.35105638683999	0.404870861564101
5.45460653145782	0.460403253052262
5.55815667607565	0.491813087955966
5.66170682069347	0.496906899623577
5.7652569653113	0.475327119567499
5.86880710992913	0.428530778767675
5.97019530767402	0.36109647569314
6.07158350541891	0.276690540506299
6.1729717031638	0.180892437994632
6.27435990090869	0.0799597457147645
6.35535480992093	-1.00000230318642e-10
6.35535480992093	-1.00000230318642e-10
6.36646327750214	-0.0106616423342752
6.37757174508335	-0.0212321144332422
6.40100147609447	-0.0432189156494223
6.42443120710558	-0.0647443772019538
6.44786093811669	-0.085708291002895
6.4712906691278	-0.106029504318699
6.49472040013892	-0.125634793644637
6.54042530351529	-0.161541475534957
6.58613020689167	-0.194012897739266
6.63183511026805	-0.222624894163753
6.67754001364443	-0.246985106966175
6.74669130734236	-0.275074377707705
6.81584260104029	-0.29185847320308
6.88499389473822	-0.296815630749778
6.95414518843616	-0.289793016909284
7.03643088271492	-0.266122316425359
7.11871657699368	-0.226770084332609
7.20100227127245	-0.173423112914593
7.32515894052068	-0.071601613109417
7.40143433332349	1.00154551319065e-10
7.40143433332349	1.00154551319065e-10
7.41385340634382	0.0121033844452907
7.42627247936416	0.0242876655889359
7.44975877936845	0.047464358297034
7.47324507937274	0.0707983609137304
7.51592471669785	0.113333623075831
7.55860435402295	0.155695970825697
7.60128399134805	0.197421060183617
7.64396362867316	0.238037122769324
7.68664326599826	0.277080211364923
7.73935301419856	0.322528268021512
7.79206276239886	0.364173191835345
7.84477251059916	0.401245175339315
7.97913090946869	0.471146013066831
8.05113142551497	0.491615976931933
8.12313194156125	0.499297976804764
8.19513245760753	0.493982244227543
8.30406398211313	0.46183563788002
8.41299550661873	0.402859431654893
8.52192703112434	0.321343105616333
8.63085855562994	0.223370222746202
8.73979008013555	0.116294776304598
8.84872160464115	0.00812180871345669
8.85708644474291	-1.00000452363247e-10
8.85708644474291	-1.00000452363247e-10
8.86817421054321	-0.0106383032049742
8.87926197634351	-0.0211854550122721
8.90269443498268	-0.0431662058488274
8.92612689362186	-0.0646842961837747
8.94955935226103	-0.0856394158081085
8.9729918109002	-0.10595038878292
8.99642426953938	-0.125543998436802
9.04209230365027	-0.161392365389046
9.08776033776117	-0.193807079864456
9.13342837187206	-0.222365341571895
9.17909640598296	-0.246676148071732
9.24820325965837	-0.274705146503284
9.31731011333378	-0.291441046102108
9.38641696700918	-0.296364210135487
9.45552382068459	-0.289323022776458
9.537871430046	-0.265606717783332
9.62021903940741	-0.226188379257111
9.70256664876881	-0.172759882203249
9.78491425813022	-0.107622525543819
9.86726186749163	-0.0335668168069494
9.9024175933767	1.00000230318642e-10
9.9024175933767	1.00000230318642e-10
9.9024282497323	1.03041846519769e-05
9.91196073001573	0.00928322300167994
9.94444663142107	0.0412236102062122
9.97693253282642	0.0734735896052188
10	0.0964832462929852
