0	1.1
6.5607439830364e-05	1.10006560743894
0.0111003516016479	1.11109606199999
0.0221350957634654	1.12211375231109
0.046983856844253	1.14678964835673
0.0718326179250407	1.17123496967179
0.0966813790058284	1.19535450166974
0.10679936511094	1.20511054967741
0.116917351216052	1.21479528707461
0.127035337321164	1.22440245793111
0.152131534518305	1.24786941726001
0.177227731715445	1.2707917215599
0.202323928912586	1.29304857283172
0.227420126109727	1.31454163635291
0.252516323306868	1.33518221837064
0.303809402065517	1.37434205472413
0.355102480824167	1.4089763609597
0.406395559582817	1.43851851609113
0.457688638341467	1.4624569087391
0.536503329553437	1.48746507826338
0.615318020765408	1.49735209797002
0.694132711977379	1.49170241485676
0.772947403189349	1.47072977078472
0.88275103289975	1.41765118484444
0.99255466261015	1.34046695065311
1.10235829232055	1.24496301787858
1.21216192203095	1.13840596423036
1.32196555174135	1.02891152492897
1.35152704955538	1
1.35152704955538	1
1.3626938038086	0.989272753112611
1.37386055806182	0.978636729539417
1.39728274527744	0.956633185354497
1.42070493249306	0.935087306805035
1.44412711970869	0.914099017852866
1.46754930692431	0.893749406591393
1.49097149413994	0.874111715418326
1.53678001338017	0.838041954535091
1.58258853262041	0.805412027348668
1.62839705186065	0.776649941764238
1.67420557110088	0.752151867543934
1.7434814020433	0.723895010151123
1.81275723298572	0.70697725970563
1.88203306392813	0.70192631635684
1.95130889487055	0.708898395805487
2.03342376534718	0.732444440954576
2.11553863582381	0.771615404455019
2.19765350630044	0.824738416004771
2.32384487167567	0.928255751005497
2.40017516988537	1.00000000010003
2.40017516988537	1.00000000010003
2.4001860183218	1.00001050068842
2.40979032828141	1.00936234976535
2.44226515260128	1.04131526273955
2.47473997692116	1.07356806421261
2.52750419337965	1.12608493212757
2.58026840983815	1.17807631613505
2.63303262629664	1.22867356826697
2.68579684275513	1.27700356878163
2.73856105921362	1.32222332775724
2.81908965898219	1.383690814621
2.89961825875075	1.43383966246386
2.98014685851931	1.47036693189794
3.05500978278823	1.49072391718759
3.12987270705714	1.49725169796622
3.20473563132606	1.48973950165006
3.33310293431791	1.44540898234677
3.46147023730976	1.36547938121373
3.58983754030161	1.2579179803557
3.71820484329346	1.13380953062964
3.8465721462853	1.00608796232257
3.85282939285595	0.9999999999
3.85282939285595	0.9999999999
3.86399458740296	0.989274506508215
3.87515978194997	0.978640235005638
3.89858216846418	0.956637133330463
3.9220045549784	0.935091794755719
3.94542694149261	0.914104150781838
3.96884932800682	0.893755291218752
3.99227171452104	0.874118457965145
4.03807746467704	0.838053039978996
4.08388321483304	0.805427332358577
4.12968896498904	0.77666924027166
4.17549471514504	0.752174831554545
4.24476722472576	0.723922418569818
4.31403973430648	0.707008205875443
4.38331224388719	0.701959735658499
4.45258475346791	0.708933133988021
4.53470412935985	0.732482444259049
4.6168235052518	0.771658166984689
4.69894288114375	0.824787066603212
4.8250773121595	0.928256687783543
4.90140931646648	1.00000000010005
4.90140931646648	1.00000000010005
4.91391776024366	1.01219979456456
4.92642620402083	1.02448032423615
4.94990727516196	1.04766557957981
4.97338834630308	1.07100350749166
5.01755650551908	1.11501878984461
5.06172466473507	1.15881112494838
5.10589282395107	1.2018671301685
5.15006098316707	1.24366571245945
5.19422914238306	1.28369565332871
5.24650489053537	1.32819277031223
5.29878063868768	1.36883265950179
5.35105638683999	1.4048708615641
5.45460653145782	1.46040325305226
5.55815667607565	1.49181308795597
5.66170682069347	1.49690689962358
5.7652569653113	1.4753271195675
5.86880710992913	1.42853077876767
5.97019530767402	1.36109647569314
6.07158350541891	1.2766905405063
6.1729717031638	1.18089243799463
6.27435990090869	1.07995974571476
6.35535480992093	0.9999999999
6.35535480992093	0.9999999999
6.36646327750214	0.989338357665725
6.37757174508335	0.978767885566758
6.40100147609447	0.956781084350578
6.42443120710558	0.935255622798046
6.44786093811669	0.914291708997105
6.4712906691278	0.893970495681301
6.49472040013892	0.874365206355363
6.54042530351529	0.838458524465043
6.58613020689167	0.805987102260734
6.63183511026805	0.777375105836247
6.67754001364443	0.753014893033825
6.74669130734236	0.724925622292295
6.81584260104029	0.70814152679692
6.88499389473822	0.703184369250222
6.95414518843616	0.710206983090716
7.03643088271492	0.733877683574641
7.11871657699368	0.773229915667391
7.20100227127245	0.826576887085407
7.32515894052068	0.928398386890583
7.40143433332349	1.00000000010015
7.40143433332349	1.00000000010015
7.41385340634382	1.01210338444529
7.42627247936416	1.02428766558894
7.44975877936845	1.04746435829703
7.47324507937274	1.07079836091373
7.51592471669785	1.11333362307583
7.55860435402295	1.1556959708257
7.60128399134805	1.19742106018362
7.64396362867316	1.23803712276932
7.68664326599826	1.27708021136492
7.73935301419856	1.32252826802151
7.79206276239886	1.36417319183535
7.84477251059916	1.40124517533932
7.97913090946869	1.47114601306683
8.05113142551497	1.49161597693193
8.12313194156125	1.49929797680476
8.19513245760753	1.49398224422754
8.30406398211313	1.46183563788002
8.41299550661873	1.40285943165489
8.52192703112434	1.32134310561633
8.63085855562994	1.2233702227462
8.73979008013555	1.1162947763046
8.84872160464115	1.00812180871346
8.85708644474291	0.9999999999
8.85708644474291	0.9999999999
8.86817421054321	0.989361696795026
8.87926197634351	0.978814544987728
8.90269443498268	0.956833794151173
8.92612689362186	0.935315703816225
8.94955935226103	0.914360584191891
8.9729918109002	0.89404961121708
8.99642426953938	0.874456001563198
9.04209230365027	0.838607634610954
9.08776033776117	0.806192920135544
9.13342837187206	0.777634658428105
9.17909640598296	0.753323851928268
9.24820325965837	0.725294853496716
9.31731011333378	0.708558953897892
9.38641696700918	0.703635789864513
9.45552382068459	0.710676977223542
9.537871430046	0.734393282216668
9.62021903940741	0.773811620742889
9.70256664876881	0.827240117796751
9.78491425813022	0.892377474456181
9.86726186749163	0.966433183193051
9.9024175933767	1.0000000001
9.9024175933767	1.0000000001
9.9024282497323	1.00001030418465
9.91196073001573	1.00928322300168
9.94444663142107	1.04122361020621
9.97693253282642	1.07347358960522
10	1.09648324629299
