0                   	-2.5                
6.560743983036397e-05	-2.49993439256017   
0.01110035160164786 	-2.488899648398352  
0.02213509576346536 	-2.477864904236535  
0.04698385684425303 	-2.453016143155747  
0.0718326179250407  	-2.428167382074959  
0.09668137900582836 	-2.403318620994172  
0.1067993651109402  	-2.39320063488906   
0.1169173512160521  	-2.383082648783948  
0.1270353373211639  	-2.372964662678836  
0.1521315345183047  	-2.347868465481695  
0.1772277317154454  	-2.322772268284554  
0.2023239289125862  	-2.297676071087413  
0.2274201261097269  	-2.272579873890272  
0.2525163233068677  	-2.247483676693132  
0.3038094020655174  	-2.196190597934482  
0.3551024808241671  	-2.144897519175832  
0.4063955595828168  	-2.093604440417183  
0.4576886383414665  	-2.042311361658533  
0.5365033295534373  	-1.963496670446562  
0.615318020765408   	-1.884681979234592  
0.6941327119773787  	-1.805867288022621  
0.7729474031893494  	-1.72705259681065   
0.8827510328997497  	-1.61724896710025   
0.9925546626101499  	-1.50744533738985   
1.10235829232055    	-1.39764170767945   
1.21216192203095    	-1.28783807796905   
1.32196555174135    	-1.17803444825865   
1.351527049555376   	-1.148472950444624  
1.351527049555376   	-1.148472950444624  
1.362693803808597   	-1.137306196191403  
1.373860558061817   	-1.126139441938183  
1.397282745277441   	-1.102717254722559  
1.420704932493065   	-1.079295067506935  
1.444127119708688   	-1.055872880291312  
1.467549306924312   	-1.032450693075688  
1.490971494139936   	-1.009028505860064  
1.536780013380173   	-0.9632199866198273 
1.582588532620409   	-0.9174114673795903 
1.628397051860646   	-0.8716029481393534 
1.674205571100883   	-0.8257944288991164 
1.7434814020433     	-0.7565185979566995 
1.812757232985717   	-0.6872427670142827 
1.882033063928134   	-0.6179669360718658 
1.951308894870551   	-0.548691105129449  
2.03342376534718    	-0.4665762346528197 
2.115538635823809   	-0.3844613641761905 
2.197653506300438   	-0.3023464936995612 
2.323844871675675   	-0.1761551283243245 
2.400175169885367   	-0.09982483011463195
2.400175169885367   	-0.09982483011463195
2.400186018321803   	-0.09981398167819648
2.409790328281406   	-0.09020967171859304
2.442265152601284   	-0.05773484739871546
2.474739976921161   	-0.02526002307883787
2.527504193379654   	0.0275041933796546  
2.580268409838146   	0.08026840983814708 
2.633032626296638   	0.1330326262966396  
2.68579684275513    	0.185796842755132   
2.738561059213623   	0.2385610592136245  
2.819089658982186   	0.3190896589821873  
2.899618258750749   	0.39961825875075    
2.980146858519312   	0.4801468585193128  
3.055009782788227   	0.5550097827882282  
3.129872707057143   	0.6298727070571436  
3.204735631326058   	0.704735631326059   
3.333102934317908   	0.8331029343179082  
3.461470237309757   	0.9614702373097574  
3.589837540301606   	1.089837540301607   
3.718204843293456   	1.218204843293456   
3.846572146285305   	1.346572146285305   
3.852829392855952   	1.352829392855952   
3.852829392855952   	1.352829392855952   
3.863994587402962   	1.363994587402962   
3.875159781949971   	1.375159781949971   
3.898582168464185   	1.398582168464185   
3.922004554978398   	1.422004554978398   
3.945426941492611   	1.445426941492611   
3.968849328006824   	1.468849328006824   
3.992271714521037   	1.492271714521037   
4.038077464677039   	1.538077464677038   
4.08388321483304    	1.583883214833039   
4.12968896498904    	1.62968896498904    
4.175494715145041   	1.675494715145041   
4.244767224725758   	1.744767224725758   
4.314039734306475   	1.814039734306475   
4.383312243887192   	1.883312243887193   
4.452584753467909   	1.95258475346791    
4.534704129359855   	2.034704129359855   
4.616823505251801   	2.1168235052518     
4.698942881143746   	2.198942881143745   
4.825077312159497   	2.325077312159496   
4.90140931646648    	2.401409316466479   
4.90140931646648    	2.401409316466479   
4.913917760243655   	2.413917760243654   
4.926426204020831   	2.426426204020829   
4.949907275161955   	2.449907275161953   
4.973388346303079   	2.473388346303078   
5.017556505519076   	2.517556505519074   
5.061724664735073   	2.56172466473507    
5.10589282395107    	2.605892823951067   
5.150060983167067   	2.650060983167063   
5.194229142383064   	2.69422914238306    
5.246504890535372   	2.746504890535368   
5.298780638687681   	2.798780638687676   
5.35105638683999    	2.851056386839985   
5.454606531457818   	2.954606531457813   
5.558156676075646   	3.058156676075641   
5.661706820693475   	3.161706820693469   
5.765256965311303   	3.265256965311297   
5.868807109929131   	3.368807109929126   
5.97019530767402    	3.470195307674015   
6.071583505418909   	3.571583505418904   
6.172971703163798   	3.672971703163793   
6.274359900908687   	3.774359900908681   
6.35535480992093    	3.855354809920924   
6.35535480992093    	3.855354809920924   
6.366463277502141   	3.866463277502136   
6.377571745083352   	3.877571745083348   
6.401001476094465   	3.901001476094461   
6.424431207105578   	3.924431207105574   
6.447860938116691   	3.947860938116687   
6.471290669127804   	3.9712906691278     
6.494720400138918   	3.994720400138913   
6.540425303515295   	4.04042530351529    
6.586130206891672   	4.086130206891667   
6.631835110268049   	4.131835110268044   
6.677540013644426   	4.177540013644421   
6.746691307342358   	4.246691307342354   
6.81584260104029    	4.315842601040286   
6.884993894738223   	4.384993894738218   
6.954145188436155   	4.454145188436151   
7.03643088271492    	4.536430882714916   
7.118716576993685   	4.61871657699368    
7.20100227127245    	4.701002271272445   
7.325158940520676   	4.825158940520671   
7.401434333323487   	4.901434333323483   
7.401434333323487   	4.901434333323483   
7.413853406343822   	4.913853406343818   
7.426272479364157   	4.926272479364153   
7.449758779368451   	4.949758779368446   
7.473245079372744   	4.97324507937274    
7.515924716697848   	5.015924716697843   
7.558604354022951   	5.058604354022947   
7.601283991348055   	5.10128399134805    
7.643963628673158   	5.143963628673154   
7.686643265998262   	5.186643265998257   
7.73935301419856    	5.239353014198556   
7.792062762398858   	5.292062762398854   
7.844772510599157   	5.344772510599152   
7.979130909468688   	5.479130909468683   
8.051131425514967   	5.551131425514963   
8.123131941561248   	5.623131941561242   
8.195132457607528   	5.695132457607522   
8.304063982113131   	5.804063982113125   
8.412995506618735   	5.912995506618729   
8.521927031124338   	6.021927031124332   
8.630858555629942   	6.130858555629936   
8.739790080135545   	6.239790080135539   
8.848721604641149   	6.348721604641143   
8.857086444742913   	6.357086444742907   
8.857086444742913   	6.357086444742907   
8.868174210543213   	6.368174210543208   
8.879261976343512   	6.379261976343508   
8.902694434982685   	6.40269443498268    
8.926126893621857   	6.426126893621853   
8.94955935226103    	6.449559352261026   
8.972991810900202   	6.472991810900198   
8.996424269539375   	6.496424269539371   
9.042092303650271   	6.542092303650266   
9.087760337761168   	6.587760337761162   
9.133428371872064   	6.633428371872057   
9.179096405982961   	6.679096405982953   
9.248203259658368   	6.748203259658359   
9.317310113333775   	6.817310113333765   
9.386416967009183   	6.886416967009172   
9.45552382068459    	6.955523820684578   
9.537871430045998   	7.037871430045987   
9.620219039407406   	7.120219039407396   
9.702566648768814   	7.202566648768805   
9.784914258130222   	7.284914258130214   
9.86726186749163    	7.367261867491623   
9.902417593376704   	7.402417593376698   
9.902417593376704   	7.402417593376698   
9.902428249732301   	7.402428249732294   
9.911960730015734   	7.411960730015728   
9.944446631421075   	7.444446631421068   
9.976932532826416   	7.476932532826408   
10                  	7.499999999999992   
