0                   	4                   
6.560743983036397e-05	3.999868785120339   
0.01110035160164786 	3.977799296796704   
0.02213509576346536 	3.955729808473069   
0.04698385684425303 	3.906032286311494   
0.0718326179250407  	3.856334764149918   
0.09668137900582836 	3.806637241988343   
0.1067993651109402  	3.786401269778119   
0.1169173512160521  	3.766165297567895   
0.1270353373211639  	3.745929325357671   
0.1521315345183047  	3.69573693096339    
0.1772277317154454  	3.645544536569108   
0.2023239289125862  	3.595352142174826   
0.2274201261097269  	3.545159747780545   
0.2525163233068677  	3.494967353386263   
0.3038094020655174  	3.392381195868964   
0.3551024808241671  	3.289795038351664   
0.4063955595828168  	3.187208880834365   
0.4576886383414665  	3.084622723317066   
0.5365033295534373  	2.926993340893124   
0.615318020765408   	2.769363958469183   
0.6941327119773787  	2.611734576045242   
0.7729474031893494  	2.4541051936213     
0.8827510328997497  	2.2344979342005     
0.9925546626101499  	2.0148906747797     
1.10235829232055    	1.795283415358899   
1.21216192203095    	1.575676155938099   
1.32196555174135    	1.356068896517298   
1.351527049555376   	1.296945900889246   
1.351527049555376   	1.296945900889246   
1.362693803808597   	1.274612392382805   
1.373860558061817   	1.252278883876365   
1.397282745277441   	1.205434509445118   
1.420704932493065   	1.15859013501387    
1.444127119708688   	1.111745760582623   
1.467549306924312   	1.064901386151375   
1.490971494139936   	1.018057011720128   
1.536780013380173   	0.9264399732396539  
1.582588532620409   	0.83482293475918    
1.628397051860646   	0.7432058962787061  
1.674205571100883   	0.6515888577982323  
1.7434814020433     	0.5130371959133986  
1.812757232985717   	0.3744855340285648  
1.882033063928134   	0.2359338721437311  
1.951308894870551   	0.09738221025889732 
2.03342376534718    	-0.0668475306943612 
2.115538635823809   	-0.2310772716476197 
2.197653506300438   	-0.3953070126008782 
2.323844871675675   	-0.6476897433513517 
2.400175169885367   	-0.8003503397707368 
2.400175169885367   	-0.8003503397707368 
2.400186018321803   	-0.8003720366436077 
2.409790328281406   	-0.8195806565628145 
2.442265152601284   	-0.8845303052025697 
2.474739976921161   	-0.9494799538423249 
2.527504193379654   	-1.05500838675931   
2.580268409838146   	-1.160536819676295  
2.633032626296638   	-1.26606525259328   
2.68579684275513    	-1.371593685510265  
2.738561059213623   	-1.47712211842725   
2.819089658982186   	-1.638179317964375  
2.899618258750749   	-1.799236517501501  
2.980146858519312   	-1.960293717038626  
3.055009782788227   	-2.110019565576457  
3.129872707057143   	-2.259745414114288  
3.204735631326058   	-2.409471262652119  
3.333102934317908   	-2.666205868635817  
3.461470237309757   	-2.922940474619516  
3.589837540301606   	-3.179675080603214  
3.718204843293456   	-3.436409686586913  
3.846572146285305   	-3.693144292570611  
3.852829392855952   	-3.705658785711906  
3.852829392855952   	-3.705658785711906  
3.863994587402962   	-3.727989174805925  
3.875159781949971   	-3.750319563899944  
3.898582168464185   	-3.79716433692837   
3.922004554978398   	-3.844009109956796  
3.945426941492611   	-3.890853882985223  
3.968849328006824   	-3.937698656013649  
3.992271714521037   	-3.984543429042075  
4.038077464677039   	-4.076154929354077  
4.08388321483304    	-4.167766429666079  
4.12968896498904    	-4.259377929978081  
4.175494715145041   	-4.350989430290083  
4.244767224725758   	-4.489534449451518  
4.314039734306475   	-4.628079468612952  
4.383312243887192   	-4.766624487774387  
4.452584753467909   	-4.905169506935822  
4.534704129359855   	-5.069408258719712  
4.616823505251801   	-5.233647010503603  
4.698942881143746   	-5.397885762287493  
4.825077312159497   	-5.650154624318994  
4.90140931646648    	-5.802818632932961  
4.90140931646648    	-5.802818632932961  
4.913917760243655   	-5.82783552048731   
4.926426204020831   	-5.85285240804166   
4.949907275161955   	-5.899814550323909  
4.973388346303079   	-5.946776692606158  
5.017556505519076   	-6.035113011038151  
5.061724664735073   	-6.123449329470144  
5.10589282395107    	-6.211785647902136  
5.150060983167067   	-6.300121966334129  
5.194229142383064   	-6.388458284766122  
5.246504890535372   	-6.493009781070739  
5.298780638687681   	-6.597561277375355  
5.35105638683999    	-6.702112773679972  
5.454606531457818   	-6.909213062915629  
5.558156676075646   	-7.116313352151285  
5.661706820693475   	-7.323413641386941  
5.765256965311303   	-7.530513930622598  
5.868807109929131   	-7.737614219858254  
5.97019530767402    	-7.940390615348031  
6.071583505418909   	-8.143167010837809  
6.172971703163798   	-8.345943406327587  
6.274359900908687   	-8.548719801817365  
6.35535480992093    	-8.71070961984185   
6.35535480992093    	-8.71070961984185   
6.366463277502141   	-8.732926555004273  
6.377571745083352   	-8.755143490166695  
6.401001476094465   	-8.802002952188921  
6.424431207105578   	-8.848862414211148  
6.447860938116691   	-8.895721876233374  
6.471290669127804   	-8.9425813382556    
6.494720400138918   	-8.989440800277826  
6.540425303515295   	-9.08085060703058   
6.586130206891672   	-9.172260413783334  
6.631835110268049   	-9.263670220536088  
6.677540013644426   	-9.355080027288842  
6.746691307342358   	-9.493382614684707  
6.81584260104029    	-9.631685202080572  
6.884993894738223   	-9.769987789476437  
6.954145188436155   	-9.908290376872301  
7.03643088271492    	-10.07286176542983  
7.118716576993685   	-10.23743315398736  
7.20100227127245    	-10.40200454254489  
7.325158940520676   	-10.65031788104134  
7.401434333323487   	-10.80286866664697  
7.401434333323487   	-10.80286866664697  
7.413853406343822   	-10.82770681268764  
7.426272479364157   	-10.85254495872831  
7.449758779368451   	-10.89951755873689  
7.473245079372744   	-10.94649015874548  
7.515924716697848   	-11.03184943339569  
7.558604354022951   	-11.11720870804589  
7.601283991348055   	-11.2025679826961   
7.643963628673158   	-11.28792725734631  
7.686643265998262   	-11.37328653199651  
7.73935301419856    	-11.47870602839711  
7.792062762398858   	-11.58412552479771  
7.844772510599157   	-11.6895450211983   
7.979130909468688   	-11.95826181893737  
8.051131425514967   	-12.10226285102993  
8.123131941561248   	-12.24626388312248  
8.195132457607528   	-12.39026491521504  
8.304063982113131   	-12.60812796422625  
8.412995506618735   	-12.82599101323746  
8.521927031124338   	-13.04385406224866  
8.630858555629942   	-13.26171711125987  
8.739790080135545   	-13.47958016027108  
8.848721604641149   	-13.69744320928229  
8.857086444742913   	-13.71417288948581  
8.857086444742913   	-13.71417288948581  
8.868174210543213   	-13.73634842108642  
8.879261976343512   	-13.75852395268702  
8.902694434982685   	-13.80538886996536  
8.926126893621857   	-13.85225378724371  
8.94955935226103    	-13.89911870452205  
8.972991810900202   	-13.9459836218004   
8.996424269539375   	-13.99284853907874  
9.042092303650271   	-14.08418460730053  
9.087760337761168   	-14.17552067552232  
9.133428371872064   	-14.26685674374411  
9.179096405982961   	-14.35819281196591  
9.248203259658368   	-14.49640651931672  
9.317310113333775   	-14.63462022666753  
9.386416967009183   	-14.77283393401834  
9.45552382068459    	-14.91104764136916  
9.537871430045998   	-15.07574286009197  
9.620219039407406   	-15.24043807881479  
9.702566648768814   	-15.40513329753761  
9.784914258130222   	-15.56982851626043  
9.86726186749163    	-15.73452373498325  
9.902417593376704   	-15.8048351867534   
9.902417593376704   	-15.8048351867534   
9.902428249732301   	-15.80485649946459  
9.911960730015734   	-15.82392146003146  
9.944446631421075   	-15.88889326284214  
9.976932532826416   	-15.95386506565282  
10                  	-15.99999999999998  
