0	1
0.001	0.999995095
0.002	0.99998038
0.003	0.999955855
0.004	0.99992152
0.005	0.999877375
0.006	0.99982342
0.007	0.999759655
0.008	0.99968608
0.009	0.999602695
0.01	0.9995095
0.011	0.999406495
0.012	0.99929368
0.013	0.999171055
0.014	0.99903862
0.015	0.998896375
0.016	0.99874432
0.017	0.998582455
0.018	0.99841078
0.019	0.998229295
0.02	0.998038
0.021	0.997836895
0.022	0.99762598
0.023	0.997405255
0.024	0.99717472
0.025	0.996934375
0.026	0.99668422
0.027	0.996424255
0.028	0.99615448
0.029	0.995874895
0.03	0.9955855
0.031	0.995286295
0.032	0.99497728
0.033	0.994658455
0.034	0.99432982
0.035	0.993991375
0.036	0.99364312
0.037	0.993285055
0.038	0.99291718
0.039	0.992539495
0.04	0.992152
0.041	0.991754695
0.042	0.99134758
0.043	0.990930655
0.044	0.99050392
0.045	0.990067375
0.046	0.98962102
0.047	0.989164855
0.048	0.98869888
0.049	0.988223095
0.05	0.9877375
0.051	0.987242095
0.052	0.98673688
0.053	0.986221855
0.054	0.98569702
0.055	0.985162375
0.056	0.98461792
0.057	0.984063655
0.058	0.98349958
0.059	0.982925695
0.06	0.982342
0.061	0.981748495
0.062	0.98114518
0.063	0.980532055
0.064	0.97990912
0.065	0.979276375
0.066	0.97863382
0.067	0.977981455
0.068	0.97731928
0.069	0.976647295
0.07	0.9759655
0.071	0.975273895
0.072	0.97457248
0.073	0.973861255
0.074	0.97314022
0.075	0.972409375
0.076	0.97166872
0.077	0.970918255
0.078	0.97015798
0.079	0.969387895
0.08	0.968608
0.081	0.967818295
0.082	0.96701878
0.083	0.966209455
0.084	0.96539032
0.085	0.964561375
0.086	0.96372262
0.087	0.962874055
0.088	0.96201568
0.089	0.961147495
0.09	0.9602695
0.091	0.959381695
0.092	0.95848408
0.093	0.957576655
0.094	0.95665942
0.095	0.955732375
0.096	0.95479552
0.097	0.953848855
0.098	0.95289238
0.099	0.951926095
0.1	0.95095
0.101	0.949964095
0.102	0.94896838
0.103	0.947962855
0.104	0.94694752
0.105	0.945922375
0.106	0.94488742
0.107	0.943842655
0.108	0.94278808
0.109	0.941723695
0.11	0.9406495
0.111	0.939565495
0.112	0.93847168
0.113	0.937368055
0.114	0.93625462
0.115	0.935131375
0.116	0.93399832
0.117	0.932855455
0.118	0.93170278
0.119	0.930540295
0.12	0.929368
0.121	0.928185895
0.122	0.92699398
0.123	0.925792255
0.124	0.92458072
0.125	0.923359375
0.126	0.92212822
0.127	0.920887255
0.128	0.91963648
0.129	0.918375895
0.13	0.9171055
0.131	0.915825295
0.132	0.91453528
0.133	0.913235455
0.134	0.91192582
0.135	0.910606375
0.136	0.90927712
0.137	0.907938055
0.138	0.90658918
0.139	0.905230495
0.14	0.903862
0.141	0.902483695
0.142	0.90109558
0.143	0.899697655
0.144	0.89828992
0.145	0.896872375
0.146	0.89544502
0.147	0.894007855
0.148	0.89256088
0.149	0.891104095
0.15	0.8896375
0.151	0.888161095
0.152	0.88667488
0.153	0.885178855
0.154	0.88367302
0.155	0.882157375
0.156	0.88063192
0.157	0.879096655
0.158	0.87755158
0.159	0.875996695
0.16	0.874432
0.161	0.872857495
0.162	0.87127318
0.163	0.869679055
0.164	0.86807512
0.165	0.866461375
0.166	0.86483782
0.167	0.863204455
0.168	0.86156128
0.169	0.859908295
0.17	0.8582455
0.171	0.856572895
0.172	0.85489048
0.173	0.853198255
0.174	0.85149622
0.175	0.849784375
0.176	0.84806272
0.177	0.846331255
0.178	0.84458998
0.179	0.842838895
0.18	0.841078
0.181	0.839307295
0.182	0.83752678
0.183	0.835736455
0.184	0.83393632
0.185	0.832126375
0.186	0.83030662
0.187	0.828477055
0.188	0.82663768
0.189	0.824788495
0.19	0.8229295
0.191	0.821060695
0.192	0.81918208
0.193	0.817293655
0.194	0.81539542
0.195	0.813487375
0.196	0.81156952
0.197	0.809641855
0.198	0.80770438
0.199	0.805757095
0.2	0.8038
0.201	0.801833095
0.202	0.79985638
0.203	0.797869855
0.204	0.79587352
0.205	0.793867375
0.206	0.79185142
0.207	0.789825655
0.208	0.78779008
0.209	0.785744695
0.21	0.7836895
0.211	0.781624495
0.212	0.77954968
0.213	0.777465055
0.214	0.77537062
0.215	0.773266375
0.216	0.77115232
0.217	0.769028455
0.218	0.76689478
0.219	0.764751295
0.22	0.762598
0.221	0.760434895
0.222	0.75826198
0.223	0.756079255
0.224	0.75388672
0.225	0.751684375
0.226	0.74947222
0.227	0.747250255
0.228	0.74501848
0.229	0.742776895
0.23	0.7405255
0.231	0.738264295
0.232	0.73599328
0.233	0.733712455
0.234	0.73142182
0.235	0.729121375
0.236	0.72681112
0.237	0.724491055
0.238	0.72216118
0.239	0.719821495
0.24	0.717472
0.241	0.715112695
0.242	0.71274358
0.243	0.710364655
0.244	0.70797592
0.245	0.705577375
0.246	0.70316902
0.247	0.700750855
0.248	0.69832288
0.249	0.695885095
0.25	0.6934375
0.251	0.690980095
0.252	0.68851288
0.253	0.686035855
0.254	0.68354902
0.255	0.681052375
0.256	0.67854592
0.257	0.676029655
0.258	0.67350358
0.259	0.670967695
0.26	0.668422
0.261	0.665866495
0.262	0.66330118
0.263	0.660726055
0.264	0.65814112
0.265	0.655546375
0.266	0.65294182
0.267	0.650327455
0.268	0.64770328
0.269	0.645069295
0.27	0.6424255
0.271	0.639771895
0.272	0.63710848
0.273	0.634435255
0.274	0.63175222
0.275	0.629059375
0.276	0.62635672
0.277	0.623644255
0.278	0.62092198
0.279	0.618189895
0.28	0.615448
0.281	0.612696295
0.282	0.60993478
0.283	0.607163455
0.284	0.60438232
0.285	0.601591375
0.286	0.59879062
0.287	0.595980055
0.288	0.59315968
0.289	0.590329495
0.29	0.5874895
0.291	0.584639695
0.292	0.58178008
0.293	0.578910655
0.294	0.57603142
0.295	0.573142375
0.296	0.57024352
0.297	0.567334855
0.298	0.56441638
0.299	0.561488095
0.3	0.55855
0.301	0.555602095
0.302	0.55264438
0.303	0.549676855
0.304	0.54669952
0.305	0.543712375
0.306	0.54071542
0.307	0.537708655
0.308	0.53469208
0.309	0.531665695
0.31	0.5286295
0.311	0.525583495
0.312	0.52252768
0.313	0.519462055
0.314	0.51638662
0.315	0.513301375
0.316	0.51020632
0.317	0.507101455
0.318	0.50398678
0.319	0.500862295
0.32	0.497728
0.321	0.494583895
0.322	0.49142998
0.323	0.488266255
0.324	0.48509272
0.325	0.481909375
0.326	0.47871622
0.327	0.475513255
0.328	0.47230048
0.329	0.469077895
0.33	0.4658455
0.331	0.462603295
0.332	0.45935128
0.333	0.456089455
0.334	0.45281782
0.335	0.449536375
0.336	0.44624512
0.337	0.442944055
0.338	0.43963318
0.339	0.436312495
0.34	0.432982
0.341	0.429641695
0.342	0.42629158
0.343	0.422931655
0.344	0.41956192
0.345	0.416182375
0.346	0.41279302
0.347	0.409393855
0.348	0.40598488
0.349	0.402566095
0.35	0.3991375
0.351	0.395699095
0.352	0.39225088
0.353	0.388792855
0.354	0.38532502
0.355	0.381847375
0.356	0.37835992
0.357	0.374862655
0.358	0.37135558
0.359	0.367838695
0.36	0.364312
0.361	0.360775495
0.362	0.35722918
0.363	0.353673055
0.364	0.35010712
0.365	0.346531375
0.366	0.34294582
0.367	0.339350455
0.368	0.33574528
0.369	0.332130295
0.37	0.3285055
0.371	0.324870895
0.372	0.32122648
0.373	0.317572255
0.374	0.31390822
0.375	0.310234375
0.376	0.30655072
0.377	0.302857255
0.378	0.29915398
0.379	0.295440895
0.38	0.291718
0.381	0.287985295
0.382	0.28424278
0.383	0.280490455
0.384	0.27672832
0.385	0.272956375
0.386	0.26917462
0.387	0.265383055
0.388	0.26158168
0.389	0.257770495
0.39	0.2539495
0.391	0.250118695
0.392	0.24627808
0.393	0.242427655
0.394	0.23856742
0.395	0.234697375
0.396	0.23081752
0.397	0.226927855
0.398	0.22302838
0.399	0.219119095
0.4	0.2152
0.401	0.211271095
0.402	0.20733238
0.403	0.203383855
0.404	0.19942552
0.405	0.195457375
0.406	0.19147942
0.407	0.187491655
0.408	0.18349408
0.409	0.179486695
0.41	0.1754695
0.411	0.171442495
0.412	0.16740568
0.413	0.163359055
0.414	0.15930262
0.415	0.155236375
0.416	0.15116032
0.417	0.147074455
0.418	0.14297878
0.419	0.138873295
0.42	0.134758
0.421	0.130632895
0.422	0.12649798
0.423	0.122353255
0.424	0.11819872
0.425	0.114034375
0.426	0.10986022
0.427	0.105676255
0.428	0.10148248
0.429	0.0972788949999999
0.43	0.0930655
0.431	0.088842295
0.432	0.08460928
0.433	0.0803664550000001
0.434	0.0761138199999999
0.435	0.0718513749999999
0.436	0.0675791199999999
0.437	0.063297055
0.438	0.05900518
0.439	0.054703495
0.44	0.0503919999999998
0.441	0.0460706949999999
0.442	0.0417395799999999
0.443	0.0373986549999999
0.444	0.0330479199999999
0.445	0.028687375
0.446	0.02431702
0.447	0.0199368549999998
0.448	0.0155468799999999
0.449	0.0111470949999999
0.45	0.00673749999999991
0.451	0.00231809499999993
0.452	-0.00211112000000004
0.453	-0.00655014500000002
0.454	-0.0109989800000002
0.455	-0.0154576250000002
0.456	-0.0199260800000001
0.457	-0.0244043450000001
0.458	-0.0288924200000001
0.459	-0.0333903050000001
0.46	-0.0378980000000002
0.461	-0.0424155050000002
0.462	-0.0469428200000002
0.463	-0.0514799450000002
0.464	-0.0560268800000001
0.465	-0.0605836250000001
0.466	-0.0651501800000001
0.467	-0.0697265450000003
0.468	-0.0743127200000002
0.469	-0.0789087050000002
0.47	-0.0835145000000002
0.471	-0.0881301050000002
0.472	-0.0927555200000001
0.473	-0.0973907450000003
0.474	-0.10203578
0.475	-0.106690625
0.476	-0.11135528
0.477	-0.116029745
0.478	-0.12071402
0.479	-0.125408105
0.48	-0.130112
0.481	-0.134825705
0.482	-0.13954922
0.483	-0.144282545
0.484	-0.14902568
0.485	-0.153778625
0.486	-0.15854138
0.487	-0.163313945
0.488	-0.16809632
0.489	-0.172888505
0.49	-0.1776905
0.491	-0.182502305
0.492	-0.18732392
0.493	-0.192155345
0.494	-0.19699658
0.495	-0.201847625
0.496	-0.20670848
0.497	-0.211579145
0.498	-0.21645962
0.499	-0.221349905
0.5	-0.22625
0.501	-0.231159905
0.502	-0.23607962
0.503	-0.241009145
0.504	-0.24594848
0.505	-0.250897625
0.506	-0.25585658
0.507	-0.260825345
0.508	-0.26580392
0.509	-0.270792305
0.51	-0.2757905
0.511	-0.280798505
0.512	-0.28581632
0.513	-0.290843945
0.514	-0.29588138
0.515	-0.300928625
0.516	-0.30598568
0.517	-0.311052545
0.518	-0.31612922
0.519	-0.321215705
0.52	-0.326312
0.521	-0.331418105
0.522	-0.33653402
0.523	-0.341659745
0.524	-0.34679528
0.525	-0.351940625
0.526	-0.35709578
0.527	-0.362260745
0.528	-0.36743552
0.529	-0.372620105
0.53	-0.3778145
0.531	-0.383018705
0.532	-0.38823272
0.533	-0.393456545
0.534	-0.39869018
0.535	-0.403933625
0.536	-0.40918688
0.537	-0.414449945
0.538	-0.41972282
0.539	-0.425005505
0.54	-0.430298
0.541	-0.435600305
0.542	-0.44091242
0.543	-0.446234345
0.544	-0.45156608
0.545	-0.456907625
0.546	-0.46225898
0.547	-0.467620145
0.548	-0.47299112
0.549	-0.478371905
0.55	-0.4837625
0.551	-0.489162905
0.552	-0.49457312
0.553	-0.499993145
0.554	-0.50542298
0.555	-0.510862625
0.556	-0.516312080000001
0.557	-0.521771345
0.558	-0.52724042
0.559	-0.532719305
0.56	-0.538208
0.561	-0.543706505
0.562	-0.54921482
0.563	-0.554732945
0.564	-0.560260880000001
0.565	-0.565798625
0.566	-0.57134618
0.567	-0.576903545
0.568	-0.58247072
0.569	-0.588047705
0.57	-0.593634500000001
0.571	-0.599231105000001
0.572	-0.60483752
0.573	-0.610453745
0.574	-0.61607978
0.575	-0.621715625
0.576	-0.627361280000001
0.577	-0.633016745
0.578	-0.63868202
0.579	-0.644357105
0.58	-0.650042
0.581	-0.655736705
0.582	-0.66144122
0.583	-0.667155545
0.584	-0.67287968
0.585	-0.678613625
0.586	-0.68435738
0.587	-0.690110945
0.588	-0.69587432
0.589	-0.701647505
0.59	-0.7074305
0.591	-0.713223305
0.592	-0.71902592
0.593	-0.724838345
0.594	-0.73066058
0.595	-0.736492625
0.596	-0.74233448
0.597	-0.748186145
0.598	-0.75404762
0.599	-0.759918905
0.6	-0.7658
0.601	-0.771690905
0.602	-0.77759162
0.603	-0.783502145
0.604	-0.78942248
0.605	-0.795352625
0.606	-0.80129258
0.607	-0.807242345
0.608	-0.81320192
0.609	-0.819171305
0.61	-0.8251505
0.611	-0.831139505
0.612	-0.83713832
0.613	-0.843146945
0.614	-0.84916538
0.615	-0.855193625
0.616	-0.86123168
0.617	-0.867279545
0.618	-0.87333722
0.619	-0.879404705
0.62	-0.885482
0.621	-0.891569105
0.622	-0.89766602
0.623	-0.903772745
0.624	-0.90988928
0.625	-0.916015625
0.626	-0.92215178
0.627	-0.928297745
0.628	-0.93445352
0.629	-0.940619105
0.63	-0.9467945
0.631	-0.952979705
0.632	-0.95917472
0.633	-0.965379545
0.634	-0.97159418
0.635	-0.977818625
0.636	-0.98405288
0.637	-0.990296945
0.638	-0.99655082
0.639	-1.002814505
0.64	-1.009088
0.641	-1.015371305
0.642	-1.02166442
0.643	-1.027967345
0.644	-1.03428008
0.645	-1.040602625
0.646	-1.04693498
0.647	-1.053277145
0.648	-1.05962912
0.649	-1.065990905
0.65	-1.0723625
0.651	-1.078743905
0.652	-1.08513512
0.653	-1.091536145
0.654	-1.09794698
0.655	-1.104367625
0.656	-1.11079808
0.657	-1.117238345
0.658	-1.12368842
0.659	-1.130148305
0.66	-1.136618
0.661	-1.143097505
0.662	-1.14958682
0.663	-1.156085945
0.664	-1.16259488
0.665	-1.169113625
0.666	-1.17564218
0.667	-1.182180545
0.668	-1.18872872
0.669	-1.195286705
0.67	-1.2018545
0.671	-1.208432105
0.672	-1.21501952
0.673	-1.221616745
0.674	-1.22822378
0.675	-1.234840625
0.676	-1.24146728
0.677	-1.248103745
0.678	-1.25475002
0.679	-1.261406105
0.68	-1.268072
0.681	-1.274747705
0.682	-1.28143322
0.683	-1.288128545
0.684	-1.29483368
0.685	-1.301548625
0.686	-1.30827338
0.687	-1.315007945
0.688	-1.32175232
0.689	-1.328506505
0.69	-1.3352705
0.691	-1.342044305
0.692	-1.34882792
0.693	-1.355621345
0.694	-1.36242458
0.695	-1.369237625
0.696	-1.37606048
0.697	-1.382893145
0.698	-1.38973562
0.699	-1.396587905
0.7	-1.40345
0.701	-1.410321905
0.702	-1.41720362
0.703	-1.424095145
0.704	-1.43099648
0.705	-1.437907625
0.706	-1.44482858
0.707	-1.451759345
0.708	-1.45869992
0.709	-1.465650305
0.71	-1.4726105
0.711	-1.479580505
0.712	-1.48656032
0.713	-1.493549945
0.714	-1.50054938
0.715	-1.507558625
0.716	-1.51457768
0.717	-1.521606545
0.718	-1.52864522
0.719	-1.535693705
0.72	-1.542752
0.721	-1.549820105
0.722	-1.55689802
0.723	-1.563985745
0.724	-1.57108328
0.725	-1.578190625
0.726	-1.58530778
0.727	-1.592434745
0.728	-1.59957152
0.729	-1.606718105
0.73	-1.6138745
0.731	-1.621040705
0.732	-1.62821672
0.733	-1.635402545
0.734	-1.64259818
0.735	-1.649803625
0.736	-1.65701888
0.737	-1.664243945
0.738	-1.67147882
0.739	-1.678723505
0.74	-1.685978
0.741	-1.693242305
0.742	-1.70051642
0.743	-1.707800345
0.744	-1.71509408
0.745	-1.722397625
0.746	-1.72971098
0.747	-1.737034145
0.748	-1.74436712
0.749	-1.751709905
0.75	-1.7590625
0.751	-1.766424905
0.752	-1.77379712
0.753	-1.781179145
0.754	-1.78857098
0.755	-1.795972625
0.756	-1.80338408
0.757	-1.810805345
0.758	-1.81823642
0.759	-1.825677305
0.76	-1.833128
0.761	-1.840588505
0.762	-1.84805882
0.763	-1.855538945
0.764	-1.86302888
0.765	-1.870528625
0.766	-1.87803818
0.767	-1.885557545
0.768	-1.89308672
0.769	-1.900625705
0.77	-1.9081745
0.771	-1.915733105
0.772	-1.92330152
0.773	-1.930879745
0.774	-1.93846778
0.775	-1.946065625
0.776	-1.95367328
0.777	-1.961290745
0.778	-1.96891802
0.779	-1.976555105
0.78	-1.984202
0.781	-1.991858705
0.782	-1.99952522
0.783	-2.007201545
0.784	-2.01488768
0.785	-2.022583625
0.786	-2.03028938
0.787	-2.038004945
0.788	-2.04573032
0.789	-2.053465505
0.79	-2.0612105
0.791	-2.068965305
0.792	-2.07672992
0.793	-2.084504345
0.794	-2.09228858
0.795	-2.100082625
0.796	-2.10788648
0.797	-2.115700145
0.798	-2.12352362
0.799	-2.131356905
0.8	-2.1392
0.801	-2.147052905
0.802	-2.15491562
0.803	-2.162788145
0.804	-2.17067048
0.805	-2.178562625
0.806	-2.18646458
0.807	-2.194376345
0.808	-2.20229792
0.809	-2.210229305
0.81	-2.2181705
0.811	-2.226121505
0.812	-2.23408232
0.813	-2.242052945
0.814	-2.25003338
0.815	-2.258023625
0.816	-2.26602368
0.817	-2.274033545
0.818	-2.28205322
0.819	-2.290082705
0.82	-2.298122
0.821	-2.306171105
0.822	-2.31423002
0.823	-2.322298745
0.824	-2.33037728
0.825	-2.338465625
0.826	-2.34656378
0.827	-2.354671745
0.828	-2.36278952
0.829	-2.370917105
0.83	-2.3790545
0.831	-2.387201705
0.832	-2.39535872
0.833	-2.403525545
0.834	-2.41170218
0.835	-2.419888625
0.836	-2.42808488
0.837	-2.436290945
0.838	-2.44450682
0.839	-2.452732505
0.84	-2.460968
0.841	-2.469213305
0.842	-2.47746842
0.843	-2.485733345
0.844	-2.49400808
0.845	-2.502292625
0.846	-2.51058698
0.847	-2.518891145
0.848	-2.52720512
0.849	-2.535528905
0.85	-2.5438625
0.851	-2.552205905
0.852	-2.56055912
0.853	-2.568922145
0.854	-2.57729498
0.855	-2.585677625
0.856	-2.59407008
0.857	-2.602472345
0.858	-2.61088442
0.859	-2.619306305
0.86	-2.627738
0.861	-2.636179505
0.862	-2.64463082
0.863	-2.653091945
0.864	-2.66156288
0.865	-2.670043625
0.866	-2.67853418
0.867	-2.687034545
0.868	-2.69554472
0.869	-2.704064705
0.87	-2.7125945
0.871	-2.721134105
0.872	-2.72968352
0.873	-2.738242745
0.874	-2.74681178
0.875	-2.755390625
0.876	-2.76397928
0.877	-2.772577745
0.878	-2.78118602
0.879	-2.789804105
0.88	-2.798432
0.881	-2.807069705
0.882	-2.81571722
0.883	-2.824374545
0.884	-2.83304168
0.885	-2.841718625
0.886	-2.85040538
0.887	-2.859101945
0.888	-2.86780832
0.889	-2.876524505
0.89	-2.8852505
0.891	-2.893986305
0.892	-2.90273192
0.893	-2.911487345
0.894	-2.92025258
0.895	-2.929027625
0.896	-2.93781248
0.897	-2.946607145
0.898	-2.95541162
0.899	-2.964225905
0.9	-2.97305
0.901	-2.981883905
0.902	-2.99072762
0.903	-2.999581145
0.904	-3.00844448
0.905	-3.017317625
0.906	-3.02620058
0.907	-3.035093345
0.908	-3.04399592
0.909	-3.052908305
0.91	-3.0618305
0.911	-3.070762505
0.912	-3.07970432
0.913	-3.088655945
0.914	-3.09761738
0.915	-3.106588625
0.916	-3.11556968
0.917	-3.124560545
0.918	-3.13356122
0.919	-3.142571705
0.92	-3.151592
0.921	-3.160622105
0.922	-3.16966202
0.923	-3.178711745
0.924	-3.18777128
0.925	-3.196840625
0.926	-3.20591978
0.927	-3.215008745
0.928	-3.22410752
0.929	-3.233216105
0.93	-3.2423345
0.931	-3.251462705
0.932	-3.26060072
0.933	-3.269748545
0.934	-3.27890618
0.935	-3.288073625
0.936	-3.29725088
0.937	-3.306437945
0.938	-3.31563482
0.939	-3.324841505
0.94	-3.334058
0.941	-3.343284305
0.942	-3.35252042
0.943	-3.361766345
0.944	-3.37102208
0.945	-3.380287625
0.946	-3.38956298
0.947	-3.398848145
0.948	-3.40814312
0.949	-3.417447905
0.95	-3.4267625
0.951	-3.436086905
0.952	-3.44542112
0.953	-3.454765145
0.954	-3.46411898
0.955	-3.473482625
0.956	-3.48285608
0.957	-3.492239345
0.958	-3.50163242
0.959	-3.511035305
0.96	-3.520448
0.961	-3.529870505
0.962	-3.53930282
0.963	-3.548744945
0.964	-3.55819688
0.965	-3.567658625
0.966	-3.57713018
0.967	-3.586611545
0.968	-3.59610272
0.969	-3.605603705
0.97	-3.6151145
0.971	-3.624635105
0.972	-3.63416552
0.973	-3.643705745
0.974	-3.65325578
0.975	-3.662815625
0.976	-3.67238528
0.977	-3.681964745
0.978	-3.69155402
0.979	-3.701153105
0.98	-3.710762
0.981	-3.720380705
0.982	-3.73000922
0.983	-3.739647545
0.984	-3.74929568
0.985	-3.758953625
0.986	-3.76862138
0.987	-3.778298945
0.988	-3.78798632
0.989	-3.797683505
0.99	-3.8073905
0.991	-3.817107305
0.992	-3.82683392
0.993	-3.836570345
0.994	-3.84631658
0.995	-3.856072625
0.996	-3.86583848
0.997	-3.875614145
0.998	-3.88539962
0.999	-3.895194905
1	-3.905
1.001	-3.914814905
1.002	-3.92463962
1.003	-3.934474145
1.004	-3.94431848
1.005	-3.954172625
1.006	-3.96403658
1.007	-3.973910345
1.008	-3.98379392
1.009	-3.993687305
1.01	-4.0035905
1.011	-4.013503505
1.012	-4.02342632
1.013	-4.033358945
1.014	-4.04330138
1.015	-4.053253625
1.016	-4.06321568
1.017	-4.073187545
1.018	-4.08316922
1.019	-4.093160705
1.02	-4.103162
1.021	-4.113173105
1.022	-4.12319402
1.023	-4.133224745
1.024	-4.14326528
1.025	-4.153315625
1.026	-4.16337578
1.027	-4.173445745
1.028	-4.18352552
1.029	-4.193615105
1.03	-4.2037145
1.031	-4.213823705
1.032	-4.22394272
1.033	-4.234071545
1.034	-4.24421018
1.035	-4.254358625
1.036	-4.26451688
1.037	-4.274684945
1.038	-4.28486282
1.039	-4.295050505
1.04	-4.305248
1.041	-4.315455305
1.042	-4.32567242
1.043	-4.335899345
1.044	-4.34613608
1.045	-4.356382625
1.046	-4.36663898
1.047	-4.376905145
1.048	-4.38718112
1.049	-4.397466905
1.05	-4.4077625
1.051	-4.418067905
1.052	-4.42838312
1.053	-4.438708145
1.054	-4.44904298
1.055	-4.459387625
1.056	-4.46974208
1.057	-4.480106345
1.058	-4.49048042
1.059	-4.500864305
1.06	-4.511258
1.061	-4.521661505
1.062	-4.53207482
1.063	-4.542497945
1.064	-4.55293088
1.065	-4.563373625
1.066	-4.57382618
1.067	-4.584288545
1.068	-4.59476072
1.069	-4.605242705
1.07	-4.6157345
1.071	-4.626236105
1.072	-4.63674752
1.073	-4.647268745
1.074	-4.65779978
1.075	-4.668340625
1.076	-4.67889128
1.077	-4.689451745
1.078	-4.70002202
1.079	-4.710602105
1.08	-4.721192
1.081	-4.731791705
1.082	-4.74240122
1.083	-4.753020545
1.084	-4.76364968
1.085	-4.774288625
1.086	-4.78493738
1.087	-4.795595945
1.088	-4.80626432
1.089	-4.816942505
1.09	-4.8276305
1.091	-4.838328305
1.092	-4.84903592
1.093	-4.859753345
1.094	-4.87048058
1.095	-4.881217625
1.096	-4.89196448
1.097	-4.902721145
1.098	-4.91348762
1.099	-4.924263905
1.1	-4.93505
1.101	-4.945845905
1.102	-4.95665162
1.103	-4.967467145
1.104	-4.97829248
1.105	-4.989127625
1.106	-4.99997258
1.107	-5.010827345
1.108	-5.02169192
1.109	-5.032566305
1.11	-5.0434505
1.111	-5.054344505
1.112	-5.06524832
1.113	-5.076161945
1.114	-5.08708538
1.115	-5.098018625
1.116	-5.10896168
1.117	-5.119914545
1.118	-5.13087722
1.119	-5.141849705
1.12	-5.152832
1.121	-5.163824105
1.122	-5.17482602
1.123	-5.185837745
1.124	-5.19685928
1.125	-5.207890625
1.126	-5.21893178
1.127	-5.229982745
1.128	-5.24104352
1.129	-5.252114105
1.13	-5.2631945
1.131	-5.274284705
1.132	-5.28538472
1.133	-5.296494545
1.134	-5.30761418
1.135	-5.318743625
1.136	-5.32988288
1.137	-5.341031945
1.138	-5.35219082
1.139	-5.363359505
1.14	-5.374538
1.141	-5.385726305
1.142	-5.39692442
1.143	-5.408132345
1.144	-5.41935008
1.145	-5.430577625
1.146	-5.44181498
1.147	-5.453062145
1.148	-5.46431912
1.149	-5.475585905
1.15	-5.4868625
1.151	-5.498148905
1.152	-5.50944512
1.153	-5.520751145
1.154	-5.53206698
1.155	-5.543392625
1.156	-5.55472808
1.157	-5.566073345
1.158	-5.57742842
1.159	-5.588793305
1.16	-5.600168
1.161	-5.611552505
1.162	-5.62294682
1.163	-5.634350945
1.164	-5.64576488
1.165	-5.657188625
1.166	-5.66862218
1.167	-5.680065545
1.168	-5.69151872
1.169	-5.702981705
1.17	-5.7144545
1.171	-5.725937105
1.172	-5.73742952
1.173	-5.748931745
1.174	-5.76044378
1.175	-5.771965625
1.176	-5.78349728
1.177	-5.795038745
1.178	-5.80659002
1.179	-5.818151105
1.18	-5.829722
1.181	-5.841302705
1.182	-5.85289322
1.183	-5.864493545
1.184	-5.87610368
1.185	-5.887723625
1.186	-5.89935338
1.187	-5.910992945
1.188	-5.92264232
1.189	-5.934301505
1.19	-5.9459705
1.191	-5.957649305
1.192	-5.96933792
1.193	-5.981036345
1.194	-5.99274458
1.195	-6.004462625
1.196	-6.01619048
1.197	-6.027928145
1.198	-6.03967562
1.199	-6.051432905
1.2	-6.0632
1.201	-6.074976905
1.202	-6.08676362
1.203	-6.098560145
1.204	-6.11036648
1.205	-6.122182625
1.206	-6.13400858
1.207	-6.145844345
1.208	-6.15768992
1.209	-6.169545305
1.21	-6.1814105
1.211	-6.193285505
1.212	-6.20517032
1.213	-6.217064945
1.214	-6.22896938
1.215	-6.240883625
1.216	-6.25280768
1.217	-6.264741545
1.218	-6.27668522
1.219	-6.288638705
1.22	-6.300602
1.221	-6.312575105
1.222	-6.32455802
1.223	-6.336550745
1.224	-6.34855328
1.225	-6.360565625
1.226	-6.37258778
1.227	-6.384619745
1.228	-6.39666152
1.229	-6.408713105
1.23	-6.4207745
1.231	-6.432845705
1.232	-6.44492672
1.233	-6.457017545
1.234	-6.46911818
1.235	-6.481228625
1.236	-6.49334888
1.237	-6.505478945
1.238	-6.51761882
1.239	-6.529768505
1.24	-6.541928
1.241	-6.554097305
1.242	-6.56627642
1.243	-6.578465345
1.244	-6.59066408
1.245	-6.602872625
1.246	-6.61509098
1.247	-6.627319145
1.248	-6.63955712
1.249	-6.651804905
1.25	-6.6640625
1.251	-6.676329905
1.252	-6.68860712
1.253	-6.700894145
1.254	-6.71319098
1.255	-6.725497625
1.256	-6.73781408
1.257	-6.750140345
1.258	-6.76247642
1.259	-6.774822305
1.26	-6.787178
1.261	-6.799543505
1.262	-6.81191882
1.263	-6.824303945
1.264	-6.83669888
1.265	-6.849103625
1.266	-6.86151818
1.267	-6.873942545
1.268	-6.88637672
1.269	-6.898820705
1.27	-6.9112745
1.271	-6.923738105
1.272	-6.93621152
1.273	-6.948694745
1.274	-6.96118778
1.275	-6.973690625
1.276	-6.98620328
1.277	-6.998725745
1.278	-7.01125802
1.279	-7.023800105
1.28	-7.036352
1.281	-7.048913705
1.282	-7.06148522
1.283	-7.074066545
1.284	-7.08665768
1.285	-7.099258625
1.286	-7.11186938
1.287	-7.124489945
1.288	-7.13712032
1.289	-7.149760505
1.29	-7.1624105
1.291	-7.175070305
1.292	-7.18773992
1.293	-7.200419345
1.294	-7.21310858
1.295	-7.225807625
1.296	-7.23851648
1.297	-7.251235145
1.298	-7.26396362
1.299	-7.276701905
1.3	-7.28945
1.301	-7.302207905
1.302	-7.31497562
1.303	-7.327753145
1.304	-7.34054048
1.305	-7.353337625
1.306	-7.36614458
1.307	-7.378961345
1.308	-7.39178792
1.309	-7.404624305
1.31	-7.4174705
1.311	-7.430326505
1.312	-7.44319232
1.313	-7.456067945
1.314	-7.46895338
1.315	-7.481848625
1.316	-7.49475368
1.317	-7.507668545
1.318	-7.52059322
1.319	-7.533527705
1.32	-7.546472
1.321	-7.559426105
1.322	-7.57239002
1.323	-7.585363745
1.324	-7.59834728
1.325	-7.611340625
1.326	-7.62434378
1.327	-7.637356745
1.328	-7.65037952
1.329	-7.663412105
1.33	-7.6764545
1.331	-7.689506705
1.332	-7.70256872
1.333	-7.715640545
1.334	-7.72872218
1.335	-7.741813625
1.336	-7.75491488
1.337	-7.768025945
1.338	-7.78114682
1.339	-7.794277505
1.34	-7.807418
1.341	-7.820568305
1.342	-7.83372842
1.343	-7.846898345
1.344	-7.86007808
1.345	-7.873267625
1.346	-7.88646698
1.347	-7.899676145
1.348	-7.91289512
1.349	-7.926123905
1.35	-7.9393625
1.351	-7.952610905
1.352	-7.96586912
1.353	-7.979137145
1.354	-7.99241498
1.355	-8.005702625
1.356	-8.01900008
1.357	-8.032307345
1.358	-8.04562442
1.359	-8.058951305
1.36	-8.072288
1.361	-8.085634505
1.362	-8.09899082
1.363	-8.112356945
1.364	-8.12573288
1.365	-8.139118625
1.366	-8.15251418
1.367	-8.165919545
1.368	-8.17933472
1.369	-8.192759705
1.37	-8.2061945
1.371	-8.219639105
1.372	-8.23309352
1.373	-8.246557745
1.374	-8.26003178
1.375	-8.273515625
1.376	-8.28700928
1.377	-8.300512745
1.378	-8.31402602
1.379	-8.327549105
1.38	-8.341082
1.381	-8.354624705
1.382	-8.36817722
1.383	-8.381739545
1.384	-8.39531168
1.385	-8.408893625
1.386	-8.42248538
1.387	-8.436086945
1.388	-8.44969832
1.389	-8.463319505
1.39	-8.4769505
1.391	-8.490591305
1.392	-8.50424192
1.393	-8.517902345
1.394	-8.53157258
1.395	-8.545252625
1.396	-8.55894248
1.397	-8.572642145
1.398	-8.58635162
1.399	-8.600070905
1.4	-8.6138
1.401	-8.627538905
1.402	-8.64128762
1.403	-8.655046145
1.404	-8.66881448
1.405	-8.682592625
1.406	-8.69638058
1.407	-8.710178345
1.408	-8.72398592
1.409	-8.737803305
1.41	-8.7516305
1.411	-8.765467505
1.412	-8.77931432
1.413	-8.793170945
1.414	-8.80703738
1.415	-8.820913625
1.416	-8.83479968
1.417	-8.848695545
1.418	-8.86260122
1.419	-8.876516705
1.42	-8.890442
1.421	-8.904377105
1.422	-8.91832202
1.423	-8.932276745
1.424	-8.94624128
1.425	-8.960215625
1.426	-8.97419978
1.427	-8.988193745
1.428	-9.00219752
1.429	-9.016211105
1.43	-9.0302345
1.431	-9.044267705
1.432	-9.05831072
1.433	-9.072363545
1.434	-9.08642618
1.435	-9.100498625
1.436	-9.11458088
1.437	-9.128672945
1.438	-9.14277482
1.439	-9.156886505
1.44	-9.171008
1.441	-9.185139305
1.442	-9.19928042
1.443	-9.213431345
1.444	-9.22759208
1.445	-9.241762625
1.446	-9.25594298
1.447	-9.270133145
1.448	-9.28433312
1.449	-9.298542905
1.45	-9.3127625
1.451	-9.326991905
1.452	-9.34123112
1.453	-9.355480145
1.454	-9.36973898
1.455	-9.384007625
1.456	-9.39828608
1.457	-9.412574345
1.458	-9.42687242
1.459	-9.441180305
1.46	-9.455498
1.461	-9.469825505
1.462	-9.48416282
1.463	-9.498509945
1.464	-9.51286688
1.465	-9.527233625
1.466	-9.54161018
1.467	-9.555996545
1.468	-9.57039272
1.469	-9.584798705
1.47	-9.5992145
1.471	-9.613640105
1.472	-9.62807552
1.473	-9.642520745
1.474	-9.65697578
1.475	-9.671440625
1.476	-9.68591528
1.477	-9.700399745
1.478	-9.71489402
1.479	-9.729398105
1.48	-9.743912
1.481	-9.758435705
1.482	-9.77296922
1.483	-9.787512545
1.484	-9.80206568
1.485	-9.816628625
1.486	-9.83120138
1.487	-9.845783945
1.488	-9.86037632
1.489	-9.874978505
1.49	-9.8895905
1.491	-9.904212305
1.492	-9.91884392
1.493	-9.933485345
1.494	-9.94813658
1.495	-9.962797625
1.496	-9.97746848
1.497	-9.992149145
1.498	-10.00683962
1.499	-10.021539905
1.5	-10.03625
1.501	-10.050969905
1.502	-10.06569962
1.503	-10.080439145
1.504	-10.09518848
1.505	-10.109947625
1.506	-10.12471658
1.507	-10.139495345
1.508	-10.15428392
1.509	-10.169082305
1.51	-10.1838905
1.511	-10.198708505
1.512	-10.21353632
1.513	-10.228373945
1.514	-10.24322138
1.515	-10.258078625
1.516	-10.27294568
1.517	-10.287822545
1.518	-10.30270922
1.519	-10.317605705
1.52	-10.332512
1.521	-10.347428105
1.522	-10.36235402
1.523	-10.377289745
1.524	-10.39223528
1.525	-10.407190625
1.526	-10.42215578
1.527	-10.437130745
1.528	-10.45211552
1.529	-10.467110105
1.53	-10.4821145
1.531	-10.497128705
1.532	-10.51215272
1.533	-10.527186545
1.534	-10.54223018
1.535	-10.557283625
1.536	-10.57234688
1.537	-10.587419945
1.538	-10.60250282
1.539	-10.617595505
1.54	-10.632698
1.541	-10.647810305
1.542	-10.66293242
1.543	-10.678064345
1.544	-10.69320608
1.545	-10.708357625
1.546	-10.72351898
1.547	-10.738690145
1.548	-10.75387112
1.549	-10.769061905
1.55	-10.7842625
1.551	-10.799472905
1.552	-10.81469312
1.553	-10.829923145
1.554	-10.84516298
1.555	-10.860412625
1.556	-10.87567208
1.557	-10.890941345
1.558	-10.90622042
1.559	-10.921509305
1.56	-10.936808
1.561	-10.952116505
1.562	-10.96743482
1.563	-10.982762945
1.564	-10.99810088
1.565	-11.013448625
1.566	-11.02880618
1.567	-11.044173545
1.568	-11.05955072
1.569	-11.074937705
1.57	-11.0903345
1.571	-11.105741105
1.572	-11.12115752
1.573	-11.136583745
1.574	-11.15201978
1.575	-11.167465625
1.576	-11.18292128
1.577	-11.198386745
1.578	-11.21386202
1.579	-11.229347105
1.58	-11.244842
1.581	-11.260346705
1.582	-11.27586122
1.583	-11.291385545
1.584	-11.30691968
1.585	-11.322463625
1.586	-11.33801738
1.587	-11.353580945
1.588	-11.36915432
1.589	-11.384737505
1.59	-11.4003305
1.591	-11.415933305
1.592	-11.43154592
1.593	-11.447168345
1.594	-11.46280058
1.595	-11.478442625
1.596	-11.49409448
1.597	-11.509756145
1.598	-11.52542762
1.599	-11.541108905
1.6	-11.5568
1.601	-11.572500905
1.602	-11.58821162
1.603	-11.603932145
1.604	-11.61966248
1.605	-11.635402625
1.606	-11.65115258
1.607	-11.666912345
1.608	-11.68268192
1.609	-11.698461305
1.61	-11.7142505
1.611	-11.730049505
1.612	-11.74585832
1.613	-11.761676945
1.614	-11.77750538
1.615	-11.793343625
1.616	-11.80919168
1.617	-11.825049545
1.618	-11.84091722
1.619	-11.856794705
1.62	-11.872682
1.621	-11.888579105
1.622	-11.90448602
1.623	-11.920402745
1.624	-11.93632928
1.625	-11.952265625
1.626	-11.96821178
1.627	-11.984167745
1.628	-12.00013352
1.629	-12.016109105
1.63	-12.0320945
1.631	-12.048089705
1.632	-12.06409472
1.633	-12.080109545
1.634	-12.09613418
1.635	-12.112168625
1.636	-12.12821288
1.637	-12.144266945
1.638	-12.16033082
1.639	-12.176404505
1.64	-12.192488
1.641	-12.208581305
1.642	-12.22468442
1.643	-12.240797345
1.644	-12.25692008
1.645	-12.273052625
1.646	-12.28919498
1.647	-12.305347145
1.648	-12.32150912
1.649	-12.337680905
1.65	-12.3538625
1.651	-12.370053905
1.652	-12.38625512
1.653	-12.402466145
1.654	-12.41868698
1.655	-12.434917625
1.656	-12.45115808
1.657	-12.467408345
1.658	-12.48366842
1.659	-12.499938305
1.66	-12.516218
1.661	-12.532507505
1.662	-12.54880682
1.663	-12.565115945
1.664	-12.58143488
1.665	-12.597763625
1.666	-12.61410218
1.667	-12.630450545
1.668	-12.64680872
1.669	-12.663176705
1.67	-12.6795545
1.671	-12.695942105
1.672	-12.71233952
1.673	-12.728746745
1.674	-12.74516378
1.675	-12.761590625
1.676	-12.77802728
1.677	-12.794473745
1.678	-12.81093002
1.679	-12.827396105
1.68	-12.843872
1.681	-12.860357705
1.682	-12.87685322
1.683	-12.893358545
1.684	-12.90987368
1.685	-12.926398625
1.686	-12.94293338
1.687	-12.959477945
1.688	-12.97603232
1.689	-12.992596505
1.69	-13.0091705
1.691	-13.025754305
1.692	-13.04234792
1.693	-13.058951345
1.694	-13.07556458
1.695	-13.092187625
1.696	-13.10882048
1.697	-13.125463145
1.698	-13.14211562
1.699	-13.158777905
1.7	-13.17545
1.701	-13.192131905
1.702	-13.20882362
1.703	-13.225525145
1.704	-13.24223648
1.705	-13.258957625
1.706	-13.27568858
1.707	-13.292429345
1.708	-13.30917992
1.709	-13.325940305
1.71	-13.3427105
1.711	-13.359490505
1.712	-13.37628032
1.713	-13.393079945
1.714	-13.40988938
1.715	-13.426708625
1.716	-13.44353768
1.717	-13.460376545
1.718	-13.47722522
1.719	-13.494083705
1.72	-13.510952
1.721	-13.527830105
1.722	-13.54471802
1.723	-13.561615745
1.724	-13.57852328
1.725	-13.595440625
1.726	-13.61236778
1.727	-13.629304745
1.728	-13.64625152
1.729	-13.663208105
1.73	-13.6801745
1.731	-13.697150705
1.732	-13.71413672
1.733	-13.731132545
1.734	-13.74813818
1.735	-13.765153625
1.736	-13.78217888
1.737	-13.799213945
1.738	-13.81625882
1.739	-13.833313505
1.74	-13.850378
1.741	-13.867452305
1.742	-13.88453642
1.743	-13.901630345
1.744	-13.91873408
1.745	-13.935847625
1.746	-13.95297098
1.747	-13.970104145
1.748	-13.98724712
1.749	-14.004399905
1.75	-14.0215625
1.751	-14.038734905
1.752	-14.05591712
1.753	-14.073109145
1.754	-14.09031098
1.755	-14.107522625
1.756	-14.12474408
1.757	-14.141975345
1.758	-14.15921642
1.759	-14.176467305
1.76	-14.193728
1.761	-14.210998505
1.762	-14.22827882
1.763	-14.245568945
1.764	-14.26286888
1.765	-14.280178625
1.766	-14.29749818
1.767	-14.314827545
1.768	-14.33216672
1.769	-14.349515705
1.77	-14.3668745
1.771	-14.384243105
1.772	-14.40162152
1.773	-14.419009745
1.774	-14.43640778
1.775	-14.453815625
1.776	-14.47123328
1.777	-14.488660745
1.778	-14.50609802
1.779	-14.523545105
1.78	-14.541002
1.781	-14.558468705
1.782	-14.57594522
1.783	-14.593431545
1.784	-14.61092768
1.785	-14.628433625
1.786	-14.64594938
1.787	-14.663474945
1.788	-14.68101032
1.789	-14.698555505
1.79	-14.7161105
1.791	-14.733675305
1.792	-14.75124992
1.793	-14.768834345
1.794	-14.78642858
1.795	-14.804032625
1.796	-14.82164648
1.797	-14.839270145
1.798	-14.85690362
1.799	-14.874546905
1.8	-14.8922
1.801	-14.909862905
1.802	-14.92753562
1.803	-14.945218145
1.804	-14.96291048
1.805	-14.980612625
1.806	-14.99832458
1.807	-15.016046345
1.808	-15.03377792
1.809	-15.051519305
1.81	-15.0692705
1.811	-15.087031505
1.812	-15.10480232
1.813	-15.122582945
1.814	-15.14037338
1.815	-15.158173625
1.816	-15.17598368
1.817	-15.193803545
1.818	-15.21163322
1.819	-15.229472705
1.82	-15.247322
1.821	-15.265181105
1.822	-15.28305002
1.823	-15.300928745
1.824	-15.31881728
1.825	-15.336715625
1.826	-15.35462378
1.827	-15.372541745
1.828	-15.39046952
1.829	-15.408407105
1.83	-15.4263545
1.831	-15.444311705
1.832	-15.46227872
1.833	-15.480255545
1.834	-15.49824218
1.835	-15.516238625
1.836	-15.53424488
1.837	-15.552260945
1.838	-15.57028682
1.839	-15.588322505
1.84	-15.606368
1.841	-15.624423305
1.842	-15.64248842
1.843	-15.660563345
1.844	-15.67864808
1.845	-15.696742625
1.846	-15.71484698
1.847	-15.732961145
1.848	-15.75108512
1.849	-15.769218905
1.85	-15.7873625
1.851	-15.805515905
1.852	-15.82367912
1.853	-15.841852145
1.854	-15.86003498
1.855	-15.878227625
1.856	-15.89643008
1.857	-15.914642345
1.858	-15.93286442
1.859	-15.951096305
1.86	-15.969338
1.861	-15.987589505
1.862	-16.00585082
1.863	-16.024121945
1.864	-16.04240288
1.865	-16.060693625
1.866	-16.07899418
1.867	-16.097304545
1.868	-16.11562472
1.869	-16.133954705
1.87	-16.1522945
1.871	-16.170644105
1.872	-16.18900352
1.873	-16.207372745
1.874	-16.22575178
1.875	-16.244140625
1.876	-16.26253928
1.877	-16.280947745
1.878	-16.29936602
1.879	-16.317794105
1.88	-16.336232
1.881	-16.354679705
1.882	-16.37313722
1.883	-16.391604545
1.884	-16.41008168
1.885	-16.428568625
1.886	-16.44706538
1.887	-16.465571945
1.888	-16.48408832
1.889	-16.502614505
1.89	-16.5211505
1.891	-16.539696305
1.892	-16.55825192
1.893	-16.576817345
1.894	-16.59539258
1.895	-16.613977625
1.896	-16.63257248
1.897	-16.651177145
1.898	-16.66979162
1.899	-16.688415905
1.9	-16.70705
1.901	-16.725693905
1.902	-16.74434762
1.903	-16.763011145
1.904	-16.78168448
1.905	-16.800367625
1.906	-16.81906058
1.907	-16.837763345
1.908	-16.85647592
1.909	-16.875198305
1.91	-16.8939305
1.911	-16.912672505
1.912	-16.93142432
1.913	-16.950185945
1.914	-16.96895738
1.915	-16.987738625
1.916	-17.00652968
1.917	-17.025330545
1.918	-17.04414122
1.919	-17.062961705
1.92	-17.081792
1.921	-17.100632105
1.922	-17.11948202
1.923	-17.138341745
1.924	-17.15721128
1.925	-17.176090625
1.926	-17.19497978
1.927	-17.213878745
1.928	-17.23278752
1.929	-17.251706105
1.93	-17.2706345
1.931	-17.289572705
1.932	-17.30852072
1.933	-17.327478545
1.934	-17.34644618
1.935	-17.365423625
1.936	-17.38441088
1.937	-17.403407945
1.938	-17.42241482
1.939	-17.441431505
1.94	-17.460458
1.941	-17.479494305
1.942	-17.49854042
1.943	-17.517596345
1.944	-17.53666208
1.945	-17.555737625
1.946	-17.57482298
1.947	-17.593918145
1.948	-17.61302312
1.949	-17.632137905
1.95	-17.6512625
1.951	-17.670396905
1.952	-17.68954112
1.953	-17.708695145
1.954	-17.72785898
1.955	-17.747032625
1.956	-17.76621608
1.957	-17.785409345
1.958	-17.80461242
1.959	-17.823825305
1.96	-17.843048
1.961	-17.862280505
1.962	-17.88152282
1.963	-17.900774945
1.964	-17.92003688
1.965	-17.939308625
1.966	-17.95859018
1.967	-17.977881545
1.968	-17.99718272
1.969	-18.016493705
1.97	-18.0358145
1.971	-18.055145105
1.972	-18.07448552
1.973	-18.093835745
1.974	-18.11319578
1.975	-18.132565625
1.976	-18.15194528
1.977	-18.171334745
1.978	-18.19073402
1.979	-18.210143105
1.98	-18.229562
1.981	-18.248990705
1.982	-18.26842922
1.983	-18.287877545
1.984	-18.30733568
1.985	-18.326803625
1.986	-18.34628138
1.987	-18.365768945
1.988	-18.38526632
1.989	-18.404773505
1.99	-18.4242905
1.991	-18.443817305
1.992	-18.46335392
1.993	-18.482900345
1.994	-18.50245658
1.995	-18.522022625
1.996	-18.54159848
1.997	-18.561184145
1.998	-18.58077962
1.999	-18.600384905
2	-18.62
2.001	-18.639624905
2.002	-18.65925962
2.003	-18.678904145
2.004	-18.69855848
2.005	-18.718222625
2.006	-18.73789658
2.007	-18.757580345
2.008	-18.77727392
2.009	-18.796977305
2.01	-18.8166905
2.011	-18.836413505
2.012	-18.85614632
2.013	-18.875888945
2.014	-18.89564138
2.015	-18.915403625
2.016	-18.93517568
2.017	-18.954957545
2.018	-18.97474922
2.019	-18.994550705
2.02	-19.014362
2.021	-19.034183105
2.022	-19.05401402
2.023	-19.073854745
2.024	-19.09370528
2.025	-19.113565625
2.026	-19.13343578
2.027	-19.153315745
2.028	-19.17320552
2.029	-19.193105105
2.03	-19.2130145
2.031	-19.232933705
2.032	-19.25286272
2.033	-19.272801545
2.034	-19.29275018
2.035	-19.312708625
2.036	-19.33267688
2.037	-19.352654945
2.038	-19.37264282
2.039	-19.392640505
2.04	-19.412648
2.041	-19.432665305
2.042	-19.45269242
2.043	-19.472729345
2.044	-19.49277608
2.045	-19.512832625
2.046	-19.53289898
2.047	-19.552975145
2.048	-19.57306112
2.049	-19.593156905
2.05	-19.6132625
2.051	-19.633377905
2.052	-19.65350312
2.053	-19.673638145
2.054	-19.69378298
2.055	-19.713937625
2.056	-19.73410208
2.057	-19.754276345
2.058	-19.77446042
2.059	-19.794654305
2.06	-19.814858
2.061	-19.835071505
2.062	-19.85529482
2.063	-19.875527945
2.064	-19.89577088
2.065	-19.916023625
2.066	-19.93628618
2.067	-19.956558545
2.068	-19.97684072
2.069	-19.997132705
2.07	-20.0174345
2.071	-20.037746105
2.072	-20.05806752
2.073	-20.078398745
2.074	-20.09873978
2.075	-20.119090625
2.076	-20.13945128
2.077	-20.159821745
2.078	-20.18020202
2.079	-20.200592105
2.08	-20.220992
2.081	-20.241401705
2.082	-20.26182122
2.083	-20.282250545
2.084	-20.30268968
2.085	-20.323138625
2.086	-20.34359738
2.087	-20.364065945
2.088	-20.38454432
2.089	-20.405032505
2.09	-20.4255305
2.091	-20.446038305
2.092	-20.46655592
2.093	-20.487083345
2.094	-20.50762058
2.095	-20.528167625
2.096	-20.54872448
2.097	-20.569291145
2.098	-20.58986762
2.099	-20.610453905
2.1	-20.63105
2.101	-20.651655905
2.102	-20.67227162
2.103	-20.692897145
2.104	-20.71353248
2.105	-20.734177625
2.106	-20.75483258
2.107	-20.775497345
2.108	-20.79617192
2.109	-20.816856305
2.11	-20.8375505
2.111	-20.858254505
2.112	-20.87896832
2.113	-20.899691945
2.114	-20.92042538
2.115	-20.941168625
2.116	-20.96192168
2.117	-20.982684545
2.118	-21.00345722
2.119	-21.024239705
2.12	-21.045032
2.121	-21.065834105
2.122	-21.08664602
2.123	-21.107467745
2.124	-21.12829928
2.125	-21.149140625
2.126	-21.16999178
2.127	-21.190852745
2.128	-21.21172352
2.129	-21.232604105
2.13	-21.2534945
2.131	-21.274394705
2.132	-21.29530472
2.133	-21.316224545
2.134	-21.33715418
2.135	-21.358093625
2.136	-21.37904288
2.137	-21.400001945
2.138	-21.42097082
2.139	-21.441949505
2.14	-21.462938
2.141	-21.483936305
2.142	-21.50494442
2.143	-21.525962345
2.144	-21.54699008
2.145	-21.568027625
2.146	-21.58907498
2.147	-21.610132145
2.148	-21.63119912
2.149	-21.652275905
2.15	-21.6733625
2.151	-21.694458905
2.152	-21.71556512
2.153	-21.736681145
2.154	-21.75780698
2.155	-21.778942625
2.156	-21.80008808
2.157	-21.821243345
2.158	-21.84240842
2.159	-21.863583305
2.16	-21.884768
2.161	-21.905962505
2.162	-21.92716682
2.163	-21.948380945
2.164	-21.96960488
2.165	-21.990838625
2.166	-22.01208218
2.167	-22.033335545
2.168	-22.05459872
2.169	-22.075871705
2.17	-22.0971545
2.171	-22.118447105
2.172	-22.13974952
2.173	-22.161061745
2.174	-22.18238378
2.175	-22.203715625
2.176	-22.22505728
2.177	-22.246408745
2.178	-22.26777002
2.179	-22.289141105
2.18	-22.310522
2.181	-22.331912705
2.182	-22.35331322
2.183	-22.374723545
2.184	-22.39614368
2.185	-22.417573625
2.186	-22.43901338
2.187	-22.460462945
2.188	-22.48192232
2.189	-22.503391505
2.19	-22.5248705
2.191	-22.546359305
2.192	-22.56785792
2.193	-22.589366345
2.194	-22.61088458
2.195	-22.632412625
2.196	-22.65395048
2.197	-22.675498145
2.198	-22.69705562
2.199	-22.718622905
2.2	-22.7402
2.201	-22.761786905
2.202	-22.78338362
2.203	-22.804990145
2.204	-22.82660648
2.205	-22.848232625
2.206	-22.86986858
2.207	-22.891514345
2.208	-22.91316992
2.209	-22.934835305
2.21	-22.9565105
2.211	-22.978195505
2.212	-22.99989032
2.213	-23.021594945
2.214	-23.04330938
2.215	-23.065033625
2.216	-23.08676768
2.217	-23.108511545
2.218	-23.13026522
2.219	-23.152028705
2.22	-23.173802
2.221	-23.195585105
2.222	-23.21737802
2.223	-23.239180745
2.224	-23.26099328
2.225	-23.282815625
2.226	-23.30464778
2.227	-23.326489745
2.228	-23.34834152
2.229	-23.370203105
2.23	-23.3920745
2.231	-23.413955705
2.232	-23.43584672
2.233	-23.457747545
2.234	-23.47965818
2.235	-23.501578625
2.236	-23.52350888
2.237	-23.545448945
2.238	-23.56739882
2.239	-23.589358505
2.24	-23.611328
2.241	-23.633307305
2.242	-23.65529642
2.243	-23.677295345
2.244	-23.69930408
2.245	-23.721322625
2.246	-23.74335098
2.247	-23.765389145
2.248	-23.78743712
2.249	-23.809494905
2.25	-23.8315625
2.251	-23.853639905
2.252	-23.87572712
2.253	-23.897824145
2.254	-23.91993098
2.255	-23.942047625
2.256	-23.96417408
2.257	-23.986310345
2.258	-24.00845642
2.259	-24.030612305
2.26	-24.052778
2.261	-24.074953505
2.262	-24.09713882
2.263	-24.119333945
2.264	-24.14153888
2.265	-24.163753625
2.266	-24.18597818
2.267	-24.208212545
2.268	-24.23045672
2.269	-24.252710705
2.27	-24.2749745
2.271	-24.297248105
2.272	-24.31953152
2.273	-24.341824745
2.274	-24.36412778
2.275	-24.386440625
2.276	-24.40876328
2.277	-24.431095745
2.278	-24.45343802
2.279	-24.475790105
2.28	-24.498152
2.281	-24.520523705
2.282	-24.54290522
2.283	-24.565296545
2.284	-24.58769768
2.285	-24.610108625
2.286	-24.63252938
2.287	-24.654959945
2.288	-24.67740032
2.289	-24.699850505
2.29	-24.7223105
2.291	-24.744780305
2.292	-24.76725992
2.293	-24.789749345
2.294	-24.81224858
2.295	-24.834757625
2.296	-24.85727648
2.297	-24.879805145
2.298	-24.90234362
2.299	-24.924891905
2.3	-24.94745
2.301	-24.970017905
2.302	-24.99259562
2.303	-25.015183145
2.304	-25.03778048
2.305	-25.060387625
2.306	-25.08300458
2.307	-25.105631345
2.308	-25.12826792
2.309	-25.150914305
2.31	-25.1735705
2.311	-25.196236505
2.312	-25.21891232
2.313	-25.241597945
2.314	-25.26429338
2.315	-25.286998625
2.316	-25.30971368
2.317	-25.332438545
2.318	-25.35517322
2.319	-25.377917705
2.32	-25.400672
2.321	-25.423436105
2.322	-25.44621002
2.323	-25.468993745
2.324	-25.49178728
2.325	-25.514590625
2.326	-25.53740378
2.327	-25.560226745
2.328	-25.58305952
2.329	-25.605902105
2.33	-25.6287545
2.331	-25.651616705
2.332	-25.67448872
2.333	-25.697370545
2.334	-25.72026218
2.335	-25.743163625
2.336	-25.76607488
2.337	-25.788995945
2.338	-25.81192682
2.339	-25.834867505
2.34	-25.857818
2.341	-25.880778305
2.342	-25.90374842
2.343	-25.926728345
2.344	-25.94971808
2.345	-25.972717625
2.346	-25.99572698
2.347	-26.018746145
2.348	-26.04177512
2.349	-26.064813905
2.35	-26.0878625
2.351	-26.110920905
2.352	-26.13398912
2.353	-26.157067145
2.354	-26.18015498
2.355	-26.203252625
2.356	-26.22636008
2.357	-26.249477345
2.358	-26.27260442
2.359	-26.295741305
2.36	-26.318888
2.361	-26.342044505
2.362	-26.36521082
2.363	-26.388386945
2.364	-26.41157288
2.365	-26.434768625
2.366	-26.45797418
2.367	-26.481189545
2.368	-26.50441472
2.369	-26.527649705
2.37	-26.5508945
2.371	-26.574149105
2.372	-26.59741352
2.373	-26.620687745
2.374	-26.64397178
2.375	-26.667265625
2.376	-26.69056928
2.377	-26.713882745
2.378	-26.73720602
2.379	-26.760539105
2.38	-26.783882
2.381	-26.807234705
2.382	-26.83059722
2.383	-26.853969545
2.384	-26.87735168
2.385	-26.900743625
2.386	-26.92414538
2.387	-26.947556945
2.388	-26.97097832
2.389	-26.994409505
2.39	-27.0178505
2.391	-27.041301305
2.392	-27.06476192
2.393	-27.088232345
2.394	-27.11171258
2.395	-27.135202625
2.396	-27.15870248
2.397	-27.182212145
2.398	-27.20573162
2.399	-27.229260905
2.4	-27.2528
2.401	-27.276348905
2.402	-27.29990762
2.403	-27.323476145
2.404	-27.34705448
2.405	-27.370642625
2.406	-27.39424058
2.407	-27.417848345
2.408	-27.44146592
2.409	-27.465093305
2.41	-27.4887305
2.411	-27.512377505
2.412	-27.53603432
2.413	-27.559700945
2.414	-27.58337738
2.415	-27.607063625
2.416	-27.63075968
2.417	-27.654465545
2.418	-27.67818122
2.419	-27.701906705
2.42	-27.725642
2.421	-27.749387105
2.422	-27.77314202
2.423	-27.796906745
2.424	-27.82068128
2.425	-27.844465625
2.426	-27.86825978
2.427	-27.892063745
2.428	-27.91587752
2.429	-27.939701105
2.43	-27.9635345
2.431	-27.987377705
2.432	-28.01123072
2.433	-28.035093545
2.434	-28.05896618
2.435	-28.082848625
2.436	-28.10674088
2.437	-28.130642945
2.438	-28.15455482
2.439	-28.178476505
2.44	-28.202408
2.441	-28.226349305
2.442	-28.25030042
2.443	-28.274261345
2.444	-28.29823208
2.445	-28.322212625
2.446	-28.34620298
2.447	-28.370203145
2.448	-28.39421312
2.449	-28.418232905
2.45	-28.4422625
2.451	-28.466301905
2.452	-28.49035112
2.453	-28.514410145
2.454	-28.53847898
2.455	-28.562557625
2.456	-28.58664608
2.457	-28.610744345
2.458	-28.63485242
2.459	-28.658970305
2.46	-28.683098
2.461	-28.707235505
2.462	-28.73138282
2.463	-28.755539945
2.464	-28.77970688
2.465	-28.803883625
2.466	-28.82807018
2.467	-28.852266545
2.468	-28.87647272
2.469	-28.900688705
2.47	-28.9249145
2.471	-28.949150105
2.472	-28.97339552
2.473	-28.997650745
2.474	-29.02191578
2.475	-29.046190625
2.476	-29.07047528
2.477	-29.094769745
2.478	-29.11907402
2.479	-29.143388105
2.48	-29.167712
2.481	-29.192045705
2.482	-29.21638922
2.483	-29.240742545
2.484	-29.26510568
2.485	-29.289478625
2.486	-29.31386138
2.487	-29.338253945
2.488	-29.36265632
2.489	-29.387068505
2.49	-29.4114905
2.491	-29.435922305
2.492	-29.46036392
2.493	-29.484815345
2.494	-29.50927658
2.495	-29.533747625
2.496	-29.55822848
2.497	-29.582719145
2.498	-29.60721962
2.499	-29.631729905
2.5	-29.65625
2.501	-29.680779905
2.502	-29.70531962
2.503	-29.729869145
2.504	-29.75442848
2.505	-29.778997625
2.506	-29.80357658
2.507	-29.828165345
2.508	-29.85276392
2.509	-29.877372305
2.51	-29.9019905
2.511	-29.926618505
2.512	-29.95125632
2.513	-29.975903945
2.514	-30.00056138
2.515	-30.025228625
2.516	-30.04990568
2.517	-30.074592545
2.518	-30.09928922
2.519	-30.123995705
2.52	-30.148712
2.521	-30.173438105
2.522	-30.19817402
2.523	-30.222919745
2.524	-30.24767528
2.525	-30.272440625
2.526	-30.29721578
2.527	-30.322000745
2.528	-30.34679552
2.529	-30.371600105
2.53	-30.3964145
2.531	-30.421238705
2.532	-30.44607272
2.533	-30.470916545
2.534	-30.49577018
2.535	-30.520633625
2.536	-30.54550688
2.537	-30.570389945
2.538	-30.59528282
2.539	-30.620185505
2.54	-30.645098
2.541	-30.670020305
2.542	-30.69495242
2.543	-30.719894345
2.544	-30.74484608
2.545	-30.769807625
2.546	-30.79477898
2.547	-30.819760145
2.548	-30.84475112
2.549	-30.869751905
2.55	-30.8947625
2.551	-30.919782905
2.552	-30.94481312
2.553	-30.969853145
2.554	-30.99490298
2.555	-31.019962625
2.556	-31.04503208
2.557	-31.070111345
2.558	-31.09520042
2.559	-31.120299305
2.56	-31.145408
2.561	-31.170526505
2.562	-31.19565482
2.563	-31.220792945
2.564	-31.24594088
2.565	-31.271098625
2.566	-31.29626618
2.567	-31.321443545
2.568	-31.34663072
2.569	-31.371827705
2.57	-31.3970345
2.571	-31.422251105
2.572	-31.44747752
2.573	-31.472713745
2.574	-31.49795978
2.575	-31.523215625
2.576	-31.54848128
2.577	-31.573756745
2.578	-31.59904202
2.579	-31.624337105
2.58	-31.649642
2.581	-31.674956705
2.582	-31.70028122
2.583	-31.725615545
2.584	-31.75095968
2.585	-31.776313625
2.586	-31.80167738
2.587	-31.827050945
2.588	-31.85243432
2.589	-31.877827505
2.59	-31.9032305
2.591	-31.928643305
2.592	-31.95406592
2.593	-31.979498345
2.594	-32.00494058
2.595	-32.030392625
2.596	-32.05585448
2.597	-32.081326145
2.598	-32.10680762
2.599	-32.132298905
2.6	-32.1578
2.601	-32.183310905
2.602	-32.20883162
2.603	-32.234362145
2.604	-32.25990248
2.605	-32.285452625
2.606	-32.31101258
2.607	-32.336582345
2.608	-32.36216192
2.609	-32.387751305
2.61	-32.4133505
2.611	-32.438959505
2.612	-32.46457832
2.613	-32.490206945
2.614	-32.51584538
2.615	-32.541493625
2.616	-32.56715168
2.617	-32.592819545
2.618	-32.61849722
2.619	-32.644184705
2.62	-32.669882
2.621	-32.695589105
2.622	-32.72130602
2.623	-32.747032745
2.624	-32.77276928
2.625	-32.798515625
2.626	-32.82427178
2.627	-32.850037745
2.628	-32.87581352
2.629	-32.901599105
2.63	-32.9273945
2.631	-32.953199705
2.632	-32.97901472
2.633	-33.004839545
2.634	-33.03067418
2.635	-33.056518625
2.636	-33.08237288
2.637	-33.108236945
2.638	-33.13411082
2.639	-33.159994505
2.64	-33.185888
2.641	-33.211791305
2.642	-33.23770442
2.643	-33.263627345
2.644	-33.28956008
2.645	-33.315502625
2.646	-33.34145498
2.647	-33.367417145
2.648	-33.39338912
2.649	-33.419370905
2.65	-33.4453625
2.651	-33.471363905
2.652	-33.49737512
2.653	-33.523396145
2.654	-33.54942698
2.655	-33.575467625
2.656	-33.60151808
2.657	-33.627578345
2.658	-33.65364842
2.659	-33.679728305
2.66	-33.705818
2.661	-33.731917505
2.662	-33.75802682
2.663	-33.784145945
2.664	-33.81027488
2.665	-33.836413625
2.666	-33.86256218
2.667	-33.888720545
2.668	-33.91488872
2.669	-33.941066705
2.67	-33.9672545
2.671	-33.993452105
2.672	-34.01965952
2.673	-34.045876745
2.674	-34.07210378
2.675	-34.098340625
2.676	-34.12458728
2.677	-34.150843745
2.678	-34.17711002
2.679	-34.203386105
2.68	-34.229672
2.681	-34.255967705
2.682	-34.28227322
2.683	-34.308588545
2.684	-34.33491368
2.685	-34.361248625
2.686	-34.38759338
2.687	-34.413947945
2.688	-34.44031232
2.689	-34.466686505
2.69	-34.4930705
2.691	-34.519464305
2.692	-34.54586792
2.693	-34.572281345
2.694	-34.59870458
2.695	-34.625137625
2.696	-34.65158048
2.697	-34.678033145
2.698	-34.70449562
2.699	-34.730967905
2.7	-34.75745
2.701	-34.783941905
2.702	-34.81044362
2.703	-34.836955145
2.704	-34.86347648
2.705	-34.890007625
2.706	-34.91654858
2.707	-34.943099345
2.708	-34.96965992
2.709	-34.996230305
2.71	-35.0228105
2.711	-35.049400505
2.712	-35.07600032
2.713	-35.102609945
2.714	-35.12922938
2.715	-35.155858625
2.716	-35.18249768
2.717	-35.209146545
2.718	-35.23580522
2.719	-35.262473705
2.72	-35.289152
2.721	-35.315840105
2.722	-35.34253802
2.723	-35.369245745
2.724	-35.39596328
2.725	-35.422690625
2.726	-35.44942778
2.727	-35.476174745
2.728	-35.50293152
2.729	-35.529698105
2.73	-35.5564745
2.731	-35.583260705
2.732	-35.61005672
2.733	-35.636862545
2.734	-35.66367818
2.735	-35.690503625
2.736	-35.71733888
2.737	-35.744183945
2.738	-35.77103882
2.739	-35.797903505
2.74	-35.824778
2.741	-35.851662305
2.742	-35.87855642
2.743	-35.905460345
2.744	-35.93237408
2.745	-35.959297625
2.746	-35.98623098
2.747	-36.013174145
2.748	-36.04012712
2.749	-36.067089905
2.75	-36.0940625
2.751	-36.121044905
2.752	-36.14803712
2.753	-36.175039145
2.754	-36.20205098
2.755	-36.229072625
2.756	-36.25610408
2.757	-36.283145345
2.758	-36.31019642
2.759	-36.337257305
2.76	-36.364328
2.761	-36.391408505
2.762	-36.41849882
2.763	-36.445598945
2.764	-36.47270888
2.765	-36.499828625
2.766	-36.52695818
2.767	-36.554097545
2.768	-36.58124672
2.769	-36.608405705
2.77	-36.6355745
2.771	-36.662753105
2.772	-36.68994152
2.773	-36.717139745
2.774	-36.74434778
2.775	-36.771565625
2.776	-36.79879328
2.777	-36.826030745
2.778	-36.85327802
2.779	-36.880535105
2.78	-36.907802
2.781	-36.935078705
2.782	-36.96236522
2.783	-36.989661545
2.784	-37.01696768
2.785	-37.044283625
2.786	-37.07160938
2.787	-37.098944945
2.788	-37.12629032
2.789	-37.153645505
2.79	-37.1810105
2.791	-37.208385305
2.792	-37.23576992
2.793	-37.263164345
2.794	-37.29056858
2.795	-37.317982625
2.796	-37.34540648
2.797	-37.372840145
2.798	-37.40028362
2.799	-37.427736905
2.8	-37.4552
2.801	-37.482672905
2.802	-37.51015562
2.803	-37.537648145
2.804	-37.56515048
2.805	-37.592662625
2.806	-37.62018458
2.807	-37.647716345
2.808	-37.67525792
2.809	-37.702809305
2.81	-37.7303705
2.811	-37.757941505
2.812	-37.78552232
2.813	-37.813112945
2.814	-37.84071338
2.815	-37.868323625
2.816	-37.89594368
2.817	-37.923573545
2.818	-37.95121322
2.819	-37.978862705
2.82	-38.006522
2.821	-38.034191105
2.822	-38.06187002
2.823	-38.089558745
2.824	-38.11725728
2.825	-38.144965625
2.826	-38.17268378
2.827	-38.200411745
2.828	-38.22814952
2.829	-38.255897105
2.83	-38.2836545
2.831	-38.311421705
2.832	-38.33919872
2.833	-38.366985545
2.834	-38.39478218
2.835	-38.422588625
2.836	-38.45040488
2.837	-38.478230945
2.838	-38.50606682
2.839	-38.533912505
2.84	-38.561768
2.841	-38.589633305
2.842	-38.61750842
2.843	-38.645393345
2.844	-38.67328808
2.845	-38.701192625
2.846	-38.72910698
2.847	-38.757031145
2.848	-38.78496512
2.849	-38.812908905
2.85	-38.8408625
2.851	-38.868825905
2.852	-38.89679912
2.853	-38.924782145
2.854	-38.95277498
2.855	-38.980777625
2.856	-39.00879008
2.857	-39.036812345
2.858	-39.06484442
2.859	-39.092886305
2.86	-39.120938
2.861	-39.148999505
2.862	-39.17707082
2.863	-39.205151945
2.864	-39.23324288
2.865	-39.261343625
2.866	-39.28945418
2.867	-39.317574545
2.868	-39.34570472
2.869	-39.373844705
2.87	-39.4019945
2.871	-39.430154105
2.872	-39.45832352
2.873	-39.486502745
2.874	-39.51469178
2.875	-39.542890625
2.876	-39.57109928
2.877	-39.599317745
2.878	-39.62754602
2.879	-39.655784105
2.88	-39.684032
2.881	-39.712289705
2.882	-39.74055722
2.883	-39.768834545
2.884	-39.79712168
2.885	-39.825418625
2.886	-39.85372538
2.887	-39.882041945
2.888	-39.91036832
2.889	-39.938704505
2.89	-39.9670505
2.891	-39.995406305
2.892	-40.02377192
2.893	-40.052147345
2.894	-40.08053258
2.895	-40.108927625
2.896	-40.13733248
2.897	-40.165747145
2.898	-40.19417162
2.899	-40.222605905
2.9	-40.25105
2.901	-40.279503905
2.902	-40.30796762
2.903	-40.336441145
2.904	-40.36492448
2.905	-40.393417625
2.906	-40.42192058
2.907	-40.450433345
2.908	-40.47895592
2.909	-40.507488305
2.91	-40.5360305
2.911	-40.564582505
2.912	-40.59314432
2.913	-40.621715945
2.914	-40.65029738
2.915	-40.678888625
2.916	-40.70748968
2.917	-40.736100545
2.918	-40.76472122
2.919	-40.793351705
2.92	-40.821992
2.921	-40.850642105
2.922	-40.87930202
2.923	-40.907971745
2.924	-40.93665128
2.925	-40.965340625
2.926	-40.99403978
2.927	-41.022748745
2.928	-41.05146752
2.929	-41.080196105
2.93	-41.1089345
2.931	-41.137682705
2.932	-41.16644072
2.933	-41.195208545
2.934	-41.22398618
2.935	-41.252773625
2.936	-41.28157088
2.937	-41.310377945
2.938	-41.33919482
2.939	-41.368021505
2.94	-41.396858
2.941	-41.425704305
2.942	-41.45456042
2.943	-41.483426345
2.944	-41.51230208
2.945	-41.541187625
2.946	-41.57008298
2.947	-41.598988145
2.948	-41.62790312
2.949	-41.656827905
2.95	-41.6857625
2.951	-41.714706905
2.952	-41.74366112
2.953	-41.772625145
2.954	-41.80159898
2.955	-41.830582625
2.956	-41.85957608
2.957	-41.888579345
2.958	-41.91759242
2.959	-41.946615305
2.96	-41.975648
2.961	-42.004690505
2.962	-42.03374282
2.963	-42.062804945
2.964	-42.09187688
2.965	-42.120958625
2.966	-42.15005018
2.967	-42.179151545
2.968	-42.20826272
2.969	-42.237383705
2.97	-42.2665145
2.971	-42.295655105
2.972	-42.32480552
2.973	-42.353965745
2.974	-42.38313578
2.975	-42.412315625
2.976	-42.44150528
2.977	-42.470704745
2.978	-42.49991402
2.979	-42.529133105
2.98	-42.558362
2.981	-42.587600705
2.982	-42.61684922
2.983	-42.646107545
2.984	-42.67537568
2.985	-42.704653625
2.986	-42.73394138
2.987	-42.763238945
2.988	-42.79254632
2.989	-42.821863505
2.99	-42.8511905
2.991	-42.880527305
2.992	-42.90987392
2.993	-42.939230345
2.994	-42.96859658
2.995	-42.997972625
2.996	-43.02735848
2.997	-43.056754145
2.998	-43.08615962
2.999	-43.115574905
3	-43.145
