0	0
0.001	-0.00981
0.002	-0.01962
0.003	-0.02943
0.004	-0.03924
0.005	-0.04905
0.006	-0.05886
0.007	-0.06867
0.008	-0.07848
0.009	-0.08829
0.01	-0.0981
0.011	-0.10791
0.012	-0.11772
0.013	-0.12753
0.014	-0.13734
0.015	-0.14715
0.016	-0.15696
0.017	-0.16677
0.018	-0.17658
0.019	-0.18639
0.02	-0.1962
0.021	-0.20601
0.022	-0.21582
0.023	-0.22563
0.024	-0.23544
0.025	-0.24525
0.026	-0.25506
0.027	-0.26487
0.028	-0.27468
0.029	-0.28449
0.03	-0.2943
0.031	-0.30411
0.032	-0.31392
0.033	-0.32373
0.034	-0.33354
0.035	-0.34335
0.036	-0.35316
0.037	-0.36297
0.038	-0.37278
0.039	-0.38259
0.04	-0.3924
0.041	-0.40221
0.042	-0.41202
0.043	-0.42183
0.044	-0.43164
0.045	-0.44145
0.046	-0.45126
0.047	-0.46107
0.048	-0.47088
0.049	-0.48069
0.05	-0.4905
0.051	-0.50031
0.052	-0.51012
0.053	-0.51993
0.054	-0.52974
0.055	-0.53955
0.056	-0.54936
0.057	-0.55917
0.058	-0.56898
0.059	-0.57879
0.06	-0.5886
0.061	-0.59841
0.062	-0.60822
0.063	-0.61803
0.064	-0.62784
0.065	-0.63765
0.066	-0.64746
0.067	-0.65727
0.068	-0.66708
0.069	-0.67689
0.07	-0.6867
0.071	-0.69651
0.072	-0.70632
0.073	-0.71613
0.074	-0.72594
0.075	-0.73575
0.076	-0.74556
0.077	-0.75537
0.078	-0.76518
0.079	-0.77499
0.08	-0.7848
0.081	-0.79461
0.082	-0.80442
0.083	-0.81423
0.084	-0.82404
0.085	-0.83385
0.086	-0.84366
0.087	-0.85347
0.088	-0.86328
0.089	-0.87309
0.09	-0.8829
0.091	-0.89271
0.092	-0.90252
0.093	-0.91233
0.094	-0.92214
0.095	-0.93195
0.096	-0.94176
0.097	-0.95157
0.098	-0.96138
0.099	-0.97119
0.1	-0.981
0.101	-0.99081
0.102	-1.00062
0.103	-1.01043
0.104	-1.02024
0.105	-1.03005
0.106	-1.03986
0.107	-1.04967
0.108	-1.05948
0.109	-1.06929
0.11	-1.0791
0.111	-1.08891
0.112	-1.09872
0.113	-1.10853
0.114	-1.11834
0.115	-1.12815
0.116	-1.13796
0.117	-1.14777
0.118	-1.15758
0.119	-1.16739
0.12	-1.1772
0.121	-1.18701
0.122	-1.19682
0.123	-1.20663
0.124	-1.21644
0.125	-1.22625
0.126	-1.23606
0.127	-1.24587
0.128	-1.25568
0.129	-1.26549
0.13	-1.2753
0.131	-1.28511
0.132	-1.29492
0.133	-1.30473
0.134	-1.31454
0.135	-1.32435
0.136	-1.33416
0.137	-1.34397
0.138	-1.35378
0.139	-1.36359
0.14	-1.3734
0.141	-1.38321
0.142	-1.39302
0.143	-1.40283
0.144	-1.41264
0.145	-1.42245
0.146	-1.43226
0.147	-1.44207
0.148	-1.45188
0.149	-1.46169
0.15	-1.4715
0.151	-1.48131
0.152	-1.49112
0.153	-1.50093
0.154	-1.51074
0.155	-1.52055
0.156	-1.53036
0.157	-1.54017
0.158	-1.54998
0.159	-1.55979
0.16	-1.5696
0.161	-1.57941
0.162	-1.58922
0.163	-1.59903
0.164	-1.60884
0.165	-1.61865
0.166	-1.62846
0.167	-1.63827
0.168	-1.64808
0.169	-1.65789
0.17	-1.6677
0.171	-1.67751
0.172	-1.68732
0.173	-1.69713
0.174	-1.70694
0.175	-1.71675
0.176	-1.72656
0.177	-1.73637
0.178	-1.74618
0.179	-1.75599
0.18	-1.7658
0.181	-1.77561
0.182	-1.78542
0.183	-1.79523
0.184	-1.80504
0.185	-1.81485
0.186	-1.82466
0.187	-1.83447
0.188	-1.84428
0.189	-1.85409
0.19	-1.8639
0.191	-1.87371
0.192	-1.88352
0.193	-1.89333
0.194	-1.90314
0.195	-1.91295
0.196	-1.92276
0.197	-1.93257
0.198	-1.94238
0.199	-1.95219
0.2	-1.962
0.201	-1.97181
0.202	-1.98162
0.203	-1.99143
0.204	-2.00124
0.205	-2.01105
0.206	-2.02086
0.207	-2.03067
0.208	-2.04048
0.209	-2.05029
0.21	-2.0601
0.211	-2.06991
0.212	-2.07972
0.213	-2.08953
0.214	-2.09934
0.215	-2.10915
0.216	-2.11896
0.217	-2.12877
0.218	-2.13858
0.219	-2.14839
0.22	-2.1582
0.221	-2.16801
0.222	-2.17782
0.223	-2.18763
0.224	-2.19744
0.225	-2.20725
0.226	-2.21706
0.227	-2.22687
0.228	-2.23668
0.229	-2.24649
0.23	-2.2563
0.231	-2.26611
0.232	-2.27592
0.233	-2.28573
0.234	-2.29554
0.235	-2.30535
0.236	-2.31516
0.237	-2.32497
0.238	-2.33478
0.239	-2.34459
0.24	-2.3544
0.241	-2.36421
0.242	-2.37402
0.243	-2.38383
0.244	-2.39364
0.245	-2.40345
0.246	-2.41326
0.247	-2.42307
0.248	-2.43288
0.249	-2.44269
0.25	-2.4525
0.251	-2.46231
0.252	-2.47212
0.253	-2.48193
0.254	-2.49174
0.255	-2.50155
0.256	-2.51136
0.257	-2.52117
0.258	-2.53098
0.259	-2.54079
0.26	-2.5506
0.261	-2.56041
0.262	-2.57022
0.263	-2.58003
0.264	-2.58984
0.265	-2.59965
0.266	-2.60946
0.267	-2.61927
0.268	-2.62908
0.269	-2.63889
0.27	-2.6487
0.271	-2.65851
0.272	-2.66832
0.273	-2.67813
0.274	-2.68794
0.275	-2.69775
0.276	-2.70756
0.277	-2.71737
0.278	-2.72718
0.279	-2.73699
0.28	-2.7468
0.281	-2.75661
0.282	-2.76642
0.283	-2.77623
0.284	-2.78604
0.285	-2.79585
0.286	-2.80566
0.287	-2.81547
0.288	-2.82528
0.289	-2.83509
0.29	-2.8449
0.291	-2.85471
0.292	-2.86452
0.293	-2.87433
0.294	-2.88414
0.295	-2.89395
0.296	-2.90376
0.297	-2.91357
0.298	-2.92338
0.299	-2.93319
0.3	-2.943
0.301	-2.95281
0.302	-2.96262
0.303	-2.97243
0.304	-2.98224
0.305	-2.99205
0.306	-3.00186
0.307	-3.01167
0.308	-3.02148
0.309	-3.03129
0.31	-3.0411
0.311	-3.05091
0.312	-3.06072
0.313	-3.07053
0.314	-3.08034
0.315	-3.09015
0.316	-3.09996
0.317	-3.10977
0.318	-3.11958
0.319	-3.12939
0.32	-3.1392
0.321	-3.14901
0.322	-3.15882
0.323	-3.16863
0.324	-3.17844
0.325	-3.18825
0.326	-3.19806
0.327	-3.20787
0.328	-3.21768
0.329	-3.22749
0.33	-3.2373
0.331	-3.24711
0.332	-3.25692
0.333	-3.26673
0.334	-3.27654
0.335	-3.28635
0.336	-3.29616
0.337	-3.30597
0.338	-3.31578
0.339	-3.32559
0.34	-3.3354
0.341	-3.34521
0.342	-3.35502
0.343	-3.36483
0.344	-3.37464
0.345	-3.38445
0.346	-3.39426
0.347	-3.40407
0.348	-3.41388
0.349	-3.42369
0.35	-3.4335
0.351	-3.44331
0.352	-3.45312
0.353	-3.46293
0.354	-3.47274
0.355	-3.48255
0.356	-3.49236
0.357	-3.50217
0.358	-3.51198
0.359	-3.52179
0.36	-3.5316
0.361	-3.54141
0.362	-3.55122
0.363	-3.56103
0.364	-3.57084
0.365	-3.58065
0.366	-3.59046
0.367	-3.60027
0.368	-3.61008
0.369	-3.61989
0.37	-3.6297
0.371	-3.63951
0.372	-3.64932
0.373	-3.65913
0.374	-3.66894
0.375	-3.67875
0.376	-3.68856
0.377	-3.69837
0.378	-3.70818
0.379	-3.71799
0.38	-3.7278
0.381	-3.73761
0.382	-3.74742
0.383	-3.75723
0.384	-3.76704
0.385	-3.77685
0.386	-3.78666
0.387	-3.79647
0.388	-3.80628
0.389	-3.81609
0.39	-3.8259
0.391	-3.83571
0.392	-3.84552
0.393	-3.85533
0.394	-3.86514
0.395	-3.87495
0.396	-3.88476
0.397	-3.89457
0.398	-3.90438
0.399	-3.91419
0.4	-3.924
0.401	-3.93381
0.402	-3.94362
0.403	-3.95343
0.404	-3.96324
0.405	-3.97305
0.406	-3.98286
0.407	-3.99267
0.408	-4.00248
0.409	-4.01229
0.41	-4.0221
0.411	-4.03191
0.412	-4.04172
0.413	-4.05153
0.414	-4.06134
0.415	-4.07115
0.416	-4.08096
0.417	-4.09077
0.418	-4.10058
0.419	-4.11039
0.42	-4.1202
0.421	-4.13001
0.422	-4.13982
0.423	-4.14963
0.424	-4.15944
0.425	-4.16925
0.426	-4.17906
0.427	-4.18887
0.428	-4.19868
0.429	-4.20849
0.43	-4.2183
0.431	-4.22811
0.432	-4.23792
0.433	-4.24773
0.434	-4.25754
0.435	-4.26735
0.436	-4.27716
0.437	-4.28697
0.438	-4.29678
0.439	-4.30659
0.44	-4.3164
0.441	-4.32621
0.442	-4.33602
0.443	-4.34583
0.444	-4.35564
0.445	-4.36545
0.446	-4.37526
0.447	-4.38507
0.448	-4.39488
0.449	-4.40469
0.45	-4.4145
0.451	-4.42431
0.452	3.53888445232984
0.453	3.52907445232984
0.454	3.51926445232984
0.455	3.50945445232984
0.456	3.49964445232984
0.457	3.48983445232984
0.458	3.48002445232984
0.459	3.47021445232984
0.46	3.46040445232984
0.461	3.45059445232984
0.462	3.44078445232984
0.463	3.43097445232984
0.464	3.42116445232984
0.465	3.41135445232984
0.466	3.40154445232984
0.467	3.39173445232984
0.468	3.38192445232984
0.469	3.37211445232984
0.47	3.36230445232984
0.471	3.35249445232984
0.472	3.34268445232984
0.473	3.33287445232984
0.474	3.32306445232984
0.475	3.31325445232984
0.476	3.30344445232984
0.477	3.29363445232984
0.478	3.28382445232984
0.479	3.27401445232984
0.48	3.26420445232984
0.481	3.25439445232984
0.482	3.24458445232984
0.483	3.23477445232984
0.484	3.22496445232984
0.485	3.21515445232984
0.486	3.20534445232984
0.487	3.19553445232984
0.488	3.18572445232984
0.489	3.17591445232984
0.49	3.16610445232984
0.491	3.15629445232984
0.492	3.14648445232984
0.493	3.13667445232984
0.494	3.12686445232984
0.495	3.11705445232984
0.496	3.10724445232984
0.497	3.09743445232984
0.498	3.08762445232984
0.499	3.07781445232984
0.5	3.06800445232984
0.501	3.05819445232984
0.502	3.04838445232984
0.503	3.03857445232984
0.504	3.02876445232984
0.505	3.01895445232984
0.506	3.00914445232984
0.507	2.99933445232984
0.508	2.98952445232984
0.509	2.97971445232984
0.51	2.96990445232984
0.511	2.96009445232984
0.512	2.95028445232984
0.513	2.94047445232984
0.514	2.93066445232984
0.515	2.92085445232984
0.516	2.91104445232984
0.517	2.90123445232984
0.518	2.89142445232984
0.519	2.88161445232984
0.52	2.87180445232984
0.521	2.86199445232984
0.522	2.85218445232984
0.523	2.84237445232984
0.524	2.83256445232984
0.525	2.82275445232984
0.526	2.81294445232984
0.527	2.80313445232984
0.528	2.79332445232984
0.529	2.78351445232984
0.53	2.77370445232984
0.531	2.76389445232984
0.532	2.75408445232984
0.533	2.74427445232984
0.534	2.73446445232984
0.535	2.72465445232984
0.536	2.71484445232984
0.537	2.70503445232984
0.538	2.69522445232984
0.539	2.68541445232984
0.54	2.67560445232984
0.541	2.66579445232984
0.542	2.65598445232984
0.543	2.64617445232984
0.544	2.63636445232984
0.545	2.62655445232984
0.546	2.61674445232984
0.547	2.60693445232984
0.548	2.59712445232984
0.549	2.58731445232984
0.55	2.57750445232984
0.551	2.56769445232984
0.552	2.55788445232984
0.553	2.54807445232984
0.554	2.53826445232984
0.555	2.52845445232984
0.556	2.51864445232984
0.557	2.50883445232984
0.558	2.49902445232984
0.559	2.48921445232984
0.56	2.47940445232984
0.561	2.46959445232984
0.562	2.45978445232984
0.563	2.44997445232984
0.564	2.44016445232984
0.565	2.43035445232984
0.566	2.42054445232984
0.567	2.41073445232984
0.568	2.40092445232984
0.569	2.39111445232984
0.57	2.38130445232984
0.571	2.37149445232984
0.572	2.36168445232984
0.573	2.35187445232984
0.574	2.34206445232984
0.575	2.33225445232984
0.576	2.32244445232984
0.577	2.31263445232984
0.578	2.30282445232984
0.579	2.29301445232984
0.58	2.28320445232984
0.581	2.27339445232984
0.582	2.26358445232984
0.583	2.25377445232984
0.584	2.24396445232984
0.585	2.23415445232984
0.586	2.22434445232984
0.587	2.21453445232984
0.588	2.20472445232984
0.589	2.19491445232984
0.59	2.18510445232984
0.591	2.17529445232984
0.592	2.16548445232984
0.593	2.15567445232984
0.594	2.14586445232984
0.595	2.13605445232984
0.596	2.12624445232984
0.597	2.11643445232984
0.598	2.10662445232984
0.599	2.09681445232984
0.6	2.08700445232984
0.601	2.07719445232984
0.602	2.06738445232984
0.603	2.05757445232984
0.604	2.04776445232984
0.605	2.03795445232984
0.606	2.02814445232984
0.607	2.01833445232984
0.608	2.00852445232984
0.609	1.99871445232984
0.61	1.98890445232984
0.611	1.97909445232984
0.612	1.96928445232984
0.613	1.95947445232984
0.614	1.94966445232984
0.615	1.93985445232984
0.616	1.93004445232984
0.617	1.92023445232984
0.618	1.91042445232984
0.619	1.90061445232984
0.62	1.89080445232984
0.621	1.88099445232984
0.622	1.87118445232984
0.623	1.86137445232984
0.624	1.85156445232984
0.625	1.84175445232984
0.626	1.83194445232984
0.627	1.82213445232984
0.628	1.81232445232984
0.629	1.80251445232984
0.63	1.79270445232984
0.631	1.78289445232984
0.632	1.77308445232984
0.633	1.76327445232984
0.634	1.75346445232984
0.635	1.74365445232984
0.636	1.73384445232984
0.637	1.72403445232984
0.638	1.71422445232984
0.639	1.70441445232984
0.64	1.69460445232984
0.641	1.68479445232984
0.642	1.67498445232984
0.643	1.66517445232984
0.644	1.65536445232984
0.645	1.64555445232984
0.646	1.63574445232984
0.647	1.62593445232984
0.648	1.61612445232984
0.649	1.60631445232984
0.65	1.59650445232984
0.651	1.58669445232984
0.652	1.57688445232984
0.653	1.56707445232984
0.654	1.55726445232984
0.655	1.54745445232984
0.656	1.53764445232984
0.657	1.52783445232984
0.658	1.51802445232984
0.659	1.50821445232984
0.66	1.49840445232984
0.661	1.48859445232984
0.662	1.47878445232984
0.663	1.46897445232984
0.664	1.45916445232984
0.665	1.44935445232984
0.666	1.43954445232984
0.667	1.42973445232984
0.668	1.41992445232984
0.669	1.41011445232984
0.67	1.40030445232984
0.671	1.39049445232984
0.672	1.38068445232984
0.673	1.37087445232984
0.674	1.36106445232984
0.675	1.35125445232984
0.676	1.34144445232984
0.677	1.33163445232984
0.678	1.32182445232984
0.679	1.31201445232984
0.68	1.30220445232984
0.681	1.29239445232984
0.682	1.28258445232984
0.683	1.27277445232984
0.684	1.26296445232984
0.685	1.25315445232984
0.686	1.24334445232984
0.687	1.23353445232984
0.688	1.22372445232984
0.689	1.21391445232984
0.69	1.20410445232984
0.691	1.19429445232984
0.692	1.18448445232984
0.693	1.17467445232984
0.694	1.16486445232984
0.695	1.15505445232984
0.696	1.14524445232984
0.697	1.13543445232984
0.698	1.12562445232984
0.699	1.11581445232984
0.7	1.10600445232984
0.701	1.09619445232984
0.702	1.08638445232984
0.703	1.07657445232984
0.704	1.06676445232984
0.705	1.05695445232984
0.706	1.04714445232984
0.707	1.03733445232984
0.708	1.02752445232984
0.709	1.01771445232984
0.71	1.00790445232984
0.711	0.998094452329837
0.712	0.988284452329837
0.713	0.978474452329837
0.714	0.968664452329837
0.715	0.958854452329837
0.716	0.949044452329837
0.717	0.939234452329837
0.718	0.929424452329837
0.719	0.919614452329837
0.72	0.909804452329837
0.721	0.899994452329837
0.722	0.890184452329837
0.723	0.880374452329837
0.724	0.870564452329837
0.725	0.860754452329837
0.726	0.850944452329837
0.727	0.841134452329837
0.728	0.831324452329837
0.729	0.821514452329837
0.73	0.811704452329837
0.731	0.801894452329837
0.732	0.792084452329837
0.733	0.782274452329837
0.734	0.772464452329837
0.735	0.762654452329837
0.736	0.752844452329837
0.737	0.743034452329837
0.738	0.733224452329837
0.739	0.723414452329837
0.74	0.713604452329837
0.741	0.703794452329837
0.742	0.693984452329837
0.743	0.684174452329837
0.744	0.674364452329837
0.745	0.664554452329837
0.746	0.654744452329837
0.747	0.644934452329837
0.748	0.635124452329837
0.749	0.625314452329837
0.75	0.615504452329837
0.751	0.605694452329837
0.752	0.595884452329837
0.753	0.586074452329837
0.754	0.576264452329836
0.755	0.566454452329836
0.756	0.556644452329837
0.757	0.546834452329837
0.758	0.537024452329837
0.759	0.527214452329836
0.76	0.517404452329836
0.761	0.507594452329836
0.762	0.497784452329836
0.763	0.487974452329836
0.764	0.478164452329836
0.765	0.468354452329836
0.766	0.458544452329836
0.767	0.448734452329836
0.768	0.438924452329836
0.769	0.429114452329836
0.77	0.419304452329836
0.771	0.409494452329836
0.772	0.399684452329836
0.773	0.389874452329836
0.774	0.380064452329836
0.775	0.370254452329836
0.776	0.360444452329836
0.777	0.350634452329836
0.778	0.340824452329836
0.779	0.331014452329836
0.78	0.321204452329836
0.781	0.311394452329836
0.782	0.301584452329836
0.783	0.291774452329836
0.784	0.281964452329836
0.785	0.272154452329836
0.786	0.262344452329836
0.787	0.252534452329836
0.788	0.242724452329836
0.789	0.232914452329836
0.79	0.223104452329836
0.791	0.213294452329836
0.792	0.203484452329836
0.793	0.193674452329836
0.794	0.183864452329836
0.795	0.174054452329836
0.796	0.164244452329836
0.797	0.154434452329836
0.798	0.144624452329836
0.799	0.134814452329836
0.8	0.125004452329836
0.801	0.115194452329836
0.802	0.105384452329836
0.803	0.0955744523298361
0.804	0.0857644523298361
0.805	0.0759544523298361
0.806	0.066144452329836
0.807	0.056334452329836
0.808	0.046524452329836
0.809	0.036714452329836
0.81	0.026904452329836
0.811	0.017094452329836
0.812	0.00728445232983599
0.813	-0.00252554767016402
0.814	-0.012335547670164
0.815	-0.022145547670164
0.816	-0.0319555476701641
0.817	-0.0417655476701641
0.818	-0.0515755476701641
0.819	-0.0613855476701641
0.82	-0.0711955476701641
0.821	-0.0810055476701641
0.822	-0.0908155476701641
0.823	-0.100625547670164
0.824	-0.110435547670164
0.825	-0.120245547670164
0.826	-0.130055547670164
0.827	-0.139865547670164
0.828	-0.149675547670164
0.829	-0.159485547670164
0.83	-0.169295547670164
0.831	-0.179105547670164
0.832	-0.188915547670164
0.833	-0.198725547670163
0.834	-0.208535547670163
0.835	-0.218345547670163
0.836	-0.228155547670163
0.837	-0.237965547670163
0.838	-0.247775547670163
0.839	-0.257585547670163
0.84	-0.267395547670163
0.841	-0.277205547670163
0.842	-0.287015547670163
0.843	-0.296825547670163
0.844	-0.306635547670163
0.845	-0.316445547670163
0.846	-0.326255547670163
0.847	-0.336065547670163
0.848	-0.345875547670163
0.849	-0.355685547670163
0.85	-0.365495547670163
0.851	-0.375305547670163
0.852	-0.385115547670163
0.853	-0.394925547670163
0.854	-0.404735547670163
0.855	-0.414545547670163
0.856	-0.424355547670163
0.857	-0.434165547670163
0.858	-0.443975547670163
0.859	-0.453785547670163
0.86	-0.463595547670163
0.861	-0.473405547670163
0.862	-0.483215547670163
0.863	-0.493025547670163
0.864	-0.502835547670163
0.865	-0.512645547670163
0.866	-0.522455547670163
0.867	-0.532265547670163
0.868	-0.542075547670163
0.869	-0.551885547670163
0.87	-0.561695547670163
0.871	-0.571505547670163
0.872	-0.581315547670163
0.873	-0.591125547670163
0.874	-0.600935547670164
0.875	-0.610745547670164
0.876	-0.620555547670164
0.877	-0.630365547670164
0.878	-0.640175547670163
0.879	-0.649985547670164
0.88	-0.659795547670164
0.881	-0.669605547670164
0.882	-0.679415547670164
0.883	-0.689225547670164
0.884	-0.699035547670164
0.885	-0.708845547670164
0.886	-0.718655547670164
0.887	-0.728465547670164
0.888	-0.738275547670164
0.889	-0.748085547670164
0.89	-0.757895547670164
0.891	-0.767705547670164
0.892	-0.777515547670164
0.893	-0.787325547670164
0.894	-0.797135547670164
0.895	-0.806945547670164
0.896	-0.816755547670164
0.897	-0.826565547670164
0.898	-0.836375547670164
0.899	-0.846185547670164
0.9	-0.855995547670164
0.901	-0.865805547670164
0.902	-0.875615547670164
0.903	-0.885425547670164
0.904	-0.895235547670164
0.905	-0.905045547670164
0.906	-0.914855547670164
0.907	-0.924665547670164
0.908	-0.934475547670164
0.909	-0.944285547670164
0.91	-0.954095547670164
0.911	-0.963905547670164
0.912	-0.973715547670164
0.913	-0.983525547670164
0.914	-0.993335547670164
0.915	-1.00314554767016
0.916	-1.01295554767016
0.917	-1.02276554767016
0.918	-1.03257554767016
0.919	-1.04238554767016
0.92	-1.05219554767016
0.921	-1.06200554767016
0.922	-1.07181554767016
0.923	-1.08162554767016
0.924	-1.09143554767016
0.925	-1.10124554767016
0.926	-1.11105554767016
0.927	-1.12086554767016
0.928	-1.13067554767016
0.929	-1.14048554767016
0.93	-1.15029554767016
0.931	-1.16010554767016
0.932	-1.16991554767016
0.933	-1.17972554767016
0.934	-1.18953554767016
0.935	-1.19934554767016
0.936	-1.20915554767016
0.937	-1.21896554767016
0.938	-1.22877554767016
0.939	-1.23858554767016
0.94	-1.24839554767016
0.941	-1.25820554767016
0.942	-1.26801554767016
0.943	-1.27782554767016
0.944	-1.28763554767016
0.945	-1.29744554767016
0.946	-1.30725554767016
0.947	-1.31706554767016
0.948	-1.32687554767016
0.949	-1.33668554767016
0.95	-1.34649554767016
0.951	-1.35630554767016
0.952	-1.36611554767016
0.953	-1.37592554767016
0.954	-1.38573554767016
0.955	-1.39554554767016
0.956	-1.40535554767016
0.957	-1.41516554767016
0.958	-1.42497554767016
0.959	-1.43478554767016
0.96	-1.44459554767016
0.961	-1.45440554767016
0.962	-1.46421554767016
0.963	-1.47402554767016
0.964	-1.48383554767016
0.965	-1.49364554767016
0.966	-1.50345554767016
0.967	-1.51326554767016
0.968	-1.52307554767016
0.969	-1.53288554767016
0.97	-1.54269554767016
0.971	-1.55250554767016
0.972	-1.56231554767016
0.973	-1.57212554767016
0.974	-1.58193554767016
0.975	-1.59174554767016
0.976	-1.60155554767016
0.977	-1.61136554767016
0.978	-1.62117554767016
0.979	-1.63098554767016
0.98	-1.64079554767016
0.981	-1.65060554767016
0.982	-1.66041554767016
0.983	-1.67022554767016
0.984	-1.68003554767016
0.985	-1.68984554767016
0.986	-1.69965554767016
0.987	-1.70946554767016
0.988	-1.71927554767016
0.989	-1.72908554767016
0.99	-1.73889554767016
0.991	-1.74870554767016
0.992	-1.75851554767016
0.993	-1.76832554767016
0.994	-1.77813554767016
0.995	-1.78794554767016
0.996	-1.79775554767016
0.997	-1.80756554767016
0.998	-1.81737554767016
0.999	-1.82718554767016
1	-1.83699554767016
1.001	-1.84680554767017
1.002	-1.85661554767016
1.003	-1.86642554767017
1.004	-1.87623554767016
1.005	-1.88604554767017
1.006	-1.89585554767016
1.007	-1.90566554767017
1.008	-1.91547554767016
1.009	-1.92528554767017
1.01	-1.93509554767016
1.011	-1.94490554767017
1.012	-1.95471554767016
1.013	-1.96452554767017
1.014	-1.97433554767016
1.015	-1.98414554767017
1.016	-1.99395554767016
1.017	-2.00376554767017
1.018	-2.01357554767016
1.019	-2.02338554767017
1.02	-2.03319554767016
1.021	-2.04300554767017
1.022	-2.05281554767016
1.023	-2.06262554767017
1.024	-2.07243554767016
1.025	-2.08224554767016
1.026	-2.09205554767016
1.027	-2.10186554767016
1.028	-2.11167554767016
1.029	-2.12148554767016
1.03	-2.13129554767016
1.031	-2.14110554767016
1.032	-2.15091554767016
1.033	-2.16072554767016
1.034	-2.17053554767016
1.035	-2.18034554767016
1.036	-2.19015554767016
1.037	-2.19996554767016
1.038	-2.20977554767016
1.039	-2.21958554767016
1.04	-2.22939554767016
1.041	-2.23920554767016
1.042	-2.24901554767016
1.043	-2.25882554767016
1.044	-2.26863554767016
1.045	-2.27844554767016
1.046	-2.28825554767016
1.047	-2.29806554767016
1.048	-2.30787554767016
1.049	-2.31768554767016
1.05	-2.32749554767016
1.051	-2.33730554767016
1.052	-2.34711554767016
1.053	-2.35692554767016
1.054	-2.36673554767016
1.055	-2.37654554767016
1.056	-2.38635554767016
1.057	-2.39616554767016
1.058	-2.40597554767016
1.059	-2.41578554767016
1.06	-2.42559554767016
1.061	-2.43540554767016
1.062	-2.44521554767016
1.063	-2.45502554767016
1.064	-2.46483554767016
1.065	-2.47464554767016
1.066	-2.48445554767016
1.067	-2.49426554767016
1.068	-2.50407554767016
1.069	-2.51388554767016
1.07	-2.52369554767016
1.071	-2.53350554767016
1.072	-2.54331554767016
1.073	-2.55312554767016
1.074	-2.56293554767016
1.075	-2.57274554767016
1.076	-2.58255554767016
1.077	-2.59236554767016
1.078	-2.60217554767016
1.079	-2.61198554767016
1.08	-2.62179554767016
1.081	-2.63160554767016
1.082	-2.64141554767017
1.083	-2.65122554767016
1.084	-2.66103554767016
1.085	-2.67084554767016
1.086	-2.68065554767017
1.087	-2.69046554767016
1.088	-2.70027554767016
1.089	-2.71008554767016
1.09	-2.71989554767016
1.091	-2.72970554767016
1.092	-2.73951554767017
1.093	-2.74932554767016
1.094	-2.75913554767016
1.095	-2.76894554767016
1.096	-2.77875554767017
1.097	-2.78856554767016
1.098	-2.79837554767016
1.099	-2.80818554767016
1.1	-2.81799554767017
1.101	-2.82780554767016
1.102	-2.83761554767017
1.103	-2.84742554767016
1.104	-2.85723554767016
1.105	-2.86704554767016
1.106	-2.87685554767017
1.107	-2.88666554767016
1.108	-2.89647554767016
1.109	-2.90628554767016
1.11	-2.91609554767017
1.111	-2.92590554767016
1.112	-2.93571554767017
1.113	-2.94552554767016
1.114	-2.95533554767017
1.115	-2.96514554767016
1.116	-2.97495554767017
1.117	-2.98476554767016
1.118	-2.99457554767016
1.119	-3.00438554767016
1.12	-3.01419554767017
1.121	-3.02400554767016
1.122	-3.03381554767017
1.123	-3.04362554767016
1.124	-3.05343554767017
1.125	-3.06324554767016
1.126	-3.07305554767017
1.127	-3.08286554767016
1.128	-3.09267554767017
1.129	-3.10248554767016
1.13	-3.11229554767017
1.131	-3.12210554767016
1.132	-3.13191554767017
1.133	-3.14172554767016
1.134	-3.15153554767017
1.135	-3.16134554767016
1.136	-3.17115554767017
1.137	-3.18096554767016
1.138	-3.19077554767017
1.139	-3.20058554767016
1.14	-3.21039554767017
1.141	-3.22020554767016
1.142	-3.23001554767017
1.143	-3.23982554767016
1.144	-3.24963554767017
1.145	-3.25944554767016
1.146	-3.26925554767017
1.147	-3.27906554767016
1.148	-3.28887554767017
1.149	-3.29868554767016
1.15	-3.30849554767017
1.151	-3.31830554767016
1.152	-3.32811554767017
1.153	-3.33792554767016
1.154	-3.34773554767016
1.155	-3.35754554767016
1.156	-3.36735554767016
1.157	-3.37716554767016
1.158	-3.38697554767016
1.159	-3.39678554767016
1.16	-3.40659554767016
1.161	-3.41640554767016
1.162	-3.42621554767016
1.163	-3.43602554767016
1.164	-3.44583554767016
1.165	-3.45564554767016
1.166	-3.46545554767016
1.167	-3.47526554767016
1.168	-3.48507554767016
1.169	-3.49488554767016
1.17	-3.50469554767016
1.171	-3.51450554767016
1.172	-3.52431554767016
1.173	-3.53412554767016
1.174	2.83446801380263
1.175	2.82465801380263
1.176	2.81484801380263
1.177	2.80503801380263
1.178	2.79522801380263
1.179	2.78541801380263
1.18	2.77560801380263
1.181	2.76579801380263
1.182	2.75598801380263
1.183	2.74617801380263
1.184	2.73636801380263
1.185	2.72655801380263
1.186	2.71674801380263
1.187	2.70693801380263
1.188	2.69712801380263
1.189	2.68731801380263
1.19	2.67750801380263
1.191	2.66769801380263
1.192	2.65788801380263
1.193	2.64807801380263
1.194	2.63826801380263
1.195	2.62845801380263
1.196	2.61864801380263
1.197	2.60883801380263
1.198	2.59902801380263
1.199	2.58921801380263
1.2	2.57940801380263
1.201	2.56959801380263
1.202	2.55978801380263
1.203	2.54997801380263
1.204	2.54016801380263
1.205	2.53035801380263
1.206	2.52054801380263
1.207	2.51073801380263
1.208	2.50092801380263
1.209	2.49111801380263
1.21	2.48130801380263
1.211	2.47149801380263
1.212	2.46168801380263
1.213	2.45187801380263
1.214	2.44206801380263
1.215	2.43225801380263
1.216	2.42244801380263
1.217	2.41263801380263
1.218	2.40282801380263
1.219	2.39301801380263
1.22	2.38320801380263
1.221	2.37339801380263
1.222	2.36358801380263
1.223	2.35377801380263
1.224	2.34396801380263
1.225	2.33415801380263
1.226	2.32434801380263
1.227	2.31453801380263
1.228	2.30472801380263
1.229	2.29491801380263
1.23	2.28510801380263
1.231	2.27529801380263
1.232	2.26548801380263
1.233	2.25567801380263
1.234	2.24586801380263
1.235	2.23605801380263
1.236	2.22624801380263
1.237	2.21643801380263
1.238	2.20662801380263
1.239	2.19681801380263
1.24	2.18700801380263
1.241	2.17719801380263
1.242	2.16738801380263
1.243	2.15757801380263
1.244	2.14776801380263
1.245	2.13795801380263
1.246	2.12814801380263
1.247	2.11833801380263
1.248	2.10852801380263
1.249	2.09871801380263
1.25	2.08890801380263
1.251	2.07909801380263
1.252	2.06928801380263
1.253	2.05947801380263
1.254	2.04966801380263
1.255	2.03985801380263
1.256	2.03004801380263
1.257	2.02023801380263
1.258	2.01042801380263
1.259	2.00061801380263
1.26	1.99080801380263
1.261	1.98099801380263
1.262	1.97118801380263
1.263	1.96137801380263
1.264	1.95156801380263
1.265	1.94175801380263
1.266	1.93194801380263
1.267	1.92213801380263
1.268	1.91232801380263
1.269	1.90251801380263
1.27	1.89270801380263
1.271	1.88289801380263
1.272	1.87308801380263
1.273	1.86327801380263
1.274	1.85346801380263
1.275	1.84365801380263
1.276	1.83384801380263
1.277	1.82403801380263
1.278	1.81422801380263
1.279	1.80441801380263
1.28	1.79460801380263
1.281	1.78479801380263
1.282	1.77498801380263
1.283	1.76517801380263
1.284	1.75536801380263
1.285	1.74555801380263
1.286	1.73574801380263
1.287	1.72593801380263
1.288	1.71612801380263
1.289	1.70631801380263
1.29	1.69650801380263
1.291	1.68669801380263
1.292	1.67688801380263
1.293	1.66707801380263
1.294	1.65726801380263
1.295	1.64745801380263
1.296	1.63764801380263
1.297	1.62783801380263
1.298	1.61802801380263
1.299	1.60821801380263
1.3	1.59840801380263
1.301	1.58859801380263
1.302	1.57878801380263
1.303	1.56897801380263
1.304	1.55916801380263
1.305	1.54935801380263
1.306	1.53954801380263
1.307	1.52973801380263
1.308	1.51992801380263
1.309	1.51011801380263
1.31	1.50030801380263
1.311	1.49049801380263
1.312	1.48068801380263
1.313	1.47087801380263
1.314	1.46106801380263
1.315	1.45125801380263
1.316	1.44144801380263
1.317	1.43163801380263
1.318	1.42182801380263
1.319	1.41201801380263
1.32	1.40220801380263
1.321	1.39239801380263
1.322	1.38258801380263
1.323	1.37277801380263
1.324	1.36296801380263
1.325	1.35315801380263
1.326	1.34334801380263
1.327	1.33353801380263
1.328	1.32372801380263
1.329	1.31391801380263
1.33	1.30410801380263
1.331	1.29429801380263
1.332	1.28448801380263
1.333	1.27467801380263
1.334	1.26486801380263
1.335	1.25505801380263
1.336	1.24524801380263
1.337	1.23543801380263
1.338	1.22562801380263
1.339	1.21581801380263
1.34	1.20600801380263
1.341	1.19619801380263
1.342	1.18638801380263
1.343	1.17657801380263
1.344	1.16676801380263
1.345	1.15695801380263
1.346	1.14714801380263
1.347	1.13733801380263
1.348	1.12752801380263
1.349	1.11771801380263
1.35	1.10790801380263
1.351	1.09809801380263
1.352	1.08828801380263
1.353	1.07847801380263
1.354	1.06866801380263
1.355	1.05885801380263
1.356	1.04904801380263
1.357	1.03923801380263
1.358	1.02942801380263
1.359	1.01961801380263
1.36	1.00980801380263
1.361	0.999998013802627
1.362	0.990188013802626
1.363	0.980378013802627
1.364	0.970568013802626
1.365	0.960758013802627
1.366	0.950948013802626
1.367	0.941138013802627
1.368	0.931328013802626
1.369	0.921518013802627
1.37	0.911708013802626
1.371	0.901898013802627
1.372	0.892088013802626
1.373	0.882278013802627
1.374	0.872468013802626
1.375	0.862658013802627
1.376	0.852848013802626
1.377	0.843038013802627
1.378	0.833228013802626
1.379	0.823418013802627
1.38	0.813608013802626
1.381	0.803798013802627
1.382	0.793988013802626
1.383	0.784178013802627
1.384	0.774368013802626
1.385	0.764558013802627
1.386	0.754748013802626
1.387	0.744938013802627
1.388	0.735128013802626
1.389	0.725318013802627
1.39	0.715508013802626
1.391	0.705698013802627
1.392	0.695888013802626
1.393	0.686078013802627
1.394	0.676268013802626
1.395	0.666458013802627
1.396	0.656648013802626
1.397	0.646838013802627
1.398	0.637028013802626
1.399	0.627218013802627
1.4	0.617408013802626
1.401	0.607598013802627
1.402	0.597788013802626
1.403	0.587978013802627
1.404	0.578168013802626
1.405	0.568358013802627
1.406	0.558548013802626
1.407	0.548738013802627
1.408	0.538928013802628
1.409	0.529118013802627
1.41	0.519308013802628
1.411	0.509498013802627
1.412	0.499688013802628
1.413	0.489878013802627
1.414	0.480068013802628
1.415	0.470258013802627
1.416	0.460448013802628
1.417	0.450638013802627
1.418	0.440828013802628
1.419	0.431018013802627
1.42	0.421208013802628
1.421	0.411398013802627
1.422	0.401588013802628
1.423	0.391778013802627
1.424	0.381968013802628
1.425	0.372158013802626
1.426	0.362348013802628
1.427	0.352538013802627
1.428	0.342728013802628
1.429	0.332918013802626
1.43	0.323108013802628
1.431	0.313298013802626
1.432	0.303488013802628
1.433	0.293678013802626
1.434	0.283868013802627
1.435	0.274058013802626
1.436	0.264248013802627
1.437	0.254438013802626
1.438	0.244628013802627
1.439	0.234818013802626
1.44	0.225008013802627
1.441	0.215198013802626
1.442	0.205388013802627
1.443	0.195578013802626
1.444	0.185768013802627
1.445	0.175958013802626
1.446	0.166148013802627
1.447	0.156338013802626
1.448	0.146528013802627
1.449	0.136718013802626
1.45	0.126908013802627
1.451	0.117098013802626
1.452	0.107288013802627
1.453	0.0974780138026262
1.454	0.0876680138026273
1.455	0.0778580138026262
1.456	0.0680480138026273
1.457	0.0582380138026262
1.458	0.0484280138026273
1.459	0.0386180138026262
1.46	0.0288080138026273
1.461	0.0189980138026262
1.462	0.00918801380262724
1.463	-0.000621986197373853
1.464	-0.0104319861973728
1.465	-0.0202419861973739
1.466	-0.0300519861973728
1.467	-0.0398619861973739
1.468	-0.0496719861973728
1.469	-0.0594819861973739
1.47	-0.0692919861973728
1.471	-0.0791019861973739
1.472	-0.0889119861973729
1.473	-0.0987219861973739
1.474	-0.108531986197373
1.475	-0.118341986197374
1.476	-0.128151986197373
1.477	-0.137961986197374
1.478	-0.147771986197373
1.479	-0.157581986197374
1.48	-0.167391986197373
1.481	-0.177201986197374
1.482	-0.187011986197373
1.483	-0.196821986197374
1.484	-0.206631986197373
1.485	-0.216441986197374
1.486	-0.226251986197373
1.487	-0.236061986197374
1.488	-0.245871986197373
1.489	-0.255681986197374
1.49	-0.265491986197373
1.491	-0.275301986197374
1.492	-0.285111986197373
1.493	-0.294921986197374
1.494	-0.304731986197373
1.495	-0.314541986197374
1.496	-0.324351986197373
1.497	-0.334161986197374
1.498	-0.343971986197373
1.499	-0.353781986197374
1.5	-0.363591986197373
1.501	-0.373401986197374
1.502	-0.383211986197373
1.503	-0.393021986197374
1.504	-0.402831986197373
1.505	-0.412641986197374
1.506	-0.422451986197373
1.507	-0.432261986197374
1.508	-0.442071986197373
1.509	-0.451881986197374
1.51	-0.461691986197373
1.511	-0.471501986197374
1.512	-0.481311986197373
1.513	-0.491121986197374
1.514	-0.500931986197373
1.515	-0.510741986197374
1.516	-0.520551986197373
1.517	-0.530361986197374
1.518	-0.540171986197373
1.519	-0.549981986197374
1.52	-0.559791986197373
1.521	-0.569601986197374
1.522	-0.579411986197373
1.523	-0.589221986197374
1.524	-0.599031986197373
1.525	-0.608841986197374
1.526	-0.618651986197373
1.527	-0.628461986197374
1.528	-0.638271986197373
1.529	-0.648081986197374
1.53	-0.657891986197373
1.531	-0.667701986197375
1.532	-0.677511986197373
1.533	-0.687321986197375
1.534	-0.697131986197373
1.535	-0.706941986197374
1.536	-0.716751986197373
1.537	-0.726561986197372
1.538	-0.736371986197373
1.539	-0.746181986197372
1.54	-0.755991986197374
1.541	-0.765801986197372
1.542	-0.775611986197373
1.543	-0.785421986197372
1.544	-0.795231986197374
1.545	-0.805041986197372
1.546	-0.814851986197374
1.547	-0.824661986197372
1.548	-0.834471986197374
1.549	-0.844281986197372
1.55	-0.854091986197374
1.551	-0.863901986197372
1.552	-0.873711986197374
1.553	-0.883521986197373
1.554	-0.893331986197374
1.555	-0.903141986197373
1.556	-0.912951986197374
1.557	-0.922761986197372
1.558	-0.932571986197374
1.559	-0.942381986197373
1.56	-0.952191986197374
1.561	-0.962001986197373
1.562	-0.971811986197374
1.563	-0.981621986197373
1.564	-0.991431986197374
1.565	-1.00124198619737
1.566	-1.01105198619737
1.567	-1.02086198619737
1.568	-1.03067198619737
1.569	-1.04048198619737
1.57	-1.05029198619737
1.571	-1.06010198619737
1.572	-1.06991198619737
1.573	-1.07972198619737
1.574	-1.08953198619737
1.575	-1.09934198619737
1.576	-1.10915198619737
1.577	-1.11896198619737
1.578	-1.12877198619737
1.579	-1.13858198619737
1.58	-1.14839198619737
1.581	-1.15820198619737
1.582	-1.16801198619737
1.583	-1.17782198619737
1.584	-1.18763198619737
1.585	-1.19744198619737
1.586	-1.20725198619737
1.587	-1.21706198619737
1.588	-1.22687198619737
1.589	-1.23668198619737
1.59	-1.24649198619737
1.591	-1.25630198619737
1.592	-1.26611198619737
1.593	-1.27592198619737
1.594	-1.28573198619737
1.595	-1.29554198619737
1.596	-1.30535198619737
1.597	-1.31516198619737
1.598	-1.32497198619737
1.599	-1.33478198619737
1.6	-1.34459198619737
1.601	-1.35440198619737
1.602	-1.36421198619737
1.603	-1.37402198619737
1.604	-1.38383198619737
1.605	-1.39364198619737
1.606	-1.40345198619737
1.607	-1.41326198619737
1.608	-1.42307198619737
1.609	-1.43288198619737
1.61	-1.44269198619737
1.611	-1.45250198619737
1.612	-1.46231198619737
1.613	-1.47212198619737
1.614	-1.48193198619737
1.615	-1.49174198619737
1.616	-1.50155198619737
1.617	-1.51136198619737
1.618	-1.52117198619737
1.619	-1.53098198619737
1.62	-1.54079198619737
1.621	-1.55060198619737
1.622	-1.56041198619737
1.623	-1.57022198619737
1.624	-1.58003198619737
1.625	-1.58984198619737
1.626	-1.59965198619737
1.627	-1.60946198619737
1.628	-1.61927198619737
1.629	-1.62908198619737
1.63	-1.63889198619737
1.631	-1.64870198619737
1.632	-1.65851198619737
1.633	-1.66832198619737
1.634	-1.67813198619737
1.635	-1.68794198619737
1.636	-1.69775198619737
1.637	-1.70756198619737
1.638	-1.71737198619737
1.639	-1.72718198619737
1.64	-1.73699198619737
1.641	-1.74680198619737
1.642	-1.75661198619737
1.643	-1.76642198619737
1.644	-1.77623198619737
1.645	-1.78604198619737
1.646	-1.79585198619737
1.647	-1.80566198619737
1.648	-1.81547198619737
1.649	-1.82528198619737
1.65	-1.83509198619737
1.651	-1.84490198619737
1.652	-1.85471198619737
1.653	-1.86452198619737
1.654	-1.87433198619737
1.655	-1.88414198619737
1.656	-1.89395198619737
1.657	-1.90376198619737
1.658	-1.91357198619737
1.659	-1.92338198619737
1.66	-1.93319198619737
1.661	-1.94300198619737
1.662	-1.95281198619737
1.663	-1.96262198619737
1.664	-1.97243198619737
1.665	-1.98224198619737
1.666	-1.99205198619737
1.667	-2.00186198619737
1.668	-2.01167198619737
1.669	-2.02148198619737
1.67	-2.03129198619737
1.671	-2.04110198619737
1.672	-2.05091198619737
1.673	-2.06072198619737
1.674	-2.07053198619737
1.675	-2.08034198619737
1.676	-2.09015198619737
1.677	-2.09996198619737
1.678	-2.10977198619737
1.679	-2.11958198619737
1.68	-2.12939198619737
1.681	-2.13920198619737
1.682	-2.14901198619737
1.683	-2.15882198619737
1.684	-2.16863198619737
1.685	-2.17844198619737
1.686	-2.18825198619737
1.687	-2.19806198619737
1.688	-2.20787198619737
1.689	-2.21768198619737
1.69	-2.22749198619737
1.691	-2.23730198619737
1.692	-2.24711198619737
1.693	-2.25692198619737
1.694	-2.26673198619737
1.695	-2.27654198619737
1.696	-2.28635198619737
1.697	-2.29616198619737
1.698	-2.30597198619737
1.699	-2.31578198619737
1.7	-2.32559198619737
1.701	-2.33540198619737
1.702	-2.34521198619737
1.703	-2.35502198619737
1.704	-2.36483198619737
1.705	-2.37464198619737
1.706	-2.38445198619737
1.707	-2.39426198619737
1.708	-2.40407198619737
1.709	-2.41388198619737
1.71	-2.42369198619737
1.711	-2.43350198619737
1.712	-2.44331198619737
1.713	-2.45312198619737
1.714	-2.46293198619737
1.715	-2.47274198619737
1.716	-2.48255198619737
1.717	-2.49236198619737
1.718	-2.50217198619737
1.719	-2.51198198619737
1.72	-2.52179198619737
1.721	-2.53160198619737
1.722	-2.54141198619737
1.723	-2.55122198619737
1.724	-2.56103198619737
1.725	-2.57084198619737
1.726	-2.58065198619737
1.727	-2.59046198619737
1.728	-2.60027198619737
1.729	-2.61008198619737
1.73	-2.61989198619737
1.731	-2.62970198619737
1.732	-2.63951198619737
1.733	-2.64932198619737
1.734	-2.65913198619737
1.735	-2.66894198619737
1.736	-2.67875198619737
1.737	-2.68856198619737
1.738	-2.69837198619737
1.739	-2.70818198619737
1.74	-2.71799198619737
1.741	-2.72780198619737
1.742	-2.73761198619737
1.743	-2.74742198619737
1.744	-2.75723198619737
1.745	-2.76704198619737
1.746	-2.77685198619737
1.747	-2.78666198619737
1.748	-2.79647198619737
1.749	-2.80628198619737
1.75	-2.81609198619737
1.751	-2.82590198619737
1.752	2.26701086258951
1.753	2.25720086258951
1.754	2.24739086258951
1.755	2.23758086258951
1.756	2.22777086258951
1.757	2.21796086258951
1.758	2.20815086258951
1.759	2.19834086258951
1.76	2.18853086258951
1.761	2.17872086258951
1.762	2.16891086258951
1.763	2.15910086258951
1.764	2.14929086258951
1.765	2.13948086258951
1.766	2.12967086258951
1.767	2.11986086258951
1.768	2.11005086258951
1.769	2.10024086258951
1.77	2.09043086258951
1.771	2.08062086258951
1.772	2.07081086258951
1.773	2.06100086258951
1.774	2.05119086258951
1.775	2.04138086258951
1.776	2.03157086258951
1.777	2.02176086258951
1.778	2.01195086258951
1.779	2.00214086258951
1.78	1.99233086258951
1.781	1.98252086258951
1.782	1.97271086258951
1.783	1.96290086258951
1.784	1.95309086258951
1.785	1.94328086258951
1.786	1.93347086258951
1.787	1.92366086258951
1.788	1.91385086258951
1.789	1.90404086258951
1.79	1.89423086258951
1.791	1.88442086258951
1.792	1.87461086258951
1.793	1.86480086258951
1.794	1.85499086258951
1.795	1.84518086258951
1.796	1.83537086258951
1.797	1.82556086258951
1.798	1.81575086258951
1.799	1.80594086258951
1.8	1.79613086258951
1.801	1.78632086258951
1.802	1.77651086258951
1.803	1.76670086258951
1.804	1.75689086258951
1.805	1.74708086258951
1.806	1.73727086258951
1.807	1.72746086258951
1.808	1.71765086258951
1.809	1.70784086258951
1.81	1.69803086258951
1.811	1.68822086258951
1.812	1.67841086258951
1.813	1.66860086258951
1.814	1.65879086258951
1.815	1.64898086258951
1.816	1.63917086258951
1.817	1.62936086258951
1.818	1.61955086258951
1.819	1.60974086258951
1.82	1.59993086258951
1.821	1.59012086258951
1.822	1.58031086258951
1.823	1.57050086258951
1.824	1.56069086258951
1.825	1.55088086258951
1.826	1.54107086258951
1.827	1.53126086258951
1.828	1.52145086258951
1.829	1.51164086258951
1.83	1.50183086258951
1.831	1.49202086258951
1.832	1.48221086258951
1.833	1.47240086258951
1.834	1.46259086258951
1.835	1.45278086258951
1.836	1.44297086258951
1.837	1.43316086258951
1.838	1.42335086258951
1.839	1.41354086258951
1.84	1.40373086258951
1.841	1.39392086258951
1.842	1.38411086258951
1.843	1.37430086258951
1.844	1.36449086258951
1.845	1.35468086258951
1.846	1.34487086258951
1.847	1.33506086258951
1.848	1.32525086258951
1.849	1.31544086258951
1.85	1.30563086258951
1.851	1.29582086258951
1.852	1.28601086258951
1.853	1.27620086258951
1.854	1.26639086258951
1.855	1.25658086258951
1.856	1.24677086258951
1.857	1.23696086258951
1.858	1.22715086258951
1.859	1.21734086258951
1.86	1.20753086258951
1.861	1.19772086258951
1.862	1.18791086258951
1.863	1.17810086258951
1.864	1.16829086258951
1.865	1.15848086258951
1.866	1.14867086258951
1.867	1.13886086258951
1.868	1.12905086258951
1.869	1.11924086258951
1.87	1.10943086258951
1.871	1.09962086258951
1.872	1.08981086258951
1.873	1.08000086258951
1.874	1.07019086258951
1.875	1.06038086258951
1.876	1.05057086258951
1.877	1.04076086258951
1.878	1.03095086258951
1.879	1.02114086258951
1.88	1.01133086258951
1.881	1.00152086258951
1.882	0.991710862589511
1.883	0.981900862589512
1.884	0.972090862589511
1.885	0.962280862589512
1.886	0.952470862589511
1.887	0.942660862589512
1.888	0.932850862589511
1.889	0.923040862589512
1.89	0.913230862589511
1.891	0.903420862589512
1.892	0.893610862589511
1.893	0.883800862589512
1.894	0.873990862589511
1.895	0.864180862589512
1.896	0.854370862589511
1.897	0.844560862589512
1.898	0.834750862589511
1.899	0.824940862589512
1.9	0.815130862589511
1.901	0.805320862589512
1.902	0.795510862589511
1.903	0.785700862589512
1.904	0.775890862589511
1.905	0.766080862589512
1.906	0.756270862589511
1.907	0.746460862589512
1.908	0.736650862589511
1.909	0.726840862589512
1.91	0.717030862589511
1.911	0.707220862589512
1.912	0.69741086258951
1.913	0.687600862589512
1.914	0.67779086258951
1.915	0.667980862589512
1.916	0.658170862589511
1.917	0.648360862589512
1.918	0.63855086258951
1.919	0.628740862589512
1.92	0.618930862589513
1.921	0.609120862589511
1.922	0.599310862589513
1.923	0.589500862589512
1.924	0.579690862589513
1.925	0.569880862589511
1.926	0.560070862589513
1.927	0.550260862589511
1.928	0.540450862589513
1.929	0.530640862589511
1.93	0.520830862589512
1.931	0.511020862589511
1.932	0.501210862589513
1.933	0.491400862589511
1.934	0.481590862589513
1.935	0.471780862589511
1.936	0.461970862589512
1.937	0.452160862589511
1.938	0.442350862589512
1.939	0.432540862589511
1.94	0.422730862589512
1.941	0.412920862589511
1.942	0.403110862589512
1.943	0.393300862589511
1.944	0.383490862589512
1.945	0.373680862589511
1.946	0.363870862589512
1.947	0.354060862589511
1.948	0.344250862589512
1.949	0.334440862589511
1.95	0.324630862589512
1.951	0.314820862589511
1.952	0.305010862589512
1.953	0.295200862589511
1.954	0.285390862589512
1.955	0.275580862589511
1.956	0.265770862589512
1.957	0.255960862589511
1.958	0.246150862589512
1.959	0.236340862589511
1.96	0.226530862589512
1.961	0.216720862589511
1.962	0.206910862589512
1.963	0.197100862589511
1.964	0.187290862589512
1.965	0.177480862589511
1.966	0.167670862589512
1.967	0.157860862589511
1.968	0.148050862589512
1.969	0.138240862589511
1.97	0.128430862589512
1.971	0.118620862589511
1.972	0.108810862589512
1.973	0.099000862589511
1.974	0.0891908625895121
1.975	0.079380862589511
1.976	0.0695708625895121
1.977	0.059760862589511
1.978	0.0499508625895121
1.979	0.040140862589511
1.98	0.0303308625895121
1.981	0.020520862589511
1.982	0.010710862589512
1.983	0.000900862589510938
1.984	-0.00890913741048798
1.985	-0.0187191374104891
1.986	-0.028529137410488
1.987	-0.0383391374104891
1.988	-0.048149137410488
1.989	-0.0579591374104891
1.99	-0.067769137410488
1.991	-0.0775791374104891
1.992	-0.0873891374104881
1.993	-0.0971991374104891
1.994	-0.107009137410488
1.995	-0.116819137410489
1.996	-0.126629137410488
1.997	-0.136439137410489
1.998	-0.146249137410488
1.999	-0.156059137410489
2	-0.165869137410488
2.001	-0.175679137410487
2.002	-0.18548913741049
2.003	-0.195299137410489
2.004	-0.205109137410488
2.005	-0.214919137410487
2.006	-0.22472913741049
2.007	-0.234539137410489
2.008	-0.244349137410488
2.009	-0.254159137410487
2.01	-0.26396913741049
2.011	-0.273779137410489
2.012	-0.283589137410488
2.013	-0.293399137410487
2.014	-0.30320913741049
2.015	-0.313019137410489
2.016	-0.322829137410488
2.017	-0.332639137410487
2.018	-0.34244913741049
2.019	-0.352259137410489
2.02	-0.362069137410488
2.021	-0.371879137410487
2.022	-0.38168913741049
2.023	-0.391499137410489
2.024	-0.401309137410488
2.025	-0.411119137410487
2.026	-0.420929137410491
2.027	-0.430739137410489
2.028	-0.440549137410488
2.029	-0.450359137410487
2.03	-0.460169137410491
2.031	-0.46997913741049
2.032	-0.479789137410488
2.033	-0.489599137410487
2.034	-0.499409137410491
2.035	-0.50921913741049
2.036	-0.519029137410489
2.037	-0.528839137410487
2.038	-0.538649137410491
2.039	-0.54845913741049
2.04	-0.558269137410488
2.041	-0.568079137410487
2.042	-0.577889137410491
2.043	-0.58769913741049
2.044	-0.597509137410489
2.045	-0.607319137410487
2.046	-0.617129137410491
2.047	-0.62693913741049
2.048	-0.636749137410489
2.049	-0.646559137410488
2.05	-0.656369137410486
2.051	-0.66617913741049
2.052	-0.675989137410489
2.053	-0.685799137410487
2.054	-0.695609137410486
2.055	-0.70541913741049
2.056	-0.715229137410489
2.057	-0.725039137410488
2.058	-0.734849137410487
2.059	-0.74465913741049
2.06	-0.754469137410489
2.061	-0.764279137410488
2.062	-0.774089137410487
2.063	-0.78389913741049
2.064	-0.793709137410489
2.065	-0.803519137410488
2.066	-0.813329137410487
2.067	-0.82313913741049
2.068	-0.832949137410489
2.069	-0.842759137410488
2.07	-0.852569137410487
2.071	-0.86237913741049
2.072	-0.872189137410489
2.073	-0.881999137410488
2.074	-0.891809137410487
2.075	-0.90161913741049
2.076	-0.911429137410489
2.077	-0.921239137410488
2.078	-0.931049137410487
2.079	-0.94085913741049
2.08	-0.950669137410489
2.081	-0.960479137410488
2.082	-0.970289137410487
2.083	-0.98009913741049
2.084	-0.989909137410489
2.085	-0.999719137410488
2.086	-1.00952913741049
2.087	-1.01933913741049
2.088	-1.02914913741049
2.089	-1.03895913741049
2.09	-1.04876913741049
2.091	-1.05857913741049
2.092	-1.06838913741049
2.093	-1.07819913741049
2.094	-1.08800913741049
2.095	-1.09781913741049
2.096	-1.10762913741049
2.097	-1.11743913741049
2.098	-1.12724913741049
2.099	-1.13705913741049
2.1	-1.14686913741049
2.101	-1.15667913741049
2.102	-1.16648913741049
2.103	-1.17629913741049
2.104	-1.18610913741049
2.105	-1.19591913741049
2.106	-1.20572913741049
2.107	-1.21553913741049
2.108	-1.22534913741049
2.109	-1.23515913741049
2.11	-1.24496913741049
2.111	-1.25477913741049
2.112	-1.26458913741049
2.113	-1.27439913741049
2.114	-1.28420913741049
2.115	-1.29401913741049
2.116	-1.30382913741049
2.117	-1.31363913741049
2.118	-1.32344913741049
2.119	-1.33325913741049
2.12	-1.34306913741049
2.121	-1.35287913741049
2.122	-1.36268913741049
2.123	-1.37249913741049
2.124	-1.38230913741049
2.125	-1.39211913741049
2.126	-1.40192913741049
2.127	-1.41173913741049
2.128	-1.42154913741049
2.129	-1.43135913741049
2.13	-1.44116913741049
2.131	-1.45097913741049
2.132	-1.46078913741049
2.133	-1.47059913741049
2.134	-1.48040913741049
2.135	-1.49021913741049
2.136	-1.50002913741049
2.137	-1.50983913741049
2.138	-1.51964913741049
2.139	-1.52945913741049
2.14	-1.53926913741049
2.141	-1.54907913741049
2.142	-1.55888913741049
2.143	-1.56869913741049
2.144	-1.57850913741049
2.145	-1.58831913741049
2.146	-1.59812913741049
2.147	-1.60793913741049
2.148	-1.61774913741049
2.149	-1.62755913741049
2.15	-1.63736913741049
2.151	-1.64717913741049
2.152	-1.65698913741049
2.153	-1.66679913741049
2.154	-1.67660913741049
2.155	-1.68641913741049
2.156	-1.69622913741049
2.157	-1.70603913741049
2.158	-1.71584913741049
2.159	-1.72565913741049
2.16	-1.73546913741049
2.161	-1.74527913741049
2.162	-1.75508913741049
2.163	-1.76489913741049
2.164	-1.77470913741049
2.165	-1.78451913741049
2.166	-1.79432913741049
2.167	-1.80413913741049
2.168	-1.81394913741049
2.169	-1.82375913741049
2.17	-1.83356913741049
2.171	-1.84337913741049
2.172	-1.85318913741049
2.173	-1.86299913741049
2.174	-1.87280913741049
2.175	-1.88261913741049
2.176	-1.89242913741049
2.177	-1.90223913741049
2.178	-1.91204913741049
2.179	-1.92185913741049
2.18	-1.93166913741049
2.181	-1.94147913741049
2.182	-1.95128913741049
2.183	-1.96109913741049
2.184	-1.97090913741049
2.185	-1.98071913741049
2.186	-1.99052913741049
2.187	-2.00033913741049
2.188	-2.01014913741049
2.189	-2.01995913741049
2.19	-2.02976913741049
2.191	-2.03957913741049
2.192	-2.04938913741049
2.193	-2.05919913741049
2.194	-2.06900913741049
2.195	-2.07881913741049
2.196	-2.08862913741049
2.197	-2.09843913741049
2.198	-2.10824913741049
2.199	-2.11805913741049
2.2	-2.12786913741049
2.201	-2.13767913741049
2.202	-2.14748913741049
2.203	-2.15729913741049
2.204	-2.16710913741049
2.205	-2.17691913741049
2.206	-2.18672913741049
2.207	-2.19653913741049
2.208	-2.20634913741049
2.209	-2.21615913741049
2.21	-2.22596913741049
2.211	-2.23577913741049
2.212	-2.24558913741049
2.213	-2.25539913741049
2.214	-2.26520913741049
2.215	1.80715914122747
2.216	1.79734914122746
2.217	1.78753914122746
2.218	1.77772914122747
2.219	1.76791914122747
2.22	1.75810914122746
2.221	1.74829914122746
2.222	1.73848914122747
2.223	1.72867914122747
2.224	1.71886914122746
2.225	1.70905914122746
2.226	1.69924914122747
2.227	1.68943914122747
2.228	1.67962914122746
2.229	1.66981914122746
2.23	1.66000914122747
2.231	1.65019914122747
2.232	1.64038914122746
2.233	1.63057914122746
2.234	1.62076914122747
2.235	1.61095914122747
2.236	1.60114914122746
2.237	1.59133914122746
2.238	1.58152914122747
2.239	1.57171914122747
2.24	1.56190914122746
2.241	1.55209914122746
2.242	1.54228914122747
2.243	1.53247914122747
2.244	1.52266914122746
2.245	1.51285914122746
2.246	1.50304914122747
2.247	1.49323914122747
2.248	1.48342914122746
2.249	1.47361914122746
2.25	1.46380914122747
2.251	1.45399914122747
2.252	1.44418914122746
2.253	1.43437914122746
2.254	1.42456914122747
2.255	1.41475914122747
2.256	1.40494914122746
2.257	1.39513914122746
2.258	1.38532914122747
2.259	1.37551914122747
2.26	1.36570914122746
2.261	1.35589914122746
2.262	1.34608914122747
2.263	1.33627914122747
2.264	1.32646914122746
2.265	1.31665914122746
2.266	1.30684914122747
2.267	1.29703914122747
2.268	1.28722914122746
2.269	1.27741914122746
2.27	1.26760914122747
2.271	1.25779914122747
2.272	1.24798914122746
2.273	1.23817914122746
2.274	1.22836914122747
2.275	1.21855914122747
2.276	1.20874914122746
2.277	1.19893914122746
2.278	1.18912914122747
2.279	1.17931914122747
2.28	1.16950914122746
2.281	1.15969914122746
2.282	1.14988914122747
2.283	1.14007914122747
2.284	1.13026914122746
2.285	1.12045914122746
2.286	1.11064914122747
2.287	1.10083914122747
2.288	1.09102914122746
2.289	1.08121914122746
2.29	1.07140914122747
2.291	1.06159914122747
2.292	1.05178914122746
2.293	1.04197914122746
2.294	1.03216914122747
2.295	1.02235914122747
2.296	1.01254914122746
2.297	1.00273914122746
2.298	0.992929141227465
2.299	0.983119141227466
2.3	0.973309141227463
2.301	0.963499141227464
2.302	0.953689141227465
2.303	0.943879141227466
2.304	0.934069141227463
2.305	0.924259141227464
2.306	0.914449141227465
2.307	0.904639141227466
2.308	0.894829141227467
2.309	0.885019141227464
2.31	0.875209141227465
2.311	0.865399141227466
2.312	0.855589141227467
2.313	0.845779141227464
2.314	0.835969141227465
2.315	0.826159141227466
2.316	0.816349141227467
2.317	0.806539141227464
2.318	0.796729141227465
2.319	0.786919141227466
2.32	0.777109141227467
2.321	0.767299141227464
2.322	0.757489141227465
2.323	0.747679141227466
2.324	0.737869141227467
2.325	0.728059141227464
2.326	0.718249141227465
2.327	0.708439141227466
2.328	0.698629141227467
2.329	0.688819141227464
2.33	0.679009141227465
2.331	0.669199141227466
2.332	0.659389141227467
2.333	0.649579141227464
2.334	0.639769141227465
2.335	0.629959141227466
2.336	0.620149141227467
2.337	0.610339141227464
2.338	0.600529141227465
2.339	0.590719141227466
2.34	0.580909141227467
2.341	0.571099141227464
2.342	0.561289141227465
2.343	0.551479141227466
2.344	0.541669141227467
2.345	0.531859141227464
2.346	0.522049141227465
2.347	0.512239141227466
2.348	0.502429141227467
2.349	0.492619141227464
2.35	0.482809141227465
2.351	0.472999141227466
2.352	0.463189141227467
2.353	0.453379141227464
2.354	0.443569141227465
2.355	0.433759141227466
2.356	0.423949141227467
2.357	0.414139141227464
2.358	0.404329141227465
2.359	0.394519141227466
2.36	0.384709141227467
2.361	0.374899141227464
2.362	0.365089141227465
2.363	0.355279141227466
2.364	0.345469141227467
2.365	0.335659141227463
2.366	0.325849141227465
2.367	0.316039141227466
2.368	0.306229141227467
2.369	0.296419141227463
2.37	0.286609141227465
2.371	0.276799141227466
2.372	0.266989141227467
2.373	0.257179141227463
2.374	0.247369141227464
2.375	0.237559141227466
2.376	0.227749141227467
2.377	0.217939141227463
2.378	0.208129141227464
2.379	0.198319141227466
2.38	0.188509141227467
2.381	0.178699141227463
2.382	0.168889141227464
2.383	0.159079141227465
2.384	0.149269141227467
2.385	0.139459141227463
2.386	0.129649141227464
2.387	0.119839141227465
2.388	0.110029141227467
2.389	0.100219141227463
2.39	0.0904091412274643
2.391	0.0805991412274654
2.392	0.0707891412274665
2.393	0.0609791412274632
2.394	0.0511691412274643
2.395	0.0413591412274654
2.396	0.0315491412274665
2.397	0.0217391412274632
2.398	0.0119291412274643
2.399	0.00211914122746535
2.4	-0.00769085877253357
2.401	-0.0175008587725368
2.402	-0.0273108587725358
2.403	-0.0371208587725347
2.404	-0.0469308587725336
2.405	-0.0567408587725369
2.406	-0.0665508587725358
2.407	-0.0763608587725347
2.408	-0.0861708587725336
2.409	-0.0959808587725369
2.41	-0.105790858772536
2.411	-0.115600858772535
2.412	-0.125410858772534
2.413	-0.135220858772537
2.414	-0.145030858772536
2.415	-0.154840858772535
2.416	-0.164650858772534
2.417	-0.174460858772537
2.418	-0.184270858772536
2.419	-0.194080858772535
2.42	-0.203890858772534
2.421	-0.213700858772537
2.422	-0.223510858772536
2.423	-0.233320858772535
2.424	-0.243130858772534
2.425	-0.252940858772537
2.426	-0.262750858772536
2.427	-0.272560858772535
2.428	-0.282370858772534
2.429	-0.292180858772537
2.43	-0.301990858772536
2.431	-0.311800858772535
2.432	-0.321610858772534
2.433	-0.331420858772533
2.434	-0.341230858772536
2.435	-0.351040858772535
2.436	-0.360850858772534
2.437	-0.370660858772533
2.438	-0.380470858772536
2.439	-0.390280858772535
2.44	-0.400090858772534
2.441	-0.409900858772533
2.442	-0.419710858772536
2.443	-0.429520858772535
2.444	-0.439330858772534
2.445	-0.449140858772533
2.446	-0.458950858772536
2.447	-0.468760858772535
2.448	-0.478570858772534
2.449	-0.488380858772533
2.45	-0.498190858772536
2.451	-0.508000858772535
2.452	-0.517810858772534
2.453	-0.527620858772533
2.454	-0.537430858772536
2.455	-0.547240858772535
2.456	-0.557050858772534
2.457	-0.566860858772533
2.458	-0.576670858772536
2.459	-0.586480858772535
2.46	-0.596290858772534
2.461	-0.606100858772533
2.462	-0.615910858772536
2.463	-0.625720858772535
2.464	-0.635530858772534
2.465	-0.645340858772533
2.466	-0.655150858772536
2.467	-0.664960858772535
2.468	-0.674770858772534
2.469	-0.684580858772533
2.47	-0.694390858772536
2.471	-0.704200858772535
2.472	-0.714010858772534
2.473	-0.723820858772533
2.474	-0.733630858772536
2.475	-0.743440858772535
2.476	-0.753250858772534
2.477	-0.763060858772533
2.478	-0.772870858772536
2.479	-0.782680858772535
2.48	-0.792490858772534
2.481	-0.802300858772533
2.482	-0.812110858772537
2.483	-0.821920858772535
2.484	-0.831730858772534
2.485	-0.841540858772533
2.486	-0.851350858772537
2.487	-0.861160858772535
2.488	-0.870970858772534
2.489	-0.880780858772533
2.49	-0.890590858772537
2.491	-0.900400858772536
2.492	-0.910210858772534
2.493	-0.920020858772533
2.494	-0.929830858772537
2.495	-0.939640858772536
2.496	-0.949450858772534
2.497	-0.959260858772533
2.498	-0.969070858772537
2.499	-0.978880858772536
2.5	-0.988690858772534
2.501	-0.998500858772533
2.502	-1.00831085877254
2.503	-1.01812085877254
2.504	-1.02793085877253
2.505	-1.03774085877253
2.506	-1.04755085877254
2.507	-1.05736085877254
2.508	-1.06717085877253
2.509	-1.07698085877253
2.51	-1.08679085877254
2.511	-1.09660085877254
2.512	-1.10641085877253
2.513	-1.11622085877253
2.514	-1.12603085877254
2.515	-1.13584085877254
2.516	-1.14565085877253
2.517	-1.15546085877253
2.518	-1.16527085877254
2.519	-1.17508085877254
2.52	-1.18489085877253
2.521	-1.19470085877253
2.522	-1.20451085877254
2.523	-1.21432085877254
2.524	-1.22413085877253
2.525	-1.23394085877253
2.526	-1.24375085877254
2.527	-1.25356085877254
2.528	-1.26337085877253
2.529	-1.27318085877253
2.53	-1.28299085877254
2.531	-1.29280085877254
2.532	-1.30261085877253
2.533	-1.31242085877253
2.534	-1.32223085877254
2.535	-1.33204085877254
2.536	-1.34185085877253
2.537	-1.35166085877253
2.538	-1.36147085877254
2.539	-1.37128085877254
2.54	-1.38109085877253
2.541	-1.39090085877253
2.542	-1.40071085877254
2.543	-1.41052085877254
2.544	-1.42033085877253
2.545	-1.43014085877253
2.546	-1.43995085877254
2.547	-1.44976085877254
2.548	-1.45957085877253
2.549	-1.46938085877253
2.55	-1.47919085877254
2.551	-1.48900085877254
2.552	-1.49881085877254
2.553	-1.50862085877253
2.554	-1.51843085877254
2.555	-1.52824085877254
2.556	-1.53805085877254
2.557	-1.54786085877253
2.558	-1.55767085877254
2.559	-1.56748085877254
2.56	-1.57729085877253
2.561	-1.58710085877253
2.562	-1.59691085877253
2.563	-1.60672085877254
2.564	-1.61653085877254
2.565	-1.62634085877253
2.566	-1.63615085877253
2.567	-1.64596085877254
2.568	-1.65577085877254
2.569	-1.66558085877253
2.57	-1.67539085877253
2.571	-1.68520085877254
2.572	-1.69501085877254
2.573	-1.70482085877253
2.574	-1.71463085877253
2.575	-1.72444085877254
2.576	-1.73425085877254
2.577	-1.74406085877253
2.578	-1.75387085877253
2.579	-1.76368085877254
2.58	-1.77349085877254
2.581	-1.78330085877253
2.582	-1.79311085877253
2.583	-1.80292085877254
2.584	-1.81273085877254
2.585	1.44320176373132
2.586	1.43339176373132
2.587	1.42358176373132
2.588	1.41377176373132
2.589	1.40396176373132
2.59	1.39415176373132
2.591	1.38434176373132
2.592	1.37453176373132
2.593	1.36472176373132
2.594	1.35491176373132
2.595	1.34510176373132
2.596	1.33529176373132
2.597	1.32548176373132
2.598	1.31567176373132
2.599	1.30586176373132
2.6	1.29605176373132
2.601	1.28624176373132
2.602	1.27643176373132
2.603	1.26662176373132
2.604	1.25681176373132
2.605	1.24700176373132
2.606	1.23719176373132
2.607	1.22738176373132
2.608	1.21757176373132
2.609	1.20776176373132
2.61	1.19795176373132
2.611	1.18814176373132
2.612	1.17833176373132
2.613	1.16852176373132
2.614	1.15871176373132
2.615	1.14890176373132
2.616	1.13909176373132
2.617	1.12928176373132
2.618	1.11947176373132
2.619	1.10966176373132
2.62	1.09985176373132
2.621	1.09004176373132
2.622	1.08023176373132
2.623	1.07042176373132
2.624	1.06061176373132
2.625	1.05080176373132
2.626	1.04099176373132
2.627	1.03118176373132
2.628	1.02137176373132
2.629	1.01156176373132
2.63	1.00175176373132
2.631	0.991941763731315
2.632	0.982131763731316
2.633	0.972321763731317
2.634	0.962511763731318
2.635	0.952701763731315
2.636	0.942891763731316
2.637	0.933081763731317
2.638	0.923271763731318
2.639	0.913461763731315
2.64	0.903651763731316
2.641	0.893841763731317
2.642	0.884031763731318
2.643	0.874221763731315
2.644	0.864411763731316
2.645	0.854601763731317
2.646	0.844791763731318
2.647	0.834981763731315
2.648	0.825171763731316
2.649	0.815361763731317
2.65	0.805551763731318
2.651	0.795741763731315
2.652	0.785931763731316
2.653	0.776121763731317
2.654	0.766311763731318
2.655	0.756501763731315
2.656	0.746691763731316
2.657	0.736881763731317
2.658	0.727071763731318
2.659	0.717261763731315
2.66	0.707451763731316
2.661	0.697641763731317
2.662	0.687831763731318
2.663	0.678021763731315
2.664	0.668211763731316
2.665	0.658401763731317
2.666	0.648591763731318
2.667	0.638781763731315
2.668	0.628971763731316
2.669	0.619161763731317
2.67	0.609351763731318
2.671	0.599541763731315
2.672	0.589731763731316
2.673	0.579921763731317
2.674	0.570111763731318
2.675	0.560301763731315
2.676	0.550491763731316
2.677	0.540681763731317
2.678	0.530871763731318
2.679	0.521061763731315
2.68	0.511251763731316
2.681	0.501441763731317
2.682	0.491631763731318
2.683	0.481821763731315
2.684	0.472011763731316
2.685	0.462201763731317
2.686	0.452391763731318
2.687	0.442581763731315
2.688	0.432771763731316
2.689	0.422961763731317
2.69	0.413151763731318
2.691	0.403341763731319
2.692	0.393531763731316
2.693	0.383721763731317
2.694	0.373911763731318
2.695	0.364101763731319
2.696	0.354291763731316
2.697	0.344481763731317
2.698	0.334671763731318
2.699	0.324861763731319
2.7	0.315051763731316
2.701	0.305241763731317
2.702	0.295431763731318
2.703	0.285621763731319
2.704	0.275811763731316
2.705	0.266001763731317
2.706	0.256191763731318
2.707	0.246381763731319
2.708	0.236571763731316
2.709	0.226761763731317
2.71	0.216951763731318
2.711	0.207141763731319
2.712	0.197331763731316
2.713	0.187521763731317
2.714	0.177711763731318
2.715	0.167901763731319
2.716	0.158091763731316
2.717	0.148281763731317
2.718	0.138471763731318
2.719	0.128661763731319
2.72	0.118851763731315
2.721	0.109041763731317
2.722	0.0992317637313177
2.723	0.0894217637313187
2.724	0.0796117637313155
2.725	0.0698017637313165
2.726	0.0599917637313176
2.727	0.0501817637313187
2.728	0.0403717637313154
2.729	0.0305617637313165
2.73	0.0207517637313176
2.731	0.0109417637313187
2.732	0.00113176373131538
2.733	-0.00867823626868354
2.734	-0.0184882362686825
2.735	-0.0282982362686814
2.736	-0.0381082362686847
2.737	-0.0479182362686836
2.738	-0.0577282362686825
2.739	-0.0675382362686814
2.74	-0.0773482362686847
2.741	-0.0871582362686836
2.742	-0.0969682362686825
2.743	-0.106778236268681
2.744	-0.116588236268685
2.745	-0.126398236268684
2.746	-0.136208236268683
2.747	-0.146018236268681
2.748	-0.155828236268685
2.749	-0.165638236268684
2.75	-0.175448236268683
2.751	-0.185258236268682
2.752	-0.195068236268685
2.753	-0.204878236268684
2.754	-0.214688236268683
2.755	-0.224498236268682
2.756	-0.234308236268685
2.757	-0.244118236268684
2.758	-0.253928236268683
2.759	-0.263738236268682
2.76	-0.273548236268685
2.761	-0.283358236268684
2.762	-0.293168236268683
2.763	-0.302978236268682
2.764	-0.312788236268685
2.765	-0.322598236268684
2.766	-0.332408236268683
2.767	-0.342218236268682
2.768	-0.352028236268685
2.769	-0.361838236268684
2.77	-0.371648236268683
2.771	-0.381458236268682
2.772	-0.391268236268685
2.773	-0.401078236268684
2.774	-0.410888236268683
2.775	-0.420698236268682
2.776	-0.430508236268685
2.777	-0.440318236268684
2.778	-0.450128236268683
2.779	-0.459938236268682
2.78	-0.469748236268685
2.781	-0.479558236268684
2.782	-0.489368236268683
2.783	-0.499178236268682
2.784	-0.508988236268685
2.785	-0.518798236268684
2.786	-0.528608236268683
2.787	-0.538418236268682
2.788	-0.548228236268685
2.789	-0.558038236268684
2.79	-0.567848236268683
2.791	-0.577658236268682
2.792	-0.587468236268685
2.793	-0.597278236268684
2.794	-0.607088236268683
2.795	-0.616898236268682
2.796	-0.626708236268685
2.797	-0.636518236268684
2.798	-0.646328236268683
2.799	-0.656138236268682
2.8	-0.665948236268685
2.801	-0.675758236268684
2.802	-0.685568236268683
2.803	-0.695378236268682
2.804	-0.705188236268685
2.805	-0.714998236268684
2.806	-0.724808236268683
2.807	-0.734618236268682
2.808	-0.744428236268685
2.809	-0.754238236268684
2.81	-0.764048236268683
2.811	-0.773858236268682
2.812	-0.783668236268685
2.813	-0.793478236268684
2.814	-0.803288236268683
2.815	-0.813098236268682
2.816	-0.822908236268681
2.817	-0.832718236268684
2.818	-0.842528236268683
2.819	-0.852338236268682
2.82	-0.862148236268681
2.821	-0.871958236268684
2.822	-0.881768236268683
2.823	-0.891578236268682
2.824	-0.901388236268681
2.825	-0.911198236268684
2.826	-0.921008236268683
2.827	-0.930818236268682
2.828	-0.940628236268681
2.829	-0.950438236268684
2.83	-0.960248236268683
2.831	-0.970058236268682
2.832	-0.979868236268681
2.833	-0.989678236268684
2.834	-0.999488236268683
2.835	-1.00929823626868
2.836	-1.01910823626868
2.837	-1.02891823626868
2.838	-1.03872823626868
2.839	-1.04853823626868
2.84	-1.05834823626868
2.841	-1.06815823626868
2.842	-1.07796823626868
2.843	-1.08777823626868
2.844	-1.09758823626868
2.845	-1.10739823626868
2.846	-1.11720823626868
2.847	-1.12701823626868
2.848	-1.13682823626868
2.849	-1.14663823626868
2.85	-1.15644823626868
2.851	-1.16625823626868
2.852	-1.17606823626868
2.853	-1.18587823626868
2.854	-1.19568823626868
2.855	-1.20549823626868
2.856	-1.21530823626868
2.857	-1.22511823626868
2.858	-1.23492823626868
2.859	-1.24473823626868
2.86	-1.25454823626868
2.861	-1.26435823626868
2.862	-1.27416823626868
2.863	-1.28397823626868
2.864	-1.29378823626868
2.865	-1.30359823626868
2.866	-1.31340823626868
2.867	-1.32321823626868
2.868	-1.33302823626868
2.869	-1.34283823626868
2.87	-1.35264823626868
2.871	-1.36245823626868
2.872	-1.37226823626868
2.873	-1.38207823626868
2.874	-1.39188823626868
2.875	-1.40169823626868
2.876	-1.41150823626868
2.877	-1.42131823626868
2.878	-1.43112823626868
2.879	-1.44093823626868
2.88	-1.45074823626868
2.881	-1.46055823626868
2.882	-1.47036823626868
2.883	-1.48017823626868
2.884	-1.48998823626868
2.885	-1.49979823626869
2.886	-1.50960823626868
2.887	-1.51941823626868
2.888	-1.52922823626868
2.889	-1.53903823626868
2.89	-1.54884823626868
2.891	-1.55865823626868
2.892	-1.56846823626868
2.893	-1.57827823626868
2.894	-1.58808823626868
2.895	-1.59789823626868
2.896	-1.60770823626868
2.897	-1.61751823626869
2.898	-1.62732823626868
2.899	-1.63713823626868
2.9	-1.64694823626868
2.901	-1.65675823626869
2.902	-1.66656823626868
2.903	-1.67637823626868
2.904	-1.68618823626868
2.905	-1.69599823626869
2.906	-1.70580823626868
2.907	-1.71561823626868
2.908	-1.72542823626868
2.909	-1.73523823626869
2.91	-1.74504823626868
2.911	-1.75485823626868
2.912	-1.76466823626868
2.913	-1.77447823626869
2.914	-1.78428823626868
2.915	-1.79409823626868
2.916	-1.80390823626868
2.917	-1.81371823626869
2.918	-1.82352823626868
2.919	-1.83333823626868
2.92	-1.84314823626868
2.921	-1.85295823626869
2.922	-1.86276823626868
2.923	-1.87257823626868
2.924	-1.88238823626868
2.925	-1.89219823626869
2.926	-1.90200823626868
2.927	-1.91181823626868
2.928	-1.92162823626868
2.929	-1.93143823626869
2.93	-1.94124823626868
2.931	-1.95105823626868
2.932	-1.96086823626868
2.933	-1.97067823626869
2.934	-1.98048823626868
2.935	-1.99029823626868
2.936	-2.00010823626868
2.937	-2.00991823626869
2.938	-2.01972823626868
2.939	-2.02953823626868
2.94	-2.03934823626868
2.941	-2.04915823626869
2.942	-2.05896823626868
2.943	-2.06877823626868
2.944	-2.07858823626868
2.945	-2.08839823626868
2.946	-2.09820823626868
2.947	-2.10801823626868
2.948	-2.11782823626868
2.949	-2.12763823626868
2.95	-2.13744823626868
2.951	-2.14725823626868
2.952	-2.15706823626868
2.953	-2.16687823626868
2.954	-2.17668823626868
2.955	-2.18649823626868
2.956	-2.19630823626868
2.957	-2.20611823626868
2.958	-2.21592823626868
2.959	-2.22573823626868
2.96	-2.23554823626868
2.961	-2.24535823626868
2.962	-2.25516823626868
2.963	-2.26497823626868
2.964	-2.27478823626868
2.965	-2.28459823626868
2.966	-2.29440823626868
2.967	-2.30421823626868
2.968	-2.31402823626868
2.969	-2.32383823626868
2.97	-2.33364823626868
2.971	-2.34345823626868
2.972	-2.35326823626868
2.973	-2.36307823626868
2.974	-2.37288823626868
2.975	-2.38269823626868
2.976	-2.39250823626868
2.977	-2.40231823626868
2.978	-2.41212823626868
2.979	-2.42193823626868
2.98	-2.43174823626868
2.981	-2.44155823626868
2.982	-2.45136823626868
2.983	-2.46117823626868
2.984	-2.47098823626868
2.985	-2.48079823626868
2.986	-2.49060823626868
2.987	-2.50041823626868
2.988	-2.51022823626868
2.989	-2.52003823626868
2.99	-2.52984823626868
2.991	-2.53965823626868
2.992	-2.54946823626868
2.993	-2.55927823626868
2.994	-2.56908823626868
2.995	-2.57889823626868
2.996	-2.58870823626868
2.997	-2.59851823626868
2.998	-2.60832823626868
2.999	-2.61813823626868
3	-2.62794823626868
