0	1
0.001	0.999995095
0.002	0.99998038
0.003	0.999955855
0.004	0.99992152
0.005	0.999877375
0.006	0.99982342
0.007	0.999759655
0.008	0.99968608
0.009	0.999602695
0.01	0.9995095
0.011	0.999406495
0.012	0.99929368
0.013	0.999171055
0.014	0.99903862
0.015	0.998896375
0.016	0.99874432
0.017	0.998582455
0.018	0.99841078
0.019	0.998229295
0.02	0.998038
0.021	0.997836895
0.022	0.99762598
0.023	0.997405255
0.024	0.99717472
0.025	0.996934375
0.026	0.99668422
0.027	0.996424255
0.028	0.99615448
0.029	0.995874895
0.03	0.9955855
0.031	0.995286295
0.032	0.99497728
0.033	0.994658455
0.034	0.99432982
0.035	0.993991375
0.036	0.99364312
0.037	0.993285055
0.038	0.99291718
0.039	0.992539495
0.04	0.992152
0.041	0.991754695
0.042	0.99134758
0.043	0.990930655
0.044	0.99050392
0.045	0.990067375
0.046	0.98962102
0.047	0.989164855
0.048	0.98869888
0.049	0.988223095
0.05	0.9877375
0.051	0.987242095
0.052	0.98673688
0.053	0.986221855
0.054	0.98569702
0.055	0.985162375
0.056	0.98461792
0.057	0.984063655
0.058	0.98349958
0.059	0.982925695
0.06	0.982342
0.061	0.981748495
0.062	0.98114518
0.063	0.980532055
0.064	0.97990912
0.065	0.979276375
0.066	0.97863382
0.067	0.977981455
0.068	0.97731928
0.069	0.976647295
0.07	0.9759655
0.071	0.975273895
0.072	0.97457248
0.073	0.973861255
0.074	0.97314022
0.075	0.972409375
0.076	0.97166872
0.077	0.970918255
0.078	0.97015798
0.079	0.969387895
0.08	0.968608
0.081	0.967818295
0.082	0.96701878
0.083	0.966209455
0.084	0.96539032
0.085	0.964561375
0.086	0.96372262
0.087	0.962874055
0.088	0.96201568
0.089	0.961147495
0.09	0.9602695
0.091	0.959381695
0.092	0.95848408
0.093	0.957576655
0.094	0.95665942
0.095	0.955732375
0.096	0.95479552
0.097	0.953848855
0.098	0.95289238
0.099	0.951926095
0.1	0.95095
0.101	0.949964095
0.102	0.94896838
0.103	0.947962855
0.104	0.94694752
0.105	0.945922375
0.106	0.94488742
0.107	0.943842655
0.108	0.94278808
0.109	0.941723695
0.11	0.9406495
0.111	0.939565495
0.112	0.93847168
0.113	0.937368055
0.114	0.93625462
0.115	0.935131375
0.116	0.93399832
0.117	0.932855455
0.118	0.93170278
0.119	0.930540295
0.12	0.929368
0.121	0.928185895
0.122	0.92699398
0.123	0.925792255
0.124	0.92458072
0.125	0.923359375
0.126	0.92212822
0.127	0.920887255
0.128	0.91963648
0.129	0.918375895
0.13	0.9171055
0.131	0.915825295
0.132	0.91453528
0.133	0.913235455
0.134	0.91192582
0.135	0.910606375
0.136	0.90927712
0.137	0.907938055
0.138	0.90658918
0.139	0.905230495
0.14	0.903862
0.141	0.902483695
0.142	0.90109558
0.143	0.899697655
0.144	0.89828992
0.145	0.896872375
0.146	0.89544502
0.147	0.894007855
0.148	0.89256088
0.149	0.891104095
0.15	0.8896375
0.151	0.888161095
0.152	0.88667488
0.153	0.885178855
0.154	0.88367302
0.155	0.882157375
0.156	0.88063192
0.157	0.879096655
0.158	0.87755158
0.159	0.875996695
0.16	0.874432
0.161	0.872857495
0.162	0.87127318
0.163	0.869679055
0.164	0.86807512
0.165	0.866461375
0.166	0.86483782
0.167	0.863204455
0.168	0.86156128
0.169	0.859908295
0.17	0.8582455
0.171	0.856572895
0.172	0.85489048
0.173	0.853198255
0.174	0.85149622
0.175	0.849784375
0.176	0.84806272
0.177	0.846331255
0.178	0.84458998
0.179	0.842838895
0.18	0.841078
0.181	0.839307295
0.182	0.83752678
0.183	0.835736455
0.184	0.83393632
0.185	0.832126375
0.186	0.83030662
0.187	0.828477055
0.188	0.82663768
0.189	0.824788495
0.19	0.8229295
0.191	0.821060695
0.192	0.81918208
0.193	0.817293655
0.194	0.81539542
0.195	0.813487375
0.196	0.81156952
0.197	0.809641855
0.198	0.80770438
0.199	0.805757095
0.2	0.8038
0.201	0.801833095
0.202	0.79985638
0.203	0.797869855
0.204	0.79587352
0.205	0.793867375
0.206	0.79185142
0.207	0.789825655
0.208	0.78779008
0.209	0.785744695
0.21	0.7836895
0.211	0.781624495
0.212	0.77954968
0.213	0.777465055
0.214	0.77537062
0.215	0.773266375
0.216	0.77115232
0.217	0.769028455
0.218	0.76689478
0.219	0.764751295
0.22	0.762598
0.221	0.760434895
0.222	0.75826198
0.223	0.756079255
0.224	0.75388672
0.225	0.751684375
0.226	0.74947222
0.227	0.747250255
0.228	0.74501848
0.229	0.742776895
0.23	0.7405255
0.231	0.738264295
0.232	0.73599328
0.233	0.733712455
0.234	0.73142182
0.235	0.729121375
0.236	0.72681112
0.237	0.724491055
0.238	0.72216118
0.239	0.719821495
0.24	0.717472
0.241	0.715112695
0.242	0.71274358
0.243	0.710364655
0.244	0.70797592
0.245	0.705577375
0.246	0.70316902
0.247	0.700750855
0.248	0.69832288
0.249	0.695885095
0.25	0.6934375
0.251	0.690980095
0.252	0.68851288
0.253	0.686035855
0.254	0.68354902
0.255	0.681052375
0.256	0.67854592
0.257	0.676029655
0.258	0.67350358
0.259	0.670967695
0.26	0.668422
0.261	0.665866495
0.262	0.66330118
0.263	0.660726055
0.264	0.65814112
0.265	0.655546375
0.266	0.65294182
0.267	0.650327455
0.268	0.64770328
0.269	0.645069295
0.27	0.6424255
0.271	0.639771895
0.272	0.63710848
0.273	0.634435255
0.274	0.63175222
0.275	0.629059375
0.276	0.62635672
0.277	0.623644255
0.278	0.62092198
0.279	0.618189895
0.28	0.615448
0.281	0.612696295
0.282	0.60993478
0.283	0.607163455
0.284	0.60438232
0.285	0.601591375
0.286	0.59879062
0.287	0.595980055
0.288	0.59315968
0.289	0.590329495
0.29	0.5874895
0.291	0.584639695
0.292	0.58178008
0.293	0.578910655
0.294	0.57603142
0.295	0.573142375
0.296	0.57024352
0.297	0.567334855
0.298	0.56441638
0.299	0.561488095
0.3	0.55855
0.301	0.555602095
0.302	0.55264438
0.303	0.549676855
0.304	0.54669952
0.305	0.543712375
0.306	0.54071542
0.307	0.537708655
0.308	0.53469208
0.309	0.531665695
0.31	0.5286295
0.311	0.525583495
0.312	0.52252768
0.313	0.519462055
0.314	0.51638662
0.315	0.513301375
0.316	0.51020632
0.317	0.507101455
0.318	0.50398678
0.319	0.500862295
0.32	0.497728
0.321	0.494583895
0.322	0.49142998
0.323	0.488266255
0.324	0.48509272
0.325	0.481909375
0.326	0.47871622
0.327	0.475513255
0.328	0.47230048
0.329	0.469077895
0.33	0.4658455
0.331	0.462603295
0.332	0.45935128
0.333	0.456089455
0.334	0.45281782
0.335	0.449536375
0.336	0.44624512
0.337	0.442944055
0.338	0.43963318
0.339	0.436312495
0.34	0.432982
0.341	0.429641695
0.342	0.42629158
0.343	0.422931655
0.344	0.41956192
0.345	0.416182375
0.346	0.41279302
0.347	0.409393855
0.348	0.40598488
0.349	0.402566095
0.35	0.3991375
0.351	0.395699095
0.352	0.39225088
0.353	0.388792855
0.354	0.38532502
0.355	0.381847375
0.356	0.37835992
0.357	0.374862655
0.358	0.37135558
0.359	0.367838695
0.36	0.364312
0.361	0.360775495
0.362	0.35722918
0.363	0.353673055
0.364	0.35010712
0.365	0.346531375
0.366	0.34294582
0.367	0.339350455
0.368	0.33574528
0.369	0.332130295
0.37	0.3285055
0.371	0.324870895
0.372	0.32122648
0.373	0.317572255
0.374	0.31390822
0.375	0.310234375
0.376	0.30655072
0.377	0.302857255
0.378	0.29915398
0.379	0.295440895
0.38	0.291718
0.381	0.287985295
0.382	0.28424278
0.383	0.280490455
0.384	0.27672832
0.385	0.272956375
0.386	0.26917462
0.387	0.265383055
0.388	0.26158168
0.389	0.257770495
0.39	0.2539495
0.391	0.250118695
0.392	0.24627808
0.393	0.242427655
0.394	0.23856742
0.395	0.234697375
0.396	0.23081752
0.397	0.226927855
0.398	0.22302838
0.399	0.219119095
0.4	0.2152
0.401	0.211271095
0.402	0.20733238
0.403	0.203383855
0.404	0.19942552
0.405	0.195457375
0.406	0.19147942
0.407	0.187491655
0.408	0.18349408
0.409	0.179486695
0.41	0.1754695
0.411	0.171442495
0.412	0.16740568
0.413	0.163359055
0.414	0.15930262
0.415	0.155236375
0.416	0.15116032
0.417	0.147074455
0.418	0.14297878
0.419	0.138873295
0.42	0.134758
0.421	0.130632895
0.422	0.12649798
0.423	0.122353255
0.424	0.11819872
0.425	0.114034375
0.426	0.10986022
0.427	0.105676255
0.428	0.10148248
0.429	0.0972788949999999
0.43	0.0930655
0.431	0.088842295
0.432	0.08460928
0.433	0.0803664550000001
0.434	0.0761138199999999
0.435	0.0718513749999999
0.436	0.0675791199999999
0.437	0.063297055
0.438	0.05900518
0.439	0.054703495
0.44	0.0503919999999998
0.441	0.0460706949999999
0.442	0.0417395799999999
0.443	0.0373986549999999
0.444	0.0330479199999999
0.445	0.028687375
0.446	0.02431702
0.447	0.0199368549999998
0.448	0.0155468799999999
0.449	0.0111470949999999
0.45	0.00673749999999991
0.451	0.00231809499999993
0.451523640985731	-2.87147656546979e-17
0.451523640985731	-2.87147656546979e-17
0.451523640985731	-2.87147656546979e-17
0.451523640985731	-2.87147656546979e-17
0.451536183309092	4.4443672838059e-05
0.452	0.00168689254167502
0.453	0.00522087199400486
0.454	0.0087450414463347
0.455	0.0122594008986645
0.456	0.0157639503509944
0.457	0.0192586898033242
0.458	0.0227436192556541
0.459	0.0262187387079839
0.46	0.0296840481603138
0.461	0.0331395476126436
0.462	0.0365852370649735
0.463	0.0400211165173033
0.464	0.0434471859696332
0.465	0.046863445421963
0.466	0.0502698948742929
0.467	0.0536665343266227
0.468	0.0570533637789526
0.469	0.0604303832312824
0.47	0.0637975926836123
0.471	0.0671549921359422
0.472	0.070502581588272
0.473	0.0738403610406019
0.474	0.0771683304929317
0.475	0.0804864899452616
0.476	0.0837948393975915
0.477	0.0870933788499213
0.478	0.0903821083022512
0.479	0.0936610277545811
0.48	0.0969301372069108
0.481	0.100189436659241
0.482	0.10343892611157
0.483	0.1066786055639
0.484	0.10990847501623
0.485	0.11312853446856
0.486	0.11633878392089
0.487	0.11953922337322
0.488	0.12272985282555
0.489	0.12591067227788
0.49	0.129081681730209
0.491	0.132242881182539
0.492	0.135394270634869
0.493	0.138535850087199
0.494	0.141667619539529
0.495	0.144789578991859
0.496	0.147901728444189
0.497	0.151004067896519
0.498	0.154096597348849
0.499	0.157179316801178
0.5	0.160252226253508
0.501	0.163315325705838
0.502	0.166368615158168
0.503	0.169412094610498
0.504	0.172445764062828
0.505	0.175469623515158
0.506	0.178483672967488
0.507	0.181487912419818
0.508	0.184482341872147
0.509	0.187466961324477
0.51	0.190441770776807
0.511	0.193406770229137
0.512	0.196361959681467
0.513	0.199307339133797
0.514	0.202242908586127
0.515	0.205168668038457
0.516	0.208084617490787
0.517	0.210990756943117
0.518	0.213887086395446
0.519	0.216773605847776
0.52	0.219650315300106
0.521	0.222517214752436
0.522	0.225374304204766
0.523	0.228221583657096
0.524	0.231059053109426
0.525	0.233886712561756
0.526	0.236704562014086
0.527	0.239512601466416
0.528	0.242310830918746
0.529	0.245099250371076
0.53	0.247877859823405
0.531	0.250646659275735
0.532	0.253405648728065
0.533	0.256154828180395
0.534	0.258894197632725
0.535	0.261623757085055
0.536	0.264343506537385
0.537	0.267053445989715
0.538	0.269753575442045
0.539	0.272443894894375
0.54	0.275124404346705
0.541	0.277795103799035
0.542	0.280455993251365
0.543	0.283107072703694
0.544	0.285748342156024
0.545	0.288379801608354
0.546	0.291001451060684
0.547	0.293613290513014
0.548	0.296215319965344
0.549	0.298807539417674
0.55	0.301389948870004
0.551	0.303962548322334
0.552	0.306525337774664
0.553	0.309078317226994
0.554	0.311621486679324
0.555	0.314154846131654
0.556	0.316678395583984
0.557	0.319192135036314
0.558	0.321696064488644
0.559	0.324190183940973
0.56	0.326674493393303
0.561	0.329148992845633
0.562	0.331613682297963
0.563	0.334068561750293
0.564	0.336513631202623
0.565	0.338948890654953
0.566	0.341374340107283
0.567	0.343789979559613
0.568	0.346195809011943
0.569	0.348591828464273
0.57	0.350978037916603
0.571	0.353354437368933
0.572	0.355721026821263
0.573	0.358077806273593
0.574	0.360424775725923
0.575	0.362761935178253
0.576	0.365089284630583
0.577	0.367406824082912
0.578	0.369714553535242
0.579	0.372012472987572
0.58	0.374300582439902
0.581	0.376578881892232
0.582	0.378847371344562
0.583	0.381106050796892
0.584	0.383354920249222
0.585	0.385593979701552
0.586	0.387823229153882
0.587	0.390042668606212
0.588	0.392252298058542
0.589	0.394452117510872
0.59	0.396642126963202
0.591	0.398822326415532
0.592	0.400992715867862
0.593	0.403153295320192
0.594	0.405304064772522
0.595	0.407445024224852
0.596	0.409576173677182
0.597	0.411697513129512
0.598	0.413809042581842
0.599	0.415910762034172
0.6	0.418002671486502
0.601	0.420084770938832
0.602	0.422157060391162
0.603	0.424219539843492
0.604	0.426272209295822
0.605	0.428315068748152
0.606	0.430348118200482
0.607	0.432371357652812
0.608	0.434384787105142
0.609	0.436388406557472
0.61	0.438382216009802
0.611	0.440366215462132
0.612	0.442340404914462
0.613	0.444304784366792
0.614	0.446259353819122
0.615	0.448204113271452
0.616	0.450139062723782
0.617	0.452064202176112
0.618	0.453979531628442
0.619	0.455885051080772
0.62	0.457780760533102
0.621	0.459666659985432
0.622	0.461542749437762
0.623	0.463409028890092
0.624	0.465265498342422
0.625	0.467112157794752
0.626	0.468949007247082
0.627	0.470776046699412
0.628	0.472593276151742
0.629	0.474400695604072
0.63	0.476198305056402
0.631	0.477986104508732
0.632	0.479764093961062
0.633	0.481532273413392
0.634	0.483290642865722
0.635	0.485039202318052
0.636	0.486777951770382
0.637	0.488506891222712
0.638	0.490226020675042
0.639	0.491935340127372
0.64	0.493634849579702
0.641	0.495324549032032
0.642	0.497004438484362
0.643	0.498674517936692
0.644	0.500334787389022
0.645	0.501985246841352
0.646	0.503625896293682
0.647	0.505256735746012
0.648	0.506877765198343
0.649	0.508488984650673
0.65	0.510090394103003
0.651	0.511681993555333
0.652	0.513263783007663
0.653	0.514835762459993
0.654	0.516397931912323
0.655	0.517950291364653
0.656	0.519492840816983
0.657	0.521025580269313
0.658	0.522548509721643
0.659	0.524061629173973
0.66	0.525564938626303
0.661	0.527058438078633
0.662	0.528542127530963
0.663	0.530016006983293
0.664	0.531480076435623
0.665	0.532934335887953
0.666	0.534378785340283
0.667	0.535813424792614
0.668	0.537238254244943
0.669	0.538653273697273
0.67	0.540058483149604
0.671	0.541453882601934
0.672	0.542839472054264
0.673	0.544215251506594
0.674	0.545581220958924
0.675	0.546937380411254
0.676	0.548283729863584
0.677	0.549620269315914
0.678	0.550946998768244
0.679	0.552263918220574
0.68	0.553571027672904
0.681	0.554868327125234
0.682	0.556155816577564
0.683	0.557433496029894
0.684	0.558701365482224
0.685	0.559959424934555
0.686	0.561207674386885
0.687	0.562446113839215
0.688	0.563674743291545
0.689	0.564893562743875
0.69	0.566102572196205
0.691	0.567301771648535
0.692	0.568491161100865
0.693	0.569670740553195
0.694	0.570840510005525
0.695	0.572000469457855
0.696	0.573150618910185
0.697	0.574290958362516
0.698	0.575421487814846
0.699	0.576542207267176
0.7	0.577653116719506
0.701	0.578754216171836
0.702	0.579845505624166
0.703	0.580926985076496
0.704	0.581998654528826
0.705	0.583060513981156
0.706	0.584112563433486
0.707	0.585154802885816
0.708	0.586187232338146
0.709	0.587209851790476
0.71	0.588222661242807
0.711	0.589225660695137
0.712	0.590218850147467
0.713	0.591202229599797
0.714	0.592175799052127
0.715	0.593139558504457
0.716	0.594093507956787
0.717	0.595037647409117
0.718	0.595971976861447
0.719	0.596896496313778
0.72	0.597811205766108
0.721	0.598716105218438
0.722	0.599611194670768
0.723	0.600496474123098
0.724	0.601371943575428
0.725	0.602237603027758
0.726	0.603093452480088
0.727	0.603939491932418
0.728	0.604775721384749
0.729	0.605602140837079
0.73	0.606418750289409
0.731	0.607225549741739
0.732	0.608022539194069
0.733	0.608809718646399
0.734	0.609587088098729
0.735	0.610354647551059
0.736	0.61111239700339
0.737	0.61186033645572
0.738	0.61259846590805
0.739	0.61332678536038
0.74	0.61404529481271
0.741	0.61475399426504
0.742	0.61545288371737
0.743	0.6161419631697
0.744	0.616821232622031
0.745	0.617490692074361
0.746	0.618150341526691
0.747	0.618800180979021
0.748	0.619440210431351
0.749	0.620070429883681
0.75	0.620690839336011
0.751	0.621301438788342
0.752	0.621902228240672
0.753	0.622493207693002
0.754	0.623074377145332
0.755	0.623645736597662
0.756	0.624207286049992
0.757	0.624759025502322
0.758	0.625300954954653
0.759	0.625833074406983
0.76	0.626355383859313
0.761	0.626867883311643
0.762	0.627370572763973
0.763	0.627863452216303
0.764	0.628346521668633
0.765	0.628819781120964
0.766	0.629283230573294
0.767	0.629736870025624
0.768	0.630180699477954
0.769	0.630614718930284
0.77	0.631038928382614
0.771	0.631453327834945
0.772	0.631857917287275
0.773	0.632252696739605
0.774	0.632637666191935
0.775	0.633012825644265
0.776	0.633378175096595
0.777	0.633733714548926
0.778	0.634079444001256
0.779	0.634415363453586
0.78	0.634741472905916
0.781	0.635057772358246
0.782	0.635364261810576
0.783	0.635660941262907
0.784	0.635947810715237
0.785	0.636224870167567
0.786	0.636492119619897
0.787	0.636749559072227
0.788	0.636997188524557
0.789	0.637235007976888
0.79	0.637463017429218
0.791	0.637681216881548
0.792	0.637889606333878
0.793	0.638088185786208
0.794	0.638276955238539
0.795	0.638455914690869
0.796	0.638625064143199
0.797	0.638784403595529
0.798	0.638933933047859
0.799	0.639073652500189
0.8	0.63920356195252
0.801	0.63932366140485
0.802	0.63943395085718
0.803	0.63953443030951
0.804	0.63962509976184
0.805	0.639705959214171
0.806	0.639777008666501
0.807	0.639838248118831
0.808	0.639889677571161
0.809	0.639931297023491
0.81	0.639963106475822
0.811	0.639985105928152
0.812	0.639997295380482
0.813	0.639999674832812
0.814	0.639992244285142
0.815	0.639975003737473
0.816	0.639947953189803
0.817	0.639911092642133
0.818	0.639864422094463
0.819	0.639807941546793
0.82	0.639741650999124
0.821	0.639665550451454
0.822	0.639579639903784
0.823	0.639483919356114
0.824	0.639378388808444
0.825	0.639263048260775
0.826	0.639137897713105
0.827	0.639002937165435
0.828	0.638858166617765
0.829	0.638703586070095
0.83	0.638539195522426
0.831	0.638364994974756
0.832	0.638180984427086
0.833	0.637987163879416
0.834	0.637783533331747
0.835	0.637570092784077
0.836	0.637346842236407
0.837	0.637113781688737
0.838	0.636870911141068
0.839	0.636618230593398
0.84	0.636355740045728
0.841	0.636083439498058
0.842	0.635801328950388
0.843	0.635509408402719
0.844	0.635207677855049
0.845	0.634896137307379
0.846	0.634574786759709
0.847	0.63424362621204
0.848	0.63390265566437
0.849	0.6335518751167
0.85	0.63319128456903
0.851	0.632820884021361
0.852	0.632440673473691
0.853	0.632050652926021
0.854	0.631650822378351
0.855	0.631241181830682
0.856	0.630821731283012
0.857	0.630392470735342
0.858	0.629953400187672
0.859	0.629504519640003
0.86	0.629045829092333
0.861	0.628577328544663
0.862	0.628099017996993
0.863	0.627610897449324
0.864	0.627112966901654
0.865	0.626605226353984
0.866	0.626087675806314
0.867	0.625560315258645
0.868	0.625023144710975
0.869	0.624476164163305
0.87	0.623919373615635
0.871	0.623352773067966
0.872	0.622776362520296
0.873	0.622190141972626
0.874	0.621594111424956
0.875	0.620988270877287
0.876	0.620372620329617
0.877	0.619747159781947
0.878	0.619111889234278
0.879	0.618466808686608
0.88	0.617811918138938
0.881	0.617147217591268
0.882	0.616472707043599
0.883	0.615788386495929
0.884	0.615094255948259
0.885	0.614390315400589
0.886	0.61367656485292
0.887	0.61295300430525
0.888	0.61221963375758
0.889	0.611476453209911
0.89	0.610723462662241
0.891	0.609960662114571
0.892	0.609188051566901
0.893	0.608405631019232
0.894	0.607613400471562
0.895	0.606811359923892
0.896	0.605999509376222
0.897	0.605177848828553
0.898	0.604346378280883
0.899	0.603505097733213
0.9	0.602654007185544
0.901	0.601793106637874
0.902	0.600922396090204
0.903	0.600041875542535
0.904	0.599151544994865
0.905	0.598251404447195
0.906	0.597341453899525
0.907	0.596421693351856
0.908	0.595492122804186
0.909	0.594552742256516
0.91	0.593603551708847
0.911	0.592644551161177
0.912	0.591675740613507
0.913	0.590697120065838
0.914	0.589708689518168
0.915	0.588710448970498
0.916	0.587702398422828
0.917	0.586684537875159
0.918	0.585656867327489
0.919	0.584619386779819
0.92	0.58357209623215
0.921	0.58251499568448
0.922	0.58144808513681
0.923	0.580371364589141
0.924	0.579284834041471
0.925	0.578188493493801
0.926	0.577082342946132
0.927	0.575966382398462
0.928	0.574840611850792
0.929	0.573705031303123
0.93	0.572559640755453
0.931	0.571404440207783
0.932	0.570239429660114
0.933	0.569064609112444
0.934	0.567879978564774
0.935	0.566685538017104
0.936	0.565481287469435
0.937	0.564267226921765
0.938	0.563043356374095
0.939	0.561809675826426
0.94	0.560566185278756
0.941	0.559312884731086
0.942	0.558049774183417
0.943	0.556776853635747
0.944	0.555494123088077
0.945	0.554201582540408
0.946	0.552899231992738
0.947	0.551587071445068
0.948	0.550265100897399
0.949	0.548933320349729
0.95	0.547591729802059
0.951	0.54624032925439
0.952	0.54487911870672
0.953	0.54350809815905
0.954	0.542127267611381
0.955	0.540736627063711
0.956	0.539336176516041
0.957	0.537925915968372
0.958	0.536505845420702
0.959	0.535075964873032
0.96	0.533636274325363
0.961	0.532186773777694
0.962	0.530727463230024
0.963	0.529258342682354
0.964	0.527779412134684
0.965	0.526290671587015
0.966	0.524792121039345
0.967	0.523283760491676
0.968	0.521765589944006
0.969	0.520237609396336
0.97	0.518699818848666
0.971	0.517152218300997
0.972	0.515594807753327
0.973	0.514027587205658
0.974	0.512450556657988
0.975	0.510863716110318
0.976	0.509267065562649
0.977	0.507660605014979
0.978	0.506044334467309
0.979	0.50441825391964
0.98	0.50278236337197
0.981	0.501136662824301
0.982	0.499481152276631
0.983	0.497815831728961
0.984	0.496140701181292
0.985	0.494455760633622
0.986	0.492761010085952
0.987	0.491056449538283
0.988	0.489342078990613
0.989	0.487617898442944
0.99	0.485883907895274
0.991	0.484140107347604
0.992	0.482386496799935
0.993	0.480623076252265
0.994	0.478849845704595
0.995	0.477066805156926
0.996	0.475273954609256
0.997	0.473471294061587
0.998	0.471658823513917
0.999	0.469836542966248
1	0.468004452418578
1.001	0.466162551870908
1.002	0.464310841323239
1.003	0.462449320775569
1.004	0.460577990227899
1.005	0.45869684968023
1.006	0.45680589913256
1.007	0.45490513858489
1.008	0.452994568037221
1.009	0.451074187489551
1.01	0.449143996941882
1.011	0.447203996394212
1.012	0.445254185846543
1.013	0.443294565298873
1.014	0.441325134751203
1.015	0.439345894203534
1.016	0.437356843655864
1.017	0.435357983108194
1.018	0.433349312560525
1.019	0.431330832012855
1.02	0.429302541465186
1.021	0.427264440917516
1.022	0.425216530369847
1.023	0.423158809822177
1.024	0.421091279274507
1.025	0.419013938726838
1.026	0.416926788179168
1.027	0.414829827631499
1.028	0.412723057083829
1.029	0.41060647653616
1.03	0.40848008598849
1.031	0.406343885440821
1.032	0.404197874893151
1.033	0.402042054345481
1.034	0.399876423797812
1.035	0.397700983250142
1.036	0.395515732702472
1.037	0.393320672154803
1.038	0.391115801607133
1.039	0.388901121059464
1.04	0.386676630511794
1.041	0.384442329964125
1.042	0.382198219416455
1.043	0.379944298868786
1.044	0.377680568321116
1.045	0.375407027773447
1.046	0.373123677225777
1.047	0.370830516678107
1.048	0.368527546130438
1.049	0.366214765582768
1.05	0.363892175035099
1.051	0.361559774487429
1.052	0.359217563939759
1.053	0.35686554339209
1.054	0.35450371284442
1.055	0.352132072296751
1.056	0.349750621749081
1.057	0.347359361201412
1.058	0.344958290653742
1.059	0.342547410106073
1.06	0.340126719558403
1.061	0.337696219010734
1.062	0.335255908463064
1.063	0.332805787915395
1.064	0.330345857367725
1.065	0.327876116820056
1.066	0.325396566272386
1.067	0.322907205724716
1.068	0.320408035177047
1.069	0.317899054629377
1.07	0.315380264081707
1.071	0.312851663534038
1.072	0.310313252986368
1.073	0.307765032438699
1.074	0.305207001891029
1.075	0.30263916134336
1.076	0.30006151079569
1.077	0.297474050248021
1.078	0.294876779700351
1.079	0.292269699152682
1.08	0.289652808605012
1.081	0.287026108057343
1.082	0.284389597509673
1.083	0.281743276962004
1.084	0.279087146414334
1.085	0.276421205866665
1.086	0.273745455318995
1.087	0.271059894771326
1.088	0.268364524223656
1.089	0.265659343675987
1.09	0.262944353128317
1.091	0.260219552580648
1.092	0.257484942032978
1.093	0.254740521485309
1.094	0.251986290937639
1.095	0.24922225038997
1.096	0.2464483998423
1.097	0.243664739294631
1.098	0.240871268746961
1.099	0.238067988199292
1.1	0.235254897651622
1.101	0.232431997103953
1.102	0.229599286556283
1.103	0.226756766008614
1.104	0.223904435460944
1.105	0.221042294913275
1.106	0.218170344365605
1.107	0.215288583817936
1.108	0.212397013270266
1.109	0.209495632722597
1.11	0.206584442174927
1.111	0.203663441627258
1.112	0.200732631079588
1.113	0.197792010531919
1.114	0.194841579984249
1.115	0.19188133943658
1.116	0.18891128888891
1.117	0.185931428341241
1.118	0.182941757793571
1.119	0.179942277245902
1.12	0.176932986698232
1.121	0.173913886150563
1.122	0.170884975602893
1.123	0.167846255055224
1.124	0.164797724507554
1.125	0.161739383959885
1.126	0.158671233412215
1.127	0.155593272864546
1.128	0.152505502316876
1.129	0.149407921769207
1.13	0.146300531221537
1.131	0.143183330673868
1.132	0.140056320126198
1.133	0.136919499578529
1.134	0.133772869030859
1.135	0.13061642848319
1.136	0.12745017793552
1.137	0.124274117387851
1.138	0.121088246840181
1.139	0.117892566292512
1.14	0.114687075744842
1.141	0.111471775197173
1.142	0.108246664649503
1.143	0.105011744101834
1.144	0.101767013554164
1.145	0.0985124730064952
1.146	0.0952481224588254
1.147	0.0919739619111563
1.148	0.0886899913634865
1.149	0.0853962108158174
1.15	0.0820926202681475
1.151	0.0787792197204784
1.152	0.0754560091728086
1.153	0.0721229886251395
1.154	0.0687801580774704
1.155	0.0654275175298006
1.156	0.0620650669821315
1.157	0.0586928064344617
1.158	0.0553107358867926
1.159	0.0519188553391228
1.16	0.0485171647914537
1.161	0.0451056642437839
1.162	0.0416843536961148
1.163	0.038253233148445
1.164	0.0348123026007759
1.165	0.0313615620531061
1.166	0.0279010115054371
1.167	0.0244306509577672
1.168	0.0209504804100982
1.169	0.0174604998624284
1.17	0.0139607093147593
1.171	0.0104511087670895
1.172	0.00693169821942043
1.173	0.0034024776717506
1.17396146652298	-6.05142080362702e-16
1.17396146652298	-6.05142080362702e-16
1.17396146652298	2.43201859907604e-17
1.17396146652298	2.43201859907604e-17
1.17396162330202	4.44444323113155e-07
1.174	0.000109229191172194
1.175	0.00293879220497514
1.176	0.00575854521877746
1.177	0.0085684882325804
1.178	0.0113686212463827
1.179	0.0141589442601857
1.18	0.016939457273988
1.181	0.0197101602877909
1.182	0.0224710533015933
1.183	0.0252221363153962
1.184	0.0279634093291985
1.185	0.0306948723430015
1.186	0.0334165253568038
1.187	0.0361283683706068
1.188	0.0388304013844091
1.189	0.0415226243982121
1.19	0.0442050374120144
1.191	0.0468776404258173
1.192	0.0495404334396197
1.193	0.0521934164534226
1.194	0.054836589467225
1.195	0.0574699524810279
1.196	0.0600935054948303
1.197	0.0627072485086332
1.198	0.0653111815224356
1.199	0.0679053045362386
1.2	0.0704896175500409
1.201	0.0730641205638439
1.202	0.0756288135776462
1.203	0.0781836965914492
1.204	0.0807287696052515
1.205	0.0832640326190545
1.206	0.0857894856328569
1.207	0.0883051286466598
1.208	0.0908109616604622
1.209	0.0933069846742651
1.21	0.0957931976880675
1.211	0.0982696007018705
1.212	0.100736193715673
1.213	0.103192976729476
1.214	0.105639949743278
1.215	0.108077112757081
1.216	0.110504465770884
1.217	0.112922008784686
1.218	0.115329741798489
1.219	0.117727664812292
1.22	0.120115777826094
1.221	0.122494080839897
1.222	0.1248625738537
1.223	0.127221256867503
1.224	0.129570129881305
1.225	0.131909192895108
1.226	0.13423844590891
1.227	0.136557888922713
1.228	0.138867521936516
1.229	0.141167344950319
1.23	0.143457357964121
1.231	0.145737560977924
1.232	0.148007953991726
1.233	0.150268537005529
1.234	0.152519310019332
1.235	0.154760273033135
1.236	0.156991426046937
1.237	0.15921276906074
1.238	0.161424302074543
1.239	0.163626025088346
1.24	0.165817938102148
1.241	0.168000041115951
1.242	0.170172334129753
1.243	0.172334817143556
1.244	0.174487490157359
1.245	0.176630353171162
1.246	0.178763406184964
1.247	0.180886649198767
1.248	0.18300008221257
1.249	0.185103705226372
1.25	0.187197518240175
1.251	0.189281521253978
1.252	0.19135571426778
1.253	0.193420097281583
1.254	0.195474670295386
1.255	0.197519433309189
1.256	0.199554386322991
1.257	0.201579529336794
1.258	0.203594862350597
1.259	0.2056003853644
1.26	0.207596098378202
1.261	0.209582001392005
1.262	0.211558094405808
1.263	0.21352437741961
1.264	0.215480850433413
1.265	0.217427513447216
1.266	0.219364366461018
1.267	0.221291409474821
1.268	0.223208642488624
1.269	0.225116065502427
1.27	0.227013678516229
1.271	0.228901481530032
1.272	0.230779474543835
1.273	0.232647657557638
1.274	0.23450603057144
1.275	0.236354593585243
1.276	0.238193346599046
1.277	0.240022289612849
1.278	0.241841422626651
1.279	0.243650745640454
1.28	0.245450258654257
1.281	0.247239961668059
1.282	0.249019854681862
1.283	0.250789937695665
1.284	0.252550210709468
1.285	0.25430067372327
1.286	0.256041326737073
1.287	0.257772169750876
1.288	0.259493202764678
1.289	0.261204425778481
1.29	0.262905838792284
1.291	0.264597441806087
1.292	0.266279234819889
1.293	0.267951217833692
1.294	0.269613390847495
1.295	0.271265753861298
1.296	0.2729083068751
1.297	0.274541049888903
1.298	0.276163982902706
1.299	0.277777105916509
1.3	0.279380418930312
1.301	0.280973921944114
1.302	0.282557614957917
1.303	0.28413149797172
1.304	0.285695570985523
1.305	0.287249833999325
1.306	0.288794287013128
1.307	0.290328930026931
1.308	0.291853763040734
1.309	0.293368786054536
1.31	0.294873999068339
1.311	0.296369402082142
1.312	0.297854995095945
1.313	0.299330778109747
1.314	0.30079675112355
1.315	0.302252914137353
1.316	0.303699267151156
1.317	0.305135810164958
1.318	0.306562543178761
1.319	0.307979466192564
1.32	0.309386579206367
1.321	0.310783882220169
1.322	0.312171375233972
1.323	0.313549058247775
1.324	0.314916931261578
1.325	0.316274994275381
1.326	0.317623247289184
1.327	0.318961690302986
1.328	0.320290323316789
1.329	0.321609146330592
1.33	0.322918159344395
1.331	0.324217362358197
1.332	0.325506755372
1.333	0.326786338385803
1.334	0.328056111399606
1.335	0.329316074413408
1.336	0.330566227427211
1.337	0.331806570441014
1.338	0.333037103454817
1.339	0.33425782646862
1.34	0.335468739482423
1.341	0.336669842496225
1.342	0.337861135510028
1.343	0.339042618523831
1.344	0.340214291537634
1.345	0.341376154551436
1.346	0.342528207565239
1.347	0.343670450579042
1.348	0.344802883592845
1.349	0.345925506606648
1.35	0.347038319620451
1.351	0.348141322634253
1.352	0.349234515648056
1.353	0.350317898661859
1.354	0.351391471675662
1.355	0.352455234689464
1.356	0.353509187703267
1.357	0.35455333071707
1.358	0.355587663730873
1.359	0.356612186744676
1.36	0.357626899758479
1.361	0.358631802772281
1.362	0.359626895786084
1.363	0.360612178799887
1.364	0.36158765181369
1.365	0.362553314827493
1.366	0.363509167841296
1.367	0.364455210855098
1.368	0.365391443868901
1.369	0.366317866882704
1.37	0.367234479896507
1.371	0.36814128291031
1.372	0.369038275924112
1.373	0.369925458937915
1.374	0.370802831951718
1.375	0.371670394965521
1.376	0.372528147979324
1.377	0.373376090993127
1.378	0.374214224006929
1.379	0.375042547020732
1.38	0.375861060034535
1.381	0.376669763048338
1.382	0.377468656062141
1.383	0.378257739075944
1.384	0.379037012089746
1.385	0.379806475103549
1.386	0.380566128117352
1.387	0.381315971131155
1.388	0.382056004144958
1.389	0.382786227158761
1.39	0.383506640172564
1.391	0.384217243186366
1.392	0.384918036200169
1.393	0.385609019213972
1.394	0.386290192227775
1.395	0.386961555241578
1.396	0.387623108255381
1.397	0.388274851269183
1.398	0.388916784282986
1.399	0.389548907296789
1.4	0.390171220310592
1.401	0.390783723324395
1.402	0.391386416338198
1.403	0.391979299352001
1.404	0.392562372365803
1.405	0.393135635379606
1.406	0.393699088393409
1.407	0.394252731407212
1.408	0.394796564421015
1.409	0.395330587434818
1.41	0.395854800448621
1.411	0.396369203462423
1.412	0.396873796476226
1.413	0.397368579490029
1.414	0.397853552503832
1.415	0.398328715517635
1.416	0.398794068531438
1.417	0.399249611545241
1.418	0.399695344559044
1.419	0.400131267572846
1.42	0.400557380586649
1.421	0.400973683600452
1.422	0.401380176614255
1.423	0.401776859628058
1.424	0.402163732641861
1.425	0.402540795655664
1.426	0.402908048669467
1.427	0.403265491683269
1.428	0.403613124697072
1.429	0.403950947710875
1.43	0.404278960724678
1.431	0.404597163738481
1.432	0.404905556752284
1.433	0.405204139766087
1.434	0.40549291277989
1.435	0.405771875793693
1.436	0.406041028807495
1.437	0.406300371821298
1.438	0.406549904835101
1.439	0.406789627848904
1.44	0.407019540862707
1.441	0.40723964387651
1.442	0.407449936890313
1.443	0.407650419904116
1.444	0.407841092917919
1.445	0.408021955931722
1.446	0.408193008945524
1.447	0.408354251959327
1.448	0.40850568497313
1.449	0.408647307986933
1.45	0.408779121000736
1.451	0.408901124014539
1.452	0.409013317028342
1.453	0.409115700042145
1.454	0.409208273055948
1.455	0.409291036069751
1.456	0.409363989083553
1.457	0.409427132097356
1.458	0.409480465111159
1.459	0.409523988124962
1.46	0.409557701138765
1.461	0.409581604152568
1.462	0.409595697166371
1.463	0.409599980180174
1.464	0.409594453193977
1.465	0.40957911620778
1.466	0.409553969221583
1.467	0.409519012235386
1.468	0.409474245249189
1.469	0.409419668262991
1.47	0.409355281276794
1.471	0.409281084290597
1.472	0.4091970773044
1.473	0.409103260318203
1.474	0.408999633332006
1.475	0.408886196345809
1.476	0.408762949359612
1.477	0.408629892373415
1.478	0.408487025387218
1.479	0.408334348401021
1.48	0.408171861414824
1.481	0.407999564428627
1.482	0.40781745744243
1.483	0.407625540456233
1.484	0.407423813470035
1.485	0.407212276483838
1.486	0.406990929497641
1.487	0.406759772511444
1.488	0.406518805525247
1.489	0.40626802853905
1.49	0.406007441552853
1.491	0.405737044566656
1.492	0.405456837580459
1.493	0.405166820594262
1.494	0.404866993608065
1.495	0.404557356621868
1.496	0.404237909635671
1.497	0.403908652649474
1.498	0.403569585663277
1.499	0.40322070867708
1.5	0.402862021690883
1.501	0.402493524704686
1.502	0.402115217718489
1.503	0.401727100732292
1.504	0.401329173746094
1.505	0.400921436759897
1.506	0.4005038897737
1.507	0.400076532787503
1.508	0.399639365801306
1.509	0.399192388815109
1.51	0.398735601828912
1.511	0.398269004842715
1.512	0.397792597856518
1.513	0.397306380870321
1.514	0.396810353884124
1.515	0.396304516897927
1.516	0.39578886991173
1.517	0.395263412925533
1.518	0.394728145939336
1.519	0.394183068953139
1.52	0.393628181966942
1.521	0.393063484980745
1.522	0.392488977994548
1.523	0.391904661008351
1.524	0.391310534022154
1.525	0.390706597035957
1.526	0.39009285004976
1.527	0.389469293063563
1.528	0.388835926077366
1.529	0.388192749091169
1.53	0.387539762104972
1.531	0.386876965118775
1.532	0.386204358132578
1.533	0.385521941146381
1.534	0.384829714160184
1.535	0.384127677173987
1.536	0.38341583018779
1.537	0.382694173201593
1.538	0.381962706215396
1.539	0.381221429229199
1.54	0.380470342243002
1.541	0.379709445256805
1.542	0.378938738270608
1.543	0.378158221284411
1.544	0.377367894298214
1.545	0.376567757312017
1.546	0.37575781032582
1.547	0.374938053339623
1.548	0.374108486353426
1.549	0.373269109367229
1.55	0.372419922381032
1.551	0.371560925394835
1.552	0.370692118408638
1.553	0.369813501422441
1.554	0.368925074436244
1.555	0.368026837450047
1.556	0.36711879046385
1.557	0.366200933477653
1.558	0.365273266491456
1.559	0.364335789505259
1.56	0.363388502519062
1.561	0.362431405532865
1.562	0.361464498546668
1.563	0.360487781560471
1.564	0.359501254574274
1.565	0.358504917588077
1.566	0.35749877060188
1.567	0.356482813615683
1.568	0.355457046629486
1.569	0.354421469643289
1.57	0.353376082657092
1.571	0.352320885670895
1.572	0.351255878684698
1.573	0.350181061698501
1.574	0.349096434712304
1.575	0.348001997726107
1.576	0.34689775073991
1.577	0.345783693753713
1.578	0.344659826767516
1.579	0.34352614978132
1.58	0.342382662795122
1.581	0.341229365808926
1.582	0.340066258822729
1.583	0.338893341836532
1.584	0.337710614850335
1.585	0.336518077864138
1.586	0.335315730877941
1.587	0.334103573891744
1.588	0.332881606905547
1.589	0.33164982991935
1.59	0.330408242933153
1.591	0.329156845946956
1.592	0.327895638960759
1.593	0.326624621974562
1.594	0.325343794988365
1.595	0.324053158002168
1.596	0.322752711015971
1.597	0.321442454029774
1.598	0.320122387043577
1.599	0.31879251005738
1.6	0.317452823071183
1.601	0.316103326084987
1.602	0.314744019098789
1.603	0.313374902112593
1.604	0.311995975126396
1.605	0.310607238140199
1.606	0.309208691154002
1.607	0.307800334167805
1.608	0.306382167181608
1.609	0.304954190195411
1.61	0.303516403209214
1.611	0.302068806223017
1.612	0.30061139923682
1.613	0.299144182250623
1.614	0.297667155264426
1.615	0.296180318278229
1.616	0.294683671292032
1.617	0.293177214305836
1.618	0.291660947319639
1.619	0.290134870333442
1.62	0.288598983347245
1.621	0.287053286361048
1.622	0.285497779374851
1.623	0.283932462388654
1.624	0.282357335402457
1.625	0.28077239841626
1.626	0.279177651430063
1.627	0.277573094443866
1.628	0.275958727457669
1.629	0.274334550471473
1.63	0.272700563485275
1.631	0.271056766499079
1.632	0.269403159512882
1.633	0.267739742526685
1.634	0.266066515540488
1.635	0.264383478554291
1.636	0.262690631568094
1.637	0.260987974581897
1.638	0.2592755075957
1.639	0.257553230609504
1.64	0.255821143623306
1.641	0.25407924663711
1.642	0.252327539650913
1.643	0.250566022664716
1.644	0.248794695678519
1.645	0.247013558692322
1.646	0.245222611706125
1.647	0.243421854719928
1.648	0.241611287733731
1.649	0.239790910747535
1.65	0.237960723761337
1.651	0.236120726775141
1.652	0.234270919788944
1.653	0.232411302802747
1.654	0.23054187581655
1.655	0.228662638830353
1.656	0.226773591844156
1.657	0.224874734857959
1.658	0.222966067871762
1.659	0.221047590885566
1.66	0.219119303899369
1.661	0.217181206913172
1.662	0.215233299926975
1.663	0.213275582940778
1.664	0.211308055954581
1.665	0.209330718968384
1.666	0.207343571982188
1.667	0.205346614995991
1.668	0.203339848009794
1.669	0.201323271023597
1.67	0.1992968840374
1.671	0.197260687051203
1.672	0.195214680065007
1.673	0.193158863078809
1.674	0.191093236092613
1.675	0.189017799106416
1.676	0.186932552120219
1.677	0.184837495134022
1.678	0.182732628147825
1.679	0.180617951161628
1.68	0.178493464175432
1.681	0.176359167189234
1.682	0.174215060203038
1.683	0.172061143216841
1.684	0.169897416230644
1.685	0.167723879244447
1.686	0.16554053225825
1.687	0.163347375272053
1.688	0.161144408285857
1.689	0.15893163129966
1.69	0.156709044313463
1.691	0.154476647327266
1.692	0.152234440341069
1.693	0.149982423354872
1.694	0.147720596368676
1.695	0.145448959382478
1.696	0.143167512396282
1.697	0.140876255410085
1.698	0.138575188423888
1.699	0.136264311437691
1.7	0.133943624451495
1.701	0.131613127465297
1.702	0.129272820479101
1.703	0.126922703492904
1.704	0.124562776506707
1.705	0.12219303952051
1.706	0.119813492534314
1.707	0.117424135548116
1.708	0.11502496856192
1.709	0.112615991575723
1.71	0.110197204589526
1.711	0.107768607603329
1.712	0.105330200617133
1.713	0.102881983630935
1.714	0.100423956644739
1.715	0.0979561196585417
1.716	0.0954784726723452
1.717	0.0929910156861481
1.718	0.0904937486999515
1.719	0.0879866717137545
1.72	0.0854697847275579
1.721	0.0829430877413608
1.722	0.0804065807551643
1.723	0.0778602637689672
1.724	0.0753041367827706
1.725	0.0727381997965735
1.726	0.070162452810377
1.727	0.0675768958241799
1.728	0.0649815288379834
1.729	0.0623763518517863
1.73	0.0597613648655897
1.731	0.0571365678793926
1.732	0.0545019608931961
1.733	0.051857543906999
1.734	0.0492033169208025
1.735	0.0465392799346054
1.736	0.0438654329484089
1.737	0.0411817759622118
1.738	0.0384883089760153
1.739	0.0357850319898182
1.74	0.0330719450036217
1.741	0.0303490480174246
1.742	0.0276163410312281
1.743	0.024873824045031
1.744	0.0221214970588345
1.745	0.0193593600726374
1.746	0.0165874130864409
1.747	0.0138056561002438
1.748	0.0110140891140473
1.749	0.00821271212785019
1.75	0.00540152514165371
1.751	0.00258052815545661
1.75191172691289	-1.64919536839298e-16
1.75191172691289	-1.64919536839298e-16
1.75191172691289	-1.64919536839298e-16
1.75191172691289	-1.64919536839298e-16
1.75191192288669	4.44444255824071e-07
1.752	0.000200154267788732
1.753	0.0024622601303785
1.754	0.00471455599296776
1.755	0.00695704185555753
1.756	0.0091897177181468
1.757	0.0114125835807366
1.758	0.0136256394433258
1.759	0.0158288853059156
1.76	0.0180223211685049
1.761	0.0202059470310946
1.762	0.0223797628936839
1.763	0.0245437687562737
1.764	0.026697964618863
1.765	0.0288423504814527
1.766	0.030976926344042
1.767	0.0331016922066318
1.768	0.0352166480692211
1.769	0.0373217939318108
1.77	0.0394171297944001
1.771	0.0415026556569899
1.772	0.0435783715195792
1.773	0.045644277382169
1.774	0.0477003732447583
1.775	0.0497466591073481
1.776	0.0517831349699374
1.777	0.0538098008325271
1.778	0.0558266566951164
1.779	0.0578337025577062
1.78	0.0598309384202955
1.781	0.0618183642828853
1.782	0.0637959801454746
1.783	0.0657637860080644
1.784	0.0677217818706537
1.785	0.0696699677332435
1.786	0.0716083435958328
1.787	0.0735369094584226
1.788	0.0754556653210119
1.789	0.0773646111836016
1.79	0.079263747046191
1.791	0.0811530729087808
1.792	0.0830325887713701
1.793	0.0849022946339594
1.794	0.0867621904965492
1.795	0.0886122763591386
1.796	0.0904525522217283
1.797	0.0922830180843177
1.798	0.0941036739469074
1.799	0.0959145198094968
1.8	0.0977155556720866
1.801	0.0995067815346759
1.802	0.101288197397266
1.803	0.103059803259855
1.804	0.104821599122445
1.805	0.106573584985034
1.806	0.108315760847624
1.807	0.110048126710213
1.808	0.111770682572803
1.809	0.113483428435392
1.81	0.115186364297982
1.811	0.116879490160572
1.812	0.118562806023161
1.813	0.120236311885751
1.814	0.121900007748341
1.815	0.12355389361093
1.816	0.12519796947352
1.817	0.126832235336109
1.818	0.128456691198699
1.819	0.130071337061288
1.82	0.131676172923878
1.821	0.133271198786467
1.822	0.134856414649057
1.823	0.136431820511647
1.824	0.137997416374236
1.825	0.139553202236826
1.826	0.141099178099415
1.827	0.142635343962005
1.828	0.144161699824595
1.829	0.145678245687184
1.83	0.147184981549774
1.831	0.148681907412363
1.832	0.150169023274953
1.833	0.151646329137543
1.834	0.153113825000132
1.835	0.154571510862722
1.836	0.156019386725311
1.837	0.157457452587901
1.838	0.158885708450491
1.839	0.16030415431308
1.84	0.16171279017567
1.841	0.163111616038259
1.842	0.164500631900849
1.843	0.165879837763439
1.844	0.167249233626028
1.845	0.168608819488618
1.846	0.169958595351207
1.847	0.171298561213797
1.848	0.172628717076387
1.849	0.173949062938976
1.85	0.175259598801566
1.851	0.176560324664155
1.852	0.177851240526745
1.853	0.179132346389335
1.854	0.180403642251924
1.855	0.181665128114514
1.856	0.182916803977104
1.857	0.184158669839693
1.858	0.185390725702283
1.859	0.186612971564872
1.86	0.187825407427462
1.861	0.189028033290052
1.862	0.190220849152641
1.863	0.191403855015231
1.864	0.192577050877821
1.865	0.19374043674041
1.866	0.194894012603
1.867	0.196037778465589
1.868	0.197171734328179
1.869	0.198295880190769
1.87	0.199410216053358
1.871	0.200514741915948
1.872	0.201609457778538
1.873	0.202694363641127
1.874	0.203769459503717
1.875	0.204834745366306
1.876	0.205890221228896
1.877	0.206935887091486
1.878	0.207971742954075
1.879	0.208997788816665
1.88	0.210014024679255
1.881	0.211020450541844
1.882	0.212017066404434
1.883	0.213003872267024
1.884	0.213980868129613
1.885	0.214948053992203
1.886	0.215905429854793
1.887	0.216852995717382
1.888	0.217790751579972
1.889	0.218718697442561
1.89	0.219636833305151
1.891	0.220545159167741
1.892	0.22144367503033
1.893	0.22233238089292
1.894	0.22321127675551
1.895	0.224080362618099
1.896	0.224939638480689
1.897	0.225789104343279
1.898	0.226628760205868
1.899	0.227458606068458
1.9	0.228278641931048
1.901	0.229088867793637
1.902	0.229889283656227
1.903	0.230679889518817
1.904	0.231460685381406
1.905	0.232231671243996
1.906	0.232992847106586
1.907	0.233744212969175
1.908	0.234485768831765
1.909	0.235217514694355
1.91	0.235939450556944
1.911	0.236651576419534
1.912	0.237353892282124
1.913	0.238046398144713
1.914	0.238729094007303
1.915	0.239401979869893
1.916	0.240065055732482
1.917	0.240718321595072
1.918	0.241361777457662
1.919	0.241995423320251
1.92	0.242619259182841
1.921	0.243233285045431
1.922	0.24383750090802
1.923	0.24443190677061
1.924	0.2450165026332
1.925	0.24559128849579
1.926	0.246156264358379
1.927	0.246711430220969
1.928	0.247256786083559
1.929	0.247792331946148
1.93	0.248318067808738
1.931	0.248833993671328
1.932	0.249340109533917
1.933	0.249836415396507
1.934	0.250322911259097
1.935	0.250799597121686
1.936	0.251266472984276
1.937	0.251723538846866
1.938	0.252170794709456
1.939	0.252608240572045
1.94	0.253035876434635
1.941	0.253453702297225
1.942	0.253861718159814
1.943	0.254259924022404
1.944	0.254648319884994
1.945	0.255026905747584
1.946	0.255395681610173
1.947	0.255754647472763
1.948	0.256103803335353
1.949	0.256443149197942
1.95	0.256772685060532
1.951	0.257092410923122
1.952	0.257402326785711
1.953	0.257702432648301
1.954	0.257992728510891
1.955	0.258273214373481
1.956	0.25854389023607
1.957	0.25880475609866
1.958	0.25905581196125
1.959	0.259297057823839
1.96	0.259528493686429
1.961	0.259750119549019
1.962	0.259961935411609
1.963	0.260163941274198
1.964	0.260356137136788
1.965	0.260538522999378
1.966	0.260711098861968
1.967	0.260873864724557
1.968	0.261026820587147
1.969	0.261169966449737
1.97	0.261303302312327
1.971	0.261426828174916
1.972	0.261540544037506
1.973	0.261644449900096
1.974	0.261738545762685
1.975	0.261822831625275
1.976	0.261897307487865
1.977	0.261961973350455
1.978	0.262016829213044
1.979	0.262061875075634
1.98	0.262097110938224
1.981	0.262122536800814
1.982	0.262138152663403
1.983	0.262143958525993
1.984	0.262139954388583
1.985	0.262126140251173
1.986	0.262102516113762
1.987	0.262069081976352
1.988	0.262025837838942
1.989	0.261972783701532
1.99	0.261909919564121
1.991	0.261837245426711
1.992	0.261754761289301
1.993	0.261662467151891
1.994	0.26156036301448
1.995	0.26144844887707
1.996	0.26132672473966
1.997	0.26119519060225
1.998	0.261053846464839
1.999	0.260902692327429
2	0.260741728190019
2.001	0.260570954052609
2.002	0.260390369915198
2.003	0.260199975777788
2.004	0.259999771640378
2.005	0.259789757502968
2.006	0.259569933365558
2.007	0.259340299228147
2.008	0.259100855090737
2.009	0.258851600953327
2.01	0.258592536815917
2.011	0.258323662678506
2.012	0.258044978541096
2.013	0.257756484403686
2.014	0.257458180266276
2.015	0.257150066128865
2.016	0.256832141991455
2.017	0.256504407854045
2.018	0.256166863716635
2.019	0.255819509579225
2.02	0.255462345441814
2.021	0.255095371304404
2.022	0.254718587166994
2.023	0.254331993029584
2.024	0.253935588892174
2.025	0.253529374754763
2.026	0.253113350617353
2.027	0.252687516479943
2.028	0.252251872342533
2.029	0.251806418205123
2.03	0.251351154067712
2.031	0.250886079930302
2.032	0.250411195792892
2.033	0.249926501655482
2.034	0.249431997518071
2.035	0.248927683380661
2.036	0.248413559243251
2.037	0.247889625105841
2.038	0.247355880968431
2.039	0.24681232683102
2.04	0.24625896269361
2.041	0.2456957885562
2.042	0.24512280441879
2.043	0.24454001028138
2.044	0.243947406143969
2.045	0.243344992006559
2.046	0.242732767869149
2.047	0.242110733731739
2.048	0.241478889594329
2.049	0.240837235456919
2.05	0.240185771319508
2.051	0.239524497182098
2.052	0.238853413044688
2.053	0.238172518907278
2.054	0.237481814769868
2.055	0.236781300632457
2.056	0.236070976495047
2.057	0.235350842357637
2.058	0.234620898220227
2.059	0.233881144082817
2.06	0.233131579945407
2.061	0.232372205807996
2.062	0.231603021670586
2.063	0.230824027533176
2.064	0.230035223395766
2.065	0.229236609258356
2.066	0.228428185120946
2.067	0.227609950983535
2.068	0.226781906846125
2.069	0.225944052708715
2.07	0.225096388571305
2.071	0.224238914433895
2.072	0.223371630296484
2.073	0.222494536159074
2.074	0.221607632021664
2.075	0.220710917884254
2.076	0.219804393746844
2.077	0.218888059609434
2.078	0.217961915472024
2.079	0.217025961334613
2.08	0.216080197197203
2.081	0.215124623059793
2.082	0.214159238922383
2.083	0.213184044784973
2.084	0.212199040647563
2.085	0.211204226510153
2.086	0.210199602372742
2.087	0.209185168235332
2.088	0.208160924097922
2.089	0.207126869960512
2.09	0.206083005823102
2.091	0.205029331685691
2.092	0.203965847548281
2.093	0.202892553410871
2.094	0.201809449273461
2.095	0.200716535136051
2.096	0.199613810998641
2.097	0.198501276861231
2.098	0.197378932723821
2.099	0.19624677858641
2.1	0.195104814449
2.101	0.19395304031159
2.102	0.19279145617418
2.103	0.19162006203677
2.104	0.19043885789936
2.105	0.18924784376195
2.106	0.18804701962454
2.107	0.186836385487129
2.108	0.185615941349719
2.109	0.184385687212309
2.11	0.183145623074899
2.111	0.181895748937489
2.112	0.180636064800079
2.113	0.179366570662669
2.114	0.178087266525259
2.115	0.176798152387848
2.116	0.175499228250438
2.117	0.174190494113028
2.118	0.172871949975618
2.119	0.171543595838208
2.12	0.170205431700798
2.121	0.168857457563388
2.122	0.167499673425978
2.123	0.166132079288567
2.124	0.164754675151157
2.125	0.163367461013747
2.126	0.161970436876337
2.127	0.160563602738927
2.128	0.159146958601517
2.129	0.157720504464107
2.13	0.156284240326697
2.131	0.154838166189286
2.132	0.153382282051876
2.133	0.151916587914466
2.134	0.150441083777057
2.135	0.148955769639646
2.136	0.147460645502236
2.137	0.145955711364826
2.138	0.144440967227416
2.139	0.142916413090006
2.14	0.141382048952596
2.141	0.139837874815186
2.142	0.138283890677776
2.143	0.136720096540365
2.144	0.135146492402955
2.145	0.133563078265545
2.146	0.131969854128135
2.147	0.130366819990725
2.148	0.128753975853315
2.149	0.127131321715905
2.15	0.125498857578495
2.151	0.123856583441084
2.152	0.122204499303674
2.153	0.120542605166265
2.154	0.118870901028855
2.155	0.117189386891444
2.156	0.115498062754034
2.157	0.113796928616624
2.158	0.112085984479214
2.159	0.110365230341804
2.16	0.108634666204394
2.161	0.106894292066984
2.162	0.105144107929574
2.163	0.103384113792163
2.164	0.101614309654754
2.165	0.0998346955173437
2.166	0.0980452713799338
2.167	0.0962460372425231
2.168	0.0944369931051133
2.169	0.0926181389677034
2.17	0.0907894748302935
2.171	0.0889510006928829
2.172	0.087102716555473
2.173	0.0852446224180631
2.174	0.0833767182806533
2.175	0.0814990041432426
2.176	0.0796114800058327
2.177	0.0777141458684229
2.178	0.075807001731013
2.179	0.0738900475936032
2.18	0.0719632834561925
2.181	0.0700267093187827
2.182	0.0680803251813728
2.183	0.066124131043963
2.184	0.0641581269065523
2.185	0.0621823127691424
2.186	0.0601966886317326
2.187	0.0582012544943228
2.188	0.0561960103569121
2.189	0.0541809562195023
2.19	0.0521560920820924
2.191	0.0501214179446826
2.192	0.0480769338072719
2.193	0.0460226396698621
2.194	0.0439585355324523
2.195	0.0418846213950425
2.196	0.0398008972576317
2.197	0.0377073631202219
2.198	0.0356040189828121
2.199	0.0334908648454023
2.2	0.0313679007079916
2.201	0.0292351265705818
2.202	0.027092542433172
2.203	0.0249401482957622
2.204	0.0227779441583514
2.205	0.0206059300209416
2.206	0.0184241058835318
2.207	0.0162324717461221
2.208	0.0140310276087113
2.209	0.0118197734713015
2.21	0.00959870933389174
2.211	0.00736783519648196
2.212	0.00512715105907119
2.213	0.00287665692166142
2.214	0.000616352784251644
2.21427193518492	-2.97153902156199e-16
2.21427193518492	-2.97153902156199e-16
2.21427193518492	-2.97153902156199e-16
2.21427193518492	-2.97153902156199e-16
2.21427218015217	4.44444149680053e-07
2.215	0.00131832902041086
2.216	0.0031205831616389
2.217	0.00491302730286612
2.218	0.00669566144409332
2.219	0.0084684855853205
2.22	0.0102314997265484
2.221	0.0119847038677756
2.222	0.0137280980090027
2.223	0.0154616821502298
2.224	0.0171854562914577
2.225	0.0188994204326847
2.226	0.0206035745739118
2.227	0.0222979187151388
2.228	0.0239824528563665
2.229	0.0256571769975935
2.23	0.0273220911388205
2.231	0.0289771952800474
2.232	0.030622489421275
2.233	0.0322579735625019
2.234	0.0338836477037288
2.235	0.0354995118449557
2.236	0.0371055659861832
2.237	0.0387018101274101
2.238	0.0402882442686368
2.239	0.0418648684098636
2.24	0.0434316825510911
2.241	0.0449886866923178
2.242	0.0465358808335445
2.243	0.0480732649747712
2.244	0.0496008391159986
2.245	0.0511186032572252
2.246	0.0526265573984519
2.247	0.0541247015396785
2.248	0.0556130356809058
2.249	0.0570915598221323
2.25	0.0585602739633589
2.251	0.0600191781045854
2.252	0.0614682722458126
2.253	0.0629075563870391
2.254	0.0643370305282656
2.255	0.065756694669492
2.256	0.0671665488107191
2.257	0.0685665929519455
2.258	0.0699568270931719
2.259	0.0713372512343983
2.26	0.0727078653756252
2.261	0.0740686695168516
2.262	0.0754196636580779
2.263	0.0767608477993042
2.264	0.078092221940531
2.265	0.0794137860817573
2.266	0.0807255402229835
2.267	0.0820274843642097
2.268	0.0833196185054365
2.269	0.0846019426466627
2.27	0.0858744567878889
2.271	0.087137160929115
2.272	0.0883900550703417
2.273	0.0896331392115677
2.274	0.0908664133527938
2.275	0.0920898774940199
2.276	0.0933035316352464
2.277	0.0945073757764725
2.278	0.0957014099176985
2.279	0.0968856340589244
2.28	0.0980600482001509
2.281	0.0992246523413768
2.282	0.100379446482603
2.283	0.101524430623829
2.284	0.102659604765055
2.285	0.103784968906281
2.286	0.104900523047507
2.287	0.106006267188733
2.288	0.107102201329959
2.289	0.108188325471185
2.29	0.10926463961241
2.291	0.110331143753636
2.292	0.111387837894862
2.293	0.112434722036088
2.294	0.113471796177314
2.295	0.114499060318539
2.296	0.115516514459765
2.297	0.116524158600991
2.298	0.117521992742217
2.299	0.118510016883442
2.3	0.119488231024668
2.301	0.120456635165894
2.302	0.121415229307119
2.303	0.122364013448345
2.304	0.123302987589571
2.305	0.124232151730796
2.306	0.125151505872021
2.307	0.126061050013247
2.308	0.126960784154472
2.309	0.127850708295698
2.31	0.128730822436923
2.311	0.129601126578149
2.312	0.130461620719374
2.313	0.1313123048606
2.314	0.132153179001825
2.315	0.13298424314305
2.316	0.133805497284275
2.317	0.134616941425501
2.318	0.135418575566726
2.319	0.136210399707951
2.32	0.136992413849176
2.321	0.137764617990402
2.322	0.138527012131627
2.323	0.139279596272852
2.324	0.140022370414077
2.325	0.140755334555303
2.326	0.141478488696528
2.327	0.142191832837753
2.328	0.142895366978978
2.329	0.143589091120203
2.33	0.144273005261428
2.331	0.144947109402653
2.332	0.145611403543878
2.333	0.146265887685103
2.334	0.146910561826328
2.335	0.147545425967553
2.336	0.148170480108777
2.337	0.148785724250002
2.338	0.149391158391227
2.339	0.149986782532452
2.34	0.150572596673677
2.341	0.151148600814902
2.342	0.151714794956126
2.343	0.152271179097351
2.344	0.152817753238576
2.345	0.153354517379801
2.346	0.153881471521025
2.347	0.15439861566225
2.348	0.154905949803474
2.349	0.155403473944699
2.35	0.155891188085924
2.351	0.156369092227148
2.352	0.156837186368373
2.353	0.157295470509598
2.354	0.157743944650822
2.355	0.158182608792046
2.356	0.158611462933271
2.357	0.159030507074496
2.358	0.15943974121572
2.359	0.159839165356944
2.36	0.160228779498169
2.361	0.160608583639393
2.362	0.160978577780617
2.363	0.161338761921842
2.364	0.161689136063066
2.365	0.16202970020429
2.366	0.162360454345515
2.367	0.162681398486739
2.368	0.162992532627963
2.369	0.163293856769187
2.37	0.163585370910411
2.371	0.163867075051636
2.372	0.16413896919286
2.373	0.164401053334084
2.374	0.164653327475308
2.375	0.164895791616532
2.376	0.165128445757756
2.377	0.16535128989898
2.378	0.165564324040204
2.379	0.165767548181428
2.38	0.165960962322652
2.381	0.166144566463876
2.382	0.1663183606051
2.383	0.166482344746324
2.384	0.166636518887548
2.385	0.166780883028772
2.386	0.166915437169995
2.387	0.167040181311219
2.388	0.167155115452443
2.389	0.167260239593667
2.39	0.16735555373489
2.391	0.167441057876114
2.392	0.167516752017338
2.393	0.167582636158562
2.394	0.167638710299785
2.395	0.167684974441009
2.396	0.167721428582233
2.397	0.167748072723456
2.398	0.16776490686468
2.399	0.167771931005903
2.4	0.167769145147127
2.401	0.16775654928835
2.402	0.167734143429574
2.403	0.167701927570797
2.404	0.167659901712021
2.405	0.167608065853244
2.406	0.167546419994468
2.407	0.167474964135691
2.408	0.167393698276914
2.409	0.167302622418138
2.41	0.167201736559361
2.411	0.167091040700584
2.412	0.166970534841808
2.413	0.166840218983031
2.414	0.166700093124254
2.415	0.166550157265477
2.416	0.166390411406701
2.417	0.166220855547924
2.418	0.166041489689147
2.419	0.16585231383037
2.42	0.165653327971593
2.421	0.165444532112816
2.422	0.165225926254039
2.423	0.164997510395262
2.424	0.164759284536485
2.425	0.164511248677708
2.426	0.164253402818931
2.427	0.163985746960154
2.428	0.163708281101377
2.429	0.1634210052426
2.43	0.163123919383823
2.431	0.162817023525046
2.432	0.162500317666269
2.433	0.162173801807492
2.434	0.161837475948715
2.435	0.161491340089937
2.436	0.16113539423116
2.437	0.160769638372383
2.438	0.160394072513606
2.439	0.160008696654828
2.44	0.159613510796051
2.441	0.159208514937274
2.442	0.158793709078496
2.443	0.158369093219719
2.444	0.157934667360942
2.445	0.157490431502164
2.446	0.157036385643387
2.447	0.156572529784609
2.448	0.156098863925832
2.449	0.155615388067054
2.45	0.155122102208277
2.451	0.154619006349499
2.452	0.154106100490722
2.453	0.153583384631944
2.454	0.153050858773166
2.455	0.152508522914389
2.456	0.151956377055611
2.457	0.151394421196834
2.458	0.150822655338056
2.459	0.150241079479278
2.46	0.1496496936205
2.461	0.149048497761723
2.462	0.148437491902945
2.463	0.147816676044167
2.464	0.147186050185389
2.465	0.146545614326612
2.466	0.145895368467833
2.467	0.145235312609056
2.468	0.144565446750278
2.469	0.1438857708915
2.47	0.143196285032722
2.471	0.142496989173944
2.472	0.141787883315166
2.473	0.141068967456388
2.474	0.14034024159761
2.475	0.139601705738832
2.476	0.138853359880054
2.477	0.138095204021276
2.478	0.137327238162498
2.479	0.136549462303719
2.48	0.135761876444941
2.481	0.134964480586163
2.482	0.134157274727385
2.483	0.133340258868607
2.484	0.132513433009829
2.485	0.13167679715105
2.486	0.130830351292272
2.487	0.129974095433494
2.488	0.129108029574715
2.489	0.128232153715937
2.49	0.127346467857159
2.491	0.12645097199838
2.492	0.125545666139602
2.493	0.124630550280824
2.494	0.123705624422045
2.495	0.122770888563266
2.496	0.121826342704488
2.497	0.12087198684571
2.498	0.119907820986931
2.499	0.118933845128152
2.5	0.117950059269374
2.501	0.116956463410595
2.502	0.115953057551816
2.503	0.114939841693038
2.504	0.113916815834259
2.505	0.112883979975481
2.506	0.111841334116702
2.507	0.110788878257923
2.508	0.109726612399144
2.509	0.108654536540366
2.51	0.107572650681587
2.511	0.106480954822808
2.512	0.105379448964029
2.513	0.104268133105251
2.514	0.103147007246471
2.515	0.102016071387692
2.516	0.100875325528914
2.517	0.0997247696701349
2.518	0.0985644038113555
2.519	0.0973942279525767
2.52	0.0962142420937978
2.521	0.0950244462350189
2.522	0.0938248403762395
2.523	0.0926154245174605
2.524	0.0913961986586816
2.525	0.0901671627999026
2.526	0.0889283169411231
2.527	0.087679661082344
2.528	0.086421195223565
2.529	0.085152919364786
2.53	0.0838748335060063
2.531	0.0825869376472272
2.532	0.0812892317884481
2.533	0.079981715929669
2.534	0.0786643900708892
2.535	0.0773372542121101
2.536	0.0760003083533309
2.537	0.0746535524945516
2.538	0.0732969866357718
2.539	0.0719306107769926
2.54	0.0705544249182133
2.541	0.069168429059434
2.542	0.0677726232006541
2.543	0.0663670073418747
2.544	0.0649515814830954
2.545	0.063526345624316
2.546	0.0620912997655359
2.547	0.0606464439067565
2.548	0.0591917780479771
2.549	0.0577273021891976
2.55	0.0562530163304175
2.551	0.054768920471638
2.552	0.0532750146128585
2.553	0.051771298754079
2.554	0.0502577728952987
2.555	0.0487344370365192
2.556	0.0472012911777396
2.557	0.0456583353189599
2.558	0.0441055694601796
2.559	0.0425429936014
2.56	0.0409706077426203
2.561	0.0393884118838406
2.562	0.0377964060250609
2.563	0.0361945901662804
2.564	0.0345829643075007
2.565	0.0329615284487209
2.566	0.0313302825899411
2.567	0.0296892267311605
2.568	0.0280383608723807
2.569	0.0263776850136008
2.57	0.024707199154821
2.571	0.0230269032960403
2.572	0.0213367974372604
2.573	0.0196368815784805
2.574	0.0179271557197005
2.575	0.0162076198609198
2.576	0.0144782740021398
2.577	0.0127391181433597
2.578	0.0109901522845797
2.579	0.00923137642579886
2.58	0.00746279056701878
2.581	0.00568439470823868
2.582	0.00389618884945857
2.583	0.00209817299067763
2.584	0.000290347131897467
2.58416010176178	-2.68332240930277e-18
2.58416010176178	-2.68332240930277e-18
2.58416010176178	-2.68332240930277e-18
2.58416010176178	-2.68332240930277e-18
2.58416040797085	4.44443984505209e-07
2.585	0.00121560274824865
2.586	0.00265389951197982
2.587	0.00408238627571169
2.588	0.00550106303944303
2.589	0.00690992980317452
2.59	0.0083089865669062
2.591	0.00969823333063874
2.592	0.0110776700943709
2.593	0.0124472968581035
2.594	0.0138071136218364
2.595	0.0151571203855703
2.596	0.0164973171493041
2.597	0.0178277039130384
2.598	0.0191482806767732
2.599	0.0204590474405093
2.6	0.0217600042042453
2.601	0.0230511509679821
2.602	0.0243324877317196
2.603	0.0256040144954584
2.604	0.0268657312591975
2.605	0.0281176380229374
2.606	0.0293597347866783
2.607	0.0305920215504206
2.608	0.0318144983141634
2.609	0.0330271650779072
2.61	0.0342300218416521
2.611	0.0354230686053987
2.612	0.0366063053691459
2.613	0.0377797321328943
2.614	0.038943348896644
2.615	0.0400971556603955
2.616	0.0412411524241478
2.617	0.0423753391879015
2.618	0.0434997159516567
2.619	0.0446142827154139
2.62	0.045719039479172
2.621	0.0468139862429318
2.622	0.0478991230066932
2.623	0.0489744497704567
2.624	0.0500399665342214
2.625	0.0510956732979879
2.626	0.0521415700617561
2.627	0.0531776568255267
2.628	0.0542039335892987
2.629	0.0552204003530726
2.63	0.0562270571168485
2.631	0.0572239038806269
2.632	0.0582109406444069
2.633	0.0591881674081889
2.634	0.0601555841719731
2.635	0.06111319093576
2.636	0.0620609876995486
2.637	0.0629989744633396
2.638	0.0639271512271328
2.639	0.0648455179909289
2.64	0.0657540747547269
2.641	0.0666528215185274
2.642	0.0675417582823304
2.643	0.0684208850461364
2.644	0.0692902018099445
2.645	0.0701497085737553
2.646	0.0709994053375688
2.647	0.0718392921013854
2.648	0.0726693688652043
2.649	0.0734896356290261
2.65	0.0743000923928508
2.651	0.0751007391566787
2.652	0.0758915759205091
2.653	0.0766726026843426
2.654	0.0774438194481792
2.655	0.0782052262120191
2.656	0.0789568229758618
2.657	0.0796986097397077
2.658	0.0804305865035568
2.659	0.0811527532674095
2.66	0.0818651100312652
2.661	0.0825676567951242
2.662	0.0832603935589867
2.663	0.0839433203228528
2.664	0.0846164370867221
2.665	0.085279743850595
2.666	0.0859332406144714
2.667	0.0865769273783518
2.668	0.0872108041422355
2.669	0.0878348709061229
2.67	0.088449127670014
2.671	0.0890535744339093
2.672	0.089648211197808
2.673	0.0902330379617107
2.674	0.0908080547256173
2.675	0.0913732614895281
2.676	0.0919286582534427
2.677	0.0924742450173613
2.678	0.093010021781284
2.679	0.0935359885452111
2.68	0.0940521453091422
2.681	0.0945584920730775
2.682	0.0950550288370171
2.683	0.0955417556009612
2.684	0.0960186723649095
2.685	0.0964857791288622
2.686	0.0969430758928194
2.687	0.0973905626567812
2.688	0.0978282394207474
2.689	0.0982561061847182
2.69	0.0986741629486937
2.691	0.0990824097126738
2.692	0.0994808464766588
2.693	0.0998694732406484
2.694	0.100248290004643
2.695	0.100617296768642
2.696	0.100976493532646
2.697	0.101325880296656
2.698	0.10166545706067
2.699	0.101995223824689
2.7	0.102315180588713
2.701	0.102625327352743
2.702	0.102925664116777
2.703	0.103216190880817
2.704	0.103496907644862
2.705	0.103767814408912
2.706	0.104028911172968
2.707	0.104280197937029
2.708	0.104521674701095
2.709	0.104753341465167
2.71	0.104975198229245
2.711	0.105187244993328
2.712	0.105389481757417
2.713	0.105581908521511
2.714	0.105764525285611
2.715	0.105937332049717
2.716	0.106100328813828
2.717	0.106253515577946
2.718	0.106396892342069
2.719	0.106530459106198
2.72	0.106654215870333
2.721	0.106768162634475
2.722	0.106872299398622
2.723	0.106966626162775
2.724	0.107051142926935
2.725	0.1071258496911
2.726	0.107190746455272
2.727	0.10724583321945
2.728	0.107291109983635
2.729	0.107326576747826
2.73	0.107352233512023
2.731	0.107368080276227
2.732	0.107374117040437
2.733	0.107370343804654
2.734	0.107356760568877
2.735	0.107333367333107
2.736	0.107300164097344
2.737	0.107257150861587
2.738	0.107204327625837
2.739	0.107141694390094
2.74	0.107069251154358
2.741	0.106986997918629
2.742	0.106894934682907
2.743	0.106793061447191
2.744	0.106681378211483
2.745	0.106559884975782
2.746	0.106428581740088
2.747	0.106287468504401
2.748	0.106136545268721
2.749	0.105975812033048
2.75	0.105805268797383
2.751	0.105624915561725
2.752	0.105434752326075
2.753	0.105234779090432
2.754	0.105024995854796
2.755	0.104805402619168
2.756	0.104575999383548
2.757	0.104336786147935
2.758	0.10408776291233
2.759	0.103828929676732
2.76	0.103560286441143
2.761	0.103281833205561
2.762	0.102993569969987
2.763	0.10269549673442
2.764	0.102387613498862
2.765	0.102069920263312
2.766	0.101742417027769
2.767	0.101405103792235
2.768	0.101057980556709
2.769	0.100701047321191
2.77	0.100334304085681
2.771	0.0999577508501793
2.772	0.0995713876146858
2.773	0.0991752143792008
2.774	0.0987692311437242
2.775	0.0983534379082559
2.776	0.097927834672796
2.777	0.0974924214373447
2.778	0.097047198201902
2.779	0.0965921649664679
2.78	0.0961273217310422
2.781	0.0956526684956253
2.782	0.0951682052602172
2.783	0.0946739320248179
2.784	0.0941698487894271
2.785	0.0936559555540455
2.786	0.0931322523186727
2.787	0.0925987390833089
2.788	0.0920554158479538
2.789	0.091502282612608
2.79	0.0909393393772712
2.791	0.0903665861419436
2.792	0.0897840229066249
2.793	0.0891916496713157
2.794	0.0885894664360157
2.795	0.087977473200725
2.796	0.0873556699654434
2.797	0.0867240567301714
2.798	0.0860826334949089
2.799	0.0854314002596559
2.8	0.084770357024412
2.801	0.0840995037891781
2.802	0.0834188405539537
2.803	0.082728367318739
2.804	0.0820280840835338
2.805	0.0813179908483385
2.806	0.080598087613153
2.807	0.0798683743779774
2.808	0.0791288511428113
2.809	0.0783795179076554
2.81	0.0776203746725096
2.811	0.0768514214373737
2.812	0.0760726582022475
2.813	0.0752840849671318
2.814	0.0744857017320262
2.815	0.0736775084969308
2.816	0.0728595052618457
2.817	0.0720316920267705
2.818	0.0711940687917059
2.819	0.0703466355566517
2.82	0.0694893923216079
2.821	0.0686223390865742
2.822	0.0677454758515514
2.823	0.0668588026165391
2.824	0.0659623193815373
2.825	0.0650560261465459
2.826	0.0641399229115655
2.827	0.0632140096765958
2.828	0.0622782864416369
2.829	0.0613327532066884
2.83	0.0603774099717511
2.831	0.0594122567368248
2.832	0.0584372935019093
2.833	0.0574525202670045
2.834	0.0564579370321111
2.835	0.0554535437972288
2.836	0.0544393405623575
2.837	0.0534153273274971
2.838	0.0523815040926482
2.839	0.0513378708578106
2.84	0.0502844276229844
2.841	0.0492211743881689
2.842	0.0481481111533654
2.843	0.0470652379185733
2.844	0.0459725546837926
2.845	0.044870061449023
2.846	0.0437577582142654
2.847	0.0426356449795195
2.848	0.0415037217447851
2.849	0.0403619885100621
2.85	0.0392104452753512
2.851	0.0380490920406521
2.852	0.0368779288059649
2.853	0.0356969555712889
2.854	0.0345061723366254
2.855	0.033305579101974
2.856	0.0320951758673345
2.857	0.0308749626327065
2.858	0.0296449393980912
2.859	0.028405106163488
2.86	0.0271554629288969
2.861	0.0258960096943176
2.862	0.0246267464597511
2.863	0.0233476732251969
2.864	0.0220587899906551
2.865	0.0207600967561251
2.866	0.0194515935216081
2.867	0.0181332802871036
2.868	0.0168051570526117
2.869	0.0154672238181317
2.87	0.014119480583665
2.871	0.012761927349211
2.872	0.0113945641147696
2.873	0.0100173908803405
2.874	0.00863040764592469
2.875	0.00723361441152176
2.876	0.00582701117713179
2.877	0.00441059794275407
2.878	0.00298437470838995
2.879	0.00154834147403894
2.88	0.000102498239700934
2.881	-0.00135315499462461
2.882	-0.00281861822893626
2.883	-0.00429389146323479
2.884	-0.00577897469752006
2.885	-0.00727386793179262
2.886	-0.00877857116605126
2.887	-0.0102930844002965
2.888	-0.0118174076345283
2.889	-0.0133515408687473
2.89	-0.0148954841029521
2.891	-0.0164492373371433
2.892	-0.018012800571321
2.893	-0.0195861738054857
2.894	-0.021169357039636
2.895	-0.0227623502737725
2.896	-0.0243651535078953
2.897	-0.0259777667420049
2.898	-0.0276001899761
2.899	-0.0292324232101812
2.9	-0.0308744664442484
2.901	-0.0325263196783023
2.902	-0.0341879829123415
2.903	-0.0358594561463665
2.904	-0.0375407393803774
2.905	-0.0392318326143749
2.906	-0.0409327358483573
2.907	-0.0426434490823256
2.908	-0.0443639723162795
2.909	-0.0460943055502197
2.91	-0.0478344487841449
2.911	-0.0495844020180556
2.912	-0.0513441652519518
2.913	-0.0531137384858342
2.914	-0.0548931217197013
2.915	-0.0566823149535537
2.916	-0.0584813181873915
2.917	-0.0602901314212154
2.918	-0.0621087546550236
2.919	-0.0639371878888171
2.92	-0.0657754311225958
2.921	-0.0676234843563603
2.922	-0.0694813475901091
2.923	-0.071349020823843
2.924	-0.0732265040575617
2.925	-0.0751137972912663
2.926	-0.0770109005249549
2.927	-0.0789178137586283
2.928	-0.0808345369922866
2.929	-0.0827610702259304
2.93	-0.0846974134595581
2.931	-0.0866435666931705
2.932	-0.0885995299267675
2.933	-0.0905653031603498
2.934	-0.0925408863939159
2.935	-0.0945262796274665
2.936	-0.0965214828610015
2.937	-0.0985264960945218
2.938	-0.100541319328026
2.939	-0.102565952561514
2.94	-0.104600395794986
2.941	-0.106644649028443
2.942	-0.108698712261884
2.943	-0.110762585495309
2.944	-0.112836268728718
2.945	-0.114919761962111
2.946	-0.117013065195489
2.947	-0.11911617842885
2.948	-0.121229101662194
2.949	-0.123351834895523
2.95	-0.125484378128837
2.951	-0.127626731362133
2.952	-0.129778894595413
2.953	-0.131940867828676
2.954	-0.134112651061925
2.955	-0.136294244295156
2.956	-0.13848564752837
2.957	-0.140686860761568
2.958	-0.14289788399475
2.959	-0.145118717227915
2.96	-0.147349360461064
2.961	-0.149589813694195
2.962	-0.151840076927311
2.963	-0.154100150160409
2.964	-0.15637003339349
2.965	-0.158649726626555
2.966	-0.160939229859603
2.967	-0.163238543092634
2.968	-0.165547666325648
2.969	-0.167866599558644
2.97	-0.170195342791625
2.971	-0.172533896024587
2.972	-0.174882259257532
2.973	-0.17724043249046
2.974	-0.179608415723372
2.975	-0.181986208956266
2.976	-0.184373812189142
2.977	-0.186771225422001
2.978	-0.189178448654843
2.979	-0.191595481887667
2.98	-0.194022325120473
2.981	-0.196458978353262
2.982	-0.198905441586035
2.983	-0.201361714818788
2.984	-0.203827798051524
2.985	-0.206303691284242
2.986	-0.208789394516944
2.987	-0.211284907749626
2.988	-0.213790230982291
2.989	-0.216305364214938
2.99	-0.218830307447567
2.991	-0.221365060680178
2.992	-0.223909623912771
2.993	-0.226463997145346
2.994	-0.229028180377903
2.995	-0.231602173610442
2.996	-0.234185976842962
2.997	-0.236779590075464
2.998	-0.239383013307948
2.999	-0.241996246540413
3	-0.24461928977286
