0	293.150098599995
0.001	293.24859507
0.002	293.34718028
0.003	293.445755632025
0.004	293.544321127509
0.005	293.642876765772
0.006	293.648654868611
0.007	293.647205075631
0.008	293.645755427652
0.009	293.644305924673
0.01	293.642856566694
0.011	293.641407353716
0.012	293.639958285739
0.013	293.638509362762
0.014	293.637060584785
0.015	293.635611951809
0.016	293.634163463834
0.017	293.632715120859
0.018	293.631266922884
0.019	293.62981886991
0.02	293.628370961937
0.021	293.626923198964
0.022	293.625475580991
0.023	293.624028108019
0.024	293.622580780047
0.025	293.621133597076
0.026	293.619686556649
0.027	293.618239660352
0.028	293.616792908764
0.029	293.615346301884
0.03	293.613899839712
0.031	293.612453522249
0.032	293.611007349495
0.033	293.609561321449
0.034	293.608115438111
0.035	293.606669699482
0.036	293.605224105562
0.037	293.603778656349
0.038	293.602333351846
0.039	293.60088819205
0.04	293.599443176964
0.041	293.597998306585
0.042	293.596553580916
0.043	293.595108999954
0.044	293.593664563701
0.045	293.592220272157
0.046	293.590776123328
0.047	293.589332117928
0.048	293.587888256944
0.049	293.586444540378
0.05	293.585000968229
0.051	293.583557540498
0.052	293.582114257183
0.053	293.580671118286
0.054	293.579228123806
0.055	293.577785273744
0.056	293.576342568098
0.057	293.57490000687
0.058	293.573457590059
0.059	293.572015317666
0.06	293.570573189689
0.061	293.56913120613
0.062	293.567689366988
0.063	293.566247672264
0.064	293.564806121956
0.065	293.563364716066
0.066	293.56192345311
0.067	293.56048233283
0.068	293.559041356676
0.069	293.557600524648
0.07	293.556159836746
0.071	293.554719292971
0.072	293.553278893323
0.073	293.5518386378
0.074	293.550398526404
0.075	293.548958559135
0.076	293.547518735991
0.077	293.546079056974
0.078	293.544639522083
0.079	293.543200131319
0.08	293.541760884681
0.081	293.540321782169
0.082	293.538882823784
0.083	293.537444009525
0.084	293.536005339392
0.085	293.534566813386
0.086	293.533128430582
0.087	293.531690189658
0.088	293.530252092569
0.089	293.528814139316
0.09	293.527376329899
0.091	293.525938664317
0.092	293.524501142571
0.093	293.523063764661
0.094	293.521626530587
0.095	293.520189440348
0.096	293.518752493945
0.097	293.517315691378
0.098	293.515879032647
0.099	293.514442517751
0.1	293.513006146691
0.101	293.511569919467
0.102	293.510133836078
0.103	293.508697896526
0.104	293.507262100809
0.105	293.505826448927
0.106	293.504390940566
0.107	293.502955573244
0.108	293.501520349469
0.109	293.500085269238
0.11	293.498650332553
0.111	293.497215539414
0.112	293.49578088982
0.113	293.494346383771
0.114	293.492912021268
0.115	293.49147780231
0.116	293.490043726898
0.117	293.488609795031
0.118	293.48717600671
0.119	293.485742361934
0.12	293.484308860703
0.121	293.482875503018
0.122	293.481442288879
0.123	293.480009218284
0.124	293.478576291236
0.125	293.477143507732
0.126	293.475710867774
0.127	293.474278368651
0.128	293.472846012448
0.129	293.4714137995
0.13	293.469981729807
0.131	293.46854980337
0.132	293.467118020188
0.133	293.465686380262
0.134	293.464254883591
0.135	293.462823530176
0.136	293.461392320016
0.137	293.459961253111
0.138	293.458530329462
0.139	293.457099549069
0.14	293.455668911931
0.141	293.454238418048
0.142	293.452808067421
0.143	293.451377860049
0.144	293.449947795933
0.145	293.448517875072
0.146	293.447088097467
0.147	293.445658461169
0.148	293.444228966809
0.149	293.442799615414
0.15	293.441370406985
0.151	293.439941341523
0.152	293.438512419025
0.153	293.437083639494
0.154	293.435655002928
0.155	293.434226509328
0.156	293.432798158694
0.157	293.431369951026
0.158	293.429941886324
0.159	293.428513964587
0.16	293.427086185816
0.161	293.425658550011
0.162	293.424231057171
0.163	293.422803707297
0.164	293.42137650039
0.165	293.419949436447
0.166	293.418522515471
0.167	293.417095736318
0.168	293.415669098084
0.169	293.414242602526
0.17	293.412816249644
0.171	293.411390039439
0.172	293.40996397191
0.173	293.408538047058
0.174	293.407112264882
0.175	293.405686625382
0.176	293.404261128559
0.177	293.402835774412
0.178	293.401410562942
0.179	293.399985494148
0.18	293.39856056803
0.181	293.397135784589
0.182	293.395711143824
0.183	293.394286645736
0.184	293.392862290324
0.185	293.391438077588
0.186	293.390014007529
0.187	293.388590079847
0.188	293.387166292033
0.189	293.385742646606
0.19	293.384319143566
0.191	293.382895782914
0.192	293.381472564649
0.193	293.380049488772
0.194	293.378626555281
0.195	293.377203764179
0.196	293.375781115463
0.197	293.374358609135
0.198	293.372936245194
0.199	293.371514023641
0.2	293.370091944474
0.201	293.368670007696
0.202	293.367248213304
0.203	293.3658265613
0.204	293.364405051683
0.205	293.362983684454
0.206	293.361562459612
0.207	293.360141377157
0.208	293.358720434646
0.209	293.357299633656
0.21	293.355878974765
0.211	293.354458457973
0.212	293.353038083279
0.213	293.351617850684
0.214	293.350197760187
0.215	293.348777811789
0.216	293.347358005489
0.217	293.345938341288
0.218	293.344518819186
0.219	293.343099439182
0.22	293.341680201277
0.221	293.34026110547
0.222	293.338842151762
0.223	293.337423340153
0.224	293.336004670642
0.225	293.33458614323
0.226	293.333167757916
0.227	293.331749514701
0.228	293.330331412139
0.229	293.328913449904
0.23	293.32749562948
0.231	293.326077950865
0.232	293.324660414061
0.233	293.323243019067
0.234	293.321825765884
0.235	293.32040865451
0.236	293.318991684946
0.237	293.317574857193
0.238	293.31615817125
0.239	293.314741627117
0.24	293.313325224794
0.241	293.311908964281
0.242	293.310492845578
0.243	293.309076868685
0.244	293.307661033603
0.245	293.306245340331
0.246	293.304829788868
0.247	293.303414379216
0.248	293.301999110955
0.249	293.300583981805
0.25	293.299168994177
0.251	293.297754148071
0.252	293.296339443487
0.253	293.294924880425
0.254	293.293510458885
0.255	293.292096178867
0.256	293.290682040371
0.257	293.289268043397
0.258	293.287854187945
0.259	293.286440474015
0.26	293.285026901607
0.261	293.283613470721
0.262	293.282200181357
0.263	293.280787033515
0.264	293.279374027195
0.265	293.277961162397
0.266	293.27654843912
0.267	293.275135857366
0.268	293.273723417134
0.269	293.27231111604
0.27	293.27089895555
0.271	293.269486936294
0.272	293.268075058272
0.273	293.266663321484
0.274	293.265251725931
0.275	293.263840271611
0.276	293.262428958526
0.277	293.261017786675
0.278	293.259606756058
0.279	293.258195866675
0.28	293.256785118527
0.281	293.255374511612
0.282	293.253964045932
0.283	293.252553721486
0.284	293.251143538274
0.285	293.249733496296
0.286	293.248323595552
0.287	293.246913836043
0.288	293.245504217768
0.289	293.244094739519
0.29	293.242685400519
0.291	293.241276202466
0.292	293.23986714536
0.293	293.2384582292
0.294	293.237049453988
0.295	293.235640819721
0.296	293.234232326402
0.297	293.232823974029
0.298	293.231415762602
0.299	293.230007692122
0.3	293.228599762589
0.301	293.227191974003
0.302	293.225784326363
0.303	293.224376819669
0.304	293.222969453923
0.305	293.221562229123
0.306	293.22015514527
0.307	293.218748202363
0.308	293.217341400403
0.309	293.215934739374
0.31	293.21452821623
0.311	293.213121833745
0.312	293.21171559192
0.313	293.210309490754
0.314	293.208903530247
0.315	293.2074977104
0.316	293.206092031212
0.317	293.204686492684
0.318	293.203281094815
0.319	293.201875837605
0.32	293.200470721055
0.321	293.199065745165
0.322	293.197660909933
0.323	293.196256215361
0.324	293.194851661449
0.325	293.193447248196
0.326	293.192042975602
0.327	293.190638843668
0.328	293.189234852393
0.329	293.187831001777
0.33	293.186427290052
0.331	293.185023717512
0.332	293.183620285344
0.333	293.182216993549
0.334	293.180813842126
0.335	293.179410831075
0.336	293.178007960398
0.337	293.176605230092
0.338	293.175202640159
0.339	293.173800190599
0.34	293.172397881411
0.341	293.170995712596
0.342	293.169593684153
0.343	293.168191796083
0.344	293.166790048385
0.345	293.165388441059
0.346	293.163986974106
0.347	293.162585647526
0.348	293.161184461318
0.349	293.159783415483
0.35	293.158382509582
0.351	293.156981741374
0.352	293.155581113252
0.353	293.154180625216
0.354	293.152780277266
0.355	293.151380069402
0.356	293.149980001624
0.357	293.148580073931
0.358	293.147180286324
0.359	293.145780638804
0.36	293.144381131369
0.361	293.14298176402
0.362	293.141582536757
0.363	293.14018344958
0.364	293.138784502489
0.365	293.137385695483
0.366	293.135987028564
0.367	293.13458850173
0.368	293.133190114983
0.369	293.131791868321
0.37	293.130393761745
0.371	293.128995793164
0.372	293.127597963488
0.373	293.126200273612
0.374	293.124802723535
0.375	293.123405313257
0.376	293.122008042779
0.377	293.120610912101
0.378	293.119213921222
0.379	293.117817070143
0.38	293.116420358864
0.381	293.115023787384
0.382	293.113627355704
0.383	293.112231063823
0.384	293.110834911742
0.385	293.109438899461
0.386	293.108043026979
0.387	293.106647294297
0.388	293.105251701414
0.389	293.103856248331
0.39	293.102460935047
0.391	293.101065760937
0.392	293.099670724118
0.393	293.098275826812
0.394	293.096881069021
0.395	293.095486450742
0.396	293.094091971978
0.397	293.092697632727
0.398	293.09130343299
0.399	293.089909372766
0.4	293.088515452056
0.401	293.087121670859
0.402	293.085728029176
0.403	293.084334527007
0.404	293.082941164351
0.405	293.081547941209
0.406	293.080154857581
0.407	293.078761913466
0.408	293.077369108864
0.409	293.075976443777
0.41	293.074583918203
0.411	293.073191532142
0.412	293.071799283431
0.413	293.07040717312
0.414	293.069015202038
0.415	293.067623370183
0.416	293.066231677555
0.417	293.064840124156
0.418	293.063448709985
0.419	293.062057435042
0.42	293.060666299326
0.421	293.059275302839
0.422	293.057884445579
0.423	293.056493727548
0.424	293.055103148744
0.425	293.053712709168
0.426	293.05232240882
0.427	293.0509322477
0.428	293.049542225808
0.429	293.048152343144
0.43	293.046762599708
0.431	293.0453729955
0.432	293.043983529942
0.433	293.04259420106
0.434	293.041205011121
0.435	293.039815960125
0.436	293.038427048071
0.437	293.03703827496
0.438	293.035649640791
0.439	293.034261145565
0.44	293.032872789281
0.441	293.03148457194
0.442	293.030096493541
0.443	293.028708554085
0.444	293.027320753572
0.445	293.025933092001
0.446	293.024545569372
0.447	293.023158185686
0.448	293.021770940943
0.449	293.020383835142
0.45	293.018996868284
0.451	293.017610040368
0.452	293.016223351395
0.453	293.014836799378
0.454	293.013450385029
0.455	293.012064109339
0.456	293.010677972305
0.457	293.00929197393
0.458	293.007906114211
0.459	293.00652039315
0.46	293.005134810747
0.461	293.003749367001
0.462	293.002364061912
0.463	293.000978895482
0.464	292.999593867708
0.465	292.998208978592
0.466	292.996824228133
0.467	292.995439616332
0.468	292.994055143189
0.469	292.992670808702
0.47	292.991286612874
0.471	292.989902555702
0.472	292.988518637189
0.473	292.987134857042
0.474	292.985751212743
0.475	292.984367706816
0.476	292.982984339262
0.477	292.981601110081
0.478	292.980218019273
0.479	292.978835066837
0.48	292.977452252774
0.481	292.976069577084
0.482	292.974687039766
0.483	292.973304640821
0.484	292.971922380249
0.485	292.970540258049
0.486	292.969158274222
0.487	292.967776428768
0.488	292.966394721687
0.489	292.965013152978
0.49	292.963631722642
0.491	292.962250430679
0.492	292.960869277089
0.493	292.959488261871
0.494	292.958107383463
0.495	292.956726641771
0.496	292.955346038167
0.497	292.953965572651
0.498	292.952585245223
0.499	292.951205055884
0.5	292.949825004633
0.501	292.94844509147
0.502	292.947065316395
0.503	292.945685679409
0.504	292.944306180511
0.505	292.942926819701
0.506	292.941547596979
0.507	292.940168512346
0.508	292.938789565801
0.509	292.937410757344
0.51	292.936032086976
0.511	292.934653554695
0.512	292.933275160503
0.513	292.931896904399
0.514	292.930518786384
0.515	292.929140803637
0.516	292.927762958464
0.517	292.926385251096
0.518	292.925007681531
0.519	292.923630249771
0.52	292.922252955815
0.521	292.920875799663
0.522	292.919498781315
0.523	292.918121900771
0.524	292.916745158032
0.525	292.915368553096
0.526	292.913992085965
0.527	292.912615756637
0.528	292.911239565114
0.529	292.909863511395
0.53	292.90848759548
0.531	292.907111817369
0.532	292.905736177062
0.533	292.904360674559
0.534	292.90298530986
0.535	292.901610082066
0.536	292.900234989819
0.537	292.898860035092
0.538	292.897485217885
0.539	292.896110538198
0.54	292.894735996032
0.541	292.893361591385
0.542	292.89198732426
0.543	292.890613194654
0.544	292.889239202568
0.545	292.887865348003
0.546	292.886491630958
0.547	292.885118051434
0.548	292.883744609429
0.549	292.882371304945
0.55	292.880998137981
0.551	292.879625108538
0.552	292.878252216614
0.553	292.876879462211
0.554	292.875506845328
0.555	292.874134365966
0.556	292.872762022118
0.557	292.871389814537
0.558	292.870017744193
0.559	292.868645811086
0.56	292.867274015215
0.561	292.865902356581
0.562	292.864530835184
0.563	292.863159451023
0.564	292.8617882041
0.565	292.860417094412
0.566	292.859046121962
0.567	292.857675286748
0.568	292.856304588771
0.569	292.854934028031
0.57	292.853563604527
0.571	292.852193318261
0.572	292.85082316923
0.573	292.849453157437
0.574	292.84808328288
0.575	292.84671354556
0.576	292.845343945466
0.577	292.843974479548
0.578	292.842605150584
0.579	292.841235958573
0.58	292.839866903516
0.581	292.838497985412
0.582	292.837129204261
0.583	292.835760560065
0.584	292.834392052821
0.585	292.833023682531
0.586	292.831655449195
0.587	292.830287352812
0.588	292.828919393382
0.589	292.827551570906
0.59	292.826183885384
0.591	292.824816336815
0.592	292.823448925199
0.593	292.822081650537
0.594	292.820714512829
0.595	292.819347512074
0.596	292.817980648272
0.597	292.816613920461
0.598	292.815247327405
0.599	292.813880871019
0.6	292.812514551304
0.601	292.81114836826
0.602	292.809782321886
0.603	292.808416412183
0.604	292.80705063915
0.605	292.805685002788
0.606	292.804319503096
0.607	292.802954140075
0.608	292.801588913725
0.609	292.800223824045
0.61	292.798858871036
0.611	292.797494054697
0.612	292.796129375029
0.613	292.794764832031
0.614	292.793400425704
0.615	292.792036156047
0.616	292.790672023061
0.617	292.789308026746
0.618	292.78794416522
0.619	292.786580439
0.62	292.785216849168
0.621	292.783853395724
0.622	292.782490078668
0.623	292.781126898
0.624	292.77976385372
0.625	292.778400945827
0.626	292.777038174323
0.627	292.775675539207
0.628	292.774313040478
0.629	292.772950678138
0.63	292.771588452185
0.631	292.770226362621
0.632	292.768864409444
0.633	292.767502592655
0.634	292.766140912254
0.635	292.764779368241
0.636	292.763417960616
0.637	292.762056689379
0.638	292.76069555453
0.639	292.759334553311
0.64	292.757973687914
0.641	292.756612958622
0.642	292.755252365436
0.643	292.753891908356
0.644	292.752531587382
0.645	292.751171402513
0.646	292.74981135375
0.647	292.748451441092
0.648	292.74709166454
0.649	292.745732024094
0.65	292.744372519753
0.651	292.743013151518
0.652	292.741653919389
0.653	292.740294823365
0.654	292.738935863447
0.655	292.737577039634
0.656	292.736218351927
0.657	292.734859800326
0.658	292.73350138483
0.659	292.732143104963
0.66	292.730784958564
0.661	292.729426947989
0.662	292.728069073238
0.663	292.72671133431
0.664	292.725353731206
0.665	292.723996263926
0.666	292.722638932469
0.667	292.721281736836
0.668	292.719924677026
0.669	292.718567753041
0.67	292.717210964878
0.671	292.71585431254
0.672	292.714497796024
0.673	292.713141415333
0.674	292.711785170465
0.675	292.710429061421
0.676	292.7090730882
0.677	292.707717250803
0.678	292.70636154923
0.679	292.70500598348
0.68	292.703650552361
0.681	292.702295255077
0.682	292.700940093336
0.683	292.699585067137
0.684	292.698230176479
0.685	292.696875421364
0.686	292.69552080179
0.687	292.694166317759
0.688	292.692811969269
0.689	292.691457756321
0.69	292.690103678915
0.691	292.688749737051
0.692	292.687395930729
0.693	292.686042259949
0.694	292.684688724711
0.695	292.683335325014
0.696	292.68198206086
0.697	292.680628932248
0.698	292.679275939177
0.699	292.677923081648
0.7	292.676570359662
0.701	292.675217771355
0.702	292.673865317211
0.703	292.672512998327
0.704	292.671160814704
0.705	292.669808766341
0.706	292.668456853239
0.707	292.667105075397
0.708	292.665753432816
0.709	292.664401925495
0.71	292.663050553435
0.711	292.661699316636
0.712	292.660348215097
0.713	292.658997248818
0.714	292.6576464178
0.715	292.656295722043
0.716	292.654945161546
0.717	292.65359473631
0.718	292.652244446334
0.719	292.650894291619
0.72	292.683301959666
0.721	292.781943696913
0.722	292.880575569161
0.723	292.979197580025
0.724	293.077809728568
0.725	293.176412016134
0.726	293.27500444473
0.727	293.373587013209
0.728	293.472159725613
0.729	293.570722580227
0.73	293.649716391781
0.731	293.648266492643
0.732	293.646816738505
0.733	293.645367129367
0.734	293.64391766523
0.735	293.642468346093
0.736	293.641019171957
0.737	293.639570142822
0.738	293.638121258687
0.739	293.636672519552
0.74	293.635223925418
0.741	293.633775476284
0.742	293.632327172151
0.743	293.630879013018
0.744	293.629430998886
0.745	293.627983129755
0.746	293.626535405623
0.747	293.625087826493
0.748	293.623640392362
0.749	293.622193103233
0.75	293.620745958897
0.751	293.619298956655
0.752	293.617852099122
0.753	293.616405386297
0.754	293.614958818181
0.755	293.613512394773
0.756	293.612066116074
0.757	293.610619982083
0.758	293.609173992801
0.759	293.607728148227
0.76	293.606282448361
0.761	293.604836893204
0.762	293.603391482756
0.763	293.601946217016
0.764	293.600501095984
0.765	293.599056119661
0.766	293.597611288046
0.767	293.59616660114
0.768	293.594722058942
0.769	293.593277661453
0.77	293.591833408672
0.771	293.590389297759
0.772	293.588945331044
0.773	293.587501508746
0.774	293.586057830866
0.775	293.584614297403
0.776	293.583170908357
0.777	293.581727663728
0.778	293.580284563516
0.779	293.578841607722
0.78	293.577398796345
0.781	293.575956129385
0.782	293.574513606843
0.783	293.573071228718
0.784	293.57162899501
0.785	293.570186905719
0.786	293.568744960845
0.787	293.567303160389
0.788	293.56586150435
0.789	293.564419992728
0.79	293.562978625524
0.791	293.561537400418
0.792	293.560096318745
0.793	293.558655381199
0.794	293.557214587779
0.795	293.555773938485
0.796	293.554333433318
0.797	293.552893072277
0.798	293.551452855362
0.799	293.550012782574
0.8	293.548572853912
0.801	293.547133069376
0.802	293.545693428967
0.803	293.544253932684
0.804	293.542814580527
0.805	293.541375372497
0.806	293.539936308593
0.807	293.538497388815
0.808	293.537058613164
0.809	293.535619981638
0.81	293.53418149424
0.811	293.532743149223
0.812	293.531304946828
0.813	293.52986688827
0.814	293.528428973546
0.815	293.526991202659
0.816	293.525553575607
0.817	293.524116092391
0.818	293.522678753011
0.819	293.521241557466
0.82	293.519804505758
0.821	293.518367597885
0.822	293.516930833847
0.823	293.515494213646
0.824	293.51405773728
0.825	293.51262140475
0.826	293.511185216055
0.827	293.509749171197
0.828	293.508313270174
0.829	293.506877512987
0.83	293.505441899635
0.831	293.504006428998
0.832	293.502571100129
0.833	293.501135914805
0.834	293.499700873027
0.835	293.498265974794
0.836	293.496831220107
0.837	293.495396608965
0.838	293.493962141368
0.839	293.492527817317
0.84	293.491093636812
0.841	293.489659599851
0.842	293.488225706437
0.843	293.486791956567
0.844	293.485358350243
0.845	293.483924887465
0.846	293.482491568232
0.847	293.481058392544
0.848	293.479625360402
0.849	293.478192471806
0.85	293.476759726754
0.851	293.475327124797
0.852	293.473894663712
0.853	293.472462345883
0.854	293.471030171309
0.855	293.469598139991
0.856	293.468166251928
0.857	293.466734507121
0.858	293.465302905569
0.859	293.463871447273
0.86	293.462440132232
0.861	293.461008960446
0.862	293.459577931916
0.863	293.458147046642
0.864	293.456716304623
0.865	293.455285705859
0.866	293.453855250351
0.867	293.452424938098
0.868	293.450994769101
0.869	293.449564743359
0.87	293.448134860872
0.871	293.446705121641
0.872	293.445275522871
0.873	293.443846066808
0.874	293.44241675371
0.875	293.440987583578
0.876	293.439558556412
0.877	293.438129672212
0.878	293.436700930977
0.879	293.435272332709
0.88	293.433843877405
0.881	293.432415565068
0.882	293.430987395697
0.883	293.429559369291
0.884	293.428131485851
0.885	293.426703745377
0.886	293.425276147868
0.887	293.423848693326
0.888	293.422421381749
0.889	293.420994213138
0.89	293.419567187493
0.891	293.418140304813
0.892	293.416713563131
0.893	293.415286963115
0.894	293.413860505777
0.895	293.412434191114
0.896	293.411008019129
0.897	293.409581989819
0.898	293.408156103186
0.899	293.406730359229
0.9	293.405304757949
0.901	293.403879299345
0.902	293.402453983418
0.903	293.401028810167
0.904	293.399603779592
0.905	293.398178891694
0.906	293.396754146472
0.907	293.395329543926
0.908	293.393905084057
0.909	293.392480766864
0.91	293.391056592348
0.911	293.389632560508
0.912	293.388208670241
0.913	293.386784920569
0.914	293.385361313284
0.915	293.383937848386
0.916	293.382514525876
0.917	293.381091345753
0.918	293.379668308017
0.919	293.378245412669
0.92	293.376822659708
0.921	293.375400049134
0.922	293.373977580948
0.923	293.372555255149
0.924	293.371133071737
0.925	293.369711030713
0.926	293.368289132076
0.927	293.366867375826
0.928	293.365445761964
0.929	293.364024290489
0.93	293.362602961402
0.931	293.361181774701
0.932	293.359760730185
0.933	293.358339825161
0.934	293.356919062236
0.935	293.355498441409
0.936	293.354077962681
0.937	293.352657626052
0.938	293.351237431521
0.939	293.349817379089
0.94	293.348397468756
0.941	293.34697770052
0.942	293.345558074384
0.943	293.344138590346
0.944	293.342719248407
0.945	293.341300048566
0.946	293.339880990824
0.947	293.338462075181
0.948	293.337043301636
0.949	293.335624670189
0.95	293.334206180841
0.951	293.332787833592
0.952	293.331369628442
0.953	293.32995156311
0.954	293.328533638863
0.955	293.327115856426
0.956	293.325698215799
0.957	293.324280716982
0.958	293.322863359975
0.959	293.321446144779
0.96	293.320029071392
0.961	293.318612139816
0.962	293.31719535005
0.963	293.315778702094
0.964	293.314362195948
0.965	293.312945831612
0.966	293.311529609087
0.967	293.310113528371
0.968	293.308697589466
0.969	293.307281792371
0.97	293.305866137085
0.971	293.30445062361
0.972	293.303035251946
0.973	293.301620020865
0.974	293.300204929625
0.975	293.298789979907
0.976	293.297375171711
0.977	293.295960505037
0.978	293.294545979885
0.979	293.293131596255
0.98	293.291717354147
0.981	293.290303253561
0.982	293.288889294497
0.983	293.287475476955
0.984	293.286061800935
0.985	293.284648266437
0.986	293.283234873461
0.987	293.281821622007
0.988	293.280408512075
0.989	293.278995543665
0.99	293.277582716777
0.991	293.276170031411
0.992	293.274757487567
0.993	293.273345085096
0.994	293.271932821205
0.995	293.270520698547
0.996	293.269108717124
0.997	293.267696876935
0.998	293.266285177981
0.999	293.26487362026
1	293.263462203774
1.001	293.262050928521
1.002	293.260639794503
1.003	293.259228801719
1.004	293.257817950169
1.005	293.256407239854
1.006	293.254996670772
1.007	293.253586242925
1.008	293.252175956312
1.009	293.250765810933
1.01	293.249355806788
1.011	293.247945943877
1.012	293.2465362222
1.013	293.245126641758
1.014	293.243717200515
1.015	293.242307899272
1.016	293.240898738975
1.017	293.239489719624
1.018	293.238080841221
1.019	293.236672103764
1.02	293.235263507253
1.021	293.23385505169
1.022	293.232446737072
1.023	293.231038563402
1.024	293.229630530678
1.025	293.228222638901
1.026	293.22681488807
1.027	293.225407278186
1.028	293.223999809249
1.029	293.222592481258
1.03	293.221185294214
1.031	293.219778248117
1.032	293.218371342966
1.033	293.216964578762
1.034	293.215557954693
1.035	293.214151469228
1.036	293.212745124422
1.037	293.211338920276
1.038	293.209932856789
1.039	293.208526933961
1.04	293.207121151793
1.041	293.205715510284
1.042	293.204310009435
1.043	293.202904649245
1.044	293.201499429714
1.045	293.200094350843
1.046	293.198689412631
1.047	293.197284615079
1.048	293.195879958186
1.049	293.194475441953
1.05	293.193071066378
1.051	293.191666831464
1.052	293.190262737209
1.053	293.188858783613
1.054	293.187454970676
1.055	293.186051295789
1.056	293.184647760851
1.057	293.183244366285
1.058	293.181841112092
1.059	293.180437998271
1.06	293.179035024823
1.061	293.177632191747
1.062	293.176229499044
1.063	293.174826946713
1.064	293.173424534755
1.065	293.172022263169
1.066	293.170620131956
1.067	293.169218141115
1.068	293.167816290647
1.069	293.166414580551
1.07	293.165013010828
1.071	293.163611581477
1.072	293.162210292499
1.073	293.160809143894
1.074	293.15940813566
1.075	293.158007266555
1.076	293.156606535872
1.077	293.155205945276
1.078	293.153805494765
1.079	293.15240518434
1.08	293.151005014001
1.081	293.149604983748
1.082	293.148205093581
1.083	293.1468053435
1.084	293.145405733505
1.085	293.144006263595
1.086	293.142606933772
1.087	293.141207744034
1.088	293.139808694382
1.089	293.138409784816
1.09	293.137011015336
1.091	293.135612385942
1.092	293.134213896634
1.093	293.132815547412
1.094	293.131417338275
1.095	293.130019269225
1.096	293.128621337321
1.097	293.127223545093
1.098	293.125825892665
1.099	293.124428380037
1.1	293.123031007208
1.101	293.121633774179
1.102	293.12023668095
1.103	293.11883972752
1.104	293.117442913889
1.105	293.116046240059
1.106	293.114649706027
1.107	293.113253311796
1.108	293.111857057364
1.109	293.110460942732
1.11	293.109064967899
1.111	293.107669132866
1.112	293.106273437632
1.113	293.104877882198
1.114	293.103482466564
1.115	293.102087190729
1.116	293.100692053255
1.117	293.099297053808
1.118	293.097902193875
1.119	293.096507473455
1.12	293.095112892549
1.121	293.093718451156
1.122	293.092324149278
1.123	293.090929986912
1.124	293.089535964061
1.125	293.088142080723
1.126	293.086748336898
1.127	293.085354732587
1.128	293.08396126779
1.129	293.082567942506
1.13	293.081174756736
1.131	293.07978171048
1.132	293.078388803737
1.133	293.076996036508
1.134	293.075603408792
1.135	293.07421092059
1.136	293.072818571902
1.137	293.071426359713
1.138	293.070034286698
1.139	293.06864235291
1.14	293.067250558351
1.141	293.065858903019
1.142	293.064467386916
1.143	293.06307601004
1.144	293.061684772392
1.145	293.060293673972
1.146	293.05890271478
1.147	293.057511894816
1.148	293.05612121408
1.149	293.054730672572
1.15	293.053340270292
1.151	293.051950007239
1.152	293.050559883415
1.153	293.049169898819
1.154	293.04778005345
1.155	293.046390347309
1.156	293.045000780397
1.157	293.043611351324
1.158	293.042222059661
1.159	293.040832906942
1.16	293.039443893164
1.161	293.03805501833
1.162	293.036666282437
1.163	293.035277685488
1.164	293.03388922748
1.165	293.032500908416
1.166	293.031112728294
1.167	293.029724687114
1.168	293.028336784877
1.169	293.026949021583
1.17	293.025561397231
1.171	293.024173911822
1.172	293.022786565355
1.173	293.02139935783
1.174	293.020012289249
1.175	293.01862535961
1.176	293.017238568913
1.177	293.015851917159
1.178	293.014465401515
1.179	293.013079024309
1.18	293.011692785762
1.181	293.010306685871
1.182	293.008920724638
1.183	293.007534902062
1.184	293.006149218144
1.185	293.004763672883
1.186	293.00337826628
1.187	293.001992998334
1.188	293.000607869046
1.189	292.999222878415
1.19	292.997838026442
1.191	292.996453313126
1.192	292.995068738468
1.193	292.993684302467
1.194	292.992300005123
1.195	292.990915846437
1.196	292.989531826409
1.197	292.988147945038
1.198	292.986764201231
1.199	292.985380593999
1.2	292.983997125138
1.201	292.982613794651
1.202	292.981230602536
1.203	292.979847548794
1.204	292.978464633425
1.205	292.977081856428
1.206	292.975699217804
1.207	292.974316717553
1.208	292.972934355675
1.209	292.971552132169
1.21	292.970170047036
1.211	292.968788100276
1.212	292.967406291888
1.213	292.966024621873
1.214	292.964643090231
1.215	292.963261696961
1.216	292.961880442064
1.217	292.96049932554
1.218	292.959118347389
1.219	292.957737505213
1.22	292.956356800511
1.221	292.954976233897
1.222	292.953595805372
1.223	292.952215514934
1.224	292.950835362585
1.225	292.949455348324
1.226	292.948075472152
1.227	292.946695734067
1.228	292.945316134071
1.229	292.943936672163
1.23	292.942557348344
1.231	292.941178162612
1.232	292.939799114969
1.233	292.938420205414
1.234	292.937041433948
1.235	292.93566280057
1.236	292.934284305279
1.237	292.932905948078
1.238	292.931527728964
1.239	292.930149647379
1.24	292.928771701317
1.241	292.927393893058
1.242	292.926016222604
1.243	292.924638689954
1.244	292.923261295108
1.245	292.921884038066
1.246	292.920506918828
1.247	292.919129937394
1.248	292.917753093764
1.249	292.916376387939
1.25	292.914999819917
1.251	292.9136233897
1.252	292.912247097287
1.253	292.910870942678
1.254	292.909494925872
1.255	292.908119046871
1.256	292.906743305675
1.257	292.905367702282
1.258	292.903992236693
1.259	292.902616908908
1.26	292.901241717211
1.261	292.899866661802
1.262	292.898491743913
1.263	292.897116963544
1.264	292.895742320695
1.265	292.894367815367
1.266	292.892993447559
1.267	292.891619217271
1.268	292.890245124503
1.269	292.888871169256
1.27	292.887497351529
1.271	292.886123671322
1.272	292.884750128636
1.273	292.883376723469
1.274	292.882003455823
1.275	292.880630325697
1.276	292.879257333092
1.277	292.877884478007
1.278	292.876511760442
1.279	292.875139180397
1.28	292.873766737872
1.281	292.872394430018
1.282	292.871022259199
1.283	292.869650225617
1.284	292.868278329272
1.285	292.866906570163
1.286	292.865534948291
1.287	292.864163463656
1.288	292.862792116258
1.289	292.861420906096
1.29	292.860049833171
1.291	292.858678897483
1.292	292.857308099031
1.293	292.855937437816
1.294	292.854566913838
1.295	292.853196527097
1.296	292.851826277592
1.297	292.850456165324
1.298	292.849086190293
1.299	292.847716352498
1.3	292.84634665194
1.301	292.844977087813
1.302	292.843607658582
1.303	292.842238366304
1.304	292.840869210979
1.305	292.839500192608
1.306	292.83813131119
1.307	292.836762566726
1.308	292.835393959216
1.309	292.834025488659
1.31	292.832657155055
1.311	292.831288958405
1.312	292.829920898708
1.313	292.828552975965
1.314	292.827185190175
1.315	292.825817541339
1.316	292.824450029456
1.317	292.823082654527
1.318	292.821715416551
1.319	292.820348315529
1.32	292.81898135146
1.321	292.817614524345
1.322	292.816247832401
1.323	292.814881275955
1.324	292.81351485618
1.325	292.812148573075
1.326	292.810782426642
1.327	292.809416416878
1.328	292.808050543785
1.329	292.806684807363
1.33	292.805319207612
1.331	292.803953744531
1.332	292.80258841812
1.333	292.80122322838
1.334	292.799858175311
1.335	292.798493258912
1.336	292.797128479183
1.337	292.795763836126
1.338	292.794399329738
1.339	292.793034960022
1.34	292.791670726976
1.341	292.7903066306
1.342	292.788942670895
1.343	292.787578845138
1.344	292.786215155453
1.345	292.784851602156
1.346	292.783488185247
1.347	292.782124904725
1.348	292.780761760592
1.349	292.779398752846
1.35	292.778035881489
1.351	292.776673146519
1.352	292.775310547938
1.353	292.773948085744
1.354	292.772585759938
1.355	292.771223570521
1.356	292.769861517491
1.357	292.768499600849
1.358	292.767137820595
1.359	292.765776176729
1.36	292.764414669251
1.361	292.763053298161
1.362	292.761692063458
1.363	292.76033096464
1.364	292.758969999596
1.365	292.757609170658
1.366	292.756248477826
1.367	292.7548879211
1.368	292.753527500479
1.369	292.752167215963
1.37	292.750807067554
1.371	292.74944705525
1.372	292.748087179051
1.373	292.746727438958
1.374	292.745367834971
1.375	292.74400836709
1.376	292.742649035314
1.377	292.741289839643
1.378	292.739930780079
1.379	292.73857185662
1.38	292.737213069266
1.381	292.735854418018
1.382	292.734495902876
1.383	292.73313752384
1.384	292.731779279625
1.385	292.73042116961
1.386	292.729063195419
1.387	292.727705357051
1.388	292.726347654507
1.389	292.724990087787
1.39	292.72363265689
1.391	292.722275361817
1.392	292.720918202567
1.393	292.719561179141
1.394	292.718204291539
1.395	292.71684753976
1.396	292.715490923805
1.397	292.714134443673
1.398	292.712778099366
1.399	292.711421890881
1.4	292.710065818221
1.401	292.708709881384
1.402	292.70735408037
1.403	292.705998415181
1.404	292.704642885815
1.405	292.703287490254
1.406	292.701932229279
1.407	292.700577103846
1.408	292.699222113955
1.409	292.697867259605
1.41	292.696512540798
1.411	292.695157957533
1.412	292.693803509809
1.413	292.692449197627
1.414	292.691095020988
1.415	292.68974097989
1.416	292.688387074334
1.417	292.68703330432
1.418	292.685679669848
1.419	292.684326170918
1.42	292.68297280753
1.421	292.681619579684
1.422	292.68026648738
1.423	292.678913530617
1.424	292.677560709397
1.425	292.676208023718
1.426	292.674855470879
1.427	292.673503052967
1.428	292.672150770316
1.429	292.670798622926
1.43	292.669446610796
1.431	292.668094733926
1.432	292.666742992318
1.433	292.665391385969
1.434	292.664039914881
1.435	292.662688579054
1.436	292.661337378487
1.437	292.659986313181
1.438	292.658635383135
1.439	292.65728458835
1.44	292.655933928826
1.441	292.654583404562
1.442	292.653233015558
1.443	292.651882761815
1.444	292.650532643332
1.445	292.709726477262
1.446	292.808365571934
1.447	292.906994802136
1.448	293.005614171344
1.449	293.104223677954
1.45	293.202823324757
1.451	293.301413112064
1.452	293.399993040143
1.453	293.498563111901
1.454	293.59712332587
1.455	293.649327987376
1.456	293.647878127079
1.457	293.646428411783
1.458	293.644978841488
1.459	293.643529416192
1.46	293.642080135898
1.461	293.640631000603
1.462	293.63918201031
1.463	293.637733165016
1.464	293.636284464723
1.465	293.634835909431
1.466	293.633387499139
1.467	293.631939233848
1.468	293.630491113557
1.469	293.629043138267
1.47	293.627595307977
1.471	293.626147622688
1.472	293.624700082399
1.473	293.62325268711
1.474	293.621805436823
1.475	293.620358330523
1.476	293.618911367045
1.477	293.617464548276
1.478	293.616017874215
1.479	293.614571344862
1.48	293.613124960218
1.481	293.611678720282
1.482	293.610232625055
1.483	293.608786674536
1.484	293.607340868726
1.485	293.605895207624
1.486	293.604449691231
1.487	293.603004319546
1.488	293.60155909257
1.489	293.600114010302
1.49	293.598669072742
1.491	293.597224279891
1.492	293.595779631748
1.493	293.594335128314
1.494	293.592890769589
1.495	293.591446554999
1.496	293.590002482553
1.497	293.588558554523
1.498	293.587114770911
1.499	293.585671131716
1.5	293.584227636939
1.501	293.582784286578
1.502	293.581341080635
1.503	293.579898019109
1.504	293.578455102001
1.505	293.577012329309
1.506	293.575569701035
1.507	293.574127217178
1.508	293.572684877739
1.509	293.571242682716
1.51	293.569800632111
1.511	293.568358725923
1.512	293.566916964153
1.513	293.565475346799
1.514	293.564033873863
1.515	293.562592545259
1.516	293.561151358068
1.517	293.559710315003
1.518	293.558269416064
1.519	293.556828661252
1.52	293.555388050566
1.521	293.553947584006
1.522	293.552507261573
1.523	293.551067083266
1.524	293.549627049085
1.525	293.548187159031
1.526	293.546747413103
1.527	293.545307811301
1.528	293.543868353626
1.529	293.542429040077
1.53	293.540989870654
1.531	293.539550845358
1.532	293.538111964188
1.533	293.536673227144
1.534	293.535234634227
1.535	293.533796185436
1.536	293.532357878185
1.537	293.53091971432
1.538	293.529481694291
1.539	293.528043818098
1.54	293.52660608574
1.541	293.525168497218
1.542	293.523731052532
1.543	293.522293751682
1.544	293.520856594667
1.545	293.519419581488
1.546	293.517982712145
1.547	293.516545986637
1.548	293.515109404966
1.549	293.51367296713
1.55	293.512236673129
1.551	293.510800522965
1.552	293.509364516636
1.553	293.507928654143
1.554	293.506492935486
1.555	293.505057360664
1.556	293.503621927731
1.557	293.502186637314
1.558	293.500751490442
1.559	293.499316487116
1.56	293.497881627336
1.561	293.4964469111
1.562	293.49501233841
1.563	293.493577909266
1.564	293.492143623667
1.565	293.490709481613
1.566	293.489275483105
1.567	293.487841628142
1.568	293.486407916725
1.569	293.484974348853
1.57	293.483540924527
1.571	293.482107643746
1.572	293.480674506511
1.573	293.479241512821
1.574	293.477808662676
1.575	293.476375956077
1.576	293.474943391763
1.577	293.473510969053
1.578	293.472078689598
1.579	293.470646553399
1.58	293.469214560455
1.581	293.467782710766
1.582	293.466351004333
1.583	293.464919441156
1.584	293.463488021234
1.585	293.462056744567
1.586	293.460625611156
1.587	293.459194621001
1.588	293.457763774101
1.589	293.456333070456
1.59	293.454902510067
1.591	293.453472092933
1.592	293.452041819054
1.593	293.450611688431
1.594	293.449181701064
1.595	293.447751856952
1.596	293.446322155565
1.597	293.444892594833
1.598	293.443463177066
1.599	293.442033902265
1.6	293.44060477043
1.601	293.439175781561
1.602	293.437746935657
1.603	293.436318232719
1.604	293.434889672747
1.605	293.433461255741
1.606	293.432032981701
1.607	293.430604850626
1.608	293.429176862517
1.609	293.427749017374
1.61	293.426321315197
1.611	293.424893755985
1.612	293.423466339739
1.613	293.422039066459
1.614	293.420611936145
1.615	293.419184948796
1.616	293.417758104414
1.617	293.416331400181
1.618	293.414904838385
1.619	293.413478419266
1.62	293.412052142823
1.621	293.410626009056
1.622	293.409200017966
1.623	293.407774169552
1.624	293.406348463815
1.625	293.404922900754
1.626	293.403497480369
1.627	293.402072202661
1.628	293.400647067629
1.629	293.399222075274
1.63	293.397797225595
1.631	293.396372518592
1.632	293.394947954266
1.633	293.393523532616
1.634	293.392099253643
1.635	293.390675117346
1.636	293.389251123725
1.637	293.387827270853
1.638	293.386403559322
1.639	293.384979990179
1.64	293.383556563423
1.641	293.382133279055
1.642	293.380710137073
1.643	293.37928713748
1.644	293.377864280273
1.645	293.376441565454
1.646	293.375018993022
1.647	293.373596562978
1.648	293.372174275321
1.649	293.370752130051
1.65	293.369330127168
1.651	293.367908266673
1.652	293.366486548566
1.653	293.365064972845
1.654	293.363643539512
1.655	293.362222248566
1.656	293.360801100008
1.657	293.359380092832
1.658	293.357959225872
1.659	293.356538501012
1.66	293.35511791825
1.661	293.353697477586
1.662	293.352277179022
1.663	293.350857022555
1.664	293.349437008188
1.665	293.348017135918
1.666	293.346597405748
1.667	293.345177817676
1.668	293.343758371703
1.669	293.342339067828
1.67	293.340919906052
1.671	293.339500886374
1.672	293.338082008795
1.673	293.336663273315
1.674	293.335244679933
1.675	293.333826228649
1.676	293.332407919465
1.677	293.330989752328
1.678	293.329571724258
1.679	293.328153837998
1.68	293.326736093548
1.681	293.325318490908
1.682	293.323901030079
1.683	293.322483711059
1.684	293.32106653385
1.685	293.319649498451
1.686	293.318232604862
1.687	293.316815853083
1.688	293.315399243114
1.689	293.313982774955
1.69	293.312566448607
1.691	293.311150264068
1.692	293.30973422134
1.693	293.308318320422
1.694	293.306902561314
1.695	293.305486944016
1.696	293.304071468528
1.697	293.302656134851
1.698	293.301240940929
1.699	293.299825887599
1.7	293.298410975792
1.701	293.296996205506
1.702	293.295581576742
1.703	293.2941670895
1.704	293.29275274378
1.705	293.291338539582
1.706	293.289924476906
1.707	293.288510555752
1.708	293.28709677612
1.709	293.28568313801
1.71	293.284269641423
1.711	293.282856286357
1.712	293.281443072813
1.713	293.280030000791
1.714	293.278617070291
1.715	293.277204281313
1.716	293.275791633857
1.717	293.274379127923
1.718	293.272966762562
1.719	293.271554536503
1.72	293.270142451679
1.721	293.268730508089
1.722	293.267318705733
1.723	293.265907044611
1.724	293.264495524724
1.725	293.26308414607
1.726	293.261672908651
1.727	293.260261812466
1.728	293.258850857514
1.729	293.257440043798
1.73	293.256029371315
1.731	293.254618840066
1.732	293.253208450052
1.733	293.251798201272
1.734	293.250388093726
1.735	293.248978127414
1.736	293.247568302336
1.737	293.246158618492
1.738	293.244749075883
1.739	293.243339671625
1.74	293.241930408138
1.741	293.240521285597
1.742	293.239112304002
1.743	293.237703463355
1.744	293.236294763654
1.745	293.234886204899
1.746	293.233477787091
1.747	293.23206951023
1.748	293.230661374316
1.749	293.229253379348
1.75	293.227845525326
1.751	293.226437812252
1.752	293.225030240124
1.753	293.223622808942
1.754	293.222215518707
1.755	293.220808369419
1.756	293.219401361078
1.757	293.217994493683
1.758	293.216587767235
1.759	293.215181180105
1.76	293.213774732319
1.761	293.212368425192
1.762	293.210962258725
1.763	293.209556232917
1.764	293.208150347768
1.765	293.206744603279
1.766	293.205338999449
1.767	293.203933536279
1.768	293.202528213768
1.769	293.201123031916
1.77	293.199717990724
1.771	293.198313090191
1.772	293.196908330318
1.773	293.195503711104
1.774	293.194099232549
1.775	293.192694894654
1.776	293.191290697419
1.777	293.189886640842
1.778	293.188482724925
1.779	293.187078949307
1.78	293.185675311599
1.781	293.184271814262
1.782	293.182868457299
1.783	293.181465240708
1.784	293.180062164489
1.785	293.178659228643
1.786	293.177256433169
1.787	293.175853778068
1.788	293.17445126334
1.789	293.173048888984
1.79	293.171646655
1.791	293.170244561389
1.792	293.16884260815
1.793	293.167440795284
1.794	293.166039122791
1.795	293.16463759067
1.796	293.163236198921
1.797	293.161834947545
1.798	293.160433836541
1.799	293.15903286591
1.8	293.157632033579
1.801	293.156231340422
1.802	293.154830787351
1.803	293.153430374366
1.804	293.152030101466
1.805	293.150629968653
1.806	293.149229975925
1.807	293.147830123283
1.808	293.146430410727
1.809	293.145030838257
1.81	293.143631405873
1.811	293.142232113575
1.812	293.140832961363
1.813	293.139433949236
1.814	293.138035077196
1.815	293.136636345241
1.816	293.135237753372
1.817	293.133839301589
1.818	293.132440989893
1.819	293.131042818281
1.82	293.129644786087
1.821	293.128246891509
1.822	293.12684913673
1.823	293.125451521751
1.824	293.124054046571
1.825	293.122656711191
1.826	293.121259515611
1.827	293.11986245983
1.828	293.118465543849
1.829	293.117068767667
1.83	293.115672131285
1.831	293.114275634702
1.832	293.112879277919
1.833	293.111483060936
1.834	293.110086983752
1.835	293.108691046368
1.836	293.107295248784
1.837	293.105899590999
1.838	293.104504073013
1.839	293.103108694828
1.84	293.101713456442
1.841	293.100318355584
1.842	293.098923393509
1.843	293.097528570948
1.844	293.0961338879
1.845	293.094739344366
1.846	293.093344940346
1.847	293.091950675839
1.848	293.090556550846
1.849	293.089162565366
1.85	293.0877687194
1.851	293.086375012948
1.852	293.084981446009
1.853	293.083588018584
1.854	293.082194730672
1.855	293.080801582274
1.856	293.07940857339
1.857	293.078015704019
1.858	293.076622974162
1.859	293.075230383818
1.86	293.073837932988
1.861	293.072445620933
1.862	293.071053445985
1.863	293.069661410265
1.864	293.068269513773
1.865	293.066877756509
1.866	293.065486138473
1.867	293.064094659665
1.868	293.062703320085
1.869	293.061312119733
1.87	293.059921058608
1.871	293.058530136712
1.872	293.057139354044
1.873	293.055748710603
1.874	293.05435820639
1.875	293.052967841406
1.876	293.051577615649
1.877	293.05018752912
1.878	293.048797581819
1.879	293.047407773746
1.88	293.046018104901
1.881	293.044628575284
1.882	293.043239182676
1.883	293.041849928232
1.884	293.040460812732
1.885	293.039071836173
1.886	293.037682998558
1.887	293.036294299885
1.888	293.034905740154
1.889	293.033517319366
1.89	293.03212903752
1.891	293.030740894618
1.892	293.029352890657
1.893	293.027965025639
1.894	293.026577299564
1.895	293.025189712431
1.896	293.023802264241
1.897	293.022414954993
1.898	293.021027784688
1.899	293.019640753325
1.9	293.018253860905
1.901	293.016867107427
1.902	293.015480492322
1.903	293.014094013602
1.904	293.012707673539
1.905	293.011321472134
1.906	293.009935409386
1.907	293.008549485296
1.908	293.007163699863
1.909	293.005778053087
1.91	293.004392544969
1.911	293.003007175509
1.912	293.001621944706
1.913	293.00023685256
1.914	292.998851899072
1.915	292.997467084242
1.916	292.996082408069
1.917	292.994697870553
1.918	292.993313471695
1.919	292.991929211494
1.92	292.990545089951
1.921	292.989161107065
1.922	292.987777262837
1.923	292.98639355535
1.924	292.985009985183
1.925	292.98362655339
1.926	292.982243259969
1.927	292.98086010492
1.928	292.979477088245
1.929	292.978094209942
1.93	292.976711470012
1.931	292.975328868454
1.932	292.973946405269
1.933	292.972564080457
1.934	292.971181894018
1.935	292.969799845951
1.936	292.968417936258
1.937	292.967036164936
1.938	292.965654531988
1.939	292.964273037412
1.94	292.962891681209
1.941	292.961510463379
1.942	292.960129383921
1.943	292.958748442672
1.944	292.957367636872
1.945	292.95598696916
1.946	292.954606439536
1.947	292.953226048001
1.948	292.951845794554
1.949	292.950465679195
1.95	292.949085701924
1.951	292.947705862742
1.952	292.946326161648
1.953	292.944946598642
1.954	292.943567173724
1.955	292.942187886895
1.956	292.940808738154
1.957	292.939429727501
1.958	292.938050854936
1.959	292.93667212046
1.96	292.935293524072
1.961	292.933915065772
1.962	292.93253674556
1.963	292.931158563437
1.964	292.929780518033
1.965	292.928402608885
1.966	292.927024837541
1.967	292.925647204
1.968	292.924269708264
1.969	292.922892350332
1.97	292.921515130205
1.971	292.920138047881
1.972	292.918761103361
1.973	292.917384296646
1.974	292.916007627734
1.975	292.914631096627
1.976	292.913254703324
1.977	292.911878447824
1.978	292.910502330129
1.979	292.909126350238
1.98	292.907750508151
1.981	292.906374803869
1.982	292.90499923739
1.983	292.903623808715
1.984	292.902248517845
1.985	292.900873362224
1.986	292.899498343652
1.987	292.898123462601
1.988	292.896748719071
1.989	292.89537411306
1.99	292.89399964457
1.991	292.8926253136
1.992	292.89125112015
1.993	292.889877064221
1.994	292.888503145811
1.995	292.887129364922
1.996	292.885755721554
1.997	292.884382215705
1.998	292.883008847377
1.999	292.881635616569
2	292.880262523281
