0	0
0.00115470053829855	0.00346310161489565
0.00230973445821838	0.00692520337473847
0.00346510195194219	0.0103863052784766
0.00464291436936069	0.0139125873405402
0.00600648430805051	0.0179924205049421
0.00755767900122212	0.0226302504688042
0.00929802104910781	0.0278293213991919
0.0112287895112512	0.033591977865442
0.0131693276308324	0.039377639769619
0.0154293999733543	0.0461085539853707
0.0178763980916833	0.0533872983122513
0.0205110760331624	0.0612140105024193
0.0233219963499664	0.069552467764214
0.0262839502842495	0.0783247581354763
0.029429475343405	0.087625515292849
0.0327591395028411	0.0974536984605479
0.0361869256892587	0.107552757684852
0.0398232680306332	0.11824484756821
0.0436395452181515	0.129442915991066
0.0475778630356804	0.140973963528995
0.0516883752180057	0.152980910746859
0.0559747624097591	0.16547162645167
0.0603307440255312	0.178133082969512
0.064896475314431	0.191368854212208
0.0696341954373479	0.205065631380492
0.0743188559422246	0.218569628574131
0.0793199000220473	0.232943231993853
0.0843754027512814	0.247428022087918
0.0896339075333813	0.262445337321269
0.0950013083821476	0.277722206220603
0.100509892249588	0.293345292339558
0.106151439303659	0.309287781210934
0.111902201231165	0.325476764545633
0.11779134056856	0.341991164845388
0.123776326319651	0.358705600609475
0.129892049920262	0.375714439437053
0.13610345321961	0.392913926088251
0.142426903376122	0.410346250694364
0.148857132065581	0.427990678363569
0.155369536489925	0.44577637023574
0.162011210675104	0.463825998361204
0.168692685530632	0.481892711623887
0.175538603843112	0.500308178595539
0.182367565919229	0.518580097232752
0.189405583324273	0.537308869335242
0.19650555614685	0.556094632196444
0.203687039299096	0.574986298337865
0.210975998876368	0.594045680119666
0.218275827184605	0.613016702702464
0.225746433818453	0.632309769598399
0.233267928335764	0.651607366236261
0.24085689665876	0.670949358692616
0.248553237359215	0.690430905247808
0.256229911748668	0.70972696193569
0.264069085279487	0.729291031663938
0.271978163802757	0.748883453033294
0.279903120954198	0.768367534160612
0.287965558910299	0.788036757728307
0.29607759104857	0.807668992744178
0.304222640707476	0.827221564316244
0.312488826269044	0.84689995591636
0.320794450802824	0.866502453601708
0.329138177442856	0.88602350243013
0.337592613685277	0.905626729945577
0.345973537674954	0.924881481911018
0.354498902742712	0.944286210838306
0.363128668171008	0.96374010697986
0.371794419917715	0.983081994064899
0.380486217718215	1.00228746268603
0.389279724781196	1.02151782700062
0.398114259017653	1.0406332657079
0.406959130500944	1.05956518842296
0.415905356778646	1.07850313886798
0.424901395510932	1.09733057849969
0.433887055824158	1.1159193231694
0.442975439712599	1.13449894947119
0.452126131532462	1.15297896100923
0.461241196353981	1.17115923404928
0.470461624533886	1.18931774987992
0.479760495422967	1.20739306148806
0.488994503406682	1.22510399903864
0.498337446702939	1.24278215516326
0.507763365594842	1.26036952349972
0.517229652764929	1.27777986446859
0.526686023009115	1.29491887930849
0.536230541241336	1.31196024489458
0.545832546250219	1.3288418068411
0.555394032089483	1.34538923150579
0.565049119514368	1.36183214601878
0.574775394813314	1.37812432646941
0.584530949212791	1.39418960056537
0.594289772130986	1.40998365207796
0.604125607529388	1.42562147819714
0.614005972417912	1.44104481007187
0.623862404144417	1.45614516335723
0.633801576530912	1.47108306821689
0.643802161396986	1.48581917476253
0.653751582783288	1.50018568487889
0.663789227866396	1.5143825550389
0.673894624133198	1.52837304032486
0.684031844147789	1.5421016382162
0.694164943589483	1.55551844472809
0.704370585824589	1.56872148011203
0.714619188916103	1.58166623164497
0.72484589998993	1.59426943038982
0.735149299757096	1.60665017023154
0.745505551114884	1.61877316017941
0.755825829965659	1.63053288563403
0.766226081055684	1.64206002258536
0.776686127703333	1.65332527720826
0.787166053877698	1.6642809401129
0.797664682288843	1.67492496645523
0.808224232910057	1.68529614015858
0.818804734620009	1.69535050205981
0.82940374764521	1.7050849883639
0.840062740291196	1.7145338656618
0.850683396633335	1.72360831580038
0.861384668526511	1.73240930080088
0.872138831984179	1.74090750016132
0.882868628440403	1.74904043440218
0.893675162163922	1.75688349213118
0.90452209543255	1.76440445562024
0.915366543985048	1.77157256034783
0.926280337293858	1.77843305437327
0.937217942932713	1.78495252778442
0.94818092911008	1.79113135313517
0.95918774897536	1.79697672615429
0.970197000552291	1.80246552615016
0.981271331227041	1.80762691215495
0.992327609265112	1.81242016542196
1.00346466185153	1.81688722925727
1.0146248062202	1.82099984908978
1.02582434871313	1.82476357480793
1.0370487504729	1.82817039208575
1.04831519557031	1.83122502133814
1.05956133628208	1.8339095634627
1.07088942196751	1.83624819854359
1.08221990872512	1.83822131362271
1.09360890544903	1.83983757030133
1.10503539557862	1.84109178699115
1.11644673395033	1.84197754134505
1.12793254479995	1.84250187821469
1.13945302318484	1.84265985480475
1.15100722486657	1.84245030274404
1.16258701630866	1.84187243433671
1.17420255252855	1.8409240908798
1.18584886836363	1.83960553926709
1.19753185564225	1.83791527860184
1.20924883341337	1.8358536175878
1.22099890291562	1.83341931773551
1.23278505927432	1.83061185698072
1.24461459855312	1.82742806887661
1.25646827863588	1.82387293850518
1.26836200201663	1.81994189191582
1.28030596177641	1.81563017884867
1.29227960975343	1.8109446878927
1.30428790712889	1.80588376758734
1.31633361513572	1.80044627477836
1.32841845221627	1.79463135175513
1.34054387354309	1.78843817956803
1.35271154733146	1.78186575359082
1.36492846675953	1.77491000534344
1.37717225249495	1.76758397229036
1.38946583645896	1.75987448342855
1.40179472257616	1.7517908486153
1.41416523279362	1.74332967085465
1.42657971432496	1.73448982198144
1.4390397779969	1.72527058401738
1.45154397994362	1.71567361123183
1.46409466502086	1.70569775993922
1.47669510038449	1.69534100875359
1.48934179708347	1.68460693943648
1.50203744956405	1.67349415091991
1.5147831429713	1.66200257862839
1.52758145205279	1.65013080449555
1.5404293499701	1.63788270268838
1.55333089321943	1.62525558824893
1.56628637429741	1.61225036276991
1.57930433923613	1.59885945354231
1.59237413988594	1.58509508675338
1.60550671904678	1.57094714475925
1.61870565001845	1.55641286369369
1.6319733017949	1.54149070599772
1.6452905520611	1.52620402813575
1.65867485999691	1.51053486562149
1.67212897593915	1.49448159991795
1.68568102561382	1.47801145892193
1.69930440468575	1.46115772355363
1.71300005674287	1.44392126339185
1.72677001838104	1.42630168465745
1.7406178512718	1.40829666062607
1.75455080210803	1.38989895288249
1.76861479222976	1.37104877114515
1.78275768342957	1.35181722768997
1.79698725056439	1.3321966716483
1.8113183905639	1.31216920306547
1.82580707917234	1.29165750601686
1.8403884664841	1.27075484927855
1.85507848057844	1.24944166811841
1.86997649425546	1.22757462546473
1.88497928355238	1.20530623610331
1.90010754876336	1.18260955390403
1.91539708019939	1.15943390963328
1.93092110124191	1.13566903575015
1.94659932226838	1.11143949105633
1.96247098680975	1.08668800139011
1.97867691125499	1.06119525989116
1.99508680151884	1.03516699776332
2.01174396713851	1.00853816619114
2.02870768083641	0.981216798705522
2.04618114287219	0.952874954312504
2.06402435029868	0.923739459740848
2.08231839311895	0.893680611516896
2.10116661955412	0.8625305237688
2.12070526095118	0.830065164909937
2.14112446102044	0.795968824921053
2.16271318676754	0.759758106336824
2.18596568679718	0.720601396792575
2.21197160636467	0.676657417962915
2.24248856247944	0.624948500151016
2.29389873080153	0.537686686471329
2.33238901914121	0.472409191626301
2.35659503340526	0.431452791250423
2.37684617515256	0.397275752211761
2.3940061553314	0.368393953224873
2.40973214539126	0.341999584360118
2.42375863288404	0.318525290281147
2.43700550659354	0.296420306591045
2.44926141947063	0.276029463450863
2.46066969611927	0.257105000042827
2.47135713317282	0.23942846569418
2.48142764327205	0.222821001943209
2.49095965171414	0.207147210355945
2.50000548932908	0.192315637820293
2.50853977635233	0.178362738976759
2.51643776953201	0.165485689364654
2.52407855376678	0.153061404191802
2.53136662413383	0.141242414665803
2.53808330774337	0.130378216201032
2.54465916734321	0.119768278128086
2.55085033993997	0.109804129036969
2.55673204404044	0.100360365689971
2.56229579905532	0.0914481569703789
2.56758202981661	0.0829991495957085
2.57255166967056	0.0750736809339704
2.57728396153569	0.0675421206927193
2.58155737443059	0.0607543953170196
2.58573995677605	0.0541233673312315
2.5896918224201	0.0478692561465737
2.59313674130972	0.0424269202504688
2.59657537305451	0.0370030190125076
2.59978945420789	0.0319409701652431
2.6026578664768	0.0274298270714246
2.60537833429264	0.0231571760303555
2.60787965988704	0.0192335347553142
2.61016067708498	0.0156595071564404
2.61222005338057	0.0124360595770234
2.61390051383892	0.00980823175015231
2.61551840918209	0.00728035134437455
2.61713695905453	0.00475344786469067
2.61875616398496	0.00222752129410018
2.62037602450394	-0.000297428386259633
2.6219965411429	-0.00282140119564137
2.6236177144332	-0.00534439715221595
2.62511853670895	-0.00767816848738349
2.62671299805546	-0.0101555063997584
2.62832044964978	-0.0126510045561175
2.63011528305807	-0.0154350066437499
2.63209868128446	-0.0185085551439345
2.63427167321414	-0.0218723649556656
2.6365681398859	-0.0254231735713142
2.63907511965871	-0.0292943779438549
2.64176789598556	-0.0334468271385505
2.64464713665238	-0.0378803446151463
2.64769651203104	-0.0425685139705173
2.65089678423532	-0.0474800154082424
2.65427934467421	-0.0526620369633545
2.65784472795009	-0.0581138774416294
2.66144708343401	-0.0636111295417248
2.66531084225707	-0.0694948119726132
2.66935324099992	-0.0756369331429726
2.67342889370232	-0.0818150250252293
2.67775668210519	-0.0883592288017765
2.68225909507254	-0.0951501595061905
2.68670914099465	-0.101843877170765
2.69148170307138	-0.10900300938383
2.69633493129616	-0.116261913593094
2.70137245666352	-0.123773304850735
2.70655651628719	-0.131478879935346
2.71185160301289	-0.139323020037281
2.71730957654908	-0.147381011854704
2.72272014862137	-0.155340509830186
2.72841974452439	-0.163694837239364
2.7341056955953	-0.171997342206191
2.74003978846829	-0.180628323440096
2.7459683471798	-0.189216059841224
2.75212952182468	-0.198103413687011
2.75827391264953	-0.206927934983719
2.76465470590811	-0.216051171736276
2.77099085125094	-0.225068483486936
2.77757918493144	-0.234400468271602
2.78423689322722	-0.243783617359811
2.79099958540277	-0.253266618410059
2.79786114296537	-0.262837505673572
2.80477780870121	-0.272433534689578
2.81183633528131	-0.282172042863634
2.81888411590681	-0.29184040197905
2.82612549598998	-0.301716580851411
2.83342764264339	-0.311615085498104
2.84079862673215	-0.321545397084258
2.84828298117224	-0.331564183398415
2.85575585688575	-0.341502462437943
2.863398993221	-0.35159953765374
2.87110625818418	-0.361710841400341
2.87885044852515	-0.371799224888443
2.88672639506762	-0.381985118247926
2.89453861213223	-0.392013658468183
2.90252065382487	-0.402183118376299
2.91060051387116	-0.412396805767712
2.91864710085391	-0.422487302379475
2.92684219366795	-0.432680527779779
2.93511680793495	-0.442886082240559
2.94337150527517	-0.45297979808498
2.95176082251458	-0.463148394759794
2.96022141499921	-0.47331068255884
2.96866357793039	-0.483357484510483
2.97723172763122	-0.493458419567035
2.985869985781	-0.503543254854901
2.99448243240039	-0.513498615944941
3.00321602720295	-0.523492308492888
3.01202411166278	-0.533466528800138
3.02079190216415	-0.543289893567875
3.02967878325569	-0.553139253374595
3.0386493043812	-0.562970761233235
3.04755908599267	-0.572624709772948
3.05658795780425	-0.582294739102953
3.06570575056513	-0.591943813376651
3.07486005247926	-0.601512959850494
3.08402006922975	-0.610968968618996
3.09327231270357	-0.620398571629587
3.10257477889925	-0.629755174885475
3.1118556907565	-0.638965514632731
3.12123295728267	-0.648144681737509
3.13067754758931	-0.657260147277673
3.1400699557631	-0.666195371130518
3.14956342216886	-0.675095019058894
3.15913386831445	-0.683932114042505
3.16873909592508	-0.692664381192448
3.17834072402327	-0.701256070291258
3.18802498559488	-0.709782160735596
3.19776062004113	-0.718211468755382
3.20746308216353	-0.726469842323903
3.21725391974695	-0.734659359605645
3.22711182123428	-0.742758183666528
3.23699519177486	-0.750729205735411
3.24688690860536	-0.758557915052288
3.25685137759637	-0.766292981145784
3.26685493199638	-0.77390501922139
3.27684257471475	-0.781351434327685
3.28690840712395	-0.788700769995833
3.29702786893427	-0.795931532424651
3.30710810996781	-0.802976509998465
3.31727155761087	-0.809920371937441
3.32749822630788	-0.816745647881612
3.33774982794387	-0.823424050150505
3.34800934287151	-0.829943946486152
3.35833596939517	-0.83634093500272
3.36869521275378	-0.842590736820216
3.37905022632597	-0.848670560776452
3.38947535866192	-0.854622445866207
3.39993880402794	-0.860425203723231
3.41039043777347	-0.866050449477974
3.42091402307315	-0.87154195609661
3.43147845536247	-0.876880423767886
3.4420293911057	-0.882037800186869
3.4526525708765	-0.887054835774448
3.4633150223251	-0.891912957754442
3.47396919021129	-0.89658995017998
3.48469385856079	-0.901119197415805
3.49545162854373	-0.905482106031438
3.50621362322408	-0.909666517384128
3.51704161579696	-0.913695013028612
3.5278922782647	-0.917549040400822
3.53876631912766	-0.921228547014902
3.5496883454988	-0.924740117599984
3.56060171773829	-0.928064884584662
3.57158797974599	-0.931226785712336
3.58259892087751	-0.934209392287314
3.59363775960698	-0.937013290096858
3.60471617797161	-0.939639832940367
3.61580778800817	-0.942082246112277
3.62695211307017	-0.944348021182816
3.63810008493022	-0.946426388951692
3.64930881068706	-0.948327098188211
3.66051993765373	-0.950039249509286
3.67179171852253	-0.9515709706509
3.68307531444863	-0.952914572727477
3.69440907475027	-0.954073732103207
3.70577535131655	-0.955045786412513
3.71717040216676	-0.955829150750292
3.72860264661332	-0.956424218693563
3.74006776822304	-0.956830045667583
3.75156043121055	-0.957045283002397
3.76308745809629	-0.957070041750793
3.77464790032496	-0.956903736497551
3.78624079429903	-0.956545853122775
3.79786516124114	-0.955995949574378
3.80952000706141	-0.955253656623817
3.82121364961211	-0.954318008483968
3.83294066930392	-0.953189418476755
3.84470345196805	-0.95186690619531
3.85649934144555	-0.950350778397747
3.86834309755273	-0.948638453950398
3.8802096684213	-0.946733345133087
3.8921126415183	-0.944633473936595
3.90407244491482	-0.942334554424728
3.91606130897138	-0.939841474683451
3.9280843344738	-0.937153369268982
3.94014459808381	-0.934269595032755
3.95224418811584	-0.931189627196707
3.96438493488973	-0.927912937097689
3.97657204073887	-0.924437998182612
3.98878672918247	-0.920770358520027
4.00104662854392	-0.91690501005647
4.01334391143762	-0.912844587374156
4.02569184807541	-0.908584786562333
4.0380793938166	-0.904129511574539
4.05051078969169	-0.899477557024394
4.0629831552034	-0.894630363911838
4.07550403823062	-0.889585310392425
4.08807228652942	-0.884343122013549
4.1006847744178	-0.878905515765128
4.11334666572468	-0.873270708682404
4.12605745301999	-0.867439348075106
4.13881958463087	-0.861410769976602
4.15163331936497	-0.855185335392863
4.16449650124802	-0.848764695772413
4.17741338177876	-0.842147371965055
4.19039249269336	-0.835329470039727
4.20342260065729	-0.828317498977523
4.21651724094656	-0.821104836803857
4.22966407321315	-0.813699020894806
4.24287386090582	-0.806094827677207
4.25614912696832	-0.798291505719328
4.26949162798357	-0.790288747023191
4.28290268111687	-0.78208653493767
4.29638350470376	-0.77368495961845
4.30993557887131	-0.765083996812676
4.3235610235134	-0.756283251303628
4.33726377401252	-0.747281156756832
4.35108286597577	-0.738052477692722
4.3649760155693	-0.728626003230107
4.37894708645671	-0.719000450849729
4.39300229192355	-0.709172854716176
4.40715526181243	-0.699134887406024
4.42144380255017	-0.688860229383153
4.43582030214798	-0.678383965708655
4.45029892300534	-0.667697323903644
4.46495975413303	-0.656741641427994
4.4797165757423	-0.645581952525837
4.4945866975295	-0.634207019062136
4.50960155468122	-0.622594297218185
4.52481883000463	-0.6106996163103
4.54017071402885	-0.59857691689531
4.55569357086259	-0.586199180540793
4.57149328813522	-0.573482260368651
4.58746356731637	-0.56051235368398
4.60364136123621	-0.54726132473979
4.62008537801299	-0.533682472185233
4.63690481314635	-0.519685629813938
4.65401040402236	-0.505345649031354
4.67146224622177	-0.490613685496458
4.68933723876451	-0.47542594279314
4.70792938118415	-0.459531718054067
4.7271104270959	-0.443039705987688
4.74703966378368	-0.425813504399677
4.76795084528819	-0.407650963112746
4.79023244546877	-0.388213604833831
4.81407916558643	-0.367331477963916
4.84094957021995	-0.343725722279988
4.87410673421471	-0.314524540218396
4.96353226026389	-0.235734014943185
4.98566723790821	-0.216301754268853
5.00438019749234	-0.199916658199536
5.0211185743743	-0.185300909130839
5.03581081802444	-0.172508250388089
5.04966742698719	-0.160477877992101
5.0623925293302	-0.14946236097999
5.07416212226194	-0.13930390372731
5.08513522959323	-0.129860572188083
5.09544492199409	-0.121013918215002
5.10519500293976	-0.112671580588828
5.11446013116772	-0.104766880536674
5.12328731940535	-0.0972572339592801
5.13168743086709	-0.0901310748201878
5.13934023160444	-0.0836567263978856
5.14679328753607	-0.0773679541800861
5.15396606920881	-0.0713316456005798
5.16049898847982	-0.0658479725686014
5.16693752081851	-0.0604567312922423
5.17302739284247	-0.0553700898534389
5.17878442451001	-0.0505726923217026
5.18425269992998	-0.0460265014818439
5.18943162724371	-0.0417302468253514
5.19431072428105	-0.0376915265151379
5.19895337041917	-0.0338562610073856
5.20313765071449	-0.0304064238736093
5.20723472685285	-0.0270347013353364
5.21110192997893	-0.0238577223180353
5.214485895789	-0.0210824785573365
5.21784228830319	-0.0183341031249289
5.22097489708116	-0.0157727703572868
5.22380445335993	-0.0134624548587031
5.22644353629929	-0.0113105676691488
5.22886411743857	-0.00933920931650022
5.23114152236118	-0.00748651873491338
5.23342022429575	-0.0056347724519186
5.23557252448601	-0.00388768773367124
5.23781329922692	-0.00207081854993899
5.24005532958707	-0.00025493072198217
5.24229861697429	0.00155997577098901
5.24454316279878	0.00337390094979839
5.24670848021554	0.00512183423163761
5.24891690617992	0.00690248741471917
5.25112655176675	0.00868212453157889
5.25333741832434	0.0104607455648378
5.25559989385821	0.0122788172400399
5.25800669164373	0.0142105234274336
5.26060279316344	0.0162912901257609
5.26338427508202	0.0185174889162673
5.26635178066099	0.020888986985196
5.26948042761413	0.0233852237468886
5.27276635883864	0.0260022094407628
5.27623412333571	0.0287589469349896
5.27988424606511	0.031655044002872
5.28354174306879	0.0345509500512634
5.28748702221727	0.0376679882535894
5.29161048715802	0.0409184345038545
5.29572684523458	0.0441554341555839
5.30013231465733	0.0476111790061113
5.30468823836837	0.0511756260311194
5.30937116812981	0.0548291247964237
5.3142240549284	0.0586044457881136
5.31910202987473	0.0623879258663628
5.32421641224833	0.0663424614317071
5.32943044351988	0.0703610690470808
5.33479939368365	0.0744850062273881
5.34030360819296	0.0786981986147286
5.34591931104515	0.0829809138981581
5.3516831622076	0.0873602589938182
5.35753759121885	0.0917908471644077
5.36353846878311	0.0963141590762235
5.36962369107342	0.100881676569408
5.37584257097131	0.105529615174259
5.38215086476295	0.110223183104046
5.38856965125842	0.114977234810885
5.39509352793102	0.11978607457329
5.40169345210018	0.124627397582137
5.40842563156919	0.129540837035571
5.4151863700711	0.134449692558302
5.42211973621216	0.139457162888114
5.42901905119959	0.144412762251363
5.43613009857177	0.14949197426626
5.4433129873395	0.154592509393476
5.45055890260751	0.159707313878272
5.45792800685855	0.164877181209776
5.46528257084942	0.170004479471049
5.47281495113332	0.175222096165446
5.48041249261439	0.180449714910132
5.48805281613423	0.185671171658825
5.495822697235	0.190944136355262
5.50353937091406	0.196143529534122
5.51142766220366	0.201419934386983
5.51940651719694	0.206716623509936
5.52736841854986	0.211961367442096
5.53547761943228	0.217261159981778
5.54365600106201	0.222562656529993
5.5518348130746	0.227820537388504
5.56014500254338	0.233117629080838
5.56851383559217	0.238405403997523
5.57688781023089	0.243649358564053
5.58538312555054	0.248920863974592
5.59393381695463	0.254176873142166
5.60248517488031	0.259383086729254
5.61115206414258	0.264608090250994
5.61987652448677	0.269814818728938
5.62858996370025	0.274961676251203
5.63741620942647	0.280120589535428
5.64630683195528	0.285261073221301
5.65516869903664	0.290328607301935
5.66414292044114	0.2954028788652
5.67319254193861	0.300460717967898
5.68219042240482	0.305430354412258
5.69130188860285	0.310402390019942
5.70049820330873	0.31535875503444
5.70972765460245	0.320269813106072
5.71896612593628	0.325122222801054
5.72829340803826	0.329956531185342
5.73766797876549	0.33474929798223
5.74702365490003	0.339466155151981
5.75647276629961	0.344162724794283
5.76598661413245	0.348822646584061
5.77545057676167	0.353389179175344
5.78501304127698	0.357933338903646
5.79465062972676	0.36244176205367
5.80432194009398	0.366893389661995
5.81399020716329	0.371270869563474
5.82373936567348	0.375611082886129
5.83353859928091	0.379898437183684
5.84330586705503	0.384096560820553
5.8531597988345	0.388255735563028
5.86307947837166	0.392365079644607
5.87302374283239	0.396406044549125
5.88297733665889	0.400372081896858
5.89300221543238	0.404286689678872
5.90306450540419	0.408134988806092
5.91311343509225	0.411897192968286
5.92323885704232	0.415606093400394
5.93341503916268	0.419250462527598
5.94355665419359	0.422799318500634
5.9537794568459	0.426292665009576
5.96406358307692	0.429721784925291
5.97436982522681	0.433072245626744
5.98468917946296	0.436340856590282
5.99507319354934	0.43954285152773
6.00548533292606	0.442665534926957
6.0159012741878	0.445701350566269
6.02638418426534	0.448667787111469
6.03689891782488	0.45155343368231
6.04741307415273	0.454349138047781
6.05799513724492	0.457072299203061
6.06860938938087	0.459712272024002
6.07922475304331	0.462261080659245
6.08990715032036	0.4647337715212
6.10061809208756	0.467120055173836
6.11133856896977	0.469415485502568
6.12212276278851	0.471630819197835
6.13292782273993	0.473756023782169
6.14375739733117	0.475791659743874
6.15463497617114	0.477741195073731
6.16550122720916	0.479593654943541
6.17644079471377	0.481363012455845
6.18740825679266	0.483040542982378
6.19839685647523	0.484625037962232
6.20943281638006	0.486119479682128
6.22046892945603	0.487517134438245
6.2315717017559	0.488825914526901
6.24265750013672	0.490035404205041
6.2538246098025	0.491156083677541
6.26501274480906	0.492180543208511
6.27624391181096	0.493110696274011
6.28745399004396	0.49394094195251
6.29874746377793	0.494678935360842
6.3100344184159	0.495317948045725
6.32138923514536	0.49586197550925
6.33276532244768	0.496308093040524
6.34418098942957	0.496656506943602
6.35563329984076	0.496906867651593
6.36711362981789	0.497058648137712
6.37862621499936	0.497111374823688
6.39017259498639	0.497064980336304
6.40175181228934	0.496919182701955
6.41336289429627	0.496673737219043
6.42500485313669	0.496328436854038
6.43668410826897	0.495882860988139
6.44839755371126	0.495337124208002
6.46014331930277	0.494690914013763
6.47192604784474	0.493944007763694
6.48375079736835	0.493095690371877
6.49560050469688	0.492147148726956
6.50751590876345	0.491094844317629
6.51945310530179	0.489942296796955
6.53142076721841	0.488688879058116
6.54342361182921	0.487334154813453
6.55546411670102	0.485877836684996
6.56754375790482	0.484319717610625
6.57966378983873	0.482659603006981
6.59182571056874	0.480897250423431
6.60403452742011	0.479031870881212
6.61627364407914	0.477066086702199
6.62856000200843	0.474997291703035
6.64088312801959	0.472827327965242
6.65324856631596	0.470555390568185
6.66565803884925	0.468181279408145
6.67811256910983	0.465704915981167
6.6906160502816	0.463125630317903
6.7031645309772	0.460444375788747
6.71575802121874	0.457661367816364
6.72839982966563	0.454776093702539
6.74109166406907	0.45178836911348
6.7538311880843	0.448698993528252
6.76662181138177	0.445507415295096
6.77946354947585	0.442213916674457
6.79235837463762	0.438818294955924
6.80531584753813	0.435318267259721
6.81832370994219	0.431717438037747
6.83138690151506	0.428014875246687
6.84451071984467	0.424209434367704
6.85769900271553	0.420300327907499
6.87095431863604	0.416287110357494
6.88427826483379	0.412169627533559
6.89767175942477	0.407947955812354
6.91113535080687	0.403622324307581
6.9246695564093	0.399193015667438
6.93827523373184	0.394660243825616
6.95195397823742	0.390024009901617
6.9657085348978	0.385283940523473
6.97954411583925	0.380438798948887
6.99350636584162	0.375472818280954
7.00754491772442	0.370404210402089
7.0216656904127	0.365231597092196
7.03587872056717	0.359952015714861
7.0502501400865	0.354541132997296
7.064707468281	0.349026550446261
7.07926319675224	0.343404400679196
7.09394069959806	0.337666418304452
7.10879669947614	0.331790674259676
7.12376417570221	0.325804130614727
7.13887040689242	0.319696766996619
7.15421285059151	0.313429381859863
7.16968966003451	0.307043918784477
7.18532986625776	0.300529398905946
7.20118251821437	0.29386614483463
7.21732065776191	0.287023583380688
7.23367064143571	0.28003338716738
7.25028235612067	0.272875071081707
7.2673517514259	0.265464098772079
7.28472660676103	0.257866543799754
7.3024716034383	0.250054979184485
7.32066666306951	0.241994874487465
7.33941185130512	0.233642350084207
7.35883657940518	0.224939991051238
7.37911789522266	0.215808526580525
7.40051933739026	0.206129114055468
7.42348185576033	0.195701779667416
7.44887038550702	0.184132505623651
7.47934527515444	0.17020561488699
7.52724219369185	0.148274602144027
7.57005768224636	0.128680865039875
7.59513126407693	0.117233202179584
7.61519006719783	0.108098223632319
7.63277661421017	0.100110527540301
7.64868970595605	0.0929032347459476
7.66295978094199	0.0864586645867214
7.67630354154258	0.0804500985415385
7.68865705599078	0.0749039094929653
7.70015740151243	0.0697560553936133
7.71092748715192	0.0649493137529904
7.72106915949493	0.0604363125991034
7.73065999226061	0.0561808562191468
7.73975210617181	0.0521583179172361
7.74830657819799	0.0483844735009526
7.75627048577578	0.0448808327201724
7.76395783436931	0.0415079806705046
7.77126307457395	0.0383114103621275
7.77803385542305	0.0353563688403965
7.78464358679731	0.032478841087117
7.79084950119429	0.0297839292920267
7.79676592280509	0.0272207945968274
7.80234352249733	0.0248101662578069
7.80766117094779	0.0225169573603822
7.81264380700229	0.0203729859347465
7.81738920495399	0.0183352717988723
7.82170075760584	0.0164875346900365
7.82589504513037	0.0146934446325659
7.82985871555956	0.013001024310131
7.83334003413341	0.0115171481624593
7.83678885132335	0.0100494528230562
7.84001321006754	0.00867935895303679
7.84311866253616	0.00736175703876369
7.84628089802499	0.00602210510538034
7.84944563443569	0.00468339288798832
7.85261287572459	0.00334562029227055
7.85558087314635	0.00209393950294259
7.85869650827835	0.000781971567498352
7.86181457114947	-0.000529019448436349
7.86491990931531	-0.00183266598962253
7.86798897802881	-0.00311898462236321
7.8710604024414	-0.00440429135195938
7.87413418617059	-0.00568858615947371
7.87714826838952	-0.00694595728576787
7.88017528179399	-0.00820665366517013
7.88320458676732	-0.00946630519920256
7.88623618678066	-0.0107249118194625
7.88927927719644	-0.0119862140639977
7.89254946748538	-0.0133392673885524
7.89600212145652	-0.0147652183790649
7.89963131042627	-0.0162612023425402
7.9033900273302	-0.017807275899937
7.90732707008628	-0.0194232194601523
7.9114315888815	-0.0211041077508098
7.91566053518891	-0.0228316811278731
7.92006381992861	-0.0246259978324775
7.92456666158071	-0.0264560912361371
7.92924649101417	-0.0283528330878223
7.93409684595706	-0.0303131183047737
7.93891143929544	-0.0322531114988116
7.94402216072789	-0.0343061402098812
7.94918806313386	-0.0363746532601493
7.95455283901109	-0.0385155756259749
7.96001822900887	-0.0406891027905127
7.96562958018399	-0.0429125363738384
7.97136008399686	-0.0451747479185063
7.97721015834384	-0.0474751006625599
7.98318053600112	-0.0498134143983264
7.9892614779581	-0.0521850374517995
7.9954508307665	-0.0545886684934154
8.00175493619822	-0.0570259250523193
8.00814381913192	-0.0594847403636619
8.01466358041998	-0.0619820335216782
8.02123227308414	-0.0644858972979095
8.02796036941662	-0.0670376791729707
8.0346879186853	-0.0695761234200672
8.04161718161423	-0.0721768973590235
8.04848099139252	-0.0747390189344038
8.05557079170682	-0.0773708436564649
8.06274936521941	-0.0800201181892137
8.06997020317363	-0.0826692338287397
8.07733512391294	-0.0853547338176432
8.08466077691989	-0.0880091874194878
8.09217495717233	-0.0907146024759817
8.09976827400786	-0.0934303356955103
8.10738593759878	-0.0961363674507003
8.11515173710731	-0.0988758816694684
8.12284145406328	-0.101569186433655
8.13071141889392	-0.104305695341868
8.13868614745389	-0.107057789346017
8.14662521756868	-0.10977652924846
8.15471881621565	-0.112526504054172
8.16289312532984	-0.115281383202615
8.17105177883858	-0.118008272815483
8.17934804682441	-0.120757771960947
8.18771290866927	-0.123505826837963
8.19606843600989	-0.12622645267508
8.20455080591204	-0.128963335054355
8.21309764427196	-0.13169519913811
8.22163160963131	-0.134396957166331
8.23028604417051	-0.137110193044067
8.23900676803224	-0.139816769805649
8.24770341645377	-0.142488279253868
8.25651736516587	-0.145167588610943
8.265404355113	-0.147840065138282
8.27424972533309	-0.150470857293533
8.28321158751613	-0.153106541852644
8.29225766136154	-0.155736397211274
8.3012391405828	-0.158316767547958
8.31033805393074	-0.160899658015288
8.3195252142772	-0.163475506912589
8.32875118292206	-0.16602949733799
8.33797664386463	-0.16855047302405
8.34729417072825	-0.171063078029554
8.35666538762398	-0.173555927499298
8.36600754738114	-0.176006718487728
8.37544627355195	-0.178447944443841
8.38495686119431	-0.180872086619732
8.39440679665482	-0.183245035349524
8.40395826544711	-0.185607285190144
8.41358758262128	-0.18795177554184
8.42325568866748	-0.190268082836366
8.43291222588556	-0.192543909696743
8.44265235182674	-0.194801154381967
8.45244848303608	-0.197032414262212
8.46220332620693	-0.199215263745947
8.47204750868097	-0.201378630132263
8.4819598963096	-0.20351677183971
8.49190112253933	-0.205620386826007
8.50184418233981	-0.207683573514767
8.51186102268945	-0.20972069222042
8.52192037676814	-0.21172449034533
8.53195804651533	-0.213681974951006
8.54207473994707	-0.215612402753926
8.55224805578394	-0.217510524798236
8.5623777699009	-0.219357401019826
8.57259124885663	-0.22117605873224
8.58286845776062	-0.222961896384292
8.59317186174145	-0.224707650728486
8.6034812775568	-0.226409758652372
8.61385788002727	-0.228077799622649
8.62426726558053	-0.229705462727589
8.63467277383782	-0.231286868391785
8.64514790461438	-0.232832761784243
8.65565994611987	-0.234337513455225
8.66616332705833	-0.235794449836231
8.67673742212015	-0.237214217794671
8.68734902628105	-0.238591560454002
8.69795347656339	-0.239920535759663
8.70862796258368	-0.241210470599021
8.71933628961766	-0.242456228055905
8.73004598963882	-0.243653904641757
8.74082267789429	-0.244810456800948
8.75162515559241	-0.245920775347326
8.7624444858683	-0.246983847182839
8.77331956350117	-0.248003042465273
8.78417279020242	-0.248970874877761
8.79510340944304	-0.249896037093506
8.80606831908429	-0.250774103485201
8.81704549364313	-0.251603194238634
8.82807894983286	-0.252386268290968
8.83910126294967	-0.253118316615916
8.85019992646842	-0.253804958575911
8.86132001855945	-0.254442116584303
8.87247875039797	-0.255030717277543
8.88366391132466	-0.255569667355296
8.89488660574671	-0.256059423450045
8.9061355358757	-0.256499072199004
8.9174258251003	-0.256889131964466
8.92869984127383	-0.257227472262753
8.94005139148348	-0.257516860346411
8.95141495737336	-0.257755199239088
8.96282724130676	-0.257943050634245
8.9742763013561	-0.258080002047062
8.98573807720861	-0.258165622434558
8.99724701812546	-0.258199997396094
9.00878988886702	-0.25818291002548
9.02036573393893	-0.258114211235459
9.03197358274065	-0.257993771269381
9.043612449429	-0.257821479907547
9.05528133278366	-0.257597246669007
9.06700366783823	-0.257320477424793
9.07874470360368	-0.256991902891494
9.09053388353413	-0.256610595964415
9.10234324590968	-0.256177399589036
9.11421620318779	-0.255690605745367
9.1261071420569	-0.255151916010899
9.138027889486	-0.25456092227131
9.14998422172262	-0.253917353797668
9.16197877341747	-0.253221041990358
9.17403190621737	-0.252470644585484
9.18612241489515	-0.251667343875535
9.19823441103631	-0.250812310369209
9.21038692089407	-0.249904305332006
9.222581577894	-0.248943198050215
9.23482418683664	-0.247928504249986
9.24709921285252	-0.246861550463829
9.25942556802189	-0.245740736691047
9.27178925966199	-0.244567357794668
9.28419535280039	-0.243341032998333
9.29664709272844	-0.242061508460051
9.30914049210526	-0.240729283525471
9.32167955162686	-0.239344037901535
9.33426530206959	-0.237905755139414
9.34689874252237	-0.236414426759408
9.35958097444757	-0.234870036464962
9.37231329315593	-0.233272547164278
9.38509726468088	-0.231621887971916
9.3979347885611	-0.229917941536548
9.41082750109083	-0.228160621781044
9.42377345949033	-0.22635034774725
9.43677221257104	-0.224487374407494
9.44983449845435	-0.222570322697454
9.46294904905182	-0.220601037233189
9.47612623127701	-0.218578175563101
9.48936891723209	-0.216501473334702
9.50267900295185	-0.214370813478316
9.51605771683305	-0.212186192265311
9.52950593893032	-0.20994767729204
9.54302454376193	-0.207655355204587
9.55661476961631	-0.205309268416425
9.57027860885634	-0.202909341569044
9.58401920609998	-0.200455300048262
9.59784428333504	-0.197946037291963
9.611784378407	-0.195376137655963
9.62580222321436	-0.192752672248292
9.63990426077851	-0.190074808867215
9.65410373260977	-0.187340375959897
9.6684475652262	-0.184540465615926
9.68287975073754	-0.181686221600442
9.69741373757903	-0.178775420949403
9.7121404494258	-0.175789973872088
9.72696436317885	-0.172749388416715
9.74190340804778	-0.169650503109395
9.75698923411	-0.166487173251343
9.7722898344436	-0.163245254065851
9.78772852543757	-0.159941228454254
9.80334107605189	-0.156567914390856
9.81925003447055	-0.153098900472492
9.83533622456908	-0.149560315163569
9.85163781750849	-0.14594427905152
9.8682126230717	-0.142238358561187
9.88520109652907	-0.138411123402279
9.90249329908051	-0.134487434380213
9.92015334357787	-0.130453161687834
9.93825953086127	-0.12629072870115
9.95691252203375	-0.12197719813687
9.97648333268203	-0.117426397674004
9.9969090240042	-0.112652510631683
10	-0.111928144119827
10	-0.111928144119827
