0	0
0.0116960709528421	0.0349846143017258
0.029451548506668	0.0876881629868824
0.0536172964531426	0.158599950468782
0.0831479313561021	0.243902653362631
0.0900436705432634	0.263598535061533
0.1205272362624	0.349614994061583
0.160149184830893	0.458743544294115
0.174658242184921	0.497910098316471
0.206607581421144	0.582592288638542
0.254664956717628	0.70575155586566
0.255535100417858	0.707933292221489
0.309684109711885	0.840185032438482
0.328745153961999	0.885048065639177
0.371195973612903	0.981683421447088
0.403732237944276	1.05261014671505
0.438115253364745	1.12451486994658
0.475648416990593	1.19935151335499
0.512283926283913	1.26863492227659
0.545620695591584	1.32839145777696
0.596969583125917	1.41418849366077
0.614710851427717	1.44205012370246
0.682375335998777	1.53979208050834
0.704371568933614	1.56863755845024
0.744894948715145	1.61798608708592
0.808940813651225	1.68591370505036
0.86499304518564	1.73523365833259
0.870997180482707	1.73995637991886
0.931284155202568	1.78140930708441
0.979114473165038	1.80661581323265
0.989806236534511	1.8113260799413
1.04635806114484	1.83070751312907
1.07760129037592	1.83746041082725
1.10106655841719	1.84070183713888
1.15350979757956	1.84238260221837
1.17000907003702	1.84134131920264
1.2040437540606	1.83685782227906
1.25181212282373	1.82538151345636
1.25716841197585	1.82372268999215
1.29780217281721	1.80874628598703
1.33990859287045	1.78887897907807
1.34001893399581	1.78882118122142
1.37941078923874	1.76633349953435
1.41465922422149	1.74312980336855
1.41608107956239	1.74213393525868
1.44843975229273	1.7182433907254
1.47311751459747	1.69848200079685
1.48878360158945	1.68526024432228
1.49278115702268	1.6818034561323
1.51045607588717	1.66611986531034
1.53449238439726	1.64377179673744
1.56385612823379	1.61491686373265
1.56638825044909	1.61235001802082
1.60174246285155	1.57524713573944
1.63767205941716	1.53521732029842
1.64167153757315	1.5306199651541
1.686409911922	1.47737166374604
1.7049839756518	1.45430671471451
1.73710301728272	1.41316156496796
1.77213968212481	1.36656548783157
1.79201211293139	1.33937452660877
1.83617599948873	1.27712886920767
1.85211642206559	1.25407031377419
1.89786219815464	1.18632580432875
1.91838985256047	1.15520459237135
1.95843885501355	1.09334720282114
1.99216926090121	1.04016238321299
2.01879725812171	0.997562757864492
2.07644776832957	0.903711153010542
2.0784730452616	0.900378932911582
2.13611927658321	0.80471185557433
2.18951331636142	0.714986212900275
2.19218136481184	0.71048243543015
2.24607386191076	0.619240079428195
2.29803586247034	0.531038732821184
2.34784883551303	0.446610494119984
2.39527716784079	0.366622669827228
2.4400560843146	0.291696784924592
2.48187865048361	0.222429944336577
2.5073327397	0.180683494288997
2.52132164175165	0.157888969908147
2.55634729614797	0.101320507230586
2.58675111426694	0.0528608072381936
2.60592190557212	0.0226411404371189
2.61283464290521	0.011810700929446
2.62808804200762	-0.0119577504934239
2.64346775369298	-0.0357358952309404
2.66567717955472	-0.069727322296089
2.69350099343417	-0.111705373762509
2.69669854177139	-0.116484686550682
2.72963288727928	-0.165152374793828
2.7678184945736	-0.220251189342415
2.78216162070944	-0.240558540294297
2.81285596913927	-0.28327423554712
2.86031795011528	-0.347249303740416
2.86279233974835	-0.350512765412684
2.91620445426229	-0.419152820733842
2.94137257626699	-0.450270339908028
2.97589057972892	-0.49161934636218
3.01598526119224	-0.537665771616048
3.0406446449433	-0.564898438369049
3.08710806758009	-0.613902143246703
3.11215577322196	-0.639042623286825
3.15609011756373	-0.680934162025969
3.19293822369824	-0.713865551145852
3.22436812336428	-0.740342857724669
3.28873573524612	-0.7898651080397
3.29237885073217	-0.792477512545637
3.35831756645038	-0.836204427855855
3.42262093570667	-0.872318457427756
3.45068912907466	-0.886055628119033
3.48264055805461	-0.900194742568033
3.54318606958002	-0.922630318072167
3.59174888653467	-0.936531121548079
3.60196890945848	-0.938994675364453
3.65879643893616	-0.949806741363356
3.69094620472936	-0.95377557592999
3.71378798027191	-0.955662259801842
3.76653936625793	-0.957114873060912
3.78381347340731	-0.956720208950747
3.8173803733663	-0.954744860589705
3.86550598401665	-0.949192598454637
3.87134377151533	-0.948304270513888
3.91183607163864	-0.940889509258776
3.95437571938356	-0.930799369618016
3.95448916982185	-0.930769350518554
3.99437289931836	-0.919224051772493
4.03019057533257	-0.907198307879326
4.03067447445989	-0.907025306401406
4.06460147381884	-0.894212237162025
4.09024884064096	-0.883652837415408
4.10749994774469	-0.876137465714173
4.10784919179254	-0.875981913063119
4.1254965075835	-0.867950641450819
4.14789716291066	-0.857277668159877
4.17585824180996	-0.843224535504363
4.18094747666195	-0.840580995996482
4.21223458069712	-0.823765215994812
4.25056994941321	-0.801890483253544
4.25227689605683	-0.800884706600231
4.29674432610063	-0.7737712804903
4.32213074727244	-0.757536914853862
4.34600238180766	-0.741791082537547
4.38862340066942	-0.712594968852601
4.39947930961851	-0.704943644135869
4.45151913670925	-0.667157747800184
4.45814878623143	-0.662215976706853
4.51185646729175	-0.621226636233667
4.5228876296003	-0.612604169618697
4.57117983347543	-0.574138238942415
4.59474408051789	-0.554966841536708
4.63065211619678	-0.525313288758787
4.67588320224402	-0.487280379444045
4.69032871581486	-0.474996348675802
4.7483302321502	-0.425112810898004
4.77665092004843	-0.40048764143879
4.80304562472612	-0.377421144186073
4.85738326522393	-0.329677245106468
4.9098060336179	-0.283459946731317
4.91180658791718	-0.281695752854726
4.95377562305928	-0.244726937193406
5.0019237857776	-0.202472576720279
5.04746353932667	-0.162790738145569
5.07123281434249	-0.142228352868193
5.09099296347976	-0.125227309947937
5.13071210240963	-0.0913461336649889
5.16672198789105	-0.0610188603227143
5.17707489887085	-0.052376164645435
5.20035803997957	-0.0330732602232587
5.22670167458638	-0.0114694070170662
5.24530894503783	0.00362768258581905
5.26316323150645	0.0179803123663458
5.27237077509714	0.0253289555346591
5.28858230854478	0.038177731984802
5.31717735601568	0.0605503930079083
5.35065482054322	0.0862433814175696
5.36023429441952	0.0934915398517787
5.39147570775919	0.116795976803692
5.43456740952873	0.148065589853977
5.44319712438003	0.154200320975709
5.48508404434572	0.18334809041767
5.52273493364864	0.208628278413837
5.53874147310222	0.219101962989078
5.59652769320756	0.255502249847522
5.5967069073616	0.255611616240913
5.66505008133492	0.295674475237485
5.67187219037026	0.299490850632739
5.74119657308007	0.336323934680781
5.74479322465329	0.338136877883979
5.8155109802184	0.371767896318903
5.83186642607679	0.378994279766131
5.88019821879712	0.39911582706309
5.93015904053163	0.417957952676803
5.9466443444564	0.423734947727042
6.01170788379037	0.444389828080343
6.07507303346912	0.461203258823857
6.09736979745129	0.466344324776185
6.13346448014945	0.47381331884078
6.19307441662192	0.483851797708265
6.22862592302947	0.488487521403441
6.25090381906809	0.490881335448495
6.30672158806567	0.495175961133903
6.32940669432716	0.49623269785844
6.36063138911867	0.497044294789962
6.41226253720932	0.496784908172545
6.42191263240709	0.496517899040437
6.46195768095129	0.494687358689396
6.50861571072376	0.491119611867201
6.50880388875707	0.491102133062869
6.55333368036026	0.486289213062312
6.58699798075899	0.481769471068076
6.59501386108696	0.48058339768963
6.6330858544301	0.474390849984099
6.6640848422967	0.468679271399485
6.66721288528518	0.468070086700899
6.69656521863152	0.462069628131259
6.71932087236456	0.45706913109869
6.73895631673244	0.452515930422478
6.74162331128262	0.451880598345805
6.76366700581662	0.446479204444692
6.79076909653114	0.439477026853575
6.81191855723068	0.433743588354107
6.8244848696721	0.430227381302327
6.86204454925398	0.41925128084591
6.88238253784534	0.413023742375917
6.90560912021554	0.405676103282222
6.95055343736481	0.39078408909361
6.95254736682341	0.390103288356237
7.004600302393	0.371770217257949
7.01477533673578	0.368063559507843
7.06357959359188	0.349765931176267
7.08099061432204	0.343042532046558
7.12807944243163	0.324382079999366
7.14539291768816	0.317358810560836
7.19955920501674	0.294875342537505
7.20824133542152	0.291205519302764
7.26922886841299	0.264975773574482
7.28318658946888	0.258872364023928
7.32501938351976	0.24039479953589
7.37530821948183	0.217862661850766
7.38268967072187	0.21453178428823
7.43833793441411	0.18927201695438
7.49222493861451	0.164644501704041
7.5106411694207	0.156209855112271
7.54113432362409	0.142244617706391
7.59080098476456	0.119535503664001
7.63805972464844	0.0980380006996646
7.68266398260505	0.0779103081177597
7.68680364454047	0.0760523319258646
7.72454683972003	0.0592057398605398
7.76312576252858	0.0421804459601655
7.79484466440431	0.028355433239722
7.79822531560639	0.0268918764882765
7.82866684425431	0.0138061330330861
7.85318214157551	0.00339709194558461
7.87531053647918	-0.0058921737970512
7.88836577579239	-0.0113228269346452
7.90036201397618	-0.0162795190467844
7.92707192978913	-0.027195752089809
7.95888778198197	-0.0399709803118188
7.97641170760682	-0.0468962938263939
7.99751201843727	-0.0551261785490267
8.03910652737993	-0.0709861214504849
8.059253066696	-0.0784865680575675
8.0871025908284	-0.0886520376456831
8.13786854661548	-0.106551965402896
8.13790797335288	-0.106565540006798
8.19785700880071	-0.126595739162692
8.21549035182418	-0.132250399488304
8.26241255686666	-0.146751723896876
8.28994018921826	-0.154881959586014
8.33305954006664	-0.167040140745412
8.36183672237331	-0.17475503135972
8.41234183448661	-0.187504292136827
8.43213624960445	-0.192222500210385
8.50109106541527	-0.207410085636884
8.50651938144333	-0.208522711694236
8.56208418402572	-0.219206358961351
8.62055939210188	-0.229052228228982
8.6272773856843	-0.230091142735688
8.69059833238135	-0.238948903476725
8.7521149474087	-0.245936374795997
8.79273389398143	-0.249680502613278
8.81188607553147	-0.251206787751567
8.86969550583881	-0.25489566061638
8.90046371970104	-0.25630144491252
8.92567459646957	-0.257167325217449
8.97952364812373	-0.258169424963232
8.99642174486458	-0.258248696983229
9.0314357081979	-0.258060656880072
9.08083286526086	-0.257004762702866
9.08582649590908	-0.256847231040523
9.12837281644669	-0.255134285421159
9.17027333747815	-0.252814057499943
9.17272969024245	-0.252658804918255
9.21433472843736	-0.24971566233585
9.24770936752863	-0.246933933299142
9.25259046567801	-0.246496240277302
9.28684798343942	-0.243209755767087
9.31599980415986	-0.240122358860034
9.32350705803539	-0.239284926738589
9.34581845898506	-0.236695618328096
9.37288611586326	-0.233357930903123
9.39816924645454	-0.230050749730061
9.40042130063804	-0.229747404250257
9.43113431383181	-0.225472649256741
9.46645399351749	-0.220246878137504
9.46918461319704	-0.219829405431036
9.5095876583981	-0.213435320734133
9.53953896431448	-0.208443566325753
9.55557366100521	-0.205686076932525
9.60551594124244	-0.19674182863371
9.60585377059734	-0.196679536955945
9.66357386792535	-0.185708824024466
9.67294081504795	-0.18386984006825
9.72675437517859	-0.173012597729427
9.73824849616089	-0.170632992805231
9.79640995559653	-0.15829559455142
9.80184171057833	-0.157119914680502
9.86355270429328	-0.143513994399784
9.87747425762478	-0.140386718986562
9.92013175359217	-0.130692915755546
9.96492194705831	-0.120353351684923
9.97836687749165	-0.117223203756357
10	-0.112164304848767
