0	2
0.0116960709528421	1.9997952028864
0.029451548506668	1.9987066115454
0.0536172964531426	1.99573109437311
0.0831479313561021	1.98978783940595
0.0900436705432634	1.98803820609264
0.1205272362624	1.97868710204924
0.160149184830893	1.9626696194108
0.174658242184921	1.95573009361712
0.206607581421144	1.93846308752252
0.254664956717628	1.90749695275732
0.255535100417858	1.90688184865714
0.309684109711885	1.86495173422336
0.328745153961999	1.84851014625672
0.371195973612903	1.80887051033571
0.403732237944276	1.77577556300895
0.438115253364745	1.73833682649461
0.475648416990593	1.69472308317859
0.512283926283913	1.64950163252732
0.545620695591584	1.60621236414609
0.596969583125917	1.53576276247757
0.614710851427717	1.51042704529592
0.682375335998777	1.40946657261455
0.704371568933614	1.37527473723217
0.744894948715145	1.31070392099596
0.808940813651225	1.20483577378833
0.86499304518564	1.10890435079711
0.870997180482707	1.09847181204922
0.931284155202568	0.992271946793582
0.979114473165038	0.906441508866424
0.989806236534511	0.887100961535208
1.04635806114484	0.784076594937347
1.07760129037592	0.726770230589436
1.10106655841719	0.683616579144121
1.15350979757956	0.587008756159244
1.17000907003702	0.556620685951919
1.2040437540606	0.494026620485096
1.25181212282373	0.406536210598052
1.25716841197585	0.396764250384033
1.29780217281721	0.322960456021036
1.33990859287045	0.24720713246508
1.34001893399581	0.247009748807663
1.37941078923874	0.176975971820222
1.41465922422149	0.115119149972739
1.41608107956239	0.112641627003343
1.44843975229273	0.0566547601476266
1.47311751459747	0.0144944144826123
1.48878360158945	-0.012009574741885
1.49278115702268	-0.0187389529458152
1.51045607588717	-0.0483253997552361
1.53449238439726	-0.0881061910600272
1.56385612823379	-0.135951540157618
1.56638825044909	-0.140037054545514
1.60174246285155	-0.196385278644004
1.63767205941716	-0.252268291800758
1.64167153757315	-0.258399106364227
1.686409911922	-0.325696878716245
1.7049839756518	-0.352922355771835
1.73710301728272	-0.398972564820294
1.77213968212481	-0.447671505017527
1.79201211293139	-0.474557814476672
1.83617599948873	-0.532342057874744
1.85211642206559	-0.552515878390848
1.89786219815464	-0.608341386491804
1.91838985256047	-0.632374066634467
1.95843885501355	-0.677403243483919
1.99216926090121	-0.713385317180892
2.01879725812171	-0.740515244990312
2.07644776832957	-0.795322655318761
2.0784730452616	-0.797149354684658
2.13611927658321	-0.846296826736082
2.18951331636142	-0.886868448782639
2.19218136481184	-0.888769859066485
2.24607386191076	-0.924600258318303
2.29803586247034	-0.954484441868524
2.34784883551303	-0.978832715008877
2.39527716784079	-0.998116229908732
2.4400560843146	-1.01285410877426
2.48187865048361	-1.02360386601178
2.5073327397	-1.028734347841
2.52132164175165	-1.03110216338541
2.55634729614797	-1.03564108168015
2.58675111426694	-1.03798475771869
2.60592190557212	-1.03870868707576
2.61283464290521	-1.03882771875264
2.62808804200762	-1.03882680679649
2.64346775369298	-1.0384602692633
2.66567717955472	-1.03728935480505
2.69350099343417	-1.03476530477332
2.69669854177139	-1.03440050139936
2.72963288727928	-1.02975981143359
2.7678184945736	-1.02240008725797
2.78216162070944	-1.01909563573584
2.81285596913927	-1.01105341159434
2.86031795011528	-0.99608614237588
2.86279233974835	-0.995222891413978
2.91620445426229	-0.974652169121528
2.94137257626699	-0.963711569518608
2.97589057972892	-0.947450397094083
3.01598526119224	-0.926813915099559
3.0406446449433	-0.913217215402956
3.08710806758009	-0.885827142364013
3.11215577322196	-0.870132702941058
3.15609011756373	-0.841133030606782
3.19293822369824	-0.815427716604521
3.22436812336428	-0.792574673799631
3.28873573524612	-0.743290893288665
3.29237885073217	-0.74040861000007
3.35831756645038	-0.686674934324724
3.42262093570667	-0.631707267672432
3.45068912907466	-0.607025506031114
3.48264055805461	-0.578488621002895
3.54318606958002	-0.523278431122618
3.59174888653467	-0.478123137217824
3.60196890945848	-0.468539442905078
3.65879643893616	-0.41484897782709
3.69094620472936	-0.384246898620623
3.71378798027191	-0.362439896866713
3.76653936625793	-0.311972373430271
3.78381347340731	-0.295443120670785
3.8173803733663	-0.263361747843176
3.86550598401665	-0.217536502083305
3.87134377151533	-0.211998394566835
3.91183607163864	-0.173747776177436
3.95437571938356	-0.133930896970474
3.95448916982185	-0.133825299117442
3.99437289931836	-0.0969266377269936
4.03019057533257	-0.0642146404196713
4.03067447445989	-0.0637757344540402
4.06460147381884	-0.0332201264928438
4.09024884064096	-0.0104203327722605
4.10749994774469	0.00475818710045829
4.10784919179254	0.00506414540351782
4.1254965075835	0.0204524904890413
4.14789716291066	0.0397764301125717
4.17585824180996	0.0635511322545475
4.18094747666195	0.0678353803978399
4.21223458069712	0.0938716660547074
4.25056994941321	0.125034781230497
4.25227689605683	0.126402568799549
4.29674432610063	0.161414729514215
4.32213074727244	0.18085190775005
4.34600238180766	0.198747338709256
4.38862340066942	0.229744600831294
4.39947930961851	0.237438798997041
4.45151913670925	0.273147345664157
4.45814878623143	0.277553932410254
4.51185646729175	0.312025641099328
4.5228876296003	0.318830828671404
4.57117983347543	0.347489627485392
4.59474408051789	0.360792709419501
4.63065211619678	0.380188757341012
4.67588320224402	0.403089570202042
4.69032871581486	0.410039412587732
4.7483302321502	0.43614412980376
4.77665092004843	0.447834817144265
4.80304562472612	0.458100835965808
4.85738326522393	0.477311607547704
4.9098060336179	0.493382198502744
4.91180658791718	0.493947510968636
4.95377562305928	0.504993552977375
5.0019237857776	0.515758625721612
5.04746353932667	0.524074805243686
5.07123281434249	0.527699869093348
5.09099296347976	0.530342039809559
5.13071210240963	0.534642538136777
5.16672198789105	0.537385509975575
5.17707489887085	0.537972550825476
5.20035803997957	0.538966897267165
5.22670167458638	0.539553638342701
5.24530894503783	0.539626712734702
5.26316323150645	0.53943393858985
5.27237077509714	0.539234615007309
5.28858230854478	0.53871967659496
5.31717735601568	0.537308097556712
5.35065482054322	0.53485069883566
5.36023429441952	0.533989894976733
5.39147570775919	0.530703619912422
5.43456740952873	0.524995597569827
5.44319712438003	0.523691439921651
5.48508404434572	0.516618137854022
5.52273493364864	0.509238321080409
5.53874147310222	0.505814667875422
5.59652769320756	0.492096191043837
5.5967069073616	0.492050391679438
5.66505008133492	0.473192811995658
5.67187219037026	0.471162735864861
5.74119657308007	0.449102794238804
5.74479322465329	0.447889915588693
5.8155109802184	0.422765424894573
5.83186642607679	0.416625195131085
5.88019821879712	0.397818527121714
5.93015904053163	0.377398431112428
5.9466443444564	0.370460895227621
6.01170788379037	0.342200558449763
6.07507303346912	0.313490840811547
6.09736979745129	0.303148651652554
6.13346448014945	0.28618077545493
6.19307441662192	0.257623798690413
6.22862592302947	0.240337826922451
6.25090381906809	0.229428944826034
6.30672158806567	0.201898375363311
6.32940669432716	0.190653318742214
6.36063138911867	0.175145882183363
6.41226253720932	0.14948182319685
6.42191263240709	0.144689445676724
6.46195768095129	0.124842125547194
6.50861571072376	0.101839311429753
6.50880388875707	0.101746895212454
6.55333368036026	0.0799805491094829
6.58699798075899	0.0636848633292105
6.59501386108696	0.0598278873690926
6.6330858544301	0.0416462338103057
6.6640848422967	0.0270284382087974
6.66721288528518	0.0255633553720871
6.69656521863152	0.0119112657563028
6.71932087236456	0.001453152837265
6.73895631673244	-0.00747662726481812
6.74162331128262	-0.00868262849377313
6.76366700581662	-0.018584686137697
6.79076909653114	-0.030590982931027
6.81191855723068	-0.0398248371168332
6.8244848696721	-0.0452531827169726
6.86204454925398	-0.0612081982346
6.88238253784534	-0.0696713451952781
6.90560912021554	-0.0791789863573108
6.95055343736481	-0.0970797159816577
6.95254736682341	-0.0978582292907794
7.004600302393	-0.117691339049054
7.01477533673578	-0.121454964934346
7.06357959359188	-0.138972553273757
7.08099061432204	-0.145003519320458
7.12807944243163	-0.160718339718227
7.14539291768816	-0.166273449086557
7.19955920501674	-0.182855732209553
7.20824133542152	-0.185399736413832
7.26922886841299	-0.202361071248827
7.28318658946888	-0.206016885078488
7.32501938351976	-0.216460292524117
7.37530821948183	-0.227983102609179
7.38268967072187	-0.229578809276456
7.43833793441411	-0.240814337642409
7.49222493861451	-0.250349902530823
7.5106411694207	-0.253304353623014
7.54113432362409	-0.257854544455384
7.59080098476456	-0.264355000450477
7.63805972464844	-0.269495685647786
7.68266398260505	-0.273419295441871
7.68680364454047	-0.273737976071181
7.72454683972003	-0.276289878900268
7.76312576252858	-0.278245307739979
7.79484466440431	-0.279363894365131
7.79822531560639	-0.279457267223191
7.82866684425431	-0.28007667510257
7.85318214157551	-0.280287582274792
7.87531053647918	-0.28026003144933
7.88836577579239	-0.280147709734794
7.90036201397618	-0.279982108927018
7.92707192978913	-0.279401521828605
7.95888778198197	-0.278332957806064
7.97641170760682	-0.277571908929365
7.99751201843727	-0.276495305870482
8.03910652737993	-0.273871939633949
8.059253066696	-0.272366353030928
8.0871025908284	-0.270038349401725
8.13786854661548	-0.265081867221135
8.13790797335288	-0.265077665958468
8.19785700880071	-0.258082463054788
8.21549035182418	-0.255800411882105
8.26241255686666	-0.249251373447564
8.28994018921826	-0.245099786437097
8.33305954006664	-0.238156433112216
8.36183672237331	-0.233238500577422
8.41234183448661	-0.224085914922114
8.43213624960445	-0.220327811845564
8.50109106541527	-0.206537941464149
8.50651938144333	-0.205408934611709
8.56208418402572	-0.193522779925164
8.62055939210188	-0.180409162040756
8.6272773856843	-0.178866937933414
8.69059833238135	-0.164008050056867
8.7521149474087	-0.149086006458531
8.79273389398143	-0.139018607323999
8.81188607553147	-0.134222204065635
8.86969550583881	-0.119587022064425
8.90046371970104	-0.111722229336808
8.92567459646957	-0.105249837389858
8.97952364812373	-0.0913697799099636
8.99642174486458	-0.087006715547472
9.0314357081979	-0.0779675222702671
9.08083286526086	-0.0652428132996522
9.08582649590908	-0.0639599347449964
9.12837281644669	-0.0530678373672108
9.17027333747815	-0.04242452815757
9.17272969024245	-0.041803723150274
9.21433472843736	-0.0313510976053078
9.24770936752863	-0.0230627855615775
9.25259046567801	-0.021858561290767
9.28684798343942	-0.0134694838026282
9.31599980415986	-0.00642413470188005
9.32350705803539	-0.00462476913951098
9.34581845898506	0.00068502394371498
9.37288611586326	0.00704704311185802
9.39816924645454	0.0129052689086595
9.40042130063804	0.0134230108258657
9.43113431383181	0.0204142265643987
9.46645399351749	0.0282861660694258
9.46918461319704	0.0288869474132308
9.5095876583981	0.0376398307817328
9.53953896431448	0.0439579193050334
9.55557366100521	0.0472780707281356
9.60551594124244	0.0573289984096691
9.60585377059734	0.0573954460592999
9.66357386792535	0.0684323910518327
9.67294081504795	0.0701631659396913
9.72675437517859	0.0797664650695145
9.73824849616089	0.0817412747688824
9.79640995559653	0.0913075844178792
9.80184171057833	0.0921641344831492
9.86355270429328	0.101441138958627
9.87747425762478	0.103417280292485
9.92013175359217	0.109199430004306
9.96492194705831	0.114821706420348
9.97836687749165	0.116418695966016
10	0.118899853566622
