0	98.5999901400002
0.001	98.5901404927069
0.002	98.5802819714138
0.003	98.570424435918
0.004	98.5605678860764
0.005	98.5507123219569
0.006	-1.44986548656868
0.007	-1.44972050697701
0.008	-1.44957554188537
0.009	-1.44943059129376
0.01	-1.44928565520217
0.011	-1.44914073361063
0.012	-1.4489958265191
0.013	-1.44885093392761
0.014	-1.44870605583614
0.015	-1.44856119224471
0.016	-1.4484163431533
0.017	-1.44827150856192
0.018	-1.44812668847057
0.019	-1.44798188287926
0.02	-1.44783709178797
0.021	-1.44769231519671
0.022	-1.44754755310548
0.023	-1.44740280551427
0.024	-1.4472580724231
0.025	-1.44711335383195
0.026	-1.44696864949598
0.027	-1.44682395957331
0.028	-1.44667928412152
0.029	-1.44653462314061
0.03	-1.44638997663057
0.031	-1.44624534459141
0.032	-1.44610072702313
0.033	-1.44595612392572
0.034	-1.44581153529919
0.035	-1.44566696114353
0.036	-1.44552240145875
0.037	-1.44537785624485
0.038	-1.44523332550182
0.039	-1.44508880922967
0.04	-1.4449443074284
0.041	-1.444799820098
0.042	-1.44465534723848
0.043	-1.44451088884983
0.044	-1.44436644493207
0.045	-1.44422201548518
0.046	-1.4440776003099
0.047	-1.44393319947747
0.048	-1.44378881308679
0.049	-1.44364444113787
0.05	-1.44350008363069
0.051	-1.44335574056528
0.052	-1.44321141194162
0.053	-1.44306709775971
0.054	-1.44292279801955
0.055	-1.44277851272116
0.056	-1.44263424186451
0.057	-1.44248998544962
0.058	-1.44234574347649
0.059	-1.44220151594511
0.06	-1.44205730285548
0.061	-1.44191310420761
0.062	-1.44176892000149
0.063	-1.44162475023713
0.064	-1.44148059491451
0.065	-1.44133645403366
0.066	-1.44119232744622
0.067	-1.44104821512642
0.068	-1.44090411721929
0.069	-1.44076003372481
0.07	-1.440615964643
0.071	-1.44047190997386
0.072	-1.44032786971738
0.073	-1.44018384387356
0.074	-1.4400398324424
0.075	-1.43989583542391
0.076	-1.43975185281809
0.077	-1.43960788462492
0.078	-1.43946393084442
0.079	-1.43931999147658
0.08	-1.43917606652141
0.081	-1.4390321559789
0.082	-1.43888825984906
0.083	-1.43874437813187
0.084	-1.43860051082735
0.085	-1.4384566579355
0.086	-1.43831281936394
0.087	-1.43816899498034
0.088	-1.43802518498035
0.089	-1.43788138936396
0.09	-1.43773760813117
0.091	-1.43759384128198
0.092	-1.43745008881641
0.093	-1.43730635073443
0.094	-1.43716262703605
0.095	-1.43701891772128
0.096	-1.43687522279012
0.097	-1.43673154224255
0.098	-1.43658787607859
0.099	-1.43644422429824
0.1	-1.43630058690148
0.101	-1.43615696388833
0.102	-1.43601335525879
0.103	-1.43586976101284
0.104	-1.43572618115051
0.105	-1.43558261567177
0.106	-1.43543906454502
0.107	-1.43529552752235
0.108	-1.43515200485426
0.109	-1.43500849654075
0.11	-1.4348650025818
0.111	-1.43472152297743
0.112	-1.43457805772764
0.113	-1.43443460683242
0.114	-1.43429117029177
0.115	-1.43414774810569
0.116	-1.43400434027419
0.117	-1.43386094679726
0.118	-1.43371756767491
0.119	-1.43357420290713
0.12	-1.43343085249392
0.121	-1.43328751643529
0.122	-1.43314419473123
0.123	-1.43300088738175
0.124	-1.43285759438683
0.125	-1.43271431574649
0.126	-1.43257105146073
0.127	-1.43242780125844
0.128	-1.43228456534819
0.129	-1.43214134376352
0.13	-1.43199813650441
0.131	-1.43185494357089
0.132	-1.43171176496293
0.133	-1.43156860068056
0.134	-1.43142545072375
0.135	-1.43128231509252
0.136	-1.43113919378687
0.137	-1.43099608680679
0.138	-1.43085299415229
0.139	-1.43070991582336
0.14	-1.43056685182
0.141	-1.43042380214223
0.142	-1.43028076679003
0.143	-1.4301377457634
0.144	-1.42999473906234
0.145	-1.42985174668686
0.146	-1.42970876863696
0.147	-1.42956580471782
0.148	-1.4294228549925
0.149	-1.42927991956379
0.15	-1.42913699843169
0.151	-1.42899409159619
0.152	-1.4288511990573
0.153	-1.42870832081501
0.154	-1.42856545686934
0.155	-1.42842260722027
0.156	-1.4282797718678
0.157	-1.42813695081195
0.158	-1.4279941440527
0.159	-1.42785135159006
0.16	-1.42770857342402
0.161	-1.42756580955459
0.162	-1.42742305998177
0.163	-1.42728032470555
0.164	-1.42713760372595
0.165	-1.42699489704295
0.166	-1.42685220465656
0.167	-1.42670952645248
0.168	-1.42656686234035
0.169	-1.4264242124959
0.17	-1.42628157691911
0.171	-1.42613895561
0.172	-1.42599634856856
0.173	-1.42585375579479
0.174	-1.42571117728868
0.175	-1.42556861305025
0.176	-1.42542606307949
0.177	-1.4252835273764
0.178	-1.42514100594098
0.179	-1.42499849877323
0.18	-1.42485600587315
0.181	-1.42471352724074
0.182	-1.424571062876
0.183	-1.42442861277893
0.184	-1.42428617694953
0.185	-1.4241437553878
0.186	-1.42400134809374
0.187	-1.42385895503737
0.188	-1.42371657596787
0.189	-1.42357421113713
0.19	-1.42343186054516
0.191	-1.42328952419194
0.192	-1.4231472020775
0.193	-1.42300489420181
0.194	-1.42286260056489
0.195	-1.42272032116673
0.196	-1.42257805600734
0.197	-1.42243580508671
0.198	-1.42229356840484
0.199	-1.42215134596174
0.2	-1.4220091377574
0.201	-1.42186694379183
0.202	-1.42172476406502
0.203	-1.42158259857697
0.204	-1.42144044732768
0.205	-1.42129831031716
0.206	-1.42115618754541
0.207	-1.42101407901242
0.208	-1.42087198447379
0.209	-1.42072990408738
0.21	-1.42058783791086
0.211	-1.42044578594423
0.212	-1.42030374818749
0.213	-1.42016172464063
0.214	-1.42001971530366
0.215	-1.41987772017658
0.216	-1.41973573925939
0.217	-1.41959377255209
0.218	-1.41945182005467
0.219	-1.41930988176714
0.22	-1.4191679576895
0.221	-1.41902604782175
0.222	-1.41888415216388
0.223	-1.4187422707159
0.224	-1.41860040347781
0.225	-1.41845855044961
0.226	-1.4183167116313
0.227	-1.41817488702287
0.228	-1.4180330764797
0.229	-1.4178912799694
0.23	-1.41774949764016
0.231	-1.41760772949195
0.232	-1.41746597552479
0.233	-1.41732423573867
0.234	-1.41718251013359
0.235	-1.41704079870956
0.236	-1.41689910146657
0.237	-1.41675741840462
0.238	-1.41661574952371
0.239	-1.41647409482385
0.24	-1.41633245430504
0.241	-1.41619082796726
0.242	-1.41604921581053
0.243	-1.41590761783484
0.244	-1.4157660340402
0.245	-1.4156244644266
0.246	-1.41548290899404
0.247	-1.41534136774252
0.248	-1.41519984063007
0.249	-1.41505832742883
0.25	-1.41491682837982
0.251	-1.41477534348304
0.252	-1.41463387273849
0.253	-1.41449241614617
0.254	-1.41435097370608
0.255	-1.41420954541821
0.256	-1.41406813128257
0.257	-1.41392673129917
0.258	-1.41378534546799
0.259	-1.41364397378904
0.26	-1.41350261626232
0.261	-1.41336127288782
0.262	-1.41321994366556
0.263	-1.41307862859553
0.264	-1.41293732767772
0.265	-1.41279604091214
0.266	-1.41265476829879
0.267	-1.41251350983767
0.268	-1.41237226552878
0.269	-1.41223103513367
0.27	-1.41208981879904
0.271	-1.41194861658785
0.272	-1.41180742850011
0.273	-1.41166625453582
0.274	-1.41152509469497
0.275	-1.41138394897757
0.276	-1.41124281738361
0.277	-1.41110169991309
0.278	-1.41096059656603
0.279	-1.4108195073424
0.28	-1.41067843224223
0.281	-1.4105373712655
0.282	-1.41039632441221
0.283	-1.41025529168237
0.284	-1.41011427307598
0.285	-1.40997326859303
0.286	-1.40983227823352
0.287	-1.40969130199746
0.288	-1.40955033988485
0.289	-1.40940939177485
0.29	-1.40926845758988
0.291	-1.40912753749961
0.292	-1.40898663150404
0.293	-1.40884573960316
0.294	-1.40870486179697
0.295	-1.40856399808547
0.296	-1.40842314846867
0.297	-1.40828231294656
0.298	-1.40814149151914
0.299	-1.40800068418642
0.3	-1.40785989094839
0.301	-1.40771911180505
0.302	-1.40757834675641
0.303	-1.40743759580245
0.304	-1.40729685894319
0.305	-1.40715613617863
0.306	-1.40701542750875
0.307	-1.40687473293357
0.308	-1.40673405245308
0.309	-1.40659338606571
0.31	-1.40645273346687
0.311	-1.406312094934
0.312	-1.40617147046711
0.313	-1.40603086006618
0.314	-1.40589026373123
0.315	-1.40574968146224
0.316	-1.40560911325923
0.317	-1.40546855912219
0.318	-1.40532801905111
0.319	-1.40518749304601
0.32	-1.40504698110688
0.321	-1.40490648323372
0.322	-1.40476599942652
0.323	-1.40462552968531
0.324	-1.40448507401006
0.325	-1.40434463240078
0.326	-1.40420420485747
0.327	-1.40406379138013
0.328	-1.40392339196876
0.329	-1.40378300662337
0.33	-1.40364263516693
0.331	-1.40350227762911
0.332	-1.40336193412857
0.333	-1.4032216046653
0.334	-1.40308128923932
0.335	-1.40294098785061
0.336	-1.40280070049919
0.337	-1.40266042718504
0.338	-1.40252016790817
0.339	-1.40237992266859
0.34	-1.40223969146627
0.341	-1.40209947430125
0.342	-1.4019592711735
0.343	-1.40181908208303
0.344	-1.40167890702984
0.345	-1.40153874601393
0.346	-1.40139859903529
0.347	-1.40125846609394
0.348	-1.40111834718987
0.349	-1.40097824232307
0.35	-1.4008381514497
0.351	-1.40069807434572
0.352	-1.40055801125037
0.353	-1.40041796216362
0.354	-1.4002779270855
0.355	-1.400137906016
0.356	-1.39999789895512
0.357	-1.39985790590285
0.358	-1.3997179268592
0.359	-1.39957796182418
0.36	-1.39943801079777
0.361	-1.39929807377998
0.362	-1.39915815077081
0.363	-1.39901824177026
0.364	-1.39887834677832
0.365	-1.39873846579501
0.366	-1.39859859882031
0.367	-1.39845874585424
0.368	-1.39831890689678
0.369	-1.39817908194794
0.37	-1.39803927100772
0.371	-1.39789947386696
0.372	-1.39775969061677
0.373	-1.39761992134657
0.374	-1.39748016605636
0.375	-1.39734042474614
0.376	-1.39720069741591
0.377	-1.39706098406567
0.378	-1.39692128469541
0.379	-1.39678159930515
0.38	-1.39664192789487
0.381	-1.39650227046458
0.382	-1.39636262701429
0.383	-1.39622299754398
0.384	-1.39608338205366
0.385	-1.39594378054333
0.386	-1.39580419301299
0.387	-1.39566461946263
0.388	-1.39552505989227
0.389	-1.3953855143019
0.39	-1.39524598269152
0.391	-1.39510646499832
0.392	-1.39496696103445
0.393	-1.39482747102196
0.394	-1.39468799496087
0.395	-1.39454853285116
0.396	-1.39440908469285
0.397	-1.39426965048592
0.398	-1.39413023023039
0.399	-1.39399082392624
0.4	-1.39385143157349
0.401	-1.39371205317213
0.402	-1.39357268872215
0.403	-1.39343333822357
0.404	-1.39329400167638
0.405	-1.39315467908057
0.406	-1.39301537043616
0.407	-1.39287607574313
0.408	-1.3927367950015
0.409	-1.39259752821126
0.41	-1.39245827537241
0.411	-1.39231903648494
0.412	-1.39217981133236
0.413	-1.39204060001992
0.414	-1.3919014026303
0.415	-1.3917622191635
0.416	-1.39162304961952
0.417	-1.39148389399837
0.418	-1.39134475230003
0.419	-1.39120562452452
0.42	-1.39106651067183
0.421	-1.39092741074195
0.422	-1.3907883247349
0.423	-1.39064925265067
0.424	-1.39051019448926
0.425	-1.39037115025068
0.426	-1.39023211993491
0.427	-1.39009310354197
0.428	-1.38995410107185
0.429	-1.38981511252454
0.43	-1.38967613790006
0.431	-1.3895371771984
0.432	-1.38939823036166
0.433	-1.38925929719275
0.434	-1.38912037791812
0.435	-1.38898147253778
0.436	-1.38884258105172
0.437	-1.38870370345994
0.438	-1.38856483976244
0.439	-1.38842598995923
0.44	-1.38828715405031
0.441	-1.38814833203566
0.442	-1.3880095239153
0.443	-1.38787072968922
0.444	-1.38773194935743
0.445	-1.38759318291992
0.446	-1.38745443037669
0.447	-1.38731569172775
0.448	-1.38717696697309
0.449	-1.38703825611271
0.45	-1.38689955914662
0.451	-1.38676087607481
0.452	-1.38662220689728
0.453	-1.38648355141523
0.454	-1.38634490970027
0.455	-1.38620628185107
0.456	-1.38606766786766
0.457	-1.38592906775002
0.458	-1.38579048149816
0.459	-1.38565190911207
0.46	-1.38551335059176
0.461	-1.38537480593722
0.462	-1.38523627514846
0.463	-1.38509775822549
0.464	-1.38495925516828
0.465	-1.38482076597685
0.466	-1.3846822906512
0.467	-1.38454382919133
0.468	-1.38440538159723
0.469	-1.38426694786891
0.47	-1.38412852800636
0.471	-1.3839901220096
0.472	-1.3838517298786
0.473	-1.38371335158421
0.474	-1.38357498687473
0.475	-1.38343663600253
0.476	-1.38329829896765
0.477	-1.38315997577005
0.478	-1.38302166640976
0.479	-1.38288337088678
0.48	-1.38274508920108
0.481	-1.38260682135269
0.482	-1.3824685673416
0.483	-1.38233032716781
0.484	-1.38219210083132
0.485	-1.38205388833212
0.486	-1.38191568967023
0.487	-1.38177750484563
0.488	-1.38163933385834
0.489	-1.38150117670835
0.49	-1.38136303339566
0.491	-1.38122490392026
0.492	-1.38108678828216
0.493	-1.38094868648137
0.494	-1.38081059836151
0.495	-1.38067252391332
0.496	-1.380534463274
0.497	-1.38039641644353
0.498	-1.38025838342191
0.499	-1.38012036420914
0.5	-1.37998235880523
0.501	-1.37984436721018
0.502	-1.37970638942397
0.503	-1.37956842544663
0.504	-1.37943047527813
0.505	-1.37929253891849
0.506	-1.37915461636771
0.507	-1.37901670762578
0.508	-1.3788788126927
0.509	-1.37874093156847
0.51	-1.3786030642531
0.511	-1.37846521074659
0.512	-1.37832737104893
0.513	-1.37818954516012
0.514	-1.37805173308017
0.515	-1.37791393452694
0.516	-1.37777614973136
0.517	-1.37763837871622
0.518	-1.37750062148152
0.519	-1.37736287802726
0.52	-1.37722514835344
0.521	-1.37708743246006
0.522	-1.37694973034712
0.523	-1.37681204201461
0.524	-1.37667436746254
0.525	-1.37653670669092
0.526	-1.37639905969974
0.527	-1.37626142648899
0.528	-1.37612380705868
0.529	-1.37598620140881
0.53	-1.37584860953938
0.531	-1.37571103145039
0.532	-1.37557346714184
0.533	-1.37543591661373
0.534	-1.37529837986606
0.535	-1.37516085680877
0.536	-1.37502334730628
0.537	-1.37488585155584
0.538	-1.37474836955746
0.539	-1.37461090131113
0.54	-1.37447344681685
0.541	-1.37433600607463
0.542	-1.37419857908447
0.543	-1.37406116584635
0.544	-1.3739237663603
0.545	-1.3737863806263
0.546	-1.37364900864435
0.547	-1.37351165041445
0.548	-1.37337430593661
0.549	-1.37323697521083
0.55	-1.3730996582371
0.551	-1.37296235501542
0.552	-1.3728250655458
0.553	-1.37268778982823
0.554	-1.37255052786272
0.555	-1.37241327964926
0.556	-1.37227604498719
0.557	-1.37213882395197
0.558	-1.37200161664046
0.559	-1.37186442305264
0.56	-1.37172724318852
0.561	-1.37159007704811
0.562	-1.37145292463139
0.563	-1.37131578593838
0.564	-1.37117866096906
0.565	-1.37104154972345
0.566	-1.37090445220154
0.567	-1.37076736840333
0.568	-1.37063029832883
0.569	-1.37049324197802
0.57	-1.37035619935091
0.571	-1.3702191704475
0.572	-1.3700821552678
0.573	-1.36994515381179
0.574	-1.36980816607949
0.575	-1.36967119207088
0.576	-1.36953423178471
0.577	-1.36939728491637
0.578	-1.36926035174342
0.579	-1.36912343226584
0.58	-1.36898652648364
0.581	-1.36884963439681
0.582	-1.36871275600536
0.583	-1.3685758913093
0.584	-1.3684390403086
0.585	-1.36830220300329
0.586	-1.36816537939335
0.587	-1.36802856947879
0.588	-1.36789177325961
0.589	-1.36775499073581
0.59	-1.36761822190738
0.591	-1.36748146677433
0.592	-1.36734472533666
0.593	-1.36720799759436
0.594	-1.36707128354745
0.595	-1.36693458319591
0.596	-1.36679789653975
0.597	-1.36666122348245
0.598	-1.3665245639009
0.599	-1.36638791798644
0.6	-1.36625128573905
0.601	-1.36611466715876
0.602	-1.36597806224555
0.603	-1.36584147099942
0.604	-1.36570489342038
0.605	-1.36556832950842
0.606	-1.36543177926355
0.607	-1.36529524268576
0.608	-1.36515871977506
0.609	-1.36502221053144
0.61	-1.36488571495491
0.611	-1.36474923304546
0.612	-1.3646127648031
0.613	-1.36447631022782
0.614	-1.36433986931963
0.615	-1.36420344207852
0.616	-1.3640670285045
0.617	-1.36393062859756
0.618	-1.36379424216942
0.619	-1.36365786927209
0.62	-1.36352151001359
0.621	-1.36338516439391
0.622	-1.36324883241305
0.623	-1.36311251407101
0.624	-1.36297620936779
0.625	-1.36283991830341
0.626	-1.36270364087783
0.627	-1.36256737709109
0.628	-1.36243112694316
0.629	-1.36229489043407
0.63	-1.36215866756379
0.631	-1.36202245833234
0.632	-1.36188626273971
0.633	-1.3617500807859
0.634	-1.36161391247092
0.635	-1.36147775779475
0.636	-1.36134161675741
0.637	-1.36120548935889
0.638	-1.3610693755992
0.639	-1.36093327520227
0.64	-1.36079718838784
0.641	-1.36066111518401
0.642	-1.36052505559076
0.643	-1.3603890096081
0.644	-1.36025297723604
0.645	-1.36011695847457
0.646	-1.35998095332369
0.647	-1.3598449617834
0.648	-1.3597089838537
0.649	-1.3595730195346
0.65	-1.35943706882609
0.651	-1.35930113172817
0.652	-1.35916520824084
0.653	-1.3590292983641
0.654	-1.35889340209795
0.655	-1.35875751944239
0.656	-1.35862165039743
0.657	-1.35848579496306
0.658	-1.35834995313928
0.659	-1.35821412487816
0.66	-1.35807830996416
0.661	-1.35794250863254
0.662	-1.35780672088331
0.663	-1.35767094671648
0.664	-1.35753518613204
0.665	-1.35739943912999
0.666	-1.35726370571033
0.667	-1.35712798587306
0.668	-1.35699227961818
0.669	-1.3568565869457
0.67	-1.3567209078556
0.671	-1.35658524234789
0.672	-1.35644959042258
0.673	-1.35631395207965
0.674	-1.35617832731912
0.675	-1.35604271614098
0.676	-1.35590711854524
0.677	-1.35577153453187
0.678	-1.35563596410091
0.679	-1.35550040725233
0.68	-1.35536486386657
0.681	-1.3552293338647
0.682	-1.35509381741705
0.683	-1.35495831452362
0.684	-1.35482282518441
0.685	-1.35468734939943
0.686	-1.35455188716866
0.687	-1.35441643849211
0.688	-1.35428100336979
0.689	-1.35414558180169
0.69	-1.35401017378781
0.691	-1.35387477932815
0.692	-1.35373939842271
0.693	-1.3536040310715
0.694	-1.3534686772745
0.695	-1.35333333703172
0.696	-1.35319801034317
0.697	-1.35306269720883
0.698	-1.35292739762872
0.699	-1.35279211160283
0.7	-1.35265683913116
0.701	-1.3525215800273
0.702	-1.35238633433992
0.703	-1.35225110217862
0.704	-1.35211588354341
0.705	-1.35198067843427
0.706	-1.35184548685122
0.707	-1.35171030879425
0.708	-1.35157514426336
0.709	-1.35143999325856
0.71	-1.35130485577984
0.711	-1.3511697318272
0.712	-1.35103462140063
0.713	-1.35089952450016
0.714	-1.35076444112576
0.715	-1.35062937127745
0.716	-1.35049431495522
0.717	-1.35035927215907
0.718	-1.350224242889
0.719	-1.35008922714501
0.72	98.6466550298611
0.721	98.6367908573211
0.722	98.6269276712812
0.723	98.6170654713787
0.724	98.6072042577088
0.725	98.5973440301359
0.726	98.5874847884602
0.727	98.5776265327957
0.728	98.5677692627386
0.729	98.5579129784605
0.73	-1.44997142192009
0.731	-1.44982643173429
0.732	-1.44968145604852
0.733	-1.44953649486278
0.734	-1.44939154817706
0.735	-1.44924661599138
0.736	-1.44910169830572
0.737	-1.4489567951201
0.738	-1.44881190643451
0.739	-1.44866703224894
0.74	-1.44852217256341
0.741	-1.4483773273779
0.742	-1.44823249669242
0.743	-1.44808768050697
0.744	-1.44794287882154
0.745	-1.44779809163616
0.746	-1.44765331895079
0.747	-1.44750856076546
0.748	-1.44736381708015
0.749	-1.44721908789488
0.75	-1.4470743731886
0.751	-1.44692967269311
0.752	-1.44678498666848
0.753	-1.44664031511474
0.754	-1.44649565803187
0.755	-1.44635101541988
0.756	-1.44620638727876
0.757	-1.44606177360852
0.758	-1.44591717440916
0.759	-1.44577258968067
0.76	-1.44562801942307
0.761	-1.44548346363633
0.762	-1.44533892232047
0.763	-1.44519439547549
0.764	-1.44504988310139
0.765	-1.44490538519816
0.766	-1.44476090176581
0.767	-1.44461643280433
0.768	-1.44447197831373
0.769	-1.44432753829401
0.77	-1.44418311274516
0.771	-1.44403870138264
0.772	-1.4438943044404
0.773	-1.44374992193992
0.774	-1.4436055538812
0.775	-1.44346120026423
0.776	-1.44331686108902
0.777	-1.44317253635555
0.778	-1.44302822606385
0.779	-1.4428839302139
0.78	-1.4427396488057
0.781	-1.44259538183925
0.782	-1.44245112931457
0.783	-1.44230689123163
0.784	-1.44216266759045
0.785	-1.44201845839102
0.786	-1.44187426363335
0.787	-1.44173008331744
0.788	-1.44158591744327
0.789	-1.44144176601087
0.79	-1.44129762902021
0.791	-1.44115350623897
0.792	-1.44100939780154
0.793	-1.44086530377676
0.794	-1.44072122416466
0.795	-1.44057715896521
0.796	-1.44043310817843
0.797	-1.44028907180431
0.798	-1.44014504984286
0.799	-1.44000104229407
0.8	-1.43985704915794
0.801	-1.43971307043448
0.802	-1.43956910612368
0.803	-1.43942515622554
0.804	-1.43928122074007
0.805	-1.43913729966727
0.806	-1.43899339300712
0.807	-1.43884950075964
0.808	-1.43870562292482
0.809	-1.43856175950267
0.81	-1.43841791049318
0.811	-1.43827407572144
0.812	-1.43813025521237
0.813	-1.43798644908691
0.814	-1.43784265734506
0.815	-1.43769887998681
0.816	-1.43755511701216
0.817	-1.43741136842111
0.818	-1.43726763421367
0.819	-1.43712391438984
0.82	-1.4369802089496
0.821	-1.43683651789297
0.822	-1.43669284121995
0.823	-1.43654917893052
0.824	-1.4364055310247
0.825	-1.43626189750249
0.826	-1.43611827836388
0.827	-1.43597467360887
0.828	-1.43583108323746
0.829	-1.43568750724966
0.83	-1.43554394564546
0.831	-1.43540039831228
0.832	-1.43525686515633
0.833	-1.43511334635496
0.834	-1.43496984190816
0.835	-1.43482635181593
0.836	-1.43468287607828
0.837	-1.4345394146952
0.838	-1.4343959676667
0.839	-1.43425253499277
0.84	-1.43410911667341
0.841	-1.43396571270862
0.842	-1.43382232309841
0.843	-1.43367894784278
0.844	-1.43353558694171
0.845	-1.43339224039522
0.846	-1.43324890820331
0.847	-1.43310559036596
0.848	-1.4329622868832
0.849	-1.432818997755
0.85	-1.43267572298138
0.851	-1.43253246251667
0.852	-1.43238921613975
0.853	-1.4322459840884
0.854	-1.43210276636262
0.855	-1.43195956296242
0.856	-1.43181637388781
0.857	-1.43167319913875
0.858	-1.43153003871528
0.859	-1.43138689261738
0.86	-1.43124376084506
0.861	-1.43110064339832
0.862	-1.43095754027714
0.863	-1.43081445148154
0.864	-1.43067137701152
0.865	-1.43052831686707
0.866	-1.4303852710482
0.867	-1.4302422395549
0.868	-1.43009922238717
0.869	-1.42995621954503
0.87	-1.42981323102845
0.871	-1.42967025683745
0.872	-1.42952729669211
0.873	-1.42938435081789
0.874	-1.42924141924028
0.875	-1.42909850195928
0.876	-1.42895559897488
0.877	-1.42881271028709
0.878	-1.42866983589591
0.879	-1.42852697580134
0.88	-1.42838413000337
0.881	-1.42824129850201
0.882	-1.42809848129725
0.883	-1.42795567838911
0.884	-1.42781288977757
0.885	-1.42767011546263
0.886	-1.42752735544431
0.887	-1.42738460972259
0.888	-1.42724187829748
0.889	-1.42709916116897
0.89	-1.42695645833708
0.891	-1.42681376980179
0.892	-1.42667109536574
0.893	-1.42652843509692
0.894	-1.42638578909578
0.895	-1.4262431573623
0.896	-1.42610053989649
0.897	-1.42595793669836
0.898	-1.42581534776789
0.899	-1.4256727731051
0.9	-1.42553021270998
0.901	-1.42538766658253
0.902	-1.42524513472274
0.903	-1.42510261713062
0.904	-1.42496011380618
0.905	-1.42481762474941
0.906	-1.42467514996031
0.907	-1.42453268943888
0.908	-1.42439024318512
0.909	-1.42424781119902
0.91	-1.4241053934806
0.911	-1.42396299002986
0.912	-1.42382060073591
0.913	-1.42367822550193
0.914	-1.42353586450671
0.915	-1.42339351775025
0.916	-1.42325118523256
0.917	-1.42310886695363
0.918	-1.42296656291347
0.919	-1.42282427311207
0.92	-1.42268199754944
0.921	-1.42253973622556
0.922	-1.42239748914046
0.923	-1.42225525629411
0.924	-1.42211303768653
0.925	-1.42197083331771
0.926	-1.42182864318766
0.927	-1.42168646729637
0.928	-1.42154430564383
0.929	-1.42140215823007
0.93	-1.42126002505507
0.931	-1.42111790611884
0.932	-1.42097580140051
0.933	-1.42083371063196
0.934	-1.42069163407329
0.935	-1.42054957172451
0.936	-1.42040752358563
0.937	-1.42026548965662
0.938	-1.42012346993751
0.939	-1.41998146442829
0.94	-1.41983947312895
0.941	-1.4196974960395
0.942	-1.41955553315994
0.943	-1.41941358449026
0.944	-1.41927165003048
0.945	-1.41912972978058
0.946	-1.41898782374057
0.947	-1.41884593191044
0.948	-1.41870405429021
0.949	-1.41856219087986
0.95	-1.4184203416794
0.951	-1.41827850668883
0.952	-1.41813668590815
0.953	-1.41799487910892
0.954	-1.4178530864186
0.955	-1.41771130790933
0.956	-1.41756954358109
0.957	-1.4174277934339
0.958	-1.41728605746775
0.959	-1.41714433568264
0.96	-1.41700262807859
0.961	-1.41686093465557
0.962	-1.41671925541359
0.963	-1.41657759035266
0.964	-1.41643593947277
0.965	-1.41629430277393
0.966	-1.41615268025612
0.967	-1.41601107191937
0.968	-1.41586947776365
0.969	-1.41572789778898
0.97	-1.41558633199535
0.971	-1.41544478038276
0.972	-1.41530324295122
0.973	-1.41516171957757
0.974	-1.41502021018854
0.975	-1.41487871495175
0.976	-1.41473723386718
0.977	-1.41459576693484
0.978	-1.41445431415473
0.979	-1.41431287552684
0.98	-1.41417145105119
0.981	-1.41403004072777
0.982	-1.41388864455657
0.983	-1.4137472625376
0.984	-1.41360589467087
0.985	-1.41346454095635
0.986	-1.41332320139407
0.987	-1.41318187598402
0.988	-1.41304056472619
0.989	-1.4128992676206
0.99	-1.41275798466723
0.991	-1.41261671586609
0.992	-1.41247546121718
0.993	-1.41233422070511
0.994	-1.41219299405149
0.995	-1.41205178152131
0.996	-1.41191058311458
0.997	-1.4117693988313
0.998	-1.41162822867146
0.999	-1.41148707263507
1	-1.41134593072213
1.001	-1.41120480293262
1.002	-1.41106368926657
1.003	-1.41092258972396
1.004	-1.41078150430479
1.005	-1.41064043300908
1.006	-1.4104993758368
1.007	-1.41035833278797
1.008	-1.41021730386259
1.009	-1.41007628906065
1.01	-1.40993528838216
1.011	-1.40979430182711
1.012	-1.40965332939551
1.013	-1.40951237108736
1.014	-1.40937142669864
1.015	-1.40923049631039
1.016	-1.40908958001684
1.017	-1.40894867781797
1.018	-1.4088077897138
1.019	-1.40866691570433
1.02	-1.40852605578954
1.021	-1.40838520996945
1.022	-1.40824437824405
1.023	-1.40810356061335
1.024	-1.40796275707734
1.025	-1.40782196763602
1.026	-1.40768119228939
1.027	-1.40754043103746
1.028	-1.40739968388022
1.029	-1.40725895081767
1.03	-1.40711823184982
1.031	-1.40697752697665
1.032	-1.40683683619819
1.033	-1.40669615951441
1.034	-1.40655549684367
1.035	-1.40641484803381
1.036	-1.40627421328992
1.037	-1.406133592612
1.038	-1.40599298600005
1.039	-1.40585239345407
1.04	-1.40571181497406
1.041	-1.40557125056002
1.042	-1.40543070021195
1.043	-1.40529016392986
1.044	-1.40514964171373
1.045	-1.40500913356357
1.046	-1.40486863947938
1.047	-1.40472815946117
1.048	-1.40458769350892
1.049	-1.40444724162265
1.05	-1.40430680380234
1.051	-1.40416638004801
1.052	-1.40402597035965
1.053	-1.40388557473726
1.054	-1.40374519318083
1.055	-1.40360482542882
1.056	-1.40346447167225
1.057	-1.40332413195295
1.058	-1.40318380627093
1.059	-1.40304349462619
1.06	-1.40290319701874
1.061	-1.40276291344856
1.062	-1.40262264391566
1.063	-1.40248238842004
1.064	-1.4023421469617
1.065	-1.40220191954064
1.066	-1.40206170615685
1.067	-1.40192150681035
1.068	-1.40178132150112
1.069	-1.40164115022918
1.07	-1.40150099299452
1.071	-1.40136084979713
1.072	-1.40122072063702
1.073	-1.4010806055142
1.074	-1.40094050442865
1.075	-1.40080041725537
1.076	-1.40066034392491
1.077	-1.40052028460308
1.078	-1.40038023928987
1.079	-1.40024020798527
1.08	-1.4001001906893
1.081	-1.39996018740194
1.082	-1.3998201981232
1.083	-1.39968022285308
1.084	-1.39954026159158
1.085	-1.3994003143387
1.086	-1.39926038109443
1.087	-1.39912046185879
1.088	-1.39898055663176
1.089	-1.39884066541335
1.09	-1.39870078820357
1.091	-1.3985609250024
1.092	-1.39842107580985
1.093	-1.39828124062592
1.094	-1.39814141945061
1.095	-1.39800161228391
1.096	-1.39786181883135
1.097	-1.39772203934698
1.098	-1.3975822738426
1.099	-1.3974425223182
1.1	-1.39730278477379
1.101	-1.39716306120937
1.102	-1.39702335162494
1.103	-1.3968836560205
1.104	-1.39674397439605
1.105	-1.39660430675159
1.106	-1.39646465308712
1.107	-1.39632501340264
1.108	-1.39618538769814
1.109	-1.39604577597364
1.11	-1.39590617822912
1.111	-1.3957665944646
1.112	-1.39562702468006
1.113	-1.39548746887551
1.114	-1.39534792705095
1.115	-1.39520839920638
1.116	-1.39506888519737
1.117	-1.39492938499161
1.118	-1.39478989873724
1.119	-1.39465042643425
1.12	-1.39451096808265
1.121	-1.39437152368245
1.122	-1.39423209323364
1.123	-1.39409267673622
1.124	-1.39395327419018
1.125	-1.39381388559553
1.126	-1.39367451095229
1.127	-1.39353515026042
1.128	-1.39339580351995
1.129	-1.39325647073086
1.13	-1.39311715189317
1.131	-1.39297784700687
1.132	-1.39283855607196
1.133	-1.39269927908843
1.134	-1.3925600160563
1.135	-1.39242076697556
1.136	-1.3922815318462
1.137	-1.39214231036626
1.138	-1.39200310280423
1.139	-1.39186390916503
1.14	-1.39172472944864
1.141	-1.39158556365508
1.142	-1.39144641178434
1.143	-1.39130727383642
1.144	-1.39116814981132
1.145	-1.39102903970904
1.146	-1.39088994352958
1.147	-1.39075086127295
1.148	-1.39061179293914
1.149	-1.39047273852814
1.15	-1.39033369803997
1.151	-1.39019467147462
1.152	-1.39005565883209
1.153	-1.38991666011238
1.154	-1.38977767531549
1.155	-1.38963870444143
1.156	-1.38949974749018
1.157	-1.38936080432239
1.158	-1.3892218748962
1.159	-1.3890829593643
1.16	-1.38894405772668
1.161	-1.38880516998335
1.162	-1.3886662961343
1.163	-1.38852743617953
1.164	-1.38838859011905
1.165	-1.38824975795285
1.166	-1.38811093968093
1.167	-1.38797213530329
1.168	-1.38783334481995
1.169	-1.38769456823088
1.17	-1.3875558055361
1.171	-1.3874170567356
1.172	-1.38727832182938
1.173	-1.38713960081745
1.174	-1.3870008936998
1.175	-1.38686220047643
1.176	-1.38672352114735
1.177	-1.38658485571256
1.178	-1.38644620388823
1.179	-1.38630756590831
1.18	-1.38616894179416
1.181	-1.38603033154579
1.182	-1.3858917351632
1.183	-1.38575315264639
1.184	-1.38561458399535
1.185	-1.38547602921009
1.186	-1.38533748829061
1.187	-1.38519896123689
1.188	-1.38506044804896
1.189	-1.3849219487268
1.19	-1.38478346327043
1.191	-1.38464499167982
1.192	-1.384506533955
1.193	-1.38436809009595
1.194	-1.38422966010268
1.195	-1.38409124397518
1.196	-1.38395284171346
1.197	-1.38381445331752
1.198	-1.38367607867746
1.199	-1.38353771769535
1.2	-1.38339937055053
1.201	-1.38326103724302
1.202	-1.38312271777281
1.203	-1.3829844121399
1.204	-1.38284612034429
1.205	-1.38270784238597
1.206	-1.38256957826496
1.207	-1.38243132798124
1.208	-1.38229309153483
1.209	-1.38215486892572
1.21	-1.3820166601539
1.211	-1.38187846521939
1.212	-1.38174028412217
1.213	-1.38160211686226
1.214	-1.38146396343964
1.215	-1.38132582385432
1.216	-1.38118769810631
1.217	-1.38104958619559
1.218	-1.38091148812217
1.219	-1.38077340364575
1.22	-1.38063533291729
1.221	-1.38049727599768
1.222	-1.38035923288692
1.223	-1.38022120358501
1.224	-1.38008318809196
1.225	-1.37994518640777
1.226	-1.37980719853243
1.227	-1.37966922446594
1.228	-1.3795312642083
1.229	-1.37939331775953
1.23	-1.3792553851196
1.231	-1.37911746628853
1.232	-1.37897956126632
1.233	-1.37884167005295
1.234	-1.37870379264845
1.235	-1.37856592905279
1.236	-1.37842807926599
1.237	-1.37829024328804
1.238	-1.37815242111895
1.239	-1.37801461270216
1.24	-1.3778768178382
1.241	-1.37773903675468
1.242	-1.37760126945161
1.243	-1.37746351592897
1.244	-1.37732577618677
1.245	-1.37718805022501
1.246	-1.37705033804369
1.247	-1.37691263964281
1.248	-1.37677495502236
1.249	-1.37663728418236
1.25	-1.3764996271228
1.251	-1.37636198384367
1.252	-1.37622435434499
1.253	-1.37608673862674
1.254	-1.37594913668893
1.255	-1.37581154853157
1.256	-1.37567397415464
1.257	-1.37553641355815
1.258	-1.3753988667421
1.259	-1.37526133370649
1.26	-1.37512381427902
1.261	-1.37498630848094
1.262	-1.37484881643491
1.263	-1.37471133814095
1.264	-1.37457387359903
1.265	-1.37443642280917
1.266	-1.37429898577137
1.267	-1.37416156248561
1.268	-1.37402415295192
1.269	-1.37388675717028
1.27	-1.37374937514069
1.271	-1.37361200686316
1.272	-1.37347465233768
1.273	-1.37333731156426
1.274	-1.37319998454288
1.275	-1.37306267127357
1.276	-1.37292537175631
1.277	-1.3727880859911
1.278	-1.37265081397795
1.279	-1.37251355571685
1.28	-1.37237631120781
1.281	-1.37223908016517
1.282	-1.37210186282672
1.283	-1.37196465921198
1.284	-1.37182746932094
1.285	-1.3716902931536
1.286	-1.37155313070997
1.287	-1.37141598199003
1.288	-1.37127884699379
1.289	-1.37114172572126
1.29	-1.37100461817242
1.291	-1.37086752434729
1.292	-1.37073044424586
1.293	-1.37059337786812
1.294	-1.37045632521409
1.295	-1.37031928628376
1.296	-1.37018226107713
1.297	-1.3700452495942
1.298	-1.36990825183498
1.299	-1.36977126779945
1.3	-1.36963429748762
1.301	-1.36949734081828
1.302	-1.36936039763909
1.303	-1.36922346815529
1.304	-1.36908655236685
1.305	-1.3689496502738
1.306	-1.36881276187612
1.307	-1.36867588717382
1.308	-1.3685390261669
1.309	-1.36840217885535
1.31	-1.36826534523919
1.311	-1.3681285253184
1.312	-1.36799171909299
1.313	-1.36785492656296
1.314	-1.3677181477283
1.315	-1.36758138258902
1.316	-1.36744463114512
1.317	-1.36730789339659
1.318	-1.36717116934345
1.319	-1.36703445898568
1.32	-1.36689776232329
1.321	-1.36676107935627
1.322	-1.36662440990575
1.323	-1.36648775400573
1.324	-1.36635111177279
1.325	-1.36621448320694
1.326	-1.36607786830817
1.327	-1.36594126707648
1.328	-1.36580467951188
1.329	-1.36566810561437
1.33	-1.36553154538394
1.331	-1.36539499882059
1.332	-1.36525846592433
1.333	-1.36512194669515
1.334	-1.36498544113306
1.335	-1.36484894923806
1.336	-1.36471247101014
1.337	-1.3645760064493
1.338	-1.36443955555555
1.339	-1.36430311832888
1.34	-1.3641666947693
1.341	-1.3640302848768
1.342	-1.36389388865139
1.343	-1.36375750582013
1.344	-1.36362113659672
1.345	-1.36348478101212
1.346	-1.36334843906636
1.347	-1.36321211075941
1.348	-1.36307579609129
1.349	-1.36293949506199
1.35	-1.36280320767151
1.351	-1.36266693391985
1.352	-1.36253067380702
1.353	-1.36239442733302
1.354	-1.36225819449783
1.355	-1.36212197530147
1.356	-1.36198576974393
1.357	-1.36184957782521
1.358	-1.36171339954531
1.359	-1.36157723490424
1.36	-1.36144108390199
1.361	-1.36130494653856
1.362	-1.36116882281397
1.363	-1.36103271267712
1.364	-1.36089661591841
1.365	-1.36076053277029
1.366	-1.36062446323276
1.367	-1.36048840730583
1.368	-1.36035236498948
1.369	-1.36021633628372
1.37	-1.36008032118856
1.371	-1.35994431970399
1.372	-1.35980833183001
1.373	-1.35967235756663
1.374	-1.35953639691383
1.375	-1.35940044987162
1.376	-1.35926451644001
1.377	-1.35912859661899
1.378	-1.35899269040856
1.379	-1.35885679780872
1.38	-1.35872091881948
1.381	-1.35858505344082
1.382	-1.35844920167276
1.383	-1.35831336351529
1.384	-1.35817753883937
1.385	-1.35804172758408
1.386	-1.35790592991117
1.387	-1.35777014582066
1.388	-1.35763437531254
1.389	-1.35749861838681
1.39	-1.35736287504347
1.391	-1.35722714528252
1.392	-1.35709142910397
1.393	-1.3569557265078
1.394	-1.35682003749403
1.395	-1.35668436206264
1.396	-1.35654870021365
1.397	-1.35641305194704
1.398	-1.35627741726283
1.399	-1.35614179616102
1.4	-1.35600618864158
1.401	-1.35587059470455
1.402	-1.3557350143499
1.403	-1.35559944757765
1.404	-1.35546389438778
1.405	-1.35532835457782
1.406	-1.35519282822708
1.407	-1.35505731543055
1.408	-1.35492181618824
1.409	-1.35478633050016
1.41	-1.3546508583663
1.411	-1.35451539978666
1.412	-1.35437995476124
1.413	-1.35424452329004
1.414	-1.35410910537306
1.415	-1.35397370101031
1.416	-1.35383831020177
1.417	-1.35370293294745
1.418	-1.35356756924736
1.419	-1.35343221910149
1.42	-1.35329688250984
1.421	-1.35316155947241
1.422	-1.3530262499892
1.423	-1.35289095406021
1.424	-1.35275567168544
1.425	-1.3526204028649
1.426	-1.35248514732761
1.427	-1.35234990528377
1.428	-1.35221467676602
1.429	-1.35207946177435
1.43	-1.35194426030876
1.431	-1.35180907236926
1.432	-1.35167389795583
1.433	-1.35153873706849
1.434	-1.35140358970723
1.435	-1.35126845587205
1.436	-1.35113333556295
1.437	-1.35099822877993
1.438	-1.350863135523
1.439	-1.35072805579215
1.44	-1.35059298958739
1.441	-1.3504579369087
1.442	-1.35032289775609
1.443	-1.35018787212957
1.444	-1.35005286002913
1.445	98.64399780328
1.446	98.6341338964753
1.447	98.6242709761165
1.448	98.6144090418573
1.449	98.604548093858
1.45	98.5946881318377
1.451	98.5848291557678
1.452	98.5749711656195
1.453	98.5651141611035
1.454	98.5552581423664
1.455	-1.44993236423188
1.456	-1.44978737795197
1.457	-1.4496424061721
1.458	-1.44949744889227
1.459	-1.44935250611245
1.46	-1.44920757783266
1.461	-1.44906266405291
1.462	-1.44891776477318
1.463	-1.44877287999349
1.464	-1.44862800971381
1.465	-1.44848315393418
1.466	-1.44833831265457
1.467	-1.44819348587499
1.468	-1.44804867359543
1.469	-1.44790387581592
1.47	-1.44775909253642
1.471	-1.44761432375695
1.472	-1.44746956947752
1.473	-1.44732482969811
1.474	-1.44718010441874
1.475	-1.44703539353765
1.476	-1.4468906969402
1.477	-1.44674601481362
1.478	-1.44660134715792
1.479	-1.4464566939731
1.48	-1.44631205525915
1.481	-1.44616743101608
1.482	-1.44602282124389
1.483	-1.44587822594257
1.484	-1.44573364511213
1.485	-1.44558907875256
1.486	-1.44544452686388
1.487	-1.44529998944606
1.488	-1.44515546649913
1.489	-1.44501095802307
1.49	-1.44486646401789
1.491	-1.44472198448358
1.492	-1.44457751942015
1.493	-1.4444330688276
1.494	-1.44428863270592
1.495	-1.44414421099701
1.496	-1.44399980350323
1.497	-1.44385541045119
1.498	-1.44371103184091
1.499	-1.44356666767239
1.5	-1.44342231794562
1.501	-1.44327798266061
1.502	-1.44313366181735
1.503	-1.44298935541584
1.504	-1.44284506345609
1.505	-1.44270078593809
1.506	-1.44255652286185
1.507	-1.44241227422736
1.508	-1.44226804003463
1.509	-1.44212382028365
1.51	-1.44197961497442
1.511	-1.44183542410696
1.512	-1.44169124768123
1.513	-1.44154708569728
1.514	-1.44140293815507
1.515	-1.4412588050452
1.516	-1.44111468607746
1.517	-1.4409705815224
1.518	-1.44082649137999
1.519	-1.44068241565025
1.52	-1.44053835433317
1.521	-1.44039430742875
1.522	-1.44025027493699
1.523	-1.44010625685791
1.524	-1.43996225319148
1.525	-1.43981826393772
1.526	-1.43967428909662
1.527	-1.43953032866818
1.528	-1.43938638265241
1.529	-1.43924245104931
1.53	-1.43909853385886
1.531	-1.43895463108108
1.532	-1.43881074271597
1.533	-1.43866686876352
1.534	-1.43852300922372
1.535	-1.4383791640966
1.536	-1.43823533312257
1.537	-1.43809151648804
1.538	-1.43794771423712
1.539	-1.4378039263698
1.54	-1.43766015288608
1.541	-1.43751639378597
1.542	-1.43737264906946
1.543	-1.43722891873656
1.544	-1.43708520278726
1.545	-1.43694150122156
1.546	-1.43679781403947
1.547	-1.43665414124097
1.548	-1.43651048282609
1.549	-1.43636683879481
1.55	-1.43622320914712
1.551	-1.43607959388305
1.552	-1.43593599300258
1.553	-1.43579240650571
1.554	-1.43564883439245
1.555	-1.43550527666279
1.556	-1.43536173312108
1.557	-1.43521820383185
1.558	-1.43507468889719
1.559	-1.43493118831711
1.56	-1.4347877020916
1.561	-1.43464423022066
1.562	-1.4345007727043
1.563	-1.43435732954251
1.564	-1.4342139007353
1.565	-1.43407048628266
1.566	-1.43392708618459
1.567	-1.4337837004411
1.568	-1.43364032905217
1.569	-1.43349697201783
1.57	-1.43335362933806
1.571	-1.43321030101285
1.572	-1.43306698704223
1.573	-1.43292368742618
1.574	-1.4327804021647
1.575	-1.43263713125779
1.576	-1.43249387457849
1.577	-1.43235063206047
1.578	-1.43220740386803
1.579	-1.43206419000117
1.58	-1.43192099045987
1.581	-1.43177780524416
1.582	-1.43163463435401
1.583	-1.43149147778944
1.584	-1.43134833555045
1.585	-1.43120520763703
1.586	-1.43106209404919
1.587	-1.43091899478692
1.588	-1.43077590985023
1.589	-1.43063283923911
1.59	-1.43048978295357
1.591	-1.4303467409936
1.592	-1.43020371335921
1.593	-1.43006070005039
1.594	-1.42991770106714
1.595	-1.42977471640947
1.596	-1.42963174602344
1.597	-1.42948878970373
1.598	-1.42934584768061
1.599	-1.4292029199541
1.6	-1.4290600065242
1.601	-1.42891710739091
1.602	-1.42877422255422
1.603	-1.42863135201414
1.604	-1.42848849577067
1.605	-1.4283456538238
1.606	-1.42820282617354
1.607	-1.42806001281989
1.608	-1.42791721376284
1.609	-1.42777442900241
1.61	-1.42763165853858
1.611	-1.42748890237136
1.612	-1.42734616050074
1.613	-1.42720343292673
1.614	-1.42706071964932
1.615	-1.42691802066853
1.616	-1.42677533598434
1.617	-1.42663266531423
1.618	-1.42649000888872
1.619	-1.42634736673088
1.62	-1.42620473884072
1.621	-1.42606212521821
1.622	-1.42591952586339
1.623	-1.42577694077623
1.624	-1.42563436995675
1.625	-1.42549181340493
1.626	-1.42534927112079
1.627	-1.42520674310431
1.628	-1.4250642293555
1.629	-1.42492172987436
1.63	-1.4247792446609
1.631	-1.4246367737151
1.632	-1.42449431703698
1.633	-1.42435187462653
1.634	-1.42420944648375
1.635	-1.42406703260863
1.636	-1.42392463300119
1.637	-1.42378224746759
1.638	-1.42363987606912
1.639	-1.42349751890943
1.64	-1.42335517598849
1.641	-1.42321284730632
1.642	-1.42307053286291
1.643	-1.42292823265827
1.644	-1.42278594669239
1.645	-1.42264367496527
1.646	-1.42250141747692
1.647	-1.42235917422734
1.648	-1.42221694521651
1.649	-1.42207473044445
1.65	-1.42193252991115
1.651	-1.42179034361662
1.652	-1.42164817156085
1.653	-1.42150601374384
1.654	-1.4213638701656
1.655	-1.42122174082612
1.656	-1.42107962572541
1.657	-1.42093752476197
1.658	-1.42079543782116
1.659	-1.42065336509024
1.66	-1.42051130656921
1.661	-1.42036926225806
1.662	-1.4202272321568
1.663	-1.42008521626543
1.664	-1.41994321458395
1.665	-1.41980122711236
1.666	-1.41965925385065
1.667	-1.41951729479883
1.668	-1.4193753499569
1.669	-1.41923341932485
1.67	-1.41909150290269
1.671	-1.41894960069043
1.672	-1.41880771268804
1.673	-1.41866583889555
1.674	-1.41852397931295
1.675	-1.41838213394023
1.676	-1.41824030277741
1.677	-1.41809848581847
1.678	-1.41795668276708
1.679	-1.41781489389674
1.68	-1.41767311920743
1.681	-1.41753135869917
1.682	-1.41738961237195
1.683	-1.41724788022578
1.684	-1.41710616226064
1.685	-1.41696445847655
1.686	-1.41682276887351
1.687	-1.41668109345151
1.688	-1.41653943221055
1.689	-1.41639778515063
1.69	-1.41625615227176
1.691	-1.41611453357393
1.692	-1.41597292905714
1.693	-1.4158313387214
1.694	-1.4156897625667
1.695	-1.41554820059304
1.696	-1.41540665280043
1.697	-1.41526511918886
1.698	-1.41512359955194
1.699	-1.41498209397512
1.7	-1.41484060255053
1.701	-1.41469912527818
1.702	-1.41455766215805
1.703	-1.41441621319015
1.704	-1.41427477837448
1.705	-1.41413335771103
1.706	-1.41399195119982
1.707	-1.41385055884083
1.708	-1.41370918063408
1.709	-1.41356781657955
1.71	-1.41342646667725
1.711	-1.41328513092718
1.712	-1.41314380932934
1.713	-1.41300250188372
1.714	-1.41286120859033
1.715	-1.41271992944918
1.716	-1.41257866446025
1.717	-1.41243741362355
1.718	-1.41229617684324
1.719	-1.41215495399408
1.72	-1.41201374526836
1.721	-1.41187255066609
1.722	-1.41173137018726
1.723	-1.41159020383188
1.724	-1.41144905159995
1.725	-1.41130791349146
1.726	-1.41116678950642
1.727	-1.41102567964481
1.728	-1.41088458390666
1.729	-1.41074350229196
1.73	-1.41060243480069
1.731	-1.41046138143288
1.732	-1.4103203421885
1.733	-1.41017931706758
1.734	-1.4100383060701
1.735	-1.40989730919607
1.736	-1.40975632644548
1.737	-1.40961535781834
1.738	-1.40947440331464
1.739	-1.40933346264512
1.74	-1.40919253605359
1.741	-1.40905162355675
1.742	-1.4089107251546
1.743	-1.40876984084714
1.744	-1.40862897063437
1.745	-1.4084881145163
1.746	-1.40834727249292
1.747	-1.40820644456423
1.748	-1.40806563073024
1.749	-1.40792483099094
1.75	-1.40778404534634
1.751	-1.40764327379642
1.752	-1.4075025163412
1.753	-1.40736177298068
1.754	-1.40722104371484
1.755	-1.4070803285437
1.756	-1.40693962746725
1.757	-1.40679894048549
1.758	-1.40665826759842
1.759	-1.40651760864225
1.76	-1.40637696362136
1.761	-1.40623633266645
1.762	-1.4060957157775
1.763	-1.40595511295452
1.764	-1.40581452419752
1.765	-1.40567394950649
1.766	-1.40553338888142
1.767	-1.40539284232233
1.768	-1.40525230982921
1.769	-1.40511179140206
1.77	-1.40497128704088
1.771	-1.40483079674567
1.772	-1.40469032051643
1.773	-1.40454985835315
1.774	-1.40440941025585
1.775	-1.40426897622452
1.776	-1.40412855625917
1.777	-1.40398815035978
1.778	-1.40384775852636
1.779	-1.40370738072185
1.78	-1.40356701670925
1.781	-1.40342666673391
1.782	-1.40328633079587
1.783	-1.4031460088951
1.784	-1.40300570103161
1.785	-1.40286540720539
1.786	-1.40272512741646
1.787	-1.4025848616648
1.788	-1.40244460995043
1.789	-1.40230437227333
1.79	-1.40216414863352
1.791	-1.40202393903099
1.792	-1.40188374346573
1.793	-1.40174356193775
1.794	-1.40160339444706
1.795	-1.40146324099364
1.796	-1.4013231015775
1.797	-1.40118297619864
1.798	-1.40104286485706
1.799	-1.40090276755276
1.8	-1.40076268407749
1.801	-1.40062261452056
1.802	-1.40048255897225
1.803	-1.40034251743257
1.804	-1.4002024899015
1.805	-1.40006247637905
1.806	-1.39992247686521
1.807	-1.39978249136
1.808	-1.39964251986341
1.809	-1.39950256237544
1.81	-1.39936261889608
1.811	-1.39922268942534
1.812	-1.39908277396323
1.813	-1.39894287250972
1.814	-1.39880298506484
1.815	-1.39866311162858
1.816	-1.39852325220094
1.817	-1.39838340678192
1.818	-1.39824357537152
1.819	-1.39810375796973
1.82	-1.39796395450868
1.821	-1.39782416481013
1.822	-1.39768438909157
1.823	-1.39754462735299
1.824	-1.39740487959442
1.825	-1.39726514581582
1.826	-1.39712542601722
1.827	-1.3969857201986
1.828	-1.39684602835998
1.829	-1.39670635050134
1.83	-1.39656668662269
1.831	-1.39642703672404
1.832	-1.39628740080537
1.833	-1.39614777886669
1.834	-1.396008170908
1.835	-1.3958685769293
1.836	-1.39572899693058
1.837	-1.39558943091186
1.838	-1.39544987887313
1.839	-1.39531034081438
1.84	-1.39517081673562
1.841	-1.39503130640873
1.842	-1.39489180996107
1.843	-1.39475232746481
1.844	-1.39461285891994
1.845	-1.39447340432645
1.846	-1.39433396368436
1.847	-1.39419453699366
1.848	-1.39405512425435
1.849	-1.39391572546642
1.85	-1.39377634062989
1.851	-1.39363696974474
1.852	-1.393497612811
1.853	-1.39335826982863
1.854	-1.39321894079766
1.855	-1.39307962571808
1.856	-1.39294032458988
1.857	-1.39280103741308
1.858	-1.39266176418767
1.859	-1.39252250491364
1.86	-1.39238325959101
1.861	-1.39224402814482
1.862	-1.39210481041038
1.863	-1.39196560659877
1.864	-1.39182641670998
1.865	-1.39168724074402
1.866	-1.39154807870087
1.867	-1.39140893058054
1.868	-1.39126979638303
1.869	-1.39113067610835
1.87	-1.39099156975649
1.871	-1.39085247732745
1.872	-1.39071339882123
1.873	-1.39057433423782
1.874	-1.39043528357724
1.875	-1.39029624683949
1.876	-1.39015722402455
1.877	-1.39001821513244
1.878	-1.38987922016315
1.879	-1.38974023911667
1.88	-1.38960127199302
1.881	-1.38946231879219
1.882	-1.38932337929126
1.883	-1.38918445360781
1.884	-1.38904554181863
1.885	-1.38890664392374
1.886	-1.38876775992313
1.887	-1.38862888981681
1.888	-1.38849003360477
1.889	-1.38835119128702
1.89	-1.38821236286354
1.891	-1.38807354833435
1.892	-1.38793474769945
1.893	-1.38779596095883
1.894	-1.38765718811249
1.895	-1.38751842916043
1.896	-1.38737968410266
1.897	-1.38724095293917
1.898	-1.38710223566997
1.899	-1.38696353229504
1.9	-1.38682484281441
1.901	-1.38668616722805
1.902	-1.38654750547795
1.903	-1.3864088573673
1.904	-1.38627022312243
1.905	-1.38613160274333
1.906	-1.38599299623002
1.907	-1.38585440358247
1.908	-1.38571582480071
1.909	-1.38557725988471
1.91	-1.3854387088345
1.911	-1.38530017165007
1.912	-1.3851616483314
1.913	-1.38502313887852
1.914	-1.38488464329142
1.915	-1.38474616157009
1.916	-1.38460769371453
1.917	-1.38446923972475
1.918	-1.38433079960075
1.919	-1.38419237334253
1.92	-1.38405396095008
1.921	-1.38391556242341
1.922	-1.38377717776251
1.923	-1.38363880677472
1.924	-1.38350044951999
1.925	-1.38336210610256
1.926	-1.38322377652242
1.927	-1.38308546077959
1.928	-1.38294715887405
1.929	-1.38280887080581
1.93	-1.38267059657488
1.931	-1.38253233618125
1.932	-1.38239408962491
1.933	-1.38225585690587
1.934	-1.38211763802414
1.935	-1.3819794329797
1.936	-1.38184124177256
1.937	-1.38170306440272
1.938	-1.38156490087018
1.939	-1.38142675117494
1.94	-1.381288615317
1.941	-1.38115049329637
1.942	-1.38101238511302
1.943	-1.38087429074955
1.944	-1.38073620993195
1.945	-1.3805981429232
1.946	-1.3804600897233
1.947	-1.38032205033226
1.948	-1.38018402475007
1.949	-1.38004601297674
1.95	-1.37990801501226
1.951	-1.37977003085663
1.952	-1.37963206050986
1.953	-1.37949410397194
1.954	-1.37935616124288
1.955	-1.37921823232267
1.956	-1.37908031721132
1.957	-1.37894241590881
1.958	-1.37880452841516
1.959	-1.37866665473037
1.96	-1.37852879485443
1.961	-1.37839094878735
1.962	-1.37825311652912
1.963	-1.37811529807974
1.964	-1.37797749330126
1.965	-1.37783970214936
1.966	-1.37770192477791
1.967	-1.37756416118689
1.968	-1.37742641137631
1.969	-1.37728867534618
1.97	-1.37715095309648
1.971	-1.37701324462722
1.972	-1.3768755499384
1.973	-1.37673786903002
1.974	-1.37660020190207
1.975	-1.37646254855457
1.976	-1.37632490898751
1.977	-1.37618728320089
1.978	-1.3760496711947
1.979	-1.37591207296895
1.98	-1.37577448852365
1.981	-1.37563691785878
1.982	-1.37549936097435
1.983	-1.37536181787036
1.984	-1.37522428854681
1.985	-1.3750867727471
1.986	-1.37494927065343
1.987	-1.37481178231182
1.988	-1.37467430772227
1.989	-1.37453684688477
1.99	-1.37439939979932
1.991	-1.37426196646593
1.992	-1.3741245468846
1.993	-1.37398714105532
1.994	-1.37384974897809
1.995	-1.37371237065292
1.996	-1.3735750060798
1.997	-1.37343765525874
1.998	-1.37330031818973
1.999	-1.37316299487277
2	-1.37302568530787
