0	0.5
0.001	0.598595072788775
0.002	0.697180285827724
0.003	0.795755640637004
0.004	0.894321139192139
0.005	0.992876780073689
0.006	0.998654868410138
0.007	0.997205071968865
0.008	0.995755420526444
0.009	0.99430591409163
0.01	0.992856552673169
0.011	0.991407336279505
0.012	0.98995826800356
0.013	0.988509341541874
0.014	0.987060560107714
0.015	0.985611923709329
0.016	0.984163432354824
0.017	0.982715086052184
0.018	0.981266884809318
0.019	0.979818830527724
0.02	0.978370919149632
0.021	0.976923152832628
0.022	0.975475531584382
0.023	0.974028055412226
0.024	0.972580724323625
0.025	0.9711335383258
0.026	0.969686497314583
0.027	0.96823959761322
0.028	0.966792842620004
0.029	0.965346232342693
0.03	0.96389976678905
0.031	0.962453445966686
0.032	0.961007272934637
0.033	0.959561241460437
0.034	0.958115354718214
0.035	0.956669612715393
0.036	0.955224015459113
0.037	0.953778562956461
0.038	0.952333255214316
0.039	0.950888094151457
0.04	0.949443075684706
0.041	0.947998201978003
0.042	0.946553473038017
0.043	0.945108888871282
0.044	0.943664449484253
0.045	0.942220154883255
0.046	0.940776005028703
0.047	0.939331996280437
0.048	0.937888131950105
0.049	0.936444412044674
0.05	0.935000836570917
0.051	0.933557408663176
0.052	0.93211412196253
0.053	0.930670979692681
0.054	0.929227981860051
0.055	0.927785128471066
0.056	0.926342419531924
0.057	0.924899855048818
0.058	0.923457435027831
0.059	0.922015159474908
0.06	0.920573030069223
0.061	0.919131043195247
0.062	0.917689200786733
0.063	0.91624750284937
0.064	0.91480594938866
0.065	0.913364540410076
0.066	0.911923275910247
0.067	0.910482152339759
0.068	0.909041172897757
0.069	0.90760033759021
0.07	0.906159649595595
0.071	0.90471910248921
0.072	0.903278699514646
0.073	0.901838440677679
0.074	0.900398325983794
0.075	0.898958355438473
0.076	0.897518529047102
0.077	0.896078846814887
0.078	0.89463930874705
0.079	0.893199914848584
0.08	0.891760666823568
0.081	0.890321561016441
0.082	0.88888259937436
0.083	0.887443781902045
0.084	0.886005108604176
0.085	0.884566579485294
0.086	0.883128194549126
0.087	0.881689950392797
0.088	0.880251850076009
0.089	0.878813896793168
0.09	0.877376084108555
0.091	0.875938415259328
0.092	0.874500890250313
0.093	0.873063509086224
0.094	0.871626271771826
0.095	0.870189178311558
0.096	0.868752228710026
0.097	0.867315422971506
0.098	0.865878761100317
0.099	0.864442243100664
0.1	0.863005870699204
0.101	0.861569640204544
0.102	0.860133553575242
0.103	0.858697610815195
0.104	0.8572618119281
0.105	0.855826156917653
0.106	0.854390645764748
0.107	0.852955275270405
0.108	0.851520051507916
0.109	0.850084968079732
0.11	0.848650028192664
0.111	0.847215231850795
0.112	0.845780579058149
0.113	0.844346069818542
0.114	0.842911704135765
0.115	0.8414774820135
0.116	0.840043403455392
0.117	0.838609468464867
0.118	0.837175677045369
0.119	0.835742029200183
0.12	0.834308526676648
0.121	0.832875165751614
0.122	0.831441948392976
0.123	0.830008874603735
0.124	0.828575944386902
0.125	0.82714315774515
0.126	0.825710514681393
0.127	0.824278015181819
0.128	0.822845655851647
0.129	0.821413439770695
0.13	0.819981366942346
0.131	0.818549437369706
0.132	0.817117651055902
0.133	0.815686008003859
0.134	0.814254508216605
0.135	0.81282315169687
0.136	0.811391938447405
0.137	0.809960868470885
0.138	0.808529941769724
0.139	0.807099158346471
0.14	0.80566851820347
0.141	0.80423802288008
0.142	0.802807669061727
0.143	0.801377458513737
0.144	0.799947391238283
0.145	0.798517467237319
0.146	0.797087686512692
0.147	0.795658049066354
0.148	0.794228551642627
0.149	0.792799197181041
0.15	0.791369985684046
0.151	0.789940917153968
0.152	0.788511991592926
0.153	0.787083209003192
0.154	0.785654569386675
0.155	0.784226072745455
0.156	0.782797719081386
0.157	0.781369508396204
0.158	0.779941440691556
0.159	0.778513515969171
0.16	0.777085736010518
0.161	0.775658097042521
0.162	0.774230601045358
0.163	0.772803248020485
0.164	0.771376037969022
0.165	0.769948970892202
0.166	0.768522046791082
0.167	0.767095265646545
0.168	0.765668624412247
0.169	0.764242125853606
0.17	0.762815769972179
0.171	0.761389556769434
0.172	0.759963486246704
0.173	0.758537558405329
0.174	0.75711177324649
0.175	0.755686130771351
0.176	0.754260630980821
0.177	0.752835273875969
0.178	0.75141005945763
0.179	0.749984989709011
0.18	0.748560060477725
0.181	0.747135273920134
0.182	0.74571063003691
0.183	0.744286128828466
0.184	0.742861770295239
0.185	0.741437554437644
0.186	0.740013481255961
0.187	0.738589550672075
0.188	0.737165759921653
0.189	0.735742111561048
0.19	0.734318605590862
0.191	0.732895242011773
0.192	0.731472020824287
0.193	0.730048942028912
0.194	0.728626008285114
0.195	0.727203214168607
0.196	0.725780562430568
0.197	0.724358053071303
0.198	0.72293568609086
0.199	0.721513461489348
0.2	0.720091379266613
0.201	0.718669439422617
0.202	0.717247641957143
0.203	0.715825986869899
0.204	0.71440447416048
0.205	0.712983103828466
0.206	0.711561875873369
0.207	0.710140790294512
0.208	0.708719847089112
0.209	0.707299043216117
0.21	0.705878381433325
0.211	0.704457861740643
0.212	0.703037484137874
0.213	0.70161724862478
0.214	0.700197155200941
0.215	0.698777203865914
0.216	0.697357394619227
0.217	0.695937727460252
0.218	0.694518202388287
0.219	0.693098819402604
0.22	0.691679578502318
0.221	0.690260479686573
0.222	0.688841522954352
0.223	0.687422708304593
0.224	0.686004035736033
0.225	0.684585505247591
0.226	0.683167116837877
0.227	0.681748870505493
0.228	0.680330766209831
0.229	0.678912801160315
0.23	0.677494977916349
0.231	0.676077296477
0.232	0.674659756841232
0.233	0.673242359008019
0.234	0.671825102976138
0.235	0.67040798874437
0.236	0.668991016311474
0.237	0.667574185675915
0.238	0.666157496836374
0.239	0.664740949791174
0.24	0.663324544538834
0.241	0.661908281077511
0.242	0.660492159405532
0.243	0.659076179521036
0.244	0.657660341422039
0.245	0.656244645106663
0.246	0.654829089952779
0.247	0.653413677440843
0.248	0.65199840671763
0.249	0.650583274821059
0.25	0.649168284445877
0.251	0.647753435590374
0.252	0.646338728252827
0.253	0.644924162431328
0.254	0.643509738123863
0.255	0.642095455328551
0.256	0.640681314043173
0.257	0.639267314265644
0.258	0.637853455993697
0.259	0.636439739224983
0.26	0.635026163957244
0.261	0.633612730187862
0.262	0.632199437914471
0.263	0.630786287134303
0.264	0.629373277844868
0.265	0.627960409127759
0.266	0.626547683027466
0.267	0.625135098420515
0.268	0.62372265530382
0.269	0.622310353633002
0.27	0.620898190453886
0.271	0.619486168498616
0.272	0.618074285087286
0.273	0.616662545620769
0.274	0.615250947381816
0.275	0.613839490367494
0.276	0.612428174575059
0.277	0.611017000001581
0.278	0.609605966644075
0.279	0.608195074499386
0.28	0.606784323564495
0.281	0.605373713836213
0.282	0.603963245311208
0.283	0.602552917986165
0.284	0.601142731857725
0.285	0.59973268594631
0.286	0.598322782402513
0.287	0.596913020055089
0.288	0.595503398900141
0.289	0.594093918933379
0.29	0.592684577318079
0.291	0.591275376643715
0.292	0.589866316906934
0.293	0.588457398104547
0.294	0.587048620233082
0.295	0.585639983289189
0.296	0.584231484896295
0.297	0.582823129884323
0.298	0.581414915799352
0.299	0.580006842637619
0.3	0.578598910395313
0.301	0.577191119068476
0.302	0.575783468653118
0.303	0.574375959145197
0.304	0.572968590540652
0.305	0.571561361802966
0.306	0.570154275180717
0.307	0.568747329458617
0.308	0.56734052463227
0.309	0.565933860672899
0.31	0.564527334985689
0.311	0.563120949957071
0.312	0.561714705582919
0.313	0.560308601859317
0.314	0.558902638782162
0.315	0.557496816347188
0.316	0.556091134550204
0.317	0.55468559338695
0.318	0.553280190696037
0.319	0.551874930887527
0.32	0.550469811708786
0.321	0.549064833155226
0.322	0.547659995222165
0.323	0.546255297904817
0.324	0.544850741198401
0.325	0.543446324013979
0.326	0.542042048689566
0.327	0.540637913970081
0.328	0.539233919850467
0.329	0.537830066325576
0.33	0.536426353389985
0.331	0.535022778371606
0.332	0.533619343716053
0.333	0.532216046917577
0.334	0.530812893012756
0.335	0.529409879465584
0.336	0.528007006270999
0.337	0.526604273424079
0.338	0.525201680919849
0.339	0.523799226722101
0.34	0.522396914989516
0.341	0.520994743592596
0.342	0.519592712525879
0.343	0.518190821784075
0.344	0.516789071361664
0.345	0.51538746125309
0.346	0.513985990483256
0.347	0.512584661155274
0.348	0.51118347213224
0.349	0.509782423408363
0.35	0.508381514932445
0.351	0.506980744324172
0.352	0.505580113797499
0.353	0.504179623347188
0.354	0.50277927296774
0.355	0.501379060298102
0.356	0.499978990096813
0.357	0.498579059957742
0.358	0.497179269875291
0.359	0.495779619843681
0.36	0.494380109857003
0.361	0.492980738102781
0.362	0.491581508297972
0.363	0.490182418528018
0.364	0.488783468786689
0.365	0.487384659067921
0.366	0.485985988340998
0.367	0.484587458804743
0.368	0.483189069279516
0.369	0.48179081975876
0.37	0.480392710236122
0.371	0.47899474069299
0.372	0.477596906266592
0.373	0.476199214063559
0.374	0.474801661649389
0.375	0.47340424901796
0.376	0.472006976163013
0.377	0.470609840888042
0.378	0.469212847631039
0.379	0.467815994138896
0.38	0.466419280405046
0.381	0.4650227064231
0.382	0.463626270495792
0.383	0.462229976105422
0.384	0.460833821453859
0.385	0.459437806534389
0.386	0.458041930266192
0.387	0.456646194933393
0.388	0.455250599318537
0.389	0.453855143414649
0.39	0.452459826931276
0.391	0.451064650604782
0.392	0.449669611536602
0.393	0.448274711975707
0.394	0.446879949609574
0.395	0.445485329073659
0.396	0.444090848031582
0.397	0.442696506476429
0.398	0.441302302322904
0.399	0.439908239785959
0.4	0.438514316721523
0.401	0.437120533122339
0.402	0.435726887301146
0.403	0.434333382709588
0.404	0.432940017567852
0.405	0.431546791868527
0.406	0.430153704486634
0.407	0.428760757780434
0.408	0.427367950500168
0.409	0.425975282638282
0.41	0.424582753790121
0.411	0.423190364903079
0.412	0.421798115415838
0.413	0.420406000654134
0.414	0.41901402739659
0.415	0.417622193352132
0.416	0.416230496341214
0.417	0.41483894074115
0.418	0.413447524337868
0.419	0.412056247123773
0.42	0.410665107188446
0.421	0.409274108400775
0.422	0.407883248785014
0.423	0.406492526757054
0.424	0.405101945556521
0.425	0.40371150350974
0.426	0.402321199453349
0.427	0.40093103580838
0.428	0.399541011298255
0.429	0.398151125271808
0.43	0.396761379147761
0.431	0.395371772139052
0.432	0.393982304190132
0.433	0.39259297322108
0.434	0.391203781187452
0.435	0.389814725916778
0.436	0.388425811754929
0.437	0.387037036510032
0.438	0.385648398148998
0.439	0.384259900761244
0.44	0.382871542271321
0.441	0.381483320874988
0.442	0.380095240225364
0.443	0.378707298453718
0.444	0.377319494071614
0.445	0.375931830121276
0.446	0.374544303841777
0.447	0.373156917704216
0.448	0.371769670411577
0.449	0.370382561229697
0.45	0.368995591727115
0.451	0.367608761047661
0.452	0.36622206899744
0.453	0.364835516078782
0.454	0.363449097602171
0.455	0.362062819901948
0.456	0.360676678777446
0.457	0.359290678376438
0.458	0.357904816602989
0.459	0.35651909152981
0.46	0.355133507033115
0.461	0.353748059386268
0.462	0.352362752155256
0.463	0.35097758351698
0.464	0.349592551989127
0.465	0.348207660590632
0.466	0.346822906551172
0.467	0.345438292378767
0.468	0.344053816762279
0.469	0.342669478893405
0.47	0.341285280473727
0.471	0.339901220143323
0.472	0.338517298904256
0.473	0.337133516132463
0.474	0.335749869919678
0.475	0.334366360046866
0.476	0.332982990572403
0.477	0.331599759449828
0.478	0.330216664738116
0.479	0.328833710325514
0.48	0.327450892427842
0.481	0.326068214709657
0.482	0.32468567364922
0.483	0.323303272609024
0.484	0.321921008407053
0.485	0.320538884027286
0.486	0.319156896702875
0.487	0.317775048964959
0.488	0.316393339494896
0.489	0.315011767419678
0.49	0.3136303345559
0.491	0.312249039386061
0.492	0.310867883107624
0.493	0.309486864855693
0.494	0.308105985140198
0.495	0.30672523966971
0.496	0.305344634237007
0.497	0.303964164966269
0.498	0.302583835684601
0.499	0.301203642630321
0.5	0.299823589479998
0.501	0.298443672656966
0.502	0.29706389561722
0.503	0.295684255038247
0.504	0.294304754087432
0.505	0.292925389763513
0.506	0.291546164879141
0.507	0.290167076819354
0.508	0.288788126976079
0.509	0.287409316189511
0.51	0.286030642630755
0.511	0.28465210785501
0.512	0.283273710585004
0.513	0.281895451794248
0.514	0.280517330815452
0.515	0.27913934610005
0.516	0.277761497345608
0.517	0.276383788244447
0.518	0.275006215123185
0.519	0.273628781597763
0.52	0.27225148411616
0.521	0.270874326141741
0.522	0.269497304304477
0.523	0.268120420336936
0.524	0.266743675665617
0.525	0.265367067355745
0.526	0.263990598174468
0.527	0.262614265522361
0.528	0.261238070769404
0.529	0.259862014807518
0.53	0.258486095718249
0.531	0.25711031454411
0.532	0.255734671749516
0.533	0.254359166240349
0.534	0.252983798827491
0.535	0.251608568975215
0.536	0.250233473334643
0.537	0.248858516978727
0.538	0.24748369639194
0.539	0.246109013351716
0.54	0.244734469509998
0.541	0.243360061528375
0.542	0.24198579110882
0.543	0.240611659728566
0.544	0.239237664368207
0.545	0.237863806582429
0.546	0.236490087607391
0.547	0.235116504877094
0.548	0.23374305973133
0.549	0.232369752175981
0.55	0.230996583003462
0.551	0.22962355049686
0.552	0.228250655586779
0.553	0.22687789867842
0.554	0.225505278803474
0.555	0.224132796528407
0.556	0.222760450143762
0.557	0.221388241044535
0.558	0.220016167519021
0.559	0.218644231245669
0.56	0.217272432230179
0.561	0.215900772012506
0.562	0.214529247471272
0.563	0.213157860193581
0.564	0.211786610183655
0.565	0.210415497445366
0.566	0.209044523191851
0.567	0.2076736849108
0.568	0.206302983902582
0.569	0.204932420169657
0.57	0.203561993714091
0.571	0.202191704537625
0.572	0.200821553225847
0.573	0.199451538472798
0.574	0.198081660994774
0.575	0.196711920792125
0.576	0.195342317859798
0.577	0.193972850539059
0.578	0.192603518611165
0.579	0.191234323645907
0.58	0.18986526564548
0.581	0.188496344611897
0.582	0.187127560546737
0.583	0.185758913451227
0.584	0.184390403326192
0.585	0.183022030172241
0.586	0.181653793989557
0.587	0.180285695877302
0.588	0.178917733550793
0.589	0.177549908187713
0.59	0.176182219786974
0.591	0.174814668347285
0.592	0.173447253867028
0.593	0.172079976344156
0.594	0.170712835776358
0.595	0.169345832161051
0.596	0.167978965495286
0.597	0.166612235774713
0.598	0.165245639991682
0.599	0.163879180886081
0.6	0.162512858456967
0.601	0.161146672703207
0.602	0.159780623623233
0.603	0.15841471121534
0.604	0.157048934234149
0.605	0.155683295216039
0.606	0.154317792868103
0.607	0.152952427187189
0.608	0.151587198169879
0.609	0.150222105812358
0.61	0.148857150110742
0.611	0.147492331060762
0.612	0.146127648657751
0.613	0.144763102354873
0.614	0.143398693328887
0.615	0.142034420938642
0.616	0.140670285178431
0.617	0.13930628604218
0.618	0.137942422200775
0.619	0.136578693518545
0.62	0.135215101228773
0.621	0.133851644060852
0.622	0.13248832456928
0.623	0.131125141461531
0.624	0.129762094732618
0.625	0.128399183261464
0.626	0.12703640931887
0.627	0.125673771742482
0.628	0.124311269584162
0.629	0.122948904779356
0.63	0.121586676325281
0.631	0.120224583490338
0.632	0.118862627785988
0.633	0.117500807868872
0.634	0.116139124898374
0.635	0.114777578247465
0.636	0.113416167643843
0.637	0.112054893693275
0.638	0.11069375599554
0.639	0.109332752310432
0.64	0.107971884742523
0.641	0.106611152135778
0.642	0.10525055679045
0.643	0.103890096447296
0.644	0.102529773309716
0.645	0.101169585232838
0.646	0.0998095333143888
0.647	0.0984496184723952
0.648	0.0970898388203267
0.649	0.0957301961387314
0.65	0.0943706887440861
0.651	0.0930113175107693
0.652	0.0916520824390556
0.653	0.0902929840534558
0.654	0.0889340212157504
0.655	0.0875751945320137
0.656	0.0862165039994438
0.657	0.0848579498034465
0.658	0.0834995314627174
0.659	0.0821412492571705
0.66	0.0807830999938648
0.661	0.0794250865800099
0.662	0.0780672090163673
0.663	0.0767094673030141
0.664	0.0753518614392142
0.665	0.0739943914235563
0.666	0.0726370572537638
0.667	0.0712798589270997
0.668	0.0699227964399723
0.669	0.0685658697881444
0.67	0.0672090789667762
0.671	0.0658524239703343
0.672	0.0644959042419773
0.673	0.0631395209335091
0.674	0.061783273431755
0.675	0.0604271617286047
0.676	0.0590711855251123
0.677	0.0577153454570103
0.678	0.0563596410224475
0.679	0.0550040725551681
0.68	0.0536486390110368
0.681	0.0522933394509355
0.682	0.0509381746518023
0.683	0.0495831454451707
0.684	0.0482282525840228
0.685	0.0468734945379472
0.686	0.0455188720833678
0.687	0.0441643852186106
0.688	0.0428100339404098
0.689	0.0414558182444571
0.69	0.0401017381249524
0.691	0.0387477935751874
0.692	0.0373939845871059
0.693	0.0360403107494373
0.694	0.0346867729023191
0.695	0.033333370587141
0.696	0.0319801035399372
0.697	0.0306269721039619
0.698	0.0292739763999849
0.699	0.027921116082798
0.7	0.0265683913276659
0.701	0.0252158003686913
0.702	0.0238633436214818
0.703	0.0225110222045094
0.704	0.0211588356060083
0.705	0.019806784376307
0.706	0.0184548689632741
0.707	0.0171030880036696
0.708	0.0157514428441551
0.709	0.0143999326619851
0.71	0.0130485578655665
0.711	0.0116973184367709
0.712	0.0103462141007238
0.713	0.008995245129666
0.714	0.00764441141835534
0.715	0.00629371277515283
0.716	0.00494314958666655
0.717	0.00359272164751908
0.718	0.00224242895676217
0.719	0.000892271513340093
0.72	0.0334497013733702
0.721	0.13209142676051
0.722	0.230723287187238
0.723	0.329345286212578
0.724	0.427957422856885
0.725	0.526559698455647
0.726	0.625152115193681
0.727	0.723734671961804
0.728	0.822307372535777
0.729	0.920870215284214
0.73	0.999714219778788
0.731	0.998264317408333
0.732	0.99681456346823
0.733	0.995364951074246
0.734	0.99391548368407
0.735	0.992466161306444
0.736	0.991016983949892
0.737	0.989567951622804
0.738	0.988119067277032
0.739	0.986670324867819
0.74	0.985221727490543
0.741	0.983773275153319
0.742	0.982324967864219
0.743	0.980876805631078
0.744	0.979428788461697
0.745	0.977980916363809
0.746	0.97653319066215
0.747	0.97508560840762
0.748	0.973638171225532
0.749	0.972190879123103
0.75	0.97074373209555
0.751	0.969296730076777
0.752	0.967849869349727
0.753	0.966403153327024
0.754	0.964956582016459
0.755	0.963510155425747
0.756	0.962063873562509
0.757	0.960617736434224
0.758	0.959171746964939
0.759	0.957725899169812
0.76	0.95628019611017
0.761	0.954834637793318
0.762	0.953389224226197
0.763	0.95194395541591
0.764	0.950498831369226
0.765	0.949053852092931
0.766	0.947609018953732
0.767	0.946164328929653
0.768	0.944719783674984
0.769	0.943275383196184
0.77	0.941831127499671
0.771	0.940387016546901
0.772	0.938943046695224
0.773	0.937499221257668
0.774	0.936055540241218
0.775	0.93461200365258
0.776	0.933168611498497
0.777	0.93172536378551
0.778	0.930282263408603
0.779	0.928839304445271
0.78	0.927396489921717
0.781	0.925953819844229
0.782	0.924511294218936
0.783	0.923068913051996
0.784	0.921626676349234
0.785	0.920184584116612
0.786	0.918742636359814
0.787	0.917300834190121
0.788	0.915859175087068
0.789	0.914417660456898
0.79	0.912976290305026
0.791	0.91153506462851
0.792	0.910093979877037
0.793	0.908653039250226
0.794	0.907212242753963
0.795	0.905771590394201
0.796	0.904331082176715
0.797	0.902890718107115
0.798	0.901450501050075
0.799	0.900010425147894
0.8	0.89857049339042
0.801	0.897130705783109
0.802	0.895691062331135
0.803	0.8942515630397
0.804	0.892812207913802
0.805	0.891372996958471
0.806	0.889933930178558
0.807	0.888495008736005
0.808	0.887056230020431
0.809	0.885617595475507
0.81	0.884179105105715
0.811	0.882740758914748
0.812	0.881302553499952
0.813	0.879864491920883
0.814	0.878426574182551
0.815	0.876988800289998
0.816	0.875551170248008
0.817	0.874113687009233
0.818	0.872676344563329
0.819	0.87123914596314
0.82	0.869802091213363
0.821	0.868365180318452
0.822	0.866928413282746
0.823	0.865491790110506
0.824	0.864055310805937
0.825	0.862618975373108
0.826	0.861182783815971
0.827	0.859746736138502
0.828	0.858310833264062
0.829	0.856875073052506
0.83	0.855439456713758
0.831	0.854003984228031
0.832	0.85256865239796
0.833	0.851133464115196
0.834	0.849698419384055
0.835	0.848263518208529
0.836	0.846828763598297
0.837	0.845394149450331
0.838	0.843959678851537
0.839	0.84252535180579
0.84	0.841091168316759
0.841	0.839657128387971
0.842	0.838223232022947
0.843	0.836789479225117
0.844	0.835355869997711
0.845	0.833922404344073
0.846	0.832489082267191
0.847	0.831055903770143
0.848	0.82962286885586
0.849	0.828189978217353
0.85	0.826757230170126
0.851	0.825324625619837
0.852	0.823892161633972
0.853	0.822459840907826
0.854	0.821027666536236
0.855	0.819595632283112
0.856	0.818163741281864
0.857	0.816731993535597
0.858	0.81530038904732
0.859	0.813868927819986
0.86	0.81243760985627
0.861	0.811006435159039
0.862	0.809575403730805
0.863	0.808144515574253
0.864	0.806713770691696
0.865	0.805283169085504
0.866	0.803852710758011
0.867	0.80242239571137
0.868	0.800992223947626
0.869	0.799562195468773
0.87	0.7981323107473
0.871	0.796702568536245
0.872	0.795272969599675
0.873	0.7938435106819
0.874	0.792414194722426
0.875	0.790985021723694
0.876	0.789555991687983
0.877	0.788127104617588
0.878	0.786698360514563
0.879	0.785269759380997
0.88	0.78384130121883
0.881	0.782412986029968
0.882	0.780984813816191
0.883	0.779556784579096
0.884	0.778128898320401
0.885	0.776701155041588
0.886	0.775273554744064
0.887	0.773846097429136
0.888	0.772418783098136
0.889	0.770991611752157
0.89	0.769564583392376
0.891	0.768137698019649
0.892	0.766710955569588
0.893	0.765284352764359
0.894	0.763857892630992
0.895	0.762431575170984
0.896	0.761005400385831
0.897	0.759579368276852
0.898	0.758153478845398
0.899	0.756727732092618
0.9	0.755302128019708
0.901	0.753876666627571
0.902	0.752451347917319
0.903	0.751026171889629
0.904	0.749601138545418
0.905	0.748176247885257
0.906	0.746751499909871
0.907	0.745326894619729
0.908	0.743902432015216
0.909	0.742478112096685
0.91	0.741053934864487
0.911	0.739629900318762
0.912	0.738206008447792
0.913	0.73678225604975
0.914	0.735358646037645
0.915	0.73393517841216
0.916	0.732511853173943
0.917	0.731088670323501
0.918	0.729665629861324
0.919	0.728242731787739
0.92	0.726819976103078
0.921	0.72539736280752
0.922	0.723974891901191
0.923	0.722552563384183
0.924	0.721130377256348
0.925	0.719708333517702
0.926	0.718286432167912
0.927	0.716864673206743
0.928	0.71544305663385
0.929	0.714021582448792
0.93	0.712600250650963
0.931	0.711179061239826
0.932	0.70975801421296
0.933	0.708337106528189
0.934	0.70691634094406
0.935	0.705495717460434
0.936	0.704075236077069
0.937	0.70265489679375
0.938	0.701234699610033
0.939	0.699814644525574
0.94	0.698394731539775
0.941	0.69697496065205
0.942	0.695555331861742
0.943	0.694135845168092
0.944	0.692716500570269
0.945	0.691297298067276
0.946	0.689878237658237
0.947	0.688459319341957
0.948	0.68704054311737
0.949	0.685621908983224
0.95	0.684203416938167
0.951	0.68278506698085
0.952	0.681366859109754
0.953	0.679948793292212
0.954	0.678530866438236
0.955	0.677113081385933
0.956	0.675695438134435
0.957	0.674277936682752
0.958	0.672860577029751
0.959	0.671443359174323
0.96	0.670026283115205
0.961	0.668609348851027
0.962	0.667192556380528
0.963	0.665775903575495
0.964	0.664359394832631
0.965	0.662943027891236
0.966	0.661526802749449
0.967	0.660110719405488
0.968	0.658694777857432
0.969	0.657278978103273
0.97	0.655863320140953
0.971	0.654447803968291
0.972	0.65303242958304
0.973	0.651617196982781
0.974	0.650202103205372
0.975	0.64878715094556
0.976	0.64737234020172
0.977	0.645957670971914
0.978	0.644543143254382
0.979	0.643128757047136
0.98	0.641714512348126
0.981	0.640300409155308
0.982	0.638886447466578
0.983	0.637472627279605
0.984	0.63605894859206
0.985	0.634645409573478
0.986	0.633232014036957
0.987	0.631818760004008
0.988	0.630405647472023
0.989	0.628992676438198
0.99	0.627579846899799
0.991	0.626167158853894
0.992	0.62475461229753
0.993	0.623342207204638
0.994	0.621929940844874
0.995	0.620517815719138
0.996	0.619105831825072
0.997	0.617693989159994
0.998	0.616282287721375
0.999	0.6148707275064
1	0.613459308512326
1.001	0.612048030736351
1.002	0.61063689417556
1.003	0.609225898826895
1.004	0.607815044687328
1.005	0.606404331753752
1.006	0.604993760023005
1.007	0.603583327971038
1.008	0.602173038806236
1.009	0.600762890844869
1.01	0.59935288408327
1.011	0.597943018517831
1.012	0.596533294144981
1.013	0.595123710960881
1.014	0.593714268961263
1.015	0.592304965309344
1.016	0.590895802594529
1.017	0.589486778193425
1.018	0.588077897388582
1.019	0.586669157521449
1.02	0.585260558588529
1.021	0.583852100586217
1.022	0.582443783510947
1.023	0.581035607358886
1.024	0.57962757212634
1.025	0.578219677809372
1.026	0.576811924404174
1.027	0.575404311906732
1.028	0.57399683893184
1.029	0.572589508406163
1.03	0.571182318785598
1.031	0.569775270065835
1.032	0.56836836224248
1.033	0.566961595311122
1.034	0.565554969242406
1.035	0.564148481442592
1.036	0.562742134297593
1.037	0.561335927803426
1.038	0.559929861955976
1.039	0.558523936751169
1.04	0.557118149782024
1.041	0.555712505921732
1.042	0.554307002700913
1.043	0.55290164011512
1.044	0.551496418159956
1.045	0.550091336830858
1.046	0.548686396123145
1.047	0.547281596032169
1.048	0.54587693514523
1.049	0.544472416430044
1.05	0.543068038326053
1.051	0.541663800828433
1.052	0.540259703932008
1.053	0.538855747631746
1.054	0.537451931922441
1.055	0.536048256798671
1.056	0.534644717034939
1.057	0.533241320204478
1.058	0.531838063737577
1.059	0.530434947629399
1.06	0.529031971875149
1.061	0.527629136469766
1.062	0.526226439198413
1.063	0.524823884560189
1.064	0.52342147026435
1.065	0.522019196305727
1.066	0.520617062678966
1.067	0.51921506937882
1.068	0.517813216399741
1.069	0.516411502450495
1.07	0.515009930250313
1.071	0.513608498362908
1.072	0.512207206782423
1.073	0.510806055503208
1.074	0.509405044519439
1.075	0.508004173778796
1.076	0.506603440902982
1.077	0.505202848105171
1.078	0.503802392942043
1.079	0.502402080320184
1.08	0.501001907768186
1.081	0.499601875280452
1.082	0.498201982851294
1.083	0.496802230475105
1.084	0.495402616141967
1.085	0.494003143947853
1.086	0.492603811796941
1.087	0.491204619683165
1.088	0.489805567600542
1.089	0.48840665422701
1.09	0.48700788232917
1.091	0.485609250451416
1.092	0.484210758587337
1.093	0.482812406730501
1.094	0.481414194525007
1.095	0.480016122849628
1.096	0.47861818869684
1.097	0.477220394352119
1.098	0.4758227397986
1.099	0.474425225030362
1.1	0.473027847744316
1.101	0.471630612576611
1.102	0.470233517182866
1.103	0.468836561556631
1.104	0.467439745691555
1.105	0.466043067694944
1.106	0.464646531426081
1.107	0.46325013490585
1.108	0.461853878127443
1.109	0.460457759743119
1.11	0.459061782557662
1.111	0.457665945100465
1.112	0.456270247364532
1.113	0.454874689342972
1.114	0.453479270573268
1.115	0.452083992129547
1.116	0.450688853384849
1.117	0.449293851894926
1.118	0.447898987577959
1.119	0.446504265111901
1.12	0.445109682142825
1.121	0.443715238663955
1.122	0.442320932530309
1.123	0.440926768069282
1.124	0.439532743084171
1.125	0.438138857567908
1.126	0.436745109739798
1.127	0.435351503231499
1.128	0.433958036176755
1.129	0.432564708568149
1.13	0.431171519155091
1.131	0.429778470540772
1.132	0.428385561356436
1.133	0.42699279089118
1.134	0.425600160693199
1.135	0.424207669907996
1.136	0.422815318527846
1.137	0.421423104259237
1.138	0.420031029280498
1.139	0.418639093518616
1.14	0.417247294758528
1.141	0.415855637442233
1.142	0.414464119326501
1.143	0.413072738375431
1.144	0.411681498697603
1.145	0.410290398203467
1.146	0.40889943688527
1.147	0.407508613068406
1.148	0.406117930168001
1.149	0.404727386425629
1.15	0.40333698056409
1.151	0.401946715226513
1.152	0.400556589028431
1.153	0.399166601181985
1.154	0.397776753373458
1.155	0.396387044685063
1.156	0.39499747490752
1.157	0.393608044586744
1.158	0.392218751042276
1.159	0.390829594244532
1.16	0.389440578574674
1.161	0.388051701826174
1.162	0.386662961922453
1.163	0.385274363034461
1.164	0.383885903048834
1.165	0.382497580095853
1.166	0.381109397954412
1.167	0.379721353048087
1.168	0.378333448744308
1.169	0.376945683311307
1.17	0.375558055451397
1.171	0.374170567835992
1.172	0.372783219070538
1.173	0.371396008298083
1.174	0.370008937328019
1.175	0.368622005186381
1.176	0.367235211536766
1.177	0.365848557166262
1.178	0.364462039468787
1.179	0.363075660466064
1.18	0.361689418020154
1.181	0.360303316321355
1.182	0.358917353255126
1.183	0.357531526850204
1.184	0.356145841065958
1.185	0.354760293893005
1.186	0.353374883565052
1.187	0.351989613650148
1.188	0.350604480773179
1.189	0.349219488104201
1.19	0.347834632707867
1.191	0.346449917271489
1.192	0.345065340396554
1.193	0.343680901165192
1.194	0.342296601494028
1.195	0.340912439795147
1.196	0.339528417311887
1.197	0.338144533351651
1.198	0.336760787854171
1.199	0.335377178912881
1.2	0.333993706306906
1.201	0.332610374096303
1.202	0.331227178271818
1.203	0.32984412277794
1.204	0.32846120376097
1.205	0.327078424968595
1.206	0.325695782783174
1.207	0.324313280676163
1.208	0.32293091687388
1.209	0.321548689905175
1.21	0.320166602755875
1.211	0.318784652657338
1.212	0.317402842142383
1.213	0.316021168931261
1.214	0.314639635031021
1.215	0.313258238722434
1.216	0.31187698141646
1.217	0.310495862023578
1.218	0.309114881290216
1.219	0.307734036812084
1.22	0.306353330493541
1.221	0.304972760324042
1.222	0.303592330164682
1.223	0.302212036208066
1.224	0.300831882188429
1.225	0.299451864460095
1.226	0.298071986559841
1.227	0.296692245073307
1.228	0.295312643271072
1.229	0.293933178037873
1.23	0.292553852311428
1.231	0.291174663341367
1.232	0.289795613667483
1.233	0.288416700968359
1.234	0.287037926495427
1.235	0.285659290900928
1.236	0.28428079271726
1.237	0.282902433118218
1.238	0.281524211226944
1.239	0.280146127581902
1.24	0.278768180000055
1.241	0.277390368360167
1.242	0.27601269454866
1.243	0.274635160356327
1.244	0.273257762184285
1.245	0.271880503553107
1.246	0.270503381025769
1.247	0.269126397930412
1.248	0.267749551051409
1.249	0.266372842049966
1.25	0.264996272236899
1.251	0.263619838895208
1.252	0.262243543450762
1.253	0.260867386872473
1.254	0.259491367094555
1.255	0.258115485950947
1.256	0.256739741835744
1.257	0.255364135640456
1.258	0.253988667639307
1.259	0.25261333710626
1.26	0.251238144466648
1.261	0.249863085866472
1.262	0.248488164801183
1.263	0.247113382994289
1.264	0.245738736983348
1.265	0.244364228524476
1.266	0.242989859208322
1.267	0.241615625806954
1.268	0.240241529972021
1.269	0.238867571711225
1.27	0.237493752313755
1.271	0.236120069113136
1.272	0.234746523497022
1.273	0.233373116462515
1.274	0.231999845899518
1.275	0.23062671292872
1.276	0.229253718194649
1.277	0.227880860265718
1.278	0.226508139934022
1.279	0.225135557203527
1.28	0.223763112129538
1.281	0.222390802711334
1.282	0.221018628916351
1.283	0.219646592373624
1.284	0.218274694691255
1.285	0.216902932627532
1.286	0.215531307823238
1.287	0.214159820283364
1.288	0.212788470012292
1.289	0.21141725835165
1.29	0.210046182546648
1.291	0.208675244013045
1.292	0.207304442754033
1.293	0.20593377877222
1.294	0.204563252967684
1.295	0.20319286342692
1.296	0.201822611161598
1.297	0.200452496173048
1.298	0.199082518462374
1.299	0.197712678030021
1.3	0.196342974876301
1.301	0.194973408984358
1.302	0.19360397699364
1.303	0.192234681967412
1.304	0.190865523908058
1.305	0.189496502817749
1.306	0.188127620145425
1.307	0.186758872950833
1.308	0.185390262722255
1.309	0.184021789460525
1.31	0.18265345316615
1.311	0.181285253839342
1.312	0.179917191479924
1.313	0.178549266087401
1.314	0.177181477660952
1.315	0.17581382619942
1.316	0.17444631170132
1.317	0.173078934164776
1.318	0.171711693587702
1.319	0.170344589967586
1.32	0.168977623301743
1.321	0.167610793586944
1.322	0.166244099348502
1.323	0.164877540387906
1.324	0.163511118107504
1.325	0.162144832506153
1.326	0.160778683582576
1.327	0.159412671335118
1.328	0.158046795761809
1.329	0.156681056860391
1.33	0.1553154546283
1.331	0.153949989062696
1.332	0.152584660160451
1.333	0.151219466952531
1.334	0.14985441144175
1.335	0.148489492587918
1.336	0.147124710386595
1.337	0.145760064833076
1.338	0.144395555922343
1.339	0.143031183649247
1.34	0.141666947718234
1.341	0.140302848811064
1.342	0.13893888652794
1.343	0.13757505949571
1.344	0.136211366243197
1.345	0.134847810701018
1.346	0.133484391548165
1.347	0.132121108780224
1.348	0.130757961198897
1.349	0.129394951222848
1.35	0.128032077620734
1.351	0.126669339340066
1.352	0.125306738519369
1.353	0.123944274058749
1.354	0.122581945097968
1.355	0.121219753400898
1.356	0.119857698047281
1.357	0.118495778410498
1.358	0.117133995795588
1.359	0.115772349075819
1.36	0.114410839181606
1.361	0.113049465597736
1.362	0.111688228181842
1.363	0.110327127277618
1.364	0.108966160258606
1.365	0.107605328188438
1.366	0.10624463339514
1.367	0.104884073584441
1.368	0.103523649923695
1.369	0.10216336345643
1.37	0.100803212065509
1.371	0.0994431977876261
1.372	0.0980833186635603
1.373	0.0967235757018757
1.374	0.0953639696891057
1.375	0.0940044989861541
1.376	0.0926451644455651
1.377	0.0912859666480179
1.378	0.0899269043472578
1.379	0.0885679782026231
1.38	0.0872091882119068
1.381	0.0858505346255934
1.382	0.0844920168358102
1.383	0.0831336351857397
1.384	0.0817753886382758
1.385	0.0804172759713265
1.386	0.07905929915502
1.387	0.0777014591585908
1.388	0.0763437540184119
1.389	0.0749861847241911
1.39	0.0736287512744169
1.391	0.0722714528261076
1.392	0.0709142910990801
1.393	0.0695572652111448
1.394	0.068200375157872
1.395	0.0668436209340774
1.396	0.0654870025341662
1.397	0.0641305199517752
1.398	0.0627741727057664
1.399	0.0614179617966052
1.4	0.0600618866841406
1.401	0.0587059470904664
1.402	0.0573501436089494
1.403	0.055994475780626
1.404	0.0546389438950407
1.405	0.053283546087032
1.406	0.0519282830458303
1.407	0.0505731547696613
1.408	0.0492181620864562
1.409	0.0478633057416725
1.41	0.0465085842178554
1.411	0.0451539982850432
1.412	0.0437995479410741
1.413	0.0424452331824713
1.414	0.0410910540044731
1.415	0.0397370104011551
1.416	0.038383102365335
1.417	0.0370293298887559
1.418	0.0356756925713477
1.419	0.0343221912303245
1.42	0.0329688251312847
1.421	0.031615594881678
1.422	0.0302624999529135
1.423	0.0289095406163215
1.424	0.0275567168546894
1.425	0.0262040286490152
1.426	0.0248514735941363
1.427	0.0234990532952673
1.428	0.022146767800769
1.429	0.0207946181753796
1.43	0.0194426033927822
1.431	0.0180907239723834
1.432	0.0167389799067523
1.433	0.0153873708025275
1.434	0.0140358970949474
1.435	0.0126845587685356
1.436	0.0113333558043678
1.437	0.00998228793552577
1.438	0.00863135540221844
1.439	0.00728055812023667
1.44	0.00592989591167827
1.441	0.00457936915181044
1.442	0.00322897764077732
1.443	0.00187872137767554
1.444	0.000528600296558216
1.445	0.0600219671803573
1.446	0.158661035220507
1.447	0.257290238741673
1.448	0.355909581378416
1.449	0.454519061398244
1.45	0.553118681559984
1.451	0.651708442268435
1.452	0.750288343647624
1.453	0.848858388874233
1.454	0.947418576288187
1.455	0.999323643687714
1.456	0.997873780372829
1.457	0.996424062063287
1.458	0.994974492140333
1.459	0.993525063793629
1.46	0.992075780455576
1.461	0.990626642134837
1.462	0.989177648839836
1.463	0.987728800578833
1.464	0.986280097360049
1.465	0.984831541782614
1.466	0.983383128461526
1.467	0.981934860184769
1.468	0.98048673696013
1.469	0.979038758795475
1.47	0.977590925698437
1.471	0.976143237676636
1.472	0.974695695734515
1.473	0.97324829754113
1.474	0.971801044423712
1.475	0.970353936376945
1.476	0.968906969935387
1.477	0.967460148208479
1.478	0.966013474531291
1.479	0.964566942186239
1.48	0.96312055455724
1.481	0.961674311651912
1.482	0.960228213477733
1.483	0.958782260042178
1.484	0.957336451352428
1.485	0.955890789994905
1.486	0.95444527061625
1.487	0.95299989598352
1.488	0.951554666103818
1.489	0.950109580983906
1.49	0.948664640630572
1.491	0.947219845050523
1.492	0.945775194250232
1.493	0.94433068896021
1.494	0.942886327388465
1.495	0.941442110545595
1.496	0.939998035190312
1.497	0.938554107587353
1.498	0.937110321041376
1.499	0.935666678912693
1.5	0.934223181208012
1.501	0.932779827934071
1.502	0.931336619097412
1.503	0.929893554704543
1.504	0.928450634761805
1.505	0.927007861841389
1.506	0.925565230624362
1.507	0.924122743855712
1.508	0.922680401541596
1.509	0.921238203687837
1.51	0.919796150300397
1.511	0.918354241384958
1.512	0.916912476947198
1.513	0.915470856992694
1.514	0.914029381984646
1.515	0.912588050545969
1.516	0.911146863804247
1.517	0.909705817870587
1.518	0.908264916057773
1.519	0.906824158371684
1.52	0.905383544818275
1.521	0.90394307540332
1.522	0.902502750132425
1.523	0.901062569011174
1.524	0.899622532045001
1.525	0.898182641790455
1.526	0.896742892966031
1.527	0.895303288293115
1.528	0.893863827776912
1.529	0.892424511422417
1.53	0.89098533923466
1.531	0.889546311218489
1.532	0.888107427378655
1.533	0.886668687719857
1.534	0.885230092246591
1.535	0.883791641163741
1.536	0.882353333716724
1.537	0.880915167042313
1.538	0.879477144199802
1.539	0.8780392651942
1.54	0.876601530030546
1.541	0.875163938713625
1.542	0.873726491248293
1.543	0.872289187639073
1.544	0.870852027890656
1.545	0.8694150145423
1.546	0.867978142352858
1.547	0.866541414018789
1.548	0.865104829544352
1.549	0.863668388933752
1.55	0.862232092191056
1.551	0.860795939320213
1.552	0.859359930325202
1.553	0.857924065209769
1.554	0.856488343977554
1.555	0.855052766632235
1.556	0.853617333106638
1.557	0.852182039939661
1.558	0.850746890316156
1.559	0.849311884240442
1.56	0.847877021716507
1.561	0.846442302748329
1.562	0.845007727339727
1.563	0.843573295494578
1.564	0.842139009883226
1.565	0.840704865026242
1.566	0.839270863725664
1.567	0.837837005985011
1.568	0.836403291807715
1.569	0.834969721197004
1.57	0.833536294156221
1.571	0.832103010688354
1.572	0.830669870796477
1.573	0.829236874483525
1.574	0.827804021752367
1.575	0.826371312605674
1.576	0.824938747028604
1.577	0.823506321628676
1.578	0.82207403948463
1.579	0.820641900599686
1.58	0.81920990497703
1.581	0.817778052619765
1.582	0.816346346404042
1.583	0.814914780478382
1.584	0.813483357809827
1.585	0.812052078401053
1.586	0.810620942254924
1.587	0.809189949373952
1.588	0.807759099760821
1.589	0.806328393417844
1.59	0.80489783034739
1.591	0.803467410551792
1.592	0.802037134033203
1.593	0.800607000793667
1.594	0.799177010835177
1.595	0.797747164159701
1.596	0.796317460769047
1.597	0.794887897407466
1.598	0.793458477014592
1.599	0.792029199592874
1.6	0.790600068133336
1.601	0.789171076590961
1.602	0.787742228010063
1.603	0.786313522392699
1.604	0.784884959740954
1.605	0.783456540056768
1.606	0.782028263342047
1.607	0.780600129598574
1.608	0.779172138827939
1.609	0.777744291031864
1.61	0.776316586211829
1.611	0.774889024369241
1.612	0.773461605505406
1.613	0.772034329621655
1.614	0.770607196719082
1.615	0.769180206798863
1.616	0.767753359861854
1.617	0.766326655844893
1.618	0.764900091467683
1.619	0.763473669758502
1.62	0.762047390718842
1.621	0.760621254350202
1.622	0.759195260653898
1.623	0.757769409631283
1.624	0.756343701283505
1.625	0.754918135611761
1.626	0.753492712616948
1.627	0.752067432300186
1.628	0.750642294662144
1.629	0.749217299703744
1.63	0.747792447425555
1.631	0.746367737828301
1.632	0.744943170912451
1.633	0.743518746678391
1.634	0.742094465126471
1.635	0.740670326257045
1.636	0.739246330070252
1.637	0.73782247655481
1.638	0.736398762508082
1.639	0.734975190843461
1.64	0.733551761561625
1.641	0.732128474663226
1.642	0.730705330148767
1.643	0.729282328018742
1.644	0.727859468273474
1.645	0.726436750913298
1.646	0.725014175938389
1.647	0.723591743348877
1.648	0.722169453144851
1.649	0.720747305326165
1.65	0.719325299892834
1.651	0.717903436844526
1.652	0.716481716181003
1.653	0.715060137901922
1.654	0.713638702006843
1.655	0.712217408495157
1.656	0.71079625736633
1.657	0.709375248617847
1.658	0.707954379207801
1.659	0.706533651894571
1.66	0.705113066678016
1.661	0.703692623557895
1.662	0.702272322533993
1.663	0.700852163605866
1.664	0.69943214677317
1.665	0.698012272035308
1.666	0.696592539391694
1.667	0.695172948841669
1.668	0.693753500384476
1.669	0.692334194019283
1.67	0.690915029745095
1.671	0.689496007561034
1.672	0.688077127465906
1.673	0.686658389458645
1.674	0.685239793537999
1.675	0.683821339702625
1.676	0.682403027951127
1.677	0.680984858244584
1.678	0.679566827788997
1.679	0.678148939145437
1.68	0.676731192313032
1.681	0.675313587290796
1.682	0.673896124077592
1.683	0.672478802672308
1.684	0.671061623073687
1.685	0.669644585280355
1.686	0.668227689291045
1.687	0.666810935104152
1.688	0.665394322718234
1.689	0.663977852131622
1.69	0.662561523342664
1.691	0.661145336349498
1.692	0.659729291150344
1.693	0.658313387743279
1.694	0.656897626126298
1.695	0.655482006297342
1.696	0.654066528254231
1.697	0.652651191994716
1.698	0.651235997516507
1.699	0.649820941857304
1.7	0.648406027711895
1.701	0.646991255078653
1.702	0.645576623955643
1.703	0.644162134341104
1.704	0.642747786233049
1.705	0.641333577178921
1.706	0.639919512178173
1.707	0.638505588689494
1.708	0.637091806710555
1.709	0.635678166239068
1.71	0.634264667272503
1.711	0.632851309808387
1.712	0.631438093844044
1.713	0.630025019376864
1.714	0.628612086404044
1.715	0.627199294922852
1.716	0.625786644930354
1.717	0.6243741364236
1.718	0.622961769375948
1.719	0.621549541058193
1.72	0.620137453970678
1.721	0.618725508111042
1.722	0.617313703476609
1.723	0.615902040064845
1.724	0.61449051787294
1.725	0.613079136898148
1.726	0.611667897137671
1.727	0.610256798588593
1.728	0.608845839151723
1.729	0.607435023143385
1.73	0.606024348348133
1.731	0.604613814762636
1.732	0.603203422383582
1.733	0.601793171207543
1.734	0.600383061231157
1.735	0.598973092450759
1.736	0.597563264862739
1.737	0.596153578463529
1.738	0.59474403324929
1.739	0.593334626522181
1.74	0.591925360845814
1.741	0.590516236113543
1.742	0.589107252322064
1.743	0.587698409468045
1.744	0.586289707547968
1.745	0.584881146558337
1.746	0.583472726495547
1.747	0.582064447356035
1.748	0.580656309135967
1.749	0.579248311831652
1.75	0.577840453610135
1.751	0.576432738264314
1.752	0.575025163832331
1.753	0.573617730310134
1.754	0.572210437693559
1.755	0.570803285978337
1.756	0.569396275160157
1.757	0.567989405234628
1.758	0.566582676197339
1.759	0.56517608801801
1.76	0.563769638104683
1.761	0.562363328842424
1.762	0.560957160227252
1.763	0.559551129736301
1.764	0.558145242455153
1.765	0.556739495818362
1.766	0.555333889821727
1.767	0.553928424460825
1.768	0.552523099731206
1.769	0.551117915628478
1.77	0.549712872148078
1.771	0.548307967590141
1.772	0.546903205478439
1.773	0.545498583984074
1.774	0.544094103102253
1.775	0.542689762827892
1.776	0.541285563156169
1.777	0.539881504081909
1.778	0.538477585271387
1.779	0.537073807586874
1.78	0.535670167825794
1.781	0.534266668434009
1.782	0.532863309406742
1.783	0.531460090739317
1.784	0.530057012426898
1.785	0.528654072111288
1.786	0.52725127456067
1.787	0.525848617358983
1.788	0.524446100501229
1.789	0.523043723982149
1.79	0.521641487796573
1.791	0.520239391939151
1.792	0.518837434835882
1.793	0.517435619754984
1.794	0.516033944994254
1.795	0.514632410548133
1.796	0.513231016411087
1.797	0.511829762577259
1.798	0.510428648608414
1.799	0.509027675558113
1.8	0.507626842789689
1.801	0.506226147645515
1.802	0.504825590108398
1.803	0.503425175134956
1.804	0.502024900233196
1.805	0.500624765397614
1.806	0.49922477062261
1.807	0.497824913733405
1.808	0.496425199140116
1.809	0.49502562459816
1.81	0.493626190101561
1.811	0.492226895644487
1.812	0.490827739644432
1.813	0.489428725373851
1.814	0.488029851132086
1.815	0.486631116912881
1.816	0.485232522710092
1.817	0.48383406851731
1.818	0.482435753798019
1.819	0.481037579784657
1.82	0.479639545758091
1.821	0.478241649272054
1.822	0.4768438925797
1.823	0.475446275674895
1.824	0.474048796212416
1.825	0.472651458905392
1.826	0.471254261374911
1.827	0.469857203614747
1.828	0.468460285618447
1.829	0.467063505405704
1.83	0.465666867003788
1.831	0.464270368353381
1.832	0.462874009447969
1.833	0.461477788815881
1.834	0.460081709502301
1.835	0.458685769920191
1.836	0.457289970062711
1.837	0.455894309144945
1.838	0.454498788872864
1.839	0.453103408310817
1.84	0.451708167451724
1.841	0.450313066287954
1.842	0.44891810002707
1.843	0.447523275630492
1.844	0.446128590734056
1.845	0.444734045330992
1.846	0.443339637223541
1.847	0.44194537083787
1.848	0.440551243931439
1.849	0.439157256497325
1.85	0.437763406668134
1.851	0.436369698242276
1.852	0.434976129273569
1.853	0.433582699754826
1.854	0.432189408315844
1.855	0.430796257792384
1.856	0.429403246702672
1.857	0.428010374191601
1.858	0.426617642089971
1.859	0.425225049405218
1.86	0.423832596129661
1.861	0.422440282188597
1.862	0.421048105487836
1.863	0.419656068007552
1.864	0.418264167503672
1.865	0.416872408470003
1.866	0.415480788640828
1.867	0.414089305925839
1.868	0.41269796453608
1.869	0.411306762334048
1.87	0.409915699312157
1.871	0.408524773710872
1.872	0.407133989108992
1.873	0.405743343669527
1.874	0.404352836006894
1.875	0.402962468975098
1.876	0.401572241087164
1.877	0.400182151424476
1.878	0.398792201929683
1.879	0.397402391559518
1.88	0.396012719952047
1.881	0.394623187958171
1.882	0.393233795064884
1.883	0.391844536744293
1.884	0.390455419564796
1.885	0.389066441311049
1.886	0.387677599868643
1.887	0.386288899478517
1.888	0.384900337995421
1.889	0.383511913489311
1.89	0.382123629854053
1.891	0.380735483382228
1.892	0.379347477588767
1.893	0.377959610670984
1.894	0.376571881233686
1.895	0.375184292138075
1.896	0.373796841897491
1.897	0.372409529537087
1.898	0.371022357097098
1.899	0.369635323490695
1.9	0.368248428243983
1.901	0.366861672414466
1.902	0.365475055354378
1.903	0.364088575046934
1.904	0.36270223128263
1.905	0.361316028283713
1.906	0.359929963922409
1.907	0.358544036188408
1.908	0.357158249114203
1.909	0.355772600656375
1.91	0.354387088990049
1.911	0.35300171779595
1.912	0.351616483571902
1.913	0.350231389629708
1.914	0.348846434268478
1.915	0.347461616175167
1.916	0.346076938038929
1.917	0.344692397446519
1.918	0.343307996520927
1.919	0.341923733454771
1.92	0.340539609724298
1.921	0.339155624522578
1.922	0.337771777655674
1.923	0.33638806961603
1.924	0.335004495906348
1.925	0.333621062604959
1.926	0.332237765669362
1.927	0.330854609091198
1.928	0.32947158895646
1.929	0.328088709086802
1.93	0.326705965777553
1.931	0.325323362600574
1.932	0.323940897734187
1.933	0.322558569638134
1.934	0.321176381432362
1.935	0.319794330202164
1.936	0.318412418638802
1.937	0.317030644292262
1.938	0.315649009352112
1.939	0.314267511904966
1.94	0.312886153567779
1.941	0.311504933033983
1.942	0.31012385127852
1.943	0.308742907669379
1.944	0.30736210046174
1.945	0.305981429394129
1.946	0.304600898353686
1.947	0.303220503495193
1.948	0.301840248602828
1.949	0.300460129969482
1.95	0.299080151205104
1.951	0.297700308811028
1.952	0.296320606153696
1.953	0.294941040011061
1.954	0.293561613438776
1.955	0.292182323557963
1.956	0.290803173047923
1.957	0.289424159437451
1.958	0.28804528496571
1.959	0.286666547632239
1.96	0.285287949174221
1.961	0.283909488122513
1.962	0.282531165317666
1.963	0.281152980885784
1.964	0.279774934361992
1.965	0.2783970220354
1.966	0.277019249371758
1.967	0.275641612670092
1.968	0.27426411380691
1.969	0.272886754514898
1.97	0.27150953129671
1.971	0.270132447550767
1.972	0.268755499981651
1.973	0.267378691756006
1.974	0.266002019838369
1.975	0.264625485805692
1.976	0.263249090840902
1.977	0.261872832469232
1.978	0.260496712001
1.979	0.259120730248007
1.98	0.257744885445755
1.981	0.256369179109428
1.982	0.254993609968305
1.983	0.253618178751255
1.984	0.252242885532054
1.985	0.250867728162357
1.986	0.249492706617019
1.987	0.248117824345856
1.988	0.24674307785738
1.989	0.245368468919525
1.99	0.243993999154851
1.991	0.242619665277892
1.992	0.241245468966428
1.993	0.239871411654785
1.994	0.23849749040388
1.995	0.237123706730607
1.996	0.235750061814987
1.997	0.234376553197622
1.998	0.233003182167273
1.999	0.231629948729524
2	0.230256853603964
