0	98.5999901400002
0.001	98.59014049270687
0.002	98.58028197141375
0.003	98.57042443591804
0.004	98.56056788607641
0.005	98.55071232195689
0.006	-1.449865486568678
0.007	-1.449720506977008
0.008	-1.449575541885366
0.009000000000000001	-1.449430591293759
0.01	-1.449285655202175
0.011	-1.449140733610625
0.012	-1.448995826519103
0.013	-1.448850933927605
0.014	-1.448706055836141
0.015	-1.448561192244705
0.016	-1.448416343153303
0.017	-1.448271508561925
0.018	-1.448126688470575
0.019	-1.447981882879259
0.02	-1.447837091787966
0.021	-1.447692315196707
0.022	-1.447547553105477
0.023	-1.44740280551427
0.024	-1.447258072423097
0.025	-1.447113353831952
0.026	-1.446968649495983
0.027	-1.446823959573311
0.028	-1.446679284121524
0.029	-1.44653462314061
0.03	-1.44638997663057
0.031	-1.446245344591409
0.032	-1.446100727023128
0.033	-1.44595612392572
0.034	-1.445811535299185
0.035	-1.44566696114353
0.036	-1.445522401458749
0.037	-1.445377856244846
0.038	-1.445233325501823
0.039	-1.445088809229674
0.04	-1.444944307428398
0.041	-1.444799820098001
0.042	-1.444655347238478
0.043	-1.444510888849834
0.044	-1.444366444932069
0.045	-1.444222015485178
0.046	-1.444077600309902
0.047	-1.44393319947747
0.048	-1.443788813086786
0.049	-1.443644441137866
0.05	-1.443500083630693
0.051	-1.443355740565278
0.052	-1.443211411941616
0.053	-1.443067097759706
0.054	-1.442922798019555
0.055	-1.442778512721156
0.056	-1.442634241864511
0.057	-1.442489985449623
0.058	-1.442345743476489
0.059	-1.442201515945106
0.06	-1.442057302855477
0.061	-1.441913104207606
0.062	-1.441768920001488
0.063	-1.441624750237128
0.064	-1.441480594914515
0.065	-1.44133645403366
0.066	-1.44119232744622
0.067	-1.441048215126421
0.068	-1.440904117219287
0.06900000000000001	-1.440760033724814
0.07000000000000001	-1.440615964643001
0.07100000000000001	-1.44047190997386
0.07200000000000001	-1.440327869717379
0.073	-1.440183843873558
0.074	-1.440039832442403
0.075	-1.439895835423914
0.076	-1.439751852818085
0.077	-1.439607884624922
0.078	-1.43946393084442
0.079	-1.439319991476583
0.08	-1.439176066521412
0.081	-1.439032155978902
0.082	-1.438888259849057
0.083	-1.438744378131872
0.08400000000000001	-1.438600510827354
0.08500000000000001	-1.438456657935501
0.08600000000000001	-1.438312819363944
0.08700000000000001	-1.438168994980344
0.08799999999999999	-1.438025184980347
0.089	-1.437881389363957
0.09	-1.437737608131169
0.091	-1.437593841281984
0.092	-1.437450088816405
0.093	-1.437306350734428
0.094	-1.437162627036054
0.095	-1.437018917721281
0.096	-1.436875222790115
0.097	-1.436731542242552
0.098	-1.43658787607859
0.099	-1.436444224298236
0.1	-1.436300586901484
0.101	-1.436156963888334
0.102	-1.436013355258791
0.103	-1.435869761012845
0.104	-1.435726181150511
0.105	-1.435582615671774
0.106	-1.435439064545017
0.107	-1.435295527522351
0.108	-1.435152004854263
0.109	-1.435008496540746
0.11	-1.434865002581802
0.111	-1.434721522977435
0.112	-1.43457805772764
0.113	-1.434434606832417
0.114	-1.434291170291766
0.115	-1.434147748105693
0.116	-1.434004340274191
0.117	-1.433860946797262
0.118	-1.43371756767491
0.119	-1.43357420290713
0.12	-1.433430852493922
0.121	-1.433287516435291
0.122	-1.433144194731233
0.123	-1.433000887381746
0.124	-1.432857594386832
0.125	-1.432714315746495
0.126	-1.432571051460729
0.127	-1.432427801258444
0.128	-1.432284565348192
0.129	-1.432141343763516
0.13	-1.43199813650441
0.131	-1.431854943570886
0.132	-1.431711764962933
0.133	-1.431568600680555
0.134	-1.431425450723748
0.135	-1.431282315092522
0.136	-1.431139193786868
0.137	-1.430996086806789
0.138	-1.430852994152286
0.139	-1.43070991582336
0.14	-1.430566851820004
0.141	-1.430423802142229
0.142	-1.430280766790025
0.143	-1.430137745763397
0.144	-1.42999473906234
0.145	-1.429851746686865
0.146	-1.429708768636959
0.147	-1.429565804717822
0.148	-1.429422854992504
0.149	-1.429279919563794
0.15	-1.429136998431687
0.151	-1.428994091596189
0.152	-1.4288511990573
0.153	-1.428708320815014
0.154	-1.428565456869336
0.155	-1.428422607220267
0.156	-1.428279771867801
0.157	-1.42813695081195
0.158	-1.427994144052696
0.159	-1.427851351590056
0.16	-1.427708573424019
0.161	-1.427565809554591
0.162	-1.427423059981771
0.163	-1.427280324705555
0.164	-1.427137603725947
0.165	-1.426994897042948
0.166	-1.426852204656558
0.167	-1.426709526452476
0.168	-1.426566862340349
0.169	-1.426424212495897
0.17	-1.426281576919115
0.171	-1.426138955610003
0.172	-1.42599634856856
0.173	-1.425853755794787
0.174	-1.425711177288685
0.175	-1.425568613050251
0.176	-1.425426063079493
0.177	-1.425283527376399
0.178	-1.425141005940981
0.179	-1.424998498773232
0.18	-1.424856005873147
0.181	-1.424713527240738
0.182	-1.424571062875998
0.183	-1.424428612778928
0.184	-1.424286176949534
0.185	-1.424143755387803
0.186	-1.424001348093742
0.187	-1.423858955037372
0.188	-1.42371657596787
0.189	-1.423574211137128
0.19	-1.423431860545156
0.191	-1.423289524191944
0.192	-1.423147202077496
0.193	-1.423004894201807
0.194	-1.422862600564889
0.195	-1.42272032116673
0.196	-1.422578056007336
0.197	-1.422435805086707
0.198	-1.422293568404842
0.199	-1.422151345961737
0.2	-1.422009137757402
0.201	-1.421866943791827
0.202	-1.421724764065016
0.203	-1.42158259857697
0.204	-1.421440447327683
0.205	-1.421298310317161
0.206	-1.42115618754541
0.207	-1.421014079012417
0.208	-1.420871984473791
0.209	-1.420729904087381
0.21	-1.420587837910864
0.211	-1.42044578594423
0.212	-1.42030374818749
0.213	-1.420161724640633
0.214	-1.420019715303664
0.215	-1.419877720176584
0.216	-1.419735739259391
0.217	-1.419593772552088
0.218	-1.419451820054667
0.219	-1.41930988176714
0.22	-1.419167957689501
0.221	-1.419026047821745
0.222	-1.418884152163878
0.223	-1.418742270715904
0.224	-1.418600403477814
0.225	-1.418458550449611
0.226	-1.418316711631297
0.227	-1.418174887022866
0.228	-1.418033076479702
0.229	-1.417891279969405
0.23	-1.417749497640159
0.231	-1.417607729491948
0.232	-1.417465975524789
0.233	-1.41732423573867
0.234	-1.417182510133591
0.235	-1.417040798709559
0.236	-1.416899101466566
0.237	-1.41675741840462
0.238	-1.416615749523714
0.239	-1.416474094823855
0.24	-1.416332454305035
0.241	-1.416190827967262
0.242	-1.416049215810534
0.243	-1.415907617834841
0.244	-1.4157660340402
0.245	-1.4156244644266
0.246	-1.415482908994039
0.247	-1.415341367742525
0.248	-1.415199840630066
0.249	-1.415058327428829
0.25	-1.414916828379819
0.251	-1.414775343483041
0.252	-1.414633872738489
0.253	-1.414492416146169
0.254	-1.414350973706076
0.255	-1.414209545418208
0.256	-1.414068131282573
0.257	-1.413926731299165
0.258	-1.413785345467988
0.259	-1.413643973789038
0.26	-1.413502616262321
0.261	-1.413361272887823
0.262	-1.413219943665564
0.263	-1.413078628595525
0.264	-1.412937327677719
0.265	-1.412796040912144
0.266	-1.41265476829879
0.267	-1.412513509837674
0.268	-1.412372265528779
0.269	-1.412231035133669
0.27	-1.41208981879904
0.271	-1.411948616587853
0.272	-1.411807428500111
0.273	-1.411666254535817
0.274	-1.411525094694969
0.275	-1.411383948977567
0.276	-1.411242817383607
0.277	-1.411101699913093
0.278	-1.410960596566025
0.279	-1.410819507342404
0.28	-1.41067843224223
0.281	-1.410537371265496
0.282	-1.41039632441221
0.283	-1.41025529168237
0.284	-1.410114273075976
0.285	-1.409973268593029
0.286	-1.409832278233523
0.287	-1.409691301997464
0.288	-1.409550339884851
0.289	-1.409409391774847
0.29	-1.409268457589883
0.291	-1.409127537499614
0.292	-1.408986631504041
0.293	-1.408845739603157
0.294	-1.408704861796969
0.295	-1.408563998085475
0.296	-1.408423148468671
0.297	-1.408282312946562
0.298	-1.408141491519143
0.299	-1.408000684186419
0.3	-1.40785989094839
0.301	-1.407719111805051
0.302	-1.407578346756407
0.303	-1.407437595802452
0.304	-1.407296858943192
0.305	-1.407156136178628
0.306	-1.407015427508753
0.307	-1.406874732933574
0.308	-1.406734052453084
0.309	-1.406593386065708
0.31	-1.406452733466869
0.311	-1.406312094934003
0.312	-1.406171470467109
0.313	-1.406030860066181
0.314	-1.405890263731231
0.315	-1.405749681462243
0.316	-1.405609113259231
0.317	-1.405468559122187
0.318	-1.405328019051114
0.319	-1.405187493046009
0.32	-1.405046981106881
0.321	-1.404906483233719
0.322	-1.404765999426525
0.323	-1.404625529685308
0.324	-1.404485074010057
0.325	-1.404344632400779
0.326	-1.404204204857467
0.327	-1.404063791380128
0.328	-1.40392339196876
0.329	-1.403783006623365
0.33	-1.403642635166932
0.331	-1.40350227762911
0.332	-1.403361934128566
0.333	-1.403221604665299
0.334	-1.403081289239316
0.335	-1.40294098785061
0.336	-1.402800700499188
0.337	-1.402660427185037
0.338	-1.40252016790817
0.339	-1.402379922668587
0.34	-1.402239691466275
0.341	-1.402099474301247
0.342	-1.401959271173496
0.343	-1.401819082083029
0.344	-1.401678907029839
0.345	-1.401538746013927
0.346	-1.401398599035292
0.347	-1.401258466093941
0.348	-1.401118347189868
0.349	-1.400978242323072
0.35	-1.400838151449705
0.351	-1.400698074345723
0.352	-1.400558011250365
0.353	-1.400417962163624
0.354	-1.4002779270855
0.355	-1.400137906015999
0.356	-1.399997898955115
0.357	-1.399857905902849
0.358	-1.399717926859205
0.359	-1.399577961824178
0.36	-1.399438010797769
0.361	-1.399298073779977
0.362	-1.399158150770808
0.363	-1.399018241770255
0.364	-1.398878346778321
0.365	-1.398738465795009
0.366	-1.398598598820314
0.367	-1.398458745854236
0.368	-1.398318906896782
0.369	-1.398179081947944
0.37	-1.398039271007724
0.371	-1.39789947386696
0.372	-1.397759690616772
0.373	-1.397619921346575
0.374	-1.397480166056363
0.375	-1.397340424746142
0.376	-1.397200697415906
0.377	-1.397060984065666
0.378	-1.396921284695412
0.379	-1.396781599305149
0.38	-1.396641927894871
0.381	-1.396502270464583
0.382	-1.396362627014287
0.383	-1.396222997543975
0.384	-1.396083382053661
0.385	-1.395943780543331
0.386	-1.395804193012987
0.387	-1.395664619462633
0.388	-1.39552505989227
0.389	-1.395385514301898
0.39	-1.395245982691517
0.391	-1.395106464998321
0.392	-1.394966961034447
0.393	-1.394827471021961
0.394	-1.394687994960867
0.395	-1.394548532851161
0.396	-1.394409084692847
0.397	-1.394269650485921
0.398	-1.394130230230388
0.399	-1.393990823926242
0.4	-1.393851431573489
0.401	-1.393712053172129
0.402	-1.393572688722151
0.403	-1.393433338223571
0.404	-1.393294001676378
0.405	-1.393154679080572
0.406	-1.39301537043616
0.407	-1.392876075743135
0.408	-1.392736795001502
0.409	-1.392597528211257
0.41	-1.392458275372405
0.411	-1.39231903648494
0.412	-1.392179811332358
0.413	-1.392040600019919
0.414	-1.391901402630299
0.415	-1.391762219163502
0.416	-1.391623049619523
0.417	-1.391483893998367
0.418	-1.391344752300034
0.419	-1.39120562452452
0.42	-1.391066510671828
0.421	-1.390927410741955
0.422	-1.390788324734905
0.423	-1.390649252650672
0.424	-1.390510194489263
0.425	-1.390371150250678
0.426	-1.39023211993491
0.427	-1.390093103541966
0.428	-1.389954101071845
0.429	-1.389815112524542
0.43	-1.389676137900062
0.431	-1.3895371771984
0.432	-1.389398230361661
0.433	-1.389259297192751
0.434	-1.389120377918124
0.435	-1.388981472537779
0.436	-1.388842581051716
0.437	-1.388703703459936
0.438	-1.388564839762444
0.439	-1.388425989959234
0.44	-1.388287154050306
0.441	-1.388148332035661
0.442	-1.388009523915298
0.443	-1.387870729689223
0.444	-1.38773194935743
0.445	-1.38759318291992
0.446	-1.387454430376692
0.447	-1.387315691727747
0.448	-1.38717696697309
0.449	-1.387038256112709
0.45	-1.386899559146616
0.451	-1.386760876074811
0.452	-1.386622206897283
0.453	-1.386483551415233
0.454	-1.386344909700267
0.455	-1.386206281851071
0.456	-1.386067667867656
0.457	-1.385929067750016
0.458	-1.385790481498157
0.459	-1.385651909112067
0.46	-1.385513350591759
0.461	-1.385374805937221
0.462	-1.385236275148463
0.463	-1.385097758225487
0.464	-1.38495925516828
0.465	-1.384820765976855
0.466	-1.384682290651204
0.467	-1.38454382919133
0.468	-1.38440538159723
0.469	-1.384266947868906
0.47	-1.384128528006363
0.471	-1.383990122009595
0.472	-1.383851729878603
0.473	-1.383713351584214
0.474	-1.383574986874726
0.475	-1.383436636002534
0.476	-1.383298298967645
0.477	-1.383159975770053
0.478	-1.383021666409763
0.479	-1.382883370886776
0.48	-1.38274508920108
0.481	-1.382606821352692
0.482	-1.382468567341601
0.483	-1.382330327167807
0.484	-1.382192100831315
0.485	-1.382053888332121
0.486	-1.381915689670228
0.487	-1.381777504845633
0.488	-1.381639333858339
0.489	-1.381501176708349
0.49	-1.381363033395655
0.491	-1.381224903920258
0.492	-1.381086788282164
0.493	-1.380948686481366
0.494	-1.380810598361506
0.495	-1.380672523913324
0.496	-1.380534463274
0.497	-1.380396416443529
0.498	-1.380258383421909
0.499	-1.380120364209142
0.5	-1.379982358805233
0.501	-1.379844367210177
0.502	-1.379706389423973
0.503	-1.379568425446627
0.504	-1.379430475278133
0.505	-1.379292538918492
0.506	-1.379154616367708
0.507	-1.379016707625777
0.508	-1.378878812692699
0.509	-1.378740931568473
0.51	-1.378603064253104
0.511	-1.378465210746589
0.512	-1.378327371048925
0.513	-1.37818954516012
0.514	-1.378051733080167
0.515	-1.377913934526936
0.516	-1.377776149731358
0.517	-1.377638378716222
0.518	-1.377500621481522
0.519	-1.377362878027259
0.52	-1.377225148353437
0.521	-1.377087432460058
0.522	-1.376949730347115
0.523	-1.376812042014609
0.524	-1.376674367462545
0.525	-1.376536706690922
0.526	-1.376399059699736
0.527	-1.376261426488986
0.528	-1.376123807058679
0.529	-1.375986201408813
0.53	-1.375848609539384
0.531	-1.37571103145039
0.532	-1.37557346714184
0.533	-1.375435916613731
0.534	-1.375298379866058
0.535	-1.37516085680877
0.536	-1.375023347306279
0.537	-1.374885851555842
0.538	-1.37474836955746
0.539	-1.374610901311127
0.54	-1.374473446816853
0.541	-1.374336006074634
0.542	-1.374198579084469
0.543	-1.374061165846354
0.544	-1.373923766360298
0.545	-1.373786380626296
0.546	-1.37364900864435
0.547	-1.373511650414452
0.548	-1.373374305936613
0.549	-1.37323697521083
0.55	-1.373099658237101
0.551	-1.37296235501542
0.552	-1.3728250655458
0.553	-1.372687789828234
0.554	-1.372550527862722
0.555	-1.37241327964926
0.556	-1.372276044987194
0.5570000000000001	-1.372138823951974
0.5580000000000001	-1.37200161664046
0.5590000000000001	-1.371864423052642
0.5600000000000001	-1.371727243188525
0.5610000000000001	-1.371590077048108
0.5620000000000001	-1.371452924631393
0.5630000000000001	-1.371315785938378
0.5640000000000001	-1.371178660969065
0.5650000000000001	-1.371041549723452
0.5660000000000001	-1.37090445220154
0.5670000000000001	-1.37076736840333
0.5680000000000001	-1.370630298328825
0.5690000000000001	-1.370493241978016
0.5700000000000001	-1.370356199350908
0.5710000000000001	-1.370219170447501
0.5720000000000001	-1.370082155267795
0.5730000000000001	-1.36994515381179
0.5740000000000001	-1.369808166079485
0.5750000000000001	-1.369671192070882
0.5760000000000001	-1.369534231784712
0.577	-1.369397284916374
0.578	-1.369260351743418
0.579	-1.369123432265837
0.58	-1.368986526483638
0.581	-1.36884963439681
0.582	-1.368712756005362
0.583	-1.368575891309297
0.584	-1.368439040308601
0.585	-1.368302203003287
0.586	-1.368165379393349
0.587	-1.368028569478793
0.588	-1.367891773259612
0.589	-1.367754990735807
0.59	-1.367618221907378
0.591	-1.36748146677433
0.592	-1.367344725336659
0.593	-1.367207997594363
0.594	-1.367071283547449
0.595	-1.366934583195911
0.596	-1.366797896539748
0.597	-1.366661223482453
0.598	-1.366524563900902
0.599	-1.366387917986435
0.6	-1.366251285739054
0.601	-1.366114667158757
0.602	-1.365978062245546
0.603	-1.365841470999419
0.604	-1.365704893420377
0.605	-1.36556832950842
0.606	-1.365431779263548
0.607	-1.365295242685761
0.608	-1.365158719775059
0.609	-1.365022210531441
0.61	-1.364885714954909
0.611	-1.364749233045461
0.612	-1.364612764803098
0.613	-1.36447631022782
0.614	-1.364339869319628
0.615	-1.364203442078519
0.616	-1.364067028504496
0.617	-1.363930628597558
0.618	-1.363794242169422
0.619	-1.363657869272094
0.62	-1.363521510013589
0.621	-1.363385164393907
0.622	-1.363248832413046
0.623	-1.363112514071008
0.624	-1.362976209367793
0.625	-1.362839918303405
0.626	-1.362703640877834
0.627	-1.362567377091091
0.628	-1.362431126943164
0.629	-1.362294890434066
0.63	-1.36215866756379
0.631	-1.362022458332336
0.632	-1.361886262739705
0.633	-1.361750080785896
0.634	-1.361613912470915
0.635	-1.361477757794751
0.636	-1.361341616757414
0.637	-1.361205489358895
0.638	-1.361069375599203
0.639	-1.360933275202274
0.64	-1.360797188387841
0.641	-1.360661115184007
0.642	-1.360525055590762
0.643	-1.360389009608105
0.644	-1.360252977236041
0.645	-1.360116958474572
0.646	-1.359980953323691
0.647	-1.359844961783403
0.648	-1.359708983853705
0.649	-1.359573019534599
0.65	-1.359437068826088
0.651	-1.359301131728165
0.652	-1.359165208240836
0.653	-1.359029298364095
0.654	-1.358893402097948
0.655	-1.358757519442395
0.656	-1.35862165039743
0.657	-1.358485794963059
0.658	-1.358349953139276
0.659	-1.358214124878163
0.66	-1.358078309964156
0.661	-1.357942508632544
0.662	-1.357806720883315
0.663	-1.357670946716485
0.664	-1.357535186132043
0.665	-1.357399439129989
0.666	-1.357263705710329
0.667	-1.357127985873058
0.668	-1.35699227961818
0.669	-1.356856586945696
0.67	-1.3567209078556
0.671	-1.356585242347893
0.672	-1.35644959042258
0.673	-1.356313952079654
0.674	-1.356178327319122
0.675	-1.356042716140985
0.676	-1.355907118545235
0.677	-1.355771534531874
0.678	-1.355635964100907
0.679	-1.355500407252328
0.68	-1.355364863866572
0.681	-1.355229333864702
0.6820000000000001	-1.355093817417048
0.6830000000000001	-1.354958314523623
0.6840000000000001	-1.354822825184414
0.6850000000000001	-1.354687349399427
0.6860000000000001	-1.354551887168663
0.6870000000000001	-1.354416438492115
0.6880000000000001	-1.354281003369795
0.6890000000000001	-1.354145581801691
0.6900000000000001	-1.35401017378781
0.6910000000000001	-1.353874779328152
0.6920000000000001	-1.353739398422709
0.6930000000000001	-1.353604031071495
0.6940000000000001	-1.353468677274497
0.6950000000000001	-1.353333337031722
0.6960000000000001	-1.353198010343169
0.6970000000000001	-1.353062697208833
0.6980000000000001	-1.352927397628724
0.6990000000000001	-1.352792111602832
0.7000000000000001	-1.352656839131163
0.7010000000000001	-1.352521580027297
0.7020000000000001	-1.352386334339917
0.7030000000000001	-1.352251102178621
0.704	-1.352115883543405
0.705	-1.351980678434273
0.706	-1.351845486851221
0.707	-1.351710308794253
0.708	-1.351575144263364
0.709	-1.35143999325856
0.71	-1.351304855779836
0.711	-1.351169731827196
0.712	-1.351034621400635
0.713	-1.350899524500159
0.714	-1.350764441125762
0.715	-1.350629371277449
0.716	-1.350494314955216
0.717	-1.350359272159068
0.718	-1.350224242889004
0.719	-1.350089227145014
0.72	98.64665502986107
0.721	98.63679085732112
0.722	98.62692767128119
0.723	98.61706547137872
0.724	98.60720425770882
0.725	98.5973440301359
0.726	98.58748478846019
0.727	98.57762653279568
0.728	98.56776926273858
0.729	98.55791297846051
0.73	-1.449971421920088
0.731	-1.449826431734289
0.732	-1.449681456048518
0.733	-1.449536494862775
0.734	-1.449391548177061
0.735	-1.449246615991382
0.736	-1.449101698305725
0.737	-1.448956795120103
0.738	-1.448811906434508
0.739	-1.448667032248943
0.74	-1.448522172563406
0.741	-1.448377327377898
0.742	-1.448232496692418
0.743	-1.448087680506967
0.744	-1.447942878821544
0.745	-1.447798091636156
0.746	-1.44765331895079
0.747	-1.447508560765459
0.748	-1.447363817080151
0.749	-1.447219087894877
0.75	-1.447074373188605
0.751	-1.446929672693108
0.752	-1.446784986668485
0.753	-1.44664031511474
0.754	-1.44649565803187
0.755	-1.446351015419879
0.756	-1.446206387278761
0.757	-1.446061773608523
0.758	-1.445917174409158
0.759	-1.445772589680672
0.76	-1.445628019423066
0.761	-1.445483463636327
0.762	-1.445338922320474
0.763	-1.445194395475494
0.764	-1.445049883101387
0.765	-1.44490538519816
0.766	-1.444760901765807
0.767	-1.444616432804332
0.768	-1.444471978313732
0.769	-1.44432753829401
0.77	-1.444183112745162
0.771	-1.444038701382635
0.772	-1.443894304440403
0.773	-1.443749921939923
0.774	-1.443605553881201
0.775	-1.443461200264227
0.776	-1.443316861089016
0.777	-1.443172536355553
0.778	-1.443028226063848
0.779	-1.442883930213895
0.78	-1.442739648805696
0.781	-1.442595381839254
0.782	-1.442451129314566
0.783	-1.442306891231629
0.784	-1.442162667590452
0.785	-1.442018458391021
0.786	-1.441874263633355
0.787	-1.441730083317435
0.788	-1.441585917443274
0.789	-1.441441766010865
0.79	-1.44129762902021
0.791	-1.44115350623897
0.792	-1.441009397801537
0.793	-1.440865303776764
0.794	-1.440721224164656
0.795	-1.440577158965209
0.796	-1.440433108178428
0.797	-1.440289071804312
0.798	-1.440145049842857
0.799	-1.440001042294068
0.8	-1.439857049157939
0.801	-1.439713070434476
0.802	-1.439569106123679
0.803	-1.439425156225542
0.804	-1.439281220740071
0.805	-1.439137299667266
0.806	-1.438993393007121
0.8070000000000001	-1.438849500759636
0.8080000000000001	-1.438705622924823
0.8090000000000001	-1.43856175950267
0.8100000000000001	-1.438417910493177
0.8110000000000001	-1.438274075721438
0.8120000000000001	-1.438130255212371
0.8130000000000001	-1.437986449086912
0.8140000000000001	-1.437842657345061
0.8150000000000001	-1.437698879986806
0.8160000000000001	-1.437555117012158
0.8170000000000001	-1.437411368421113
0.8180000000000001	-1.437267634213674
0.8190000000000001	-1.437123914389838
0.8200000000000001	-1.436980208949603
0.8210000000000001	-1.436836517892971
0.8220000000000001	-1.436692841219946
0.8230000000000001	-1.436549178930522
0.8240000000000001	-1.436405531024701
0.8250000000000001	-1.436261897502487
0.8260000000000001	-1.436118278363875
0.8270000000000001	-1.435974673608865
0.8280000000000001	-1.435831083237457
0.8290000000000001	-1.435687507249656
0.8300000000000001	-1.435543945645458
0.8310000000000001	-1.435400398312282
0.8320000000000001	-1.435256865156333
0.833	-1.435113346354961
0.834	-1.434969841908162
0.835	-1.434826351815934
0.836	-1.434682876078284
0.837	-1.4345394146952
0.838	-1.4343959676667
0.839	-1.434252534992766
0.84	-1.434109116673409
0.841	-1.433965712708624
0.842	-1.433822323098411
0.843	-1.433678947842776
0.844	-1.433535586941713
0.845	-1.433392240395222
0.846	-1.433248908203308
0.847	-1.43310559036596
0.848	-1.432962286883196
0.849	-1.432818997754998
0.85	-1.432675722981378
0.851	-1.432532462516667
0.852	-1.432389216139745
0.853	-1.432245984088399
0.854	-1.432102766362624
0.855	-1.431959562962425
0.856	-1.431816373887807
0.857	-1.431673199138754
0.858	-1.431530038715283
0.859	-1.431386892617383
0.86	-1.431243760845064
0.861	-1.431100643398315
0.862	-1.430957540277143
0.863	-1.430814451481541
0.864	-1.430671377011521
0.865	-1.430528316867071
0.866	-1.430385271048198
0.867	-1.4302422395549
0.868	-1.430099222387173
0.869	-1.429956219545028
0.87	-1.429813231028453
0.871	-1.429670256837454
0.872	-1.429527296692106
0.873	-1.42938435081789
0.874	-1.429241419240282
0.875	-1.429098501959277
0.876	-1.428955598974881
0.877	-1.428812710287093
0.878	-1.428669835895914
0.879	-1.428526975801338
0.88	-1.428384130003371
0.881	-1.428241298502007
0.882	-1.428098481297252
0.883	-1.427955678389105
0.884	-1.427812889777567
0.885	-1.427670115462632
0.886	-1.427527355444312
0.887	-1.427384609722589
0.888	-1.42724187829748
0.889	-1.427099161168974
0.89	-1.426956458337077
0.891	-1.426813769801788
0.892	-1.426671095365737
0.893	-1.426528435096924
0.894	-1.426385789095775
0.895	-1.426243157362302
0.896	-1.426100539896493
0.897	-1.425957936698359
0.898	-1.425815347767895
0.899	-1.4256727731051
0.9	-1.425530212709975
0.901	-1.425387666582526
0.902	-1.425245134722741
0.903	-1.425102617130625
0.904	-1.424960113806185
0.905	-1.424817624749414
0.906	-1.424675149960308
0.907	-1.424532689438877
0.908	-1.424390243185115
0.909	-1.424247811199024
0.91	-1.424105393480602
0.911	-1.423962990029855
0.912	-1.423820600735911
0.913	-1.423678225501931
0.914	-1.42353586450671
0.915	-1.423393517750253
0.916	-1.423251185232562
0.917	-1.423108866953635
0.918	-1.422966562913473
0.919	-1.42282427311207
0.92	-1.422681997549438
0.921	-1.422539736225565
0.922	-1.422397489140457
0.923	-1.422255256294108
0.924	-1.422113037686529
0.925	-1.421970833317709
0.926	-1.421828643187655
0.927	-1.421686467296365
0.928	-1.421544305643835
0.929	-1.421402158230075
0.93	-1.421260025055074
0.931	-1.421117906118837
0.9320000000000001	-1.42097580140051
0.9330000000000001	-1.420833710631956
0.9340000000000001	-1.42069163407329
0.9350000000000001	-1.420549571724513
0.9360000000000001	-1.420407523585629
0.9370000000000001	-1.420265489656623
0.9380000000000001	-1.420123469937511
0.9390000000000001	-1.419981464428287
0.9400000000000001	-1.419839473128951
0.9410000000000001	-1.419697496039498
0.9420000000000001	-1.419555533159939
0.9430000000000001	-1.419413584490263
0.9440000000000001	-1.419271650030476
0.9450000000000001	-1.419129729780576
0.9460000000000001	-1.418987823740565
0.9470000000000001	-1.418845931910443
0.9480000000000001	-1.418704054290208
0.9490000000000001	-1.418562190879862
0.9500000000000001	-1.418420341679405
0.9510000000000001	-1.41827850668883
0.9520000000000001	-1.418136685908149
0.9530000000000001	-1.41799487910892
0.9540000000000001	-1.417853086418603
0.9550000000000001	-1.417711307909326
0.9560000000000001	-1.417569543581089
0.9570000000000001	-1.417427793433899
0.9580000000000001	-1.417286057467749
0.9590000000000001	-1.417144335682644
0.96	-1.417002628078586
0.961	-1.416860934655569
0.962	-1.416719255413591
0.963	-1.416577590352659
0.964	-1.416435939472774
0.965	-1.416294302773929
0.966	-1.416152680256124
0.967	-1.416011071919365
0.968	-1.415869477763653
0.969	-1.41572789778898
0.97	-1.415586331995348
0.971	-1.415444780382762
0.972	-1.415303242951222
0.973	-1.415161719577571
0.974	-1.415020210188544
0.975	-1.414878714951749
0.976	-1.41473723386718
0.977	-1.414595766934838
0.978	-1.414454314154727
0.979	-1.414312875526843
0.98	-1.414171451051192
0.981	-1.414030040727766
0.982	-1.413888644556567
0.983	-1.413747262537601
0.984	-1.413605894670866
0.985	-1.413464540956352
0.986	-1.41332320139407
0.987	-1.41318187598402
0.988	-1.413040564726191
0.989	-1.4128992676206
0.99	-1.412757984667229
0.991	-1.41261671586609
0.992	-1.412475461217184
0.993	-1.412334220705105
0.994	-1.412192994051486
0.995	-1.412051781521313
0.996	-1.411910583114582
0.997	-1.411769398831302
0.998	-1.411628228671463
0.999	-1.411487072635072
1	-1.411345930722126
1.001	-1.411204802932622
1.002	-1.41106368926657
1.003	-1.410922589723958
1.004	-1.410781504304794
1.005	-1.410640433009075
1.006	-1.410499375836798
1.007	-1.410358332787973
1.008	-1.410217303862589
1.009	-1.410076289060652
1.01	-1.409935288382161
1.011	-1.409794301827111
1.012	-1.409653329395513
1.013	-1.409512371087356
1.014	-1.409371426698641
1.015	-1.409230496310391
1.016	-1.409089580016837
1.017	-1.408948677817972
1.018	-1.408807789713802
1.019	-1.408666915704327
1.02	-1.408526055789542
1.021	-1.408385209969452
1.022	-1.408244378244052
1.023	-1.408103560613347
1.024	-1.407962757077337
1.025	-1.407821967636016
1.026	-1.407681192289391
1.027	-1.407540431037461
1.028	-1.40739968388022
1.029	-1.407258950817669
1.03	-1.407118231849819
1.031	-1.406977526976652
1.032	-1.406836836198187
1.033	-1.406696159514411
1.034	-1.406555496843674
1.035	-1.406414848033813
1.036	-1.406274213289919
1.037	-1.406133592612002
1.038	-1.405992986000052
1.039	-1.405852393454069
1.04	-1.405711814974058
1.041	-1.405571250560024
1.042	-1.405430700211951
1.043	-1.405290163929857
1.044	-1.405149641713729
1.045	-1.405009133563573
1.046	-1.404868639479383
1.047	-1.404728159461166
1.048	-1.404587693508921
1.049	-1.404447241622648
1.05	-1.404306803802342
1.051	-1.404166380048014
1.052	-1.404025970359646
1.053	-1.403885574737257
1.054	-1.403745193180834
1.055	-1.403604825428823
1.056	-1.403464471672248
1.057	-1.403324131952951
1.058	-1.403183806270931
1.059	-1.403043494626195
1.06	-1.402903197018736
1.061	-1.402762913448555
1.062	-1.402622643915657
1.063	-1.402482388420037
1.064	-1.402342146961695
1.065	-1.402201919540636
1.066	-1.402061706156849
1.067	-1.401921506810351
1.068	-1.401781321501125
1.069	-1.401641150229182
1.07	-1.401500992994517
1.071	-1.401360849797129
1.072	-1.401220720637025
1.073	-1.401080605514198
1.074	-1.40094050442865
1.075	-1.400800417255368
1.076	-1.400660343924915
1.077	-1.400520284603084
1.078	-1.400380239289871
1.079	-1.400240207985274
1.08	-1.400100190689295
1.081	-1.399960187401939
1.082	-1.3998201981232
1.083	-1.399680222853078
1.084	-1.399540261591579
1.085	-1.399400314338698
1.086	-1.399260381094433
1.087	-1.399120461858786
1.088	-1.398980556631761
1.089	-1.398840665413354
1.09	-1.39870078820357
1.091	-1.398560925002403
1.092	-1.398421075809853
1.093	-1.39828124062592
1.094	-1.39814141945061
1.095	-1.398001612283912
1.096	-1.397861818831353
1.097	-1.397722039346979
1.098	-1.397582273842596
1.099	-1.397442522318198
1.1	-1.397302784773791
1.101	-1.397163061209375
1.102	-1.397023351624944
1.103	-1.396883656020503
1.104	-1.396743974396054
1.105	-1.39660430675159
1.106	-1.396464653087122
1.107	-1.396325013402639
1.108	-1.396185387698142
1.109	-1.396045775973636
1.11	-1.39590617822912
1.111	-1.395766594464595
1.112	-1.395627024680056
1.113	-1.395487468875507
1.114	-1.395347927050949
1.115	-1.395208399206382
1.116	-1.395068885197372
1.117	-1.39492938499161
1.118	-1.394789898737236
1.119	-1.394650426434248
1.12	-1.394510968082653
1.121	-1.394371523682452
1.122	-1.394232093233637
1.123	-1.394092676736216
1.124	-1.393953274190181
1.125	-1.393813885595534
1.126	-1.393674510952286
1.127	-1.393535150260419
1.128	-1.393395803519945
1.129	-1.393256470730864
1.13	-1.393117151893171
1.131	-1.39297784700687
1.132	-1.392838556071956
1.133	-1.39269927908843
1.134	-1.392560016056297
1.135	-1.392420766975556
1.136	-1.392281531846203
1.137	-1.392142310366256
1.138	-1.392003102804233
1.139	-1.391863909165028
1.14	-1.39172472944864
1.141	-1.391585563655082
1.142	-1.391446411784341
1.143	-1.391307273836418
1.144	-1.391168149811318
1.145	-1.391029039709042
1.146	-1.390889943529584
1.147	-1.390750861272949
1.148	-1.390611792939137
1.149	-1.390472738528143
1.15	-1.390333698039967
1.151	-1.39019467147462
1.152	-1.390055658832091
1.153	-1.38991666011238
1.154	-1.389777675315491
1.155	-1.389638704441427
1.156	-1.38949974749018
1.157	-1.389360804322388
1.158	-1.389221874896202
1.159	-1.389082959364299
1.16	-1.388944057726684
1.161	-1.388805169983345
1.162	-1.388666296134295
1.163	-1.388527436179533
1.164	-1.388388590119047
1.165	-1.388249757952849
1.166	-1.388110939680928
1.167	-1.387972135303295
1.168	-1.38783334481995
1.169	-1.387694568230881
1.17	-1.387555805536095
1.171	-1.387417056735597
1.172	-1.387278321829382
1.173	-1.387139600817449
1.174	-1.387000893699804
1.175	-1.386862200476435
1.176	-1.386723521147354
1.177	-1.386584855712556
1.178	-1.386446203888227
1.179	-1.386307565908305
1.18	-1.386168941794159
1.181	-1.386030331545794
1.182	-1.385891735163205
1.183	-1.38575315264639
1.184	-1.385614583995351
1.185	-1.385476029210088
1.186	-1.385337488290605
1.187	-1.385198961236892
1.188	-1.385060448048961
1.189	-1.384921948726805
1.19	-1.384783463270429
1.191	-1.384644991679824
1.192	-1.384506533954999
1.193	-1.38436809009595
1.194	-1.384229660102676
1.195	-1.384091243975178
1.196	-1.38395284171346
1.197	-1.383814453317518
1.198	-1.383676078677462
1.199	-1.38353771769535
1.2	-1.383399370550535
1.201	-1.383261037243023
1.202	-1.383122717772812
1.203	-1.382984412139899
1.204	-1.382846120344289
1.205	-1.382707842385975
1.206	-1.382569578264957
1.207	-1.382431327981243
1.208	-1.382293091534831
1.209	-1.382154868925716
1.21	-1.382016660153903
1.211	-1.381878465219387
1.212	-1.381740284122168
1.213	-1.381602116862257
1.214	-1.381463963439637
1.215	-1.38132582385432
1.216	-1.381187698106305
1.217	-1.381049586195587
1.218	-1.380911488122166
1.219	-1.380773403645753
1.22	-1.380635332917285
1.221	-1.380497275997675
1.222	-1.380359232886917
1.223	-1.380221203585012
1.224	-1.380083188091965
1.225	-1.379945186407769
1.226	-1.379807198532427
1.227	-1.379669224465943
1.228	-1.379531264208305
1.229	-1.379393317759531
1.23	-1.379255385119603
1.231	-1.379117466288534
1.232	-1.378979561266317
1.233	-1.378841670052952
1.234	-1.378703792648446
1.235	-1.378565929052792
1.236	-1.37842807926599
1.237	-1.37829024328804
1.238	-1.378152421118949
1.239	-1.378014612702157
1.24	-1.377876817838199
1.241	-1.377739036754684
1.242	-1.377601269451606
1.243	-1.377463515928969
1.244	-1.377325776186768
1.245	-1.37718805022501
1.246	-1.377050338043688
1.247	-1.376912639642808
1.248	-1.376774955022364
1.249	-1.376637284182362
1.25	-1.376499627122797
1.251	-1.376361983843674
1.252	-1.376224354344987
1.253	-1.376086738626742
1.254	-1.375949136688934
1.255	-1.375811548531567
1.256	-1.375673974154637
1.257	-1.375536413558149
1.258	-1.375398866742097
1.259	-1.375261333706487
1.26	-1.375123814279016
1.261	-1.374986308480936
1.262	-1.374848816434911
1.263	-1.374711338140946
1.264	-1.37457387359903
1.265	-1.374436422809174
1.266	-1.374298985771367
1.267	-1.374161562485614
1.268	-1.374024152951921
1.269	-1.373886757170277
1.27	-1.373749375140687
1.271	-1.373612006863158
1.272	-1.373474652337677
1.273	-1.373337311564256
1.274	-1.373199984542885
1.275	-1.373062671273567
1.276	-1.37292537175631
1.277	-1.372788085991101
1.278	-1.372650813977953
1.279	-1.372513555716853
1.28	-1.372376311207813
1.281	-1.372239080165167
1.282	-1.372101862826725
1.283	-1.371964659211983
1.284	-1.371827469320942
1.285	-1.371690293153603
1.286	-1.37155313070997
1.287	-1.371415981990032
1.288	-1.371278846993795
1.289	-1.371141725721259
1.29	-1.371004618172424
1.291	-1.37086752434729
1.292	-1.370730444245856
1.293	-1.370593377868124
1.294	-1.370456325214093
1.295	-1.370319286283763
1.296	-1.370182261077133
1.297	-1.370045249594205
1.298	-1.369908251834977
1.299	-1.36977126779945
1.3	-1.369634297487625
1.301	-1.369497340818282
1.302	-1.369360397639093
1.303	-1.369223468155286
1.304	-1.369086552366849
1.305	-1.368949650273799
1.306	-1.36881276187612
1.307	-1.368675887173822
1.308	-1.3685390261669
1.309	-1.368402178855354
1.31	-1.368265345239189
1.311	-1.3681285253184
1.312	-1.367991719092987
1.313	-1.367854926562956
1.314	-1.3677181477283
1.315	-1.36758138258902
1.316	-1.367444631145116
1.317	-1.367307893396594
1.318	-1.367171169343447
1.319	-1.367034458985682
1.32	-1.366897762323288
1.321	-1.366761079356274
1.322	-1.366624409905751
1.323	-1.366487754005732
1.324	-1.366351111772792
1.325	-1.366214483206937
1.326	-1.366077868308167
1.327	-1.365941267076482
1.328	-1.365804679511882
1.329	-1.365668105614367
1.33	-1.365531545383937
1.331	-1.365394998820591
1.332	-1.36525846592433
1.333	-1.365121946695155
1.334	-1.364985441133064
1.335	-1.364848949238058
1.336	-1.364712471010137
1.337	-1.3645760064493
1.338	-1.364439555555549
1.339	-1.364303118328883
1.34	-1.364166694769301
1.341	-1.364030284876804
1.342	-1.363893888651393
1.343	-1.363757505820132
1.344	-1.36362113659672
1.345	-1.363484781012124
1.346	-1.363348439066357
1.347	-1.363212110759412
1.348	-1.363075796091289
1.349	-1.362939495061988
1.35	-1.36280320767151
1.351	-1.362666933919854
1.352	-1.362530673807021
1.353	-1.362394427333015
1.354	-1.362258194497826
1.355	-1.362121975301466
1.356	-1.361985769743927
1.357	-1.361849577825205
1.358	-1.361713399545312
1.359	-1.36157723490424
1.36	-1.361441083901991
1.361	-1.361304946538564
1.362	-1.361168822813966
1.363	-1.361032712677121
1.364	-1.360896615918409
1.365	-1.360760532770291
1.366	-1.360624463232762
1.367	-1.360488407305826
1.368	-1.360352364989478
1.369	-1.360216336283725
1.37	-1.360080321188559
1.371	-1.359944319703993
1.372	-1.35980833183001
1.373	-1.359672357566626
1.374	-1.359536396913831
1.375	-1.359400449871623
1.376	-1.359264516440009
1.377	-1.35912859661899
1.378	-1.358992690408559
1.379	-1.358856797808721
1.38	-1.358720918819478
1.381	-1.358585053440822
1.382	-1.358449201672755
1.383	-1.358313363515288
1.384	-1.358177538839374
1.385	-1.358041727584077
1.386	-1.357905929911175
1.387	-1.35777014582066
1.388	-1.35763437531254
1.389	-1.357498618386813
1.39	-1.357362875043469
1.391	-1.357227145282525
1.392	-1.357091429103968
1.393	-1.3569557265078
1.394	-1.356820037494026
1.395	-1.35668436206264
1.396	-1.356548700213648
1.397	-1.356413051947044
1.398	-1.356277417262834
1.399	-1.356141796161018
1.4	-1.356006188641584
1.401	-1.35587059470455
1.402	-1.355735014349904
1.403	-1.355599447577646
1.404	-1.355463894387782
1.405	-1.355328354577824
1.406	-1.355192828227075
1.407	-1.355057315430554
1.408	-1.354921816188244
1.409	-1.354786330500161
1.41	-1.354650858366301
1.411	-1.354515399786658
1.412	-1.354379954761237
1.413	-1.354244523290038
1.414	-1.354109105373061
1.415	-1.353973701010307
1.416	-1.353838310201769
1.417	-1.353702932947453
1.418	-1.35356756924736
1.419	-1.353432219101489
1.42	-1.353296882509835
1.421	-1.353161559472409
1.422	-1.353026249989199
1.423	-1.352890954060211
1.424	-1.352755671685441
1.425	-1.352620402864898
1.426	-1.35248514732761
1.427	-1.352349905283774
1.428	-1.352214676766022
1.429	-1.352079461774349
1.43	-1.351944260308761
1.431	-1.351809072369258
1.432	-1.351673897955834
1.433	-1.351538737068489
1.434	-1.351403589707229
1.435	-1.351268455872048
1.436	-1.351133335562952
1.437	-1.350998228779935
1.438	-1.350863135523002
1.439	-1.350728055792155
1.44	-1.350592989587386
1.441	-1.350457936908697
1.442	-1.350322897756092
1.443	-1.350187872129567
1.444	-1.350052860029126
1.445	98.64399780328003
1.446	98.63413389647532
1.447	98.62427097611649
1.448	98.61440904185734
1.449	98.60454809385796
1.45	98.59468813183773
1.451	98.58482915576779
1.452	98.57497116561952
1.453	98.56511416110345
1.454	98.55525814236641
1.455	-1.449932364231876
1.456	-1.449787377951975
1.457	-1.449642406172103
1.458	-1.449497448892265
1.459	-1.44935250611245
1.46	-1.449207577832664
1.461	-1.449062664052912
1.462	-1.448917764773182
1.463	-1.448772879993487
1.464	-1.448628009713815
1.465	-1.448483153934177
1.466	-1.448338312654567
1.467	-1.448193485874987
1.468	-1.448048673595434
1.469	-1.447903875815916
1.47	-1.447759092536421
1.471	-1.447614323756954
1.472	-1.447469569477522
1.473	-1.447324829698113
1.474	-1.447180104418737
1.475	-1.447035393537647
1.476	-1.446890696940198
1.477	-1.446746014813618
1.478	-1.446601347157923
1.479	-1.446456693973096
1.48	-1.446312055259153
1.481	-1.446167431016079
1.482	-1.446022821243889
1.483	-1.445878225942568
1.484	-1.445733645112131
1.485	-1.445589078752562
1.486	-1.445444526863878
1.487	-1.445299989446062
1.488	-1.445155466499131
1.489	-1.445010958023067
1.49	-1.444866464017889
1.491	-1.444721984483579
1.492	-1.444577519420153
1.493	-1.444433068827595
1.494	-1.444288632705917
1.495	-1.444144210997012
1.496	-1.443999803503226
1.497	-1.443855410451192
1.498	-1.443711031840911
1.499	-1.443566667672388
1.5	-1.443422317945624
1.501	-1.443277982660607
1.502	-1.443133661817347
1.503	-1.442989355415841
1.504	-1.442845063456087
1.505	-1.442700785938092
1.506	-1.44255652286185
1.507	-1.44241227422736
1.508	-1.442268040034628
1.509	-1.442123820283649
1.51	-1.441979614974423
1.511	-1.441835424106955
1.512	-1.441691247681234
1.513	-1.441547085697277
1.514	-1.441402938155068
1.515	-1.441258805045203
1.516	-1.441114686077464
1.517	-1.440970581522396
1.518	-1.440826491379988
1.519	-1.440682415650246
1.52	-1.440538354333165
1.521	-1.44039430742875
1.522	-1.440250274936994
1.523	-1.440106256857905
1.524	-1.439962253191482
1.525	-1.439818263937718
1.526	-1.439674289096621
1.527	-1.439530328668184
1.528	-1.439386382652412
1.529	-1.439242451049307
1.53	-1.439098533858862
1.531	-1.438954631081083
1.532	-1.43881074271597
1.533	-1.438666868763516
1.534	-1.438523009223724
1.535	-1.438379164096602
1.536	-1.438235333122566
1.537	-1.438091516488038
1.538	-1.437947714237117
1.539	-1.437803926369799
1.54	-1.437660152886082
1.541	-1.437516393785973
1.542	-1.437372649069459
1.543	-1.437228918736559
1.544	-1.437085202787256
1.545	-1.43694150122156
1.546	-1.436797814039465
1.547	-1.436654141240973
1.548	-1.436510482826088
1.549	-1.436366838794805
1.55	-1.436223209147124
1.551	-1.436079593883051
1.552	-1.435935993002579
1.553	-1.435792406505709
1.554	-1.435648834392447
1.555	-1.435505276662786
1.556	-1.435361733121079
1.557	-1.435218203831852
1.558	-1.435074688897191
1.559	-1.434931188317108
1.56	-1.434787702091603
1.561	-1.434644230220664
1.562	-1.434500772704303
1.563	-1.434357329542513
1.564	-1.434213900735301
1.565	-1.434070486282655
1.566	-1.433927086184587
1.567	-1.433783700441097
1.568	-1.433640329052173
1.569	-1.433496972017827
1.57	-1.433353629338058
1.571	-1.433210301012855
1.572	-1.43306698704223
1.573	-1.432923687426177
1.574	-1.432780402164701
1.575	-1.432637131257792
1.576	-1.432493874578489
1.577	-1.432350632060474
1.578	-1.432207403868028
1.579	-1.432064190001165
1.58	-1.431920990459872
1.581	-1.431777805244155
1.582	-1.431634634354009
1.583	-1.431491477789445
1.584	-1.43134833555045
1.585	-1.431205207637032
1.586	-1.43106209404919
1.587	-1.430918994786924
1.588	-1.430775909850229
1.589	-1.430632839239109
1.59	-1.430489782953566
1.591	-1.430346740993599
1.592	-1.430203713359208
1.593	-1.430060700050388
1.594	-1.429917701067143
1.595	-1.429774716409475
1.596	-1.429631746023443
1.597	-1.429488789703726
1.598	-1.429345847680611
1.599	-1.429202919954099
1.6	-1.429060006524202
1.601	-1.428917107390907
1.602	-1.428774222554222
1.603	-1.428631352014139
1.604	-1.428488495770665
1.605	-1.4283456538238
1.606	-1.428202826173543
1.607	-1.42806001281989
1.608	-1.427917213762845
1.609	-1.427774429002409
1.61	-1.427631658538581
1.611	-1.427488902371357
1.612	-1.427346160500741
1.613	-1.427203432926728
1.614	-1.427060719649325
1.615	-1.426918020668529
1.616	-1.426775335984342
1.617	-1.42663266531423
1.618	-1.42649000888872
1.619	-1.42634736673088
1.62	-1.426204738840716
1.621	-1.426062125218215
1.622	-1.42591952586339
1.623	-1.425776940776234
1.624	-1.425634369956748
1.625	-1.425491813404932
1.626	-1.425349271120786
1.627	-1.425206743104309
1.628	-1.425064229355502
1.629	-1.424921729874364
1.63	-1.424779244660903
1.631	-1.424636773715105
1.632	-1.424494317036982
1.633	-1.424351874626529
1.634	-1.424209446483746
1.635	-1.424067032608633
1.636	-1.423924633001189
1.637	-1.423782247467585
1.638	-1.42363987606912
1.639	-1.423497518909426
1.64	-1.42335517598849
1.641	-1.42321284730632
1.642	-1.423070532862914
1.643	-1.422928232658268
1.644	-1.422785946692392
1.645	-1.422643674965275
1.646	-1.422501417476923
1.647	-1.422359174227336
1.648	-1.422216945216507
1.649	-1.42207473044445
1.65	-1.421932529911152
1.651	-1.421790343616618
1.652	-1.42164817156085
1.653	-1.42150601374384
1.654	-1.421363870165601
1.655	-1.421221740826121
1.656	-1.421079625725406
1.657	-1.420937524761973
1.658	-1.420795437821164
1.659	-1.420653365090243
1.66	-1.42051130656921
1.661	-1.42036926225806
1.662	-1.420227232156805
1.663	-1.420085216265432
1.664	-1.419943214583952
1.665	-1.419801227112356
1.666	-1.419659253850648
1.667	-1.419517294798828
1.668	-1.419375349956897
1.669	-1.419233419324854
1.67	-1.419091502902694
1.671	-1.418949600690428
1.672	-1.418807712688044
1.673	-1.418665838895555
1.674	-1.418523979312948
1.675	-1.41838213394023
1.676	-1.418240302777406
1.677	-1.418098485818473
1.678	-1.417956682767084
1.679	-1.417814893896735
1.68	-1.417673119207433
1.681	-1.417531358699171
1.682	-1.417389612371949
1.683	-1.417247880225778
1.684	-1.417106162260643
1.685	-1.416964458476554
1.686	-1.41682276887351
1.687	-1.416681093451507
1.688	-1.41653943221055
1.689	-1.416397785150633
1.69	-1.416256152271762
1.691	-1.416114533573932
1.692	-1.415972929057142
1.693	-1.415831338721398
1.694	-1.4156897625667
1.695	-1.415548200593042
1.696	-1.415406652800431
1.697	-1.415265119188859
1.698	-1.415123599551936
1.699	-1.414982093975118
1.7	-1.414840602550532
1.701	-1.414699125278179
1.702	-1.414557662158046
1.703	-1.414416213190145
1.704	-1.414274778374477
1.705	-1.414133357711034
1.706	-1.413991951199819
1.707	-1.413850558840829
1.708	-1.413709180634078
1.709	-1.413567816579547
1.71	-1.413426466677248
1.711	-1.413285130927176
1.712	-1.413143809329335
1.713	-1.413002501883722
1.714	-1.412861208590334
1.715	-1.412719929449179
1.716	-1.41257866446025
1.717	-1.412437413623553
1.718	-1.412296176843239
1.719	-1.412154953994076
1.72	-1.412013745268359
1.721	-1.411872550666089
1.722	-1.41173137018726
1.723	-1.411590203831884
1.724	-1.411449051599948
1.725	-1.411307913491459
1.726	-1.411166789506416
1.727	-1.411025679644814
1.728	-1.410884583906665
1.729	-1.410743502291956
1.73	-1.410602434800694
1.731	-1.410461381432879
1.732	-1.410320342188504
1.733	-1.410179317067582
1.734	-1.410038306070101
1.735	-1.409897309196066
1.736	-1.409756326445478
1.737	-1.409615357818336
1.738	-1.409474403314636
1.739	-1.409333462645122
1.74	-1.409192536053587
1.741	-1.409051623556746
1.742	-1.408910725154595
1.743	-1.40876984084714
1.744	-1.408628970634373
1.745	-1.408488114516302
1.746	-1.408347272492921
1.747	-1.408206444564235
1.748	-1.408065630730243
1.749	-1.407924830990942
1.75	-1.407784045346335
1.751	-1.407643273796424
1.752	-1.407502516341202
1.753	-1.407361772980676
1.754	-1.407221043714838
1.755	-1.407080328543697
1.756	-1.40693962746725
1.757	-1.406798940485493
1.758	-1.406658267598425
1.759	-1.406517608642253
1.76	-1.406376963621364
1.761	-1.406236332666447
1.762	-1.406095715777502
1.763	-1.405955112954524
1.764	-1.405814524197524
1.765	-1.40567394950649
1.766	-1.405533388881423
1.767	-1.405392842322328
1.768	-1.405252309829211
1.769	-1.405111791402055
1.77	-1.404971287040877
1.771	-1.404830796745665
1.772	-1.404690320516426
1.773	-1.404549858353153
1.774	-1.404409410255852
1.775	-1.404268976224523
1.776	-1.404128556259167
1.777	-1.403988150359777
1.778	-1.403847758526359
1.779	-1.403707380721852
1.78	-1.403567016709246
1.781	-1.403426666733913
1.782	-1.403286330795868
1.783	-1.403146008895095
1.784	-1.403005701031606
1.785	-1.402865407205394
1.786	-1.40272512741646
1.787	-1.402584861664803
1.788	-1.40244460995043
1.789	-1.402304372273335
1.79	-1.402164148633523
1.791	-1.402023939030988
1.792	-1.401883743465731
1.793	-1.401743561937752
1.794	-1.401603394447057
1.795	-1.401463240993638
1.796	-1.401323101577498
1.797	-1.401182976198641
1.798	-1.401042864857061
1.799	-1.400902767552759
1.8	-1.400762684077489
1.801	-1.400622614520563
1.802	-1.400482558972254
1.803	-1.400342517432569
1.804	-1.4002024899015
1.805	-1.400062476379048
1.806	-1.399922476865214
1.807	-1.399782491360003
1.808	-1.399642519863409
1.809	-1.399502562375437
1.81	-1.399362618896077
1.811	-1.399222689425341
1.812	-1.399082773963227
1.813	-1.398942872509724
1.814	-1.398802985064844
1.815	-1.398663111628582
1.816	-1.398523252200943
1.817	-1.39838340678192
1.818	-1.398243575371515
1.819	-1.398103757969727
1.82	-1.39796395450868
1.821	-1.397824164810129
1.822	-1.397684389091569
1.823	-1.397544627352994
1.824	-1.397404879594416
1.825	-1.397265145815823
1.826	-1.39712542601722
1.827	-1.396985720198603
1.828	-1.396846028359977
1.829	-1.396706350501341
1.83	-1.396566686622691
1.831	-1.396427036724037
1.832	-1.396287400805369
1.833	-1.396147778866685
1.834	-1.396008170907999
1.835	-1.395868576929297
1.836	-1.39572899693058
1.837	-1.39558943091186
1.838	-1.395449878873126
1.839	-1.395310340814382
1.84	-1.395170816735623
1.841	-1.395031306408731
1.842	-1.394891809961075
1.843	-1.394752327464812
1.844	-1.394612858919936
1.845	-1.394473404326453
1.846	-1.394333963684363
1.847	-1.39419453699366
1.848	-1.394055124254345
1.849	-1.393915725466422
1.85	-1.393776340629887
1.851	-1.393636969744745
1.852	-1.393497612810995
1.853	-1.393358269828633
1.854	-1.393218940797658
1.855	-1.393079625718076
1.856	-1.392940324589881
1.857	-1.392801037413079
1.858	-1.39266176418767
1.859	-1.392522504913643
1.86	-1.392383259591014
1.861	-1.392244028144819
1.862	-1.392104810410382
1.863	-1.391965606598774
1.864	-1.391826416709983
1.865	-1.391687240744017
1.866	-1.391548078700868
1.867	-1.391408930580542
1.868	-1.391269796383034
1.869	-1.39113067610835
1.87	-1.390991569756488
1.871	-1.390852477327445
1.872	-1.390713398821225
1.873	-1.390574334237823
1.874	-1.390435283577244
1.875	-1.390296246839489
1.876	-1.390157224024551
1.877	-1.390018215132437
1.878	-1.389879220163147
1.879	-1.389740239116674
1.88	-1.389601271993018
1.881	-1.389462318792192
1.882	-1.389323379291261
1.883	-1.389184453607805
1.884	-1.389045541818632
1.885	-1.388906643923741
1.886	-1.388767759923132
1.887	-1.388628889816812
1.888	-1.388490033604774
1.889	-1.388351191287018
1.89	-1.388212362863544
1.891	-1.388073548334353
1.892	-1.38793474769945
1.893	-1.387795960958829
1.894	-1.38765718811249
1.895	-1.387518429160434
1.896	-1.38737968410266
1.897	-1.387240952939174
1.898	-1.387102235669965
1.899	-1.386963532295044
1.9	-1.386824842814411
1.901	-1.386686167228055
1.902	-1.386547505477949
1.903	-1.386408857367303
1.904	-1.386270223122426
1.905	-1.38613160274333
1.906	-1.385992996230016
1.907	-1.385854403582471
1.908	-1.385715824800707
1.909	-1.385577259884712
1.91	-1.385438708834505
1.911	-1.385300171650067
1.912	-1.385161648331405
1.913	-1.385023138878523
1.914	-1.384884643291417
1.915	-1.384746161570087
1.916	-1.384607693714531
1.917	-1.384469239724751
1.918	-1.384330799600753
1.919	-1.384192373342529
1.92	-1.384053960950081
1.921	-1.383915562423408
1.922	-1.383777177762511
1.923	-1.383638806774724
1.924	-1.383500449519988
1.925	-1.383362106102555
1.926	-1.383223776522419
1.927	-1.383085460779586
1.928	-1.382947158874055
1.929	-1.382808870805815
1.93	-1.382670596574883
1.931	-1.382532336181248
1.932	-1.38239408962491
1.933	-1.382255856905874
1.934	-1.382117638024136
1.935	-1.381979432979699
1.936	-1.38184124177256
1.937	-1.381703064402723
1.938	-1.381564900870182
1.939	-1.381426751174945
1.94	-1.381288615317004
1.941	-1.381150493296366
1.942	-1.381012385113024
1.943	-1.380874290749551
1.944	-1.38073620993195
1.945	-1.380598142923196
1.946	-1.3804600897233
1.947	-1.380322050332262
1.948	-1.380184024750071
1.949	-1.380046012976737
1.95	-1.379908015012256
1.951	-1.379770030856633
1.952	-1.379632060509863
1.953	-1.379494103971945
1.954	-1.379356161242879
1.955	-1.379218232322671
1.956	-1.379080317211316
1.957	-1.378942415908813
1.958	-1.378804528415162
1.959	-1.37866665473037
1.96	-1.378528794854429
1.961	-1.378390948787347
1.962	-1.378253116529117
1.963	-1.37811529807974
1.964	-1.377977493301256
1.965	-1.377839702149362
1.966	-1.377701924777909
1.967	-1.377564161186893
1.968	-1.377426411376314
1.969	-1.377288675346176
1.97	-1.377150953096481
1.971	-1.377013244627221
1.972	-1.376875549938399
1.973	-1.376737869030018
1.974	-1.376600201902073
1.975	-1.376462548554571
1.976	-1.37632490898751
1.977	-1.376187283200886
1.978	-1.376049671194698
1.979	-1.375912072968953
1.98	-1.375774488523649
1.981	-1.375636917858782
1.982	-1.375499360974351
1.983	-1.375361817870362
1.984	-1.375224288546809
1.985	-1.375086772747096
1.986	-1.374949270653428
1.987	-1.374811782311821
1.988	-1.374674307722267
1.989	-1.374536846884769
1.99	-1.374399399799324
1.991	-1.374261966465934
1.992	-1.374124546884599
1.993	-1.373987141055318
1.994	-1.373849748978091
1.995	-1.373712370652919
1.996	-1.373575006079801
1.997	-1.373437655258738
1.998	-1.373300318189729
1.999	-1.373162994872774
2	-1.373025685307874
