0	0
0.00115470053829855	0.00346310161489565
0.0023094010765971	0.00692420438432578
0.00346443499651693	0.0103843078758024
0.00464179403540213	0.0139092341316786
0.00600479824069527	0.0179873774701386
0.00755524690269151	0.0226229816904768
0.00929463476842685	0.0278192096713596
0.0112242127142491	0.0335783243369985
0.0133450551174252	0.0399012679544961
0.0156201401406586	0.0466762507080769
0.018082194537149	0.0539990302163889
0.0207319653797689	0.0618697102695696
0.0235701486140295	0.0702879364164252
0.0265478194085221	0.0791055676425286
0.0297090879745379	0.0884515183594393
0.0330545186000196	0.0983247234642305
0.0365846612699194	0.108723271211978
0.040240954936481	0.119471604961108
0.0440772055384974	0.13072562560687
0.0480939049194648	0.1424828691912
0.0522266931510158	0.154551258534457
0.0565353746337392	0.167103012721689
0.0610204076745519	0.180134636314585
0.0656122029737324	0.193440467346786
0.0703760004877173	0.207206546361842
0.0752399837466158	0.22122032165459
0.0802718488651855	0.235674301141653
0.0854719953685667	0.250563736308204
0.0907645206142274	0.265667696819833
0.0962213974895329	0.281187290546122
0.101765180026512	0.296897686817337
0.107469578530274	0.313003893205005
0.113255912866338	0.329278606593302
0.119199311045414	0.345929338495111
0.125220014491208	0.362727190672835
0.131394395969229	0.379881286708705
0.137641757878711	0.397161917324159
0.144039562635732	0.414778996477181
0.150506294450301	0.43250274650892
0.157120370044532	0.450543071766333
0.163799556725526	0.468670874597359
0.170623110651975	0.487095227678237
0.177508163940726	0.505588254967492
0.184452687914699	0.524139548044379
0.191535731068801	0.542956186000175
0.198675605710424	0.561814949587163
0.20595132365715	0.580919223809468
0.213280804505413	0.600048433375539
0.220662293728007	0.619193071297875
0.228174449395774	0.638552909126762
0.235736515763136	0.657913425957741
0.243426815465796	0.677469323782181
0.251164340744788	0.69700950579739
0.258947612559932	0.716525529972608
0.26685442609863	0.736207371850731
0.274805245621141	0.755851323245645
0.282798652337869	0.775449103414192
0.290911199670843	0.795183637413599
0.299064859101142	0.814859031913354
0.307258276564098	0.834467248894399
0.315566679355831	0.854183656354092
0.323913581477779	0.873820484863968
0.332373437360957	0.893545840693494
0.340869654343097	0.913176327747027
0.349401449018812	0.932706223098727
0.357968142760136	0.952129386709684
0.366642118947194	0.971605047558282
0.375350044033849	0.990962358349219
0.384090777169248	1.01019432398142
0.392935203967614	1.02945172651592
0.401811586643897	1.04857238396871
0.410718870761314	1.06754980818653
0.419726397466908	1.08652608433382
0.428764034550987	1.10534782064191
0.437830828711164	1.12400916587871
0.446994530713749	1.14264324795968
0.45618662363596	1.16110558842945
0.465406494879363	1.17939137161323
0.47465381972774	1.19749582052265
0.483993400875898	1.21554080252658
0.493359958201073	1.2333943710872
0.502752561213449	1.25105096635759
0.512234357508272	1.26862357613543
0.521741698370463	1.28598903216911
0.53127378924835	1.30314254131175
0.540830666338996	1.32008027295667
0.550472448477549	1.33690411083457
0.560138750458532	1.35350306690111
0.569828687815882	1.36987208961165
0.579600657760338	1.38610444913493
0.589395949592002	1.40209768730914
0.599213831547557	1.41784754450804
0.609054457178102	1.43335068027276
0.618973099085872	1.4486898181512
0.628914390437	1.46377409302833
0.638877502613323	1.47859902253715
0.648915888276396	1.49323915368283
0.6589759416777	1.50761178013082
0.669056997018925	1.52171319752878
0.679159319396375	1.53554050844356
0.689333094167893	1.54915852754415
0.699528220149257	1.56249537652199
0.709743910161784	1.57554705405683
0.7200283954666	1.58837088488414
0.730333485695557	1.60090261248124
0.740658550528582	1.61313892018731
0.751049758187886	1.62512978662882
0.761460927885985	1.63681842795221
0.771891587171212	1.64820206564091
0.782342164463575	1.65927842337512
0.792855231354999	1.67008949120661
0.803388565001291	1.68058784280304
0.813941480076425	1.69077020289267
0.824554277841518	1.70067234747115
0.835187040034725	1.71025346389419
0.845839190422315	1.71951063466913
0.856548612072405	1.72847385466113
0.867277877411434	1.73710857699258
0.878026491935537	1.74541212502104
0.888829760600643	1.75340923272015
0.89965297436705	1.76107120265579
0.910495680886517	1.76839549147829
0.921390415844665	1.77540210815437
0.932305340276025	1.7820675080127
0.943270589261018	1.78840693125866
0.954255412224153	1.79440083020083
0.965259819567538	1.8000473012801
0.976311898332614	1.80535903987075
0.987384465424999	1.81032054219053
0.998502947465202	1.8149407158496
1.00964170598159	1.81920755919221
1.02082462567945	1.82312718319459
1.03202773133309	1.82669062897954
1.04325173197545	1.82989620695667
1.05451716983839	1.83274933952127
1.06580549890222	1.83524270521577
1.07713344782799	1.83737958123103
1.08850012239148	1.83915659727715
1.09989024516291	1.84057099436882
1.11131723068657	1.84162306922286
1.1227683325719	1.84231012970083
1.13425441088006	1.84263256916675
1.14577452383949	1.84258891492017
1.15732312867756	1.84217793978761
1.16890384323443	1.84139908159122
1.18051568144704	1.84025152781844
1.19215765220947	1.83873460511589
1.20382874906109	1.83684778095456
1.21552795005648	1.83459066499681
1.22725421763585	1.83196301042888
1.23900649850277	1.82896471525648
1.25078372349966	1.82560352034281
1.26263328419064	1.82186100698448
1.27452387467433	1.8177432356454
1.2864363820971	1.81325703314763
1.29838949067427	1.80839549649191
1.31038151252513	1.80315894286551
1.32241177191261	1.79754749910599
1.33447941428091	1.79156156037114
1.34658341674621	1.78520181130195
1.3587225984563	1.77846934799241
1.3709148151118	1.77135398162636
1.38313991764461	1.76386747472974
1.39541474466392	1.75599981910468
1.4077192386469	1.74776439687885
1.42006910941999	1.73915150832544
1.43246153282267	1.7301635436257
1.44490861163378	1.72079188863309
1.45739078236009	1.71105186764721
1.46992821806563	1.70092845214432
1.48250909535571	1.69043169320308
1.49513739808834	1.67955921983944
1.50781690483455	1.66830856092255
1.5205476581063	1.65668047352544
1.53331735431731	1.64468760348287
1.54613242045042	1.63232571189695
1.55899986464776	1.61958944937767
1.57192731228222	1.60647226712065
1.58492309246433	1.59296634989643
1.59796558779767	1.57909539807303
1.61105791829224	1.56485819388621
1.6242034523508	1.55025310564958
1.63740576287217	1.53527811739733
1.65066874688662	1.51993067574126
1.66399660002509	1.50420769707422
1.6773938424955	1.48810551911333
1.6908654347595	1.47161973992648
1.70441662849995	1.4547453799181
1.71805308776552	1.43747671919121
1.7317809375827	1.41980721685146
1.74560681869262	1.40172949967857
1.75946462350903	1.38333306185491
1.77343014507322	1.36452036163356
1.78751148799619	1.34528140485771
1.80162928262304	1.32572797945547
1.81587487323515	1.30573657482109
1.83025857624739	1.2852934339261
1.8447915521704	1.26438339964862
1.85937111330597	1.24315736943176
1.87411733666324	1.22144374479278
1.88904462565328	1.19922181911173
1.90402820964152	1.17668063687513
1.91921597267275	1.15360105131466
1.93462718497149	1.1299540768319
1.95010838305547	1.10597871292171
1.96584444358409	1.08139216620492
1.98186274923275	1.05615174440724
1.99797112180262	1.03056422843014
2.0144072536058	1.00425584200182
2.03121176233672	0.97716146531177
2.04843262731861	0.949203614672526
2.06579420389616	0.920834377996106
2.08365888782617	0.89146636145487
2.10210693298036	0.860967690936877
2.12124121029044	0.829168386754469
2.14119708724555	0.795843732788405
2.1621589390295	0.76068649181541
2.18426225558378	0.723472138962551
2.20801521377569	0.683349293565754
2.23406386932379	0.639233586667627
2.26668542683574	0.583885122291086
2.32180589001525	0.490343448005544
2.35365755269598	0.436418621095316
2.37589810736814	0.39887522461653
2.39456376335433	0.367458623469512
2.41078925919265	0.340230349845225
2.42574680658316	0.315205990828471
2.43904220851829	0.293030346774035
2.45143487127912	0.272422800654038
2.46301058413385	0.253232113175143
2.47384269494048	0.235328473154521
2.48399441305436	0.218599632120178
2.49352065654445	0.202947798366824
2.50246946856665	0.188287249189232
2.51088254168129	0.174543560263211
2.51900001005383	0.161320026889254
2.52662496996553	0.14893289448774
2.53379035356569	0.137323454478702
2.54068329811732	0.126184881543003
2.54715084880869	0.115760087077791
2.55321910222667	0.1060031949103
2.55903501050536	0.0966740238246655
2.56447972100325	0.0879606209672062
2.5696805022653	0.0796557824923909
2.57453533016244	0.0719202299550406
2.57915419290166	0.0645753923089315
2.58353604078319	0.0576214591891354
2.58759862230802	0.0511862542921577
2.59143163958493	0.0451252421230356
2.59496577353535	0.0395465976332158
2.59827734517784	0.0343274360792301
2.6013653151635	0.0294677869382456
2.60422866681022	0.0249680118411301
2.60681794642864	0.020904363813681
2.60918877738864	0.0171879218689426
2.61133990493028	0.0138194907639655
2.6132698682855	0.0108002989841718
2.61497691561465	0.0081322581005633
2.61659107970617	0.00561157336279997
2.61820591335273	0.00309184144644365
2.6198213990523	0.000573090499097744
2.62143753733225	-0.00194467949502699
2.62305432871989	-0.00446146855064328
2.62467177374315	-0.0069772766824799
2.62628987293041	-0.00949201459064333
2.62788078878163	-0.0119623419818192
2.62962154099561	-0.0146630428631754
2.63154957063064	-0.0176515082837209
2.63366591059412	-0.0209284860453313
2.63597147190332	-0.0244944469904591
2.63846707389123	-0.0283494322246543
2.64110867614232	-0.0324242450069212
2.64393555895839	-0.0367785978098788
2.6469482889835	-0.0414120978548734
2.65014745048168	-0.0463240780155874
2.65347885089444	-0.0514297674996115
2.65699189866233	-0.0568038437905471
2.66068702900392	-0.0624453700991682
2.66450390506055	-0.0682601076465703
2.66849830006181	-0.0743319567777247
2.67267056717195	-0.0806595833818055
2.67695488556039	-0.0871408547220447
2.68141272063965	-0.09386756430401
2.68604439849943	-0.100837809681219
2.6907791294502	-0.107942929125444
2.69568352333359	-0.115281466025769
2.70068477657835	-0.12274170588199
2.705851703263	-0.130424977482473
2.71118458104639	-0.138328612323087
2.716606628692	-0.146336830867288
2.72219082348229	-0.154555171723868
2.72785886184518	-0.162865996047137
2.73368541462273	-0.171376683723658
2.73959100624297	-0.1799685153709
2.74565163832589	-0.188749938945796
2.75178683371682	-0.197601626011279
2.75807374574806	-0.206632619951641
2.76444101203033	-0.215737632937365
2.77095741162363	-0.225012352348779
2.77754076775292	-0.23433732206613
2.78427021283869	-0.24382159534958
2.79106288261768	-0.253346226619107
2.7979169394255	-0.262906038594684
2.80491107682926	-0.272608781849732
2.81196362447769	-0.282337832325087
2.8191535688127	-0.292199596270346
2.82639875891558	-0.302078608442084
2.83377874590074	-0.312079934185169
2.84121092643309	-0.322089362550536
2.84869396810029	-0.332102660366833
2.85630664310385	-0.342222518565416
2.86396781312477	-0.352338263538098
2.87167592990613	-0.36244533076265
2.87950888921343	-0.372643485652154
2.88738702920404	-0.382825787446889
2.89538778892503	-0.393088901426958
2.90343124021388	-0.403327771698076
2.91151639079656	-0.413538874752065
2.91971977821922	-0.423815672122911
2.92796304342928	-0.434057278214477
2.93624524748054	-0.444260267921231
2.94464155681559	-0.454514094300274
2.95307518917266	-0.464722187097283
2.96154527177496	-0.474881281358224
2.97012554428379	-0.485076610492044
2.97874080696668	-0.495216031874207
2.98739026705561	-0.505296501938028
2.99614618786348	-0.515398854831201
3.00493495523932	-0.525435466975478
3.01375587125519	-0.535403562554618
3.02260840656634	-0.545300225073447
3.03156217812418	-0.5552007489707
3.04054684727452	-0.565024150790137
3.04956134803815	-0.574767053529427
3.05867372803339	-0.584500223878358
3.06781525534466	-0.594147237408839
3.07698519645285	-0.603705291479641
3.0862497708258	-0.613240269870203
3.09554185526339	-0.622680356055142
3.10486085438751	-0.632023113055534
3.11420647819475	-0.641266124830788
3.12364220777359	-0.650469651560686
3.13310416428363	-0.659568361705821
3.14259141863376	-0.668559418232473
3.15216576590353	-0.677498489628147
3.16176496774815	-0.686324774357856
3.17138846026061	-0.695036050174774
3.18103609077495	-0.703630191713011
3.19076662540672	-0.712157177119341
3.20052110396028	-0.720562457716646
3.21029864766108	-0.728843482310333
3.22015625222543	-0.737045789061093
3.23003665252396	-0.745119214824134
3.23993933919964	-0.753061790158331
3.24986428303268	-0.760871672399569
3.25986534434498	-0.768589044742062
3.26988863882276	-0.776169662992381
3.27993334397498	-0.783611271787968
3.29005143897446	-0.790949874086694
3.30019083799807	-0.798145396904798
3.31035107960866	-0.8051961260937
3.32053225766194	-0.812100470822869
3.33078305729727	-0.818889533085342
3.34105496480003	-0.825528736819073
3.35134718815634	-0.832016054984737
3.36170638224176	-0.838378808034248
3.37208600566966	-0.844586283005075
3.38248542563858	-0.850636781765668
3.39294916916311	-0.856553960582403
3.40343278011988	-0.862310874018436
3.41393594797163	-0.867906201932095
3.42450080733468	-0.873360039055128
3.43508511295479	-0.878649060255894
3.4456886894454	-0.883772141112835
3.45631189642829	-0.888728150805105
3.46699318957687	-0.893533690629701
3.47769467652238	-0.898169824393796
3.48841570225059	-0.90263499658194
3.49919220210029	-0.906942982756172
3.50998892061985	-0.911077917571627
3.52083944497108	-0.915050684479085
3.53170921679767	-0.918847582462395
3.54259814452324	-0.922467617571267
3.55353821914058	-0.925920004445984
3.56449805306881	-0.929193715306698
3.57547750841329	-0.932287671380865
3.58650546374072	-0.935209151763793
3.59755407117274	-0.937949377590167
3.60864943953255	-0.940513536271792
3.61976502330837	-0.942894700019639
3.63090101257809	-0.945091906668096
3.64208107357633	-0.947109432041427
3.65328311513148	-0.948941821187155
3.66452743891752	-0.95059190192602
3.67579398308259	-0.952055456638798
3.6871009991884	-0.953334457759507
3.69843092294864	-0.954425721583392
3.70979949015488	-0.9553305670984
3.72119228918636	-0.956046616021452
3.73262188676199	-0.956574509074666
3.74408734939311	-0.956913256135462
3.75557955281445	-0.957061909248635
3.76710571446222	-0.957020305279818
3.77866488504815	-0.956787885503326
3.79025610028256	-0.956364045257104
3.80187879148078	-0.955748447962764
3.81353155450755	-0.954940788650565
3.8252133792164	-0.95394079776035
3.83692323992169	-0.952749351990226
3.84867858530859	-0.951363634512482
3.86045996004852	-0.949785876775372
3.87228313929995	-0.948013511518445
3.88414772399593	-0.946046260727839
3.89603520440426	-0.943887160998296
3.90796398542309	-0.941532886045437
3.91993246911296	-0.93898347839961
3.93194012840396	-0.936238878608534
3.94398630612053	-0.933299143129271
3.95607009835581	-0.93016448885184
3.96819038251319	-0.92683530319165
3.98034593693349	-0.92331212091821
3.99253538953357	-0.919595715923728
4.00477625100664	-0.915680720993611
4.01704822072571	-0.911573820802295
4.0293677060554	-0.907269796530394
4.04173219777352	-0.902769592467775
4.05413880350369	-0.898074500745928
4.0665842629687	-0.893186209909077
4.07907900409627	-0.888100967596456
4.09162781457045	-0.882816932575716
4.10421870001046	-0.877339479632614
4.11685852284746	-0.871666127767158
4.12954741386675	-0.865797250734501
4.14228894049156	-0.859731635707415
4.15507023045563	-0.853476109607668
4.16789777820645	-0.84702840473053
4.18077869772366	-0.840385652076398
4.19372070341415	-0.833544367829011
4.206704624858	-0.826515511864107
4.21976335172458	-0.81928190178681
4.23287271445087	-0.811857484799714
4.24603608494742	-0.804241392175587
4.25925713797302	-0.796432497528853
4.27253983159905	-0.788429416441566
4.28588842889151	-0.780230483612622
4.29930752210651	-0.771833728537443
4.31280206192969	-0.763236847906921
4.32637749251403	-0.75443710799229
4.34003957749375	-0.745431445907109
4.35379454397956	-0.736216394552294
4.36757986971687	-0.726835466940256
4.38146692675181	-0.717241682069094
4.39546346830731	-0.707430204449024
4.40957777008326	-0.697395727829221
4.42372931661326	-0.687197128977288
4.43801083192874	-0.676769195677609
4.45243286251001	-0.666104607493464
4.46689850266992	-0.6552767660377
4.48152030810212	-0.644203031201037
4.49631179672284	-0.63287343361758
4.51115560744005	-0.621379710258127
4.52618969980525	-0.609616680061367
4.54143156456145	-0.597570820971814
4.55673790537875	-0.585357351772655
4.57228043542122	-0.572840970232265
4.58808318487604	-0.560002377904594
4.60417446283798	-0.546818631471048
4.6203584268142	-0.533452104363747
4.63687796733011	-0.519704248053116
4.65377448957123	-0.505540556944892
4.67079623920369	-0.491174454583538
4.68819222766199	-0.476398688552582
4.70610283640364	-0.461094600891236
4.72461147414001	-0.445190887153596
4.74382549096872	-0.428595285667184
4.76388700813923	-0.411185107937241
4.78499109583379	-0.392791345397908
4.80741837004223	-0.373170163171345
4.83159903686334	-0.351946869478691
4.85825574324903	-0.328491110098743
4.8922513017614	-0.298527171982151
4.95642518048641	-0.241983540340438
4.98280326150023	-0.218814160365128
5.00268700282384	-0.201398686279524
5.02073103632263	-0.185640547447833
5.03641318070042	-0.171986335706439
5.05089671622541	-0.159414370941779
5.06380811866303	-0.148241245077429
5.07589458374182	-0.13781359175065
5.08719204126812	-0.128096196415722
5.09776991974058	-0.11902515538788
5.10768824713993	-0.110545043621153
5.11699932254745	-0.102607453499365
5.12574900268337	-0.0951698668925887
5.13397715132372	-0.0881953928072717
5.14191448581451	-0.0814860276510575
5.14937185544894	-0.0751994853460249
5.15638080446368	-0.0693066838093679
5.16312142067338	-0.06365407295633
5.16944661906154	-0.0583631158563236
5.1755129084235	-0.0533012685565908
5.1811932356129	-0.048572546545838
5.18662353448015	-0.0440624839820457
5.19169465689721	-0.0398598763057342
5.19652408913353	-0.0358661085409792
5.20101869518371	-0.0321567490145803
5.20527940519645	-0.0286471051613449
5.20922715644915	-0.0254013812018621
5.21294831329247	-0.0223471876121588
5.21644192111495	-0.019484425178114
5.2196458735079	-0.0168632428761212
5.22262902047807	-0.0144261986165873
5.22539032500311	-0.0121733850083383
5.22792869084732	-0.0101050531544692
5.2302009930453	-0.00825576857115473
5.23246281337765	-0.00641701801113555
5.23472591302918	-0.00457922575046709
5.23699029344744	-0.00274239174296344
5.23925595608307	-0.000906557151218091
5.24148315020379	0.000895971783121415
5.24371161775762	0.00269753313710593
5.24594132717383	0.00449810023759313
5.24817227983715	0.00629767309019187
5.25040447713496	0.0080962434357961
5.25259997978579	0.00986309413745879
5.25479673938271	0.0116289582347791
5.25716697460624	0.0135320314354315
5.25972525487649	0.0155834817941282
5.26247229396822	0.0177832370215722
5.2653603840553	0.020092326992498
5.26843244363057	0.0225446099085218
5.27168898916506	0.0251397824469673
5.27513056898981	0.0278773701874736
5.2786997067528	0.0307108273955076
5.28244910681842	0.0336814034394678
5.28637922263176	0.0367884705629834
5.29042668719639	0.039980899537005
5.29465032335688	0.0433044651698347
5.29905052031836	0.0467582729205279
5.30355864213052	0.0502874247375845
5.30823897012172	0.0539415308663098
5.31309188985552	0.0577192912806312
5.31804416562799	0.061562968325897
5.32316485674789	0.0655249767801676
5.32837874447902	0.0695459861093642
5.33375711302465	0.0736800141503451
5.33922323902604	0.0778667047988267
5.34485011700998	0.0821611119112842
5.35055971333444	0.086502144964738
5.35642649736003	0.0909455916058631
5.36237131676697	0.0954298797500226
5.3684699184385	0.100011285241468
5.37464218936988	0.104627964062075
5.38096498531264	0.109336466271962
5.38735736581333	0.114074865525299
5.39389714837856	0.118899783165743
5.40050268020966	0.123749399097313
5.4072526095145	0.128680197142805
5.41406467323742	0.133630666555426
5.42101823103279	0.13865692516885
5.42803050262321	0.143697949870553
5.43509978998545	0.148751186601574
5.44230493328214	0.153871885283163
5.44956437309976	0.159000390574336
5.45695709274937	0.164191039697724
5.46440117449058	0.16938495164232
5.47189523438692	0.174579847177546
5.47951751423966	0.179828768085453
5.4871875131205	0.185074608886433
5.49498339532632	0.190369150563873
5.50282441249606	0.195656235185324
5.5107094311452	0.200933873049663
5.5187157483056	0.206252303684504
5.52676413642379	0.211557427390619
5.53485355997339	0.216847318871481
5.54305996969938	0.22217022769469
5.55130569731654	0.227474221829038
5.55958978435139	0.23275744684269
5.56798678737846	0.238066052944991
5.57642061740977	0.2433503486413
5.58489038543817	0.248608561379747
5.59346921098099	0.253884657792372
5.60208259479315	0.259131238648617
5.61072971729352	0.264346629926689
5.61948222184537	0.269572542903905
5.6282672052575	0.274763911356012
5.63708392128782	0.279919182726667
5.64600250050743	0.285077745840997
5.65497153683547	0.290208219088715
5.6639708254066	0.295297829100161
5.67306912938136	0.300383656885603
5.68219653124832	0.305425271758567
5.69135248906095	0.310421392462667
5.7005368623339	0.315370824276315
5.7098154387131	0.320307604371688
5.71912162922196	0.325194747907476
5.72845475302745	0.330030877515265
5.73787897495682	0.334847621072064
5.74732928717423	0.339610363954402
5.75680516075117	0.344317918135098
5.76630657952386	0.348969213338962
5.77589469657716	0.353592869159834
5.7855078169574	0.358157617691888
5.79514528548926	0.362662192163308
5.80486655246104	0.367132852515424
5.81461153870774	0.371540644325203
5.82437976328028	0.375884501542538
5.83417112959402	0.38016340385055
5.84404219150667	0.38440082694977
5.85393623944545	0.38857100916138
5.8638526643115	0.392672823893621
5.87384602070125	0.396727399481084
5.88386129773976	0.400711202505926
5.89389807283141	0.4046232997291
5.90395637037038	0.408462811676711
5.91408771391554	0.412248280034439
5.92424059723205	0.415959160757333
5.93441444775159	0.41959444992303
5.94465866572755	0.423170524362832
5.95492359113585	0.426668940674563
5.96520883376257	0.430088890002755
5.9755145432671	0.433429609343734
5.98588689445473	0.436705137063637
5.99627996690762	0.439899771720492
6.00669316746225	0.443012577584071
6.01717037035145	0.446055684638296
6.02766774733124	0.449015313306183
6.0381848583777	0.451890667743159
6.04876335241774	0.454692118662672
6.0593616159849	0.457407735484988
6.06997934102355	0.460036832075434
6.08065582512617	0.462588140976827
6.09135184714657	0.465051492161377
6.10206720017024	0.467426269802531
6.11283868048832	0.46971971543909
6.1236296770481	0.471923309941566
6.13444004152585	0.474036466472059
6.1453038907691	0.476065096797487
6.15618749029663	0.478002205736937
6.16709055367418	0.479847180184946
6.17804444720523	0.481604783528623
6.1890186389392	0.483269379557636
6.20004197093638	0.484844482903037
6.21108492130745	0.486325472369336
6.22214777743533	0.487711878961314
6.23325706496427	0.489006619528498
6.24438729430682	0.490206064507957
6.25556220925618	0.491312211064253
6.26675789143165	0.492322261213083
6.27799648096871	0.493237582340742
6.28925597130106	0.494056104489306
6.30055655949757	0.4947786982641
6.31187860242444	0.495403857071937
6.32323990407414	0.495932127682703
6.33462380104213	0.496362375438255
6.34604509010819	0.496694983732496
6.35749089054958	0.496929034214852
6.36897219228208	0.497064694264762
6.38048806651109	0.497101560642407
6.39203235325657	0.497039245061182
6.40360927990033	0.496877601541206
6.41521787379648	0.496616391813793
6.42685714706661	0.496255415229971
6.43852609646292	0.495794509145033
6.45022370323874	0.495233936217138
6.46196772973774	0.494572626171837
6.47373842447043	0.493811288632823
6.48555191082877	0.492948824768067
6.49738999221857	0.491986469762263
6.50927003819568	0.490922727785721
6.52119087131698	0.489757507786526
6.53315233276058	0.488490692109652
6.54513408825224	0.48712450493624
6.55715578644667	0.4856568583902
6.56921522779419	0.484087980354397
6.58131147274273	0.482418023893212
6.59346265872602	0.480644352870643
6.60564886593661	0.478769773784275
6.61786863429136	0.476794697502283
6.63013908012683	0.47471641788155
6.64244006437977	0.472538441269984
6.65478754148325	0.470258136308786
6.66717880641673	0.467876075571899
6.67961080116713	0.465393017172339
6.6920946705617	0.462806854363732
6.70462402593729	0.460119009737511
6.71719174611093	0.457331294354231
6.72981540835137	0.454440016649002
6.74248456728692	0.451447738271087
6.75519911048951	0.448354806688752
6.76796099965746	0.445161081849534
6.78078183559119	0.441863900128669
6.79365443665244	0.438465343186845
6.80656321018631	0.434970040273825
6.81953595359886	0.43137088567936
6.83255242940031	0.427673893831159
6.84564710055011	0.423869576693827
6.85879452514334	0.419965584513361
6.87199827188368	0.415961379099888
6.88526218025951	0.411856294600611
6.8985903859755	0.407649524481215
6.91198734317935	0.403340109473672
6.92545785139205	0.39892692399009
6.939007087966	0.394408660519492
6.95264075162745	0.389783777795335
6.96630236435629	0.385072302476935
6.98005618014817	0.380252894493971
6.99390893271172	0.375323507729184
7.0078679615904	0.37028181014248
7.02194142544318	0.365125125635279
7.03605128807347	0.359882877429508
7.05028728723611	0.354522569265911
7.06465936207257	0.349040671307283
7.07907387145634	0.343473786175796
7.09363963201843	0.337780731896408
7.1083692883108	0.331956721036718
7.12314961218825	0.326047460175696
7.13811372915972	0.320000583915483
7.15322045094192	0.31383319185553
7.16838948792316	0.307579397806715
7.18378464884527	0.301172536382019
7.19942840131858	0.29460329560586
7.21515093974866	0.287944044493886
7.23115940535861	0.281107980670874
7.24748655715457	0.274081104067439
7.2641705033011	0.266847001085594
7.28097330574743	0.259509956018444
7.29820022717527	0.251937833316582
7.31591264547588	0.244103616818849
7.33418609730197	0.235973842995479
7.35266118832302	0.227709966131837
7.3718435497823	0.219087383558294
7.39187667579873	0.21004184234341
7.41295817445813	0.200484525330627
7.43537322284445	0.190286865132197
7.46097336629941	0.178605281209985
7.48971493609268	0.16545990387921
7.52911024454809	0.14741918442916
7.59060147258512	0.1192999393854
7.61391287493069	0.108680061451316
7.63326724756172	0.0998891584248618
7.64997606353252	0.0923228385081347
7.66465422365733	0.0856961748321248
7.6782707463287	0.0795673717613957
7.69093713072349	0.0738837121388203
7.70274704629653	0.0686007383189429
7.71343329224803	0.0638348543145711
7.72346335831326	0.0593748050489562
7.73316137542078	0.0550751270940323
7.74226126245843	0.0510524799329691
7.75080740713275	0.0472854530140785
7.75883964360802	0.0437548458877182
7.76639281640932	0.0404439310675966
7.77366862951066	0.0372630981002552
7.78050211310716	0.0342834119580456
7.78692069750275	0.031491814520276
7.79308258586218	0.0288183500098138
7.79885914374037	0.026318124028535
7.80438763398598	0.0239307092081267
7.8095572854965	0.0217033025292886
7.81448704367643	0.0195837041039675
7.81908204569932	0.0176121996621422
7.82344486098954	0.0157439277850561
7.82757442066087	0.0139788656835003
7.83139455457745	0.012349035049275
7.83498864810751	0.0108181874885905
7.8383557388274	0.00938631724217461
7.84153536285506	0.00803629468451195
7.84471758107384	0.00668716782600155
7.84790233192713	0.00533896441843728
7.85108961944902	0.00399180854999758
7.8542219926732	0.00266990710739661
7.85735681979812	0.00134896725415723
7.86049410466987	2.90036097513456e-05
7.86357898310321	-0.00126680863495387
7.86666631574616	-0.00256165466228395
7.86975603221384	-0.0038555033463899
7.87284813618876	-0.00514830139617992
7.8758902473321	-0.00641811702784045
7.87893471772518	-0.00768692041092842
7.88198150620014	-0.00895469282906103
7.88503061628856	-0.0102213489535254
7.88806496385787	-0.0114797780759407
7.89128312074511	-0.0128122103672002
7.89468553020289	-0.0142184399055955
7.89827272197058	-0.0156980899448033
7.90198516565863	-0.0172263137747929
7.90587759227506	-0.0188252667965373
7.90995047735205	-0.0204944876026233
7.91413853179457	-0.022206847058657
7.91850245268525	-0.0239867549644338
7.92297437897967	-0.0258058702285355
7.92761791748406	-0.0276897383362901
7.93243338688372	-0.0296378007567629
7.93734826812384	-0.031620145607739
7.94243098607276	-0.0336639428774756
7.94760715264047	-0.0357385430220864
7.95294726476929	-0.0378718298291972
7.95845160644883	-0.0400629797395926
7.96404216926202	-0.0422805014019474
7.96979321288655	-0.0445530965204971
7.97562512430266	-0.0468487764489799
7.9816139485006	-0.0491967397903221
7.98767900052701	-0.0515647846783636
7.99389755727048	-0.0539823169225103
8.00018801111773	-0.0564170488744218
8.00662869932064	-0.0588984580968308
8.01313722794028	-0.0613942828997003
8.01971149426419	-0.0639030123075386
8.02642966098514	-0.0664539755213266
8.03321024611578	-0.0690153322177959
8.04013187734092	-0.0716161794591863
8.04711253696996	-0.0742248885402487
8.05423147894708	-0.076870309474559
8.0614189413141	-0.0795258119167253
8.06866112490927	-0.0821855638314731
8.07603676034552	-0.0848778926716417
8.08346459873047	-0.08757224731321
8.09102342994544	-0.0902964157795978
8.09863162167612	-0.0930202623177299
8.10628788670483	-0.09574265249638
8.11407025380196	-0.0984906575118017
8.12189858022701	-0.101235154549467
8.12985076478051	-0.104002479917196
8.13784634926322	-0.106763988340206
8.14588436086985	-0.109518744783551
8.15404177069141	-0.112292229100638
8.16223969547638	-0.115056912404501
8.17047721192479	-0.117811880933456
8.17882992859695	-0.120581546930931
8.1872205420861	-0.12333953951804
8.19564819166453	-0.126084984154003
8.20418706844809	-0.128841164906144
8.21276145313302	-0.131582901085593
8.2213705614466	-0.134309374464346
8.23008711755758	-0.137042690079998
8.23883698848477	-0.139758883449784
8.24761948124476	-0.142457203014054
8.25643404528023	-0.145136851894396
8.26535075198438	-0.147818444988448
8.27429877213988	-0.150479816023975
8.28327703292202	-0.153120045964835
8.2923540427706	-0.155758529967637
8.30146057776004	-0.158374331575368
8.31059590248505	-0.160966687136782
8.31982671235732	-0.163553677848353
8.32908537601525	-0.166115606501077
8.33837129306411	-0.168651809045755
8.34768415655222	-0.171161622720577
8.35708792648525	-0.173661605987252
8.36651822769108	-0.176133821197695
8.37597411845035	-0.178577489761935
8.38551787878773	-0.181007930408544
8.39508677004454	-0.183408429463677
8.40468021880572	-0.185778379087078
8.41429805687731	-0.188117194988472
8.42399954786987	-0.19043865120864
8.43372522381858	-0.192727730279943
8.44347419073223	-0.194983729604808
8.45330394977406	-0.197219221792893
8.46315672004681	-0.199420376099213
8.47303198097218	-0.20158665226203
8.48292968859566	-0.203717543029596
8.49290422481503	-0.205824162761425
8.50290117457066	-0.207894289471769
8.51291970063258	-0.209927301811736
8.52301231501438	-0.211933178881846
8.53312638720857	-0.213900830128162
8.54326144693202	-0.215829784700531
8.55341757261898	-0.21771960490595
8.56364400476501	-0.219578931320071
8.57389165942178	-0.221398170633178
8.58415973430757	-0.223176766765925
8.59449545600151	-0.224922328000105
8.60485169035642	-0.226626312597818
8.61522797107781	-0.228288283718655
8.62566924837204	-0.229914817889664
8.63613044136216	-0.231498400423267
8.64661124428995	-0.233038675148044
8.65715441559394	-0.234541268272869
8.66771704106574	-0.235999653878444
8.67829895674909	-0.237413524853053
8.68890050262569	-0.23878257267396
8.69956079630839	-0.240111466102763
8.7102412291151	-0.241394882032265
8.72094116203097	-0.242632400833059
8.73169722819669	-0.24382791180888
8.74247340265653	-0.244976943304599
8.75326911312875	-0.246079107331354
8.76411833641888	-0.247137584055157
8.77498788181386	-0.248148674090533
8.78590925552229	-0.249114837126829
8.79685008977655	-0.250032938480885
8.8078103320967	-0.250902706640791
8.81881973535538	-0.251726210516151
8.82984939783568	-0.252500966572457
8.84092650591352	-0.25322844395579
8.85202335730684	-0.253906659318657
8.86314026125632	-0.254535370031769
8.87430190135824	-0.255115809505085
8.88548500134149	-0.25564641635485
8.89671105449088	-0.256128003654556
8.90795868008207	-0.256559376190401
8.91924746164714	-0.256941090251756
8.93055832806266	-0.257272251838771
8.94190852297509	-0.257553229799317
8.95328187535716	-0.257783351859294
8.96469270047481	-0.257962861057586
8.97614010263452	-0.258091361338172
8.98761211744901	-0.258168672488796
8.9991188016588	-0.258194763137088
9.01065921604688	-0.258169381950551
9.02222734571355	-0.258092439535961
9.03382725101108	-0.257963840027775
9.04545794779294	-0.257783476663692
9.05711843659325	-0.257551262353482
9.06880770249426	-0.257267129874195
9.08052471499737	-0.256931032060545
9.09226842789699	-0.256542941990278
9.10403777915632	-0.256102853164406
9.11583169078735	-0.255610779682073
9.12764906873411	-0.255066756409905
9.13948880275948	-0.254470839145651
9.1513497663356	-0.253823104775959
9.16323081653816	-0.253123651428081
9.17513079394536	-0.252372598615307
9.18704852254117	-0.251570087375943
9.19898280962363	-0.250716280405622
9.21093244571738	-0.249811362182797
9.222896204491	-0.248855539087231
9.23487284268133	-0.24784903951111
9.24686110002195	-0.246792113962793
9.25885969917819	-0.245685035162862
9.27086734568894	-0.244528098132203
9.28288272791327	-0.24332162027214
9.29490451698423	-0.242065941436213
9.30693136677043	-0.240761423993338
9.3189619138452	-0.239408452882158
9.33099477746131	-0.238007435656603
9.3430285595344	-0.236558802522174
9.35506184463501	-0.2350630063627
9.36709319998949	-0.233520522757386
9.3791211754863	-0.231931849988337
9.39114430369579	-0.230297509037422
9.40316109989589	-0.22861804357318
9.4151700621082	-0.22689401992704
9.42716967114552	-0.225126027058487
9.43915839066631	-0.223314676509626
9.45113466724172	-0.221460602348178
9.46309693043385	-0.219564461098869
9.47504359288407	-0.217626931663215
9.48697305041218	-0.215648715227428
9.49888368212724	-0.213630535158121
9.51077385055319	-0.21157313688513
9.52264190176242	-0.209477287772377
9.53448616552364	-0.207343776975616
9.54630495546438	-0.205173415286774
9.55809656924458	-0.202967034965352
9.56985928874371	-0.200725489556314
9.58159138026296	-0.198449653694034
9.5932910947382	-0.196140422892947
9.60495666797248	-0.193798713323111
9.61658632087819	-0.191425461572416
9.62817825973659	-0.189021624393865
9.63973067647031	-0.186588178438637
9.65124174893475	-0.184126119973622
9.66270964121979	-0.181741260763859
9.67701236813308	-0.178967664128881
9.6914508986964	-0.176132277006425
9.70593335047151	-0.173253634727516
9.7205733575095	-0.170309575737201
9.73538432728593	-0.167297473436974
9.7502480501102	-0.164241864147126
9.76530389169429	-0.161114531542381
9.78056957420707	-0.157911835021295
9.79590035934455	-0.154664670223266
9.81146986418968	-0.151336716611449
9.82730249163428	-0.147922772025667
9.84342706738333	-0.144416634109523
9.85964548121388	-0.140861896312824
9.87620378708887	-0.137205174904147
9.89314421823727	-0.133437128113994
9.91013843557817	-0.12963160334307
9.92758785339186	-0.125699466819549
9.94556053541454	-0.121625381698204
9.96414227383799	-0.117389896611492
9.98344378170876	-0.112967778444932
10	-0.109157957697211
