0	2
0.00115470053829855	1.999998
0.0023094010765971	1.9999920023094
0.00346443499651693	1.99998200577317
0.00464179403540213	1.99996770405193
0.00600479824069527	1.99994596549718
0.00755524690269151	1.99991448196603
0.00929463476842685	1.99987061073361
0.0112242127142491	1.9998113723903
0.0115579475611802	1.9998
0.0133450551174252	1.99973344885918
0.0156201401406586	1.99963495871268
0.018082194537149	1.99951101895833
0.0207319653797689	1.99935749899987
0.023149449395525	1.99919925628161
0.0235701486140295	1.99916994621669
0.0265478194085221	1.99894751341652
0.0297090879745379	1.99868265444023
0.0330545186000196	1.99837021616744
0.0347762202172095	1.99819656011143
0.0365846612699194	1.99800474320298
0.040240954936481	1.99758754959116
0.0440772055384974	1.99710761704242
0.0464361814880004	1.99679108468459
0.0480939049194648	1.99655889141548
0.0522266931510158	1.9959450724082
0.0565353746337392	1.99525208622201
0.0581310354042157	1.99498174244548
0.0610204076745519	1.99447336010401
0.0656122029737324	1.99361562856174
0.0698593985554376	1.99276794866251
0.0703760004877173	1.99266128142001
0.0752399837466158	1.99161930049863
0.0802718488651855	1.99046972881522
0.0816273228293296	1.99014764363683
0.0854719953685667	1.98920540894801
0.0907645206142274	1.98783925874201
0.0934255255092039	1.98712222850564
0.0962213974895329	1.98634712315286
0.101765180026512	1.98474465657035
0.105260644265704	1.98368957967379
0.107469578530274	1.98300500870305
0.113255912866338	1.98114668758154
0.117133165736405	1.97984889055682
0.119199311045414	1.97914007259986
0.125220014491208	1.97700666315426
0.129042822290452	1.97559968221297
0.131394395969229	1.97471397439078
0.137641757878711	1.97228662078653
0.140988881161885	1.97094181036581
0.144039562635732	1.96968917014532
0.150506294450301	1.96694946427231
0.152970514809661	1.96587538013253
0.157120370044532	1.96402904956577
0.163799556725526	1.96095909850363
0.164987247977742	1.96040055269422
0.170623110651975	1.95769806909781
0.177040129425701	1.95451692209131
0.177508163940726	1.95428056141731
0.184452687914699	1.95070490140198
0.189147806318837	1.94821464020863
0.191535731068801	1.94692556993919
0.198675605710424	1.94298141268233
0.201285918721711	1.94150592694651
0.20595132365715	1.93882409517184
0.213280804505413	1.93449594237375
0.21345607537691	1.93439073139968
0.220662293728007	1.92999581226157
0.22566621582825	1.92686504879032
0.228174449395774	1.92527138419365
0.235736515763136	1.92036916093119
0.237925288908896	1.91892302517921
0.243426815465796	1.91523415158819
0.250216703077651	1.91057579483468
0.251164340744788	1.90991635568506
0.258947612559932	1.90441512125348
0.262569973441019	1.90180321504494
0.26685442609863	1.89867158665167
0.274805245621141	1.89273974919137
0.274947613110395	1.89263211559402
0.282798652337869	1.88661929417033
0.287366896369089	1.88305136908092
0.290911199670843	1.88024805744546
0.299064859101142	1.87368386409986
0.29983565902783	1.87305505694071
0.307258276564098	1.86692672163696
0.312343438676743	1.86265250603463
0.315566679355831	1.8599113735137
0.323913581477779	1.85269927711763
0.324905422369077	1.8518314340592
0.332373437360957	1.84522305966819
0.337505073408345	1.84060714501919
0.340869654343097	1.83754752235183
0.349401449018812	1.82967278796653
0.35016132903816	1.82896338542211
0.357968142760136	1.82159898474697
0.362857499032007	1.81691671373318
0.366642118947194	1.81325535157121
0.375350044033849	1.80470998349709
0.375610164265228	1.80445213931871
0.384090777169248	1.79596376329199
0.388406977984417	1.79158317170499
0.392935203967614	1.78694355776475
0.40126037924596	1.77829813972898
0.401811586643897	1.77772043097648
0.410718870761314	1.76829551448861
0.414203835063989	1.76456227486069
0.419726397466908	1.75859357430788
0.427163637339661	1.75045488777861
0.428764034550987	1.74868839975222
0.437830828711164	1.73858133969664
0.440208334291489	1.735903218851
0.446994530713749	1.7281953462578
0.453280212597034	1.7209731283185
0.45618662363596	1.71760667874256
0.465406494879363	1.70681660396977
0.46642983115458	1.70560865821676
0.47465381972774	1.69582613639208
0.47962163153344	1.68985320051794
0.483993400875898	1.68455719260913
0.49288520977238	1.67367296964466
0.493359958201073	1.67308757601805
0.502752561213449	1.66141929431841
0.506262393932424	1.6570168163071
0.512234357508272	1.64947316772504
0.51965393284773	1.64000987415366
0.521741698370463	1.63732877377449
0.53127378924835	1.62498824382822
0.533147200408964	1.62254378809599
0.540830666338996	1.61245271432652
0.546677771085049	1.60470400200514
0.550472448477549	1.5996430375752
0.560138750458532	1.5866392464766
0.56029839512522	1.58642314522642
0.569828687815882	1.57344392577753
0.573981477406453	1.56774068856197
0.579600657760338	1.55997758390849
0.587752231517844	1.54862393180218
0.589395949592002	1.54632127422347
0.599213831547557	1.53247764337379
0.601653787393932	1.52901342569981
0.609054457178102	1.51844816128073
0.615592535536109	1.50904343642197
0.618973099085872	1.50415447897612
0.628914390437	1.48967693235441
0.629649191771322	1.4886009435419
0.638877502613323	1.47501860935664
0.643775475446924	1.46775879820683
0.648915888276396	1.4601016264292
0.658015083264129	1.44645459086268
0.6589759416777	1.44500651168305
0.669056997018925	1.42973635819137
0.672433186040997	1.42459088049052
0.679159319396375	1.41429291147352
0.68688628240249	1.40238743307279
0.689333094167893	1.39860060737724
0.699528220149257	1.38273796662258
0.701509625191149	1.3796394925802
0.709743910161784	1.3667085375438
0.716205385721442	1.35650182546721
0.7200283954666	1.35043808390081
0.730333485695557	1.33400438850283
0.73106726683275	1.33282935315581
0.740658550528582	1.31741097202566
0.746040941410313	1.3087114846062
0.751049758187886	1.30058535997348
0.761185507569843	1.28405497733062
0.761460927885985	1.28360416252579
0.771891587171212	1.26647084743778
0.776620746452277	1.25866420969409
0.782342164463575	1.24918744984253
0.792106330136942	1.23293620343648
0.792855231354999	1.23168563929552
0.803388565001291	1.21403786104573
0.807915015252298	1.20642071672765
0.813941480076425	1.19624815076799
0.82380624169864	1.17952292732398
0.824554277841518	1.17825090123475
0.835187040034725	1.16011621776891
0.840079464309829	1.15173834032445
0.845839190422315	1.14184812960346
0.856463368513957	1.12353159672426
0.856548612072405	1.12338424382176
0.867277877411434	1.10479174242414
0.873336284419208	1.09425315899339
0.878026491935537	1.08607467691928
0.888829760600643	1.06717437679857
0.890362866515592	1.06448536381647
0.89965297436705	1.04815444515952
0.907707052692522	1.03394820609946
0.910495680886517	1.02901900915756
0.921390415844665	1.00971367685892
0.925603364648616	1.00222843565173
0.932305340276025	0.990297956553876
0.943270589261018	0.970721401490285
0.943866350946946	0.969655837444832
0.954255412224153	0.95104216715909
0.962697959929609	0.935873987863425
0.965259819567538	0.931263798912841
0.976311898332614	0.911339185642709
0.982440264764748	0.900266564801375
0.987384465424999	0.891320763656163
0.998502947465202	0.871166051531914
1.00297638677718	0.863043029291089
1.00964170598159	0.850925095665073
1.02082462567945	0.830558102936519
1.02462699148573	0.823623489976584
1.03202773133309	0.810112438896582
1.04325173197545	0.789590652340088
1.04790022088359	0.781081489039162
1.05451716983839	0.76895897305889
1.06580549890222	0.748255193157302
1.07375910842038	0.733651912818253
1.07713344782799	0.727452519994437
1.08850012239148	0.70655647736644
1.09989024516291	0.685599160650181
1.10496021676653	0.676266128062604
1.11131723068657	0.664559921976468
1.1227683325719	0.643466325618967
1.13425441088006	0.622302502659207
1.14577452383949	0.601074361267894
1.15732312867756	0.579796344461984
1.16178299977631	0.571580979762314
1.16890384323443	0.558466056089327
1.18051568144704	0.537089626708342
1.19215765220947	0.515673236343113
1.1967639990039	0.507204935930751
1.20382874906109	0.494223129675168
1.21552795005648	0.472745612372819
1.22069843399375	0.463262678021736
1.22725421763585	0.451247047319846
1.23900649850277	0.429733850733068
1.24049873173921	0.427004910075679
1.25078372349966	0.408212488187667
1.25784756351503	0.395324214788644
1.26263328419064	0.386600987222107
1.27329630761844	0.367193261235497
1.27452387467433	0.364961387519857
1.2864363820971	0.343333158515905
1.28716821066586	0.34200627010481
1.29838949067427	0.321687081751856
1.30030569034796	0.31822260912089
1.31038151252513	0.300031086494806
1.31250382696657	0.296205233227159
1.32241177191261	0.278371294299321
1.32389958572703	0.275697410953598
1.33447941428091	0.256714176362317
1.33459928727182	0.256499420189332
1.34462121004781	0.23857079212676
1.34658341674621	0.235066525520862
1.35385833455119	0.222093620254005
1.3587225984563	0.213435427870853
1.36273302914943	0.206307576442786
1.3709148151118	0.191794243186732
1.37123583101356	0.191225641204433
1.37923287507508	0.177080703157979
1.38313991764461	0.170183947268097
1.38674812007295	0.163823635782797
1.39397881350455	0.151102383173023
1.39541474466392	0.14857999059005
1.40061822869155	0.139451543352817
1.40714276438243	0.128030648248463
1.4077192386469	0.127022897949093
1.41306049963651	0.117697380257982
1.41892954123894	0.107472870699892
1.42006910941999	0.105490347846398
1.42427694831652	0.098178576228071
1.42953076506419	0.0890669372221301
1.43246153282267	0.0839926694750761
1.43442362377097	0.0805993539673152
1.43909371276356	0.0725341687839239
1.44352398786904	0.0648980386454664
1.44490861163378	0.0625144428484164
1.44753436801034	0.0579987054527557
1.45142414737253	0.051318834836644
1.45508307830333	0.0450459849603793
1.45739078236009	0.0410949486707949
1.45843675077057	0.0393056767536275
1.46158347550063	0.033928011129132
1.46450702408253	0.0289387919757218
1.46720707101458	0.0243370197209103
1.46968315180651	0.0201220473196226
1.46992821806563	0.019705141670091
1.47172954014688	0.0166425535469539
1.4737431376416	0.0132222101482312
1.47553793205236	0.0101763363756251
1.47711248912749	0.00750639617841389
1.47867334456161	0.00486169831685588
1.48023419999572	0.00221900045529812
1.48179505542963	-0.000421697405902381
1.48250909535571	-0.0016290629152368
1.48324907111698	-0.0028797093148085
1.48478509908612	-0.0054742961829289
1.48632112705546	-0.00806688305138899
1.4878571550246	-0.0106574699195092
1.489442873848	-0.0133297647649658
1.49121628880256	-0.016315845168711
1.49317831097708	-0.0196163965406175
1.49513739808834	-0.0229087546423325
1.49531319435495	-0.0232040013750297
1.49761729024501	-0.0270711923899704
1.50010599169399	-0.0312430116611764
1.50277958628174	-0.0357187354314745
1.50563827682807	-0.0404974061157581
1.50781690483455	-0.0441344676593573
1.50862766792816	-0.0454867747446906
1.51180634194481	-0.0507829147401693
1.51516497247867	-0.0563690043634558
1.51870350834414	-0.0622433261438271
1.5205476581063	-0.0653003295512695
1.52232058033332	-0.0682360393660614
1.52615891449191	-0.074581805383579
1.53017175890386	-0.0812014902789034
1.53331735431731	-0.0863801111522882
1.53431323669306	-0.0880175544902054
1.53861349056073	-0.0950772502205867
1.54308287541173	-0.102395951407696
1.54613242045042	-0.107378724673214
1.54765778796821	-0.109867484374623
1.55239960201159	-0.117589614079467
1.55730522773805	-0.125555388804824
1.55899986464776	-0.128301681663483
1.56224041782988	-0.133544784898066
1.56740263392926	-0.14187533474654
1.57192731228222	-0.149155090360212
1.57269878502414	-0.1503941343095
1.57811066774703	-0.159068846617284
1.58367644079863	-0.167958855935734
1.58492309246433	-0.169945726900713
1.58923759915984	-0.176808804793468
1.5950369381802	-0.186002967902768
1.59796558779767	-0.190632556165438
1.60089404328484	-0.195252254983556
1.60691968168416	-0.204728809136642
1.61105791829224	-0.211214417728503
1.61303604521449	-0.214307755106414
1.61928027167851	-0.224044075040426
1.6242034523508	-0.231690333341379
1.62562989621683	-0.233900540168355
1.63208492239118	-0.243873736931603
1.63740576287217	-0.252059412026781
1.63864802829449	-0.253965750853036
1.64530617082602	-0.264152977905642
1.65066874688662	-0.272321006465914
1.65206648105415	-0.274444324083871
1.65892024284481	-0.284822928582493
1.66399660002509	-0.292474638582626
1.66586331051616	-0.295280484032391
1.67290540952932	-0.305828081009446
1.6773938424955	-0.312520002468877
1.68001761152597	-0.316420272845004
1.68724098328042	-0.327114783317264
1.6908654347595	-0.332457095113411
1.6945089602058	-0.33781078475182
1.70190674686829	-0.348630457140358
1.70441662849995	-0.352285948410816
1.70931714839107	-0.359399877731774
1.7168826862735	-0.370323309315045
1.71805308776552	-0.372006762520946
1.72442212803069	-0.381136213900912
1.7317809375827	-0.391619921637883
1.73214356537681	-0.392134697897338
1.73991864938066	-0.403130946996798
1.74560681869262	-0.411126010545367
1.74776754961093	-0.41415169503458
1.75569626419155	-0.425201620088127
1.75946462350903	-0.430424389143214
1.76365890987747	-0.436214720965979
1.7717358309186	-0.447298866781496
1.77343014507322	-0.449612943225271
1.77979870811439	-0.458275464391379
1.78751148799619	-0.46869271697272
1.78801179057857	-0.469365592556205
1.79627217593456	-0.480425513247625
1.80162928262304	-0.487548021383976
1.80458851102484	-0.491465048628777
1.81298493956507	-0.502512640082731
1.81587487323515	-0.506292329438806
1.82139104207647	-0.513473505660239
1.82991824863195	-0.524490011564518
1.83025857624739	-0.524927557999114
1.83840103160889	-0.535345596714256
1.8447915521704	-0.54345567847355
1.84702730479248	-0.546278909429649
1.85571538848594	-0.557181234940931
1.85937111330597	-0.561735998480662
1.86442362068232	-0.567998371293414
1.87323183476149	-0.578826405433956
1.87411733666324	-0.579908678413627
1.88200962664215	-0.589502554932406
1.88904462565328	-0.597976566592519
1.89091400831566	-0.600215756008255
1.89986994414299	-0.610870831343984
1.90402820964152	-0.615777204508617
1.90885016721458	-0.621433530323628
1.91791651502896	-0.631973480725466
1.91921597267275	-0.633473962800056
1.92696179984256	-0.64236374831374
1.93462718497149	-0.651071016096683
1.93612090220848	-0.652757128121657
1.94532323817058	-0.663068878422395
1.95010838305547	-0.668379317433436
1.95455441109865	-0.673281155060932
1.96385834169267	-0.683439428553098
1.96584444358409	-0.685590465719538
1.97315310980554	-0.693452092456113
1.98186274923275	-0.702711232932675
1.98254950389002	-0.703436176948035
1.99197910350884	-0.713314675211462
1.99797112180262	-0.719518841138885
2.00144643230604	-0.723090742220913
2.01096969504023	-0.73277999176663
2.0144072536058	-0.736241943126965
2.02050231698091	-0.742333105509425
2.03011564416727	-0.751818981045045
2.03121176233672	-0.752891137870398
2.03970981528521	-0.761136687192662
2.04843262731861	-0.769478799969703
2.04940346712557	-0.770399556980459
2.05912927892414	-0.779538912335927
2.06579420389616	-0.785712976230072
2.06889224116382	-0.788557889876696
2.07870154586057	-0.797461969598763
2.08365888782617	-0.801901845511638
2.08853268408645	-0.806227090499202
2.09842242557563	-0.814883375762671
2.10210693298036	-0.818067121450942
2.10832217940417	-0.823386231950023
2.11828947977177	-0.831782730160637
2.12124121029044	-0.834237676139473
2.12826013661965	-0.84001651126154
2.13830232549946	-0.848141750285624
2.14119708724555	-0.850452737654173
2.14834751315471	-0.856100574739466
2.15846216092832	-0.863943601766461
2.1621589390295	-0.866767405402467
2.16858606024574	-0.871621719836237
2.17877089770624	-0.8791720189148
2.18426225558378	-0.883170579346253
2.1889769828514	-0.886562808271979
2.19923042820173	-0.893810702375456
2.20801521377569	-0.899879403809587
2.20951997657831	-0.900905767254754
2.21984060148991	-0.907841997734428
2.23020088036691	-0.914623657716412
2.23406386932379	-0.917105831825674
2.24057609854937	-0.921232719235825
2.25100108671349	-0.927689504333766
2.26146254469293	-0.933983662754209
2.26668542683574	-0.937056583294101
2.27194439269875	-0.940103740748265
2.28246862260444	-0.946060717525727
2.2930261433007	-0.951847623897182
2.30361590412677	-0.957462122351009
2.31423685102503	-0.962901943805944
2.32180589001525	-0.966661782783132
2.3248934325039	-0.968167658882733
2.33558100442528	-0.973255484014379
2.34629662171911	-0.978162263790506
2.35365755269598	-0.981420119587132
2.35705384897695	-0.982892577451142
2.36783777436977	-0.987438683481386
2.37589810736814	-0.990708247055003
2.37865537053676	-0.99180164385498
2.38950356976602	-0.995979124782161
2.39456376335433	-0.997859887748288
2.40039357629885	-0.999973544780985
2.41078925919265	-1.0036008710949
2.41130371440964	-1.00377568263423
2.42224944475581	-1.0073899391315
2.42574680658316	-1.00850244022493
2.43323873722284	-1.01081706369932
2.43904220851829	-1.01254559736939
2.44425298888917	-1.01404990500495
2.45143487127912	-1.01604914210203
2.45529694065209	-1.01708887544944
2.46301058413385	-1.0190913903555
2.4663724681263	-1.01993337297662
2.47384269494048	-1.02173731616743
2.47748055906987	-1.02258248895626
2.48399441305436	-1.02404126559184
2.488621831885	-1.02503520118175
2.49352065654445	-1.02604903951685
2.49979691695198	-1.02729048062501
2.50246946856665	-1.02779949195587
2.51088254168129	-1.02932567393879
2.51100685679766	-1.02934735973588
2.51900001005383	-1.03068877712122
2.52224515309108	-1.03120371805513
2.52662496996553	-1.03187154614859
2.53351694565454	-1.03285945926223
2.53379035356569	-1.03289706115016
2.54068329811732	-1.03380518295571
2.54482935521068	-1.03431448184139
2.54715084880869	-1.0345875371178
2.55321910222667	-1.0352603599529
2.55616920020202	-1.03556609137413
2.55903501050536	-1.03584970421434
2.56447972100325	-1.03635231903797
2.56754073985817	-1.03661407897173
2.5696805022653	-1.03678816378052
2.57453533016244	-1.03715608220631
2.5789456350063	-1.03745779206905
2.57915419290166	-1.03747129289699
2.58353604078319	-1.03773900111899
2.58759862230802	-1.03796000953675
2.59038649098594	-1.03809655992492
2.59143163958493	-1.03814458150746
2.59496577353535	-1.03829419435752
2.59827734517784	-1.03841650739639
2.6013653151635	-1.03851500097031
2.60185843931382	-1.03852934103879
2.60422866681022	-1.0385929307952
2.60681794642864	-1.03865231577088
2.60918877738864	-1.03869746848115
2.61133990493028	-1.03873081708431
2.6132698682855	-1.03875457339818
2.61336256797561	-1.03875556786409
2.61497691561465	-1.03877073175494
2.61659107970617	-1.03878182334831
2.61820591335273	-1.03878884982526
2.6198213990523	-1.03879180934093
2.62143753733225	-1.03879070019495
2.62305432871989	-1.03878552068489
2.62467177374315	-1.03877626910622
2.62490047565037	-1.03877463272808
2.62628987293041	-1.03876294375233
2.62788078878163	-1.03874587691984
2.62962154099561	-1.03872270178103
2.63154957063064	-1.03869154866316
2.63366591059412	-1.03865072260605
2.63597147190332	-1.0385983575187
2.63647204851836	-1.038585902504
2.63846707389123	-1.03853241557343
2.64110867614232	-1.03845214189512
2.64393555895839	-1.03835432315811
2.6469482889835	-1.03823653390201
2.64807729680405	-1.03818879990062
2.65014745048168	-1.03809618585015
2.65347885089444	-1.03793334955373
2.65699189866233	-1.03774322562164
2.65971661949434	-1.03758277792726
2.66068702900392	-1.03752289441346
2.66450390506055	-1.03727343922871
2.66849830006181	-1.03698864112464
2.67139169347976	-1.03676721377066
2.67267056717195	-1.03666529244792
2.67695488556039	-1.03630581997885
2.68141272063965	-1.03590234778622
2.68310136249929	-1.03574169045541
2.68604439849943	-1.03545141891303
2.6907791294502	-1.0349571348242
2.69484399485592	-1.03450598127435
2.69568352333359	-1.03440971824466
2.70068477657835	-1.03381448246003
2.705851703263	-1.0331604040431
2.70662554739858	-1.03305903091189
2.71118458104639	-1.03244375229336
2.716606628692	-1.0316719801758
2.71843774213258	-1.03140154897519
2.72219082348229	-1.03083181807772
2.72785886184518	-1.02993219682751
2.73028622195628	-1.02953255075365
2.73368541462273	-1.02895840681655
2.73959100624297	-1.02792090586286
2.74217132968418	-1.02745169522417
2.74565163832589	-1.02680351655155
2.75178683371682	-1.02561828782247
2.75409285922796	-1.02515878543451
2.75807374574806	-1.02434753143006
2.76444101203033	-1.02300279371278
2.76605036327969	-1.02265374845076
2.77095741162363	-1.02156666898629
2.77754076775292	-1.0200545636795
2.77804360196382	-1.01993655221899
2.78427021283869	-1.0184456084797
2.79007424357282	-1.01700678215743
2.79106288261768	-1.0167569770329
2.7979169394255	-1.01498767905137
2.80215573821935	-1.01386077616046
2.80491107682926	-1.0131148535996
2.81196362447769	-1.01115786377319
2.81426894856975	-1.01050332808676
2.8191535688127	-1.00909231295805
2.82639875891558	-1.00693937785391
2.82641517402917	-1.00693441901607
2.83377874590074	-1.0046730193493
2.83860136064578	-1.00315226732573
2.84121092643309	-1.002316271629
2.84869396810029	-0.999868478088164
2.85083544832686	-0.999154228342048
2.85630664310385	-0.997301638416715
2.86310230130238	-0.99494541933061
2.86396781312477	-0.994640932958737
2.87167592990613	-0.991885979536013
2.8754305380132	-0.990515929223785
2.87950888921343	-0.989006874397942
2.88738702920404	-0.986030881358547
2.8877835520017	-0.985878980968347
2.89538778892503	-0.98292676787632
2.90017660596189	-0.98102968418114
2.90343124021388	-0.979723638299827
2.91151639079656	-0.976421230457141
2.91262043098992	-0.975963900239195
2.91971977821922	-0.972986482626574
2.92510118717528	-0.970687691955638
2.92796304342928	-0.969450468976022
2.93624524748054	-0.965813086820885
2.93763789538887	-0.965193199113998
2.94464155681559	-0.962039700188172
2.95020990572357	-0.959489957558472
2.95307518917266	-0.958163256193294
2.96154527177496	-0.954183800086191
2.9628408858435	-0.953567535126063
2.97012554428379	-0.950065239365349
2.97550781374297	-0.947437296981027
2.97874080696668	-0.945842288795267
2.98739026705561	-0.941515128257037
2.98823438542954	-0.941088185014302
2.99614618786348	-0.937046335377521
3.00100035234956	-0.934530980332707
3.00493495523932	-0.932472280480038
3.01375587125519	-0.927793262950786
3.01382442653314	-0.92775655556947
3.02260840656634	-0.923009542061456
3.02669497948471	-0.920771848268322
3.03156217812418	-0.918082476678185
3.03962342302307	-0.913571141271658
3.04054684727452	-0.913049801688962
3.04956134803815	-0.907912223047904
3.05264192485416	-0.906136510183555
3.05867372803339	-0.902630113579438
3.06568046407964	-0.898508612385444
3.06781525534466	-0.897242525859104
3.07698519645285	-0.891750135290739
3.07880238287378	-0.890651379907809
3.0862497708258	-0.886112606693827
3.09195766472678	-0.882595638158794
3.09554185526339	-0.88037017934685
3.10486085438751	-0.874523599141186
3.10518814255088	-0.874316692125002
3.11420647819475	-0.868573463204792
3.11846940883074	-0.865830864775262
3.12364220777359	-0.862478921110925
3.13182274774549	-0.857125321251848
3.13310416428363	-0.856280850965778
3.14259141863376	-0.849980395636695
3.14528513385988	-0.848176073732553
3.15216576590353	-0.843536255548532
3.15877330124844	-0.839039432937644
3.16176496774815	-0.836990120300897
3.17138846026061	-0.830343032725107
3.17235817259775	-0.829668625482066
3.18103609077495	-0.823595790557948
3.18599421638503	-0.820096242404098
3.19076662540672	-0.81670725957426
3.1997197547785	-0.810296395182698
3.20052110396028	-0.809719194847995
3.21029864766108	-0.80263302835982
3.21358518235475	-0.800233124484674
3.22015625222543	-0.795407583714264
3.22747292357145	-0.789992789226748
3.23003665252396	-0.788085025241362
3.23993933919964	-0.780666648331513
3.24148638305886	-0.779500677999072
3.24986428303268	-0.773153423165816
3.25555497497098	-0.768810917604498
3.25986534434498	-0.765504923012433
3.26973832903647	-0.75787942021315
3.26988863882276	-0.757762751372555
3.27993334397498	-0.749928592664535
3.28411020324289	-0.746649163170577
3.29005143897446	-0.741962409966365
3.29849901751873	-0.735255197694176
3.30019083799807	-0.733905771255686
3.31035107960866	-0.725760198056314
3.31306600331102	-0.723571623682917
3.32053225766194	-0.717526796853817
3.32768767416292	-0.711698720361569
3.33078305729727	-0.709166901052315
3.34105496480003	-0.700720824195617
3.3424820665152	-0.699542060718789
3.35134718815634	-0.692190489829612
3.35736984660469	-0.68716825437677
3.36170638224176	-0.683538081351415
3.37208600566966	-0.674803373249213
3.37243056665841	-0.674512326746655
3.38248542563858	-0.665988266947462
3.38762512363971	-0.661608672659175
3.39294916916311	-0.657056012366529
3.40300517733052	-0.648414318813194
3.40343278011988	-0.648045606456682
3.41393594797163	-0.638958774644389
3.41870239301876	-0.634815988566471
3.42450080733468	-0.629760192373051
3.43446695748701	-0.621030926965127
3.43508511295479	-0.620487828051129
3.4456886894454	-0.611143379401677
3.45059764106823	-0.606799263622892
3.45631189642829	-0.601728092551199
3.46682564194512	-0.592358903067269
3.46699318957687	-0.592209185085351
3.47769467652238	-0.58262176230743
3.48351115143103	-0.577390393577095
3.48841570225059	-0.572968044801467
3.49919220210029	-0.563217098184051
3.50033229170449	-0.562182847574136
3.50998892061985	-0.553402280021326
3.51745331906439	-0.546591194575399
3.52083944497108	-0.543494553189934
3.53170921679767	-0.533527027168241
3.53506216668108	-0.530444261228379
3.54259814452324	-0.523501554318878
3.55301140228109	-0.513878090859609
3.55353821914058	-0.513390296590157
3.56449805306881	-0.503223920799718
3.57176972352134	-0.496459456975405
3.57547750841329	-0.493004386357832
3.58650546374072	-0.482706535326206
3.59100783303384	-0.478493279023461
3.59755407117274	-0.47235812362944
3.60864943953255	-0.461936480998792
3.61092363244801	-0.459796995998055
3.61976502330837	-0.451468368814481
3.63090101257809	-0.440955546127013
3.63177758792829	-0.440127029284793
3.64208107357633	-0.430377555421982
3.65328311513148	-0.419757204121641
3.65393855914617	-0.419135192551432
3.66452743891752	-0.409077184943325
3.67579398308259	-0.39835852087448
3.67801540356206	-0.396243305542167
3.6871009991884	-0.38758584614064
3.69843092294864	-0.376777919088488
3.70528277487028	-0.370236270567807
3.70979949015488	-0.36592178185767
3.72119228918636	-0.355033271321828
3.73262188676199	-0.34410248179783
3.74023250362207	-0.336821262649878
3.74408734939311	-0.33313242265357
3.75557955281445	-0.322133978564724
3.76710571446222	-0.311102418235738
3.77866488504815	-0.300040849187591
3.79025610028256	-0.288952417835203
3.80187879148078	-0.277839917286323
3.81353155450755	-0.26670695773604
3.81864963707837	-0.261820506366133
3.8252133792164	-0.255556791674295
3.83692323992169	-0.244392703147222
3.84220837535413	-0.239358827292942
3.84867858530859	-0.233200391983081
3.86045996004852	-0.222000759789524
3.86183435504594	-0.220695512862335
3.87228313929995	-0.210781189685476
3.87906343310864	-0.204357007745884
3.88414772399593	-0.199544512716448
3.8944254121475	-0.189830520451789
3.89603520440426	-0.188310682151519
3.90796398542309	-0.177064741148042
3.90826159896067	-0.176784537301933
3.91993246911296	-0.165810715738775
3.92133410983495	-0.16449481513503
3.93194012840396	-0.154551638877849
3.93348061647708	-0.153109654434388
3.94398630612053	-0.143290683781858
3.94483289727744	-0.142500651187221
3.95547341511267	-0.132586382629163
3.95607009835581	-0.132031268824843
3.96514936923782	-0.123597060165708
3.96819038251319	-0.120777025566893
3.97442467320561	-0.115004350195043
3.98034593693349	-0.109531682072819
3.98331710003619	-0.106789683777169
3.99179177869955	-0.0989830771581177
3.99253538953357	-0.0982991055634782
3.99952534369078	-0.0918788044691066
4.00477625100664	-0.0870658633940091
4.00708966890009	-0.0849483869598343
4.01429487539069	-0.078364668099643
4.01704822072571	-0.0758533001573947
4.02100251914086	-0.0722513392159103
4.02750252652066	-0.0663421186498998
4.0293677060554	-0.06464913378718
4.03349265030252	-0.06090973085263
4.03933685598876	-0.0556221487560121
4.04173219777352	-0.0534584678176586
4.04474918829295	-0.0507365099151814
4.04997757971823	-0.0460274061681449
4.05413880350369	-0.0422867301111849
4.05491713772211	-0.0415878448014
4.05956142338151	-0.037422482999482
4.06396699247672	-0.0334789083174723
4.0665842629687	-0.0311396444846281
4.06804267239108	-0.0298374385765843
4.07190567123573	-0.0263922979468547
4.07553881356691	-0.0231575958272118
4.07894203763684	-0.0201323852144169
4.07907900409627	-0.0200107292695103
4.08186726484358	-0.0175360816550903
4.08477771717632	-0.0149564197007835
4.08746558577182	-0.0125771586446567
4.0899304073129	-0.0103979647483163
4.09162781457045	-0.00889871847746921
4.09212209826202	-0.00846240875683503
4.09428361975391	-0.00655563833160531
4.09644514124607	-0.00465086790612773
4.09860666273795	-0.00274809748089747
4.10076818422984	-0.000847327055666818
4.102929705722	0.00105144336981091
4.10421870001046	0.00218279763747947
4.10500998489532	0.00287688474741272
4.10713728544801	0.0047415055740066
4.10926458600096	0.00660412640083526
4.11139188655365	0.00846474722743004
4.11351918710661	0.0103233680542591
4.11568060906194	0.0122097523470512
4.11685852284746	0.0132369091992305
4.1179314429715	0.0141718750417108
4.12042541912059	0.0163431530255385
4.12310364105297	0.0186716808399
4.12596630485385	0.0211569540046428
4.12901353467348	0.0237983582381098
4.12954741386675	0.0242607005700998
4.13206304456405	0.026437241771732
4.13541965168532	0.0293367765529249
4.13895554079683	0.032385461720036
4.14228894049156	0.0352541851627131
4.14265212582029	0.0355663952409216
4.14649071626867	0.0388623232288845
4.15050322724015	0.0422999805359026
4.15468944616623	0.0458781750004527
4.15507023045563	0.0462032327747173
4.1588463187566	0.0494224973551383
4.16331020603102	0.0532190147614472
4.16789777820645	0.0571104265456387
4.16794078567849	0.0571468546251663
4.17267852766582	0.0611540382256529
4.17757956273514	0.0652873081099541
4.18077869772366	0.0679786893743103
4.18257642751876	0.0694886319222155
4.18773544671929	0.0738124059237987
4.1930525481385	0.0782541256029161
4.19372070341415	0.0788112349466414
4.19834140752854	0.0826570854359597
4.2039001543039	0.0872685400660716
4.206704624858	0.0895888135340154
4.20951881574382	0.0919126173672986
4.21531247134216	0.0966830432625459
4.21976335172458	0.100335358738302
4.22121382004736	0.101523111944255
4.22723448686396	0.106440691306591
4.23287271445087	0.111027489811331
4.23338667654083	0.111444678168503
4.23962638142057	0.11649744887919
4.24600596879104	0.121640449189971
4.24603608494742	0.121664672527756
4.25232210273051	0.12670859764528
4.25890590583241	0.131966698244079
4.25925713797302	0.132246494900651
4.26543909936062	0.137158609791093
4.27221995208651	0.1425203764757
4.27253983159905	0.142772634559987
4.27894877424578	0.147813138813035
4.28588842889151	0.15324285839119
4.28591898198717	0.153266696558413
4.29295043797469	0.158737392999453
4.29930752210651	0.163657022208963
4.30009186449941	0.164262209901854
4.30730504494381	0.169809587349187
4.31280206192969	0.174015072147421
4.31460530286403	0.175390327230469
4.32199337136863	0.181003072645452
4.32637749251403	0.184317123363471
4.32943981293443	0.186624386394538
4.33699613276359	0.192291365526676
4.34003957749375	0.194563299960245
4.34457584511035	0.197937938890289
4.35229396276069	0.203648205378868
4.35379454397956	0.204753817141024
4.359993851303	0.209304873157099
4.36757986971687	0.214838638006045
4.36786342294467	0.215044706983189
4.37578324443346	0.22077806981402
4.38146692675181	0.224866125788056
4.38377293296084	0.226518239208519
4.39184128634127	0.232269598554539
4.39546346830731	0.23483686169463
4.39993760688772	0.237994936416892
4.40814877579506	0.243754029872237
4.40957777008326	0.244751425461147
4.41633848509162	0.249449959435172
4.42372931661326	0.254548973178046
4.42467521518132	0.255198667426818
4.43306315562694	0.260931560459256
4.43801083192874	0.264289209163255
4.44149705625434	0.266644112973752
4.45001608455082	0.27236104084688
4.45243286251001	0.273973175609952
4.45853374555393	0.27802315492447
4.46689850266992	0.283530957554282
4.4671757125668	0.283712577828672
4.47585674072142	0.28937087067617
4.48152030810212	0.293031797610948
4.48458777800209	0.2950042876803
4.49338915383282	0.300624097165056
4.49631179672284	0.30247719908992
4.5021964601421	0.306188110632409
4.51111326961837	0.311760289779741
4.51115560744005	0.311786600921509
4.5199859837161	0.317243269980072
4.52618969980525	0.321040513781629
4.52898580470182	0.322741991952486
4.53804580740088	0.328212925544433
4.54143156456145	0.330240865823296
4.54711692771789	0.333625437476785
4.55628296900488	0.339028046596872
4.55673790537875	0.339294455199327
4.56541633036227	0.344344247251644
4.57228043542122	0.348295563141221
4.57466406075897	0.3496587035284
4.58396224199912	0.35493218954423
4.58808318487604	0.357247027270336
4.59327910305191	0.360145740526194
4.60267510597239	0.365331678359166
4.60417446283798	0.366152554648543
4.61205435672833	0.370435886635133
4.6203584268142	0.374894510979757
4.62153571901523	0.375521965423569
4.63105348221823	0.380552394057929
4.63687796733011	0.383593768878629
4.64060501138262	0.385524928375441
4.65021304383067	0.390449801429005
4.65377448957123	0.392255735283144
4.65983036488122	0.395301800878885
4.66952494487229	0.400113887741318
4.67079623920369	0.400739055016433
4.67920564554818	0.404839600369797
4.68819222766199	0.409155398501187
4.6889797579505	0.409530312700769
4.69878472873028	0.414153856236814
4.70610283640364	0.417551337600013
4.70862952672367	0.418713645568607
4.71851524889794	0.423208623532333
4.72461147414001	0.425938796498777
4.72843032910022	0.427632633839511
4.73839393666737	0.431992797231388
4.74382549096872	0.434333673568835
4.74838070059629	0.436277032124429
4.75841953500654	0.440496408613039
4.76388700813923	0.442757715099058
4.76848066779945	0.444637382982224
4.77859231356244	0.448710278182347
4.78499109583379	0.451241716917603
4.78873102493991	0.452704621428134
4.79891335345102	0.456625626156732
4.80741837004223	0.459831335208317
4.80913226135608	0.460469621199483
4.81938349008582	0.464233629856324
4.82967653176036	0.467920333094756
4.83159903686334	0.468598634723596
4.83997033623183	0.471514090710838
4.8503286411475	0.47503629932573
4.85825574324903	0.477668109081637
4.86071773864874	0.478474183356008
4.87114128636225	0.481827776004375
4.88160129925641	0.485096903098755
4.89209673695073	0.48828024605871
4.8922513017614	0.48832640177937
4.90259608070462	0.491367417986452
4.9131530437405	0.494373523276772
4.92374225042028	0.497290085805244
4.93436264674269	0.500115926855647
4.94501317541519	0.50284990373214
4.9556927759593	0.505490910224736
4.95642518048641	0.505668344804592
4.96645837049676	0.508051943574218
4.97720686903398	0.510507249853616
4.98280326150023	0.511745422100766
4.98800157822612	0.512871037803581
4.99881628760432	0.515136857809296
5.00268700282384	0.515922895972656
5.00967781804258	0.517309464594983
5.02055400349369	0.519381681579889
5.02073103632263	0.519414555540511
5.03149504509992	0.521362277879901
5.03641318070042	0.522218577409527
5.04244802464873	0.523240656853989
5.05089671622541	0.524618360729255
5.05342553111457	0.525018719145469
5.06380811866303	0.526604388075834
5.06443405456001	0.526697008328032
5.07547553563286	0.528275169892304
5.07589458374182	0.52833298974717
5.08656648623379	0.529754668952525
5.08719204126812	0.529834959592609
5.09768775229314	0.531132116039864
5.09776991974058	0.531141897820103
5.10768824713993	0.53228031231842
5.1088431260851	0.53240740914743
5.11699932254745	0.533272598979979
5.12001608436216	0.533578267822311
5.12574900268337	0.534137798063914
5.13122260150904	0.534646004714895
5.13397715132372	0.534892137243441
5.14191448581451	0.535565508769241
5.14246436438769	0.535610188574533
5.14937185544894	0.536149708711642
5.15373568237741	0.536469850810279
5.15638080446368	0.536656100564078
5.16312142067338	0.537104194386416
5.16504243121218	0.537224929236587
5.16944661906154	0.537490065734167
5.1755129084235	0.53782874039417
5.17637950169564	0.537874617975759
5.1811932356129	0.538118063570026
5.18662353448015	0.538369566751819
5.18774945710433	0.53841865185591
5.19169465689721	0.538582345871579
5.19652408913353	0.538765192099366
5.19915295083403	0.538856624625016
5.20101869518371	0.538918052020561
5.20527940519645	0.539047578800718
5.20922715644915	0.539154258141825
5.21059101066745	0.539188137937098
5.21294831329247	0.539243093377092
5.21644192111495	0.539316161005521
5.2196458735079	0.539374385986295
5.22206165892713	0.539412738483483
5.22262902047807	0.539421053974652
5.22539032500311	0.539457776759926
5.22792869084732	0.539486050557238
5.2302009930453	0.539506910077954
5.23246281337765	0.539523502551492
5.23356702763699	0.539530092971886
5.23472591302918	0.539535944218591
5.23699029344744	0.539544232550979
5.23925595608307	0.539548365015986
5.24148315020379	0.539548375691296
5.24371161775762	0.539544370573566
5.24510498760131	0.53953982757152
5.24594132717383	0.539536347374029
5.24817227983715	0.539524303829988
5.25040447713496	0.539508237674942
5.25259997978579	0.539488521691711
5.25479673938271	0.539464914158305
5.25667687289663	0.539441630203061
5.25716697460624	0.539435094049573
5.25972525487649	0.539397849499045
5.26247229396822	0.539352017450762
5.2653603840553	0.5392973208659
5.2682828674205	0.539235189679492
5.26843244363057	0.539231826179082
5.27168898916506	0.539154179316464
5.27513056898981	0.539062943353562
5.2786997067528	0.538958383713971
5.27992412670084	0.538920186256501
5.28244910681842	0.538837661850892
5.28637922263176	0.538699177640365
5.29042668719639	0.538543809560054
5.29159749711471	0.538496459541677
5.29465032335688	0.538367917598081
5.29905052031836	0.538169760720695
5.30330500198239	0.53796373417488
5.30355864213052	0.537951003297041
5.30823897012172	0.53770707871337
5.31309188985552	0.537436123907123
5.31505224090482	0.537321480250729
5.31804416562799	0.537140750337626
5.32316485674789	0.536815344813847
5.326830075016	0.536569992901076
5.32837874447902	0.536463205373635
5.33375711302465	0.536078025195403
5.33864584943417	0.535708654170263
5.33922323902604	0.535663818404149
5.34485011700998	0.535213567825277
5.35050056698369	0.534737160346497
5.35055971333444	0.534732044908686
5.35642649736003	0.534211495667484
5.36237131676697	0.533657484489856
5.3623942172722	0.5336552989
5.3684699184385	0.533061496353923
5.37431371137238	0.532464251996967
5.37464218936988	0.532429921181554
5.38096498531264	0.531753461094514
5.38628199224317	0.531161616399739
5.38735736581333	0.531039361191454
5.39389714837856	0.530277521490764
5.39828545049469	0.529748666999571
5.40050268020966	0.529476068966158
5.4072526095145	0.528624085051734
5.41032289707471	0.528225565708682
5.41406467323742	0.527730602293424
5.42101823103279	0.526783870033054
5.42239398718573	0.526592429727703
5.42803050262321	0.525793846975619
5.43450114803398	0.524849021788201
5.43509978998545	0.524760092981537
5.44230493328214	0.523669817425464
5.4466644445083	0.522992277934583
5.44956437309976	0.522534123177968
5.45695709274937	0.521339430719812
5.45885646434718	0.521026308398332
5.46440117449058	0.520097786330663
5.47108262719269	0.518950525766074
5.47189523438692	0.518808876861893
5.47951751423966	0.517458108588519
5.48336857458401	0.51676048821574
5.4871875131205	0.516058635831418
5.49498339532632	0.514595103356844
5.49568011703975	0.514462304788165
5.50282441249606	0.513081612578156
5.50803069828352	0.512053865748264
5.5107094311452	0.511517975783926
5.5187157483056	0.509887862438483
5.52043351977397	0.509532591843687
5.52676413642379	0.508206432080457
5.532870429783	0.506902360544373
5.53485355997339	0.506473573423898
5.54305996969938	0.504672103764973
5.54536713258155	0.504157801726172
5.55130569731654	0.502818189627349
5.55789395813571	0.501305630036955
5.55958978435139	0.500911796534454
5.56798678737846	0.498934943970131
5.57048602943788	0.498337993681516
5.57642061740977	0.496904751876936
5.58310621939358	0.495263870095973
5.58489038543817	0.494821260723291
5.59346921098099	0.492665751457693
5.59579458421943	0.492073720054827
5.60208259479315	0.490456240982291
5.60851176485383	0.488777715680523
5.61072971729352	0.488192841248505
5.61948222184537	0.485856158429227
5.62129738762092	0.485365861005437
5.6282672052575	0.483465046711012
5.63411570820382	0.48184803623287
5.63708392128782	0.481019684966363
5.64600250050743	0.47850007250763
5.64700023611851	0.478215353971928
5.65497153683547	0.475920062831372
5.65992461150854	0.474475662907008
5.6639708254066	0.473285363310401
5.67291137132349	0.470622764375276
5.67306912938136	0.470575378607334
5.68219653124832	0.467810508554653
5.68600125608808	0.466644475696364
5.69135248906095	0.464991035325325
5.69910067926695	0.462569553700525
5.7005368623339	0.462117138144004
5.7098154387131	0.459167893304865
5.71229309438687	0.458372658825467
5.71912162922196	0.456164159302457
5.72551208214284	0.454075365996099
5.72845475302745	0.453106356644005
5.73787897495682	0.449973215575661
5.73881419358903	0.449659837875606
5.74732928717423	0.446786136193905
5.75216183512978	0.445139109985523
5.75680516075117	0.443545566132364
5.76558667110938	0.440502919788543
5.76630657952386	0.440251796930757
5.77589469657716	0.436883502947779
5.77913176038261	0.435736393037149
5.7855078169574	0.433462260500609
5.79269564917345	0.430875713522911
5.79514528548926	0.42998864886709
5.80486655246104	0.426441202106408
5.80636588497858	0.425890235203165
5.81461153870774	0.422841839812288
5.82008209584011	0.420802594364764
5.82437976328028	0.419191149836243
5.83389411666087	0.41559489859221
5.83417112959402	0.41548959492024
5.84404219150667	0.411715873907171
5.84786047289322	0.410245022459406
5.85393623944545	0.407891772607827
5.86184141818062	0.404807002451285
5.8638526643115	0.404018007177166
5.87384602070125	0.400073427850342
5.87596169357763	0.399233183275085
5.88386129773976	0.396079943083643
5.89013099975624	0.39355986384103
5.89389807283141	0.392038261231356
5.90395637037038	0.38794892687471
5.90442778787673	0.387756328382778
5.91408771391554	0.383791264150888
5.91880927266276	0.381840690178454
5.92424059723205	0.379586707330325
5.93331761867114	0.3757961487275
5.93441444775159	0.37533609713504
5.94465866572755	0.371019144307277
5.94802579756183	0.369592317837377
5.95492359113585	0.366657156254641
5.96278068507749	0.363294386754394
5.96520883376257	0.362250955890845
5.9755145432671	0.357801149069438
5.97773274164318	0.356838928917384
5.98588689445473	0.353288250543467
5.99277087624868	0.350274597364733
5.99627996690762	0.348732714148353
6.00669316746225	0.344135513642276
6.00801129802372	0.343551309183311
6.01717037035145	0.339477804507839
6.02337793646435	0.336703370137797
6.02766774733124	0.334779620882017
6.0381848583777	0.330041920874859
6.03896286954101	0.329690263431174
6.04876335241774	0.325246538372936
6.05471539506449	0.322535576474924
6.0593616159849	0.32041295922372
6.06997934102355	0.315542129566283
6.07071901957528	0.315201783622165
6.08065582512617	0.310616685262368
6.08693268953995	0.3077084598198
6.09135184714657	0.30565541002399
6.10206720017024	0.300659246933889
6.10345886141665	0.300008537473894
6.11283868048832	0.29561176737528
6.12023784108398	0.292130526404139
6.1236296770481	0.290530879989402
6.13444004152585	0.285417540215297
6.13744520052168	0.283992122188236
6.1453038907691	0.28025640022879
6.15494539415258	0.275657940985273
6.15618749029663	0.275064297797104
6.16709055367418	0.269842291247503
6.17310582621679	0.266952897081964
6.17804444720523	0.264576205759086
6.1890186389392	0.259281584790356
6.1916414930717	0.258013532960265
6.20004197093638	0.253945395144019
6.21072524623672	0.248757764014649
6.21108492130745	0.248582836369425
6.22214777743533	0.243194750163511
6.23095598478779	0.238894190769256
6.23325706496427	0.237769154891077
6.24438729430682	0.232319452228871
6.25208837979478	0.228541267281141
6.25556220925618	0.226834984960448
6.26675789143165	0.221328480827127
6.2745203146504	0.217504280384983
6.27799648096871	0.215790050839154
6.28925597130106	0.210231561668349
6.29894180169104	0.20544301217545
6.30055655949757	0.204644073201932
6.31187860242444	0.199038348788394
6.32323990407414	0.193406632697923
6.32700899406394	0.191537120523951
6.33462380104213	0.187758261610303
6.34604509010819	0.18208698064116
6.35749089054958	0.176400285671993
6.36218597173528	0.17406698564295
6.36897219228208	0.170693829841266
6.38048806651109	0.16496919694328
6.39203235325657	0.159230587145688
6.40360927990033	0.153477048625417
6.41521787379648	0.147710226470668
6.42685714706661	0.141931784717649
6.4381607715544	0.136324551938213
6.43852609646292	0.136143405397876
6.45022370323874	0.130346787554192
6.46114272329351	0.124942424035988
6.46196772973774	0.12453433990067
6.47373842447043	0.118717067513401
6.48038679261066	0.115435549496519
6.48555191082877	0.112888237657772
6.49738999221857	0.107058075835852
6.49769885837997	0.106906121937547
6.50927003819568	0.101219281272152
6.51332243461421	0.0992306365957957
6.52119087131698	0.0953737263703148
6.52752831644863	0.0922719597265042
6.53315233276058	0.0895227947825393
6.5405568133233	0.0859087896939547
6.54513408825224	0.0836777128469147
6.55261974616346	0.0800345730461098
6.55715578644667	0.0778301797740711
6.56388827044238	0.0745633603843928
6.56921522779419	0.0719825981384828
6.57449307435548	0.0694295234933253
6.58131147274273	0.0661367605530336
6.58452543593047	0.0645870202057155
6.59346265872602	0.0602852930078388
6.59404140239579	0.0600071482345471
6.60298932004805	0.055713159102076
6.60564886593661	0.0544391913543599
6.61129922709985	0.0517364871101457
6.61786863429136	0.0486005119700262
6.6193371257255	0.0479005214856753
6.62694546065573	0.0442795468506451
6.63013908012683	0.0427624874165352
6.63405497024348	0.0409048781700204
6.64092732428253	0.0376512109130449
6.64244006437977	0.0369361134393649
6.64723914634088	0.0346704455202381
6.65343092046584	0.0317534357019461
6.65478754148325	0.0311152433599073
6.65909587818497	0.0290909620258609
6.66465219604271	0.0264854788342522
6.66717880641673	0.0253026184291181
6.66980277424652	0.0240756013617027
6.67475945203357	0.021761447001021
6.67947189385112	0.0195657856500222
6.67961080116713	0.0195011307971419
6.68364670525681	0.0176245061289136
6.68780915929383	0.0156925092710202
6.69173684899344	0.0138727102300974
6.6920946705617	0.0137070783371403
6.6951839239102	0.0122783568033155
6.69859667864122	0.010702361250913
6.70178289127749	0.00923319843670893
6.70462402593729	0.00792495639039911
6.70484664897951	0.00782252870312789
6.70787435438526	0.00643057094732493
6.71090205979101	0.00504061319152168
6.71392976519676	0.00365265543571815
6.71695747060251	0.00226669767991434
6.71719174611093	0.00215953944907334
6.71976258966901	0.000984557186876268
6.72274118939116	-0.000374923469920717
6.72571978911293	-0.0017324041265505
6.72869838883507	-0.00308788478334793
6.72981540835137	-0.00359569468401955
6.73154085534609	-0.00437946057933205
6.73447307762971	-0.00570980283582482
6.73740529991334	-0.00703814509231817
6.74033752219732	-0.00836448734897051
6.74248456728692	-0.00933439930981948
6.74321783335581	-0.00966536617019895
6.74610623092678	-0.0109678189887529
6.74913117331867	-0.0123296993265691
6.7523384262747	-0.0137712631166518
6.75519911048951	-0.0150549740352791
6.75569914364071	-0.0152791354528632
6.75921819677208	-0.016854957713834
6.76291426744728	-0.0185067576740696
6.76678721488228	-0.020233988269799
6.76796099965746	-0.0207567338923578
6.77068661881676	-0.0219691310373854
6.77484809463488	-0.023816583401136
6.77918101458687	-0.025735477873688
6.78078183559119	-0.0264432189381135
6.78355256245878	-0.0276665028246727
6.78816050610727	-0.0296964929884572
6.79293450823937	-0.0317938027943711
6.79365443665244	-0.0321095656572931
6.7976898326352	-0.0338767697048455
6.80272349762293	-0.0360750379984536
6.80656321018631	-0.0377473360827106
6.80787258776044	-0.0383166411242237
6.81316006019978	-0.0406108038309353
6.81860352217896	-0.0429646425019282
6.81953595359886	-0.0433670257332091
6.82402964013771	-0.0453026367402219
6.82971062439581	-0.0477415507657218
6.83255242940031	-0.0489581716196124
6.83544942965769	-0.0501959375072621
6.84136096783097	-0.0527142086722027
6.84564710055011	-0.0545337910523028
6.84737112202863	-0.0552641147766481
6.85350531240231	-0.0578555786332236
6.85879452514334	-0.0600811974245512
6.85975802434026	-0.0604856946285875
6.86610699181998	-0.063144158074311
6.87199827188368	-0.0656001564554633
6.87258095265306	-0.0658424771405361
6.87913688979192	-0.0685617391524629
6.88526218025951	-0.0710904787814196
6.88581523939611	-0.0713182118649034
6.8925705179239	-0.0740921162532979
6.8985903859755	-0.0765520217825668
6.89943879036	-0.0768977587437097
6.90638600414291	-0.0797202191885009
6.91198734317935	-0.0819846890552648
6.91343086831026	-0.0825665823928213
6.92056284101611	-0.0854315940591838
6.92545785139205	-0.087388430726248
6.92777136644906	-0.0883104695679568
6.93508114261542	-0.0912121150596902
6.939007087966	-0.0927632447297782
6.94244042458131	-0.0941154000135212
6.94992125470577	-0.0970478537856872
6.95264075162745	-0.0981092199479012
6.95741823315517	-0.099967500991552
6.96506340376076	-0.102924973746016
6.96630236435629	-0.103402373091627
6.97268481489393	-0.105852997159869
6.98005618014817	-0.108665704681232
6.98048229558847	-0.108827704251132
6.98833316076633	-0.111800954337157
6.99390893271172	-0.11389937135161
6.99625384905618	-0.114778487915358
7.00425574979385	-0.11776358446942
7.0078679615904	-0.119103594160404
7.01228636078651	-0.120736095950251
7.02043348546135	-0.123727658742998
7.02194142544318	-0.124278714639291
7.02856091199077	-0.126687571341317
7.03605128807347	-0.129393849101356
7.0368377340465	-0.129676761870804
7.04516474436972	-0.132658093161148
7.05028728723611	-0.134479239641072
7.05354179720611	-0.13563102982646
7.06200210074785	-0.138606400361662
7.06465936207257	-0.139535324061236
7.07046598717983	-0.141555601462387
7.07905422687878	-0.144519949320477
7.07907387145634	-0.144526697460649
7.08759260943305	-0.147438562928218
7.09363963201843	-0.149488438502105
7.09627334327396	-0.150376691977428
7.10501996570883	-0.153307038796517
7.1083692883108	-0.154421185928122
7.11378002320183	-0.156211495239406
7.1226440803208	-0.159119286723535
7.12314961218825	-0.159284181181261
7.13147204936729	-0.161983770289659
7.13811372915972	-0.164118189345627
7.1404260230637	-0.164857038842581
7.1494355370576	-0.167715140757915
7.15322045094192	-0.168905999618324
7.1584630970344	-0.170545677189343
7.16758064579644	-0.173370399090809
7.16838948792316	-0.173619340547971
7.17667176639577	-0.176152591069077
7.18378464884527	-0.178305484910155
7.18587555131352	-0.178934293457189
7.19512769730831	-0.181694804793218
7.19942840131858	-0.182965798237121
7.20440170553325	-0.1844257338504
7.213753150758	-0.187142641526726
7.21515093974866	-0.187545577274348
7.22308959453696	-0.189818063528964
7.23115940535861	-0.192100621822774
7.23252721893171	-0.192484724085662
7.24200325164697	-0.19512370721086
7.24748655715457	-0.196633171363997
7.25151079612218	-0.197732641202993
7.26107858942583	-0.200318585917491
7.2641705033011	-0.201145801122315
7.27065110148474	-0.20286599112348
7.28030693215572	-0.205395102912551
7.28097330574743	-0.205568146741368
7.28994140050039	-0.207877838128035
7.29820022717527	-0.209973693847854
7.29967356527472	-0.210344404875678
7.30944122033286	-0.212777866681676
7.31591264547588	-0.214366954003873
7.3192432505237	-0.215177506272741
7.32909271409085	-0.217545725708761
7.33418609730197	-0.218753504708219
7.33896403120326	-0.219875879577383
7.34889201509428	-0.222175473042005
7.35266118832302	-0.223037000172534
7.35883264654569	-0.224433762882717
7.36883741882209	-0.226661817404519
7.3718435497823	-0.227322510497752
7.37884836250427	-0.228846122891155
7.38892729432278	-0.230999595672827
7.39187667579873	-0.23162110659362
7.39901208765021	-0.233108322948633
7.40916279423337	-0.235184312654612
7.41295817445813	-0.235948556625198
7.41932553793625	-0.237215907246932
7.42954592210394	-0.239211657124978
7.43537322284445	-0.240328326150815
7.43979012560221	-0.241164360198462
7.4500788467405	-0.243077346094123
7.46040829384075	-0.244949384552638
7.46097336629941	-0.245050391927495
7.47072926711567	-0.246771104540856
7.48112264791329	-0.248556413060079
7.48971493609268	-0.249995075180028
7.49154800180658	-0.250297605047505
7.50200580757129	-0.251994148287765
7.51249899552962	-0.253646117632107
7.52302652180168	-0.255252846454642
7.52911024454809	-0.256158225996523
7.5335790546368	-0.256812441674785
7.54416953002323	-0.258326326501725
7.55479117446352	-0.259793077415542
7.56544293053597	-0.261212101293293
7.57612373763699	-0.262582823968272
7.58683253208634	-0.263904690464018
7.59060147258512	-0.264357424842387
7.59763470201962	-0.265185205282381
7.60841695054337	-0.266410412449151
7.61391287493069	-0.267014517768459
7.61924397280704	-0.267587437659109
7.63009057379395	-0.268713184364135
7.63326724756172	-0.269032752764969
7.64098892027412	-0.269790543909714
7.64997606353252	-0.270638475130609
7.65190155335968	-0.270815403693516
7.66284675867042	-0.27178928616026
7.66465422365733	-0.27194490007207
7.67384089654201	-0.27271314100635
7.6782707463287	-0.273069994464017
7.68485896407849	-0.273584448233129
7.69093713072349	-0.274041773696097
7.69590529515203	-0.27440331065739
7.70274704629653	-0.274883088769291
7.70698251703212	-0.275169639139255
7.71343329224803	-0.275590671774766
7.71809238472088	-0.275883251133877
7.72346335831326	-0.276208540333994
7.72923545743142	-0.276543860600585
7.73316137542078	-0.276763477100369
7.74041273511675	-0.277151207348492
7.74226126245843	-0.277246324627145
7.75080740713275	-0.277666506929407
7.75162601378739	-0.277705067640601
7.75883964360802	-0.278032116393185
7.76286519993726	-0.278204697572438
7.76639281640932	-0.278350083859943
7.77366862951066	-0.278632759100813
7.77413852914863	-0.278650220816634
7.78050211310716	-0.278877202319265
7.78544325317975	-0.279041285645462
7.78692069750275	-0.279088283260243
7.79308258586218	-0.279274085614781
7.79678527666415	-0.279377820658535
7.79885914374037	-0.279433326824801
7.80438763398598	-0.279572219470073
7.80815845240793	-0.279659391315538
7.8095572854965	-0.279690169265655
7.81448704367643	-0.279791931388954
7.81908204569932	-0.279877384524621
7.81956508011186	-0.279885841818777
7.82344486098954	-0.27995014400096
7.82757442066087	-0.280011511595415
7.83100247836882	-0.280056922947115
7.83139455457745	-0.280061796983475
7.83498864810751	-0.280103427350416
7.8383557388274	-0.280137440640033
7.84153536285506	-0.280165137730665
7.84247604372487	-0.280172509604453
7.84471758107384	-0.280188562777511
7.84790233192713	-0.280207711305233
7.85108961944902	-0.280222579444407
7.8539805940132	-0.280232354794418
7.8542219926732	-0.280233011370753
7.85735681979812	-0.280239309044178
7.86049410466987	-0.280241468998744
7.86357898310321	-0.280239558220038
7.86552062268413	-0.280236307351837
7.86666631574616	-0.280233646809231
7.86975603221384	-0.2802237316677
7.87284813618876	-0.280209809691754
7.8758902473321	-0.280192215008414
7.87709325817543	-0.280184192134355
7.87893471772518	-0.280170742304622
7.88198150620014	-0.280145389046398
7.88503061628856	-0.280116152463487
7.88806496385787	-0.280083226534945
7.88869925012889	-0.280075861710452
7.89128312074511	-0.280044136976664
7.89468553020289	-0.279998150131804
7.89827272197058	-0.27994448909272
7.90033896952483	-0.279911173309539
7.90198516565863	-0.279883371188763
7.90587759227506	-0.279813203779134
7.90995047735205	-0.279733127156753
7.91201376026581	-0.279689969889666
7.91413853179457	-0.279643705120535
7.91850245268525	-0.27954290764871
7.92297437897967	-0.279431567827604
7.92372278219074	-0.279412140859491
7.92761791748406	-0.27930735739672
7.93243338688372	-0.279169320937485
7.93546562436977	-0.279077595099256
7.93734826812384	-0.279018775915299
7.94243098607276	-0.278852857515968
7.94724548622884	-0.278686129812432
7.94760715264047	-0.278673229424226
7.95294726476929	-0.278476676097941
7.95845160644883	-0.27826217498385
7.95906508876353	-0.27823752227749
7.96404216926202	-0.278031990631725
7.96979321288655	-0.277782285864053
7.9709132072401	-0.27773213928146
7.97562512430266	-0.277515749121396
7.9816139485006	-0.277228134524094
7.98279733104265	-0.277169642010438
7.98767900052701	-0.276922557738622
7.99389755727048	-0.276594365569121
7.99471753437259	-0.276549970898882
8.00018801111773	-0.276247117628537
8.00662869932064	-0.275875742816431
8.0066738115651	-0.275873085383672
8.01313722794028	-0.275484259351352
8.01866800850635	-0.275138850391604
8.01971149426419	-0.275072370400997
8.02642966098514	-0.274634468828933
8.03071082057637	-0.27434649808025
8.03321024611578	-0.274175165856914
8.04013187734092	-0.273688441799791
8.04278653369736	-0.273497005075223
8.04711253696996	-0.273179383543257
8.05423147894708	-0.272641537208039
8.05489552451583	-0.272590410124721
8.0614189413141	-0.272079463900089
8.06704267285558	-0.271626407198786
8.06866112490927	-0.271493863367662
8.07603676034552	-0.27087773294483
8.07924154647692	-0.270603848808684
8.08346459873047	-0.270237235539275
8.09102342994544	-0.269564961555443
8.09146984329048	-0.269524616238051
8.09863162167612	-0.268867572803973
8.1037376652294	-0.268387956215331
8.10628788670483	-0.268144927748285
8.11407025380196	-0.267389092129387
8.11605594480178	-0.267192826463657
8.12189858022701	-0.266607294160204
8.12840698997543	-0.26594101553788
8.12985076478051	-0.265791208118785
8.13784634926322	-0.264948565297723
8.14081979379488	-0.264629587590148
8.14588436086985	-0.264079280844542
8.15325808530033	-0.263262438705222
8.15404177069141	-0.26317453282463
8.16223969547638	-0.262242590623885
8.16576653141808	-0.26183471509905
8.17047721192479	-0.261283412999365
8.17829537453971	-0.260352161901853
8.17882992859695	-0.260287745600918
8.1872205420861	-0.259264370642972
8.19090033862632	-0.258808290744196
8.19564819166453	-0.258213287459597
8.20352286829638	-0.25721035367401
8.20418706844809	-0.257124840215157
8.21276145313302	-0.256008296234026
8.21622463579256	-0.255550692283371
8.2213705614466	-0.254863691933737
8.22894415088379	-0.253837448762665
8.23008711755758	-0.253681003484226
8.23883698848477	-0.252469953639937
8.24174301548263	-0.252062506520606
8.24761948124476	-0.251230611917527
8.25456359612728	-0.250234004193143
8.25643404528023	-0.249963041082548
8.26535075198438	-0.248656877007014
8.26746001304731	-0.248344424011489
8.27429877213988	-0.247322221275185
8.28038626940057	-0.246400696031292
8.28327703292202	-0.245959254424817
8.2923540427706	-0.244557336458714
8.2933837405956	-0.244396799047287
8.30146057776004	-0.243126934143265
8.30642160233039	-0.242337721809347
8.31059590248505	-0.241668219931275
8.31952564815042	-0.240219583042616
8.31982671235732	-0.240170350686317
8.32908537601525	-0.238644125633899
8.33273750309135	-0.238035616939424
8.33837129306411	-0.237089737315459
8.34596036508005	-0.235802013723016
8.34768415655222	-0.235507340832744
8.35708792648525	-0.233885939899425
8.35927955844605	-0.233504703532925
8.36651822769108	-0.232236519599921
8.37262972911199	-0.231155216559587
8.37597411845035	-0.230559380737227
8.38551787878773	-0.228843395077607
8.38606520873762	-0.228744286154601
8.39508677004454	-0.227099777488343
8.39955354804065	-0.22627804923347
8.40468021880572	-0.225328802248109
8.41312302929289	-0.223751574985417
8.41429805687731	-0.223530679502091
8.42399954786987	-0.221694308934975
8.42681602660818	-0.221157001214002
8.43372522381858	-0.219830940037334
8.44053607122626	-0.218512887838231
8.44347419073223	-0.217940953150014
8.45330394977406	-0.21601322517073
8.45436558477058	-0.215803723310459
8.46315672004681	-0.214059127884266
8.46825193520632	-0.213040164503883
8.47303198097218	-0.212079005024684
8.48224033980493	-0.210213508904655
8.48292968859566	-0.210073114227478
8.49290422481503	-0.208030517116468
8.49639039308862	-0.207311708577087
8.50290117457066	-0.205962452718969
8.51056529020984	-0.204363106233151
8.51291970063258	-0.20386937052407
8.52301231501438	-0.20174042519468
8.52488859345122	-0.201342433389298
8.53312638720857	-0.199586859434147
8.53927304199147	-0.198268449709717
8.54326144693202	-0.197409078514325
8.55341757261898	-0.195207378086235
8.55379661722667	-0.195124839428454
8.56364400476501	-0.192971263808565
8.56841871144822	-0.191920790756442
8.57389165942178	-0.190711660693185
8.58318270055602	-0.188647072004897
8.58415973430757	-0.188429082887308
8.59449545600151	-0.18611325229931
8.59817507369095	-0.185284495492371
8.60485169035642	-0.183774963702696
8.61322085649234	-0.18187260471845
8.61522797107781	-0.181414685598382
8.62566924837204	-0.17902245173101
8.62850142805318	-0.17837067568224
8.63613044136216	-0.176608864516313
8.64387449880731	-0.174811654847544
8.64661124428995	-0.174174382698243
8.65715441559394	-0.171709369999142
8.65950102768179	-0.171158606325376
8.66771704106574	-0.169224171625018
8.6752595098027	-0.167440287769398
8.67829895674909	-0.166719237801887
8.68890050262569	-0.164194904858411
8.69131072858153	-0.163619016277035
8.69956079630839	-0.161642201268823
8.70753164990878	-0.159724419300663
8.7102412291151	-0.159070725143705
8.72094116203097	-0.156481066575778
8.72411794842773	-0.155709702973063
8.73169722819669	-0.153864735738844
8.74090886554372	-0.151614061763904
8.74247340265653	-0.151230881439369
8.75326911312875	-0.148580100049034
8.75820120559173	-0.147365200825738
8.76411833641888	-0.145904457087958
8.77498788181386	-0.143212554866992
8.77573693549864	-0.143026652725893
8.78590925552229	-0.140497017588012
8.79369590243779	-0.138554635277219
8.79685008977655	-0.137766334691499
8.8078103320967	-0.135021009985575
8.81231803273588	-0.133889232477801
8.81881973535538	-0.132254048946924
8.82984939783568	-0.129473182687047
8.83145678332975	-0.129067228481653
8.84092650591352	-0.126672031779466
8.85132715982863	-0.124034861374725
8.85202335730684	-0.123858089946893
8.86314026125632	-0.121031798578775
8.87259033026341	-0.118623997791536
8.87430190135824	-0.118187384846812
8.88548500134149	-0.115331290049364
8.89517828435778	-0.112851114359895
8.89671105449088	-0.112458542805468
8.90795868008207	-0.109575141293586
8.91924746164714	-0.106676598891696
8.9198361923732	-0.106525324310466
8.93055832806266	-0.103768354750835
8.94190852297509	-0.100846523948665
8.9473330673506	-0.0994490841029045
8.95328187535716	-0.0979158256016136
8.96469270047481	-0.0949731339911623
8.97614010263452	-0.0920192456151455
8.9827906884305	-0.0903025882149439
8.98761211744901	-0.0890578265867347
8.9991188016588	-0.0860868629500057
9.01065921604688	-0.0831071857545704
9.02222734571355	-0.080120944976173
9.03382725101108	-0.0771276936937387
9.04545794779294	-0.0741282937465293
9.05711843659325	-0.0711236163724101
9.05746947918586	-0.0710332062718374
9.06880770249426	-0.068114541700875
9.08052471499737	-0.0651019582309948
9.08152054023839	-0.064846115127761
9.09226842789699	-0.0620867622947404
9.1013562719768	-0.0597567943771837
9.10403777915632	-0.0590698575061259
9.11583169078735	-0.0560521541958091
9.11835246106791	-0.0554079575472494
9.12764906873411	-0.0530345688317498
9.1338918875114	-0.0514431722136015
9.13948880275948	-0.0500180234260314
9.14796939793883	-0.0478618461151769
9.1513497663356	-0.0470034449282548
9.16084955460417	-0.0445947394772533
9.16323081653816	-0.0439917646057359
9.17276083952031	-0.0415822600880872
9.17513079394536	-0.0409839174106796
9.1838866212374	-0.0387766867628918
9.18704852254117	-0.037980841334787
9.19436491651635	-0.0361421140071951
9.19898280962363	-0.0349834767516117
9.20429244037512	-0.033653303844491
9.21093244571738	-0.0319927657472051
9.21372971227368	-0.0312942812003358
9.22269838882504	-0.029058885415021
9.222896204491	-0.0290096514394632
9.23083706450888	-0.027036108716272
9.23487284268133	-0.0260350772860797
9.23876472044371	-0.0250711311962499
9.24639599755564	-0.0231847908139816
9.24686110002195	-0.0230699863823304
9.2533339752747	-0.0214744217499365
9.25885969917819	-0.0201153207486982
9.26017576076519	-0.0197920657839982
9.26665439768696	-0.0182031449573673
9.27086734568894	-0.0171720206087881
9.27277444558904	-0.0167058600048472
9.27860209601741	-0.0152835997143022
9.28288272791327	-0.0142410236586677
9.28411539081247	-0.0139411679448462
9.28933271860908	-0.0126737321658503
9.29430723431712	-0.0114678788862808
9.29490451698423	-0.0113232643276639
9.29877573206055	-0.0103869727226415
9.30319313882218	-0.00932052822788055
9.30693136677043	-0.00841967303113772
9.30749641327569	-0.00828364926441923
9.31175144194287	-0.00726046809336517
9.31600647061058	-0.00623928692218399
9.3189619138452	-0.00553117541598551
9.32019168533589	-0.00523684426796598
9.32437201994086	-0.00423762518797381
9.32855235454584	-0.00324040610798311
9.33099477746131	-0.0026586916000473
9.33263840427935	-0.00226765613556166
9.33674824647602	-0.00129128298249073
9.34085808867222	-0.000316909829535707
9.3430285595344	0.000196864594559639
9.34486346699962	0.000630722148333805
9.34890665417421	0.00158526601074752
9.35294984134834	0.00253780987305139
9.35506184463501	0.00303458641342532
9.35689124255055	0.00346439891637478
9.36087129072096	0.00439804172046995
9.36485133889136	0.00532968452456366
9.36709319998949	0.00585357494635367
9.36874289494107	0.00623863547975773
9.37266303537492	0.00715222707220566
9.37658317580835	0.00806381866455479
9.3791211754863	0.00865293990679442
9.3804361522729	0.00895780904403629
9.38429936290899	0.00985212986488099
9.38816257354509	0.0107444506857242
9.39114430369579	0.0114318004152221
9.39212120740305	0.0116567131285593
9.39623367736185	0.0126020852419799
9.40050965958121	0.0135825732281647
9.40316109989589	0.0141892857837767
9.40487476405579	0.0145808523253983
9.40941187380506	0.0156155579583437
9.41410720879167	0.0166832769861584
9.4151700621082	0.0169245363023577
9.41880102037869	0.0177474202161021
9.42374098521075	0.0188638850219098
9.42716967114552	0.0196367040254146
9.42877794439186	0.0199985752167927
9.43395531012909	0.0211608926851078
9.43915839066631	0.0223249535574663
9.4392776018015	0.0223515740667332
9.44468379278478	0.0235565221256436
9.45023379189261	0.0247888723043819
9.45113466724172	0.0249884628376279
9.45576072985779	0.0260112771177642
9.46152324601774	0.0272806699962763
9.46309693043385	0.0276264239218351
9.4672879600351	0.0285452168418656
9.47325487307294	0.0298484744581891
9.47504359288407	0.0302380437614358
9.4792286990494	0.0311473992811749
9.48539174982181	0.0324813001547594
9.48697305041218	0.0328225449772786
9.49155079775064	0.0338079738253047
9.4979017562227	0.0351692953304235
9.49888368212724	0.0353791666283946
9.50422432101207	0.0365176480663178
9.5107550616271	0.0379031893121079
9.51077385055319	0.0379071649748162
9.51722007167198	0.0392673800388288
9.52264190176242	0.0404058142319354
9.52389754677861	0.0406687027346192
9.53065043214044	0.0420776995705857
9.53448616552364	0.0428744073166238
9.53745568235047	0.0434893162122393
9.54437090867481	0.0449150614136401
9.54630495546438	0.0453122565839874
9.5512832069494	0.0463313643287176
9.55809656924458	0.0477186945528184
9.5583492342411	0.0477699711902053
9.56546207787616	0.0492085275954381
9.56985928874371	0.0500930746190715
9.57263021296417	0.0506485315872322
9.5798885148324	0.0520965258203525
9.58159138026296	0.0524347717564383
9.58713354792519	0.0535316077536167
9.5932910947382	0.054743183201932
9.59451188943224	0.054982482056603
9.60194440943139	0.0564329952447964
9.60495666797248	0.0570177291269826
9.60939398268613	0.057875682343412
9.61658632087819	0.0592578532908261
9.6169514743616	0.0593277392496351
9.62454601871728	0.0607750251267145
9.62817825973659	0.0614630236764409
9.63216763300049	0.0622154382737532
9.63973067647031	0.0636327331069257
9.63988161414784	0.0636608938752623
9.64762638216382	0.0650993618051499
9.65124174893475	0.0657664998421775
9.65539465383426	0.0665292998211487
9.66270964121979	0.0678638681529372
9.66328394518597	0.0679682111062194
9.67168360257934	0.0694870491810645
9.67701236813308	0.0704435567803416
9.68013494284633	0.0710014452804046
9.68866524282031	0.0725157948834958
9.6914508986964	0.0730072452937771
9.69720114559324	0.0740167827413073
9.7058568318118	0.0755240924464657
9.70593335047151	0.0755373514697448
9.71446516300639	0.0770082421080563
9.7205733575095	0.0780523596587462
9.72321184042356	0.0785010146276901
9.73202283847192	0.0799890603872428
9.73538432728593	0.0805526280793987
9.74084691379267	0.0814634540438453
9.74977301333122	0.0829386508123597
9.7502480501102	0.0830167024806766
9.75866347722888	0.0843915504692941
9.76530389169429	0.0854660803208459
9.7676773464266	0.085847890372345
9.77674633055776	0.0872959572422561
9.78056957420707	0.0879012790586482
9.78583258114367	0.0887294503598448
9.79500729720656	0.0901591938675836
9.79590035934455	0.0902974166056897
9.80415673513753	0.091567133735401
9.81146986418968	0.0926796784828869
9.81341724524731	0.0929739816554517
9.82272383005059	0.0943692213267269
9.82730249163428	0.0950488280061656
9.83205447838327	0.095749310233133
9.84145861886464	0.0971211452534963
9.84342706738333	0.0974058702317963
9.85085261109122	0.0984722231776857
9.85964548121388	0.099719365175251
9.86034546836972	0.0998179127921858
9.86987112602579	0.101148266190251
9.87620378708887	0.10202163822029
9.8794350556489	0.102463827928909
9.8890507473514	0.103766017794478
9.89314421823727	0.104314150745975
9.89868127116825	0.105049577486174
9.90838312648429	0.106321669438397
9.91013843557817	0.106549578316978
9.9180778510122	0.107571697009292
9.92758785339186	0.108777372735051
9.92786235827905	0.108811869337178
9.93767474520326	0.110033791144977
9.94556053541454	0.111000024251515
9.94753051289127	0.111239182422128
9.95742345798579	0.112426861525969
9.96414227383799	0.113220790736958
9.96734999042374	0.113596168524781
9.97732065100381	0.114747954591723
9.98344378170876	0.115444023275229
9.98731920954677	0.115880097165785
9.99736495226855	0.116994413592742
10	0.117282867381037
