0	-0.5
0.001	-0.4014049299819012
0.002	-0.3028197199675606
0.003	-0.2042443679735133
0.004	-0.1056788724889563
0.005	-0.007123234229056221
0.006	-0.001345131389830854
0.007	-0.002794924371125005
0.008	-0.004244572357002421
0.009000000000000001	-0.005694075336772476
0.01	-0.007143433330986841
0.011	-0.008592646306118704
0.012	-0.01004171431222726
0.013	-0.01149063726602314
0.014	-0.012939415306218
0.015	-0.01438804824103486
0.016	-0.01583653622225248
0.017	-0.01728487930879104
0.018	-0.018733077197243
0.019	-0.02018113021398985
0.02	-0.02162903818230199
0.021	-0.02307680140222014
0.022	-0.02452441925733921
0.023	-0.02597189242509461
0.024	-0.02741922007040589
0.025	-0.02886640310314575
0.026	-0.03031344345201963
0.027	-0.03176033975169198
0.028	-0.03320709134264477
0.029	-0.03465369821994028
0.03	-0.03610016041258704
0.031	-0.03754647785805623
0.032	-0.03899265064256956
0.033	-0.04043867872895967
0.034	-0.04188456211526735
0.035	-0.0433303006339317
0.036	-0.04477589457070089
0.037	-0.04622134378812078
0.038	-0.04766664827843635
0.039	-0.0491118083840515
0.04	-0.05055682345232008
0.041	-0.05200169376717901
0.042	-0.05344641931463657
0.043	-0.05489100070131112
0.044	-0.0563354367555102
0.045	-0.05777972799812871
0.046	-0.05922387677055435
0.047	-0.06066788217476033
0.048	-0.06211174315741803
0.049	-0.06355545973698694
0.05	-0.06499903191176853
0.051	-0.06644245962073793
0.052	-0.06788574296973225
0.053	-0.06932888191611666
0.054	-0.07077187629814202
0.055	-0.07221472640066656
0.056	-0.07365743209513757
0.057	-0.07509999337981449
0.058	-0.07654241025220875
0.059	-0.07798468270908904
0.06	-0.07942681074635924
0.061	-0.08086879435912477
0.062	-0.08231063354174892
0.063	-0.08375232828765643
0.064	-0.08519387858954292
0.065	-0.08663528443903031
0.066	-0.08807654698717228
0.067	-0.08951766726878257
0.068	-0.09095864342295676
0.06900000000000001	-0.09239947547493245
0.07000000000000001	-0.09384016338462982
0.07100000000000001	-0.0952807071602301
0.07200000000000001	-0.09672110679583572
0.073	-0.09816136242724501
0.074	-0.0996014738091234
0.075	-0.1010414410351156
0.076	-0.1024812643842921
0.077	-0.1039209433388355
0.078	-0.105360478114639
0.079	-0.1067998691937398
0.08	-0.1082391156681998
0.081	-0.1096782179335404
0.082	-0.1111171767415229
0.083	-0.1125559906628274
0.08400000000000001	-0.1139946613109996
0.08500000000000001	-0.1154331868584264
0.08600000000000001	-0.1168715695133162
0.08700000000000001	-0.1183098104389209
0.08799999999999999	-0.1197479075362119
0.089	-0.121185860784425
0.09	-0.1226236702272098
0.091	-0.124061335778518
0.092	-0.1254988575711583
0.093	-0.1269362355562605
0.094	-0.1283734695436564
0.095	-0.1298105598841836
0.096	-0.131247506426423
0.097	-0.1326843088016066
0.098	-0.1341209676970771
0.099	-0.1355574828004331
0.1	-0.1369938534987066
0.101	-0.1384300809450296
0.102	-0.1398661646022394
0.103	-0.1413021044724138
0.104	-0.1427378995231261
0.105	-0.1441735517149626
0.106	-0.1456090595284239
0.107	-0.1470444268511229
0.108	-0.1484796506336599
0.109	-0.1499147308794578
0.11	-0.1513496675430276
0.111	-0.152784460698456
0.112	-0.1542191103199251
0.113	-0.1556536164096392
0.114	-0.1570879789694271
0.115	-0.1585221980008528
0.116	-0.1599562735051985
0.117	-0.1613902050839159
0.118	-0.162823993461598
0.119	-0.1642576383069332
0.12	-0.1656911396197167
0.121	-0.1671244973994521
0.122	-0.1685577116452193
0.123	-0.1699907823559452
0.124	-0.1714237095301363
0.125	-0.1728564931658153
0.126	-0.1742891332608831
0.127	-0.1757216314427011
0.128	-0.1771539876530467
0.129	-0.1785862006139026
0.13	-0.1800182703252108
0.131	-0.1814501967865731
0.132	-0.1828819799970975
0.133	-0.1843136199557016
0.134	-0.1857451166609008
0.135	-0.1871764701108357
0.136	-0.1886076803032002
0.137	-0.1900387472355028
0.138	-0.19146967090475
0.139	-0.1929004513075471
0.14	-0.1943310884401863
0.141	-0.1957615822985703
0.142	-0.1971919328782676
0.143	-0.1986221401742948
0.144	-0.2000522041814444
0.145	-0.2014821262168147
0.146	-0.2029119037892523
0.147	-0.2043415389225706
0.148	-0.2057710332833081
0.149	-0.2072003846973714
0.15	-0.2086295931415424
0.151	-0.2100586586181632
0.152	-0.2114875811228838
0.153	-0.2129163606508685
0.154	-0.214344997196861
0.155	-0.2157734910305577
0.156	-0.2172018416737112
0.157	-0.2186300493269875
0.158	-0.220058113983735
0.159	-0.2214860356367933
0.16	-0.2229138142785106
0.161	-0.2243414507398566
0.162	-0.2257689434731811
0.163	-0.2271962931814524
0.164	-0.2286234998554398
0.165	-0.2300505648608127
0.166	-0.2314774856176706
0.167	-0.2329042637718349
0.168	-0.2343309020089067
0.169	-0.2357573975678072
0.17	-0.2371837504815939
0.171	-0.2386099606968189
0.172	-0.2400360282211837
0.173	-0.2414619530459548
0.174	-0.2428877353778625
0.175	-0.2443133748523477
0.176	-0.2457388716103548
0.177	-0.2471642260721917
0.178	-0.2485894374740034
0.179	-0.2500145061395991
0.18	-0.2514394327816127
0.181	-0.2528642160803609
0.182	-0.2542888566200231
0.183	-0.2557133543877206
0.184	-0.2571377106461558
0.185	-0.2585619230186089
0.186	-0.2599859925918662
0.187	-0.2614099202413936
0.188	-0.2628337080580049
0.189	-0.2642573534901881
0.19	-0.265680856526239
0.191	-0.2671042172223752
0.192	-0.2685274354791862
0.193	-0.2699505114626874
0.194	-0.2713734449364614
0.195	-0.2727962359768803
0.196	-0.2742188849181961
0.197	-0.2756413911554436
0.198	-0.277063754930148
0.199	-0.2784859768674643
0.2	-0.2799080558137924
0.201	-0.2813299931259591
0.202	-0.2827517872320972
0.203	-0.2841734388245862
0.204	-0.2855949491934389
0.205	-0.2870163159121811
0.206	-0.2884375417032341
0.207	-0.2898586235314262
0.208	-0.2912795654414316
0.209	-0.2927003664389613
0.21	-0.2941210253336448
0.211	-0.2955415421654666
0.212	-0.296961916854688
0.213	-0.2983821494061044
0.214	-0.2998022400131535
0.215	-0.3012221883257646
0.216	-0.3026419948144313
0.217	-0.3040616588714043
0.218	-0.3054811812611181
0.219	-0.3069005610434455
0.22	-0.3083197993526852
0.221	-0.309738894839435
0.222	-0.3111578490856626
0.223	-0.3125766602537317
0.224	-0.3139953304532414
0.225	-0.3154138572775871
0.226	-0.3168322434457841
0.227	-0.3182504858990227
0.228	-0.3196685879468389
0.229	-0.3210865501832783
0.23	-0.3225043706221938
0.231	-0.3239220492296496
0.232	-0.3253395860806472
0.233	-0.3267569810360885
0.234	-0.3281742343155529
0.235	-0.329591345593887
0.236	-0.331008315317036
0.237	-0.3324251432957277
0.238	-0.3338418290720282
0.239	-0.3352583735225936
0.24	-0.336674775563992
0.241	-0.3380910364991259
0.242	-0.3395071547732569
0.243	-0.3409231322044875
0.244	-0.3423389666764944
0.245	-0.3437546606142347
0.246	-0.3451702112471494
0.247	-0.3465856217007217
0.248	-0.3480008891289159
0.249	-0.3494160182813321
0.25	-0.3508310059079514
0.251	-0.3522458520334946
0.252	-0.3536605566612417
0.253	-0.3550751196968428
0.254	-0.3564895413222786
0.255	-0.3579038212469529
0.256	-0.359317959879828
0.257	-0.3607319570493311
0.258	-0.362145812304588
0.259	-0.3635595265024761
0.26	-0.3649730985637614
0.261	-0.3663865297970005
0.262	-0.3677998195991835
0.263	-0.3692129668950969
0.264	-0.3706259737497568
0.265	-0.3720388377554337
0.266	-0.3734515616665736
0.267	-0.3748641441767807
0.268	-0.3762765833033292
0.269	-0.3776888840424838
0.27	-0.3791010445384122
0.271	-0.3805130638139044
0.272	-0.3819249418222175
0.273	-0.383336678655362
0.274	-0.3847482742877101
0.275	-0.3861597285258963
0.276	-0.3875710417314085
0.277	-0.388982213755097
0.278	-0.3903932441624796
0.279	-0.3918041337726509
0.28	-0.3932148822190294
0.281	-0.3946254887289182
0.282	-0.3960359547727205
0.283	-0.3974462796700872
0.284	-0.3988564622095493
0.285	-0.4002665047128542
0.286	-0.4016764060863663
0.287	-0.403086164576101
0.288	-0.4044957835617374
0.289	-0.4059052605624161
0.29	-0.4073145995667484
0.291	-0.4087237976195474
0.292	-0.410132854747451
0.293	-0.4115417709514804
0.294	-0.4129505461082908
0.295	-0.4143591804443728
0.296	-0.4157676738731272
0.297	-0.4171760260547276
0.298	-0.4185842376215915
0.299	-0.4199923082968271
0.3	-0.4214002380877269
0.301	-0.4228080262344195
0.302	-0.4242156741746907
0.303	-0.4256231812453438
0.304	-0.427030546224882
0.305	-0.4284377714452313
0.306	-0.4298448558098427
0.307	-0.4312517993254204
0.308	-0.4326586000336075
0.309	-0.4340652607053023
0.31	-0.4354717838507248
0.311	-0.4368781663438963
0.312	-0.4382844081918761
0.313	-0.4396905093330292
0.314	-0.4410964698781449
0.315	-0.4425022897921831
0.316	-0.4439079690820394
0.317	-0.4453135074409484
0.318	-0.4467189054330988
0.319	-0.4481241628141622
0.32	-0.449529279590676
0.321	-0.4509342550273943
0.322	-0.4523390905071956
0.323	-0.453743785394484
0.324	-0.4551483396954366
0.325	-0.4565527520562371
0.326	-0.4579570250572489
0.327	-0.4593611574829036
0.328	-0.4607651493391099
0.329	-0.4621689984559796
0.33	-0.4635727100247309
0.331	-0.4649762825720937
0.332	-0.4663797147394392
0.333	-0.4677830065554518
0.334	-0.4691861580186823
0.335	-0.4705891691353464
0.336	-0.4719920396978069
0.337	-0.4733947700789509
0.338	-0.4747973601240993
0.339	-0.4761998098392051
0.34	-0.4776021192300817
0.341	-0.4790042875970381
0.342	-0.4804063162473526
0.343	-0.4818082045826894
0.344	-0.4832099526085551
0.345	-0.4846115603305255
0.346	-0.4860130262578827
0.347	-0.4874143532276824
0.348	-0.488815539901337
0.349	-0.4902165862840008
0.35	-0.4916174904932699
0.351	-0.4930182587032301
0.352	-0.4944188868349867
0.353	-0.4958193748941692
0.354	-0.4972197228864426
0.355	-0.4986199306929819
0.356	-0.5000199985185759
0.357	-0.5014199262852976
0.358	-0.502819713998371
0.359	-0.5042193616631121
0.36	-0.5056188687268645
0.361	-0.5070182362080865
0.362	-0.5084174636475303
0.363	-0.5098165510499766
0.364	-0.5112154984203922
0.365	-0.512614305763517
0.366	-0.5140129716140809
0.367	-0.5154114987503009
0.368	-0.5168098858640401
0.369	-0.5182081329596573
0.37	-0.5196062400416356
0.371	-0.5210042069098424
0.372	-0.5224020365944348
0.373	-0.5237997264674584
0.374	-0.5251972765603926
0.375	-0.5265946868689322
0.376	-0.52799195739779
0.377	-0.529389088151513
0.378	-0.5307860791347361
0.379	-0.5321829299398406
0.38	-0.53357964130353
0.381	-0.5349762129005451
0.382	-0.5363726447351689
0.383	-0.5377689368116048
0.384	-0.5391650891339211
0.385	-0.540561101706145
0.386	-0.5419569731038254
0.387	-0.5433527060167028
0.388	-0.5447482991812348
0.389	-0.5461437526010985
0.39	-0.5475390662799723
0.391	-0.5489342391361053
0.392	-0.5503292759575179
0.393	-0.5517241732723865
0.394	-0.5531189310848784
0.395	-0.5545135493990041
0.396	-0.5559080282188067
0.397	-0.5573023675480727
0.398	-0.5586965671144872
0.399	-0.5600906273952165
0.4	-0.5614845481866552
0.401	-0.5628783294923159
0.402	-0.5642719713157646
0.403	-0.5656654736603636
0.404	-0.5670588365294986
0.405	-0.5684520599265086
0.406	-0.5698451438545256
0.407	-0.5712380867692267
0.408	-0.5726308915832401
0.409	-0.5740235569266112
0.41	-0.575416082802204
0.411	-0.5768084692127757
0.412	-0.5782007166400271
0.413	-0.5795928269595675
0.414	-0.5809847980644468
0.415	-0.5823766298948687
0.416	-0.583768322538242
0.417	-0.5851598759659943
0.418	-0.5865512901810143
0.419	-0.5879425651863425
0.42	-0.5893337009848092
0.421	-0.5907246975791861
0.422	-0.5921155549723061
0.423	-0.5935062731667373
0.424	-0.594896852165115
0.425	-0.5962872919698902
0.426	-0.5976775912792309
0.427	-0.5990677525273077
0.428	-0.6004577745772692
0.429	-0.6018476574311735
0.43	-0.6032374010911561
0.431	-0.6046270055591425
0.432	-0.6060164701281193
0.433	-0.6074057990115973
0.434	-0.6087949889577551
0.435	-0.6101840399691314
0.436	-0.6115729520480833
0.437	-0.612961725197019
0.438	-0.6143503594180901
0.439	-0.6157388547135219
0.44	-0.6171272110853713
0.441	-0.6185154285357559
0.442	-0.6199035070666074
0.443	-0.6212914466797279
0.444	-0.6226792473769837
0.445	-0.6240669081011225
0.446	-0.625454430806331
0.447	-0.626841814588172
0.448	-0.628229059448058
0.449	-0.6296161653872623
0.45	-0.6310031324070138
0.451	-0.6323899605085518
0.452	-0.6337766496928779
0.453	-0.6351632006897179
0.454	-0.6365496150456339
0.455	-0.6379358907548401
0.456	-0.6393220278190158
0.457	-0.6407080262397374
0.458	-0.6420938860184071
0.459	-0.6434796071564474
0.46	-0.6448651896552046
0.461	-0.6462506330717528
0.462	-0.6476359381835157
0.463	-0.6490211046465034
0.464	-0.6504061324616841
0.465	-0.651791021629921
0.466	-0.6531757721518322
0.467	-0.6545603840281807
0.468	-0.6559448572595089
0.469	-0.6573291918463116
0.47	-0.6587133877889731
0.471	-0.660097445087892
0.472	-0.6614813637432172
0.473	-0.6628651430238288
0.474	-0.6642487873240115
0.475	-0.6656322932536525
0.476	-0.6670156608135672
0.477	-0.6683988900043925
0.478	-0.6697819808267438
0.479	-0.6711649332811287
0.48	-0.6725477473679103
0.481	-0.6739304230875754
0.482	-0.6753129604402216
0.483	-0.6766953594261116
0.484	-0.6780776200452651
0.485	-0.6794597422977742
0.486	-0.6808417261834632
0.487	-0.6822235717021876
0.488	-0.683605278853731
0.489	-0.6849868476376879
0.49	-0.6863682780536344
0.491	-0.68774957010107
0.492	-0.6891307237793912
0.493	-0.6905117390879304
0.494	-0.6918926166012439
0.495	-0.6932733582990238
0.496	-0.6946539619157324
0.497	-0.6960344274511407
0.498	-0.6974147549051021
0.499	-0.698794944277257
0.5	-0.7001749955672657
0.501	-0.7015549087746057
0.502	-0.7029346838986777
0.503	-0.7043143209389525
0.504	-0.7056938198944944
0.505	-0.707073180764663
0.506	-0.7084524035483436
0.507	-0.7098314882446746
0.508	-0.7112104348524261
0.509	-0.7125892433705052
0.51	-0.7139679137975826
0.511	-0.7153464461322114
0.512	-0.7167248403730571
0.513	-0.7181030965184834
0.514	-0.7194812145668255
0.515	-0.7208591964264759
0.516	-0.7222370416111289
0.517	-0.7236147490033873
0.518	-0.7249923186022333
0.519	-0.7263697504065408
0.52	-0.7277470444150768
0.521	-0.7291242006266017
0.522	-0.730501219039572
0.523	-0.7318780996525778
0.524	-0.7332548424640101
0.525	-0.7346314474722255
0.526	-0.7360079146753091
0.527	-0.7373842440715531
0.528	-0.7387604356588841
0.529	-0.7401364894353165
0.53	-0.74151240539861
0.531	-0.742888183546595
0.532	-0.7442638238768857
0.533	-0.7456393263871055
0.534	-0.7470146910746766
0.535	-0.7483899179951851
0.536	-0.7497650102450738
0.537	-0.7511399649769177
0.538	-0.7525147821888454
0.539	-0.7538894618787697
0.54	-0.7552640040444503
0.541	-0.756638408683732
0.542	-0.7580126761258701
0.543	-0.7593868058169051
0.544	-0.7607607979904111
0.545	-0.7621346526439257
0.546	-0.7635083697746822
0.547	-0.7648819493800528
0.548	-0.7662553914571705
0.549	-0.7676286960031102
0.55	-0.7690018630148771
0.551	-0.7703748924892184
0.552	-0.7717477844230942
0.553	-0.7731205388130544
0.554	-0.7744931556557303
0.555	-0.7758656349475881
0.556	-0.777237977941898
0.5570000000000001	-0.7786101855300038
0.5580000000000001	-0.7799822558876209
0.5590000000000001	-0.7813541890119085
0.5600000000000001	-0.7827259848997505
0.5610000000000001	-0.7840976435480906
0.5620000000000001	-0.7854691649537063
0.5630000000000001	-0.7868405491133383
0.5640000000000001	-0.7882117960235571
0.5650000000000001	-0.7895829056807737
0.5660000000000001	-0.7909538788377803
0.5670000000000001	-0.7923247141486774
0.5680000000000001	-0.7936954122129299
0.5690000000000001	-0.7950659730267498
0.5700000000000001	-0.7964363965862929
0.5710000000000001	-0.7978066828874997
0.5720000000000001	-0.7991768319262731
0.5730000000000001	-0.8005468436984098
0.5740000000000001	-0.8019167181995418
0.5750000000000001	-0.8032864554253276
0.5760000000000001	-0.8046560545927877
0.577	-0.8060255205105853
0.578	-0.8073948494885741
0.579	-0.8087640415229422
0.58	-0.8101330966098216
0.581	-0.8115020147452745
0.582	-0.8128707959251178
0.583	-0.8142394401453027
0.584	-0.8156079474015272
0.585	-0.8169763176892768
0.586	-0.8183445510042114
0.587	-0.8197126473417266
0.588	-0.8210806066970224
0.589	-0.8224484302416626
0.59	-0.8238161158352454
0.591	-0.8251836644504961
0.592	-0.826551076082473
0.593	-0.8279183507260706
0.594	-0.8292854883760117
0.595	-0.8306524890269886
0.596	-0.8320193526735886
0.597	-0.8333860795966265
0.598	-0.834752672654887
0.599	-0.8361191290421816
0.6	-0.837485448753678
0.601	-0.8388516318961778
0.602	-0.8402176783162179
0.603	-0.8415835880639808
0.604	-0.842949361134256
0.605	-0.8443149975218751
0.606	-0.8456804972214267
0.607	-0.8470458602274589
0.608	-0.8484110865342777
0.609	-0.8497761761362864
0.61	-0.8511411290276617
0.611	-0.8525059466704948
0.612	-0.8538706263711523
0.613	-0.8552351693627602
0.614	-0.8565995756391276
0.615	-0.8579638451939525
0.616	-0.8593279780210212
0.617	-0.8606919741137178
0.618	-0.8620558348359433
0.619	-0.8634195610620594
0.62	-0.8647831509028843
0.621	-0.8661466043525458
0.622	-0.8675099214051855
0.623	-0.8688731022496747
0.624	-0.8702361465889024
0.625	-0.871599054532287
0.626	-0.8729618260735437
0.627	-0.8743244612062795
0.628	-0.875686959924017
0.629	-0.8770493222201972
0.63	-0.878411548088009
0.631	-0.8797736375206933
0.632	-0.8811355920553908
0.633	-0.8824974088584047
0.634	-0.8838590892256385
0.635	-0.8852206331500252
0.636	-0.8865820406241798
0.637	-0.8879433116407761
0.638	-0.8893044461923343
0.639	-0.8906654467440939
0.64	-0.8920263121523274
0.641	-0.89338704146017
0.642	-0.8947476346609344
0.643	-0.8961080917475788
0.644	-0.8974684127131128
0.645	-0.8988285975503146
0.646	-0.9001886466845301
0.647	-0.9015485593889508
0.648	-0.9029083359637309
0.649	-0.9042679764012471
0.65	-0.905627480694017
0.651	-0.9069868488341392
0.652	-0.9083460808138396
0.653	-0.9097051782467094
0.654	-0.9110641381563876
0.655	-0.9124229619027742
0.656	-0.9137816494778294
0.657	-0.9151402008730894
0.658	-0.9164986160801321
0.659	-0.9178568950905719
0.66	-0.9192150414890762
0.661	-0.9205730520810155
0.662	-0.9219309268569309
0.663	-0.923288665809035
0.664	-0.9246462689293348
0.665	-0.9260037362097795
0.666	-0.9273610676421358
0.667	-0.9287182632181109
0.668	-0.9300753235353899
0.669	-0.9314322475483572
0.67	-0.9327890357011764
0.671	-0.9341456879851764
0.672	-0.9355022043915318
0.673	-0.9368585849114091
0.674	-0.938214831236197
0.675	-0.939570940244167
0.676	-0.940926913360615
0.677	-0.9422827505763426
0.678	-0.9436384518818531
0.679	-0.9449940172677407
0.68	-0.9463494476912595
0.681	-0.947704744976911
0.6820000000000001	-0.9490599067170691
0.6830000000000001	-0.9504149329714464
0.6840000000000001	-0.9517698236626279
0.6850000000000001	-0.9531245788036466
0.6860000000000001	-0.9544791983853058
0.6870000000000001	-0.9558336823984849
0.6880000000000001	-0.9571880308338232
0.6890000000000001	-0.9585422443159011
0.6900000000000001	-0.9598963217506918
0.6910000000000001	-0.9612502636015782
0.6920000000000001	-0.9626040698589521
0.6930000000000001	-0.963957740512897
0.6940000000000001	-0.9653112755535175
0.6950000000000001	-0.9666646767514192
0.6960000000000001	-0.9680179408368246
0.6970000000000001	-0.9693710693016169
0.6980000000000001	-0.9707240621355092
0.6990000000000001	-0.9720769193280198
0.7000000000000001	-0.9734296408685392
0.7010000000000001	-0.974782228695485
0.7020000000000001	-0.976134682845247
0.7030000000000001	-0.9774870017327383
0.704	-0.9788391853479891
0.705	-0.9801912338235571
0.706	-0.9815431469597051
0.707	-0.9828949248164069
0.708	-0.9842465673834667
0.709	-0.9855980746504885
0.71	-0.9869494472694783
0.711	-0.9883006840971176
0.712	-0.989651785616444
0.713	-0.9910027518167235
0.714	-0.9923535826870797
0.715	-0.993704278216381
0.716	-0.9950548402560414
0.717	-0.9964052653855368
0.718	-0.9977555551644733
0.719	-0.9991057095815196
0.72	-0.9751503437470405
0.721	-0.8765077612409543
0.722	-0.7778750435176701
0.723	-0.6792521880259279
0.724	-0.5806391943660133
0.725	-0.4820360621784383
0.726	-0.3834427887137943
0.727	-0.2848593753993665
0.728	-0.1862858186119348
0.729	-0.08772211931913627
0.73	-0.0001593708746810989
0.731	-0.001609282437928828
0.732	-0.003059049003771379
0.733	-0.004508670567042232
0.734	-0.005958147139845615
0.735	-0.007407478699891994
0.736	-0.00885666525217374
0.737	-0.01030570683689658
0.738	-0.01175460341686455
0.739	-0.01320335496535155
0.74	-0.01465196156051861
0.741	-0.01610042312411827
0.742	-0.01754873963281345
0.743	-0.01899691125979077
0.744	-0.02044493785518772
0.745	-0.02189281939880007
0.746	-0.02334055619907254
0.747	-0.02478814762179054
0.748	-0.02623559436335622
0.749	-0.02768289607612145
0.75	-0.0291300521639224
0.751	-0.03057706672712609
0.752	-0.03202393666193202
0.753	-0.03347066188704387
0.754	-0.03491724242063481
0.755	-0.03636367822374847
0.756	-0.03780996935523493
0.757	-0.03925611571432034
0.758	-0.0407021174309828
0.759	-0.04214797444596226
0.76	-0.04359368675559921
0.761	-0.04503925435507177
0.762	-0.04648467723790935
0.763	-0.04792995539620792
0.764	-0.04937508882054065
0.765	-0.05082007749983392
0.766	-0.05226492142147576
0.767	-0.05370962113074976
0.768	-0.05515417557623756
0.769	-0.05659858522366254
0.77	-0.05804285086560843
0.771	-0.05948697332709483
0.772	-0.06093095241783498
0.773	-0.06237478709988842
0.774	-0.06381847734839655
0.775	-0.06526202320675713
0.776	-0.06670542466185253
0.777	-0.06814868161846135
0.778	-0.06959179424213456
0.779	-0.0710347624617023
0.78	-0.07247758627689216
0.781	-0.07392026568663888
0.782	-0.07536280037297352
0.783	-0.076805190907652
0.784	-0.07824743702330487
0.785	-0.07968953871565342
0.786	-0.08113149597955505
0.787	-0.08257330880902262
0.788	-0.08401497719723253
0.789	-0.08545650113651156
0.79	-0.08689788158698836
0.791	-0.08833911787676947
0.792	-0.08978021190261354
0.793	-0.09122116180363662
0.794	-0.09266196757628922
0.795	-0.09410262921609906
0.796	-0.09554314679716765
0.797	-0.09698352019015097
0.798	-0.09842374943873235
0.799	-0.09986383453511415
0.8	-0.1013037757172445
0.801	-0.1027435725457593
0.802	-0.1041832252009079
0.803	-0.1056227341082457
0.804	-0.1070620984687706
0.805	-0.1085013192158654
0.806	-0.1099403952623024
0.8070000000000001	-0.1113793270869774
0.8080000000000001	-0.1128181155613815
0.8090000000000001	-0.1142567590243074
0.8100000000000001	-0.1156952593373584
0.8110000000000001	-0.1171336157862354
0.8120000000000001	-0.1185718305086147
0.8130000000000001	-0.1200099013907339
0.8140000000000001	-0.121447828455319
0.8150000000000001	-0.122885611648461
0.8160000000000001	-0.124323251061145
0.8170000000000001	-0.1257607466635261
0.8180000000000001	-0.1271980983053713
0.8190000000000001	-0.1286353062634823
0.8200000000000001	-0.1300723704215629
0.8210000000000001	-0.1315092904683837
0.8220000000000001	-0.1329460669822526
0.8230000000000001	-0.1343826997031369
0.8240000000000001	-0.135819188094937
0.8250000000000001	-0.1372555331637683
0.8260000000000001	-0.1386917344433811
0.8270000000000001	-0.140127791103201
0.8280000000000001	-0.1415637047146104
0.8290000000000001	-0.1429994745373522
0.8300000000000001	-0.144435100573047
0.8310000000000001	-0.1458705822329777
0.8320000000000001	-0.1473059234046632
0.833	-0.1487411210254648
0.834	-0.1501761751107717
0.835	-0.151611085659456
0.836	-0.1530458526743387
0.837	-0.1544804761579092
0.838	-0.1559149561123172
0.839	-0.1573492923236646
0.84	-0.1587834851705561
0.841	-0.1602175344863699
0.842	-0.1616514402717497
0.843	-0.1630852025272522
0.844	-0.164518821253011
0.845	-0.1659522964488037
0.846	-0.1673856281141448
0.847	-0.1688188162481864
0.848	-0.1702518608497885
0.849	-0.1716847619174062
0.85	-0.173117518172998
0.851	-0.1745501321648854
0.852	-0.1759826055245152
0.853	-0.1774149356299964
0.854	-0.1788471224815301
0.855	-0.1802791660787277
0.856	-0.1817110664210037
0.857	-0.1831428235074451
0.858	-0.1845744373367297
0.859	-0.1860059079071476
0.86	-0.1874372352166164
0.861	-0.1888684192627835
0.862	-0.1902994604753848
0.863	-0.1917303580746511
0.864	-0.1931611124101188
0.865	-0.1945917234779759
0.866	-0.1960221912742766
0.867	-0.1974525157943933
0.868	-0.1988826970335417
0.869	-0.2003127349863621
0.87	-0.2017426296471769
0.871	-0.2031723810100098
0.872	-0.2046019915800449
0.873	-0.2060314598968196
0.874	-0.2074607852474935
0.875	-0.2088899676281659
0.876	-0.2103190071151798
0.877	-0.2117479035864609
0.878	-0.2131766570836116
0.879	-0.2146052676013133
0.88	-0.2160337351339486
0.881	-0.2174620596754824
0.882	-0.2188902416618458
0.883	-0.2203182803007753
0.884	-0.2217461759386171
0.885	-0.2231739285676845
0.886	-0.2246015381800703
0.887	-0.2260290057445385
0.888	-0.2274563294479642
0.889	-0.2288835101197633
0.89	-0.2303105477502748
0.891	-0.2317374438850554
0.892	-0.2331641960446936
0.893	-0.2345908082899684
0.894	-0.2360172778596847
0.895	-0.2374436047461245
0.896	-0.238869789017614
0.897	-0.2402958305605984
0.898	-0.2417217294065279
0.899	-0.2431474855462401
0.9	-0.2445730992626148
0.901	-0.2459985700497003
0.902	-0.2474238981125279
0.903	-0.2488490839786831
0.904	-0.2502741266810911
0.905	-0.2516990266382036
0.906	-0.2531237847027586
0.907	-0.2545483992870257
0.908	-0.2559728711019439
0.909	-0.25739720013411
0.91	-0.2588213878346716
0.911	-0.260245431462879
0.912	-0.2616693331697873
0.913	-0.2630930950430302
0.914	-0.2645167145410405
0.915	-0.2659401916424281
0.916	-0.26736352633829
0.917	-0.2687867187334749
0.918	-0.2702097686433503
0.919	-0.2716326763391138
0.92	-0.2730554414579582
0.921	-0.2744780641319396
0.922	-0.2759005448005165
0.923	-0.2773228826613233
0.924	-0.2787450786868907
0.925	-0.2801671317245741
0.926	-0.281589042269606
0.927	-0.2830108113328581
0.928	-0.2844324370244031
0.929	-0.2858539214944961
0.93	-0.2872752623176134
0.931	-0.2886964605913061
0.9320000000000001	-0.2901175181528047
0.9330000000000001	-0.2915384341746655
0.9340000000000001	-0.2929592092752192
0.9350000000000001	-0.2943798422982383
0.9360000000000001	-0.2958003331932159
0.9370000000000001	-0.2972206820610598
0.9380000000000001	-0.2986408887373878
0.9390000000000001	-0.3000609534715333
0.9400000000000001	-0.3014808759143551
0.9410000000000001	-0.3029006565352606
0.9420000000000001	-0.3043202947276449
0.9430000000000001	-0.3057397912547531
0.9440000000000001	-0.3071591451777454
0.9450000000000001	-0.3085783568819982
0.9460000000000001	-0.3099974272620915
0.9470000000000001	-0.3114163546513616
0.9480000000000001	-0.3128351409751174
0.9490000000000001	-0.3142537840248464
0.9500000000000001	-0.3156722863080464
0.9510000000000001	-0.3170906449917988
0.9520000000000001	-0.318508863248976
0.9530000000000001	-0.3199269394599901
0.9540000000000001	-0.3213448758629592
0.9550000000000001	-0.3227626704702234
0.9560000000000001	-0.3241803232493424
0.9570000000000001	-0.3255978342739266
0.9580000000000001	-0.3270152034061575
0.9590000000000001	-0.328432430864411
0.96	-0.3298495163246865
0.961	-0.3312664602318072
0.962	-0.3326832619928429
0.963	-0.3340999223630692
0.964	-0.3355164403952862
0.965	-0.3369328172416362
0.966	-0.3383490515133907
0.967	-0.3397651448477574
0.968	-0.3411810964809774
0.969	-0.3425969051582577
0.97	-0.3440125733032429
0.971	-0.3454280981465541
0.972	-0.3468434828125427
0.973	-0.3482587244560834
0.974	-0.3496738278259832
0.975	-0.3510887896732594
0.976	-0.3525036100214634
0.977	-0.3539182888005463
0.978	-0.3553328261385605
0.979	-0.3567472219942444
0.98	-0.3581614761525604
0.981	-0.3595755890210147
0.982	-0.3609895600354968
0.983	-0.3624033899253119
0.984	-0.3638170783664098
0.985	-0.3652306246741846
0.986	-0.3666440301559082
0.987	-0.3680572932311907
0.988	-0.3694704157593318
0.989	-0.3708833968700676
0.99	-0.3722962351351689
0.991	-0.3737089333077729
0.992	-0.3751214882382703
0.993	-0.3765339034755364
0.994	-0.3779461784840725
0.995	-0.379358313251603
0.996	-0.3807703067680349
0.997	-0.3821821590869922
0.998	-0.3835938701994312
0.999	-0.3850054399570086
1	-0.3864168686370099
1.001	-0.3878281561295714
1.002	-0.3892393020691956
1.003	-0.3906503071431861
1.004	-0.3920611710480089
1.005	-0.3934718931045496
1.006	-0.3948824746023392
1.007	-0.3962929149484991
1.008	-0.3977032130505304
1.009	-0.3991133709988097
1.01	-0.400523387812295
1.011	-0.4019332618820951
1.012	-0.4033429963044129
1.013	-0.404752589607964
1.014	-0.4061620409293921
1.015	-0.407571354250719
1.016	-0.4089805266358555
1.017	-0.4103895580919316
1.018	-0.4117984485332055
1.019	-0.4132071981174977
1.02	-0.4146158067894375
1.021	-0.4160242745565668
1.022	-0.4174326010798982
1.023	-0.4188407869903994
1.024	-0.4202488320117803
1.025	-0.4216567354817748
1.026	-0.4230644986500813
1.027	-0.4244721209442534
1.028	-0.4258796012684615
1.029	-0.4272869417105133
1.03	-0.4286941412925354
1.031	-0.4301012000212149
1.032	-0.4315081161001572
1.033	-0.4329148929816742
1.034	-0.4343215280255195
1.035	-0.4357280255453725
1.036	-0.4371343824154549
1.037	-0.4385405986017037
1.038	-0.4399466741668274
1.039	-0.441352609096581
1.04	-0.4427584033977368
1.041	-0.4441640568270259
1.042	-0.4455695698292819
1.043	-0.4469749422163496
1.044	-0.4483801739947909
1.045	-0.4497852645299841
1.046	-0.4511902150113503
1.047	-0.4525950248963097
1.048	-0.4539996941911976
1.049	-0.455404221681284
1.05	-0.4568086096767539
1.051	-0.4582128570932731
1.052	-0.4596169639368085
1.053	-0.4610209282167404
1.054	-0.462424753754177
1.055	-0.4638284397481761
1.056	-0.4652319867166823
1.057	-0.4666353933225723
1.058	-0.468038659571868
1.059	-0.4694417854707998
1.06	-0.4708447708658916
1.061	-0.4722476160300181
1.062	-0.4736503208546759
1.063	-0.4750528853458693
1.064	-0.4764553095094954
1.065	-0.4778575927482415
1.066	-0.4792597361730218
1.067	-0.4806617392796859
1.068	-0.4820636020738037
1.069	-0.4834653245609815
1.07	-0.4848669054037127
1.071	-0.4862683471416255
1.072	-0.4876696485805722
1.073	-0.4890708097257833
1.074	-0.4904718305825057
1.075	-0.4918727092692857
1.076	-0.4932734519584629
1.077	-0.4946740545720231
1.078	-0.4960745171154363
1.079	-0.497474839512143
1.08	-0.498875021891546
1.081	-0.5002750642091995
1.082	-0.5016749664704413
1.083	-0.5030747286805535
1.084	-0.5044743503813544
1.085	-0.5058738324117994
1.086	-0.507273174397862
1.087	-0.508672376344609
1.088	-0.5100714382569719
1.089	-0.511470360139692
1.09	-0.5128691406858896
1.091	-0.5142677823667796
1.092	-0.5156662840231914
1.093	-0.5170646456595327
1.094	-0.5184628672803658
1.095	-0.5198609488899923
1.096	-0.5212588902885184
1.097	-0.5226566944976667
1.098	-0.5240543589152449
1.099	-0.5254518835461683
1.1	-0.5268492683951462
1.101	-0.5282465134668882
1.102	-0.5296436187661181
1.103	-0.5310405839686827
1.104	-0.5324374096540437
1.105	-0.5338340955709927
1.106	-0.5352306417237754
1.107	-0.5366270481166689
1.108	-0.5380233147538812
1.109	-0.5394194416394805
1.11	-0.5408154275110832
1.111	-0.5422112747446621
1.112	-0.543606982228618
1.113	-0.5450025499668032
1.114	-0.5463979779627846
1.115	-0.5477932662203023
1.116	-0.5491884136580074
1.117	-0.5505834250631008
1.118	-0.5519782969642448
1.119	-0.5533730293654604
1.12	-0.5547676222708784
1.121	-0.5561620755371103
1.122	-0.5575563894039153
1.123	-0.558950563776623
1.124	-0.5603445986588689
1.125	-0.5617384940543682
1.126	-0.5631322499666302
1.127	-0.5645258663991358
1.128	-0.565919343355369
1.129	-0.5673126808386521
1.13	-0.5687058776442522
1.131	-0.5700989360278405
1.132	-0.5714918549373466
1.133	-0.5728846343757853
1.134	-0.5742772743461597
1.135	-0.5756697748512256
1.136	-0.5770621358937479
1.137	-0.5784543579552158
1.138	-0.5798464429016283
1.139	-0.5812383886254692
1.14	-0.5826301951298231
1.141	-0.5840218624179483
1.142	-0.5854133904929208
1.143	-0.5868047793576823
1.144	-0.5881960290152634
1.145	-0.5895871394684786
1.146	-0.590978110720229
1.147	-0.5923689427731283
1.148	-0.5937596356299162
1.149	-0.595150188308757
1.15	-0.5965406026274447
1.151	-0.5979308777459561
1.152	-0.5993210136666572
1.153	-0.6007110103917687
1.154	-0.6021008679233528
1.155	-0.6034905862635536
1.156	-0.6048801654142898
1.157	-0.6062696046687464
1.158	-0.607658908239977
1.159	-0.6090480728764489
1.16	-0.6104370985806158
1.161	-0.6118259853548931
1.162	-0.6132147332016158
1.163	-0.6146033421230883
1.164	-0.6159918121213842
1.165	-0.6173801431987455
1.166	-0.6187683353570449
1.167	-0.6201563879628045
1.168	-0.621544302160482
1.169	-0.6229320774325695
1.17	-0.6243197137808506
1.171	-0.6257072112067511
1.172	-0.6270945697118609
1.173	-0.6284817892974766
1.174	-0.6298688699649427
1.175	-0.6312558117155366
1.176	-0.6326426145503843
1.177	-0.6340292784705445
1.178	-0.6354158042053492
1.179	-0.6368021933020817
1.18	-0.6381884437546651
1.181	-0.6395745554915337
1.182	-0.640960528611785
1.183	-0.6423463630801201
1.184	-0.6437320588978342
1.185	-0.6451176160660935
1.186	-0.6465030345861031
1.187	-0.647888314458947
1.188	-0.6492734556855995
1.189	-0.6506584582669538
1.19	-0.6520433222038329
1.191	-0.653428047496974
1.192	-0.6548126341470621
1.193	-0.6561970821546518
1.194	-0.6575813915201925
1.195	-0.6589655622442123
1.196	-0.6603495943269421
1.197	-0.6617334877686143
1.198	-0.663117241838276
1.199	-0.6645008609297894
1.2	-0.6658843416533636
1.201	-0.667267684009671
1.202	-0.6686508879994165
1.203	-0.6700339536232092
1.204	-0.6714168808816003
1.205	-0.6727996697749066
1.206	-0.6741823203035431
1.207	-0.6755648324677309
1.208	-0.6769472062676675
1.209	-0.6783294417034414
1.21	-0.6797115387750612
1.211	-0.6810934974823589
1.212	-0.6824753178252626
1.213	-0.6838569998034465
1.214	-0.6852385434165719
1.215	-0.686619948664229
1.216	-0.6880012155459513
1.217	-0.6893823440610226
1.218	-0.6907633342087977
1.219	-0.6921441865636649
1.22	-0.6935249031057213
1.221	-0.6949054815691595
1.222	-0.6962859219539094
1.223	-0.6976662242596854
1.224	-0.6990463884861599
1.225	-0.7004264146329908
1.226	-0.7018063026997244
1.227	-0.7031860526857048
1.228	-0.7045656645903448
1.229	-0.7059451384128304
1.23	-0.7073244741524043
1.231	-0.7087036718080764
1.232	-0.7100827313788687
1.233	-0.7114616528636397
1.234	-0.7128404362611647
1.235	-0.7142190815702743
1.236	-0.71559758878947
1.237	-0.7169759579173816
1.238	-0.7183541889523044
1.239	-0.7197322807760638
1.24	-0.7211102386464783
1.241	-0.7224880587133157
1.242	-0.7238657409754077
1.243	-0.7252432854317461
1.244	-0.7266206922293627
1.245	-0.7279979611450652
1.246	-0.7293750922661678
1.247	-0.7307520855913514
1.248	-0.7321289411190438
1.249	-0.7335056588476231
1.25	-0.7348822387755054
1.251	-0.7362586809008435
1.252	-0.7376349852217543
1.253	-0.7390111517363043
1.254	-0.7403871804424599
1.255	-0.7417630713380373
1.256	-0.7431388244207691
1.257	-0.7445144396883021
1.258	-0.7458899171382727
1.259	-0.7472652567680835
1.26	-0.7486404586333764
1.261	-0.7500155258304964
1.262	-0.7513904555120696
1.263	-0.752765247676226
1.264	-0.7541399023208767
1.265	-0.755514419443833
1.266	-0.7568887990428687
1.267	-0.7582630411155636
1.268	-0.7596371456595847
1.269	-0.761011112672387
1.27	-0.762384942151214
1.271	-0.7637586349689154
1.272	-0.7651321895491677
1.273	-0.7665056066036313
1.274	-0.7678788861294772
1.275	-0.7692520281235556
1.276	-0.7706250325828263
1.277	-0.7719978995040528
1.278	-0.7733706288838487
1.279	-0.7747432207188963
1.28	-0.7761156750056059
1.281	-0.7774879929966526
1.282	-0.7788601755846284
1.283	-0.7802322209445783
1.284	-0.7816041290736434
1.285	-0.7829758999688579
1.286	-0.7843475336269682
1.287	-0.7857190300449003
1.288	-0.7870903892192749
1.289	-0.7884616111467023
1.29	-0.7898326958236758
1.291	-0.7912036432466227
1.292	-0.7925744534117557
1.293	-0.7939451263153404
1.294	-0.7953156632724143
1.295	-0.7966860618642846
1.296	-0.7980563232002961
1.297	-0.7994264472763977
1.298	-0.8007964340882837
1.299	-0.8021662836316913
1.3	-0.8035359959021535
1.301	-0.8049055701169897
1.302	-0.8062750110838731
1.303	-0.8076443150960645
1.304	-0.8090134822026634
1.305	-0.810382512346942
1.306	-0.8117514055421619
1.307	-0.8131201617844039
1.308	-0.814488781069412
1.309	-0.8158572633928383
1.31	-0.8172256087504061
1.311	-0.818593817137557
1.312	-0.8199618885497236
1.313	-0.8213298229822596
1.314	-0.8226976204302541
1.315	-0.8240652808888845
1.316	-0.8254328059811196
1.317	-0.826800192700426
1.318	-0.8281674424338245
1.319	-0.8295345551760042
1.32	-0.8309015309217517
1.321	-0.8322683696655839
1.322	-0.8336350716882163
1.323	-0.8350016398485566
1.324	-0.8363680713404824
1.325	-0.8377343661590535
1.326	-0.8391005242993879
1.327	-0.840466545941853
1.328	-0.8418324308043657
1.329	-0.8431981789918853
1.33	-0.8445637904991526
1.331	-0.8459292653208283
1.332	-0.8472946034513994
1.333	-0.848659804885327
1.334	-0.8500248696168448
1.335	-0.8513897976401446
1.336	-0.8527545889493333
1.337	-0.8541192452537782
1.338	-0.855483763384991
1.339	-0.8568481448034826
1.34	-0.8582123895029252
1.341	-0.8595764974770015
1.342	-0.8609404687192183
1.343	-0.8623043045927788
1.344	-0.8636680059733425
1.345	-0.8650315709710641
1.346	-0.8663949995801233
1.347	-0.8677582917945477
1.348	-0.8691214476083203
1.349	-0.870484467015248
1.35	-0.8718473504206522
1.351	-0.8732100971338467
1.352	-0.874572707441035
1.353	-0.875935181335619
1.354	-0.8772975188109929
1.355	-0.8786597198605507
1.356	-0.8800217844773696
1.357	-0.8813837126545846
1.358	-0.8827455061894719
1.359	-0.8841071617486095
1.36	-0.8854686808672791
1.361	-0.886830063538196
1.362	-0.8881913097539743
1.363	-0.8895524185563739
1.364	-0.8909133952616566
1.365	-0.8922742358765624
1.366	-0.8936349403936241
1.367	-0.8949955088059423
1.368	-0.8963559411066241
1.369	-0.8977162372885583
1.37	-0.8990763973446185
1.371	-0.9004364212674685
1.372	-0.9017963096271194
1.373	-0.9031560614284235
1.374	-0.9045156770950038
1.375	-0.9058751566191245
1.376	-0.9072344999930995
1.377	-0.9085937072090712
1.378	-0.9099527782590643
1.379	-0.9113117150300218
1.38	-0.9126705140203808
1.381	-0.9140291768417954
1.382	-0.9153877034858313
1.383	-0.9167460939441092
1.384	-0.9181043482082171
1.385	-0.9194624698626985
1.386	-0.9208204556903811
1.387	-0.9221783057487936
1.388	-0.9235360199645907
1.389	-0.9248935983509889
1.39	-0.9262510408999256
1.391	-0.9276083476032582
1.392	-0.9289655184525628
1.393	-0.9303225534394448
1.394	-0.9316794533356451
1.395	-0.9330362167694906
1.396	-0.9343928443369348
1.397	-0.9357493360291281
1.398	-0.9371056918372481
1.399	-0.9384619117522313
1.4	-0.9398179977523103
1.401	-0.9411739461647016
1.402	-0.9425297586787735
1.403	-0.9438854352850218
1.404	-0.9452409759740416
1.405	-0.9465963817028403
1.406	-0.9479516542964996
1.407	-0.9493067913471098
1.408	-0.9506617928458028
1.409	-0.9520166589195918
1.41	-0.9533713893786468
1.411	-0.9547259842808378
1.412	-0.9560804436168738
1.413	-0.9574347673774569
1.414	-0.9587889555530942
1.415	-0.9601430089507685
1.416	-0.9614969261346138
1.417	-0.9628507077273266
1.418	-0.9642043537189876
1.419	-0.9655578640997009
1.42	-0.9669112388593462
1.421	-0.9682644800690344
1.422	-0.9696175838816411
1.423	-0.9709705520656859
1.424	-0.9723233846107595
1.425	-0.9736760815062361
1.426	-0.9750286446898141
1.427	-0.9763810741995018
1.428	-0.9777333684492889
1.429	-0.9790855274292229
1.43	-0.9804375512703286
1.431	-0.9817894397764279
1.432	-0.9831411930055063
1.433	-0.9844928109473319
1.434	-0.9858442935913952
1.435	-0.9871956409272448
1.436	-0.9885468537978356
1.437	-0.9898979307019544
1.438	-0.9912488722893694
1.439	-0.9925996785492147
1.44	-0.9939503494703926
1.441	-0.9953008850417794
1.442	-0.9966512874290158
1.443	-0.9980015526075132
1.444	-0.9993516824264382
1.445	-0.957177371280819
1.446	-0.8585365860836655
1.447	-0.7599056659226863
1.448	-0.6612846067145833
1.449	-0.5626734100121803
1.45	-0.4640720739565037
1.451	-0.3654805969633659
1.452	-0.266898979870086
1.453	-0.1683272188509811
1.454	-0.06976531564766825
1.455	-0.0004235490817886444
1.456	-0.001873434227554794
1.457	-0.003323174372963061
1.458	-0.00477276951545743
1.459	-0.006222219668057341
1.46	-0.007671524805470033
1.461	-0.009120684967522701
1.462	-0.01056970009517662
1.463	-0.01201857024333765
1.464	-0.01346729543763385
1.465	-0.01491587561670163
1.466	-0.01636431076183503
1.467	-0.01781260084881678
1.468	-0.01926074605631047
1.469	-0.02070874622933506
1.47	-0.02215660134705463
1.471	-0.02360431172658027
1.472	-0.02505187671553158
1.473	-0.02649929702972273
1.474	-0.02794657231154209
1.475	-0.02939370246465606
1.476	-0.0308406907412893
1.477	-0.0322875343104848
1.478	-0.03373423316881033
1.479	-0.03518078733693576
1.48	-0.03662719677045854
1.481	-0.03807346153448235
1.482	-0.03951958151937802
1.483	-0.04096555686519411
1.484	-0.04241138750759277
1.485	-0.04385707344261115
1.486	-0.04530261466495263
1.487	-0.04674801116783135
1.488	-0.04819326294301758
1.489	-0.0496383699805878
1.49	-0.05108333226921814
1.491	-0.05252815029738787
1.492	-0.05397282312532495
1.493	-0.0554173511675547
1.494	-0.0568617351428568
1.495	-0.05830597342558858
1.496	-0.05975007062067162
1.497	-0.06119402339674909
1.498	-0.06263783176447711
1.499	-0.06408149572558539
1.5	-0.06552501523326491
1.501	-0.06696839036913177
1.502	-0.06841162110197421
1.503	-0.06985470743301615
1.504	-0.07129764918747857
1.505	-0.07274044667364231
1.506	-0.07418309975174431
1.507	-0.07562560841974278
1.508	-0.07706797267494644
1.509	-0.07851019251378605
1.51	-0.07995226793190711
1.511	-0.08139419892417087
1.512	-0.08283598548472015
1.513	-0.08427762760657534
1.514	-0.08571912528222812
1.515	-0.08716047850296631
1.516	-0.08860168950234242
1.517	-0.09004275726672983
1.518	-0.09148368090297619
1.519	-0.09292446044275351
1.52	-0.09436509583465463
1.521	-0.09580558709101775
1.522	-0.09724593420553916
1.523	-0.0986861373290685
1.524	-0.1001261961880166
1.525	-0.1015661108885095
1.526	-0.1030058817315303
1.527	-0.1044455081571745
1.528	-0.1058849904005611
1.529	-0.1073243289736738
1.53	-0.1087635229108073
1.531	-0.1102025733263393
1.532	-0.111641478934689
1.533	-0.1130802403076127
1.534	-0.1145188584469532
1.535	-0.1159573314383468
1.536	-0.1173956627942815
1.537	-0.1188338513075126
1.538	-0.1202718959946198
1.539	-0.1217097968259347
1.54	-0.1231475538587186
1.541	-0.1245851670783913
1.542	-0.1260226363695889
1.543	-0.1274599619447042
1.544	-0.1288971435008965
1.545	-0.1303341814296961
1.546	-0.1317710755604531
1.547	-0.1332078254934488
1.548	-0.13464443197459
1.549	-0.136080894663298
1.55	-0.1375172135627124
1.551	-0.138953387933714
1.552	-0.1403894191714861
1.553	-0.1418253066213743
1.554	-0.1432610491962183
1.555	-0.1446966489621833
1.556	-0.146132105670981
1.557	-0.1475674206877495
1.558	-0.1490025921641936
1.559	-0.1504376201035891
1.56	-0.1518725045090577
1.561	-0.1533072452926367
1.562	-0.1547418426028437
1.563	-0.1561762963803071
1.564	-0.15761060662674
1.565	-0.1590447733435257
1.566	-0.1604787965317971
1.567	-0.1619126761922833
1.568	-0.1633464123254754
1.569	-0.1647800043310109
1.57	-0.1662134533166017
1.571	-0.1676467587668331
1.572	-0.1690799206806762
1.573	-0.170512939056761
1.574	-0.1719458138934303
1.575	-0.1733785451886553
1.576	-0.1748111330791806
1.577	-0.1762435803400252
1.578	-0.1776758843493481
1.579	-0.1791080451072441
1.58	-0.1805400626135121
1.581	-0.1819719368674881
1.582	-0.1834036678681908
1.583	-0.1848352556143327
1.584	-0.18626670010419
1.585	-0.1876980013357976
1.586	-0.1891291593066753
1.587	-0.1905601740140492
1.588	-0.1919910454548458
1.589	-0.1934217736254218
1.59	-0.1948523585219045
1.591	-0.1962828001399634
1.592	-0.1977130994411253
1.593	-0.1991432546232567
1.594	-0.2005732665217101
1.595	-0.2020031351307839
1.596	-0.2034328597347353
1.597	-0.2048624449676729
1.598	-0.2062918872405165
1.599	-0.2077211865497963
1.6	-0.2091503428917514
1.601	-0.2105793562620847
1.602	-0.2120082266562022
1.603	-0.2134369542460616
1.604	-0.2148655387354649
1.605	-0.216293980242405
1.606	-0.2177222787607675
1.607	-0.2191504342840755
1.608	-0.2205784468054404
1.609	-0.2220063169697213
1.61	-0.2234340435861317
1.611	-0.2248616271884143
1.612	-0.2262890677680527
1.613	-0.2277163664435583
1.614	-0.2291435211131393
1.615	-0.2305705327439911
1.616	-0.2319974013261139
1.617	-0.2334241290466704
1.618	-0.234850715291705
1.619	-0.2362771588800951
1.62	-0.2377034597798756
1.621	-0.2391296179910449
1.622	-0.2405556336282803
1.623	-0.241981506495347
1.624	-0.2434072366588037
1.625	-0.2448328241089023
1.626	-0.2462582692170229
1.627	-0.2476835713114399
1.628	-0.2491087306732652
1.629	-0.2505337479503526
1.63	-0.2519586219468378
1.631	-0.2533833531885603
1.632	-0.2548079426816617
1.633	-0.2562323885437471
1.634	-0.2576566916256009
1.635	-0.2590808533780239
1.636	-0.2605048710612281
1.637	-0.2619287468254441
1.638	-0.263352482758752
1.639	-0.2647760762998519
1.64	-0.2661995274856898
1.641	-0.2676228362494103
1.642	-0.2690460027146152
1.643	-0.2704690266975867
1.644	-0.2718919082522492
1.645	-0.273314647665658
1.646	-0.274737244420493
1.647	-0.2761596987184367
1.648	-0.2775820111189871
1.649	-0.2790041805929302
1.65	-0.2804262083616592
1.651	-0.2818480930004922
1.652	-0.2832698351323893
1.653	-0.2846914359503184
1.654	-0.2861128932146624
1.655	-0.2875342094489544
1.656	-0.2889553818293936
1.657	-0.2903764123214936
1.658	-0.2917973036335689
1.659	-0.293218052848717
1.66	-0.2946386599883537
1.661	-0.29605912500308
1.662	-0.2974794478866907
1.663	-0.2988996287941078
1.664	-0.3003196674450432
1.665	-0.3017395642282052
1.666	-0.3031593186302077
1.667	-0.3045789313089602
1.668	-0.3059984014438051
1.669	-0.307417730036912
1.67	-0.3088369158842589
1.671	-0.3102559604094768
1.672	-0.3116748619469821
1.673	-0.3130936224211018
1.674	-0.3145122396242528
1.675	-0.3159307160629383
1.676	-0.3173490489052959
1.677	-0.3187672413232242
1.678	-0.320185291697976
1.679	-0.3216032022668067
1.68	-0.3230209710170018
1.681	-0.3244385979931174
1.682	-0.3258560831001276
1.683	-0.3272734265001977
1.684	-0.3286906279396191
1.685	-0.3301076877793145
1.686	-0.3315246055245055
1.687	-0.3329413818184296
1.688	-0.3343580163776032
1.689	-0.33577450860214
1.69	-0.3371908596426653
1.691	-0.3386070681117985
1.692	-0.3400231356456154
1.693	-0.3414390603253603
1.694	-0.3428548443632502
1.695	-0.3442704852173862
1.696	-0.3456859857689779
1.697	-0.3471013446472043
1.698	-0.3485165605061146
1.699	-0.3499316380888021
1.7	-0.3513465741613397
1.701	-0.3527613687320689
1.702	-0.3541760217369559
1.703	-0.3555905333026749
1.704	-0.3570049032096547
1.705	-0.3584191317806191
1.706	-0.3598332185524637
1.707	-0.361247164137636
1.708	-0.3626609682680925
1.709	-0.3640746303421984
1.71	-0.3654881515067314
1.711	-0.3669015303588873
1.712	-0.3683147685636449
1.713	-0.3697278653453183
1.714	-0.3711408193987334
1.715	-0.3725536332366354
1.716	-0.3739663056704273
1.717	-0.3753788348654581
1.718	-0.3767912233841081
1.719	-0.3782034736470039
1.72	-0.3796155826859681
1.721	-0.3810275504771912
1.722	-0.3824393770728737
1.723	-0.3838510623471374
1.724	-0.3852626065046417
1.725	-0.3866740094690637
1.726	-0.3880852709378431
1.727	-0.3894963914784202
1.728	-0.390907370844558
1.729	-0.3923182084442059
1.73	-0.3937289053985322
1.731	-0.3951394611961582
1.732	-0.3965498748568791
1.733	-0.3979601482524744
1.734	-0.3993702805082759
1.735	-0.4007802701539036
1.736	-0.4021901200151488
1.737	-0.4035998287527471
1.738	-0.4050093943008387
1.739	-0.4064188220162167
1.74	-0.4078281096612199
1.741	-0.4092372563719624
1.742	-0.4106462621560285
1.743	-0.4120551269286626
1.744	-0.4134638508462465
1.745	-0.414872433853958
1.746	-0.4162808756766166
1.747	-0.4176891768244895
1.748	-0.4190973370785004
1.749	-0.4205053558670309
1.75	-0.42191323426532
1.751	-0.4233209717848765
1.752	-0.4247285684326778
1.753	-0.426136023113999
1.754	-0.4275433379150239
1.755	-0.4289505118585158
1.756	-0.430357543302442
1.757	-0.4317644353975664
1.758	-0.4331711866483166
1.759	-0.4345777960641843
1.76	-0.4359842679582978
1.761	-0.4373905991845712
1.762	-0.4387967897715807
1.763	-0.4402028397187379
1.764	-0.4416087490329758
1.765	-0.4430145175269553
1.766	-0.444420145540901
1.767	-0.4458256329354516
1.768	-0.4472309797172358
1.769	-0.4486361853447016
1.77	-0.4500412508288478
1.771	-0.4514461757127743
1.772	-0.4528509600027257
1.773	-0.4542556026153853
1.774	-0.4556601056062339
1.775	-0.4570644680144698
1.776	-0.4584686898461962
1.777	-0.459872769281922
1.778	-0.461276709808688
1.779	-0.4626805097691967
1.78	-0.4640841701887957
1.781	-0.4654876915857027
1.782	-0.4668910726221986
1.783	-0.4682943133045626
1.784	-0.4696974135253696
1.785	-0.4711003734734158
1.786	-0.4725031930784413
1.787	-0.4739058723465293
1.788	-0.475308411283571
1.789	-0.4767108093866497
1.79	-0.4781130675864589
1.791	-0.4795151854649044
1.792	-0.4809171630277169
1.793	-0.4823189992170235
1.794	-0.483720696030371
1.795	-0.4851222525365387
1.796	-0.4865236687408582
1.797	-0.487924944648728
1.798	-0.4893260782571726
1.799	-0.4907270734007625
1.8	-0.492127928760476
1.801	-0.4935286459287765
1.802	-0.4949292230238913
1.803	-0.4963296600026325
1.804	-0.497729956936082
1.805	-0.4991301138049086
1.806	-0.5005301306144776
1.807	-0.5019300073701256
1.808	-0.503329743699118
1.809	-0.5047293402785624
1.81	-0.5061287968111715
1.811	-0.5075281133019838
1.812	-0.508927289755944
1.813	-0.5103263261779604
1.814	-0.5117252214100144
1.815	-0.5131239776351146
1.816	-0.51452259383355
1.817	-0.5159210700099331
1.818	-0.5173194061688101
1.819	-0.5187176023146458
1.82	-0.5201156558458462
1.821	-0.5215135743816479
1.822	-0.5229113531235423
1.823	-0.5243089920764398
1.824	-0.5257064912451884
1.825	-0.5271038506344755
1.826	-0.5285010702490874
1.827	-0.5298981498390667
1.828	-0.5312950898453461
1.829	-0.532691890081297
1.83	-0.5340885505513464
1.831	-0.5354850712597872
1.832	-0.5368814522108474
1.833	-0.5382776924352918
1.834	-0.539673793743129
1.835	-0.5410697552960895
1.836	-0.5424655770981123
1.837	-0.5438612591530394
1.838	-0.5452568014646518
1.839	-0.5466522040366887
1.84	-0.5480474668726845
1.841	-0.5494425888920386
1.842	-0.550837574880725
1.843	-0.552232421367974
1.844	-0.553627128299141
1.845	-0.5550216957569756
1.846	-0.5564161237155616
1.847	-0.5578104121787665
1.848	-0.5592045611503644
1.849	-0.5605985706340432
1.85	-0.5619924406334652
1.851	-0.5633861711522233
1.852	-0.5647797621937338
1.853	-0.5661732128495747
1.854	-0.5675665248048182
1.855	-0.5689596972822555
1.856	-0.5703527302851361
1.857	-0.5717456238164552
1.858	-0.573138377879265
1.859	-0.5745309924764127
1.86	-0.5759234676108055
1.861	-0.5773158011748371
1.862	-0.5787079999818834
1.863	-0.5801000595653796
1.864	-0.5814919799287878
1.865	-0.582883761075229
1.866	-0.584275403007943
1.867	-0.5856669057300247
1.868	-0.5870582692444156
1.869	-0.5884494935541462
1.87	-0.5898405786620907
1.871	-0.5912315239798809
1.872	-0.5926223305731906
1.873	-0.5940129979616414
1.874	-0.5954035261476872
1.875	-0.5967939151338162
1.876	-0.5981841649223498
1.877	-0.5995742755155969
1.878	-0.6009642469157086
1.879	-0.6023540791249117
1.88	-0.603743772145135
1.881	-0.6051333259784759
1.882	-0.6065227399184666
1.883	-0.6079120181773568
1.884	-0.6093011575039662
1.885	-0.6106901579008481
1.886	-0.6120790193703909
1.887	-0.6134677419148626
1.888	-0.6148563252959414
1.889	-0.6162447699165203
1.89	-0.6176330756067675
1.891	-0.6190212423686711
1.892	-0.6204092702040931
1.893	-0.6217971591147744
1.894	-0.6231849091024798
1.895	-0.6245725201688143
1.896	-0.6259599923153206
1.897	-0.6273473255435645
1.898	-0.6287345198548351
1.899	-0.6301215752504561
1.9	-0.6315084917317946
1.901	-0.6328952692998775
1.902	-0.6342819059477053
1.903	-0.635668408428829
1.904	-0.6370547722544565
1.905	-0.6384409974262473
1.906	-0.6398270839457189
1.907	-0.641213031814389
1.908	-0.6425988410336896
1.909	-0.6439845116048354
1.91	-0.6453700435290491
1.911	-0.6467554368076032
1.912	-0.6481406914414722
1.913	-0.649525807431676
1.914	-0.6509107847790898
1.915	-0.6522956234845488
1.916	-0.6536803235488525
1.917	-0.6550648849725721
1.918	-0.6564493077563534
1.919	-0.6578335919006012
1.92	-0.6592177374058107
1.921	-0.6606017442723288
1.922	-0.6619856125003178
1.923	-0.6633693413590849
1.924	-0.6647529352419308
1.925	-0.6661363907592738
1.926	-0.6675197079119202
1.927	-0.6689028867005357
1.928	-0.6702859271257016
1.929	-0.6716688291879204
1.93	-0.6730515928876417
1.931	-0.6744342182252475
1.932	-0.6758167052008717
1.933	-0.6771990538148498
1.934	-0.6785812640670716
1.935	-0.6799633359577296
1.936	-0.6813452694865677
1.937	-0.6827270646534991
1.938	-0.6841087214583285
1.939	-0.6854902399005887
1.94	-0.6868716199798457
1.941	-0.6882528616956914
1.942	-0.6896339650474361
1.943	-0.6910149300344397
1.944	-0.6923957572306644
1.945	-0.6937764486169452
1.946	-0.6951570019270727
1.947	-0.6965374171610236
1.948	-0.6979176943185494
1.949	-0.6992978333993141
1.95	-0.7006778344029297
1.951	-0.7020576973289666
1.952	-0.7034374221767493
1.953	-0.7048170089457477
1.954	-0.7061964576350981
1.955	-0.7075757682440127
1.956	-0.7089549407715809
1.957	-0.7103339752167604
1.958	-0.7117128715784227
1.959	-0.7130916298554577
1.96	-0.714470250046471
1.961	-0.7158487321501489
1.962	-0.717227076165008
1.963	-0.7186052820895418
1.964	-0.7199833488056493
1.965	-0.7213612815705308
1.966	-0.7227390765343403
1.967	-0.7241167336959166
1.968	-0.7254942530542482
1.969	-0.7268716346080467
1.97	-0.7282488783559796
1.971	-0.7296259842967293
1.972	-0.7310029524286622
1.973	-0.7323797827503394
1.974	-0.7337564752599581
1.975	-0.735133030781122
1.976	-0.7365094478286347
1.977	-0.7378857270741919
1.978	-0.7392618685159206
1.979	-0.7406378721517091
1.98	-0.742013737979499
1.981	-0.7433894659968964
1.982	-0.7447650562016549
1.983	-0.7461405085913744
1.984	-0.7475158231634255
1.985	-0.7488909999733862
1.986	-0.7502660421176637
1.987	-0.7516409467489189
1.988	-0.7530157138652604
1.989	-0.7543903434645873
1.99	-0.7557648355447258
1.991	-0.757139190103421
1.992	-0.7585134071384071
1.993	-0.7598874866470955
1.994	-0.7612614286270085
1.995	-0.7626352330755749
1.996	-0.7640088999899536
1.997	-0.7653824293673537
1.998	-0.7667558212049111
1.999	-0.7681290769564599
2	-0.7695021939328617
