0	0.5
0.003184648777850491	0.8140063694960418
0.005071772959463022	1
0.005071772959463022	1
0.005126990219804417	1.005441645551197
0.005126990219804417	1.005441645551197
0.005126990219804417	1.005441645551197
0.005363504737338902	0.9995265671016114
0.005363504737338902	0.9995265671016114
0.005363504737338902	0.9995265671016114
0.009077472125642482	0.9941424902200057
0.01279143951110229	0.9887604133425203
0.01672957380326134	0.9830556708529903
0.02156539537323306	0.9760536234504228
0.02731490097588624	0.9677330157917875
0.03398991592111541	0.9580790358917773
0.04159950555245067	0.9470812743056035
0.04249438600784767	0.945688547157431
0.05015082320299098	0.9346325463332037
0.05964964780368177	0.920927926544122
0.07010073951324761	0.9058645199170873
0.0786114260537038	0.8933205489904594
0.08150808369404219	0.8891519050971403
0.09387506350042621	0.8713679967381394
0.1072045852115578	0.8522247702630624
0.1137142251139606	0.8424231522350851
0.1214991713214333	0.8312620467097337
0.1367610311070834	0.8094069553486405
0.1478023594721034	0.7929969712602087
0.1529921152855394	0.7855812074676499
0.1701941573781352	0.76102873107275
0.1808753792249037	0.745042658404202
0.1883687092627376	0.7343724485416987
0.2075171675116237	0.7071427750642015
0.2129328057641968	0.6985609076262449
0.22764079432642	0.6776933635285369
0.2439741289237252	0.6535524586432757
0.2487407376830593	0.6468076611175273
0.270818044950968	0.6156110227665983
0.2739988037102646	0.6100181016697093
0.2938736757288234	0.58200325860373
0.3030062466875379	0.5679586826604464
0.3179085123426962	0.5470103370036558
0.3309958315782091	0.5273751096879664
0.3429233688279923	0.510654219732992
0.3579668844458595	0.48826835992827
0.368918998417501	0.4729569449980138
0.3839186779728061	0.45063948795746
0.3958961001285932	0.4339406185203731
0.408850424811211	0.4144896353927265
0.423855324879517	0.3936274053711648
0.4327612697760495	0.3798200422117475
0.452797278324732	0.3520395264783857
0.4556502806150926	0.3466320601361872
0.4775164374332395	0.3149271679657204
0.4827225281296887	0.3077369565165176
0.4983586177948406	0.2847069931787587
0.513631605684106	0.2636705379817934
0.5181755832957764	0.2559733314027426
0.5369659582329002	0.2287281773420773
0.5455250104737327	0.2169829981613862
0.5547282058691397	0.2029737591927869
0.5714605979861552	0.1787125827896148
0.5784032105379375	0.1692194769990873
0.5871611763785077	0.155947487437686
0.6018277033507583	0.1346817176896025
0.6122666486287925	0.1204564482376847
0.6154575951831496	0.1149190198165115
0.6280478363989932	0.09666376611698979
0.6395948570307943	0.07992113287485836
0.6417965751939141	0.1060936984316072
0.6542845802296975	0.08910240176925299
0.6657289788392773	0.0735310457888545
0.6761253946633098	0.05938558500588442
0.6780454282763311	0.05678238819267007
0.6854684471824445	0.04667334020541603
0.6937513527912215	0.03540354122458211
0.7009652777896868	0.02558820727836064
0.7070982103829961	0.01724368172727964
0.7121327906555978	0.01039358463515327
0.7152808557440465	0.006141099000967831
0.7160414780676767	0.005075387918452634
0.7198003235162357	-3.731860832506717e-17
0.7198003235162357	-3.731860832506717e-17
0.7198754441858948	-0.0001411423056651984
0.7198754441858948	-0.0001411423056651984
0.7198754441858948	-0.0001411423056651984
0.7200889095533963	0.02884402408506048
0.7200889095533963	0.02884402408506048
0.7200889095533963	0.02884402408506048
0.7208536265220443	0.1042811472906919
0.7223076643412675	0.2477177841269054
0.7245261942678892	0.4664965280176231
0.7245487135640076	0.4687908258624134
0.7276316342654537	0.7729120606762194
0.7278147997788555	0.7909670160112772
0.7298733709312937	0.9938613292524827
0.7299337165972795	0.9998084125617884
0.7299337165972795	0.9998084125617884
0.7302213315900872	0.9991103476197054
0.7339353522661027	0.9937263480582164
0.7376493730160595	0.9883443483895987
0.7416597676737916	0.9825351180816116
0.7465693556244819	0.9754265421841414
0.7523937209124868	0.966997995564301
0.7591444216178572	0.9572350860311447
0.7668303412973797	0.9461277004335484
0.7673450137374604	0.9452843112232472
0.7754585046851078	0.9335689151642758
0.7850345961129406	0.9197538919515916
0.7955633051533252	0.9045799131719976
0.8034548519114918	0.8929282583912368
0.8070485621052002	0.8877567933534406
0.8194937076337769	0.8698622975261644
0.8329016134612988	0.8506086074950923
0.8385504462152494	0.8420427689387111
0.8472747739733949	0.8295358186738183
0.8626153757790723	0.8075707277200531
0.8726313727520901	0.7926284574780311
0.8789253502543369	0.7836355811319979
0.8962064158290519	0.7589738160920438
0.9056971813711943	0.7446859766878333
0.9144601102213559	0.732209026572301
0.9336878180734584	0.704870992181522
0.9377473938911894	0.6982160198886618
0.9538907918578765	0.6753141677411398
0.9687814986637593	0.6532193289249335
0.9750701713257202	0.6443216995885777
0.9972269958718427	0.6130184523433395
0.998798951092127	0.6096966934135821
1.020362218016734	0.5793052863916992
1.027799167960367	0.5676489589658331
1.044476715119956	0.5442077350263052
1.055781522099986	0.5270770349201825
1.06957129505142	0.5077477997688381
1.082745339216526	0.4879818989436444
1.095646707363816	0.469947555076073
1.108689891093949	0.450364606884591
1.122703645901284	0.4308291450397959
1.133614390467736	0.4142263002066215
1.150742757879363	0.3904147709903195
1.157517981658257	0.3795682195690233
1.17976464655779	0.3487266883256969
1.180399732229595	0.3463917169210049
1.202258620321407	0.3146982738690554
1.209769876130996	0.3043257907262886
1.223093524040646	0.2844895170583186
1.240758975161708	0.2601612180330508
1.242903203646543	0.2557672440026408
1.261686282412476	0.2285334508330834
1.272732440034915	0.2133775421236676
1.27944122265149	0.2027903670590376
1.296166293948503	0.1785405016282766
1.305690737699096	0.1655190291043626
1.311859537015553	0.1557866953342
1.326518711017717	0.134532197187923
1.33963430824146	0.1166621645287193
1.340141230688765	0.1147807555956319
1.352724075987344	0.09653674934850187
1.364263673503601	0.07980535957295842
1.366663082490858	0.1056913410401989
1.379127569172429	0.08873254518880458
1.390548359623384	0.07319377021417495
1.400921057861506	0.05908099715401249
1.402920628902518	0.05637003458066953
1.410240257014554	0.04640158243176984
1.418499135750404	0.03516480694150914
1.425688803202961	0.02538276732104805
1.431797156922764	0.01707192978972216
1.436806675613767	0.01025613328204145
1.440164752019714	0.005720053181060015
1.440689488948863	0.004973297304786684
1.444372739624106	2.785893615682805e-17
1.444372739624106	2.785893615682805e-17
1.444523511770951	-0.0002431558064017736
1.444523511770951	-0.0002431558064017736
1.444523511770951	-0.0002431558064017736
1.444661356647351	0.02884486584360957
1.444661356647351	0.02884486584360957
1.444661356647351	0.02884486584360957
1.445426084774881	0.104283089776402
1.446880136137554	0.2477210625124826
1.44909863944201	0.4664971806413817
1.449121200189667	0.4687955669343182
1.452204136484929	0.7729183397735255
1.452387242945554	0.79096747410808
1.454445811862347	0.9938615669317633
1.454506155164243	0.9998084172585465
1.454506155164243	0.9998084172585465
1.454793770166413	0.9991103482016115
1.458507790845272	0.9937263486357828
1.462221811524132	0.9883443490699542
1.466232205988067	0.9825351190423522
1.471141793901476	0.9754265431983603
1.476966158948875	0.9669979969259882
1.483716859649344	0.9572350873989584
1.491402779358932	0.946127701756819
1.491917452353023	0.945284311746093
1.500030942634046	0.9335689166488568
1.509607034145291	0.9197538933144137
1.520135743088038	0.9045799146739116
1.52802729059234	0.8929282588173351
1.531621000186787	0.8877567946415851
1.544066145386313	0.8698622992855057
1.557474050866059	0.8506086097510562
1.563122884931345	0.8420427693116608
1.571847211269009	0.8295358210819237
1.587187812953597	0.8075707302977823
1.59720381142354	0.7926284579137359
1.603497787318634	0.7836355838630061
1.620778852425697	0.7589738194850716
1.630269620051732	0.7446859771084178
1.639032546701902	0.732209030123532
1.65826025404172	0.7048709964533875
1.66231983260532	0.6982160202586556
1.678463227677584	0.6753141722133259
1.693353937386112	0.6532193292812281
1.699642606575092	0.6443217048568683
1.721799430546207	0.6130184584111322
1.723371389822666	0.6096966937562911
1.744934652523271	0.5793052926816931
1.752371606143907	0.5676489600999162
1.76904914894301	0.5442077422821318
1.780353960311479	0.5270770360121446
1.794143728650354	0.5077478073206493
1.807317776960429	0.4879819007119295
1.820219140237869	0.4699475636444421
1.833262329381514	0.4503646078631505
1.847276078571014	0.430829153842655
1.85818682878238	0.4142263011444811
1.875315190324685	0.3904147800787366
1.882090419981658	0.3795682204927857
1.904337079356398	0.3487266968977576
1.90497217058084	0.3463917178030442
1.926831058700482	0.3146982747094853
1.934342309298662	0.3043257987598161
1.947665962447541	0.284489517857196
1.965331408735733	0.2601612254800383
1.967475642066084	0.255767244782021
1.986258720846253	0.2285334515907493
1.997304874052644	0.2133775489363617
2	0.2096823793475827
