0	98.5999901400005
0.001	98.590140493
0.002	98.580281972
0.003	98.5704244367975
0.004	98.5605678872491
0.005	98.5507123234229
0.006	-1.44986548686108
0.007	-1.44972050756301
0.008	-1.44957554276495
0.009	-1.44943059246689
0.01	-1.44928565666883
0.011	-1.44914073537076
0.012	-1.4489958285727
0.013	-1.44885093627463
0.014	-1.44870605847656
0.015	-1.4485611951785
0.016	-1.44841634638043
0.017	-1.44827151208236
0.018	-1.4481266922843
0.019	-1.44798188698622
0.02	-1.44783709618816
0.021	-1.44769231989009
0.022	-1.44754755809202
0.023	-1.44740281079395
0.024	-1.44725807799588
0.025	-1.44711335969781
0.026	-1.44696865565487
0.027	-1.44682396602519
0.028	-1.44667929086636
0.029	-1.44653463017838
0.03	-1.44638998396124
0.031	-1.44624535221495
0.032	-1.44610073493951
0.033	-1.44595613213492
0.034	-1.44581154380116
0.035	-1.44566696993826
0.036	-1.44552241054621
0.037	-1.445377865625
0.038	-1.44523333517464
0.039	-1.44508881919513
0.04	-1.44494431768646
0.041	-1.44479983064863
0.042	-1.44465535808166
0.043	-1.44451089998553
0.044	-1.44436645636026
0.045	-1.44422202720582
0.046	-1.44407761232297
0.047	-1.44393321178291
0.048	-1.44378882568458
0.049	-1.44364445402797
0.05	-1.44350009681309
0.051	-1.44335575403994
0.052	-1.44321142570851
0.053	-1.4430671118188
0.054	-1.44292281237082
0.055	-1.44277852736457
0.056	-1.44263425680003
0.057	-1.44249000067723
0.058	-1.44234575899615
0.059	-1.4422015317568
0.06	-1.44205731895917
0.061	-1.44191312060327
0.062	-1.4417689366891
0.063	-1.44162476721664
0.064	-1.44148061218592
0.065	-1.44133647159692
0.066	-1.4411923453013
0.067	-1.44104823327326
0.068	-1.44090413565786
0.069	-1.44076005245509
0.07	-1.44061598366495
0.071	-1.44047192928745
0.072	-1.44032788932258
0.073	-1.44018386377035
0.074	-1.44003985263075
0.075	-1.43989585590379
0.076	-1.43975187358946
0.077	-1.43960790568776
0.078	-1.4394639521987
0.079	-1.43932001312227
0.08	-1.43917608845847
0.081	-1.43903217820731
0.082	-1.43888828236878
0.083	-1.43874440094289
0.084	-1.43860053392963
0.085	-1.43845668132901
0.086	-1.43831284304867
0.087	-1.43816901895622
0.088	-1.43802520924734
0.089	-1.43788141392204
0.09	-1.43773763298032
0.091	-1.43759386642216
0.092	-1.43745011424759
0.093	-1.43730637645658
0.094	-1.43716265304915
0.095	-1.43701894402529
0.096	-1.43687524938501
0.097	-1.4367315691283
0.098	-1.43658790325517
0.099	-1.43644425176561
0.1	-1.43630061465962
0.101	-1.43615699193721
0.102	-1.43601338359837
0.103	-1.43586978964311
0.104	-1.43572621007141
0.105	-1.4355826448833
0.106	-1.43543909404716
0.107	-1.43529555731503
0.108	-1.43515203493745
0.109	-1.43500852691442
0.11	-1.43486503324593
0.111	-1.43472155393198
0.112	-1.43457808897258
0.113	-1.43443463836772
0.114	-1.43429120211741
0.115	-1.43414778022165
0.116	-1.43400437268043
0.117	-1.43386097949375
0.118	-1.43371760066162
0.119	-1.43357423618403
0.12	-1.43343088606098
0.121	-1.43328755029249
0.122	-1.43314422887853
0.123	-1.43300092181912
0.124	-1.43285762911426
0.125	-1.43271435076393
0.126	-1.43257108676816
0.127	-1.43242783685585
0.128	-1.4322846012355
0.129	-1.43214137994069
0.13	-1.43199817297144
0.131	-1.43185498032772
0.132	-1.43171180200955
0.133	-1.43156863801693
0.134	-1.43142548834986
0.135	-1.43128235300832
0.136	-1.43113923199234
0.137	-1.4309961253019
0.138	-1.43085303293701
0.139	-1.43070995489766
0.14	-1.43056689118387
0.141	-1.43042384179561
0.142	-1.4302808067329
0.143	-1.43013778599574
0.144	-1.42999477958413
0.145	-1.42985178749805
0.146	-1.42970880973753
0.147	-1.42956584610777
0.148	-1.42942289667175
0.149	-1.4292799615323
0.15	-1.42913704068943
0.151	-1.42899413414314
0.152	-1.42885124189342
0.153	-1.42870836394029
0.154	-1.42856550028372
0.155	-1.42842265092374
0.156	-1.42827981586034
0.157	-1.42813699509352
0.158	-1.42799418862327
0.159	-1.42785139644961
0.16	-1.42770861857252
0.161	-1.42756585499201
0.162	-1.42742310570807
0.163	-1.42728037072072
0.164	-1.42713765002994
0.165	-1.42699494363574
0.166	-1.42685225153812
0.167	-1.42670957362282
0.168	-1.42656690979938
0.169	-1.42642426024358
0.17	-1.42628162495542
0.171	-1.42613900393491
0.172	-1.42599639718204
0.173	-1.4258538046968
0.174	-1.42571122647921
0.175	-1.42556866252925
0.176	-1.42542611284694
0.177	-1.42528357743227
0.178	-1.42514105628524
0.179	-1.42499854940585
0.18	-1.4248560567941
0.181	-1.42471357844999
0.182	-1.42457111437353
0.183	-1.4244286645647
0.184	-1.42428622902351
0.185	-1.42414380774997
0.186	-1.42400140074406
0.187	-1.42385900797586
0.188	-1.42371662919444
0.189	-1.42357426465175
0.19	-1.4234319143478
0.191	-1.42328957828258
0.192	-1.42314725645609
0.193	-1.42300494886834
0.194	-1.42286265551933
0.195	-1.42272037640905
0.196	-1.42257811153751
0.197	-1.42243586090469
0.198	-1.42229362451062
0.199	-1.42215140235528
0.2	-1.42200919443867
0.201	-1.4218670007608
0.202	-1.42172482132166
0.203	-1.42158265612126
0.204	-1.42144050515959
0.205	-1.42129836843666
0.206	-1.42115624595247
0.207	-1.421014137707
0.208	-1.42087204345592
0.209	-1.42072996335696
0.21	-1.42058789746786
0.211	-1.42044584578861
0.212	-1.42030380831923
0.213	-1.4201617850597
0.214	-1.42001977601004
0.215	-1.41987778117023
0.216	-1.41973580054028
0.217	-1.4195938341202
0.218	-1.41945188190996
0.219	-1.41930994390959
0.22	-1.41916802011908
0.221	-1.41902611053843
0.222	-1.41888421516763
0.223	-1.41874233400669
0.224	-1.41860046705561
0.225	-1.41845861431439
0.226	-1.41831677578303
0.227	-1.41817495146153
0.228	-1.41803314120531
0.229	-1.41789134498187
0.23	-1.41774956293943
0.231	-1.41760779507801
0.232	-1.4174660413976
0.233	-1.41732430189821
0.234	-1.41718257657984
0.235	-1.41704086544247
0.236	-1.41689916848612
0.237	-1.41675748571079
0.238	-1.41661581711646
0.239	-1.41647416270316
0.24	-1.41633252247086
0.241	-1.41619089641958
0.242	-1.41604928454932
0.243	-1.41590768686007
0.244	-1.41576610335183
0.245	-1.41562453402461
0.246	-1.4154829788784
0.247	-1.41534143791321
0.248	-1.41519991108711
0.249	-1.41505839817211
0.25	-1.41491689940932
0.251	-1.41477541479873
0.252	-1.41463394434033
0.253	-1.41449248803413
0.254	-1.41435104588014
0.255	-1.41420961787834
0.256	-1.41406820402874
0.257	-1.41392680433135
0.258	-1.41378541878615
0.259	-1.41364404739315
0.26	-1.41350269015235
0.261	-1.41336134706376
0.262	-1.41322001812736
0.263	-1.41307870334315
0.264	-1.41293740271116
0.265	-1.41279611623136
0.266	-1.41265484390376
0.267	-1.41251358572836
0.268	-1.41237234170516
0.269	-1.41223111159577
0.27	-1.41208989554675
0.271	-1.41194869362115
0.272	-1.41180750581896
0.273	-1.41166633214019
0.274	-1.41152517258484
0.275	-1.41138402715291
0.276	-1.41124289584438
0.277	-1.41110177865928
0.278	-1.4109606755976
0.279	-1.41081958665932
0.28	-1.41067851184447
0.281	-1.41053745115303
0.282	-1.41039640458501
0.283	-1.4102553721404
0.284	-1.41011435381922
0.285	-1.40997334962145
0.286	-1.40983235954709
0.287	-1.40969138359615
0.288	-1.40955042176863
0.289	-1.40940947394376
0.29	-1.40926854004381
0.291	-1.40912762023853
0.292	-1.40898671452791
0.293	-1.40884582291195
0.294	-1.40870494539066
0.295	-1.40856408196403
0.296	-1.40842323263207
0.297	-1.40828239739477
0.298	-1.40814157625213
0.299	-1.40800076920416
0.3	-1.40785997625085
0.301	-1.40771919739221
0.302	-1.40757843262823
0.303	-1.40743768195891
0.304	-1.40729694538426
0.305	-1.40715622290427
0.306	-1.40701551451895
0.307	-1.40687482022829
0.308	-1.40673414003229
0.309	-1.40659347392947
0.31	-1.40645282161505
0.311	-1.40631218336657
0.312	-1.40617155918403
0.313	-1.40603094906743
0.314	-1.40589035301678
0.315	-1.40574977103207
0.316	-1.4056092031133
0.317	-1.40546864926047
0.318	-1.40532810947359
0.319	-1.40518758375264
0.32	-1.40504707209764
0.321	-1.40490657450858
0.322	-1.40476609098547
0.323	-1.40462562152829
0.324	-1.40448516613706
0.325	-1.40434472481177
0.326	-1.40420429755242
0.327	-1.40406388435902
0.328	-1.40392348523155
0.329	-1.40378310017003
0.33	-1.40364272899753
0.331	-1.40350237174349
0.332	-1.40336202852671
0.333	-1.40322169934718
0.334	-1.4030813842049
0.335	-1.40294108309986
0.336	-1.40280079603208
0.337	-1.40266052300155
0.338	-1.40252026400827
0.339	-1.40238001905224
0.34	-1.40223978813346
0.341	-1.40209957125193
0.342	-1.40195936840765
0.343	-1.40181917960062
0.344	-1.40167900483084
0.345	-1.40153884409831
0.346	-1.40139869740304
0.347	-1.40125856474501
0.348	-1.40111844612424
0.349	-1.40097834154071
0.35	-1.40083825095067
0.351	-1.40069817412989
0.352	-1.4005581113177
0.353	-1.40041806251409
0.354	-1.40027802771907
0.355	-1.40013800693265
0.356	-1.39999800015481
0.357	-1.39985800738557
0.358	-1.39971802862491
0.359	-1.39957806387285
0.36	-1.39943811312937
0.361	-1.39929817639448
0.362	-1.39915825366819
0.363	-1.39901834495049
0.364	-1.39887845024137
0.365	-1.39873856954084
0.366	-1.3985987028489
0.367	-1.39845885016556
0.368	-1.3983190114908
0.369	-1.39817918682464
0.37	-1.39803937616706
0.371	-1.39789957930902
0.372	-1.3977597963414
0.373	-1.39762002735374
0.374	-1.39748027234604
0.375	-1.3973405313183
0.376	-1.39720080427053
0.377	-1.39706109120271
0.378	-1.39692139211485
0.379	-1.39678170700695
0.38	-1.39664203587902
0.381	-1.39650237873104
0.382	-1.39636273556303
0.383	-1.39622310637497
0.384	-1.39608349116687
0.385	-1.39594388993874
0.386	-1.39580430269056
0.387	-1.39566472942234
0.388	-1.39552517013408
0.389	-1.39538562482579
0.39	-1.39524609349746
0.391	-1.39510657608639
0.392	-1.3949670724045
0.393	-1.39482758267396
0.394	-1.39468810689478
0.395	-1.39454864506697
0.396	-1.39440919719052
0.397	-1.39426976326542
0.398	-1.39413034329169
0.399	-1.39399093726933
0.4	-1.39385154519832
0.401	-1.39371216707867
0.402	-1.39357280291039
0.403	-1.39343345269346
0.404	-1.3932941164279
0.405	-1.3931547941137
0.406	-1.39301548575085
0.407	-1.39287619133937
0.408	-1.39273691087926
0.409	-1.39259764437049
0.41	-1.3924583918131
0.411	-1.39231915320706
0.412	-1.392179928336
0.413	-1.39204071730492
0.414	-1.39190152019663
0.415	-1.39176233701112
0.416	-1.39162316774842
0.417	-1.39148401240851
0.418	-1.39134487099139
0.419	-1.39120574349707
0.42	-1.39106662992553
0.421	-1.39092753027679
0.422	-1.39078844455084
0.423	-1.39064937274769
0.424	-1.39051031486732
0.425	-1.39037127090975
0.426	-1.39023224087497
0.427	-1.39009322476299
0.428	-1.3899542225738
0.429	-1.3898152343074
0.43	-1.3896762599638
0.431	-1.38953729954298
0.432	-1.38939835298719
0.433	-1.38925942009905
0.434	-1.38912050110515
0.435	-1.38898159600552
0.436	-1.38884270480014
0.437	-1.38870382748901
0.438	-1.38856496407215
0.439	-1.38842611454953
0.44	-1.38828727892117
0.441	-1.38814845718707
0.442	-1.38800964934722
0.443	-1.38787085540163
0.444	-1.38773207535029
0.445	-1.3875933091932
0.446	-1.38745455693037
0.447	-1.3873158185618
0.448	-1.38717709408748
0.449	-1.38703838350742
0.45	-1.38689968682161
0.451	-1.38676100403005
0.452	-1.38662233513276
0.453	-1.38648367993103
0.454	-1.38634503849621
0.455	-1.38620641092713
0.456	-1.38606779722381
0.457	-1.38592919738623
0.458	-1.3857906114144
0.459	-1.38565203930832
0.46	-1.38551348106798
0.461	-1.3853749366934
0.462	-1.38523640618455
0.463	-1.38509788954146
0.464	-1.38495938676412
0.465	-1.38482089785252
0.466	-1.38468242280667
0.467	-1.38454396162657
0.468	-1.38440551431221
0.469	-1.38426708086361
0.47	-1.38412866128074
0.471	-1.38399025556363
0.472	-1.38385186371227
0.473	-1.38371348569761
0.474	-1.38357512126769
0.475	-1.38343677067504
0.476	-1.38329843391965
0.477	-1.38316011100154
0.478	-1.38302180192069
0.479	-1.38288350667712
0.48	-1.38274522527082
0.481	-1.38260695770179
0.482	-1.38246870397003
0.483	-1.38233046407555
0.484	-1.38219223801833
0.485	-1.38205402579839
0.486	-1.38191582741572
0.487	-1.38177764287032
0.488	-1.38163947216219
0.489	-1.38150131529133
0.49	-1.38136317225774
0.491	-1.38122504306143
0.492	-1.38108692770238
0.493	-1.38094882618061
0.494	-1.38081073833987
0.495	-1.38067266417064
0.496	-1.38053460381023
0.497	-1.38039655725865
0.498	-1.38025852451589
0.499	-1.38012050558196
0.5	-1.37998250045686
0.501	-1.37984450914058
0.502	-1.37970653163312
0.503	-1.37956856793449
0.504	-1.37943061804469
0.505	-1.37929268196371
0.506	-1.37915475969156
0.507	-1.37901685122823
0.508	-1.37887895657373
0.509	-1.37874107572806
0.51	-1.3786032086912
0.511	-1.37846535546318
0.512	-1.37832751604398
0.513	-1.37818969043361
0.514	-1.37805187863207
0.515	-1.37791408035735
0.516	-1.37777629584011
0.517	-1.37763852510327
0.518	-1.37750076814685
0.519	-1.37736302497083
0.52	-1.37722529557523
0.521	-1.37708757996003
0.522	-1.37694987812525
0.523	-1.37681219007087
0.524	-1.37667451579691
0.525	-1.37653685530335
0.526	-1.37639920859021
0.527	-1.37626157565747
0.528	-1.37612395650515
0.529	-1.37598635113324
0.53	-1.37584875954174
0.531	-1.37571118173065
0.532	-1.37557361769996
0.533	-1.37543606744969
0.534	-1.37529853097982
0.535	-1.37516100820048
0.536	-1.37502349897574
0.537	-1.37488600350302
0.538	-1.37474852178233
0.539	-1.37461105381366
0.54	-1.37447359959702
0.541	-1.37433615913241
0.542	-1.37419873241982
0.543	-1.37406131945926
0.544	-1.37392392025072
0.545	-1.37378653479421
0.546	-1.37364916308973
0.547	-1.37351180513727
0.548	-1.37337446093684
0.549	-1.37323713048843
0.55	-1.37309981379205
0.551	-1.3729625108477
0.552	-1.37282522165537
0.553	-1.37268794621506
0.554	-1.37255068452679
0.555	-1.37241343659054
0.556	-1.37227620220581
0.557	-1.37213898144773
0.558	-1.37200177441331
0.559	-1.37186458110258
0.56	-1.37172740151551
0.561	-1.37159023565212
0.562	-1.37145308351239
0.563	-1.37131594509634
0.564	-1.37117882040396
0.565	-1.37104170943525
0.566	-1.37090461219022
0.567	-1.37076752866885
0.568	-1.37063045887116
0.569	-1.37049340279714
0.57	-1.37035636044679
0.571	-1.37021933182012
0.572	-1.37008231691711
0.573	-1.36994531573778
0.574	-1.36980832828212
0.575	-1.36967135455013
0.576	-1.36953439454072
0.577	-1.36939744794894
0.578	-1.36926051505251
0.579	-1.36912359585143
0.58	-1.3689866903457
0.581	-1.36884979853531
0.582	-1.36871292042028
0.583	-1.3685760560006
0.584	-1.36843920527626
0.585	-1.36830236824728
0.586	-1.36816554491364
0.587	-1.36802873527535
0.588	-1.36789193933241
0.589	-1.36775515708482
0.59	-1.36761838853258
0.591	-1.36748163367569
0.592	-1.36734489251415
0.593	-1.36720816504795
0.594	-1.36707145127711
0.595	-1.36693475120161
0.596	-1.36679806482147
0.597	-1.36666139204034
0.598	-1.36652473273473
0.599	-1.36638808709619
0.6	-1.36625145512469
0.601	-1.36611483682026
0.602	-1.36597823218288
0.603	-1.36584164121256
0.604	-1.36570506390929
0.605	-1.36556850027309
0.606	-1.36543195030393
0.607	-1.36529541400184
0.608	-1.3651588913668
0.609	-1.36502238239881
0.61	-1.36488588709789
0.611	-1.36474940546402
0.612	-1.3646129374972
0.613	-1.36447648319744
0.614	-1.36434004256475
0.615	-1.3642036155991
0.616	-1.36406720230052
0.617	-1.36393080266898
0.618	-1.36379441651641
0.619	-1.36365804389442
0.62	-1.36352168491122
0.621	-1.36338533956682
0.622	-1.36324900786121
0.623	-1.36311268979441
0.624	-1.36297638536639
0.625	-1.36284009457717
0.626	-1.36270381742673
0.627	-1.3625675539151
0.628	-1.36243130404226
0.629	-1.36229506780822
0.63	-1.36215884521297
0.631	-1.36202263625651
0.632	-1.36188644093885
0.633	-1.36175025925999
0.634	-1.36161409121991
0.635	-1.36147793681864
0.636	-1.36134179605615
0.637	-1.36120566893246
0.638	-1.36106955544757
0.639	-1.36093345532559
0.64	-1.36079736878589
0.641	-1.36066129585676
0.642	-1.36052523653819
0.643	-1.36038919083018
0.644	-1.36025315873274
0.645	-1.36011714024586
0.646	-1.35998113536954
0.647	-1.35984514410379
0.648	-1.3597091664486
0.649	-1.35957320240397
0.65	-1.3594372519699
0.651	-1.3593013151464
0.652	-1.35916539193346
0.653	-1.35902948233109
0.654	-1.35889358633928
0.655	-1.35875770395803
0.656	-1.35862183518735
0.657	-1.35848598002722
0.658	-1.35835013847766
0.659	-1.35821431049094
0.66	-1.35807849585109
0.661	-1.3579426947936
0.662	-1.35780690731848
0.663	-1.35767113342572
0.664	-1.35753537311532
0.665	-1.35739962638728
0.666	-1.35726389324161
0.667	-1.3571281736783
0.668	-1.35699246769735
0.669	-1.35685677529876
0.67	-1.35672109648254
0.671	-1.35658543124867
0.672	-1.35644977959718
0.673	-1.35631414152804
0.674	-1.35617851704127
0.675	-1.35604290613686
0.676	-1.35590730881481
0.677	-1.35577172507512
0.678	-1.3556361549178
0.679	-1.35550059834284
0.68	-1.35536505523087
0.681	-1.35522952550256
0.682	-1.35509400932843
0.683	-1.3549585067085
0.684	-1.35482301764276
0.685	-1.35468754213121
0.686	-1.35455208017386
0.687	-1.35441663177069
0.688	-1.35428119692173
0.689	-1.35414577562695
0.69	-1.35401036788637
0.691	-1.35387497369997
0.692	-1.35373959306777
0.693	-1.35360422598977
0.694	-1.35346887246595
0.695	-1.35333353249633
0.696	-1.35319820608091
0.697	-1.35306289321967
0.698	-1.35292759391263
0.699	-1.35279230815978
0.7	-1.35265703596112
0.701	-1.35252177713045
0.702	-1.35238653171602
0.703	-1.35225129982765
0.704	-1.35211608146533
0.705	-1.35198087662906
0.706	-1.35184568531885
0.707	-1.35171050753469
0.708	-1.35157534327658
0.709	-1.35144019254453
0.71	-1.35130505533853
0.711	-1.35116993165858
0.712	-1.35103482150469
0.713	-1.35089972487685
0.714	-1.35076464177506
0.715	-1.35062957219932
0.716	-1.35049451614965
0.717	-1.35035947362602
0.718	-1.35022444462845
0.719	-1.35008942915693
0.72	98.6466698036736
0.721	98.6368056299489
0.722	98.6269424427241
0.723	98.6170802416378
0.724	98.6072190267836
0.725	98.5973587980271
0.726	98.5874995551676
0.727	98.5776412983198
0.728	98.5677840270795
0.729	98.5579277416182
0.73	-1.44997163917286
0.731	-1.44982664925897
0.732	-1.44968167384508
0.733	-1.44953671293119
0.734	-1.44939176651729
0.735	-1.44924683460341
0.736	-1.44910191718951
0.737	-1.44895701427562
0.738	-1.44881212586173
0.739	-1.44866725194784
0.74	-1.44852239253394
0.741	-1.44837754762004
0.742	-1.44823271720615
0.743	-1.44808790129226
0.744	-1.44794309987836
0.745	-1.44779831296447
0.746	-1.44765354055057
0.747	-1.44750878263667
0.748	-1.44736403922278
0.749	-1.44721931030888
0.75	-1.4470745958744
0.751	-1.44692989565024
0.752	-1.44678520989692
0.753	-1.44664053861446
0.754	-1.44649588180284
0.755	-1.44635123946206
0.756	-1.44620661159214
0.757	-1.44606199819306
0.758	-1.44591739926483
0.759	-1.44577281480744
0.76	-1.4456282448209
0.761	-1.44548368930521
0.762	-1.44533914826036
0.763	-1.44519462168637
0.764	-1.44505010958322
0.765	-1.44490561195091
0.766	-1.44476112878945
0.767	-1.44461666009884
0.768	-1.44447220587908
0.769	-1.44432776613016
0.77	-1.44418334085209
0.771	-1.44403892976078
0.772	-1.44389453308929
0.773	-1.44375015085952
0.774	-1.44360578307147
0.775	-1.44346142972515
0.776	-1.44331709082056
0.777	-1.44317276635769
0.778	-1.44302845633655
0.779	-1.44288416075713
0.78	-1.44273987961944
0.781	-1.44259561292347
0.782	-1.44245136066923
0.783	-1.44230712285672
0.784	-1.44216289948592
0.785	-1.44201869055686
0.786	-1.44187449606952
0.787	-1.4417303160239
0.788	-1.44158615042002
0.789	-1.44144199925785
0.79	-1.44129786253741
0.791	-1.44115374002682
0.792	-1.44100963185955
0.793	-1.44086553810492
0.794	-1.44072145876292
0.795	-1.44057739383356
0.796	-1.44043334331682
0.797	-1.44028930721273
0.798	-1.44014528552126
0.799	-1.44000127824243
0.8	-1.43985728537623
0.801	-1.43971330692268
0.802	-1.43956934288175
0.803	-1.43942539325345
0.804	-1.43928145803779
0.805	-1.43913753723477
0.806	-1.43899363084437
0.807	-1.43884973886662
0.808	-1.4387058613015
0.809	-1.438561998149
0.81	-1.43841814940915
0.811	-1.43827431490749
0.812	-1.43813049466802
0.813	-1.43798668881213
0.814	-1.43784289733982
0.815	-1.43769912025108
0.816	-1.43755535754591
0.817	-1.43741160922432
0.818	-1.4372678752863
0.819	-1.43712415573185
0.82	-1.43698045056098
0.821	-1.43683675977368
0.822	-1.43669308336996
0.823	-1.43654942134981
0.824	-1.43640577371323
0.825	-1.43626214046024
0.826	-1.43611852159081
0.827	-1.43597491710495
0.828	-1.43583132700267
0.829	-1.43568775128397
0.83	-1.43554418994884
0.831	-1.43540064288518
0.832	-1.43525710999826
0.833	-1.43511359146589
0.834	-1.43497008728806
0.835	-1.43482659746479
0.836	-1.43468312199605
0.837	-1.43453966088186
0.838	-1.43439621412221
0.839	-1.43425278171711
0.84	-1.43410936366655
0.841	-1.43396595997053
0.842	-1.43382257062906
0.843	-1.43367919564214
0.844	-1.43353583500976
0.845	-1.43339248873193
0.846	-1.43324915680864
0.847	-1.43310583923989
0.848	-1.43296253602569
0.849	-1.43281924716603
0.85	-1.43267597266092
0.851	-1.43253271246517
0.852	-1.43238946635672
0.853	-1.43224623457381
0.854	-1.43210301711644
0.855	-1.43195981398462
0.856	-1.43181662517835
0.857	-1.43167345069762
0.858	-1.43153029054244
0.859	-1.43138714471281
0.86	-1.43124401320872
0.861	-1.43110089603018
0.862	-1.43095779317718
0.863	-1.43081470464973
0.864	-1.43067163044782
0.865	-1.43052857057146
0.866	-1.43038552502065
0.867	-1.43024249379538
0.868	-1.43009947689566
0.869	-1.42995647432148
0.87	-1.42981348607286
0.871	-1.42967051214977
0.872	-1.42952755227281
0.873	-1.42938460666646
0.874	-1.4292416753567
0.875	-1.42909875834351
0.876	-1.4289558556269
0.877	-1.42881296720686
0.878	-1.42867009308341
0.879	-1.42852723325653
0.88	-1.42838438772623
0.881	-1.42824155649251
0.882	-1.42809873955537
0.883	-1.4279559369148
0.884	-1.42781314857082
0.885	-1.42767037452341
0.886	-1.42752761477258
0.887	-1.42738486931833
0.888	-1.42724213816065
0.889	-1.42709942129956
0.89	-1.42695671873503
0.891	-1.4268140304671
0.892	-1.42667135629887
0.893	-1.42652869629736
0.894	-1.42638605056349
0.895	-1.42624341909726
0.896	-1.42610080189868
0.897	-1.42595819896773
0.898	-1.42581561030443
0.899	-1.42567303590876
0.9	-1.42553047578074
0.901	-1.42538792992036
0.902	-1.42524539832762
0.903	-1.42510288100252
0.904	-1.42496037794505
0.905	-1.42481788915524
0.906	-1.42467541463305
0.907	-1.42453295437852
0.908	-1.42439050839162
0.909	-1.42424807667236
0.91	-1.42410565922075
0.911	-1.42396325603677
0.912	-1.42382086701008
0.913	-1.42367849204285
0.914	-1.42353613131434
0.915	-1.42339378482458
0.916	-1.42325145257354
0.917	-1.42310913456125
0.918	-1.42296683078769
0.919	-1.42282454125286
0.92	-1.42268226595676
0.921	-1.4225400048994
0.922	-1.42239775808078
0.923	-1.42225552550089
0.924	-1.42211330715974
0.925	-1.42197110305731
0.926	-1.42182891319363
0.927	-1.42168673756868
0.928	-1.42154457618246
0.929	-1.42140242903498
0.93	-1.42126029612623
0.931	-1.42111817745622
0.932	-1.42097607300458
0.933	-1.42083398250222
0.934	-1.42069190620971
0.935	-1.42054984412706
0.936	-1.42040779625427
0.937	-1.42026576259134
0.938	-1.42012374313827
0.939	-1.41998173789505
0.94	-1.41983974686169
0.941	-1.4196977700382
0.942	-1.41955580742456
0.943	-1.41941385902078
0.944	-1.41927192482686
0.945	-1.41913000484279
0.946	-1.41898809906859
0.947	-1.41884620750425
0.948	-1.41870433014976
0.949	-1.41856246700514
0.95	-1.41842061807037
0.951	-1.41827878334546
0.952	-1.41813696283041
0.953	-1.41799515629731
0.954	-1.41785336387259
0.955	-1.41771158562888
0.956	-1.41756982156618
0.957	-1.4174280716845
0.958	-1.41728633598383
0.959	-1.41714461446418
0.96	-1.41700290712554
0.961	-1.41686121396791
0.962	-1.4167195349913
0.963	-1.4165778701957
0.964	-1.41643621958112
0.965	-1.41629458314756
0.966	-1.416152960895
0.967	-1.41601135282346
0.968	-1.41586975893293
0.969	-1.41572817922342
0.97	-1.41558661369492
0.971	-1.41544506234744
0.972	-1.41530352518097
0.973	-1.41516200207289
0.974	-1.4150204929489
0.975	-1.41487899797712
0.976	-1.41473751715752
0.977	-1.41459605049013
0.978	-1.41445459797495
0.979	-1.41431315961195
0.98	-1.41417173540116
0.981	-1.41403032534257
0.982	-1.41388892943618
0.983	-1.41374754768199
0.984	-1.41360618008
0.985	-1.41346482663021
0.986	-1.41332348733262
0.987	-1.41318216218722
0.988	-1.41304085119403
0.989	-1.41289955435303
0.99	-1.41275827166424
0.991	-1.41261700312765
0.992	-1.41247574874325
0.993	-1.41233450849618
0.994	-1.41219328210704
0.995	-1.41205206984132
0.996	-1.41191087169901
0.997	-1.41176968768012
0.998	-1.41162851778465
0.999	-1.41148736201259
1	-1.41134622036395
1.001	-1.41120509283872
1.002	-1.41106397943692
1.003	-1.41092288015853
1.004	-1.41078179500355
1.005	-1.41064072397199
1.006	-1.41049966706385
1.007	-1.41035862427913
1.008	-1.41021759561781
1.009	-1.41007658107993
1.01	-1.40993558066544
1.011	-1.40979459437439
1.012	-1.40965362220674
1.013	-1.40951266416251
1.014	-1.40937172003824
1.015	-1.40923078991389
1.016	-1.40908987388419
1.017	-1.40894897194917
1.018	-1.40880808410881
1.019	-1.40866721036311
1.02	-1.40852635071208
1.021	-1.40838550515571
1.022	-1.408244673694
1.023	-1.40810385632695
1.024	-1.40796305305458
1.025	-1.40782226387686
1.026	-1.40768148879381
1.027	-1.40754072780542
1.028	-1.4073999809117
1.029	-1.40725924811264
1.03	-1.40711852940825
1.031	-1.40697782479852
1.032	-1.40683713428345
1.033	-1.40669645786305
1.034	-1.40655579545619
1.035	-1.40641514690967
1.036	-1.40627451242909
1.037	-1.40613389201445
1.038	-1.40599328566576
1.039	-1.405852693383
1.04	-1.40571211516619
1.041	-1.40557155101532
1.042	-1.40543100093039
1.043	-1.40529046491141
1.044	-1.40514994295837
1.045	-1.40500943507126
1.046	-1.40486894125011
1.047	-1.40472846149489
1.048	-1.40458799580562
1.049	-1.40444754418228
1.05	-1.40430710662489
1.051	-1.40416668313345
1.052	-1.40402627370794
1.053	-1.40388587834837
1.054	-1.40374549705475
1.055	-1.40360512956606
1.056	-1.40346477607223
1.057	-1.40332443661567
1.058	-1.40318411119635
1.059	-1.40304379981428
1.06	-1.40290350246946
1.061	-1.4027632191619
1.062	-1.40262294989158
1.063	-1.40248269465851
1.064	-1.40234245346269
1.065	-1.40220222630413
1.066	-1.40206201318281
1.067	-1.40192181409875
1.068	-1.40178162905194
1.069	-1.40164145804237
1.07	-1.40150130107006
1.071	-1.40136115813499
1.072	-1.40122102923718
1.073	-1.40108091437662
1.074	-1.4009408135533
1.075	-1.40080072664278
1.076	-1.40066065357453
1.077	-1.40052059451488
1.078	-1.40038054946381
1.079	-1.40024051842133
1.08	-1.40010050138744
1.081	-1.39996049836214
1.082	-1.39982050934543
1.083	-1.39968053433731
1.084	-1.39954057333778
1.085	-1.39940062634685
1.086	-1.39926069336449
1.087	-1.39912077439074
1.088	-1.39898086942557
1.089	-1.39884097846899
1.09	-1.398701101521
1.091	-1.3985612385816
1.092	-1.39842138965079
1.093	-1.39828155472857
1.094	-1.39814173381494
1.095	-1.3980019269099
1.096	-1.39786213371954
1.097	-1.39772235449679
1.098	-1.397582589254
1.099	-1.39744283799117
1.1	-1.3973031007083
1.101	-1.39716337740539
1.102	-1.39702366808244
1.103	-1.39688397273945
1.104	-1.39674429137642
1.105	-1.39660462399335
1.106	-1.39646497059024
1.107	-1.39632533116709
1.108	-1.39618570572391
1.109	-1.39604609426067
1.11	-1.39590649677741
1.111	-1.3957669132741
1.112	-1.39562734375075
1.113	-1.39548778820736
1.114	-1.39534824664393
1.115	-1.39520871906047
1.116	-1.3950692053131
1.117	-1.39492970536841
1.118	-1.39479021937508
1.119	-1.39465074733311
1.12	-1.39451128924251
1.121	-1.39437184510326
1.122	-1.39423241491538
1.123	-1.39409299867885
1.124	-1.39395359639369
1.125	-1.39381420805989
1.126	-1.39367483367745
1.127	-1.39353547324637
1.128	-1.39339612676665
1.129	-1.39325679423829
1.13	-1.3931174756613
1.131	-1.39297817103566
1.132	-1.39283888036139
1.133	-1.39269960363848
1.134	-1.39256034086692
1.135	-1.39242109204673
1.136	-1.3922818571779
1.137	-1.39214263595904
1.138	-1.39200342865751
1.139	-1.39186423527877
1.14	-1.39172505582283
1.141	-1.39158589028968
1.142	-1.39144673867933
1.143	-1.39130760099176
1.144	-1.39116847722698
1.145	-1.391029367385
1.146	-1.39089027146582
1.147	-1.39075118946943
1.148	-1.39061212139582
1.149	-1.39047306724501
1.15	-1.390334027017
1.151	-1.39019500071177
1.152	-1.39005598832934
1.153	-1.3899169898697
1.154	-1.38977800533286
1.155	-1.38963903471881
1.156	-1.38950007802754
1.157	-1.38936113512028
1.158	-1.38922220595405
1.159	-1.38908329068207
1.16	-1.38894438930434
1.161	-1.38880550182087
1.162	-1.38866662823165
1.163	-1.38852776853669
1.164	-1.38838892273599
1.165	-1.38825009082954
1.166	-1.38811127281734
1.167	-1.38797246869941
1.168	-1.38783367847572
1.169	-1.38769490214629
1.17	-1.38755613971111
1.171	-1.3874173911702
1.172	-1.38727865652353
1.173	-1.38713993577112
1.174	-1.38700122891296
1.175	-1.38686253594907
1.176	-1.38672385687942
1.177	-1.38658519170403
1.178	-1.38644654013967
1.179	-1.38630790241913
1.18	-1.38616927856432
1.181	-1.38603066857527
1.182	-1.38589207245197
1.183	-1.38575349019441
1.184	-1.3856149218026
1.185	-1.38547636727654
1.186	-1.38533782661622
1.187	-1.38519929982166
1.188	-1.38506078689284
1.189	-1.38492228782977
1.19	-1.38478380263244
1.191	-1.38464533130086
1.192	-1.38450687383503
1.193	-1.38436843023495
1.194	-1.38423000050062
1.195	-1.38409158463203
1.196	-1.38395318262919
1.197	-1.3838147944921
1.198	-1.38367642011145
1.199	-1.38353805938817
1.2	-1.38339971250216
1.201	-1.38326137945342
1.202	-1.38312306024195
1.203	-1.38298475486775
1.204	-1.38284646333083
1.205	-1.38270818563117
1.206	-1.38256992176879
1.207	-1.38243167174367
1.208	-1.38229343555583
1.209	-1.38215521320526
1.21	-1.38201700469197
1.211	-1.38187881001593
1.212	-1.38174062917718
1.213	-1.38160246217569
1.214	-1.38146430901148
1.215	-1.38132616968454
1.216	-1.38118804419486
1.217	-1.38104993254246
1.218	-1.38091183472733
1.219	-1.38077375050978
1.22	-1.38063568003957
1.221	-1.38049762337819
1.222	-1.38035958052563
1.223	-1.3802215514819
1.224	-1.38008353624699
1.225	-1.37994553482091
1.226	-1.37980754720365
1.227	-1.37966957339522
1.228	-1.37953161339562
1.229	-1.37939366720484
1.23	-1.37925573482289
1.231	-1.37911781624976
1.232	-1.37897991148546
1.233	-1.37884202052999
1.234	-1.37870414338333
1.235	-1.37856628004551
1.236	-1.37842843051651
1.237	-1.37829059479634
1.238	-1.37815277288499
1.239	-1.37801496472651
1.24	-1.37787717012027
1.241	-1.37773938929444
1.242	-1.37760162224902
1.243	-1.37746386898401
1.244	-1.3773261294994
1.245	-1.37718840379521
1.246	-1.37705069187143
1.247	-1.37691299372806
1.248	-1.3767753093651
1.249	-1.37663763878255
1.25	-1.3764999819804
1.251	-1.37636233895867
1.252	-1.37622470971735
1.253	-1.37608709425645
1.254	-1.37594949257594
1.255	-1.37581190467586
1.256	-1.37567433055618
1.257	-1.37553677021691
1.258	-1.37539922365805
1.259	-1.3752616908796
1.26	-1.37512417170988
1.261	-1.37498666616895
1.262	-1.37484917438003
1.263	-1.37471169634315
1.264	-1.3745742320583
1.265	-1.37443678152546
1.266	-1.37429934474466
1.267	-1.37416192171588
1.268	-1.37402451243913
1.269	-1.3738871169144
1.27	-1.3737497351417
1.271	-1.37361236712103
1.272	-1.37347501285238
1.273	-1.37333767233576
1.274	-1.37320034557116
1.275	-1.37306303255859
1.276	-1.37292573329805
1.277	-1.37278844778953
1.278	-1.37265117603304
1.279	-1.37251391802857
1.28	-1.37237667377613
1.281	-1.37223944299069
1.282	-1.37210222590882
1.283	-1.37196502255063
1.284	-1.3718278329161
1.285	-1.37169065700525
1.286	-1.37155349481807
1.287	-1.37141634635457
1.288	-1.37127921161473
1.289	-1.37114209059858
1.29	-1.37100498330609
1.291	-1.37086788973727
1.292	-1.37073080989213
1.293	-1.37059374377066
1.294	-1.37045669137286
1.295	-1.37031965269874
1.296	-1.37018262774829
1.297	-1.37004561652151
1.298	-1.3699086190184
1.299	-1.36977163523896
1.3	-1.3696346651832
1.301	-1.36949770877051
1.302	-1.36936076584736
1.303	-1.36922383661956
1.304	-1.3690869210871
1.305	-1.36895001925
1.306	-1.36881313110824
1.307	-1.36867625666184
1.308	-1.36853939591078
1.309	-1.36840254885507
1.31	-1.36826571549472
1.311	-1.3681288958297
1.312	-1.36799208986005
1.313	-1.36785529758573
1.314	-1.36771851900677
1.315	-1.36758175412316
1.316	-1.3674450029349
1.317	-1.36730826544198
1.318	-1.36717154164442
1.319	-1.3670348315422
1.32	-1.36689813513533
1.321	-1.36676145242381
1.322	-1.36662478322939
1.323	-1.36648812758484
1.324	-1.36635148560734
1.325	-1.36621485729689
1.326	-1.36607824265351
1.327	-1.36594164167718
1.328	-1.36580505436791
1.329	-1.36566848072569
1.33	-1.36553192075053
1.331	-1.36539537444243
1.332	-1.36525884180138
1.333	-1.36512232282739
1.334	-1.36498581752045
1.335	-1.36484932588057
1.336	-1.36471284790775
1.337	-1.36457638360199
1.338	-1.36443993296328
1.339	-1.36430349599163
1.34	-1.36416707268703
1.341	-1.36403066304949
1.342	-1.36389426707901
1.343	-1.36375788450331
1.344	-1.36362151553479
1.345	-1.36348516020508
1.346	-1.36334881851416
1.347	-1.36321249046203
1.348	-1.3630761760487
1.349	-1.36293987527416
1.35	-1.36280358813841
1.351	-1.36266731464146
1.352	-1.36253105478331
1.353	-1.36239480856394
1.354	-1.36225857598338
1.355	-1.36212235704161
1.356	-1.36198615173863
1.357	-1.36184996007444
1.358	-1.36171378204905
1.359	-1.36157761766246
1.36	-1.36144146691466
1.361	-1.36130532980566
1.362	-1.36116920633544
1.363	-1.3610330964536
1.364	-1.36089699994926
1.365	-1.36076091705548
1.366	-1.36062484777226
1.367	-1.36048879209961
1.368	-1.36035275003751
1.369	-1.36021672158599
1.37	-1.36008070674503
1.371	-1.35994470551462
1.372	-1.35980871789478
1.373	-1.35967274388551
1.374	-1.3595367834868
1.375	-1.35940083669865
1.376	-1.35926490352106
1.377	-1.35912898395404
1.378	-1.35899307799758
1.379	-1.35885718565169
1.38	-1.35872130691635
1.381	-1.35858544179159
1.382	-1.35844959027738
1.383	-1.35831375237374
1.384	-1.35817792795227
1.385	-1.35804211695078
1.386	-1.35790631953166
1.387	-1.35777053569489
1.388	-1.35763476544049
1.389	-1.35749900876846
1.39	-1.35736326567878
1.391	-1.35722753617147
1.392	-1.35709182024652
1.393	-1.35695611790393
1.394	-1.3568204291437
1.395	-1.35668475396584
1.396	-1.35654909237034
1.397	-1.3564134443572
1.398	-1.35627780992643
1.399	-1.35614218907801
1.4	-1.35600658181197
1.401	-1.35587098812828
1.402	-1.35573540802695
1.403	-1.355599841508
1.404	-1.3554642885714
1.405	-1.35532874901534
1.406	-1.35519322291784
1.407	-1.35505771037453
1.408	-1.35492221138541
1.409	-1.35478672595049
1.41	-1.35465125406976
1.411	-1.35451579574321
1.412	-1.35438035097087
1.413	-1.35424491975272
1.414	-1.35410950208876
1.415	-1.35397409797899
1.416	-1.35383870742341
1.417	-1.35370333042202
1.418	-1.35356796697484
1.419	-1.35343261708184
1.42	-1.35329728074303
1.421	-1.35316195795842
1.422	-1.353026648728
1.423	-1.35289135305177
1.424	-1.35275607092974
1.425	-1.3526208023619
1.426	-1.35248554707797
1.427	-1.35235030528682
1.428	-1.35221507702172
1.429	-1.35207986228268
1.43	-1.35194466106969
1.431	-1.35180947338275
1.432	-1.35167429922187
1.433	-1.35153913858704
1.434	-1.35140399147826
1.435	-1.35126885789554
1.436	-1.35113373783888
1.437	-1.35099863130826
1.438	-1.3508635383037
1.439	-1.35072845882519
1.44	-1.35059339287274
1.441	-1.35045834044633
1.442	-1.35032330154598
1.443	-1.35018827617169
1.444	-1.35005326432345
1.445	98.6440273515589
1.446	98.6341634420918
1.447	98.6243005190716
1.448	98.614438582151
1.449	98.6045776314901
1.45	98.5947176668099
1.451	98.5848586880794
1.452	98.5750006952717
1.453	98.5651436880959
1.454	98.5552876666991
1.455	-1.44993279872712
1.456	-1.44978781269739
1.457	-1.44964284116768
1.458	-1.44949788413796
1.459	-1.44935294160824
1.46	-1.44920801357852
1.461	-1.4490631000488
1.462	-1.44891820101908
1.463	-1.44877331648936
1.464	-1.44862844645964
1.465	-1.44848359092992
1.466	-1.4483387499002
1.467	-1.44819392337047
1.468	-1.44804911134075
1.469	-1.44790431381103
1.47	-1.44775953078131
1.471	-1.44761476225158
1.472	-1.44747000822186
1.473	-1.44732526869213
1.474	-1.44718054366241
1.475	-1.44703583303185
1.476	-1.44689113668405
1.477	-1.4467464548071
1.478	-1.446601787401
1.479	-1.44645713446574
1.48	-1.44631249600133
1.481	-1.44616787200777
1.482	-1.44602326248505
1.483	-1.44587866743319
1.484	-1.44573408685216
1.485	-1.44558952074199
1.486	-1.44544496910266
1.487	-1.44530043193417
1.488	-1.44515590923654
1.489	-1.44501140100975
1.49	-1.44486690725381
1.491	-1.44472242796871
1.492	-1.44457796315447
1.493	-1.44443351281107
1.494	-1.44428907693851
1.495	-1.4441446554796
1.496	-1.44400024823494
1.497	-1.44385585543201
1.498	-1.4437114770708
1.499	-1.44356711315132
1.5	-1.44342276367357
1.501	-1.44327842863754
1.502	-1.44313410804323
1.503	-1.44298980189065
1.504	-1.44284551017979
1.505	-1.44270123291066
1.506	-1.44255697008326
1.507	-1.44241272169758
1.508	-1.44226848775363
1.509	-1.4421242682514
1.51	-1.4419800631909
1.511	-1.44183587257212
1.512	-1.44169169639507
1.513	-1.44154753465974
1.514	-1.44140338736614
1.515	-1.44125925450575
1.516	-1.44111513578662
1.517	-1.44097103148011
1.518	-1.44082694158625
1.519	-1.44068286610502
1.52	-1.44053880503643
1.521	-1.44039475838046
1.522	-1.44025072613713
1.523	-1.44010670830644
1.524	-1.43996270488838
1.525	-1.43981871588295
1.526	-1.43967474129016
1.527	-1.43953078111
1.528	-1.43938683534248
1.529	-1.43924290398759
1.53	-1.43909898704533
1.531	-1.43895508451571
1.532	-1.43881119639872
1.533	-1.43866732269437
1.534	-1.43852346340265
1.535	-1.43837961852356
1.536	-1.43823578779849
1.537	-1.43809197141201
1.538	-1.43794816940911
1.539	-1.43780438178978
1.54	-1.43766060855402
1.541	-1.43751684970184
1.542	-1.43737310523323
1.543	-1.4372293751482
1.544	-1.43708565944674
1.545	-1.43694195812885
1.546	-1.43679827119454
1.547	-1.4366545986438
1.548	-1.43651094047664
1.549	-1.43636729669304
1.55	-1.43622366729303
1.551	-1.43608005227659
1.552	-1.43593645164372
1.553	-1.43579286539442
1.554	-1.4356492935287
1.555	-1.43550573604656
1.556	-1.4353621927533
1.557	-1.43521866371159
1.558	-1.43507514902443
1.559	-1.43493164869181
1.56	-1.43478816271374
1.561	-1.43464469109021
1.562	-1.43450123382123
1.563	-1.43435779090679
1.564	-1.4342143623469
1.565	-1.43407094814154
1.566	-1.43392754829074
1.567	-1.43378416279448
1.568	-1.43364079165277
1.569	-1.4334974348656
1.57	-1.43335409243297
1.571	-1.43321076435489
1.572	-1.43306745063135
1.573	-1.43292415126236
1.574	-1.43278086624791
1.575	-1.43263759558801
1.576	-1.43249433915662
1.577	-1.43235109688561
1.578	-1.43220786894013
1.579	-1.43206465532021
1.58	-1.43192145602583
1.581	-1.431778271057
1.582	-1.43163510041371
1.583	-1.43149194409597
1.584	-1.43134880210378
1.585	-1.43120567443713
1.586	-1.43106256109603
1.587	-1.43091946208048
1.588	-1.43077637739046
1.589	-1.430633307026
1.59	-1.43049025098708
1.591	-1.43034720927371
1.592	-1.43020418188588
1.593	-1.4300611688236
1.594	-1.42991817008687
1.595	-1.42977518567568
1.596	-1.42963221553703
1.597	-1.42948925946379
1.598	-1.42934631768712
1.599	-1.42920339020704
1.6	-1.42906047702353
1.601	-1.4289175781366
1.602	-1.42877469354625
1.603	-1.42863182325248
1.604	-1.42848896725528
1.605	-1.42834612555466
1.606	-1.42820329815062
1.607	-1.42806048504316
1.608	-1.42791768623228
1.609	-1.42777490171797
1.61	-1.42763213150025
1.611	-1.4274893755791
1.612	-1.42734663395452
1.613	-1.42720390662653
1.614	-1.42706119359511
1.615	-1.42691849486027
1.616	-1.42677581042201
1.617	-1.42663313999878
1.618	-1.42649048381921
1.619	-1.42634784190727
1.62	-1.42620521426297
1.621	-1.42606260088631
1.622	-1.4259200017773
1.623	-1.42577741693593
1.624	-1.42563484636219
1.625	-1.4254922900561
1.626	-1.42534974801765
1.627	-1.42520722024683
1.628	-1.42506470674366
1.629	-1.42492220750813
1.63	-1.42477972254024
1.631	-1.42463725183999
1.632	-1.42449479540738
1.633	-1.42435235324241
1.634	-1.42420992534509
1.635	-1.4240675117154
1.636	-1.42392511235335
1.637	-1.4237827270661
1.638	-1.42364035591305
1.639	-1.42349799899873
1.64	-1.42335565632315
1.641	-1.4232133278863
1.642	-1.4230710136882
1.643	-1.42292871372882
1.644	-1.42278642800817
1.645	-1.42264415652627
1.646	-1.4225018992831
1.647	-1.42235965627866
1.648	-1.42221742751296
1.649	-1.42207521298599
1.65	-1.42193301269775
1.651	-1.42179082664825
1.652	-1.42164865483749
1.653	-1.42150649726546
1.654	-1.42136435393217
1.655	-1.42122222483761
1.656	-1.42108010998178
1.657	-1.42093800926417
1.658	-1.42079592256825
1.659	-1.42065385008219
1.66	-1.420511791806
1.661	-1.42036974773965
1.662	-1.42022771788318
1.663	-1.42008570223655
1.664	-1.41994370079979
1.665	-1.41980171357288
1.666	-1.41965974055584
1.667	-1.41951778174865
1.668	-1.41937583715132
1.669	-1.41923390676386
1.67	-1.41909199058624
1.671	-1.41895008861849
1.672	-1.4188082008606
1.673	-1.41866632731256
1.674	-1.41852446797439
1.675	-1.41838262284608
1.676	-1.41824079192762
1.677	-1.41809897521397
1.678	-1.41795717240696
1.679	-1.41781538378096
1.68	-1.41767360933597
1.681	-1.417531849072
1.682	-1.41739010298905
1.683	-1.41724837108711
1.684	-1.41710665336618
1.685	-1.41696494982626
1.686	-1.41682326046736
1.687	-1.41668158528947
1.688	-1.4165399242926
1.689	-1.41639827747674
1.69	-1.4162566448419
1.691	-1.41611502638807
1.692	-1.41597342211525
1.693	-1.41583183202345
1.694	-1.41569025611267
1.695	-1.41554869438289
1.696	-1.41540714683413
1.697	-1.41526561346639
1.698	-1.41512409407426
1.699	-1.41498258874128
1.7	-1.4148410975605
1.701	-1.41469962053191
1.702	-1.41455815765553
1.703	-1.41441670893134
1.704	-1.41427527435936
1.705	-1.41413385393957
1.706	-1.41399244767199
1.707	-1.4138510555566
1.708	-1.41370967759342
1.709	-1.41356831378243
1.71	-1.41342696412365
1.711	-1.41328562861706
1.712	-1.41314430726267
1.713	-1.41300300006048
1.714	-1.4128617070105
1.715	-1.41272042811272
1.716	-1.41257916336713
1.717	-1.41243791277374
1.718	-1.41229667623768
1.719	-1.41215545363183
1.72	-1.41201424514941
1.721	-1.4118730507904
1.722	-1.4117318705548
1.723	-1.41159070444263
1.724	-1.41144955245387
1.725	-1.41130841458852
1.726	-1.41116729084659
1.727	-1.41102618122808
1.728	-1.41088508573298
1.729	-1.41074400436131
1.73	-1.41060293711304
1.731	-1.41046188398819
1.732	-1.41032084498676
1.733	-1.41017982010875
1.734	-1.41003880935415
1.735	-1.40989781272297
1.736	-1.40975683021521
1.737	-1.40961586183086
1.738	-1.40947490756993
1.739	-1.40933396714418
1.74	-1.40919304079542
1.741	-1.40905212854133
1.742	-1.40891123038189
1.743	-1.40877034631712
1.744	-1.40862947634702
1.745	-1.40848862047158
1.746	-1.4083477786908
1.747	-1.40820695100469
1.748	-1.40806613741324
1.749	-1.40792533791646
1.75	-1.40778455251433
1.751	-1.40764378120688
1.752	-1.40750302399409
1.753	-1.40736228087596
1.754	-1.40722155185249
1.755	-1.40708083692369
1.756	-1.40694013608955
1.757	-1.40679944935008
1.758	-1.40665877670527
1.759	-1.40651811799232
1.76	-1.4063774732137
1.761	-1.40623684250102
1.762	-1.40609622585428
1.763	-1.40595562327349
1.764	-1.40581503475863
1.765	-1.40567446030972
1.766	-1.40553389992675
1.767	-1.40539335360972
1.768	-1.40525282135864
1.769	-1.4051123031735
1.77	-1.40497179905429
1.771	-1.40483130900104
1.772	-1.40469083301372
1.773	-1.40455037109234
1.774	-1.40440992323691
1.775	-1.40426948944742
1.776	-1.40412906972387
1.777	-1.40398866406626
1.778	-1.4038482724746
1.779	-1.4037078949128
1.78	-1.40356753114194
1.781	-1.40342718140834
1.782	-1.40328684571198
1.783	-1.40314652405287
1.784	-1.40300621643102
1.785	-1.40286592284642
1.786	-1.40272564329907
1.787	-1.40258537778896
1.788	-1.40244512631611
1.789	-1.40230488888051
1.79	-1.40216466548216
1.791	-1.40202445612105
1.792	-1.4018842607972
1.793	-1.4017440795106
1.794	-1.40160391226125
1.795	-1.40146375904915
1.796	-1.4013236198743
1.797	-1.4011834947367
1.798	-1.40104338363635
1.799	-1.40090328657325
1.8	-1.40076320334019
1.801	-1.40062313402447
1.802	-1.40048307871735
1.803	-1.40034303741882
1.804	-1.40020301012888
1.805	-1.40006299684753
1.806	-1.39992299757477
1.807	-1.39978301231059
1.808	-1.39964304105501
1.809	-1.39950308380802
1.81	-1.39936314056961
1.811	-1.3992232113398
1.812	-1.39908329611858
1.813	-1.39894339490595
1.814	-1.3988035077019
1.815	-1.39866363450645
1.816	-1.39852377531959
1.817	-1.39838393014132
1.818	-1.39824409897163
1.819	-1.39810428181054
1.82	-1.39796447859116
1.821	-1.39782468913331
1.822	-1.39768491365543
1.823	-1.39754515215751
1.824	-1.39740540463955
1.825	-1.39726567110154
1.826	-1.3971259515435
1.827	-1.39698624596542
1.828	-1.39684655436729
1.829	-1.39670687674913
1.83	-1.39656721311093
1.831	-1.39642756345269
1.832	-1.39628792777441
1.833	-1.39614830607609
1.834	-1.39600869835772
1.835	-1.39586910461932
1.836	-1.39572952486088
1.837	-1.3955899590824
1.838	-1.39545040728388
1.839	-1.39531086946532
1.84	-1.39517134562672
1.841	-1.395031835541
1.842	-1.39489233933352
1.843	-1.3947528570774
1.844	-1.39461338877263
1.845	-1.39447393441923
1.846	-1.39433449401719
1.847	-1.39419506756651
1.848	-1.39405565506719
1.849	-1.39391625651924
1.85	-1.39377687192264
1.851	-1.39363750127741
1.852	-1.39349814458354
1.853	-1.39335880184103
1.854	-1.39321947304988
1.855	-1.39308015821009
1.856	-1.39294085732166
1.857	-1.39280157038459
1.858	-1.39266229739889
1.859	-1.39252303836454
1.86	-1.39238379328156
1.861	-1.392244562076
1.862	-1.39210534458123
1.863	-1.39196614100925
1.864	-1.39182695136007
1.865	-1.39168777563368
1.866	-1.39154861383008
1.867	-1.39140946594928
1.868	-1.39127033199127
1.869	-1.39113121195605
1.87	-1.39099210584362
1.871	-1.39085301365399
1.872	-1.39071393538715
1.873	-1.3905748710431
1.874	-1.39043582062184
1.875	-1.39029678412338
1.876	-1.39015776154772
1.877	-1.39001875289484
1.878	-1.38987975816475
1.879	-1.38974077735746
1.88	-1.38960181047296
1.881	-1.38946285751126
1.882	-1.38932391825047
1.883	-1.38918499280614
1.884	-1.38904608125607
1.885	-1.38890718360026
1.886	-1.3887682998387
1.887	-1.38862942997139
1.888	-1.38849057399834
1.889	-1.38835173191954
1.89	-1.388212903735
1.891	-1.38807408944472
1.892	-1.38793528904869
1.893	-1.38779650254691
1.894	-1.38765772993939
1.895	-1.38751897122613
1.896	-1.38738022640712
1.897	-1.38724149548236
1.898	-1.38710277845186
1.899	-1.38696407531561
1.9	-1.38682538607362
1.901	-1.38668671072589
1.902	-1.38654804921539
1.903	-1.38640940134337
1.904	-1.3862707673371
1.905	-1.38613214719657
1.906	-1.38599354092179
1.907	-1.38585494851276
1.908	-1.38571636996948
1.909	-1.38557780529194
1.91	-1.38543925448015
1.911	-1.38530071753411
1.912	-1.38516219445381
1.913	-1.38502368523926
1.914	-1.38488518989047
1.915	-1.38474670840741
1.916	-1.38460824079011
1.917	-1.38446978703855
1.918	-1.38433134715274
1.919	-1.38419292113268
1.92	-1.38405450897837
1.921	-1.3839161106898
1.922	-1.38377772626698
1.923	-1.3836393555183
1.924	-1.38350099850167
1.925	-1.3833626553223
1.926	-1.3832243259802
1.927	-1.38308601047538
1.928	-1.38294770880782
1.929	-1.38280942097754
1.93	-1.38267114698453
1.931	-1.3825328868288
1.932	-1.38239464051032
1.933	-1.38225640802913
1.934	-1.3821181893852
1.935	-1.38197998457855
1.936	-1.38184179360917
1.937	-1.38170361647706
1.938	-1.38156545318221
1.939	-1.38142730372464
1.94	-1.38128916810435
1.941	-1.38115104632132
1.942	-1.38101293837557
1.943	-1.38087484425067
1.944	-1.38073676367066
1.945	-1.38059869689948
1.946	-1.38046064393712
1.947	-1.38032260478359
1.948	-1.38018457943888
1.949	-1.380046567903
1.95	-1.37990857017594
1.951	-1.37977058625771
1.952	-1.37963261614831
1.953	-1.37949465984773
1.954	-1.37935671735597
1.955	-1.37921878867305
1.956	-1.37908087379894
1.957	-1.37894297273367
1.958	-1.37880508547722
1.959	-1.37866721202959
1.96	-1.37852935239079
1.961	-1.37839150656082
1.962	-1.37825367453967
1.963	-1.37811585632735
1.964	-1.37797805178696
1.965	-1.37784026087213
1.966	-1.37770248373771
1.967	-1.3775647203837
1.968	-1.3774269708101
1.969	-1.37728923501691
1.97	-1.37715151300413
1.971	-1.37701380477176
1.972	-1.37687611031981
1.973	-1.37673842964826
1.974	-1.37660076275712
1.975	-1.37646310964639
1.976	-1.37632547031608
1.977	-1.37618784476617
1.978	-1.37605023299667
1.979	-1.37591263500759
1.98	-1.37577505079891
1.981	-1.37563748037064
1.982	-1.37549992372279
1.983	-1.37536238085534
1.984	-1.3752248517683
1.985	-1.37508733620618
1.986	-1.37494983434905
1.987	-1.37481234624395
1.988	-1.37467487189088
1.989	-1.37453741128983
1.99	-1.37439996444081
1.991	-1.37426253134382
1.992	-1.37412511199885
1.993	-1.37398770640591
1.994	-1.37385031456499
1.995	-1.3737129364761
1.996	-1.37357557213924
1.997	-1.3734382215544
1.998	-1.37330088472158
1.999	-1.3731635616408
2	-1.37302625231204
