0	0.5
0.001	0.598595070026864
0.002	0.697180280067657
0.003	0.79575563203403
0.004	0.894321127537978
0.005	0.992876765770887
0.006	0.998654868610772
0.007	0.997205075617808
0.008	0.995755427620626
0.009	0.994305924628069
0.01	0.992856566648777
0.011	0.991407353691327
0.012	0.989958285413473
0.013	0.988509362384624
0.014	0.987060584380264
0.015	0.98561195140866
0.016	0.984163463477907
0.017	0.982715120595984
0.018	0.981266922770784
0.019	0.979818868485229
0.02	0.978370960521478
0.021	0.976923197615839
0.022	0.975475579775827
0.023	0.974028107008969
0.024	0.972580779322539
0.025	0.971133596723892
0.026	0.969686556548684
0.027	0.968239660242204
0.028	0.966792908640795
0.029	0.965346301752306
0.03	0.9638998395844
0.031	0.962453522144806
0.032	0.961007349104988
0.033	0.959561321010149
0.034	0.958115437644313
0.035	0.956669699014865
0.036	0.95522410512883
0.037	0.953778655993377
0.038	0.952333351615492
0.039	0.950888190542816
0.04	0.949443175436897
0.041	0.947998305088066
0.042	0.946553579502887
0.043	0.945108998687859
0.044	0.943664562649597
0.045	0.942220271394272
0.046	0.940776123229686
0.047	0.93933211782209
0.048	0.93788825682937
0.049	0.936444540258552
0.05	0.935000968116347
0.051	0.933557540195276
0.052	0.932114256822885
0.053	0.930671117878259
0.054	0.929228123367785
0.055	0.927785273297914
0.056	0.926342567674862
0.057	0.924900006504845
0.058	0.923457589793871
0.059	0.922015317547928
0.06	0.920573188126287
0.061	0.919131204555968
0.062	0.917689365448091
0.063	0.91624767080828
0.064	0.914806120642144
0.065	0.91336471495506
0.066	0.911923453013008
0.067	0.91048233272815
0.068	0.909041356568758
0.069	0.907600524540712
0.07	0.906159836527218
0.071	0.90471929269702
0.072	0.903278892995677
0.073	0.901838637428779
0.074	0.900398526001944
0.075	0.898958558720662
0.076	0.897518735590219
0.077	0.896079056615906
0.078	0.894639521802955
0.079	0.893200131156334
0.08	0.891760883109527
0.081	0.890321780550869
0.082	0.888882822154226
0.083	0.887444007924275
0.084	0.886005337865738
0.085	0.884566811983128
0.086	0.883128430486684
0.087	0.881690189560075
0.088	0.880252092470009
0.089	0.878814139162755
0.09	0.877376329701485
0.091	0.875938664072537
0.092	0.874501142280724
0.093	0.873063764330852
0.094	0.871626530227596
0.095	0.870189439975458
0.096	0.868752493578897
0.097	0.867315691042387
0.098	0.865879032370163
0.099	0.864442517566305
0.1	0.863006145137229
0.101	0.86156991783512
0.102	0.860133834395345
0.103	0.858697894821623
0.104	0.857262099117901
0.105	0.855826447287793
0.106	0.854390940471576
0.107	0.852955573150221
0.108	0.851520349357798
0.109	0.850085269099139
0.11	0.848650332378654
0.111	0.847215539200311
0.112	0.8457808895681
0.113	0.844346383485922
0.114	0.842912020957498
0.115	0.841477801986565
0.116	0.840043726576714
0.117	0.838609794731404
0.118	0.837176006454063
0.119	0.835742361747972
0.12	0.834308859191015
0.121	0.83287550140174
0.122	0.831442287175789
0.123	0.830009216516248
0.124	0.828576289425941
0.125	0.827143505907809
0.126	0.825710865964491
0.127	0.82427836855851
0.128	0.822846012343253
0.129	0.821413799374197
0.13	0.819981729654612
0.131	0.818549803187707
0.132	0.817118019976607
0.133	0.815686380024259
0.134	0.814254883333572
0.135	0.812823529907381
0.136	0.81139231974838
0.137	0.809961252859245
0.138	0.808530329242475
0.139	0.807099548900513
0.14	0.80566891183579
0.141	0.804238416472895
0.142	0.802808065729391
0.143	0.801377858253235
0.144	0.799947794046582
0.145	0.798517873111301
0.146	0.797088095449381
0.147	0.795658461077708
0.148	0.794228966710177
0.149	0.792799615301694
0.15	0.791370406854787
0.151	0.789941341371678
0.152	0.788512418854598
0.153	0.787083639305722
0.154	0.785655002727078
0.155	0.784226509120635
0.156	0.782798158488233
0.157	0.781369950831659
0.158	0.779941886152586
0.159	0.778513964452715
0.16	0.777086184449057
0.161	0.775658548500238
0.162	0.774231055519208
0.163	0.772803705507282
0.164	0.771376498465857
0.165	0.769949434395946
0.166	0.768522513298687
0.167	0.767095736228165
0.168	0.76566909799024
0.169	0.764242602424946
0.17	0.762816249533751
0.171	0.761390039318182
0.172	0.759963971779629
0.173	0.758538046919285
0.174	0.757112264738391
0.175	0.755686625238147
0.176	0.754261128419449
0.177	0.752835774283366
0.178	0.751410562830625
0.179	0.749985493031514
0.18	0.748560566762584
0.181	0.747135783164222
0.182	0.745711142237166
0.183	0.744286643981763
0.184	0.742862288398601
0.185	0.741438075487999
0.186	0.740014005250131
0.187	0.738590079758606
0.188	0.737166291943712
0.189	0.735742646515505
0.19	0.734319143474677
0.191	0.732895782821885
0.192	0.731472564557645
0.193	0.730049488682438
0.194	0.728626554883829
0.195	0.727203763684123
0.196	0.725781114859793
0.197	0.724358608411181
0.198	0.722936244338313
0.199	0.721514022641265
0.2	0.720091943320028
0.201	0.718670006374363
0.202	0.717248211804192
0.203	0.715826559609124
0.204	0.714405049788905
0.205	0.71298368234297
0.206	0.71156245727087
0.207	0.71014137457192
0.208	0.708720434559168
0.209	0.707299633559316
0.21	0.705878974646637
0.211	0.704458457820968
0.212	0.703038083082122
0.213	0.701617850429915
0.214	0.700197759863827
0.215	0.698777811383529
0.216	0.697358004988475
0.217	0.695938340678022
0.218	0.694518818451513
0.219	0.693099438308231
0.22	0.691680200247284
0.221	0.690261104267816
0.222	0.688842150368733
0.223	0.687423338549047
0.224	0.686004668807551
0.225	0.684586141143006
0.226	0.683167755554143
0.227	0.681749512039563
0.228	0.680331412053161
0.229	0.678913449813493
0.23	0.677495629376338
0.231	0.676077950740647
0.232	0.674660413905538
0.233	0.673243018869812
0.234	0.671825765632431
0.235	0.67040865419206
0.236	0.668991684547389
0.237	0.667574856697049
0.238	0.666158170639629
0.239	0.664741626373491
0.24	0.663325223897065
0.241	0.661908963208651
0.242	0.660492844306438
0.243	0.659076867188641
0.244	0.65766103185332
0.245	0.656245338298486
0.246	0.654829788726451
0.247	0.653414378966057
0.248	0.651999110871084
0.249	0.650583981719739
0.25	0.649168994086684
0.251	0.647754147970335
0.252	0.646339443368755
0.253	0.644924880280126
0.254	0.643510458702494
0.255	0.642096178633848
0.256	0.640682040072164
0.257	0.639268043015143
0.258	0.637854187460661
0.259	0.63644047340639
0.26	0.635026900849888
0.261	0.633613469788762
0.262	0.632200180220419
0.263	0.630787032142289
0.264	0.629374025551753
0.265	0.627961162298743
0.266	0.626548438888411
0.267	0.625135856968335
0.268	0.623723416535428
0.269	0.622311115957701
0.27	0.620898955457532
0.271	0.619486936178099
0.272	0.618075058186618
0.273	0.616663321387017
0.274	0.61525172581179
0.275	0.613840271458155
0.276	0.612428958323312
0.277	0.611017786404287
0.278	0.609606755698156
0.279	0.608195866201813
0.28	0.606785117912119
0.281	0.605374510825945
0.282	0.603964044939931
0.283	0.602553720250843
0.284	0.601143536755196
0.285	0.599733496181356
0.286	0.598323595261391
0.287	0.596913835534695
0.288	0.595504216997428
0.289	0.594094739437584
0.29	0.59268540043369
0.291	0.591276202367616
0.292	0.58986714523608
0.293	0.588458229035835
0.294	0.587049453763398
0.295	0.585640819415401
0.296	0.584232326289392
0.297	0.58282397386431
0.298	0.581415762363175
0.299	0.580007691782204
0.3	0.578599762117532
0.301	0.577191973365207
0.302	0.575784325521301
0.303	0.574376818581736
0.304	0.572969452542422
0.305	0.571562229012813
0.306	0.570155144946768
0.307	0.568748201777809
0.308	0.567341399501454
0.309	0.565934739294698
0.31	0.564528216149787
0.311	0.563121833660344
0.312	0.561715591822296
0.313	0.560309490631674
0.314	0.55890353008437
0.315	0.557497710176261
0.316	0.556092030902999
0.317	0.554686492260336
0.318	0.553281094691915
0.319	0.551875837394966
0.32	0.550470720724766
0.321	0.549065744676597
0.322	0.547660909245777
0.323	0.546256214427631
0.324	0.544851660217337
0.325	0.54344724810839
0.326	0.542042975271004
0.327	0.54063884303555
0.328	0.539234851396792
0.329	0.537831000349724
0.33	0.536427289975269
0.331	0.535023717428003
0.332	0.533620285240537
0.333	0.532216993463621
0.334	0.530813842017812
0.335	0.5294108309265
0.336	0.52800796018468
0.337	0.526605229787489
0.338	0.525202639729778
0.339	0.523800190512429
0.34	0.522397881217375
0.341	0.520995712254865
0.342	0.519593683619461
0.343	0.518191795305877
0.344	0.516790047308532
0.345	0.515388439621942
0.346	0.513986973785279
0.347	0.512585646870209
0.348	0.51118446025706
0.349	0.509783413939851
0.35	0.50838250950673
0.351	0.506981741296871
0.352	0.505581113165506
0.353	0.504180625107393
0.354	0.502780277117061
0.355	0.501380069317326
0.356	0.499980001496014
0.357	0.49858007373388
0.358	0.497180286025257
0.359	0.495780638364345
0.36	0.494381130745283
0.361	0.492981763819607
0.362	0.491582536373346
0.363	0.490183448958744
0.364	0.488784501569785
0.365	0.487385694200184
0.366	0.485987028266425
0.367	0.484588501070324
0.368	0.483190113882057
0.369	0.481791866695231
0.37	0.480393759503332
0.371	0.478995793090158
0.372	0.477597963413319
0.373	0.476200273527721
0.374	0.474802723427864
0.375	0.47340531310766
0.376	0.472008042560812
0.377	0.470610911999977
0.378	0.469213921042008
0.379	0.467817069845712
0.38	0.466420358404681
0.381	0.465023786712423
0.382	0.463627355463819
0.383	0.462231063353996
0.384	0.460834910979927
0.385	0.459438898334823
0.386	0.458043026715763
0.387	0.456647293648237
0.388	0.455251700295618
0.389	0.453856246650731
0.39	0.452460934787072
0.391	0.451065760863895
0.392	0.449670724042161
0.393	0.448275826724583
0.394	0.446881068904527
0.395	0.445486450646158
0.396	0.444091971835195
0.397	0.44269763250808
0.398	0.441303432914389
0.399	0.439909372596405
0.4	0.438515451747721
0.401	0.437121670361288
0.402	0.435728029070409
0.403	0.434334526682391
0.404	0.432941163741105
0.405	0.431547940239133
0.406	0.430154857358016
0.407	0.428761912840041
0.408	0.427369107744939
0.409	0.425976442065036
0.41	0.424583917688048
0.411	0.423191530973909
0.412	0.421799283359973
0.413	0.420407173046258
0.414	0.419015201949526
0.415	0.417623370062854
0.416	0.41623167747626
0.417	0.414840124024903
0.418	0.413448709767099
0.419	0.412057434695366
0.42	0.410666299154858
0.421	0.409275302500514
0.422	0.407884445014912
0.423	0.406493727358184
0.424	0.405103148278725
0.425	0.403712708349903
0.426	0.402322408641177
0.427	0.400932247105077
0.428	0.399542224700665
0.429	0.398152342998257
0.43	0.396762598970833
0.431	0.395372994055627
0.432	0.393983529871881
0.433	0.392594200987683
0.434	0.391205011035708
0.435	0.389815960042652
0.436	0.388427047953418
0.437	0.387038274777946
0.438	0.385649640670885
0.439	0.384261145343485
0.44	0.382872788910787
0.441	0.381484571744815
0.442	0.380096493143333
0.443	0.378708553416678
0.444	0.377320753241239
0.445	0.375933091326772
0.446	0.374545569236331
0.447	0.373158185125538
0.448	0.371770939856473
0.449	0.370383834839973
0.45	0.368996867351901
0.451	0.367610038683846
0.452	0.366223350775351
0.453	0.364836799310282
0.454	0.363450384958645
0.455	0.362064109252105
0.456	0.360677972234891
0.457	0.359291973818366
0.458	0.357906114026204
0.459	0.356520393036647
0.46	0.355134810512151
0.461	0.353749366931183
0.462	0.352364061663287
0.463	0.350978894984897
0.464	0.349593867499245
0.465	0.348208978051555
0.466	0.346824228036505
0.467	0.345439615805799
0.468	0.344055142127804
0.469	0.342670808259711
0.47	0.341286611769345
0.471	0.339902555422042
0.472	0.338518636103139
0.473	0.337134856976171
0.474	0.335751212674774
0.475	0.334367706750149
0.476	0.332984339177865
0.477	0.331601109954392
0.478	0.330218019167152
0.479	0.328835066644462
0.48	0.327452252653506
0.481	0.326069576816194
0.482	0.324687039644723
0.483	0.323304640476228
0.484	0.321922380145481
0.485	0.320540257628229
0.486	0.319158273391376
0.487	0.317776428272838
0.488	0.316394720652997
0.489	0.31501315240756
0.49	0.313631721384858
0.491	0.312250430027035
0.492	0.310869275580555
0.493	0.309488261122955
0.494	0.308107383398756
0.495	0.306726641703822
0.496	0.305346038084289
0.497	0.30396557257143
0.498	0.302585245093798
0.499	0.301205055779621
0.5	0.299825004424108
0.501	0.298445091323394
0.502	0.297065316069331
0.503	0.295685679194962
0.504	0.294306180020697
0.505	0.292926819383576
0.506	0.291547596266546
0.507	0.290168511875787
0.508	0.288789565689799
0.509	0.287410756655449
0.51	0.286032086736167
0.511	0.284653553703494
0.512	0.283275160055214
0.513	0.281896902998334
0.514	0.280518785623472
0.515	0.279140803572378
0.516	0.277762958400822
0.517	0.276385251013445
0.518	0.275007681457278
0.519	0.273630249636512
0.52	0.272252955702156
0.521	0.270875799423212
0.522	0.269498781115439
0.523	0.268121900665512
0.524	0.266745157674523
0.525	0.265368552864483
0.526	0.263992085354282
0.527	0.262615756184203
0.528	0.26123956490151
0.529	0.259863510595553
0.53	0.25848759495867
0.531	0.25711181722522
0.532	0.255736176071259
0.533	0.254360673984903
0.534	0.252985308203509
0.535	0.251610082004815
0.536	0.250234989756361
0.537	0.248860035016167
0.538	0.247485217803759
0.539	0.246110538125966
0.54	0.244735995884762
0.541	0.243361591247887
0.542	0.241987324161209
0.543	0.240613194366213
0.544	0.239239202320894
0.545	0.237865347838454
0.546	0.236491630433422
0.547	0.235118050988596
0.548	0.233744609116479
0.549	0.232371304822962
0.55	0.230998137199196
0.551	0.229625107936633
0.552	0.228252216258723
0.553	0.226879460883871
0.554	0.22550684422333
0.555	0.224134365150791
0.556	0.222762022057882
0.557	0.221389814470473
0.558	0.220017744117128
0.559	0.218645811004124
0.56	0.217274015137159
0.561	0.215902356410054
0.562	0.214530834999496
0.563	0.2131594508406
0.564	0.21178820393769
0.565	0.210417094294574
0.566	0.209046121504192
0.567	0.207675286300501
0.568	0.206304588357719
0.569	0.204934027678403
0.57	0.203563604264641
0.571	0.202193318118202
0.572	0.20082316823618
0.573	0.199453156495231
0.574	0.198083282017455
0.575	0.196713544803225
0.576	0.195343945407212
0.577	0.193974479487693
0.578	0.192605150516266
0.579	0.191235958495522
0.58	0.189866903427868
0.581	0.188497985315197
0.582	0.18712920415908
0.583	0.185760559960763
0.584	0.18439205272113
0.585	0.183023682440771
0.586	0.181655449119722
0.587	0.180287352350966
0.588	0.17891939286831
0.589	0.177551570337186
0.59	0.176183884756519
0.591	0.174816336125102
0.592	0.173448924441258
0.593	0.172081649702936
0.594	0.170714511907842
0.595	0.16934751105342
0.596	0.167980647136671
0.597	0.166613920403373
0.598	0.165247327344351
0.599	0.16388087095081
0.6	0.162514551222011
0.601	0.161148368156621
0.602	0.159782321753253
0.603	0.158416412009963
0.604	0.157050639088847
0.605	0.155685002705933
0.606	0.154319502981259
0.607	0.152954139911796
0.608	0.151588913494013
0.609	0.150223823724218
0.61	0.148858870598468
0.611	0.147494054112375
0.612	0.146129374261461
0.613	0.144764831851005
0.614	0.143400425347505
0.615	0.142036155467932
0.616	0.140672022206507
0.617	0.139308025557155
0.618	0.137944165163732
0.619	0.136580438940062
0.62	0.135216849097055
0.621	0.133853395664469
0.622	0.132490078590091
0.623	0.131126897887575
0.624	0.129763853551973
0.625	0.128400945736801
0.626	0.127038174157946
0.627	0.125675538933442
0.628	0.124313040369271
0.629	0.122950677886769
0.63	0.121588451743122
0.631	0.120226362440459
0.632	0.118864409016961
0.633	0.117502592588006
0.634	0.116140911868664
0.635	0.114779367457048
0.636	0.113417960279773
0.637	0.112056688538947
0.638	0.110695554223318
0.639	0.109334553255452
0.64	0.107973687852771
0.641	0.106612958561962
0.642	0.105252365352268
0.643	0.103891908280868
0.644	0.102531587249283
0.645	0.101171402399978
0.646	0.099811353682612
0.647	0.0984514408993012
0.648	0.0970916644041313
0.649	0.0957320237515344
0.65	0.094372519469593
0.651	0.0930131513224988
0.652	0.091653919310631
0.653	0.0902948228888134
0.654	0.088935863066683
0.655	0.0875770393720365
0.656	0.0862183518020858
0.657	0.0848597995047265
0.658	0.0835013840823274
0.659	0.0821431049094281
0.66	0.0807849585099483
0.661	0.0794269479334255
0.662	0.0780690731805663
0.663	0.0767113342515781
0.664	0.0753537311455522
0.665	0.073996263861183
0.666	0.0726389323961598
0.667	0.0712817367477778
0.668	0.0699246769123582
0.669	0.0685677528857407
0.67	0.0672109646630714
0.671	0.0658543122387917
0.672	0.0644977959617849
0.673	0.0631414151636847
0.674	0.0617851701457255
0.675	0.0604290608998526
0.676	0.0590730879948872
0.677	0.0577172503221942
0.678	0.0563615491038744
0.679	0.0550059829701864
0.68	0.0536505523086308
0.681	0.0522952550226448
0.682	0.0509400932782755
0.683	0.0495850670793999
0.684	0.0482301763950905
0.685	0.0468754212744129
0.686	0.0455208016982304
0.687	0.0441663176647839
0.688	0.0428119691709225
0.689	0.0414577562121722
0.69	0.0401036787828947
0.691	0.0387497368762436
0.692	0.0373959304842337
0.693	0.0360422598742468
0.694	0.0346887245173833
0.695	0.0333353246453378
0.696	0.0319820606347536
0.697	0.0306289321620024
0.698	0.0292759387364658
0.699	0.027923081250267
0.7	0.0265703592525467
0.701	0.0252177713044543
0.702	0.0238653171589782
0.703	0.0225129982701788
0.704	0.0211608146480677
0.705	0.0198087662889663
0.706	0.0184568531542984
0.707	0.0171050753402521
0.708	0.0157534327339131
0.709	0.0144019254299546
0.71	0.0130505533676236
0.711	0.0116993165289727
0.712	0.0103482150051957
0.713	0.00899724869559452
0.714	0.00764641763281288
0.715	0.00629572181969285
0.716	0.00494516145378646
0.717	0.00359473616276384
0.718	0.00224444612000443
0.719	0.000894291324440464
0.72	0.0333019632639521
0.721	0.131943700521985
0.722	0.230575572764797
0.723	0.329197583651183
0.724	0.427809732242266
0.725	0.526412019734967
0.726	0.625004448425345
0.727	0.723587016802041
0.728	0.82215972922053
0.729	0.920722584023821
0.73	0.99971639172859
0.731	0.9982664925895
0.732	0.996816738431724
0.733	0.995367129265769
0.734	0.993917665100737
0.735	0.992468345945144
0.736	0.991019171807615
0.737	0.989570142696546
0.738	0.988121258131467
0.739	0.986672518934981
0.74	0.985223924767473
0.741	0.983775475636985
0.742	0.982327171551616
0.743	0.980879012519141
0.744	0.979430998547461
0.745	0.9779831296442
0.746	0.976535403721065
0.747	0.975087824657979
0.748	0.973640390664204
0.749	0.972193101747162
0.75	0.970745958743985
0.751	0.969298956502377
0.752	0.967852098953445
0.753	0.966405386105806
0.754	0.964958817967303
0.755	0.963512394545601
0.756	0.96206611584841
0.757	0.960619981883167
0.758	0.95917399218915
0.759	0.957728147553698
0.76	0.956282447650817
0.761	0.954836892487617
0.762	0.95339148207121
0.763	0.951946216408579
0.764	0.950501095506496
0.765	0.949056119371886
0.766	0.947611286005788
0.767	0.946166599119978
0.768	0.944722057000662
0.769	0.943277659654215
0.77	0.941833407086924
0.771	0.940389297607796
0.772	0.938945330880399
0.773	0.937501508564199
0.774	0.936057830666011
0.775	0.934614297192683
0.776	0.933170908150829
0.777	0.93172766354709
0.778	0.930284562940034
0.779	0.928841607082661
0.78	0.927398795662096
0.781	0.925956128684509
0.782	0.924513606156215
0.783	0.923071228083111
0.784	0.921628994471284
0.785	0.920186905326492
0.786	0.918744960654562
0.787	0.917303158252285
0.788	0.915861502230842
0.789	0.914419990679229
0.79	0.912978623602844
0.791	0.911537400268251
0.792	0.910096318586507
0.793	0.908655381026314
0.794	0.907214587593782
0.795	0.905773938294634
0.796	0.904333433134726
0.797	0.902893072119709
0.798	0.901452854827109
0.799	0.900012781976211
0.8	0.89857285326706
0.801	0.897133068704982
0.802	0.895693428295179
0.803	0.894253932042901
0.804	0.892814579953199
0.805	0.891375372031016
0.806	0.889936308281184
0.807	0.888497386600644
0.808	0.887058610911925
0.809	0.885619979390729
0.81	0.884181492041704
0.811	0.8827431490749
0.812	0.881304946674351
0.813	0.879866888106478
0.814	0.878428973376369
0.815	0.876991202488946
0.816	0.875553575449148
0.817	0.874116091969694
0.818	0.87267875252256
0.819	0.871241556918206
0.82	0.869804505161212
0.821	0.868367597255975
0.822	0.866930833206981
0.823	0.865494213018396
0.824	0.864057736694512
0.825	0.862621404239255
0.826	0.861185215656772
0.827	0.85974917095084
0.828	0.858313267832757
0.829	0.856877510589408
0.83	0.855441897215911
0.831	0.854006428851789
0.832	0.852571099979585
0.833	0.851135914651745
0.834	0.849700872872388
0.835	0.848265974645671
0.836	0.846831219789642
0.837	0.845396608587169
0.838	0.84396214093087
0.839	0.842527816824577
0.84	0.841093636271914
0.841	0.83965959927657
0.842	0.838225705841891
0.843	0.836791955971352
0.844	0.835358349668296
0.845	0.83392488693588
0.846	0.832491567777285
0.847	0.83105839219545
0.848	0.829625360193344
0.849	0.828192469305552
0.85	0.826759724167125
0.851	0.825327124651742
0.852	0.823894663566481
0.853	0.822462345737831
0.854	0.821030171115611
0.855	0.819598139756712
0.856	0.818166251646729
0.857	0.816734506788665
0.858	0.815302905185521
0.859	0.813871446840217
0.86	0.812440131755634
0.861	0.811008959934399
0.862	0.809577931379254
0.863	0.808147046092591
0.864	0.80671630407698
0.865	0.805285705334706
0.866	0.803855249868069
0.867	0.80242493767922
0.868	0.800994768770257
0.869	0.799564743143213
0.87	0.798134858166817
0.871	0.796705118804235
0.872	0.79527552272808
0.873	0.793846066652284
0.874	0.792416753531774
0.875	0.790987583368964
0.876	0.789558556166189
0.877	0.788129671925624
0.878	0.786700930649384
0.879	0.785272332339621
0.88	0.783843876998196
0.881	0.782415564627031
0.882	0.780987395227857
0.883	0.779559368802418
0.884	0.778131485352248
0.885	0.776703744878941
0.886	0.775276147383895
0.887	0.773848692868452
0.888	0.772421381333816
0.889	0.770994212781233
0.89	0.769567187211725
0.891	0.7681403046263
0.892	0.766713562988665
0.893	0.765286962966117
0.894	0.763860505612339
0.895	0.762434190928859
0.896	0.761008018917158
0.897	0.759581989578642
0.898	0.758156102914581
0.899	0.75673035892616
0.9	0.755304757614513
0.901	0.753879298980651
0.902	0.752453983025553
0.903	0.751028809750035
0.904	0.74960377915488
0.905	0.748178891240781
0.906	0.746754146008331
0.907	0.745329543458084
0.908	0.74390508359045
0.909	0.742480766405807
0.91	0.741056591904332
0.911	0.739632560086341
0.912	0.738208670100823
0.913	0.736784920424981
0.914	0.735361313132017
0.915	0.733937848222575
0.916	0.732514525697395
0.917	0.73109134555698
0.918	0.729668307801724
0.919	0.72824541243199
0.92	0.726822659448169
0.921	0.725400048850426
0.922	0.723977580638845
0.923	0.72255525481346
0.924	0.721133071374298
0.925	0.719711030321219
0.926	0.718289131653991
0.927	0.716867375372329
0.928	0.715445761475843
0.929	0.714024289964105
0.93	0.712602960836602
0.931	0.711181774092758
0.932	0.709760730045864
0.933	0.708339825021659
0.934	0.706919062095022
0.935	0.705498441265821
0.936	0.704077962533835
0.937	0.702657625898855
0.938	0.701237431360394
0.939	0.699817378918139
0.94	0.698397468571556
0.941	0.696977700319914
0.942	0.695558074162668
0.943	0.694138590099039
0.944	0.69271924812812
0.945	0.691300048249034
0.946	0.689880990460823
0.947	0.68846207476233
0.948	0.68704330115245
0.949	0.685624669629931
0.95	0.684206180193483
0.951	0.682787832841666
0.952	0.681369627573088
0.953	0.679951562973102
0.954	0.678533638716498
0.955	0.677115856258602
0.956	0.675698215598379
0.957	0.674280716734889
0.958	0.672863359667106
0.959	0.671446144393794
0.96	0.670029070913684
0.961	0.668612139225533
0.962	0.66719534932792
0.963	0.66577870193957
0.964	0.664362195760704
0.965	0.662945831380212
0.966	0.661529608796339
0.967	0.660113528007191
0.968	0.658697589010904
0.969	0.65728179180548
0.97	0.655866136388715
0.971	0.654450622758613
0.972	0.653035250912933
0.973	0.651620020728903
0.974	0.650204929484694
0.975	0.648789979755088
0.976	0.647375171538245
0.977	0.645960504832501
0.978	0.644545979635927
0.979	0.643131595946526
0.98	0.641717353762359
0.981	0.640303253081329
0.982	0.638889293901273
0.983	0.637475476219882
0.984	0.636061800034954
0.985	0.63464826629809
0.986	0.633234873255162
0.987	0.631821621712784
0.988	0.630408511668307
0.989	0.628995543118944
0.99	0.627582716061875
0.991	0.62617003049425
0.992	0.624757486413116
0.993	0.623345084961816
0.994	0.621932821069645
0.995	0.620520698408484
0.996	0.619108716975895
0.997	0.617696876769245
0.998	0.616285177785933
0.999	0.614873620023225
1	0.613462203478327
1.001	0.612050928148468
1.002	0.610639794030717
1.003	0.609228801122063
1.004	0.607817949419423
1.005	0.606407238919667
1.006	0.60499666961967
1.007	0.603586242711643
1.008	0.602175955968667
1.009	0.600765810425984
1.01	0.599355806080036
1.011	0.597945942927224
1.012	0.59653622096392
1.013	0.595126640186259
1.014	0.593717200382393
1.015	0.592307899130691
1.016	0.590898738813059
1.017	0.589489719491388
1.018	0.588080841074752
1.019	0.586672103592743
1.02	0.585263507041905
1.021	0.583855051418592
1.022	0.582446736719186
1.023	0.58103856293997
1.024	0.579630530077175
1.025	0.578222638126906
1.026	0.576814887085294
1.027	0.575407276948356
1.028	0.573999808982497
1.029	0.572592480808341
1.03	0.571185293536275
1.031	0.569778247161892
1.032	0.568371341680851
1.033	0.566964577088737
1.034	0.565557954561935
1.035	0.564151469093712
1.036	0.562745124277168
1.037	0.561338920108323
1.038	0.559932856583229
1.039	0.558526933697694
1.04	0.557121151658099
1.041	0.555715510108071
1.042	0.554310009194464
1.043	0.552904648912807
1.044	0.55149942925871
1.045	0.550094350227555
1.046	0.548689411814726
1.047	0.547284614015598
1.048	0.54587995800546
1.049	0.544475441573087
1.05	0.543071065748894
1.051	0.541666830527925
1.052	0.540262735905103
1.053	0.538858781875364
1.054	0.537454968433482
1.055	0.536051295660568
1.056	0.534647760719997
1.057	0.533244366144494
1.058	0.531841111929422
1.059	0.530437998070023
1.06	0.529035024561421
1.061	0.527632191398673
1.062	0.526229498909355
1.063	0.524826946504677
1.064	0.523424534439387
1.065	0.522022262708181
1.066	0.520620131305737
1.067	0.519218140226836
1.068	0.517816289465976
1.069	0.516414580251693
1.07	0.515013010260686
1.071	0.513611580579282
1.072	0.51221029120183
1.073	0.510809142122544
1.074	0.509408133335534
1.075	0.508007266427797
1.076	0.506606535740562
1.077	0.505205945128169
1.078	0.503805494636962
1.079	0.502405184191533
1.08	0.501005013812905
1.081	0.499604983495461
1.082	0.498205093233502
1.083	0.496805343021373
1.084	0.49540573331898
1.085	0.494006263279962
1.086	0.49260693328102
1.087	0.491207743316135
1.088	0.489808693379253
1.089	0.488409784601232
1.09	0.487011014840179
1.091	0.485612385096064
1.092	0.484213895362549
1.093	0.482815545633234
1.094	0.481417337987936
1.095	0.480019268430998
1.096	0.478621337194723
1.097	0.477223544961082
1.098	0.475825892515649
1.099	0.474428379852309
1.1	0.473031007082891
1.101	0.471633774011153
1.102	0.470236680710191
1.103	0.468839727173672
1.104	0.467442913395259
1.105	0.466046239879925
1.106	0.464649705688657
1.107	0.463253311242885
1.108	0.461857056535937
1.109	0.460460942603501
1.11	0.459064967480376
1.111	0.457669132082442
1.112	0.456273436402733
1.113	0.454877880434196
1.114	0.453482466081059
1.115	0.452087189681383
1.116	0.450692053130995
1.117	0.449297053678493
1.118	0.447902193747934
1.119	0.446507473310271
1.12	0.445112892366464
1.121	0.443718450909771
1.122	0.442324149133052
1.123	0.440929986685161
1.124	0.439535963710083
1.125	0.438142080200755
1.126	0.436748336700088
1.127	0.435354732189713
1.128	0.433961267129737
1.129	0.432567941512881
1.13	0.431174756397752
1.131	0.429781709766129
1.132	0.428388802561291
1.133	0.426996036370505
1.134	0.425603408143036
1.135	0.424210919325177
1.136	0.42281856990935
1.137	0.421426359589371
1.138	0.420034286566015
1.139	0.418642352756425
1.14	0.417250558218167
1.141	0.41585890284509
1.142	0.414467386669583
1.143	0.413076009916744
1.144	0.411684772170013
1.145	0.41029367360387
1.146	0.408902714210558
1.147	0.407511894562497
1.148	0.406121213577931
1.149	0.404730671748306
1.15	0.403340270031993
1.151	0.401950006598133
1.152	0.400559882300574
1.153	0.399169898575842
1.154	0.397780052658908
1.155	0.396390345858877
1.156	0.395000780179487
1.157	0.393611351202798
1.158	0.392222059534979
1.159	0.390832906812708
1.16	0.389443893010436
1.161	0.388055018126433
1.162	0.386666282274605
1.163	0.385277685242021
1.164	0.383889227108694
1.165	0.38250090818404
1.166	0.381112727885862
1.167	0.379724686990216
1.168	0.378336784520585
1.169	0.376949020918643
1.17	0.37556139704593
1.171	0.374173911252477
1.172	0.372786564305918
1.173	0.371399357496994
1.174	0.370012288336752
1.175	0.36862535800178
1.176	0.367238568292101
1.177	0.365851915719239
1.178	0.364465401395798
1.179	0.363079024182091
1.18	0.361692785641748
1.181	0.360306685722867
1.182	0.358920724433472
1.183	0.357534901910521
1.184	0.356149217893977
1.185	0.354763672485596
1.186	0.353378266016014
1.187	0.35199299785659
1.188	0.350607868820297
1.189	0.349222877897678
1.19	0.347838026324374
1.191	0.346453312625267
1.192	0.34506873748452
1.193	0.343684302052492
1.194	0.342300004106425
1.195	0.34091584618914
1.196	0.339531825421914
1.197	0.338147943174522
1.198	0.336764201114533
1.199	0.335380593877304
1.2	0.333997125012186
1.201	0.332613794496554
1.202	0.331230602395301
1.203	0.329847548587276
1.204	0.32846463327582
1.205	0.32708185616021
1.206	0.325699217662574
1.207	0.324316717223247
1.208	0.322934355085516
1.209	0.321552131780972
1.21	0.320170046287078
1.211	0.318788099835067
1.212	0.317406290966418
1.213	0.316024621384033
1.214	0.314643089121064
1.215	0.313261696423576
1.216	0.311880440745648
1.217	0.310499324946193
1.218	0.309118345831831
1.219	0.307737505097362
1.22	0.306356800388242
1.221	0.304976233775787
1.222	0.303595805216711
1.223	0.302215514799406
1.224	0.300835362371014
1.225	0.299455348164253
1.226	0.298075471846053
1.227	0.296695733863391
1.228	0.295316133634112
1.229	0.293936671887053
1.23	0.292557347724473
1.231	0.291178162222813
1.232	0.289799114103704
1.233	0.288420204855254
1.234	0.287041433821198
1.235	0.285662799766317
1.236	0.284284305003923
1.237	0.282905946935306
1.238	0.281527728447522
1.239	0.280149647265148
1.24	0.27877170119981
1.241	0.277393892936359
1.242	0.276016222489492
1.243	0.274638689798653
1.244	0.273261294973458
1.245	0.271884037834537
1.246	0.270506918636383
1.247	0.269129937024193
1.248	0.267753093456515
1.249	0.266376387754723
1.25	0.264999819409623
1.251	0.263623389349755
1.252	0.26224709646886
1.253	0.26087094204992
1.254	0.259494925524275
1.255	0.258119045824347
1.256	0.256743304943664
1.257	0.255367701971109
1.258	0.253992235398517
1.259	0.252616908070464
1.26	0.251241717098768
1.261	0.249866661684715
1.262	0.24849174379372
1.263	0.247116963390552
1.264	0.245742320536172
1.265	0.244367815222121
1.266	0.242993447294458
1.267	0.24161921702007
1.268	0.240245124300406
1.269	0.238871169143009
1.27	0.23749735111288
1.271	0.23612367099794
1.272	0.234750128455681
1.273	0.233376722773372
1.274	0.232003455266429
1.275	0.230630325339974
1.276	0.229257331942847
1.277	0.227884477040472
1.278	0.226511759723486
1.279	0.225139179995855
1.28	0.223766736237692
1.281	0.222394429905563
1.282	0.22102225908318
1.283	0.219650225501327
1.284	0.218278329113154
1.285	0.216906569992412
1.286	0.215534948119409
1.287	0.214163463498907
1.288	0.212792116135467
1.289	0.211420905741783
1.29	0.210049832826565
1.291	0.208678897171037
1.292	0.207308098778178
1.293	0.205937437650766
1.294	0.204566913085968
1.295	0.203196526381773
1.296	0.201826276941224
1.297	0.20045616476566
1.298	0.19908618985606
1.299	0.197716352213092
1.3	0.196346650413704
1.301	0.19497708770514
1.302	0.193607658471719
1.303	0.192238366190889
1.304	0.190869210865208
1.305	0.189500192496755
1.306	0.188131310996297
1.307	0.186762566505725
1.308	0.185393958969298
1.309	0.18402548838793
1.31	0.182657154762041
1.311	0.181288958091926
1.312	0.17992089837741
1.313	0.178552975617911
1.314	0.177185189812735
1.315	0.175817540960602
1.316	0.174450029060054
1.317	0.173082654109252
1.318	0.171715416106077
1.319	0.170348315048087
1.32	0.168981350932422
1.321	0.167614523756057
1.322	0.166247832293726
1.323	0.164881275846588
1.324	0.163514856067699
1.325	0.162148572956165
1.326	0.16078242651052
1.327	0.1594164167291
1.328	0.158050543610025
1.329	0.156684807151008
1.33	0.155319207349496
1.331	0.153953744202548
1.332	0.15258841770713
1.333	0.151223227859809
1.334	0.149858175142059
1.335	0.14849325865373
1.336	0.147128478806071
1.337	0.14576383559434
1.338	0.144399329013569
1.339	0.14303495905856
1.34	0.141670726771457
1.341	0.140306630152943
1.342	0.138942670146595
1.343	0.137578845031854
1.344	0.1362151553458
1.345	0.134851602040174
1.346	0.13348818511207
1.347	0.132124904557002
1.348	0.130761760462764
1.349	0.129398752670007
1.35	0.128035881239433
1.351	0.12667314638409
1.352	0.12531054770527
1.353	0.123948085374729
1.354	0.122585759777532
1.355	0.121223570180965
1.356	0.11986151691598
1.357	0.118499600581008
1.358	0.117137820025177
1.359	0.11577617656311
1.36	0.114414668698413
1.361	0.11305329713219
1.362	0.111692062912183
1.363	0.11033096453604
1.364	0.108969999490236
1.365	0.107609170549914
1.366	0.106248477700241
1.367	0.104887920975177
1.368	0.103527500373629
1.369	0.102167215802746
1.37	0.100807067426844
1.371	0.0994470550157377
1.372	0.0980871788625482
1.373	0.0967274388453778
1.374	0.0953678346520605
1.375	0.0940083668493572
1.376	0.0926490351826428
1.377	0.091289839157203
1.378	0.0899307796861181
1.379	0.0885718563446721
1.38	0.0872130691307554
1.381	0.085854417251429
1.382	0.0844959021942101
1.383	0.0831375232502096
1.384	0.0817792795226338
1.385	0.0804211695072676
1.386	0.0790631953160714
1.387	0.0777053569250145
1.388	0.0763476543657653
1.389	0.0749900876259381
1.39	0.0736326567040908
1.391	0.0722753615980242
1.392	0.0709182024545527
1.393	0.0695611790062392
1.394	0.0682042913661348
1.395	0.0668475395290013
1.396	0.0654909234892752
1.397	0.0641344432404787
1.398	0.0627780991956351
1.399	0.0614218905583392
1.4	0.0600658176912307
1.401	0.0587098811811737
1.402	0.0573540798832324
1.403	0.0559984150563627
1.404	0.0546428852924833
1.405	0.0532874901531415
1.406	0.0519322291741982
1.407	0.0505771037380738
1.408	0.049222113847905
1.409	0.0478672594681752
1.41	0.0465125406551619
1.411	0.0451579573860235
1.412	0.0438035096587931
1.413	0.0424491974698153
1.414	0.0410950208145244
1.415	0.039740979686804
1.416	0.0383870740795418
1.417	0.03703330398456
1.418	0.0356796696773349
1.419	0.034326170612045
1.42	0.0329728073910433
1.421	0.0316195793112863
1.422	0.0302664871284138
1.423	0.0289135304642496
1.424	0.0275607087751962
1.425	0.0262080230541134
1.426	0.0248554707791999
1.427	0.0235030528647668
1.428	0.0221507702146476
1.429	0.0207986228120401
1.43	0.0194466106798574
1.431	0.0180947338041574
1.432	0.0167429921774565
1.433	0.0153913858517731
1.434	0.0140399147788622
1.435	0.0126885789430471
1.436	0.0113373783254573
1.437	0.00998631301951819
1.438	0.00863538293376824
1.439	0.00728458809790162
1.44	0.00593392869154213
1.441	0.00458340437758979
1.442	0.0032330153124041
1.443	0.00188276149493836
1.444	0.000532643215729023
1.445	0.0597264844120052
1.446	0.158365579098263
1.447	0.256994809284173
1.448	0.355614178502213
1.449	0.454223685171608
1.45	0.552823331906107
1.451	0.6514131192544
1.452	0.749993047285307
1.453	0.848563119073014
1.454	0.947123333262727
1.455	0.999327987271137
1.456	0.997878126970387
1.457	0.996428411671933
1.458	0.994978841313832
1.459	0.993529415975053
1.46	0.992080135641945
1.461	0.990631000323133
1.462	0.989182010027011
1.463	0.987733164761949
1.464	0.986284464536176
1.465	0.984835908521847
1.466	0.983387498190452
1.467	0.981939232900404
1.468	0.980491112659473
1.469	0.97904313747556
1.47	0.977595307356289
1.471	0.976147622309232
1.472	0.974700079928463
1.473	0.973252684706602
1.474	0.971805434557695
1.475	0.970358330318499
1.476	0.96891136683853
1.477	0.967464548070177
1.478	0.96601787395285
1.479	0.964571344563132
1.48	0.963124959886435
1.481	0.961678719930467
1.482	0.960232624702666
1.483	0.958786674210413
1.484	0.957340868461067
1.485	0.955895206661655
1.486	0.954449690220077
1.487	0.953004318521504
1.488	0.951559091572923
1.489	0.9501140093811
1.49	0.948669071952959
1.491	0.94722427929498
1.492	0.945779631413858
1.493	0.944335125679953
1.494	0.942890767024159
1.495	0.941446554796031
1.496	0.940002482348932
1.497	0.938558554301092
1.498	0.937114770660153
1.499	0.935671131433437
1.5	0.934227636627791
1.501	0.932784286249825
1.502	0.931341080306181
1.503	0.929898018803321
1.504	0.928455101747626
1.505	0.927012328380338
1.506	0.925569700047149
1.507	0.924127216159307
1.508	0.922684876722924
1.509	0.921242681744
1.51	0.91980063122836
1.511	0.918358725181797
1.512	0.91691696360988
1.513	0.91547534651819
1.514	0.914033871061034
1.515	0.912592545057482
1.516	0.91115135786615
1.517	0.909710314786314
1.518	0.908269415824229
1.519	0.906828660986007
1.52	0.905388050277369
1.521	0.90394758370417
1.522	0.902507261272058
1.523	0.901067082986573
1.524	0.899627048853231
1.525	0.898187158146841
1.526	0.896747412151936
1.527	0.895307810305498
1.528	0.893868352612783
1.529	0.892429039078836
1.53	0.890989869708598
1.531	0.889550844506902
1.532	0.888111963478599
1.533	0.886673226628237
1.534	0.885234633960462
1.535	0.883796182423286
1.536	0.882357877984937
1.537	0.880919714109296
1.538	0.879481694062525
1.539	0.878043817849711
1.54	0.876606085475775
1.541	0.875168496945655
1.542	0.873731052263994
1.543	0.872293751435524
1.544	0.87085659446483
1.545	0.869419580659669
1.546	0.867982711244618
1.547	0.866545985682
1.548	0.865109403975977
1.549	0.863672966130844
1.55	0.862236672150522
1.551	0.860800522039159
1.552	0.859364515800529
1.553	0.857928653438436
1.554	0.856492934956628
1.555	0.855057360358607
1.556	0.853621927532972
1.557	0.852186637108816
1.558	0.850751490225211
1.559	0.849316486886275
1.56	0.847881627096167
1.561	0.846446910858787
1.562	0.845012338178006
1.563	0.843577909057658
1.564	0.842143622984795
1.565	0.840709480849304
1.566	0.839275482267317
1.567	0.837841627242179
1.568	0.836407915777364
1.569	0.834974347876214
1.57	0.833540923541885
1.571	0.832107642777559
1.572	0.830674505586171
1.573	0.829241511970692
1.574	0.827808661933924
1.575	0.826375955478703
1.576	0.824943391566204
1.577	0.823510968852263
1.578	0.822078689391115
1.579	0.820646553186092
1.58	0.819214560240412
1.581	0.817782710557027
1.582	0.81635100387534
1.583	0.814919440620369
1.584	0.813488020619401
1.585	0.81205674387533
1.586	0.810625610390798
1.587	0.809194620168431
1.588	0.807763773210863
1.589	0.806333069520414
1.59	0.804902509099574
1.591	0.803472091950482
1.592	0.802041818075421
1.593	0.8006116874764
1.594	0.799181700155459
1.595	0.797751856114445
1.596	0.796322155370307
1.597	0.794892594636782
1.598	0.793463176868971
1.599	0.792033902069294
1.6	0.790604770139357
1.601	0.789175781215815
1.602	0.787746935250666
1.603	0.786318232246026
1.604	0.784889672204045
1.605	0.783461255126585
1.606	0.782032981015566
1.607	0.780604849872719
1.608	0.779176861699787
1.609	0.777749016498304
1.61	0.776321314269864
1.611	0.774893755015865
1.612	0.773466338737647
1.613	0.772039065436414
1.614	0.770611935113412
1.615	0.769184947769663
1.616	0.767758103406173
1.617	0.766331399987861
1.618	0.764904838179594
1.619	0.763478419036283
1.62	0.762052142559452
1.621	0.760626008750589
1.622	0.759200017611094
1.623	0.75777416914224
1.624	0.756348463345208
1.625	0.754922900221135
1.626	0.753497479771029
1.627	0.752072201995874
1.628	0.750647066896478
1.629	0.749222074473628
1.63	0.747797224728018
1.631	0.746372517660237
1.632	0.744947953270841
1.633	0.743523531560239
1.634	0.74209925252881
1.635	0.74067511617673
1.636	0.739251122504315
1.637	0.737827270660985
1.638	0.736403559123144
1.639	0.734979989964371
1.64	0.733556563185366
1.641	0.732133278786698
1.642	0.730710136769003
1.643	0.729287137132711
1.644	0.727864279878164
1.645	0.72644156500561
1.646	0.725018992515362
1.647	0.723596562407517
1.648	0.722174274682014
1.649	0.720752129338922
1.65	0.719330126378101
1.651	0.717908265799261
1.652	0.716486547602221
1.653	0.71506497178658
1.654	0.713643538351898
1.655	0.712222247297588
1.656	0.710801098623069
1.657	0.709380092641681
1.658	0.707959225679313
1.659	0.706538500810708
1.66	0.705117918035732
1.661	0.703697477354167
1.662	0.702277178765802
1.663	0.70085702227015
1.664	0.699437007866898
1.665	0.698017135555514
1.666	0.696597405335265
1.667	0.695177817205606
1.668	0.693758371165759
1.669	0.692339067214818
1.67	0.690919905351904
1.671	0.68950088557606
1.672	0.68808200788613
1.673	0.686663272281009
1.674	0.685244678759443
1.675	0.683826227320145
1.676	0.682407917961673
1.677	0.680989752139763
1.678	0.679571724069353
1.679	0.678153837808023
1.68	0.676736093354742
1.681	0.675318490708565
1.682	0.673901029868466
1.683	0.672483710833211
1.684	0.671066533601527
1.685	0.669649498172173
1.686	0.668232604543726
1.687	0.666815852714693
1.688	0.66539924268362
1.689	0.663982774448778
1.69	0.662566448008514
1.691	0.661150263361076
1.692	0.65973422050457
1.693	0.65831831943713
1.694	0.656902560156761
1.695	0.655486942661258
1.696	0.654071466948626
1.697	0.652656133016625
1.698	0.651240940742605
1.699	0.649825887404585
1.7	0.648410975577384
1.701	0.646996205259164
1.702	0.645581576448263
1.703	0.644167089142749
1.704	0.642752743340626
1.705	0.641338539385747
1.706	0.63992447668207
1.707	0.638510555487392
1.708	0.637096775799508
1.709	0.635683137615973
1.71	0.6342696409343
1.711	0.632856285752016
1.712	0.631443072066501
1.713	0.630029999875109
1.714	0.628617069175052
1.715	0.627204279963511
1.716	0.625791632237636
1.717	0.624379125994477
1.718	0.622966762376809
1.719	0.621554536315053
1.72	0.62014245148054
1.721	0.618730507870832
1.722	0.617318705483294
1.723	0.615907044315329
1.724	0.614495524364202
1.725	0.613084145627119
1.726	0.611672908101311
1.727	0.610261811783849
1.728	0.6088508573031
1.729	0.607440043517466
1.73	0.606029370941872
1.731	0.604618839572964
1.732	0.603208449407498
1.733	0.601798200441987
1.734	0.600388092673008
1.735	0.598978126097004
1.736	0.597568300710377
1.737	0.5961586165095
1.738	0.594749073490508
1.739	0.593339671441686
1.74	0.591930407951622
1.741	0.590521285402612
1.742	0.589112303791322
1.743	0.587703463114422
1.744	0.586294763368404
1.745	0.58488620454981
1.746	0.583477786654996
1.747	0.582069509680344
1.748	0.580661373622139
1.749	0.579253378476614
1.75	0.57784552507084
1.751	0.576437811874871
1.752	0.57503023958972
1.753	0.573622808211305
1.754	0.572215517735396
1.755	0.570808368157839
1.756	0.569401359474226
1.757	0.567994491680219
1.758	0.566587764771404
1.759	0.565181179923247
1.76	0.563774732130782
1.761	0.56236842498627
1.762	0.560962258485731
1.763	0.559556232725564
1.764	0.558150347550136
1.765	0.556744603016102
1.766	0.555338999119131
1.767	0.553933535854858
1.768	0.552528213218815
1.769	0.551123031206614
1.77	0.549717989813637
1.771	0.548313089933861
1.772	0.546908329900685
1.773	0.545503710481755
1.774	0.544099231672313
1.775	0.542694893467337
1.776	0.541290695861873
1.777	0.539886638850845
1.778	0.538482724671683
1.779	0.537078949127964
1.78	0.535675311417684
1.781	0.534271814073651
1.782	0.532868457091076
1.783	0.531465240465234
1.784	0.530062164191369
1.785	0.52865922845944
1.786	0.527256432938361
1.787	0.525853777763242
1.788	0.524451262928895
1.789	0.523048888430244
1.79	0.521646654261988
1.791	0.520244560418804
1.792	0.518842607852383
1.793	0.517440794776746
1.794	0.516039122018244
1.795	0.514637589571307
1.796	0.513236197430288
1.797	0.511834945589542
1.798	0.510433836116472
1.799	0.509032865050217
1.8	0.50763203340185
1.801	0.506231340236387
1.802	0.504830787167266
1.803	0.50343037416351
1.804	0.502030101228376
1.805	0.50062996835638
1.806	0.499229975541903
1.807	0.49783012308559
1.808	0.496430410443833
1.809	0.49503083785031
1.81	0.493631405299129
1.811	0.492232112784368
1.812	0.49083296118199
1.813	0.489433948844729
1.814	0.488035076533277
1.815	0.486636344241286
1.816	0.485237751962582
1.817	0.483839299690832
1.818	0.482440989328174
1.819	0.48104281722691
1.82	0.479644785911575
1.821	0.478246891330349
1.822	0.476849136539646
1.823	0.475451521533522
1.824	0.474054046384174
1.825	0.472656710966807
1.826	0.47125951532295
1.827	0.469862459446245
1.828	0.468465543330359
1.829	0.467068767395634
1.83	0.465672130865113
1.831	0.464275634083064
1.832	0.462879277042891
1.833	0.461483060659497
1.834	0.460086983202211
1.835	0.458691045473279
1.836	0.457295247465926
1.837	0.455899590767515
1.838	0.454504072336551
1.839	0.453108693612583
1.84	0.451713454588484
1.841	0.450318355409995
1.842	0.448923393332403
1.843	0.447528570758378
1.844	0.446133887681368
1.845	0.444739344094626
1.846	0.443344940141102
1.847	0.441950675562791
1.848	0.440556550460613
1.849	0.439162564827668
1.85	0.437768719123024
1.851	0.436375012489346
1.852	0.434981445309764
1.853	0.433588017577006
1.854	0.432194730233206
1.855	0.430801581486762
1.856	0.42940857217103
1.857	0.428015703731655
1.858	0.426622973394938
1.859	0.425230382472041
1.86	0.423837930955195
1.861	0.422445620759969
1.862	0.42105344580913
1.863	0.419661410075656
1.864	0.418269513590989
1.865	0.416877756295164
1.866	0.415486138200698
1.867	0.414094659481495
1.868	0.412703319817463
1.869	0.411312119338082
1.87	0.409921058035758
1.871	0.408530136400838
1.872	0.407139353509507
1.873	0.405748709777517
1.874	0.404358206057757
1.875	0.40296784072441
1.876	0.401577614531895
1.877	0.400187528788593
1.878	0.398797580980123
1.879	0.397407772293315
1.88	0.396018104581729
1.881	0.394628574262083
1.882	0.393239182504703
1.883	0.39184992805736
1.884	0.390460812540462
1.885	0.389071835946186
1.886	0.387682998353544
1.887	0.386294299613892
1.888	0.384905739778152
1.889	0.383517319098309
1.89	0.382129037101386
1.891	0.380740894438244
1.892	0.379352890274098
1.893	0.377965024982516
1.894	0.376577299330392
1.895	0.375189711852044
1.896	0.373802263225526
1.897	0.37241495462676
1.898	0.371027783791865
1.899	0.369640751787462
1.9	0.368253860278816
1.901	0.366867106042264
1.902	0.365480492153959
1.903	0.364094013430918
1.904	0.362707673370448
1.905	0.361321471946874
1.906	0.359935409157811
1.907	0.35854948510409
1.908	0.35716369959313
1.909	0.355778052695388
1.91	0.354392544685814
1.911	0.353007175042751
1.912	0.351621944457799
1.913	0.350236852057593
1.914	0.348851898235209
1.915	0.347467083757451
1.916	0.346082407151013
1.917	0.344697870156482
1.918	0.343313470751668
1.919	0.341929211265738
1.92	0.340545089046949
1.921	0.339161105353898
1.922	0.337777262043577
1.923	0.336393555183023
1.924	0.335009985012884
1.925	0.333626553202296
1.926	0.332243259788618
1.927	0.330860104692244
1.928	0.329477088061777
1.929	0.328094209664803
1.93	0.326711469842145
1.931	0.325328868128798
1.932	0.323946404722957
1.933	0.322564080089918
1.934	0.32118189333564
1.935	0.319799845550816
1.936	0.318417935429893
1.937	0.317036164511056
1.938	0.315654531004207
1.939	0.314273036967181
1.94	0.312891680054289
1.941	0.311510462912835
1.942	0.31012938257263
1.943	0.308748442506727
1.944	0.307367636704724
1.945	0.305986968993308
1.946	0.304606439349429
1.947	0.303226047829412
1.948	0.30184579432454
1.949	0.300465679011974
1.95	0.299085701626092
1.951	0.297705862535073
1.952	0.29632616124715
1.953	0.294946598389941
1.954	0.293567173177948
1.955	0.292187886564946
1.956	0.290808737406067
1.957	0.289429727045629
1.958	0.28805085391609
1.959	0.286672119814925
1.96	0.285293522689966
1.961	0.283915064853003
1.962	0.282536745251125
1.963	0.281158562137184
1.964	0.279780517869587
1.965	0.278402608718945
1.966	0.277024837359415
1.967	0.275647203815984
1.968	0.274269708099335
1.969	0.272892350096372
1.97	0.271515130007014
1.971	0.270138047541006
1.972	0.268761103082964
1.973	0.267384296128142
1.974	0.266007627303895
1.975	0.264631096352756
1.976	0.263254702643748
1.977	0.261878447335952
1.978	0.260502329919832
1.979	0.259126349407479
1.98	0.257750507639602
1.981	0.256374802534835
1.982	0.254999236410349
1.983	0.253623808198264
1.984	0.252248516195508
1.985	0.250873362060949
1.986	0.249498343489939
1.987	0.24812346241959
1.988	0.246748718887738
1.989	0.245374112894747
1.99	0.243999644315826
1.991	0.242625313365894
1.992	0.241251119969853
1.993	0.239877063828818
1.994	0.23850314547546
1.995	0.237129364688059
1.996	0.23575572092794
1.997	0.234382215178641
1.998	0.233008847004627
1.999	0.231635615564911
2	0.230262522420326
