0	-0.5
0.003184648777850491	-0.1859936305039582
0.005071772959463022	-7.665635215774406e-18
0.005071772959463022	-7.665635215774406e-18
0.005126990219804417	0.005521235672688363
0.005363504737338902	-0.0004734328983886371
0.009077472125642482	-0.0058585097800119
0.01279143951110229	-0.01124358665748559
0.01672957380326134	-0.01695369493688759
0.02156539537323306	-0.02396540726965668
0.02731490097588624	-0.03230191819295669
0.03398991592111541	-0.04198037384639974
0.04159950555245067	-0.05301391854879967
0.04249438600784767	-0.05430669304026377
0.05015082320299098	-0.06541292429460555
0.05964964780368177	-0.07918577025998275
0.07010073951324761	-0.09433935844975849
0.0786114260537038	-0.1065943135295973
0.08150808369404219	-0.1108794674507294
0.09387506350042621	-0.1288110026764571
0.1072045852115578	-0.1481381780942002
0.1137142251139606	-0.1574776512161126
0.1214991713214333	-0.1688646512008063
0.1367610311070834	-0.1909936253433671
0.1478023594721034	-0.2067838308856407
0.1529921152855394	-0.2145279289691757
0.1701941573781352	-0.2394700756021848
0.1808753792249037	-0.254693792833456
0.1883687092627376	-0.2658223153918016
0.2075171675116237	-0.293586673301661
0.2129328057641968	-0.3012782265529907
0.22764079432642	-0.3227649794644094
0.2439741289237252	-0.3459017910294624
0.2487407376830593	-0.3533588983908089
0.270818044950968	-0.3853699487169138
0.2739988037102646	-0.3898587385589394
0.2938736757288234	-0.4187995218154015
0.3030062466875379	-0.4316532314885967
0.3179085123426962	-0.4536488970172741
0.3309958315782091	-0.4720193878710059
0.3429233688279923	-0.4899192546353675
0.3579668844458595	-0.5109789347373018
0.368918998417501	-0.5276116868215013
0.3839186779728061	-0.5485535102829833
0.3958961001285932	-0.5667272071178786
0.408850424811211	-0.584764654927292
0.423855324879517	-0.6072667593250003
0.4327612697760495	-0.6196338007836478
0.452797278324732	-0.6492312216132632
0.4556502806150926	-0.6531822590147278
0.4775164374332395	-0.6834248586103637
0.4827225281296887	-0.6926214170707112
0.4983586177948406	-0.7141930332764704
0.513631605684106	-0.7374381161872066
0.5181755832957764	-0.7436902965834531
0.5369659582329002	-0.7695126889039708
0.5455250104737327	-0.783682043193437
0.5547282058691397	-0.7962992981567134
0.5714605979861552	-0.8192073537915056
0.5784032105379375	-0.8313538767243926
0.5871611763785077	-0.8433192695968754
0.6018277033507583	-0.863332207063076
0.6122666486287925	-0.8804542587495234
0.6154575951831496	-0.8847994448239748
0.6280478363989932	-0.9019294643808972
0.6395948570307943	-0.9176198937072838
0.6417965751939141	-0.8939063015683928
0.6542845802296975	-0.9108869888608851
0.6657289788392773	-0.9264299890840629
0.6761253946633098	-0.9405342432749663
0.6780454282763311	-0.9432268307184017
0.6854684471824445	-0.9532863005114708
0.6937513527912215	-0.9645022148365056
0.7009652777896868	-0.9742630130795528
0.7070982103829961	-0.9825556063351069
0.7121327906555978	-0.9893592468050999
0.7152808557440465	-0.9938897022211108
0.7160414780676767	-0.9949169677621242
0.7198003235162357	-0.9999923556805816
0.7198003235162357	-0.9999923556805816
0.7198754441858948	-1.000093767908255
0.7200889095533963	-0.9711559759149395
0.7208536265220443	-0.8957217371116897
0.7223076643412675	-0.7523064972332518
0.7245261942678892	-0.5334306377449138
0.7245487135640076	-0.5312101623654858
0.7276316342654537	-0.2272714387445153
0.7278147997788555	-0.2090191897497675
0.7298733709312937	-0.005947083309308709
0.7299337165972795	-3.286965197567224e-15
0.7299337165972795	-3.286965197567224e-15
0.7302213315900872	-0.0008896523802945921
0.7339353522661027	-0.006274651941794218
0.7376493730160595	-0.01165965161050053
0.7416597676737916	-0.01747436707847783
0.7465693556244819	-0.02459283282433944
0.7523937209124868	-0.03303764432587286
0.7591444216178572	-0.04282555977096081
0.7668303412973797	-0.05396945952662691
0.7673450137374604	-0.05471293770222061
0.7754585046851078	-0.06647952883218977
0.7850345961129406	-0.08036400946332378
0.7955633051533252	-0.09562970088273914
0.8034548519114918	-0.1069924622864472
0.8070485621052002	-0.1122823016743837
0.8194937076337769	-0.1303266555054847
0.8329016134612988	-0.1497669261178203
0.8385504462152494	-0.1578708194961062
0.8472747739733949	-0.1706067301487337
0.8626153757790723	-0.1928492379866498
0.8726313727520901	-0.2071720030911374
0.8789253502543369	-0.2164972499550686
0.8962064158290519	-0.2415532576242754
0.9056971813711943	-0.2550790851171012
0.9144601102213559	-0.268019490548852
0.9336878180734584	-0.2958979563367734
0.9377473938911894	-0.3016630245156731
0.9538907918578765	-0.3251904709618429
0.9687814986637593	-0.3462816895679016
0.9750701713257202	-0.355898686961666
0.9972269958718427	-0.3880241113663487
0.998798951092127	-0.3902422716433716
1.020362218016734	-0.4215681252459262
1.027799167960367	-0.4320341749595252
1.044476715119956	-0.4565320006935849
1.055781522099986	-0.4723986053652891
1.06957129505142	-0.4929169090489722
1.082745339216526	-0.5113573201784063
1.095646707363816	-0.5307239370966386
1.108689891093949	-0.5489319872432274
1.122703645901284	-0.5699540908490235
1.133614390467736	-0.585144177934665
1.150742757879363	-0.6106083087109369
1.157517981658257	-0.6200153545860493
1.17976464655779	-0.6526874653554273
1.180399732229595	-0.6535668590938953
1.202258620321407	-0.68379889262379
1.209769876130996	-0.696192378814203
1.223093524040646	-0.7145712166888759
1.240758975161708	-0.7411238154561488
1.242903203646543	-0.7440736995656234
1.261686282412476	-0.7698856888041032
1.272732440034915	-0.7874824949954018
1.27944122265149	-0.796678662039368
1.296166293948503	-0.8195763975881912
1.305690737699096	-0.8352690944656729
1.311859537015553	-0.843695833980716
1.326518711017717	-0.8636985106413915
1.33963430824146	-0.884484251954234
1.340141230688765	-0.8851744343814569
1.352724075987344	-0.9022942243080597
1.364263673503601	-0.9179744268027058
1.366663082490858	-0.8943086589598011
1.379127569172429	-0.911256885677093
1.390548359623384	-0.9267674191121115
1.400921057861506	-0.9408391640464697
1.402920628902518	-0.9436395574858238
1.410240257014554	-0.9535586644273009
1.418499135750404	-0.9647418330662688
1.425688803202961	-0.9744696499728867
1.431797156922764	-0.9827288939093598
1.436806675613767	-0.9894985891637426
1.440164752019714	-0.9943127618258814
1.440689488948863	-0.9950214363790658
1.444372739624106	-0.9999947336838543
1.444372739624106	-0.9999947336838543
1.444523511770951	-1.000198273962422
1.444661356647351	-0.9711551341563904
1.445426084774881	-0.8957197947101615
1.446880136137554	-0.7523032193883115
1.44909863944201	-0.5334299857458973
1.449121200189667	-0.5312054231168385
1.452204136484929	-0.2272651638327693
1.452387242945554	-0.2090187360540199
1.454445811862347	-0.00594685032677944
1.454506155164243	4.742890386593199e-15
1.454506155164243	4.742890386593199e-15
1.454793770166413	-0.0008896517983885133
1.458507790845272	-0.006274651364208239
1.462221811524132	-0.01165965093002796
1.466232205988067	-0.01747436611731246
1.471141793901476	-0.02459283180934335
1.476966158948875	-0.03303764296242662
1.483716859649344	-0.04282555840080704
1.491402779358932	-0.05396945820046994
1.491917452353023	-0.05471293717641611
1.500030942634046	-0.0664795273432901
1.509607034145291	-0.0803640080958985
1.520135743088038	-0.09562969937439902
1.52802729059234	-0.1069924618533914
1.531621000186787	-0.1122823003796043
1.544066145386313	-0.1303266537343006
1.557474050866059	-0.1497669238432309
1.563122884931345	-0.1578708191035245
1.571847211269009	-0.1706067277166881
1.587187812953597	-0.1928492353799811
1.59720381142354	-0.2071720026265792
1.603497787318634	-0.2164972471894657
1.620778852425697	-0.2415532541816674
1.630269620051732	-0.255079084646211
1.639032546701902	-0.2680194869389538
1.65826025404172	-0.2958979519852392
1.66231983260532	-0.301663024064549
1.678463227677584	-0.3251904663960659
1.693353937386112	-0.3462816891164613
1.699642606575092	-0.3558986815701815
1.721799430546207	-0.388024105142506
1.723371389822666	-0.3902422711436475
1.744934652523271	-0.4215681187800442
1.752371606143907	-0.4320341736709652
1.76904914894301	-0.4565319932381726
1.780353960311479	-0.4723986040739873
1.794143728650354	-0.4929169012700072
1.807317776960429	-0.5113573182071626
1.820219140237869	-0.5307239282682303
1.833262329381514	-0.5489319859784002
1.847276078571014	-0.5699540817258821
1.85818682878238	-0.5851441766759385
1.875315190324685	-0.6106082992641291
1.882090419981658	-0.6200153533042945
1.904337079356398	-0.6526874564225409
1.90497217058084	-0.6535668578499757
1.926831058700482	-0.6837988914216486
1.934342309298662	-0.6961923704181459
1.947665962447541	-0.7145712155265087
1.965331408735733	-0.7411238076510926
1.967475642066084	-0.7440736984276324
1.986258720846253	-0.7698856876883226
1.997304874052644	-0.7874824878355184
2	-0.7911776574243738
