0	293.15
0.003184648777850491	293.463956369496
0.005071772959463022	293.64995
0.005071772959463022	293.64995
0.005126990219804417	293.6498699195171
0.005126990219804417	293.6498699195171
0.005126990219804417	293.6498699195171
0.005363504737338902	293.6495265671016
0.005363504737338902	293.6495265671016
0.005363504737338902	293.6495265671016
0.009077472125642482	293.64414249022
0.01279143951110229	293.6387604133425
0.01672957380326134	293.633055670853
0.02156539537323306	293.6260536234504
0.02731490097588624	293.6177330157918
0.03398991592111541	293.6080790358918
0.04159950555245067	293.5970812743056
0.04249438600784767	293.5957884998141
0.05015082320299098	293.5847324989901
0.05964964780368177	293.5710278792012
0.07010073951324761	293.5559644725744
0.0786114260537038	293.5437095174948
0.08150808369404219	293.5395408736017
0.09387506350042621	293.5217569652432
0.1072045852115578	293.5026137387686
0.1137142251139606	293.4932742656471
0.1214991713214333	293.4821131601222
0.1367610311070834	293.4602580687621
0.1478023594721034	293.444467863221
0.1529921152855394	293.4370520994288
0.1701941573781352	293.4124996230353
0.1808753792249037	293.397275905805
0.1883687092627376	293.3866056959433
0.2075171675116237	293.3593760224676
0.2129328057641968	293.3516844692169
0.22764079432642	293.330816925121
0.2439741289237252	293.307680113558
0.2487407376830593	293.3009353160329
0.270818044950968	293.2697386776849
0.2739988037102646	293.2652498878433
0.2938736757288234	293.2372350447804
0.3030062466875379	293.2243813351087
0.3179085123426962	293.2034329894544
0.3309958315782091	293.185062498603
0.3429233688279923	293.1683416086502
0.3579668844458595	293.1472819285511
0.368918998417501	293.1319705136231
0.3839186779728061	293.1110286901647
0.3958961001285932	293.0943298207301
0.408850424811211	293.0762923729241
0.423855324879517	293.0554301429059
0.4327612697760495	293.0430631014494
0.452797278324732	293.0152825857209
0.4556502806150926	293.0113315483201
0.4775164374332395	292.9810889487301
0.4827225281296887	292.9738987372822
0.4983586177948406	292.9523271210807
0.513631605684106	292.931290665888
0.5181755832957764	292.9250384854931
0.5369659582329002	292.8992160931795
0.5455250104737327	292.8874709140014
0.5547282058691397	292.8748536590409
0.5714605979861552	292.8519456034113
0.5784032105379375	292.842452497623
0.5871611763785077	292.8304871047533
0.6018277033507583	292.8104741672919
0.6122666486287925	292.7962488978435
0.6154575951831496	292.7919037117701
0.6280478363989932	292.7747736922176
0.6395948570307943	292.7590832628952
0.6417965751939141	292.7560936984316
0.6542845802296975	292.7391130111391
0.6657289788392773	292.7235700109159
0.6761253946633098	292.709465756725
0.6780454282763311	292.7068625599117
0.6854684471824445	292.6968030901184
0.6937513527912215	292.6855871757932
0.7009652777896868	292.6758263775499
0.7070982103829961	292.6675337842942
0.7121327906555978	292.660730143824
0.7152808557440465	292.6564776581896
0.7160414780676767	292.6554503926486
0.7198003235162357	292.6503750047299
0.7198003235162357	292.6503750047299
0.7198754441858948	292.6577856594681
0.7198754441858948	292.6577856594681
0.7198754441858948	292.6577856594681
0.7200889095533963	292.678844024085
0.7200889095533963	292.678844024085
0.7200889095533963	292.678844024085
0.7208536265220443	292.7542782628883
0.7223076643412675	292.8976935027667
0.7245261942678892	293.1164722466575
0.7245487135640076	293.1186927220369
0.7276316342654537	293.4226314456579
0.7278147997788555	293.4406864009929
0.7298733709312937	293.6435807142342
0.7299337165972795	293.6495277975435
0.7299337165972795	293.6495277975435
0.7302213315900872	293.6491103476197
0.7339353522661027	293.6437263480582
0.7376493730160595	293.6383443483896
0.7416597676737916	293.6325351180816
0.7465693556244819	293.6254265421841
0.7523937209124868	293.6169979955643
0.7591444216178572	293.6072350860311
0.7668303412973797	293.5961277004335
0.7673450137374604	293.595384222258
0.7754585046851078	293.5836688261996
0.7850345961129406	293.5698538029877
0.7955633051533252	293.5546798242089
0.8034548519114918	293.5433170628063
0.8070485621052002	293.538145597769
0.8194937076337769	293.5202511019437
0.8329016134612988	293.5009974119147
0.8385504462152494	293.4928935185377
0.8472747739733949	293.4803865682748
0.8626153757790723	293.4584214773246
0.8726313727520901	293.4440987122229
0.8789253502543369	293.4351058358787
0.8962064158290519	293.410444070844
0.9056971813711943	293.3969182433547
0.9144601102213559	293.3844412932426
0.9336878180734584	293.3571032588609
0.9377473938911894	293.3513381906837
0.9538907918578765	293.3284363385433
0.9687814986637593	293.3073451199448
0.9750701713257202	293.2984474906116
0.9972269958718427	293.2671442433775
0.998798951092127	293.2649260831014
1.020362218016734	293.2345346760929
1.027799167960367	293.224068626384
1.044476715119956	293.2006274024557
1.055781522099986	293.1847607977914
1.06957129505142	293.16543156265
1.082745339216526	293.1469911515304
1.095646707363816	293.1289568076724
1.108689891093949	293.1107487575358
1.122703645901284	293.0912132957021
1.133614390467736	293.0760232086254
1.150742757879363	293.0522116794236
1.157517981658257	293.0428046335545
1.17976464655779	293.0119631023324
1.180399732229595	293.0110837085945
1.202258620321407	292.9808516750853
1.209769876130996	292.9704791919499
1.223093524040646	292.9521003540887
1.240758975161708	292.9277720550816
1.242903203646543	292.9248221709744
1.261686282412476	292.899010181756
1.272732440034915	292.8838542730592
1.27944122265149	292.8746581060229
1.296166293948503	292.8517603704931
1.305690737699096	292.8387388979807
1.311859537015553	292.8303121584731
1.326518711017717	292.8103094818301
1.33963430824146	292.7924394491878
1.340141230688765	292.7917492667612
1.352724075987344	292.7746294768506
1.364263673503601	292.7589492743708
1.366663082490858	292.7556913410402
1.379127569172429	292.7387431143229
1.390548359623384	292.7232325808878
1.400921057861506	292.7091608359535
1.402920628902518	292.70644987338
1.410240257014554	292.6965307664379
1.418499135750404	292.6853475977978
1.425688803202961	292.6756197808899
1.431797156922764	292.6673605369521
1.436806675613767	292.6605908416965
1.440164752019714	292.656054761595
1.440689488948863	292.6553460870417
1.444372739624106	292.6503727897364
1.444372739624106	292.6503727897364
1.444523511770951	292.6652464641423
1.444523511770951	292.6652464641423
1.444523511770951	292.6652464641423
1.444661356647351	292.6788448658436
1.444661356647351	292.6788448658436
1.444661356647351	292.6788448658436
1.445426084774881	292.7542802052898
1.446880136137554	292.8976967806117
1.44909863944201	293.1164728987407
1.449121200189667	293.1186974613697
1.452204136484929	293.4226377206539
1.452387242945554	293.4406868549884
1.454445811862347	293.6435809478123
1.454506155164243	293.649527798139
1.454506155164243	293.649527798139
1.454793770166413	293.6491103482016
1.458507790845272	293.6437263486358
1.462221811524132	293.6383443490699
1.466232205988067	293.6325351190423
1.471141793901476	293.6254265431983
1.476966158948875	293.616997996926
1.483716859649344	293.6072350873989
1.491402779358932	293.5961277017568
1.491917452353023	293.5953842227809
1.500030942634046	293.5836688276842
1.509607034145291	293.5698538043505
1.520135743088038	293.5546798257108
1.52802729059234	293.5433170632329
1.531621000186787	293.5381455990577
1.544066145386313	293.5202511037033
1.557474050866059	293.5009974141707
1.563122884931345	293.4928935189115
1.571847211269009	293.4803865706835
1.587187812953597	293.4584214799024
1.59720381142354	293.4440987126583
1.603497787318634	293.4351058386092
1.620778852425697	293.4104440742359
1.630269620051732	293.3969182437746
1.639032546701902	293.3844412967927
1.65826025404172	293.3571032631309
1.66231983260532	293.3513381910532
1.678463227677584	293.3284363430141
1.693353937386112	293.3073451202999
1.699642606575092	293.2984474958783
1.721799430546207	293.2671442494424
1.723371389822666	293.264926083442
1.744934652523271	293.2345346823782
1.752371606143907	293.2240686274913
1.76904914894301	293.2006274096835
1.780353960311479	293.1847607988544
1.794143728650354	293.1654315701712
1.807317776960429	293.1469911532424
1.820219140237869	293.1289568161839
1.833262329381514	293.1107487584825
1.847276078571014	293.0912133044719
1.85818682878238	293.0760232095299
1.875315190324685	293.052211688477
1.882090419981658	293.0428046344422
1.904337079356398	293.0119631108663
1.90497217058084	293.0110837094394
1.926831058700482	292.9808516758875
1.934342309298662	292.9704791999444
1.947665962447541	292.9521003548484
1.965331408735733	292.9277720624875
1.967475642066084	292.9248221717129
1.986258720846253	292.8990101824713
1.997304874052644	292.8838542798279
2	292.8801591102418
