0	0
0.0116960709528421	0.0349846143017258
0.0294932777517672	0.0878115086986263
0.0538152799159403	0.159177655163795
0.0837106745594993	0.245517718855269
0.0900389676851044	0.263591178426153
0.116369837463405	0.337993964600079
0.155818056709502	0.446977424520026
0.174512422358802	0.497531904124138
0.199034416843231	0.562732143669934
0.247673865500878	0.68817987977726
0.254507796837246	0.705378003956194
0.298602669105849	0.813701878406265
0.332139240159746	0.892955850535994
0.357072966766266	0.950059114401905
0.405902127266238	1.05726307305376
0.421769410570137	1.09074941176456
0.47663381945376	1.20129104099108
0.493489458088742	1.23358943909851
0.545387166303729	1.32801716136092
0.574454564056551	1.37754540683771
0.613245263859085	1.43982676713206
0.668571425362076	1.52100195827361
0.680631418792711	1.53749366444625
0.746375324035717	1.61974273064123
0.792548757019742	1.6697537988505
0.809939087616284	1.68692608441602
0.872056501284719	1.7408326340348
0.932270689254029	1.78205181826275
0.96861648774406	1.80171617036381
0.990831774470057	1.81181460852142
1.04743741656891	1.83104052129885
1.07585490244001	1.8372073717442
1.10117707076212	1.84076490551036
1.15380403837989	1.84241998998244
1.17038282865485	1.84135697464567
1.20238106837454	1.83719665381636
1.25054786132108	1.82580690710746
1.25796737735158	1.82351274492882
1.29317786471105	1.81070374723523
1.3361158706561	1.79088627831866
1.34084486237852	1.78842629196902
1.37257835219837	1.77052887157003
1.40896857702896	1.74709707108582
1.4202246120903	1.73923229895612
1.43931319377207	1.72524280958031
1.4662952876619	1.70410197970269
1.48567834380096	1.68794581570606
1.49673679845791	1.67837249358006
1.4996997773408	1.67576392483659
1.52034576710638	1.65708841360438
1.54713876734133	1.63157126742641
1.57020494370432	1.60847551613702
1.57908822775189	1.5993081560824
1.6162373290341	1.55939340489136
1.64098529503804	1.53142617171357
1.65764616616686	1.51199925266972
1.70424526511328	1.45524301424113
1.7093550876241	1.44880776416373
1.75222853027389	1.39326187594591
1.77717970263537	1.35971897863365
1.80737074430401	1.318000202521
1.84252272367274	1.26797390306396
1.86868122203738	1.22978800544818
1.90586178133707	1.17422950374878
1.93638837835747	1.1275621076737
1.96784815357392	1.07857868120174
2.01137432403352	1.00945894143824
2.02878783237529	0.981417354527231
2.08796742739086	0.884696372096589
2.09590557509633	0.871576101025455
2.14255458808358	0.793922559748333
2.19818946274901	0.700311160635689
2.20032173554755	0.696707753392459
2.24859458782613	0.614950327423942
2.30041153293623	0.526990771308269
2.34994296097662	0.443052808779995
2.39303901045242	0.370374660165244
2.39744384044774	0.36297222102272
2.44220890583683	0.288103260587589
2.4840970858798	0.218767208324588
2.51160506900711	0.173695903090825
2.5227514357134	0.155550178017112
2.55768209251611	0.0991627093557405
2.58807852893124	0.0507395585768461
2.61092571350745	0.0147746098693454
2.61269602428317	0.0120041285804401
2.62805296204261	-0.0119274605308577
2.64348642682119	-0.0357896401770902
2.66587252378511	-0.0700509959092602
2.69407478368037	-0.112593801780856
2.70172722613758	-0.124013353499523
2.72546451478979	-0.15908358595767
2.76345076497847	-0.21406086608638
2.78662646120266	-0.246875247374575
2.80568365985529	-0.273426561885934
2.85291459697556	-0.337486937389673
2.86699785343822	-0.356090000364348
2.90339107824743	-0.403056261887707
2.94447541193809	-0.45410691486965
2.96061252796342	-0.473567591439365
3.0178232364004	-0.539785711617584
3.02330235200762	-0.545895612847026
3.08785289002934	-0.614726676559829
3.09233764944324	-0.619290022053113
3.15566431878575	-0.680608399943543
3.17001507041402	-0.693685005171424
3.2225595033329	-0.738931208262208
3.26000094460916	-0.768617656879241
3.28946766496394	-0.79047038686512
3.35551433076652	-0.834563310717823
3.37158928315359	-0.844268658439677
3.41745061300028	-0.869737691976832
3.47990126083879	-0.899131254447653
3.54039382159176	-0.92180863408967
3.59882171576925	-0.938345804099794
3.60949091695661	-0.940801392824914
3.66113694903951	-0.950240755218418
3.7143133012919	-0.95579196073807
3.71602603093012	-0.955901240933314
3.76887105653291	-0.957181135702258
3.80679496727321	-0.955634470198642
3.81934924157814	-0.954676016292998
3.86768781748835	-0.948959943724111
3.89313045491786	-0.944679156045803
3.91271692503674	-0.940797758731957
3.95571433154164	-0.930534987276229
3.9751318491552	-0.92512941795123
3.99448701322207	-0.919274069694369
4.03072080948302	-0.90709188052868
4.05370370695775	-0.898556637314817
4.06232940879534	-0.895194452425689
4.08876007684091	-0.884366708636998
4.10724369533893	-0.876330399876445
4.12489379284615	-0.868308140107973
4.12965286184202	-0.866087519971057
4.14483843469989	-0.858841036089437
4.1725771829369	-0.844987218682816
4.20268001588245	-0.829074027102328
4.20565135762227	-0.827454676118611
4.24364556640282	-0.806011474692292
4.27279320072354	-0.788658413250763
4.28617951818656	-0.780435365349387
4.33364173798896	-0.750067128300818
4.34072033650917	-0.745379875686028
4.38285904037892	-0.716678449868187
4.40822228447822	-0.698776462558919
4.43902196838241	-0.676439573913429
4.47332692299039	-0.650843993424465
4.50139227503876	-0.629374738738676
4.53653647533975	-0.601879088496141
4.57028865038187	-0.574878279298736
4.59845080090859	-0.551950067062198
4.64664140272807	-0.511960708333082
4.65920273637571	-0.501397990230912
4.71808685904445	-0.451232743003787
4.73372995538911	-0.437749733861375
4.77332389181367	-0.403395196756207
4.82861123521274	-0.35499213793114
4.84366976739674	-0.34174939918355
4.88038008327739	-0.309410246316491
4.93173959761701	-0.264122638480305
4.98081214935181	-0.22095879493003
5.02738522715862	-0.180231597547187
5.07120018486809	-0.142244851981525
5.107906667552	-0.110744154762111
5.11449701355859	-0.105122067225926
5.15230828855476	-0.0731008770778847
5.18618430967192	-0.0447879537601354
5.21122572508608	-0.0241130133280122
5.21530559721499	-0.0207663676493452
5.23807646980475	-0.00220533944038598
5.25608626380347	0.0123278246876551
5.27553607457209	0.0278698121307904
5.30123458173816	0.0481489956063349
5.30351470816413	0.0499337271561938
5.32936083694018	0.06999091036182
5.3650579030156	0.097153366449192
5.38953029507299	0.115393235652482
5.40521343506946	0.126911832259139
5.45023358799775	0.159208555917199
5.47070623253535	0.173503532158091
5.49916164533829	0.192947783421897
5.54830674233095	0.225327940734944
5.55388956908977	0.228907046508335
5.61359113535399	0.26586708884931
5.62203505113774	0.27089667864486
5.67711131705984	0.302455359307797
5.69599436499553	0.312771045142622
5.74860764386202	0.340111577142354
5.7676502923623	0.349492732406577
5.82928689916381	0.377935266777077
5.83757302916394	0.381533360798761
5.90565895704221	0.409034259909475
5.92473198828984	0.416075127520088
5.96953567481146	0.43146135909569
6.03390319089495	0.450719188628156
6.06016536776213	0.457610668662122
6.09539376372006	0.465975121635371
6.1562053974563	0.478049971780494
6.21390388069446	0.486759245955106
6.21510161806449	0.486911881399574
6.27225193795506	0.492879462584378
6.31998267355784	0.49590918258502
6.32742166991378	0.496223058165989
6.38061627243744	0.497245649521103
6.41389744875356	0.496809151232383
6.43122365922472	0.49625931917231
6.4799773285615	0.493553323081657
6.50114781519761	0.491853768341926
6.52503984541841	0.489561850051113
6.56857157882077	0.484391815750246
6.58381127404345	0.482283670761029
6.60740429664987	0.478721666835896
6.6443958061296	0.472425685577688
6.66295144371859	0.468946900890204
6.67645652056276	0.466283034399583
6.70416494627126	0.460478457943089
6.72593608038361	0.455603447729467
6.73925385512193	0.452487954520914
6.74729553450394	0.450558372741866
6.77031262954927	0.444839177027957
6.79915812611835	0.437269194698607
6.81277942401257	0.433542583693719
6.83179243149955	0.428182062335919
6.87056318111329	0.416699732938668
6.88378123309852	0.4126202315202
6.91213670965535	0.403597410005751
6.9525967672239	0.390112819094141
6.96025172595024	0.387483289920131
7.01317060273411	0.368672785651118
7.01816941999134	0.366840210629355
7.06781313834037	0.348158416918135
7.08439195047241	0.341734398526085
7.12923747460077	0.323928826354107
7.14871836106819	0.316012750245998
7.19739299799611	0.29579752417935
7.21141193270456	0.289869325730276
7.27227312044021	0.263651657466672
7.27284817375251	0.263400535121973
7.32743895234562	0.23932078076781
7.3633374545596	0.223253624919636
7.38469022509524	0.213628025189184
7.4402795735906	0.18838296742991
7.47579066355104	0.17215994254381
7.49385401315719	0.163892017358646
7.54549010525764	0.140239663899002
7.59489802188923	0.117652973330751
7.64185043591815	0.0963047183926418
7.68608980164821	0.0763556845159622
7.71303678749966	0.064307499632417
7.73146381764087	0.0561192441833542
7.76956184323934	0.0393411765143873
7.80379214444263	0.0244631397903352
7.81795621229152	0.0183668872968968
7.83259219265609	0.0121071908532402
7.85623151317865	0.00208531985467902
7.87860989657303	-0.00729519054097342
7.90116688593486	-0.0166393954615609
7.91143096227731	-0.020852744761772
7.92696189540828	-0.0271804329215212
7.95906323182674	-0.0400716491963716
7.99604710644772	-0.054591939372947
7.99788365739462	-0.0553033534258948
8.03442917985171	-0.0692609283839418
8.07986280880908	-0.0860683466985875
8.08043140130948	-0.0862747074715078
8.13109321918961	-0.104249576371256
8.15737976731558	-0.113245825800311
8.1864299784569	-0.122914820344876
8.23263620356221	-0.137686302753762
8.24787899127987	-0.142390956683731
8.30437605983555	-0.159078563963153
8.31557152030678	-0.162242511689461
8.37357261594659	-0.17785736538264
8.39118359499808	-0.182336978188273
8.44139606629788	-0.194426953008446
8.47772941510207	-0.202536424543464
8.50881482565461	-0.209043848125754
8.57545472732715	-0.221638369757886
8.58147773014026	-0.222685205512924
8.6368436752587	-0.231592412413484
8.69988051754196	-0.240159694004183
8.7609363835811	-0.246862385316449
8.79880127668543	-0.250235167642011
8.82164019110008	-0.251980323570782
8.87923937576835	-0.255426431708604
8.91193685757729	-0.256780223776451
8.93426657474966	-0.257456899300606
8.98797480845854	-0.258274154873459
9.00878740676764	-0.258286916130149
9.03811947285409	-0.258021386408889
9.08751081062279	-0.256840166555297
9.09782781330361	-0.256478772131077
9.13188998223132	-0.255010051162471
9.17628088966729	-0.252475590335158
9.18173575716035	-0.252116479658554
9.21448155411942	-0.249746553061237
9.25273573565856	-0.246523901485257
9.26191051000666	-0.245679582923156
9.28481946942109	-0.243453477276889
9.31467141531468	-0.240306066006754
9.33891945648095	-0.237548697929625
9.34164601024825	-0.23722756390391
9.36889016001534	-0.233899283079135
9.39642130879481	-0.230319010882079
9.41295880251884	-0.228066321296185
9.42567152630894	-0.226283640076853
9.46068891117333	-0.221152090433766
9.48450635826542	-0.217481199727146
9.5000287356527	-0.21501255162862
9.54456767674539	-0.207611886546519
9.55355611249725	-0.206062715447096
9.59112278909488	-0.199396418135549
9.6215929124503	-0.193773349976417
9.64460141351472	-0.189404956941899
9.68683562982676	-0.181132292538875
9.70389801707838	-0.177700923876043
9.74981955992093	-0.168234133225302
9.76926791519823	-0.164128039335178
9.81136878977753	-0.155063549910261
9.84162619872188	-0.148410865525312
9.87215241862616	-0.141596233809336
9.92231255978556	-0.130200135417008
9.93198256169138	-0.127978390174869
9.98990281436453	-0.114532232556401
10	-0.11216720580956
