0	2
0.0117317263387025	1.99979395962007
0.0296646349080983	1.99868799387312
0.0542233104742018	1.99563493300551
0.0844673117908954	1.98946473536659
0.0898639909145952	1.98808669470535
0.121871336126582	1.97822120694601
0.162520192185294	1.96158228711616
0.178608014844511	1.95375109654221
0.210125417839561	1.93641243130826
0.260686446112299	1.90321986821707
0.262594653914378	1.90183993719639
0.31612907770869	1.85950776825095
0.342969058095974	1.83571025865892
0.380042778736994	1.80013387233923
0.420949612512266	1.75737797324406
0.450838298899272	1.7239136383721
0.496450551396465	1.66941243138324
0.530089978030456	1.62668856271104
0.569836604453613	1.57360865579665
0.620983483061773	1.50144058318863
0.640608441284155	1.47266406185821
0.707397396859639	1.37065039537406
0.732047858652323	1.33151394842859
0.774986808882531	1.26163825627623
0.838075081052638	1.15548296891343
0.89924845944723	1.04921179954389
0.958398664968238	0.943989760854596
1.00864928164736	0.853168007855242
1.01885280846489	0.834590346668054
1.07462797542276	0.732512135843569
1.11677975578794	0.654962611745262
1.13021222497706	0.630214469128982
1.18179988504843	0.53520070378191
1.21297907019934	0.477897368835258
1.23351735735612	0.440250914348408
1.28022558930818	0.355078691619742
1.30305138983449	0.313733547173878
1.32660521633541	0.271306708298334
1.36728393125964	0.198696474800744
1.38874508046099	0.160768436373725
1.40674378897453	0.129185396153005
1.43928373781397	0.0726573202757905
1.46642884055269	0.0261069659703332
1.47126597033162	0.0178728997832474
1.48663392174477	-0.00815720043907639
1.50089783323378	-0.032136714256939
1.52206141791799	-0.0673811265359635
1.5493717443446	-0.112244010630514
1.55111235142033	-0.115079127190283
1.58140955271876	-0.163934844412555
1.61910772249599	-0.223380150747526
1.62752073936008	-0.236435192774793
1.66252834780342	-0.289885198571746
1.70122938734472	-0.347277699630755
1.71170395060493	-0.362494162947578
1.76430197980587	-0.436759439406947
1.7726927807922	-0.448269920993481
1.8226885222171	-0.514841065705727
1.84180625061117	-0.539369719142009
1.88833657071044	-0.596844960684234
1.90923051917391	-0.621608772557752
1.96108552585532	-0.680184020667249
1.97421566110948	-0.694354575572861
2.03564040304574	-0.757003391007732
2.04256160773967	-0.76368307453235
2.09673451336998	-0.81325714615845
2.13940849948651	-0.848895264046918
2.15679240094523	-0.86254221040181
2.21258264061352	-0.902903353560029
2.26467123627898	-0.935835812744455
2.26671964122032	-0.937036892488237
2.31840896083093	-0.964986981106962
2.36779886212488	-0.987463234169683
2.41463568900199	-1.00497611177042
2.45439747811899	-1.01696038397092
2.46015327935062	-1.01847708790077
2.50125140024648	-1.0277183468201
2.5388141070592	-1.03374608466212
2.5659572666088	-1.03668128746513
2.57406326965129	-1.03732872751439
2.60202672451579	-1.03876235777097
2.62277602104252	-1.03903033409246
2.63740836439322	-1.03881577289778
2.65763889759189	-1.03797504342188
2.66534964976296	-1.03748939285089
2.68577517339499	-1.03576731384807
2.71810938119688	-1.03176271266327
2.75548565472047	-1.02521692259095
2.75672083570008	-1.02496595068958
2.7975049572355	-1.01546524360473
2.84247572238921	-1.00230902463408
2.8450832607738	-1.00146166710984
2.89713155531306	-0.982678686982456
2.92490608113496	-0.971228013092807
2.95704134620512	-0.956786561826158
3.00411080918095	-0.933410475281503
3.02270662443797	-0.923471085228144
3.0802783067988	-0.890306828055074
3.09505297287668	-0.881231496692006
3.15394011207659	-0.842923041324879
3.1769890269768	-0.827036144814284
3.22604315063511	-0.791677279342618
3.27300182325397	-0.755985706283156
3.296077359745	-0.737832981642162
3.36191473050172	-0.684040959775032
3.39629455229678	-0.654873887016992
3.42872749742249	-0.626757504639649
3.49090697079446	-0.571428631687307
3.55119210288346	-0.516285789826137
3.59120737017303	-0.479035735910868
3.61284707127789	-0.458715190555848
3.66949969254732	-0.405080762323877
3.70306429437769	-0.373083852700111
3.72667357558371	-0.350517729384914
3.77923423780179	-0.300217626884967
3.80192646978982	-0.278510566273928
3.83202700101323	-0.249768339693871
3.8798901070843	-0.204273306658807
3.89355874485419	-0.191343040874944
3.92699221286592	-0.159870781769574
3.96917906997809	-0.120530705359851
3.98027608043608	-0.110261038681996
4.00968014600451	-0.0832320923723067
4.0444392321551	-0.0516539822263893
4.06357576524364	-0.0344571625583748
4.07668821052873	-0.0227568784988915
4.09976568942205	-0.00233839525618929
4.1174566716297	0.0131579285264096
4.13696875699542	0.0300838429406373
4.14468789058806	0.0367305050301033
4.16396574604316	0.0532019586001541
4.19565713376873	0.0798680753927155
4.22234915201909	0.101911624796967
4.23448989685072	0.111806977255293
4.2764158218801	0.145315819988681
4.29742759912711	0.16171044128054
4.32534317799169	0.183060154534923
4.36969894315254	0.215929573874329
4.3786864325983	0.222427798493591
4.4359321640431	0.262476720036566
4.43924087391312	0.26471960776448
4.49848551153927	0.30349009663569
4.50601510619497	0.308226950637127
4.56847108286727	0.345797271335436
4.57019304153661	0.346789227502399
4.63231978409564	0.380954157481815
4.64767034774788	0.388904812077261
4.69491310235915	0.412126850767944
4.74137242875541	0.43310637804344
4.75533036928001	0.439045944003053
4.81186460790065	0.461366860948101
4.85844171951563	0.477653162310246
4.86797427539545	0.480751131336979
4.92044606943925	0.496369160059272
4.97066832729004	0.509045255491968
5.01840333142033	0.519040324940802
5.06338427861764	0.526639584071249
5.08855445676506	0.530127588422512
5.11239912387995	0.532930087766377
5.1508655676118	0.536430807961765
5.18532865009798	0.538508869472219
5.19837430023464	0.539037150046124
5.21740740536213	0.5395560671592
5.23991925271416	0.539787151507747
5.25810348885595	0.539673777923304
5.27836865225409	0.53923490136866
5.29655584114372	0.538563290964887
5.30721695753935	0.538048514192925
5.33969775162034	0.535936389046078
5.37721984073852	0.532493240461689
5.38754530913228	0.53136002069546
5.42112468746425	0.527133280426418
5.46849155324222	0.519793992681456
5.47310677793081	0.518994369744022
5.52116744655261	0.509807289285829
5.55481997056343	0.502460929242717
5.58149821218194	0.496121376935347
5.63358108977711	0.482485179343785
5.64711219867185	0.478677998659662
5.7091393864724	0.459910205829598
5.71937543541103	0.456611414801595
5.78219504237098	0.435204135293927
5.8015238615091	0.428230295722836
5.85389956910149	0.408489452435704
5.89836543741252	0.39082388199441
5.92386333544203	0.380346732492019
5.98950360510699	0.35232780106045
6.0240719622796	0.337019410701432
6.05613780764835	0.322517364802744
6.11812695312235	0.293764806048045
6.17822179982501	0.26513621743798
6.21056351361805	0.249482189917828
6.24016203408872	0.235034071846815
6.29658692314376	0.207249744575787
6.32231247619461	0.194504968269552
6.35358658774621	0.178974016872634
6.40589170299597	0.152968751909966
6.4210545558813	0.145433972203962
6.45795899055211	0.127130909783734
6.50554540612623	0.103650014741246
6.5124524644309	0.100256509028905
6.55144768591811	0.0811917029336154
6.59335526739369	0.0609101147923314
6.59894773011845	0.0582219913131792
6.63263143104066	0.0421379363285812
6.66711570505727	0.0258763167325443
6.68217528764057	0.0188456056412027
6.69900387231872	0.0110440649425688
6.72157636431281	0.000675673677307647
6.74359161490596	-0.00932530153775094
6.7631342229335	-0.0181059766311927
6.76702955983895	-0.0198449402716701
6.79520221307756	-0.0323048058113783
6.82873563847288	-0.0468575598895744
6.84097657802336	-0.052091430574651
6.86879990410532	-0.0638235999034683
6.91235230355922	-0.0817106033138833
6.91563946596939	-0.0830363016343334
6.96046301400493	-0.100753343867054
6.98782667676109	-0.111231604657653
7.01629550539137	-0.121850112060213
7.05824265813401	-0.136951695345167
7.07755677723552	-0.143681345145148
7.12643179655	-0.160058510236804
7.14501537718216	-0.166035473397604
7.19277095537878	-0.180743863702701
7.22042538710894	-0.188825403588422
7.25768129276161	-0.199196451919849
7.30582706124143	-0.211705500913669
7.31979119039517	-0.215142962279451
7.37812303892019	-0.228560405521672
7.40640400630768	-0.234514814066612
7.43751085665424	-0.240645101866416
7.49190344591742	-0.250303305537297
7.54414623009758	-0.258305045922506
7.54907692304142	-0.258995702309205
7.5966502891417	-0.265088222152714
7.64423191140364	-0.270149571052552
7.68908877890363	-0.273982282102039
7.69980134298291	-0.274763665925477
7.73425108459476	-0.276929491267724
7.77259119191741	-0.278722249831542
7.80690169279364	-0.279781527502767
7.80974501597886	-0.279846393122911
7.8372695334612	-0.280295220781601
7.86000653211936	-0.280422589453609
7.8826170803898	-0.280333439273389
7.90540824978706	-0.280028313591864
7.90830590200265	-0.279974135372812
7.93391788402981	-0.279346473168339
7.96743175132885	-0.278125638536991
7.99955306838916	-0.276538453347369
8.00756002418249	-0.276080174517016
8.05111309532685	-0.27316035025959
8.08590736650044	-0.270319324821804
8.10174712388122	-0.268880046061009
8.15535217763675	-0.263354971675517
8.16832292163718	-0.261869439228564
8.21576486205124	-0.255963824609875
8.24736193933977	-0.251631042535175
8.28370609873355	-0.246269988359542
8.32400517900891	-0.239874166467619
8.35935447845651	-0.23389188379884
8.39837211419687	-0.226906908543891
8.44503482252019	-0.218059390614424
8.4703663445407	-0.213043945102186
8.53802816454506	-0.198979317113673
8.54566619414085	-0.197333829672546
8.60526311591663	-0.184135819905398
8.66919136172015	-0.169338380393623
8.69110027861678	-0.164132935796957
8.73445097224615	-0.153658746639711
8.79477281502112	-0.138753525411821
8.84066140671442	-0.127206483822358
8.85523436885335	-0.123508762112661
8.91185023010367	-0.109039857761954
8.95110758912475	-0.0989357638371442
8.96868975889103	-0.0943989151560305
9.02122309659267	-0.0808304786944869
9.04948845999554	-0.0735347201286045
9.07405097813758	-0.0672064600505136
9.12187760842321	-0.0549385981057295
9.14091877635402	-0.0500805153732824
9.16936191093148	-0.0428599387345146
9.21147066940939	-0.0322653751044294
9.22755155436418	-0.0282535027139194
9.25239372282526	-0.0220982720408224
9.2869815810329	-0.0136223028022309
9.31071583752966	-0.00787507876675399
9.31852527718816	-0.005997129071347
9.3456811458532	0.000479073605151796
9.37310559976055	0.00693018401027791
9.39127480078451	0.0111520331347092
9.40294076095906	0.0138398730016279
9.43421783200394	0.020953479999545
9.46864386706106	0.0286201279459779
9.47124301129552	0.0291917751797071
9.51261960933262	0.0381483091183241
9.54329186198896	0.044608054772943
9.56109604636668	0.0482845055266428
9.6124211712158	0.0585674347438067
9.61527836159882	0.0591258370974178
9.66843384190284	0.0692308468850815
9.68467182904178	0.0722087594274899
9.73218888741671	0.0806179699097808
9.75255999441546	0.0840812833217763
9.80291518281988	0.092265109724204
9.8182541932731	0.0946497526692792
9.88018337376874	0.103748610035375
9.88142896518	0.103922848617659
9.94099369487735	0.111842152211961
9.97366636899431	0.115839765181918
10	0.118880941901305
