0	0
0.001154700442064963	0.003463101903545111
0.002309792054872382	0.006925030692047788
0.00346521727504564	0.01038595962515809
0.004643068953616073	0.01391200676107027
0.006006678556636597	0.01799155096209379
0.007557913217084574	0.02262903725467544
0.009298295458882246	0.02782770934353567
0.01122910428117541	0.03358991148998112
0.01155895384305797	0.03457374083033692
0.01316976250323478	0.03937535495791485
0.01542988185867074	0.046105738646764
0.01787692705761644	0.05338389854941809
0.02051165211174873	0.06120997245483335
0.02315151697618428	0.06904062052323709
0.0233227189041199	0.06954803618853773
0.02628472489083737	0.078319610337841
0.02943030189126164	0.08761959937410811
0.03276001785239859	0.09744696274459123
0.03477988126450725	0.1033998874728349
0.03618804259936116	0.1075457271894676
0.03982444479395374	0.1182369376259427
0.0436407816256181	0.1294340773398818
0.0464413272993991	0.1376358703335232
0.04757936281094738	0.1409647618790815
0.05168994157581851	0.1529707239823118
0.05597639506141528	0.1654604078193724
0.05813813765416827	0.171747621393439
0.06033273428160429	0.1781216652301923
0.06489854128917336	0.1913563622824453
0.06963633681882855	0.205052021203564
0.06986815136160286	0.2057211534406848
0.0743215289873118	0.21855623798814
0.07932266368742386	0.2329287037369482
0.08163194435611089	0.2395504958478514
0.0843786070685608	0.2474133517865786
0.08963721160228816	0.2624294970002753
0.09343228141551688	0.273235805177336
0.09500499555919456	0.2777059806760505
0.1005136846967996	0.2933278591865239
0.1052708298783044	0.3067738980274793
0.1061555862461606	0.3092698174315692
0.1119064567858736	0.3254575546073593
0.1171480002107464	0.3401579009517321
0.1177959521196628	0.3419713749624875
0.1237810489047094	0.3586845284845961
0.1290632787228809	0.3733783092915999
0.1298971628785121	0.3756928379904486
0.1361086798797223	0.39289101166493
0.141015571095386	0.406424040738439
0.1424325898590515	0.4103229601045037
0.1488629362525976	0.4279660518047275
0.1530035826486519	0.4392835481980077
0.1553759054766276	0.4457516209418799
0.162017703691076	0.4637998997296945
0.1650262411672994	0.4719459972218129
0.1686998819895115	0.4818668352885862
0.1755459338303352	0.5002809504866036
0.1770831495385388	0.5044024619914849
0.1823757673301395	0.5185535127445844
0.1891754311073986	0.536648099188652
0.1894141747642122	0.537281592299394
0.1965142944287296	0.5560660173850471
0.2013261498657752	0.5687356299870526
0.2036963946942178	0.5749575789324953
0.2109855057224941	0.5940156184542129
0.2135055329604868	0.6005778073190118
0.2182862099201089	0.6129871974360299
0.2257164668338833	0.6321746657415056
0.2257572122487246	0.632279538295467
0.2332788679810746	0.6515758120375535
0.2379926212281841	0.6636044014680795
0.2408685449504639	0.6709178793664394
0.2485650519269859	0.6903981077649044
0.2502928221190298	0.6947528072974353
0.2562427760406207	0.7096950930053902
0.2626271542570552	0.7256380834573993
0.264082518452522	0.7292588481224112
0.2719917776281827	0.7488499897519179
0.2750218566293349	0.7563169737714972
0.2799176926738451	0.7683347200846989
0.2874429977082275	0.7866968616955783
0.2879806138530701	0.7880034025206532
0.2960928352544479	0.8076343923136767
0.2999349045922685	0.8168771524570118
0.3042388039190249	0.8271874854010678
0.3124464060783482	0.84672533723273
0.3125054325683492	0.8468652402195872
0.3208112518328742	0.8664665287878601
0.3250367329601634	0.8763737105621909
0.3291559038656585	0.8859880930096092
0.3376105412781063	0.9055901326891141
0.3376418701003343	0.9056624403282951
0.3459928921728533	0.9248465556344326
0.3502910000804205	0.9346522461320077
0.3545191965027426	0.9442517968068482
0.3629927661108033	0.9633537136882298
0.3631494340028187	0.9637051325969603
0.3718154071507029	0.9830459172018676
0.3757815877173449	0.9918336589335093
0.3805082305253328	1.002252079924059
0.3885835790094953	1.01991816833423
0.3893022885316064	1.021482079438999
0.3981370499014995	1.040596466897516
0.4014720262393679	1.047758955042575
0.4069830654588072	1.05952932555638
0.4143784346494797	1.075198574624394
0.4159299555965488	1.078467170559652
0.4249262301252903	1.097293616902477
0.4273680879922258	1.102366628577773
0.4339131817806758	1.115883582077124
0.4403841427151202	1.129134608141958
0.4430023715730013	1.134463405568474
0.4521533115160437	1.152942486948396
0.4534781831055314	1.15559916984657
0.4612698374914784	1.171124285581177
0.4666104816919058	1.181670207732203
0.4704912362002181	1.189283321881726
0.4797903716453933	1.207357769435746
0.4798142254268316	1.207403828898059
0.4890260256839826	1.225070535407965
0.4930710358212943	1.232754107429708
0.4983701189250715	1.242749532864695
0.5063984630776996	1.257744085438569
0.5077967078610734	1.260336828747445
0.5172632794235137	1.277746402993819
0.5198324845297632	1.282428039729603
0.5267210237036654	1.294886656785261
0.5332934906926714	1.306648871995189
0.5362664209405513	1.311928347585691
0.545868721348762	1.328809209000125
0.546849988314547	1.33051957310557
0.5554318124646112	1.345358237731146
0.5604565643465458	1.35394891536383
0.565087997432957	1.361801849062474
0.5741519481371214	1.3769923065669
0.5748148696985472	1.378093876631853
0.5845707335618815	1.394158550121243
0.5879877589419491	1.399720404225302
0.5943309037196824	1.409953708938729
0.6018428477314353	1.421921821203884
0.6041675630406057	1.425591785613063
0.6140482453456086	1.441014586950894
0.6158249770051487	1.443757801672459
0.6239062735658505	1.456116403921787
0.6298572263320665	1.465095096327391
0.6338464995690632	1.47105491754999
0.6438474151191305	1.485790560224355
0.6440050831998192	1.48602052916592
0.6537986753937952	1.500158824473857
0.6582355768976816	1.506471144690768
0.6638375957385054	1.514356598203528
0.6725823718734293	1.526480492313051
0.6739437081003198	1.528347195218853
0.684081275284436	1.542075427884027
0.6871101591510818	1.546118119772206
0.6942158842049135	1.555493438239596
0.7016840945349988	1.56518538536214
0.7044224418386058	1.568696877735476
0.7146714008951546	1.581641335130577
0.7164331542680564	1.583834995995991
0.7248998333860863	1.594245956671162
0.7312659958099752	1.601933244151868
0.7352043273145231	1.606627321788099
0.7455609470213285	1.618750082901416
0.7462740761511957	1.619573060896247
0.7558831302485021	1.63051136691831
0.7614046039084383	1.636671738772957
0.7662846209441176	1.6420392707727
0.7767189581108785	1.653276674592445
0.7767452287429421	1.653304549777726
0.7872255350925573	1.66426008980966
0.7923540041626964	1.669501252118091
0.7977255158607116	1.674905003304733
0.8080402981263266	1.685039171511158
0.8082856711809904	1.685276312204978
0.8188665557504788	1.69533063911795
0.8240936156098995	1.70017385174694
0.829466960633586	1.70506604186982
0.8401263417288036	1.714514924157771
0.8402280334779002	1.714603434234475
0.8507491861557147	1.723590955940542
0.8566036401756203	1.728448669314445
0.8614517840248744	1.732392742810955
0.8722063519294897	1.740891001057669
0.8732993678059841	1.741735410606015
0.882938245367732	1.749025312972479
0.8902788972142958	1.75439121302186
0.8937459167511184	1.756868987810587
0.904593267185188	1.764390072197689
0.9077166659793559	1.766490902667717
0.9154395691295298	1.771559277538299
0.9254777248250781	1.777882435427958
0.9263541088189041	1.778420128421393
0.9372921388101033	1.784939805400676
0.9439792840242776	1.788751478419017
0.9482564774107244	1.791119378568764
0.9592637262465518	1.79696500114915
0.9629144226936504	1.79882510647242
0.9702749042893705	1.802454827374915
0.9813496729895421	1.807616493466624
0.9824650819870562	1.808116485932014
0.9924083960242237	1.812410934597439
1.002876541644516	1.816620134893077
1.003546212031626	1.816878425205739
1.014706805117559	1.820991403356871
1.024895930257393	1.824430832374666
1.025907214590107	1.824755639537705
1.037132066442154	1.828162885610005
1.048398965785635	1.831217949475565
1.048619427551261	1.831274101924988
1.05964824126797	1.83390361243651
1.070976796136829	1.836242687539478
1.074451790594749	1.836887096957239
1.082309870283503	1.838216648489159
1.093699348480127	1.839833373025541
1.105126324427191	1.841088061314037
1.105244296542276	1.841099106635104
1.116541635250698	1.841974615269351
1.128027952140629	1.842499422325578
1.139548940996517	1.842657871494226
1.151103657591884	1.842448793971063
1.160821237604285	1.841989306692645
1.162696129498918	1.841870988449476
1.174312079160389	1.84092492554386
1.185958817998665	1.839608659250527
1.195416632309527	1.838270460122164
1.197641178526729	1.83792082528199
1.20935859948995	1.835861370510817
1.219203179924521	1.833848596962693
1.221108454846465	1.833429406658498
1.232895072434151	1.830624092370469
1.238830309789172	1.829073458372328
1.244723768134889	1.827442785949303
1.256333730831719	1.823966630924103
1.256577728959807	1.823889828052417
1.268471939236987	1.819960839823221
1.271558081062203	1.818882152435436
1.280414909683787	1.815651698773513
1.285912213310801	1.813546514822264
1.292387999279465	1.810968651231283
1.299074063029679	1.808196609379969
1.304395983394271	1.805910085082136
1.311252895866279	1.802860271997206
1.316441461682699	1.800474909472863
1.32262075567528	1.797547601709857
1.328526040081004	1.794662314799636
1.33330939468743	1.79226282964561
1.340651093894568	1.788471526840165
1.343411654172681	1.78701223090235
1.352818232733818	1.781901583497833
1.352984252199636	1.781809478083976
1.361969782472581	1.776726241563286
1.36503404762198	1.774948656758098
1.370342301742619	1.771816948213478
1.377277708612233	1.767624892148716
1.378428474337034	1.766918424833803
1.386067726086126	1.762150085963447
1.389570489128278	1.75991809137047
1.393225398855992	1.757558998432175
1.40012592308104	1.753020737574534
1.401899050297732	1.751836849060127
1.406482321448211	1.748743591381138
1.412699605299581	1.744470740763126
1.414269418556368	1.743377931591686
1.418403892925592	1.740473333661893
1.423983506117411	1.736492211045416
1.426683740508936	1.734540340567398
1.429167184293094	1.732730916836978
1.434145357237807	1.729062351015841
1.438879069404673	1.725522657422411
1.439143465210347	1.725323481377296
1.443084773956713	1.722336397686688
1.447266801839356	1.719129395452876
1.45121389221097	1.716067228058314
1.451647593052138	1.715728673492253
1.454686577866328	1.713345117582207
1.458117420715118	1.710630031682108
1.461321591807235	1.70807120287162
1.464198143114833	1.705755015194198
1.464291938011539	1.705679197482375
1.466995838721295	1.70348540328323
1.469479922804279	1.701456094778208
1.471743607339911	1.699595292580738
1.473786100522806	1.697906880231538
1.475606331063724	1.69639466626792
1.476798012808621	1.695400797242212
1.477153992662153	1.695103349528018
1.478701457521177	1.693807199651074
1.480248922380202	1.692505966262551
1.481796387239227	1.691199654004845
1.483343852098252	1.68988826752035
1.484891316957277	1.688571811451461
1.486438781816301	1.687250290440572
1.487986246675326	1.685923709130078
1.48944513439505	1.684668431828225
1.48956652589575	1.684563790217108
1.491323175450044	1.683046073800946
1.493265368646448	1.68136053231092
1.495393791046723	1.679504314354476
1.497708973783025	1.67747448112096
1.500211322856614	1.675267983301451
1.5021420392906	1.673556626123928
1.502846881315336	1.672929993608557
1.505677655539411	1.670403000728919
1.508690726776689	1.667695129093795
1.511886154378865	1.664802968494938
1.514888995502953	1.662066013921982
1.515243686558783	1.66174153686971
1.518751479534991	1.658518791572269
1.522436329920392	1.655106474320254
1.526298099437084	1.65150081495569
1.527688671958283	1.650195088969478
1.530200011768286	1.647827331003041
1.534350938670791	1.643886074217013
1.538673342891145	1.639745463477635
1.540537739801285	1.637948008625117
1.543048981616614	1.635516250063553
1.547647007267014	1.631031589252648
1.552411118498526	1.62634115609009
1.553440482852583	1.625321878278978
1.557173728721681	1.621608211524337
1.562198127664898	1.616567581543833
1.566397058447366	1.612317735186957
1.567351059500374	1.611347506885458
1.572629530794562	1.60594794591798
1.578063999547629	1.600333487581045
1.579416503462212	1.598927504931761
1.583500747271847	1.594661186784861
1.589173239369092	1.588684072213183
1.592487429509178	1.585164172217157
1.594920627002495	1.582567152998983
1.600823883091958	1.576221239587531
1.605621356870356	1.571017017325942
1.60684100212085	1.569687349528174
1.6129671591517	1.562967990284634
1.618821827867949	1.55648329601251
1.61922596838437	1.556033421867863
1.625567027632645	1.548936979105489
1.63204608455115	1.541612730644208
1.63209119505076	1.541561477152346
1.63846179532431	1.534288192429318
1.64514124641256	1.526586772177657
1.645409365912209	1.526276026610039
1.651766099482801	1.518873152149025
1.658638805375179	1.510792198044833
1.658794607050775	1.510608082610258
1.665452671742731	1.50270254664782
1.672249621489062	1.494556082883276
1.672506869679348	1.494246269531032
1.679624403156405	1.485631661098792
1.685803582976382	1.478085978196999
1.68684554639609	1.476807553331846
1.694141145232013	1.467807888879207
1.699428811819079	1.461232319767122
1.701516998065487	1.458623462451018
1.708983992104483	1.449239130001228
1.713126193828083	1.443996055116649
1.716502034474042	1.439703653306087
1.7241339700483	1.429935784829892
1.726897704383991	1.426376877680055
1.731781382989108	1.420060350825288
1.73957200115611	1.409910858837579
1.740746842810958	1.408372554407362
1.747335782520612	1.399708270774094
1.754680800175884	1.389975936928252
1.755270779638181	1.389190861223223
1.763258588143401	1.378513496156205
1.768746991077615	1.37112524802464
1.771310984064832	1.367659442548687
1.779444289167068	1.356605977132764
1.782891758306577	1.351893597906056
1.787601030748288	1.345430754921747
1.79587438548299	1.334005332861924
1.797122798594441	1.332273464650656
1.804122508782163	1.322525773333446
1.811454974121293	1.312247023097733
1.812517723242159	1.310751568732534
1.820963975379068	1.298816219141672
1.825946024037953	1.291734482173285
1.829455373604245	1.286727848412414
1.838030075610482	1.274432014589925
1.840529289190392	1.270831634052777
1.846604933207739	1.262048335038102
1.855220507435284	1.249519218450138
1.855302475372723	1.249399604776066
1.864035590141281	1.236612274364872
1.870121366908711	1.227650541211587
1.872822903141285	1.223659180426591
1.881673867797099	1.210526833481001
1.885126452525574	1.205381281635088
1.890539150929138	1.197289065833022
1.899503664122988	1.18381941207039
1.900256358488613	1.182684684872057
1.908436229384496	1.170316220508388
1.915546902438402	1.159510078930212
1.917491418229105	1.156546294990314
1.926595738382584	1.142621449018245
1.9310736705834	1.135743605004902
1.935725832683709	1.128578275195155
1.944934507030501	1.114336434243438
1.946753950934772	1.11151348942401
1.954130738018384	1.100038083220029
1.962626802602775	1.086762782453226
1.963433557654957	1.085498975926605
1.972771207957615	1.070832113435349
1.978836207595681	1.061267244046112
1.982148574137262	1.056030872370173
1.991582216834291	1.041070552284239
1.995248947981566	1.035237144040583
2.001027782018757	1.026022929842358
2.010554002765181	1.010779857852111
2.01190822813129	1.00860763564463
2.020063181778784	0.995499517464055
2.02887307979581	0.9812871772503244
2.029673290600021	0.9799936424569717
2.039314829780945	0.9643758530021957
2.046350867239612	0.9529411259055027
2.04899773516038	0.9486314920667199
2.058724640696629	0.9327582935496923
2.064198031545507	0.9238020014863908
2.068478239707761	0.9167861808774614
2.078287584762389	0.9006696081957278
2.082495655819966	0.8937401403514398
2.088111447116702	0.8844782210913386
2.098000408127065	0.8681306994024336
2.101347148980304	0.8625875866406441
2.107895713115971	0.8517262698828377
2.117861593287763	0.8351605411049129
2.1208889001202	0.8301200783862674
2.127830968433487	0.818547254588556
2.137871224073368	0.8017763015716409
2.141311357825681	0.7960214304673388
2.147918407581775	0.7849568177727335
2.158030675809592	0.7679937891640013
2.16290404596562	0.7598073515407954
2.168159930861806	0.7509702118396757
2.178342056404237	0.7338283516125085
2.186162279820565	0.7206444910545243
2.188557161090081	0.7166039486427481
2.198807217494211	0.6992965373171955
2.209099153403083	0.68189670627146
2.212181088151883	0.6766826084239981
2.21939607934434	0.6644697456677092
2.229752553215556	0.6469260042434539
2.240147702984635	0.6293033512366933
2.24271125292358	0.6249558016166635
2.250545859631153	0.6116653320751884
2.261002980395916	0.593919812029716
2.271495579693464	0.5761093910757776
2.282022613719472	0.5582387469677186
2.292583035050505	0.5403126222958625
2.294236848118903	0.5375056850072057
2.303199801391038	0.5222948660126761
2.31382002023948	0.5042785525997232
2.324470441257813	0.4862214493015811
2.332672805702822	0.4723240955227362
2.335157054358877	0.468116525555233
2.34587546309468	0.4499742052059298
2.356620940818565	0.4318058996504567
2.356860259481453	0.4314015249767822
2.367430067836416	0.4135528472353918
2.377111938826864	0.3972256237139334
2.378242439909755	0.3953205278368173
2.389090201679762	0.3770577780400747
2.394262999899724	0.3683605957028335
2.399976495001722	0.3587627955654114
2.40998739702377	0.3419705038268381
2.410885899484239	0.3404648197877121
2.421829711944187	0.3221482156146542
2.424008300360856	0.3185069946223532
2.432818888860399	0.3037982033228336
2.437255193905115	0.2964033308458996
2.443833672418052	0.2854512800609604
2.449510287645301	0.2760151096045395
2.454877883753581	0.267104507712016
2.460917371437274	0.2570938000037989
2.46595353719074	0.2487580345840972
2.471603595183759	0.2394203739547638
2.477061716884244	0.2304136105080453
2.481673119478833	0.2228155737914297
2.488203182425356	0.2120735704081553
2.491204538285734	0.207143734412476
2.499378752474664	0.1937401996110721
2.500250305858554	0.1923132107302457
2.508785934660951	0.1783590009909375
2.510591692834395	0.1754118223123617
2.516681745220513	0.1654863336462867
2.521828636417216	0.1571139203869359
2.524321614383378	0.1530643271763554
2.531610833089671	0.1412442265711134
2.533101324562413	0.1388310222953612
2.538325412954469	0.1303841294748546
2.544403527395504	0.1205769331729029
2.544900795254553	0.1197756389855462
2.551092994320708	0.1098104752693338
2.555745080749354	0.1023395416969808
2.556973733441338	0.1003688708151074
2.562538447066172	0.09145570050199317
2.56711698560359	0.08413712967713211
2.567823680691533	0.0830088359669293
2.572794232152047	0.07508242729417312
2.577527393390155	0.06754997352552425
2.578522287123863	0.06596858420812514
2.581798341779959	0.06076661074811211
2.585981846116021	0.0541345514923958
2.589934595299703	0.04787944985122305
2.58995728393208	0.04784357699862824
2.593376521446705	0.04244220321504875
2.596816166924556	0.03701705462999928
2.60003122741052	0.03195379347506977
2.601425873966911	0.02975972325246343
2.602897218166358	0.0274467578974152
2.605618825606155	0.02317259530157484
2.608121260701683	0.01924747106255334
2.610403357431494	0.01567198815121831
2.612463783613897	0.01244711170533793
2.61292840386079	0.01172034395234697
2.614139936418231	0.009826199394235048
2.615758003620889	0.007298215617727525
2.61737672549181	0.0047712086169199
2.618996102560363	0.00224517837395169
2.620616135356794	-0.0002798751294277025
2.622236824412937	-0.002803951912962997
2.62385817026033	-0.005327051994948745
2.624464851820953	-0.006270641717976597
2.625354234176966	-0.007653269316094636
2.626948858355751	-0.01013070351820203
2.628554509824389	-0.01262325072583885
2.630347555679708	-0.0154043087627019
2.632329181068952	-0.01847492428352237
2.634500416487839	-0.02183581555552937
2.636035445752354	-0.02420968588583972
2.63679315141514	-0.02538064597521332
2.639298276286357	-0.02924876827480123
2.641989214947354	-0.03339815534189648
2.644866635785771	-0.03782863254900445
2.647640416100478	-0.04209321702525337
2.647913490157357	-0.04251267960530268
2.65111195856207	-0.04742116303894321
2.654492732741699	-0.05260019172092636
2.658056347546794	-0.05804906584893425
2.659280785093359	-0.0599188440182976
2.661656753877294	-0.06354308654360066
2.665518787189445	-0.06942387560179983
2.669559477504138	-0.07556313233972081
2.670953354185467	-0.07767771653348172
2.673633676656622	-0.0817387601315257
2.677959815923525	-0.08828020308297628
2.68246059606341	-0.095068403968658
2.682660120237508	-0.09536892412053481
2.68690967574794	-0.1017604164950892
2.69168067462359	-0.1089169428639903
2.694401244199836	-0.1129887243634276
2.696532990195716	-0.1161742300048118
2.701569017030453	-0.1236831357452495
2.706179130315017	-0.1305366709581974
2.706752167728393	-0.1313871156308225
2.712045813991447	-0.1392288847226408
2.717502361039446	-0.1472845397678096
2.717996740455814	-0.1480130343162016
2.722912787596306	-0.1552436120067507
2.728611030860396	-0.163595741857025
2.72984320577199	-0.1653977163434068
2.734296906741194	-0.1718979406353441
2.740229715986012	-0.180526858752474
2.741725844437397	-0.1826974772552234
2.746158313367694	-0.1891144742023406
2.752318270361112	-0.1979998968067894
2.753644790407959	-0.1999084003994751
2.758462860750995	-0.2068245504430863
2.764842500928331	-0.2159459870359845
2.765599926114375	-0.217026195075764
2.771179053578044	-0.2249637493012434
2.777591524572595	-0.2340471229505748
2.777766979163128	-0.2342950316896713
2.784423627151646	-0.2436765780131057
2.789637095197712	-0.2509915685397312
2.791186208966759	-0.2531593345431062
2.798046749151554	-0.2627287270462676
2.801715051271423	-0.2678247399946571
2.804963659846297	-0.2723250417382919
2.812021216840808	-0.2820621693980472
2.813825343578205	-0.2845425667844552
2.819069645483093	-0.2917313988144439
2.825970176536244	-0.3011440583339934
2.826310854877867	-0.3016073371986906
2.833612107986256	-0.3115046422724171
2.838175179518491	-0.3176596549923403
2.84098340805847	-0.3214354146399279
2.848466908503352	-0.3314531077543128
2.850407177242346	-0.3340399694433393
2.855940630775175	-0.3413925884480858
2.862672703302982	-0.350289866227876
2.863583811373581	-0.3514898114526375
2.871290291185412	-0.361600194857596
2.874999676195261	-0.3664416952404705
2.879035129323308	-0.3716895578826779
2.886910329543986	-0.3818746360264907
2.887351464680414	-0.3824429708822736
2.894723827273436	-0.3919049976879161
2.899743250569984	-0.3983094369550508
2.902706362991113	-0.4020752773081619
2.910785549519735	-0.4122883214111487
2.91218734249185	-0.4140522000344949
2.918833317793473	-0.4223805350353188
2.92466680744404	-0.4296454005991756
2.927028839588484	-0.4325745448368666
2.935302842363579	-0.442779616029185
2.937205571268335	-0.4451142388434653
2.943558704730175	-0.45287505522593
2.949776421340461	-0.4604206037360836
2.951948456784439	-0.4630444942964114
2.960408493078982	-0.4732064507876078
2.962411275566155	-0.4755986379349785
2.968851870657344	-0.4832550631566985
2.975077141197575	-0.4906040813816431
2.977420520348931	-0.4933569697594135
2.986058273930795	-0.5034416198673244
2.987809237721323	-0.5054739095145439
2.99467203829846	-0.5133989363505378
3.000574046869986	-0.5201642714735453
3.003406248032152	-0.5233937818345742
3.012213878169292	-0.533367958294184
3.013404907633682	-0.5347087375015196
3.020983132125589	-0.5431934614921743
3.026273238107381	-0.5490701230172363
3.029870783307114	-0.553044189912281
3.038840900688294	-0.5628757906179531
3.039205357519366	-0.5632729219532921
3.047752323236759	-0.572532080163997
3.052182770672957	-0.5772919382160521
3.056782150229949	-0.5822037104816571
3.06522288737402	-0.5911409197543334
3.065900243674443	-0.5918537031893337
3.075054200241524	-0.6014231166961592
3.078362042863152	-0.6048521068193045
3.084215424120365	-0.6108810281648189
3.091517885030801	-0.6183343538003649
3.093468211812163	-0.6203118626109995
3.102770366472204	-0.6296688543333085
3.104764864932897	-0.6316590345667568
3.112052755305249	-0.6388813896850459
3.118044255352397	-0.6447617592843573
3.121430830390095	-0.6480620957353678
3.13087514795311	-0.6571780673487191
3.13140593691281	-0.6576865740995533
3.140269311690584	-0.6661157576274351
3.144818701371122	-0.6703977925799803
3.14976385936912	-0.6750172300789379
3.158310059742219	-0.682915871709193
3.159334736782321	-0.6838555564666198
3.168939739822362	-0.6925884808298701
3.171922736019854	-0.695272938937224
3.178542763691576	-0.7011823079543096
3.185558499537473	-0.7073738731215872
3.188227753403938	-0.7097099474176608
3.197963193387125	-0.7181400190209567
3.199302997984479	-0.7192891203767315
3.207667362089113	-0.726400803744254
3.213097452204117	-0.7309614829124467
3.217459224435613	-0.734592151905885
3.226991366307084	-0.7424266967995483
3.227317482400243	-0.7426922659170148
3.237200696200537	-0.7506641893592358
3.241046359384169	-0.7537262051595683
3.247093757432769	-0.7584950175352863
3.255116860600185	-0.7647360013208943
3.257058874988839	-0.7662316615122758
3.267062296300308	-0.7738446988009697
3.269335524830617	-0.7755534628737201
3.27705158791334	-0.7812934698778016
3.283603540577995	-0.7860959334383842
3.28711835014657	-0.788644626646868
3.29723770821339	-0.7958764787440019
3.298009556205307	-0.7964216428169756
3.307319878892142	-0.8029239935947547
3.312500362585473	-0.8064842660261496
3.317484512328322	-0.8098698660362191
3.327127572665595	-0.8163112123225256
3.327711631114077	-0.8166966638571326
3.33796316387066	-0.8233762730440332
3.341978773265157	-0.8259484383982579
3.348224114789356	-0.8298983589463074
3.35686759727342	-0.8352652420069309
3.358551396216662	-0.836297047927145
3.368910590691113	-0.8425481417717896
3.37198322138007	-0.8443702773336272
3.379267243829027	-0.848630274382861
3.387173928108878	-0.8531610856500259
3.389693190920311	-0.854583985360768
3.400156610321267	-0.8603881135090289
3.402604420156144	-0.8617213905002354
3.410610030861091	-0.8660157293769564
3.418147668641743	-0.8699678779966462
3.421134527083085	-0.8715091320750384
3.431698957778058	-0.8768490419753435
3.433959078130052	-0.8779689316495639
3.442251752708616	-0.8820087932799676
3.449920473064377	-0.8856494619978581
3.452875853416838	-0.8870277407041359
3.463538327330717	-0.8918873720735926
3.466203441219123	-0.8930744849333662
3.474194328261934	-0.8965666907905021
3.482671925114346	-0.900163155890086
3.484919810209809	-0.9010978138243234
3.495677624313924	-0.9054622971232485
3.499560171862071	-0.906993441088622
3.506441290920644	-0.9096489370750132
3.516664602725044	-0.9134588122074283
3.517269821264577	-0.9136792234880093
3.528120544527757	-0.9175348938927752
3.534375690163861	-0.9196749992656359
3.538995893612443	-0.921216484932368
3.549917993968119	-0.9247297367476666
3.552367587288149	-0.925492527710022
3.560833415807185	-0.9280568067193974
3.570804629898497	-0.9309359526862004
3.571820322150556	-0.9312205773603931
3.582831357154036	-0.9342049231799657
3.590148025611634	-0.9360855485850674
3.593871403341689	-0.9370108597477544
3.604949927492969	-0.9396391786157935
3.6101315085321	-0.9408045138367959
3.616043219279048	-0.9420837323014423
3.627187666240412	-0.9443513119182012
3.63101024755039	-0.9450859436276696
3.638337661395545	-0.9464318565055823
3.64954652778923	-0.9483343924825103
3.653154711741667	-0.9489067799505299
3.660759807982204	-0.9500486954390074
3.672031748644476	-0.9515822627635327
3.677181438695063	-0.9522200102995668
3.683317266320188	-0.9529279366906862
3.694651202957608	-0.9540889656513248
3.70437165993273	-0.9549337527005244
3.706018416129128	-0.9550629641988122
3.717413652371595	-0.955848240172598
3.728846094617403	-0.9564452235416936
3.739425817177939	-0.9568283387549159
3.740312077080694	-0.9568529968843392
3.7518049436332	-0.9570702026874873
3.763332187081545	-0.9570969312759128
3.774892859016393	-0.9569325963508034
3.78648599598702	-0.95657668290016
3.798110619363694	-0.9560287479715545
3.809765735201926	-0.9552884214283174
3.818773164304028	-0.9545860512511659
3.821474310224712	-0.9543536882163474
3.833201450662433	-0.9532278883029565
3.842015932491764	-0.9522567892549405
3.844963558375039	-0.9519082494252271
3.85675959601786	-0.950394879544188
3.861430009423857	-0.9497433884518985
3.868601983261645	-0.9486855216575993
3.878716071901676	-0.9470760155686242
3.88046824886526	-0.9467832255235256
3.892371411418755	-0.9446860636855638
3.893927754956731	-0.9443979441853202
3.904329610180444	-0.942390185426401
3.908140159963287	-0.9416190494560062
3.916317286874333	-0.9399000852201254
3.92121301324029	-0.9388292517958667
3.928339363567017	-0.9372149183456533
3.93333452325448	-0.93604432754154
3.940398760118333	-0.9343340685604561
3.944659873970509	-0.933271629906542
3.952497448563437	-0.9312570373655273
3.955307746018542	-0.9305157332089693
3.964637171451625	-0.9279833218277009
3.965360624282336	-0.9277823821340295
3.974808461242291	-0.9250981988908045
3.976822696184359	-0.924511523324814
3.983527269376411	-0.9225226937959622
3.989036982302505	-0.9208466825262067
3.991945621228492	-0.9199469132350505
3.999977291119264	-0.917408576074182
4.001295864946126	-0.9169843162902335
4.007347479271885	-0.9150103257095197
4.013592800344024	-0.9129266524820143
4.01456938482501	-0.9125966043993657
4.021389762477134	-0.910259737720262
4.025939442838547	-0.9086699253761598
4.027843352506518	-0.9079973832700944
4.033984011364795	-0.9057989928165123
4.038325947845726	-0.904217639406723
4.039789537742132	-0.9036796431022623
4.045294403543054	-0.9016336804043288
4.050547388659714	-0.8996482984611214
4.05075624439839	-0.899568695532447
4.055239925072673	-0.8978478001034046
4.059914399194914	-0.8960289304414552
4.063228176891823	-0.8947242492805568
4.06428617082725	-0.8943050860965853
4.068404308759366	-0.8926613615240366
4.072290043157449	-0.8910926524895916
4.075748032804584	-0.889682166954027
4.07593187999471	-0.8896068042640031
4.079293558052833	-0.8882220648251691
4.082430863556387	-0.8869182548743699
4.085343569718247	-0.8856978676982886
4.088031332565529	-0.884563271397881
4.08831509391174	-0.8844430129533009
4.090285054993755	-0.8836057510185743
4.092503490708996	-0.8826577115196449
4.094675566275457	-0.8817241818224231
4.096847641841919	-0.8807854127457173
4.09901971740838	-0.8798414108057541
4.100927338286676	-0.879008032446726
4.101168228856215	-0.8789025192094837
4.103305389472734	-0.8779636241467534
4.105442550089252	-0.8770197145752915
4.107579710705771	-0.8760707969065797
4.10971687132229	-0.8751168775521001
4.111854031938808	-0.8741579629233343
4.11358911566761	-0.8733757853977674
4.113955693485218	-0.8732101274618174
4.116097531756492	-0.8722393136725093
4.118424552490656	-0.8711789364645547
4.120937138789659	-0.870027430222424
4.1236355741572	-0.8687831641799052
4.126300435784151	-0.8675466817113023
4.12650610743373	-0.8674509421563877
4.129530430223556	-0.8660379195723885
4.13273557123702	-0.8645297719933474
4.136121524294816	-0.8629246737316167
4.13906333601031	-0.8615202390187481
4.139655901534661	-0.861236260447923
4.143348357567026	-0.8594583942273795
4.147216270035902	-0.8575807032073768
4.151259458214357	-0.8556011839932484
4.151877840502023	-0.8552969236493867
4.155290496742922	-0.8536108115382544
4.159615923888921	-0.8514564214688282
4.164111175007759	-0.8491970095175078
4.164741599971609	-0.8488784841263002
4.16858737660285	-0.8469267531891621
4.173351020427281	-0.8444883485779302
4.177659045169767	-0.8422633559939953
4.178257870690247	-0.841952613623619
4.183284694677063	-0.8393299501598749
4.188471064604644	-0.8365975758251004
4.19063908221913	-0.8354474474541747
4.193701192061759	-0.8338151914301295
4.199134741769834	-0.8308961383962029
4.203669865914943	-0.8284375835717039
4.204691847207781	-0.827880814479827
4.210365161108088	-0.8247716754772156
4.216188299094179	-0.821548134251104
4.216765457149033	-0.821226861218683
4.221973734466109	-0.8183135250062455
4.228020838977205	-0.8148986982919103
4.229912770164039	-0.8138232292233373
4.234081756272768	-0.8114416660997184
4.240345598702294	-0.8078329715229007
4.243123179599466	-0.8062211265112939
4.246650399877279	-0.8041641339646918
4.253123479668994	-0.8003596128131252
4.256399174213311	-0.7984198164767463
4.259648443849087	-0.7964861864367782
4.266323244921979	-0.7924843665080519
4.269742470508388	-0.7904190110563515
4.273049291882248	-0.7884117973842145
4.279918415623319	-0.7842116253774238
4.28315433894139	-0.7822187194598599
4.286829133240688	-0.7799446181293365
4.293885361362612	-0.7755454321415052
4.29663594404961	-0.7738190643036378
4.300965799011702	-0.7710886074362548
4.30820211784132	-0.7664901315011221
4.310188705143723	-0.7652200607364557
4.315438073307785	-0.7618484339857686
4.322847677414329	-0.7570507838103232
4.323814675100899	-0.7564213597104039
4.330225316429394	-0.7522297103069511
4.337517646168465	-0.747421493770059
4.337797277862513	-0.7472362788284374
4.34542373313029	-0.7421612789591003
4.351338300588298	-0.7381941375653533
4.353132527129362	-0.7369853432484518
4.360917988109175	-0.7317116865356154
4.365232765634778	-0.7287691129722255
4.368750996985159	-0.7263594394960051
4.376689506418051	-0.7208884160417793
4.37920480686839	-0.7191452131704623
4.384633804172604	-0.7153670271335411
4.392719558785136	-0.709700356858161
4.393260536911678	-0.7093195538330483
4.400762188309503	-0.7040177852178058
4.407413508645557	-0.6992838770362126
4.408968644976184	-0.6981726169502867
4.417236455518339	-0.6922368754896162
4.42170358725473	-0.6890103953435578
4.425544540215724	-0.6862254840035661
4.43394742087088	-0.680098758834514
4.436081057634987	-0.6785356801739714
4.442344172527553	-0.6739303888352569
4.450559760864206	-0.6678512129242765
4.450873615366275	-0.6676181227924546
4.459443193739714	-0.6612301152666329
4.465222634161641	-0.6568962321831104
4.468066942728254	-0.6547558456965149
4.476760397663558	-0.6481837326035443
4.479980810481008	-0.6457377131315641
4.485465989648997	-0.6415575255703611
4.494278760305693	-0.6348049018851436
4.494851442699458	-0.6343645578693909
4.503054631624572	-0.6280368203708484
4.509865859490013	-0.6227543300842422
4.511960508557022	-0.6211246866665613
4.520920074382143	-0.6141275548606419
4.525084785947516	-0.6108605018175063
4.529903265126408	-0.6070692646521254
4.5389724291876	-0.5999011397235335
4.540437358981801	-0.5987393709647657
4.548022914177418	-0.5927065487173772
4.555959605687162	-0.5863642133424403
4.557186933727396	-0.5853807065298444
4.566391257897354	-0.577982399347935
4.571761345117319	-0.5736477508154039
4.575630542234675	-0.5705163986763153
4.584935621166657	-0.5629583848246277
4.587732613847888	-0.5606790903424986
4.594242312992781	-0.5553612008947437
4.603644507312453	-0.5476487306738023
4.603910177374564	-0.547430274645905
4.613012461426166	-0.5399283707091436
4.620352544258853	-0.533854796050985
4.622491615460034	-0.5320808375315473
4.632014164268426	-0.5241627863698095
4.637173442845379	-0.5198587421494113
4.641563803817014	-0.5161885060680319
4.651175835003682	-0.5081293831535967
4.654279333723652	-0.505520485149193
4.660792387276933	-0.5000348455600543
4.670490735067354	-0.491840676657619
4.671730135837456	-0.4907913534974915
4.680172469996653	-0.4836311024535839
4.689602011544204	-0.4756082000570985
4.689952004987855	-0.4753099080893347
4.699758717986917	-0.4669381543370154
4.708195454784855	-0.459714816824197
4.709612192890012	-0.4584999595822037
4.719498679734683	-0.450008326572769
4.727376838727489	-0.4432244419156535
4.729426172717749	-0.4414573047178013
4.739389799686109	-0.4328523642988213
4.74730529156974	-0.4260008299737045
4.749392593422553	-0.4241918631516008
4.759430861337001	-0.4154803319658413
4.768214336992112	-0.4078420528383431
4.769511026130456	-0.406713213686624
4.779621591024222	-0.397901920002119
4.789778265963624	-0.3890338162765615
4.790493306798466	-0.3884089161294469
4.799920934804234	-0.3801629396216311
4.810145789967226	-0.3712063330259301
4.814324660787861	-0.3675421887342365
4.820382365622694	-0.3622270582047684
4.830673691555888	-0.3531887614346116
4.841005718718113	-0.3441050060849894
4.841170149746752	-0.3439603740159455
4.851324596307503	-0.3350247858496886
4.861719807487956	-0.3258706552382846
4.872152516976835	-0.3166781864556763
4.874248057733547	-0.3148313023337635
4.882586396008249	-0.3074810204123702
4.893080246209203	-0.2982287786059732
4.903608399273645	-0.288945564774448
4.914169807645119	-0.2796338455210184
4.924763420268152	-0.2702961195588238
4.935388182693967	-0.2609349162849137
4.946043037186512	-0.2515527943189747
4.956726922828781	-0.2421523400080124
4.964351830414436	-0.2354488096707087
4.967468554953578	-0.2327098602356431
4.978222349667457	-0.2232668452502275
4.98637169444677	-0.2161188784150364
4.989008877386264	-0.213807202577239
4.999827004309886	-0.2043335454483713
5.005013513842851	-0.1997970854934157
5.010684878602351	-0.1948405229492112
5.021564339287515	-0.1853457268677405
5.021724743892107	-0.1852058784452507
5.03250156642711	-0.1758193352050526
5.036843459112137	-0.1720432314344279
5.04345672461742	-0.1662978885099905
5.050642075994265	-0.1600649458330221
5.054437965787892	-0.1567760164589045
5.063305027402783	-0.1491047820928819
5.065449508429219	-0.1472518308707794
5.075014184314592	-0.1389998552023898
5.07649317105027	-0.1377255648593879
5.085932332956559	-0.1296050171560233
5.087569567459329	-0.128198519164499
5.096194588793812	-0.1208001145990061
5.098678882203248	-0.1186723835570003
5.105905600206476	-0.1124921248033963
5.109821327200675	-0.1091488417524915
5.115140173401357	-0.104614307922693
5.120997400082908	-0.09962935261244053
5.123945189918772	-0.09712425485571645
5.132208029376891	-0.09011503240349669
5.132341106916902	-0.09000230962348851
5.140242205393974	-0.08331883372161125
5.143458700243825	-0.08060316273417895
5.147645414205901	-0.07707325281986689
5.154732109169287	-0.07111029205968758
5.154806771571021	-0.07104755518329413
5.161539537184134	-0.06539734706659206
5.166046439158736	-0.06162302133175227
5.167922161962783	-0.06005423497523525
5.173995828008022	-0.05498228932872797
5.177388362649276	-0.05215449327426284
5.179696362740071	-0.05023305406397753
5.185149720206994	-0.04570020690427865
5.188761982755945	-0.04270320057541559
5.190278602427272	-0.04144634726680805
5.195144006113556	-0.03741971897683547
5.199772655943667	-0.03359670542687342
5.200169156426215	-0.03326956482226406
5.203894381342895	-0.03019906884676057
5.207979756562717	-0.02683749437136898
5.211607663774794	-0.02385739234854569
5.211822260132401	-0.02368128125358902
5.215378386749395	-0.0207654100620575
5.218711353777861	-0.01803681275491798
5.221820223848027	-0.0154954145149686
5.223082326960585	-0.01446471511584665
5.224574161423511	-0.01324730699225405
5.22719344997536	-0.0111119211283647
5.229593932425364	-0.009157241773007632
5.231872514123441	-0.007303878123086385
5.234152394174577	-0.005451457842427671
5.234588456516139	-0.005097381385277325
5.236250655666209	-0.003748523343905306
5.238492525828816	-0.001931009215271794
5.240735652839131	-0.0001144755824507515
5.242980038106411	0.001701077575812547
5.245225683042912	0.003515650281318273
5.246128418377991	0.004244534293316388
5.247346608700242	0.005227501320877172
5.249556062050048	0.007008775137615039
5.251766736157647	0.008789033689028039
5.253978632372627	0.01056827695813086
5.256253766392359	0.01239630432917111
5.257702335255309	0.0135591022392224
5.258636598036978	0.01430851970705541
5.261242809564746	0.01639714575483966
5.264034577891704	0.01863130744893647
5.267012545687733	0.02101086910891915
5.269310837822066	0.02284478861207116
5.270123877891965	0.0234929519509233
5.273418827021653	0.02611679093116186
5.276895769744606	0.02888046913549612
5.280555231572573	0.03178359270053108
5.280953989501715	0.03209958697044141
5.284190055816127	0.03466112959594343
5.288143331328363	0.03778408482262032
5.292274941736584	0.04104052556855615
5.292629656160378	0.04131975190200734
5.296370513103913	0.04426072006876823
5.300783090259299	0.04772160125718484
5.304339773854448	0.05050475801597125
5.305328234317459	0.05127713721999053
5.310017732985708	0.05493529442842827
5.314877320106445	0.05871533938319257
5.316088235121651	0.0596555477964518
5.319739390053313	0.06248596201579403
5.324859842827729	0.06644469226080447
5.327868308808362	0.06876478807186689
5.330062742993953	0.0704541879342335
5.335437347501848	0.07458195251215252
5.339685813719176	0.07783488474480035
5.340933293090116	0.07878826640039166
5.346554359397841	0.08307453618179739
5.351541809618392	0.08686449509916527
5.352311498545284	0.08744821341313651
5.358171070616226	0.09188213684621861
5.363436253499727	0.09585141389319353
5.364165835867602	0.09640025336190583
5.37025601639081	0.1009709156001118
5.375368333510479	0.1047928556884619
5.376468654192456	0.10561358207164
5.382781734107128	0.1103101177078283
5.387336827846144	0.1136857455944731
5.389193587634408	0.1150584124718685
5.395722076065862	0.1198700474665224
5.399340505020914	0.1225270281839199
5.402313953292505	0.1247048362987701
5.409050558370501	0.1296208984462857
5.41137856263118	0.1313139894046078
5.415801834274168	0.1345222507063045
5.42273942249027	0.1395321694642848
5.423451083867324	0.1400445734785602
5.429627668591308	0.1444791945353323
5.435561207103517	0.148718908612565
5.436734173909777	0.1495545638085265
5.443920895093456	0.1546572387769172
5.447724718977414	0.1573459472941703
5.451160026638936	0.159766651586595
5.458532844513067	0.1649385502047085
5.459917859464841	0.1659065615948554
5.465878333094773	0.1700589270968871
5.472146836571652	0.1744030390399091
5.473406790682358	0.1752732589093795
5.481007759984175	0.1805026877662321
5.484433426062479	0.1828481138105518
5.488641575678601	0.1857191303368478
5.496414788255613	0.1909938238804767
5.496746777999229	0.1912182794434496
5.504122406557395	0.196186565937551
5.50910037940919	0.1995206358409946
5.512005952226943	0.2014592807970365
5.519987875778448	0.2067575206002961
5.521505420915588	0.2077602966246633
5.527942375823264	0.2119968870010295
5.533945281925135	0.2159239310430267
5.536047875972925	0.2172937903356
5.544229127182135	0.2225967028161911
5.546444870001628	0.2240254523511261
5.552401547000962	0.2278500163424908
5.558974756961989	0.232043438159876
5.560708602387729	0.2331446829164145
5.569080144780898	0.2384337678054866
5.571570460675005	0.2399981725930786
5.577448301306087	0.2436736648726661
5.584193881808432	0.2478631967148542
5.585940719267576	0.2489429894880161
5.59449398253747	0.2542002230759315
5.596886685269587	0.2556620161519895
5.603039797040792	0.2594026942811198
5.609607272393832	0.2633666325135922
5.611703796886005	0.2646256212513259
5.620430703996763	0.2698335043206181
5.622398222141919	0.2710003648240815
5.629138670384353	0.274976813299975
5.635220089806331	0.2785371947532131
5.637961880686417	0.2801336720185069
5.646854830483273	0.2852752537107159
5.648110912752128	0.2859969798013667
5.655711163370444	0.2903393656087906
5.661039002610484	0.2933588623463826
5.664682108753563	0.2954115661383852
5.673733939286936	0.3004704587222656
5.674032692379988	0.3006364234902462
5.682726150115448	0.3054367724734819
5.687073099011788	0.3078165117834533
5.691834054585223	0.3104067159059807
5.700177929069263	0.3149062080275759
5.701028675228152	0.3153620496495276
5.710260174625104	0.3202741051217582
5.713383352466899	0.3219217272640062
5.719494687422338	0.3251243379850567
5.726607556146459	0.3288168589643198
5.728819795027768	0.3299574566415079
5.738196343568724	0.3347512043176147
5.739923511273931	0.3356270532142471
5.747547669920939	0.3394658315923554
5.753275794265694	0.3423211495138136
5.75699413981259	0.3441610912563819
5.766509884996248	0.3488219846077193
5.76671042317452	0.3489194729097884
5.775969141148726	0.3533862801277784
5.780201649360666	0.3554064508871253
5.785528542229104	0.3579290626170145
5.793773163181643	0.3617904517883921
5.79516453199393	0.3624368497972649
5.804837615912509	0.3668894357405492
5.807466165559307	0.3680869109447054
5.81450237137	0.371265463908725
5.821188783075499	0.3742504072894115
5.824249449086006	0.3756049274353042
5.834050399257817	0.3798932464460115
5.835020310284824	0.3803135577929235
5.8438137696248	0.3840899023985173
5.848909763630449	0.3862506592579759
5.85366520236019	0.3882482728781632
5.862901565035395	0.3920773324086501
5.863583644058295	0.3923573871381142
5.873529530166787	0.3963993223954256
5.877056339222409	0.3978138396086233
5.88348021416268	0.4003645101030164
5.891234904346134	0.4034000053931106
5.893503435372666	0.4042788173439933
5.90356730624624	0.4081281024563162
5.905564563971548	0.4088824578864746
5.913612988828818	0.4118894681793123
5.919952962635464	0.4142217844634254
5.923736403137549	0.4155980514506226
5.93391411377652	0.4192434265305335
5.934483922091188	0.4194450717205228
5.944052233987341	0.4227915114449655
5.949109979908997	0.4245307587789388
5.954272768250544	0.4262845790738332
5.963880170397604	0.4294911988898142
5.964555727395473	0.4297138400173358
5.97486341297888	0.4330653297941558
5.97888754998676	0.4343505520761919
5.985180262638809	0.4363337064949745
5.993939909282468	0.4390411389303614
5.995562883021842	0.4395358674474655
6.005976434321314	0.442659603211164
6.009238193689725	0.4436200428906806
6.016389722033607	0.4456952719496328
6.024618410887477	0.4480319357023205
6.026871093737117	0.4486619384224766
6.037387200995132	0.451548662702827
6.040266519148338	0.4523234847737107
6.047898649078852	0.4543443441558677
6.056033068385662	0.4564463578971473
6.058479121143644	0.4570678329396655
6.069094704669366	0.4597089102712696
6.072110351574604	0.460442596582495
6.079707405558866	0.46225784909958
6.08834096047445	0.4642641734217179
6.090388257347076	0.4647309916290085
6.101100487735557	0.4671184072263127
6.104960934907296	0.4679561171627778
6.111818448285881	0.469414140423202
6.121764962396933	0.4714615975495415
6.122601246555581	0.4716300677716926
6.133407557023679	0.4737564313111589
6.139104572840488	0.4748396695907569
6.144234863763618	0.4757925524877405
6.155113687180503	0.4777432682700023
6.156675175575993	0.478015496734379
6.165976868166965	0.4795961534809637
6.17464782673935	0.4810073189983395
6.1769146167078	0.481366209999067
6.187883254518352	0.4830449515917278
6.193333800139357	0.4838435435758135
6.198869357701498	0.4846301138212005
6.209906476758119	0.4861257878427342
6.212527828994637	0.486466850305294
6.220939519694212	0.4875241199766804
6.232043409843933	0.4888341547733965
6.232431919923651	0.4888782354793611
6.24312572858032	0.4900443743331137
6.253327928733801	0.4910731686978206
6.254290763761928	0.4911660038874613
6.265479908903349	0.4921917534155456
6.276007920964477	0.4930676979351132
6.276709416243412	0.4931229664941038
6.287962269365908	0.4939574163832559
6.299256367093465	0.494696314905801
6.300830216925944	0.4947914832971278
6.310542952462701	0.4953361685986168
6.32189834895853	0.4958811124784813
6.328438299700019	0.4961502606504713
6.333273579040543	0.4963280819628439
6.344689783436887	0.4966774307680652
6.356142645077212	0.4969287258240431
6.364418967242488	0.4970488469003082
6.367620819175239	0.4970813910812171
6.379133858383958	0.497135085761917
6.390680706245393	0.4970896575188013
6.402260405396425	0.4969448239263378
6.413871983352212	0.4967003398275595
6.4255144523682	0.4963559977303121
6.436307137309043	0.495948576334464
6.437194458195222	0.4959113695257985
6.448908553313924	0.4953670994822491
6.459896180246377	0.4947669635696617
6.460652306726814	0.4947224888997369
6.472435698464201	0.4939770264986973
6.479400157693966	0.4934901795582835
6.484257819188452	0.4931303733926014
6.496108206857091	0.4921832623532165
6.496876610302341	0.4921184649704966
6.508019574170127	0.4911327856868045
6.512642775295853	0.4906986177739379
6.51995426067295	0.4899819676444343
6.526947531788356	0.4892622752947787
6.531920368866237	0.4887302035304125
6.540044601426446	0.4878249112636598
6.54392217951747	0.4873770833691911
6.552156521732727	0.4863926458025296
6.555961857262971	0.4859223455395201
6.563464068572774	0.4849669774493424
6.568040662761643	0.4843658063039409
6.574104361919458	0.4835480606456089
6.580159701859488	0.4827072921119788
6.584173515670551	0.4821367994864744
6.59232036679255	0.4809465800309017
6.59373059073697	0.4807361916691179
6.602747769465173	0.4793606042945271
6.604526897411567	0.47908300258283
6.611056317173631	0.4780469549421632
6.616765527262013	0.4771187455146957
6.619113515140858	0.4767310321248521
6.626780553771041	0.4754407474379772
6.629050233533579	0.47505166723077
6.63388335006486	0.4742124796815986
6.640810194932002	0.4729842994714217
6.641372562557024	0.4728832744975497
6.647099818450646	0.471843387495812
6.653343099598481	0.470686721863685
6.653737531776701	0.4706128403981044
6.658981850702611	0.4696215879080077
6.664587739811227	0.4685434218694405
6.666146516687983	0.4682402245449214
6.669718144155542	0.4675400353408118
6.674722948967615	0.4665459297338557
6.678600331563005	0.4657653913964982
6.679437144751379	0.4655957691108772
6.68386907866132	0.4646904539317938
6.688064991693011	0.4638225660154054
6.691102457733018	0.4631877611479964
6.691970929801341	0.4630052710038686
6.695631805751685	0.4622311374373873
6.699065205433949	0.4614979400541565
6.702271007263377	0.460807095375931
6.703649716043799	0.4605081330966851
6.705228921230469	0.4601643664198317
6.708263243843129	0.4594997763613213
6.71129756645579	0.4588298408532628
6.71433188906845	0.458154568998624
6.716243056610684	0.4577265147753468
6.717286679155584	0.457491902913514
6.720271386366837	0.4568174776036184
6.723256093577721	0.4561379485211556
6.726240800788605	0.4554533246201642
6.72888466356865	0.4548426348324397
6.729203253486747	0.4547687837021529
6.732141154154709	0.4540850552912327
6.735079054822671	0.4533964484408751
6.738016955490281	0.4527029719648656
6.740954856157891	0.4520046346768238
6.741576179354825	0.4518563249436358
6.743721254101546	0.4513426847534986
6.746614935310542	0.4506457266166001
6.749636768428561	0.4499129290545372
6.75284156705967	0.4491302212661386
6.754315928805224	0.4487682264599591
6.756113562174323	0.4483252759390351
6.759626607465397	0.4474545133133238
6.763317279454606	0.4465324370596783
6.767107110136532	0.4455778370041821
6.767181914529184	0.4455589175657282
6.771170968787332	0.4445456307732338
6.775332268178454	0.4434794293538937
6.779665569184413	0.4423592439161141
6.779954684440666	0.4422841470113896
6.783961554341801	0.441238867170363
6.788567733967224	0.4400266962182693
6.792850065127888	0.4388896623652727
6.793323101033823	0.4387634775964344
6.798197849100877	0.4374562942769934
6.803234216368107	0.4360927253218904
6.805807449902808	0.4353909382651211
6.808335929309566	0.4346980635822582
6.813624929849608	0.4332380914127094
6.818815518726247	0.431791330647752
6.819063028531248	0.4317220029301617
6.824597159868997	0.4301638027547201
6.830283083006468	0.4285467516798244
6.831890562140398	0.4280866450708674
6.835977935633945	0.4269109848735483
6.841893282231733	0.425194851357486
6.845014389784846	0.4242823981668378
6.847869891180538	0.4234434492397561
6.854007212650984	0.421626843949502
6.858202236013568	0.4203746176962238
6.860233240948197	0.4197653344602233
6.866584794615322	0.417847191005787
6.871456706420479	0.4163628546984857
6.873036657198221	0.4158790932882583
6.879594698507145	0.4138585868518199
6.884779445786267	0.4122469470513542
6.886253928221261	0.4117863521692414
6.893010857089465	0.4096628604815601
6.898171436567783	0.4080269564223735
6.899861881041185	0.4074884696186789
6.906810308353508	0.4052615577306014
6.911633312985074	0.4037030884822855
6.913839069792242	0.4029869099206257
6.920971840429948	0.4006563281846759
6.92516570272839	0.3992755921756712
6.928164962547929	0.3982834917747741
6.935475155365993	0.3958491807479751
6.938769598964832	0.3947446365463332
6.942819470660472	0.3933805448341395
6.950300387107729	0.3908426431906803
6.952446756912948	0.3901101664990313
6.9577827224324	0.3882809938017481
6.965427870569623	0.3856398467432982
6.966200101543157	0.3853717419446667
6.973035014725175	0.3829883830165032
6.980036249304047	0.3805276304635277
6.980826352294739	0.3802487120418377
6.988676043163945	0.3774644098504852
6.993994520028353	0.3755642896931111
6.99659101072016	0.3746327005394217
7.004591360638417	0.3717461414092541
7.008029644451334	0.3704981538907421
7.012617018949511	0.3688262293090353
7.020762367647468	0.3658383638401106
7.022147824561173	0.3653277304054264
7.028885719168239	0.3628345059162708
7.036360987385705	0.3600493442666126
7.037160571273181	0.3597502573846469
7.045485210081038	0.3566231546149376
7.050726651285804	0.3546418691255736
7.05386187672665	0.3534522403442253
7.06231947133096	0.3502265010659273
7.065179319168505	0.3491303166430206
7.070784982763537	0.3469738232013058
7.079370576181815	0.3436510033751958
7.079731875723719	0.3435106493933891
7.087912539874545	0.3403216217511826
7.094409558158841	0.3377738552014639
7.096596104889134	0.336913454794522
7.10533919883981	0.333458466719098
7.109258649472578	0.3319020947073539
7.114105292734148	0.3299712022069925
7.122965892392965	0.326423272589525
7.124221035029294	0.3259188473562416
7.131803082571123	0.322862167110233
7.139326693991656	0.3198129803000848
7.140762826706918	0.3192291440333716
7.149768115301585	0.3155554200009095
7.154659289288332	0.3135508779170447
7.158806183097432	0.3118463833768653
7.167919409781057	0.3080848485017035
7.170128311545501	0.3071699007852889
7.177026037801551	0.304304883887901
7.18576649931439	0.300657504020529
7.186239409516073	0.3004596238628051
7.195485912924017	0.296579988188109
7.201718255458582	0.2939536659458908
7.204775896095733	0.2926618765109161
7.214121634150508	0.2887004629114379
7.217846511134566	0.2871161831182862
7.223480725092972	0.2847140734259218
7.23292215628054	0.2806736489707964
7.234189126985938	0.2801300422392098
7.242344544620804	0.2766230514154246
7.250800400721677	0.2729728348270991
7.251870569126765	0.2725098599795119
7.26143084571589	0.2683643772849085
7.267852608238916	0.2655702464849168
7.271029290244162	0.2641852717632288
7.280677739898014	0.2599678854680839
7.285211539577981	0.2579806077034494
7.290345363913505	0.2557261396395694
7.300078917621415	0.2514400089445352
7.302942167362001	0.2501763439484403
7.309814245709915	0.2471382659721431
7.319629923881635	0.2427866695933809
7.32112446805392	0.2421228801002791
7.32943327654376	0.2384268979324262
7.339328211661186	0.234013214028787
7.339858180776048	0.2337764628382114
7.349201658861693	0.2295967029868306
7.359173121891254	0.2251243879342362
7.3592717870697	0.2250800787199545
7.369120295785722	0.2206518130690736
7.379165725264249	0.2161243798145434
7.37954040450733	0.2159553190458389
7.389191455363176	0.2115959566947901
7.399308487779431	0.2070169534878862
7.400923802280689	0.2062850525963126
7.409418209928929	0.2024327032459819
7.419604709754675	0.1978056935332648
7.423855254524736	0.1958728201641438
7.429803546646952	0.1931658674234429
7.440057633489028	0.1884944118513483
7.449182080454253	0.1843327012133712
7.450348776561267	0.1838002440239886
7.460668842369495	0.1790878870741394
7.471028588146206	0.1743530830730398
7.479442083728812	0.170505159685526
7.481419409124376	0.1696005027237321
7.491842445313993	0.1648304607588309
7.502301965306725	0.1600417065821288
7.512796928774513	0.1552354848231095
7.523326291670006	0.1504130582805851
7.525817116155117	0.1492723170462199
7.533910611178696	0.1455657610666895
7.544499932969318	0.140717345866213
7.555120466770518	0.1358566578035118
7.565771155278988	0.1309850246715344
7.570615151458213	0.1287705980401186
7.576469503903545	0.1260952608798178
7.587187956610115	0.1212008043155725
7.595771174886772	0.1172852499079625
7.597939123471535	0.1162967900414643
7.608723353878912	0.1113838830045699
7.615896480906393	0.1081199888717369
7.619542118300215	0.1064623397163175
7.63038931786662	0.1015357943960512
7.633520952020111	0.1001151233097576
7.64128276125104	0.09659708228627312
7.649440329761561	0.0929050745466561
7.652195947174688	0.09165913418034588
7.663139195168546	0.08671816831408549
7.66373866923833	0.0864478332753328
7.674134702758972	0.08176511260098523
7.677082359884791	0.08043941812252614
7.685154303641579	0.07681361899002329
7.689440347676681	0.07489133992872925
7.696202326845068	0.07186266301676186
7.700947407411753	0.06974060307921388
7.707281217059579	0.06691208963890939
7.711724614403404	0.06493081105130832
7.718392387853146	0.06196222288259624
7.721872412543044	0.06041521695429562
7.729536839843663	0.05701358560169267
7.731467299704704	0.05615809814303483
7.740555360599918	0.05213749317600534
7.740715739077984	0.05206664133691985
7.748828253763479	0.048487826887639
7.751921245051287	0.04712582592330213
7.756832734377097	0.04496613680677518
7.76315993019294	0.04218922289094285
7.764545842052729	0.04158182764404967
7.77185206939512	0.03838470616372981
7.774436542983707	0.0372557544444394
7.778658928469189	0.03541380190805925
7.785269908677434	0.03253566003632708
7.785740475283664	0.03233106438035925
7.791271587381286	0.02992924112494407
7.797076873130929	0.02741390158822478
7.797227475213489	0.02734872997423148
7.802814273369449	0.02493389756498813
7.808156178097869	0.02263001938356498
7.808452474396242	0.02250237713754759
7.812946935552215	0.02056833593501024
7.817711664190068	0.01852199111578259
7.819855508766874	0.01760259649775928
7.82209869839377	0.01664159957026127
7.826309740021366	0.01484011128324556
7.830290516929627	0.01314018471809976
7.831292487569012	0.01271277602106046
7.833847827414152	0.01162373048484045
7.837310423804411	0.01015004629643206
7.840548888041839	0.008773853451435717
7.842762540243577	0.007834323027665362
7.843696883845491	0.00743809045184671
7.846857273256003	0.006099140109716072
7.850020160667044	0.004761130658024803
7.85318555003064	0.003424062003250154
7.854267404798523	0.002967541612496511
7.856199472300427	0.002152924082708841
7.859313371437785	0.0008416308319744644
7.862429695609744	-0.0004686844038309959
7.865548448596411	-0.00177802165899348
7.865804943633051	-0.001885616377652135
7.868448665555839	-0.002993683072969973
7.871518314730683	-0.004278408183364204
7.874590320495527	-0.005562120354029513
7.877376020178867	-0.00672446614372561
7.877646734011114	-0.006837323528697026
7.880672068787788	-0.008097461594220166
7.883699692591943	-0.009356553862050161
7.886729608889349	-0.01061460026254174
7.888983063492544	-0.01154895847825233
7.889799133640397	-0.01188701951841158
7.893054018660752	-0.01323388624235956
7.89649115076329	-0.01465359017200933
7.900111060098923	-0.01614593358287455
7.900623937605093	-0.01635713584135956
7.903715591292163	-0.01762886638521291
7.907630643732216	-0.0192361421740635
7.911724281518778	-0.02091297096448034
7.912297418507362	-0.02114743199183899
7.915797350251613	-0.022577373308037
7.920173438502803	-0.024361217101957
7.924005265522228	-0.02591950178232819
7.924695391629315	-0.02619975681982404
7.929349759596115	-0.02808685750634004
7.934174444541082	-0.03003749498454173
7.935752168793615	-0.03067415884772042
7.939022155680864	-0.03199162347686443
7.944109159298358	-0.03403590427141318
7.947530209564875	-0.0354071104741579
7.949296880582004	-0.03611400254957443
7.954639339258539	-0.0382468632674661
7.959346133463605	-0.04011998037840927
7.960119820422957	-0.04042730756255147
7.965709919226214	-0.04264323759039269
7.971201019382439	-0.04481207494264081
7.971452003327775	-0.04491101026811219
7.977281691397112	-0.04720434225205343
7.983094803201802	-0.04948223611356298
7.983262598133377	-0.04954784799825367
7.98932391275861	-0.05191289156783075
7.995026600286021	-0.05412898429067897
7.995524710704848	-0.05432211565746449
8.001809903747228	-0.05675321412665532
8.006995054292029	-0.05875066638887679
8.008212741036482	-0.0592186260824464
8.014714304809155	-0.06171017604439626
8.018998731183625	-0.06334561508126313
8.0213007297129	-0.06422209690671661
8.028011373423775	-0.06676855147675247
8.0310365580895	-0.06791231741051701
8.03476139495371	-0.06931683433612464
8.041673999718437	-0.07191270104609462
8.043108288349227	-0.07244958404543869
8.048565682976097	-0.07448663398010308
8.055215692245596	-0.07695697864680273
8.055664169528548	-0.07712309051357424
8.062827491359137	-0.07976814988381985
8.06738088427516	-0.08144150272738149
8.070064318741855	-0.0824246118082157
8.077414517588265	-0.08510621486164502
8.079574541041886	-0.0858911427754398
8.084763778502539	-0.08777075496797473
8.0918010654387	-0.09030644932315453
8.092285774327783	-0.09048051629576255
8.099865454712715	-0.09319291024316366
8.104090371237042	-0.09469697533447781
8.10749957904595	-0.09590639023425621
8.115252195239147	-0.0986428401067006
8.116404363393984	-0.09904789157358782
8.122967071285469	-0.1013465986115713
8.128755079802421	-0.1033624077186351
8.130848511072463	-0.1040887303452007
8.138811073327055	-0.10683825176708
8.141162398507102	-0.1076462135170666
8.14677082575313	-0.1095657564331611
8.153599932319892	-0.1118889967527723
8.154873027182797	-0.1123203312320837
8.163035974541112	-0.1150730564895706
8.166103194679218	-0.1161016083915362
8.171212748687937	-0.1178077331262218
8.178631154198445	-0.1202689906699086
8.179516208769918	-0.1205613427887424
8.187870380754291	-0.1233076129845283
8.191231649189739	-0.1244057905048971
8.196242804585028	-0.1260355215006989
8.203853359598622	-0.1284938996998927
8.20473201471302	-0.1287763877778168
8.213268755493456	-0.1315068006523805
8.216551727113275	-0.1325500074671357
8.221819355562376	-0.1342156533145779
8.22927060346524	-0.1365548982175992
8.230481058030797	-0.136932989255807
8.239192233279073	-0.1396384201807741
8.242067469221661	-0.1405253977513952
8.247905946278786	-0.1423170389639115
8.254887372560484	-0.1444431570947638
8.256728154500184	-0.1450007153141267
8.265606126555845	-0.1476723270244131
8.267783965101613	-0.1483232854461563
8.274469467465646	-0.1503103578797831
8.280709549889448	-0.1521501145249719
8.283440962018862	-0.1529507523331844
8.292478547440544	-0.155580000817099
8.293708298149937	-0.1559354109771535
8.301479195051909	-0.1581677826674334
8.306745347337223	-0.1596676803963799
8.310589330732819	-0.160755739511648
8.319779753308708	-0.1633343792939678
8.319850438411191	-0.1633540880416412
8.32890641092386	-0.1658629050243848
8.33300617510212	-0.1669883629974901
8.338145131525659	-0.1683897582624205
8.346229230285331	-0.1705736776421952
8.347468660667722	-0.1709062296529985
8.356831803134293	-0.1733991742673508
8.359554892521432	-0.1741178134385482
8.366189441249793	-0.1758563139806402
8.372904661754324	-0.1775984220811009
8.375636554654108	-0.1783019816750838
8.385139480569613	-0.1807264275589244
8.386346878525824	-0.181031925493509
8.394607039067363	-0.1831060993563014
8.399833807223631	-0.184404611227273
8.404169181740441	-0.1854732614279186
8.413405352932891	-0.1877249505574558
8.413802768047304	-0.187821058207649
8.423463782777393	-0.1901379319897464
8.427112445065305	-0.1910032177833885
8.433133480625203	-0.192419167278289
8.440833326180259	-0.19420863381314
8.442880378444308	-0.1946802725026313
8.452669730218524	-0.1969122652949458
8.454676333793103	-0.1973649903893589
8.462440022436237	-0.1991008873126443
8.468561802299075	-0.200452380861399
8.472293294331759	-0.201268540900313
8.482206191153779	-0.2034090703571779
8.4825573236709	-0.2034841572487636
8.492071483112953	-0.2054990495440795
8.496625917644131	-0.2064504435937635
8.502025401759402	-0.2075671095803088
8.510802898076555	-0.2093567581166915
8.512047212736302	-0.2096078485495358
8.522100317225942	-0.2116130031031753
8.525148357550089	-0.2122127136808705
8.532150884566503	-0.2135756411528863
8.5395326962485	-0.2149903881532544
8.542274524487647	-0.2155100126839422
8.552441881777289	-0.2174096226010743
8.554076339364018	-0.2177109943769817
8.562586175148144	-0.2192617905864176
8.568695455516991	-0.2203565202009446
8.572808223873688	-0.2210845795565918
8.583085910248004	-0.2228730910809492
8.583469262984371	-0.2229389507330582
8.593322788166324	-0.2246103072560087
8.598356313945656	-0.2254484305904282
8.60364141214955	-0.2263168410642147
8.61340499625665	-0.2278903425988975
8.614021688211375	-0.2279883677753377
8.624425730371676	-0.2296180852143053
8.628724206225137	-0.2302781685729573
8.634841439033423	-0.2312039634968713
8.644098612062139	-0.2325750905298179
8.64532105813119	-0.2327534256216753
8.655827969319638	-0.2342603385852459
8.659767694873111	-0.2348134417974125
8.666342056326858	-0.2357216865918385
8.675526413926608	-0.2369601064625284
8.676920954643313	-0.2371450059757377
8.687527650565698	-0.2385246045318831
8.691626293355581	-0.2390450722229292
8.698142747238913	-0.2398578366168636
8.707847548357556	-0.2410352367963955
8.708821743350871	-0.2411512168702064
8.719525377438524	-0.2423993155938469
8.724494754719144	-0.2429624646212364
8.730244993477179	-0.2436010167560925
8.741023829825467	-0.24476068996587
8.74129270902349	-0.2447889986836299
8.751771130232886	-0.2458683369136785
8.758412554441289	-0.2465287070541001
8.762597569115002	-0.24693525639264
8.773468479155142	-0.2479571834706594
8.775986111855715	-0.2481868502752234
8.784332871008425	-0.2489291580596089
8.79392784182987	-0.2497467082941396
8.795268023816078	-0.2498578228608255
8.806229019267578	-0.2507386790751767
8.812627586620195	-0.2512299124426484
8.817214072516821	-0.2515714918698502
8.82824373617775	-0.252357390963274
8.831815481219296	-0.2526011640886118
8.839276779880729	-0.253093269511372
8.850373431803421	-0.2537828613750778
8.851689029372611	-0.2538612803404561
8.861456206384556	-0.2544210755126932
8.872508369204223	-0.2550075480498562
8.872617744018095	-0.255013100665216
8.883799890081297	-0.2555551734981796
8.895025251326299	-0.256048329311447
8.895176229971623	-0.2560546157686704
8.906230975130553	-0.2564896502233744
8.9175187690589	-0.2568830905091355
8.919254225853738	-0.2569390564859483
8.928799954019079	-0.257225123077399
8.940149176616428	-0.25751790256077
8.946516441513506	-0.2576597612709935
8.951517515995048	-0.2577598039533935
8.962927614531589	-0.2579510631574378
8.974374551357043	-0.258091433186193
8.981382025134915	-0.2581520513613168
8.98584223861155	-0.2581805546465004
8.997349240340593	-0.2582183564250559
9.008890237105087	-0.2582047027207413
9.020464274413955	-0.2581394431200936
9.032070382679077	-0.2580224465271811
9.043707577077541	-0.2578536013702932
9.055374857416652	-0.2576328158041094
9.060197800559816	-0.2575265715632333
9.06713581375794	-0.2573586533911197
9.07887485261816	-0.2570336535055956
9.083734437084496	-0.2568841381128104
9.090661571849681	-0.2566559412875937
9.102469013978368	-0.2562263148168021
9.103357708319127	-0.2561919138293985
9.114338547756249	-0.2557431579459836
9.120562053064921	-0.2554694029520741
9.126226689082667	-0.2552080785788792
9.135925674912821	-0.2547339114807917
9.138145077818052	-0.2546206722463147
9.14978831771351	-0.2539979657534064
9.150099318674778	-0.2539806725224745
9.16209217702893	-0.253287900416311
9.162444133643509	-0.2532668068582851
9.174141430842347	-0.2525411769113964
9.174608440045183	-0.2525112186556161
9.185968717000888	-0.2517592424981489
9.186227505967171	-0.251741592652319
9.196250099123628	-0.2510404590592581
9.198337211921411	-0.2508901269258788
9.206044679665062	-0.2503222004638488
9.210487086922097	-0.2499857082537413
9.215405797553382	-0.2496054137058085
9.2226786830745	-0.2490282163837487
9.224354270785113	-0.2488927406226964
9.232819271844056	-0.2481940585509451
9.234916935274628	-0.248017243516076
9.240645873198259	-0.2475270045294863
9.247189214663999	-0.2469538728229168
9.248260794003572	-0.2468586854002888
9.255454961586846	-0.2462099642984131
9.259511034215921	-0.2458367997496612
9.262230905833087	-0.2455836139184952
9.268719335386544	-0.2449700134946835
9.271870815566817	-0.2446671045661025
9.274782663456612	-0.2443844375334307
9.280614283197165	-0.2438102277845002
9.28427318595009	-0.2434444428765688
9.286092394203834	-0.243261018299307
9.291307119354633	-0.2427294725008513
9.29627429811546	-0.2422152233243858
9.296720683158428	-0.242168631007043
9.300716543392202	-0.2417488407478126
9.305119701721132	-0.2412805223840378
9.309211186380148	-0.24083997181147
9.30948128875812	-0.2408107094482243
9.313778708996111	-0.2403421280782758
9.318076129234102	-0.2398678893939385
9.321752161748977	-0.2394577443084867
9.322341670989085	-0.2393915942554316
9.326565132286179	-0.2389145968361668
9.330788593583273	-0.2384322074602307
9.334339064192582	-0.2380225229608588
9.334978160996744	-0.2379483826160846
9.339132006522089	-0.2374635328017174
9.343285852047433	-0.2369735375668324
9.34697344368969	-0.2365342414339317
9.347417075032178	-0.2364811252569864
9.351505270556814	-0.2359889178667839
9.35559346608145	-0.2354917947483169
9.359656843254418	-0.2349928306299746
9.359680521918268	-0.2349899090807967
9.363706700814184	-0.2344907817868141
9.3677328797101	-0.2339869533220516
9.371759058606017	-0.2334784357650461
9.372391214539293	-0.233398167895619
9.375592311307534	-0.232989985877215
9.37955984185608	-0.2324800084610315
9.383527372404627	-0.2319655421164302
9.385171457163295	-0.2317510430386361
9.387374300510094	-0.2314624691648217
9.391362700864192	-0.2309365095298093
9.395524235615843	-0.2303829530363189
9.398004906165255	-0.2300506724800207
9.399775995950987	-0.2298124068979251
9.404219123278725	-0.2292108446133684
9.408829984709719	-0.2285807986739305
9.410892752295606	-0.2282970366648313
9.413495562435015	-0.2279373460010991
9.418372910816622	-0.2272583561900066
9.423412663293067	-0.2265499625686169
9.423833764306673	-0.2264904606979717
9.42841452417567	-0.2258401628547497
9.433704815600551	-0.2250821412579523
9.436829434345674	-0.2246309202055266
9.439074860733751	-0.2243050821050799
9.444609346112367	-0.2234962894298932
9.449885571562806	-0.2227177435781306
9.450285180574051	-0.2226584848696681
9.456056025416961	-0.2217981100643531
9.461974870686733	-0.2209067265096218
9.46300913133793	-0.2207500411741794
9.467875007668599	-0.220009266326342
9.474014728418506	-0.2190659813476817
9.476181728003326	-0.2187307765268665
9.480176761303262	-0.2181097457821704
9.486530003213581	-0.2171139342232324
9.489418405447678	-0.2166578921902978
9.492925811134256	-0.2161013817601761
9.499485064057321	-0.2150525701361071
9.502721326674976	-0.2145312400552837
9.506092940905402	-0.2139854396204401
9.512850738783616	-0.2128832776557485
9.516092020617039	-0.212350775933507
9.519652737466021	-0.2117629538479982
9.5266017593489	-0.2106072011441624
9.529531714011565	-0.2101165150729335
9.533582066060216	-0.2094349471927105
9.540715181587139	-0.20822546848027
9.543041680417517	-0.2078284783097392
9.547859130336885	-0.2070025733596814
9.555169414844485	-0.205739338370587
9.556623609023958	-0.2054866283105744
9.562462922377831	-0.2044672055458044
9.56994365603847	-0.2031502910856652
9.570279987325828	-0.2030907968720168
9.577372943673048	-0.2018304838960966
9.584016854020392	-0.2006401865268916
9.585001918943769	-0.2004629115853207
9.592695548791561	-0.199071363352687
9.597866156347346	-0.1981292162127574
9.600455881547163	-0.1976552707644897
9.6083060077114	-0.1962102605480356
9.611790711780262	-0.1955648074847252
9.616184910626307	-0.194747437295501
9.624185637535648	-0.1932493623187197
9.62579527102316	-0.1929464467649627
9.632170132523919	-0.1917418408734878
9.639888532584008	-0.1902728537861491
9.64031032087078	-0.1901922499664899
9.64849765904736	-0.1886210361065862
9.654129402948167	-0.1875329703554627
9.656746687907951	-0.1870253112254457
9.665072079702529	-0.1854021769002505
9.668452475176888	-0.1847395436331597
9.67341684535706	-0.1837627238054526
9.681875149466396	-0.1820883795924816
9.682868097495492	-0.1818910020625632
9.69030289566915	-0.1804077389907076
9.697396130469961	-0.1789838106167085
9.698871984640336	-0.1786864731406131
9.707494067114453	-0.1769421948441487
9.712093836519987	-0.1760066368422196
9.716151765259395	-0.1751784371348542
9.724895805696271	-0.1733848807496881
9.726893864274277	-0.1729733466349558
9.733629996388402	-0.1715813572156709
9.74181895183953	-0.1698797442940703
9.742484973814658	-0.1697409000902562
9.75137928098281	-0.1678804308423215
9.756967210002763	-0.1667056032573506
9.760317584799038	-0.1659990318061982
9.769323858348812	-0.1640917488953056
9.772235688425582	-0.1634726601983261
9.778334741936289	-0.1621721317660896
9.787448893902114	-0.1602192345409383
9.787649813037444	-0.1601760581437902
9.79652297413649	-0.1582639862398464
9.803253641430388	-0.1568067802238395
9.805718305547712	-0.1562717244663603
9.814965385926133	-0.1542575449948875
9.819117091279603	-0.1533498116184897
9.8242321501489	-0.1522285886358719
9.833578450111045	-0.1501719031436524
9.83516519726791	-0.1498217297751422
9.842909507466654	-0.1481085684580208
9.8514447305385	-0.1462127037295604
9.852344732491479	-0.1460123255137527
9.861813974700826	-0.1438989155199108
9.868117787411412	-0.1424867917748124
9.871322347507684	-0.1417673695248103
9.880882938612343	-0.139614988795521
9.88504625536075	-0.1386749218331789
9.8904598838702	-0.1374500662376962
9.900108613418153	-0.135260299315779
9.9022837527835	-0.1347654987188669
9.909751345217147	-0.1330636071070491
9.919485077850556	-0.1308381087570661
9.919895146325041	-0.1307441801937746
9.929192702640844	-0.1286108922788402
9.937969593683821	-0.1265908612702211
9.939002245134514	-0.1263528030475849
9.948842843771773	-0.1240804138754372
9.956776646948345	-0.1222433465471025
9.958726048285133	-0.1217912943974758
9.968645297442887	-0.1194872987327192
9.976229009704173	-0.1177215901227173
9.978602837075098	-0.1171681616282531
9.988598154397115	-0.1148343504654318
9.996510129082145	-0.112983034816231
9.998631774723542	-0.1124860132213122
10	-0.1121653856433151
