0	2
0.00115470044206496	1.99999800000033
0.00230979205487238	1.99999200095546
0.00346521727504564	1.99998200075578
0.00464306895361607	1.99996769166718
0.0060066785566366	1.99994594061687
0.00755791321708457	1.99991443598014
0.00929829545888225	1.99987053093642
0.0112291042811754	1.99981124078085
0.011558953843058	1.9998
0.0131697625032348	1.99974044371805
0.0154298818586707	1.99964384943061
0.0178769270576164	1.99952212725222
0.0205116521117487	1.99937117261333
0.0231515169761843	1.99919925972542
0.0233227189041199	1.99918739646863
0.0262847248908374	1.99896841434158
0.0294303018912616	1.99870743937883
0.0327600178523986	1.99839934442337
0.0347798812645072	1.99819651925336
0.0361880425993612	1.99804800111888
0.0398244447939537	1.99763750238394
0.0436407816256181	1.99716492693726
0.0464413272993991	1.99679098349384
0.0475793628109474	1.99663245853625
0.0516899415758185	1.99602836502538
0.0559763950614153	1.99534592769306
0.0581381376541683	1.99498148078538
0.0603327342816043	1.99459758370305
0.0648985412891734	1.99375414168293
0.0696363368188286	1.99281513607969
0.0698681513616029	1.99276752922997
0.0743215289873118	1.99182284106587
0.0793226636874239	1.990693927213
0.0816319443561109	1.99014843209469
0.0843786070685608	1.98947969497857
0.0896372116022882	1.98813922907296
0.0934322814155169	1.98712286067001
0.0950049955591946	1.98668963423039
0.1005136846968	1.98511688676475
0.105270829878304	1.98368959158879
0.106155586246161	1.98341707112842
0.111906456785874	1.98159204258465
0.117148000210746	1.97984771987923
0.117795952119663	1.97962672864052
0.123781048904709	1.97753008427954
0.129063278722881	1.97559674152907
0.129897162878512	1.97528442613074
0.136108679879722	1.97289750698737
0.141015571095386	1.97093656642742
0.142432589859051	1.97035790479193
0.148862936252598	1.96766279235563
0.153003582648652	1.96586744748551
0.155375905476628	1.96481768356557
0.162017703691076	1.96179730276221
0.165026241167299	1.96038981528608
0.168699881989511	1.95863790085475
0.175545933830335	1.95527614847063
0.177083149538539	1.95450401595194
0.18237576733014	1.95179708443855
0.189175431107399	1.94820976463196
0.189414174764212	1.94808156810184
0.19651429442873	1.94420030940819
0.201326149865775	1.94149432635671
0.203696394694218	1.94013894665859
0.210985505722494	1.93587876849265
0.213505532960487	1.93437370557298
0.218286209920109	1.93147300006702
0.225716466833883	1.92684729404898
0.225757212248725	1.92682153370726
0.233278867981075	1.92199341251904
0.237992621228184	1.91889394384798
0.240868544950464	1.91697500982563
0.248565051926986	1.91173657901574
0.25029282211903	1.91054008415976
0.256242776040621	1.9063620793856
0.262627154257055	1.90178052828922
0.264082518452522	1.90072184345642
0.271991777628183	1.894876758907
0.275021856629335	1.89259658225782
0.279917692673845	1.88886451711369
0.287442997708228	1.88301380050256
0.28798061385307	1.88259051105941
0.296092835254448	1.87611874714827
0.299934904592268	1.87299828063109
0.304238803919025	1.86946047220248
0.312446406078348	1.86259141131244
0.312505432568349	1.86254142799402
0.320811251832874	1.85542646768273
0.325036732960163	1.85174461842167
0.329155903865659	1.84811501718975
0.337610541278106	1.84054181957799
0.337641870100334	1.84051345021014
0.345992892172853	1.83287051782063
0.35029100008042	1.82887470241673
0.354519196502743	1.82490266140909
0.362992766110803	1.81682096199886
0.363149434002819	1.81667000814462
0.371815407150703	1.80823517955518
0.375781587717345	1.8043191650928
0.380508230525333	1.79960668440989
0.388583579009495	1.79144228849967
0.389302288531606	1.79070870730968
0.3981370499015	1.78160017259577
0.401472026239368	1.7781181875095
0.406983065458807	1.77231176013623
0.41437843464948	1.76441872670688
0.415929955596549	1.76274802422804
0.42492623012529	1.75296163866094
0.427368087992226	1.75027626810956
0.433913181780676	1.74301727348116
0.44038414271512	1.73575410140868
0.443002371573001	1.73279086517039
0.452153311516044	1.72232542726683
0.453478183105531	1.72079631782172
0.461269837491478	1.71173224525813
0.466610481691906	1.70545004783817
0.470491236200218	1.70084965539655
0.479790371645393	1.68970686330107
0.479814225426832	1.68967806558337
0.489026025683983	1.6784748876894
0.493071035821294	1.67350437470854
0.498370118925072	1.66694568963798
0.5063984630777	1.65690891497443
0.507796707861073	1.65514849228132
0.517263279423514	1.6431356155624
0.519832484529763	1.63984712534715
0.526721023703665	1.6309705669893
0.533293490692671	1.6224219644921
0.536266420940551	1.61852964262978
0.545868721348762	1.60585169484749
0.546849988314547	1.60454706882765
0.555431812464611	1.59306567674759
0.560456564346546	1.5862845878893
0.565087997432957	1.57999590703049
0.574151948137121	1.56758445848882
0.574814869698547	1.56667126146169
0.584570733561881	1.5531490750514
0.587987758941949	1.54837614504724
0.594330903719682	1.53946544901764
0.601842847731435	1.52882975547486
0.604167563040606	1.52551999496991
0.614048245345609	1.51135868583048
0.615824977005149	1.50879620456854
0.62390627356585	1.49707939657572
0.629857226332067	1.48838811321037
0.633846499569063	1.48253174803925
0.64384741511913	1.46774690267514
0.644005083199819	1.46751264622313
0.653798675393795	1.45289066220251
0.658235576897682	1.44622120301893
0.663837595738505	1.43776017509818
0.672582371873429	1.42446528483797
0.67394370810032	1.42238598710105
0.684081275284436	1.4068234539745
0.687110159151082	1.40214701068691
0.694215884204914	1.39112791085986
0.701684094534999	1.37947581999169
0.704422441838606	1.37518509041222
0.714671400895155	1.35904205060875
0.716433154268056	1.35625393089116
0.724899833386086	1.34280068511283
0.731265995809975	1.33262780959548
0.735204327314523	1.32630981687593
0.745560947021328	1.30960864524169
0.746274076151196	1.30845408912638
0.755883130248502	1.29283974467443
0.761404603908438	1.28382068635277
0.766284620944118	1.27582089015744
0.776718958110879	1.25862953233783
0.776745228742942	1.25858609935934
0.787225535092557	1.24120241883749
0.792354004162696	1.23265462539719
0.797725515860712	1.22367270794274
0.808040298126327	1.20634506536113
0.80828567118099	1.20593157400754
0.818866555750479	1.18804755962988
0.824093615609899	1.17917408625279
0.829466960633586	1.17002566739861
0.840126341728804	1.15180126779463
0.8402280334779	1.15162692870719
0.850749186155715	1.13354094650212
0.85660364017562	1.12343690190217
0.861451784024874	1.11504786696211
0.87220635192949	1.09637196558117
0.873299367805984	1.0944688719107
0.882938245367732	1.07764619473872
0.890278897214296	1.06478850312798
0.893745916751118	1.05870186312938
0.904593267185188	1.03960465050153
0.907716665979356	1.03409100427627
0.91543956912953	1.02042962020333
0.925477724825078	1.00261572273455
0.926354108818904	1.00105739142963
0.937292138810103	0.98157029513748
0.943979284024278	0.969622371428653
0.948256477410724	0.961966711797249
0.959263726246552	0.942220228756329
0.96291442269365	0.935657279922203
0.97027490428937	0.922404291800041
0.981349672989542	0.902414937453839
0.982465081987056	0.900398627514037
0.992408396024224	0.882399496597887
1.00287654164452	0.863405943438251
1.00354621203163	0.862189327349307
1.01470680511756	0.841889948793261
1.02489593025739	0.823319205350573
1.02590721459011	0.821474038728858
1.03713206644215	0.800973328223259
1.04839896578563	0.780359420345429
1.04861942755126	0.779955740976989
1.05964824126797	0.759745469276092
1.07097679613683	0.738957781181974
1.07445179059475	0.732576336640514
1.0823098702835	0.718137361643626
1.09369934848013	0.697192873196989
1.10512632442719	0.676163024036965
1.10524429654228	0.67594584805135
1.1165416352507	0.655142422248761
1.12802795214063	0.633982961939701
1.13954894099652	0.612755695253327
1.15110365759188	0.591466578251232
1.16082123760429	0.573565828048387
1.16269612949892	0.570112459390904
1.17431207916039	0.548723943169728
1.18595881799867	0.52729190848452
1.19541663230953	0.50990072872467
1.19764117852673	0.505811870387656
1.20935859948995	0.484289320914612
1.21920317992452	0.466227115906998
1.22110845484647	0.462733581523522
1.23289507243415	0.44114126331315
1.23883030978917	0.430281625871685
1.24472376813489	0.419507266029616
1.25633373083172	0.398312006435941
1.25657772895981	0.397866972268812
1.26847193923699	0.376197693924093
1.2715580810622	0.370583243978065
1.28041490968379	0.354488774158778
1.2859122133108	0.344514264529908
1.29238799927946	0.332778935916743
1.29907406302968	0.32068097383691
1.30439598339427	0.311064312015466
1.31125289586628	0.298692838065577
1.3164414616827	0.289345083592188
1.32262075567528	0.278229430953765
1.328526040081	0.267623312671507
1.33330939468743	0.259045336678824
1.34065109389457	0.245901555364821
1.34341165417268	0.240966867108139
1.35281823273382	0.224182030723188
1.35298425219964	0.223886237600087
1.36196978247258	0.207899724053402
1.36503404762198	0.202458207032242
1.37034230174262	0.193045493911645
1.37727770861223	0.180772258842792
1.37842847433703	0.178738745708232
1.38606772608613	0.165260023355587
1.38957048912828	0.159091689465375
1.39322539885599	0.152664273735212
1.40012592308104	0.140552569109527
1.40189905029773	0.137445331530648
1.40648232144821	0.12942402454291
1.41269960529958	0.118565470978273
1.41426941855637	0.115827868084147
1.41840389292559	0.108626601930734
1.42398350611741	0.0989271612113481
1.42668374050894	0.0942409516492388
1.42916718429309	0.0899359872025485
1.43414535723781	0.0813199757010121
1.43887906940467	0.0731437505419597
1.43914346521035	0.0726875568810931
1.44308477395671	0.0658940570171263
1.44726680183936	0.0586984372861636
1.45121389221097	0.051919141374338
1.45164759305214	0.0511749575369791
1.45468657786633	0.0459650120341504
1.45811742071512	0.0400919447370499
1.46132159180723	0.0346152061071887
1.46419814311483	0.0297052830421322
1.46429193801154	0.0295453114809994
1.46699583872129	0.0249367400130142
1.46947992280428	0.0207080355206623
1.47174360733991	0.0168588646777055
1.47378610052281	0.0133893621186489
1.47560633106372	0.0103002497032416
1.47679801280862	0.0082792976341928
1.47715399266215	0.00767588237827605
1.47870145752118	0.0050540316612374
1.4802489223802	0.00243418094419878
1.48179638723923	-0.000183669772839825
1.48334385209825	-0.00279952048987841
1.48489131695728	-0.00541337120691697
1.4864387818163	-0.00802522192395551
1.48798624667533	-0.010635072640994
1.48944513439505	-0.0130937035241061
1.48956652589575	-0.0132981811524216
1.49132317545004	-0.0162557436555203
1.49326536864645	-0.0195225986917139
1.49539379104672	-0.0230989657985601
1.49770897378302	-0.0269847109915295
1.50021132285661	-0.0311793964089197
1.5021420392906	-0.0344121661096998
1.50284688131534	-0.0355914205338933
1.50567765553941	-0.0403230762049593
1.50869072677669	-0.0453516217474111
1.51188615437886	-0.0506756921885294
1.51488899550295	-0.0556706173388476
1.51524368655878	-0.0562600208143932
1.51875147953499	-0.0620828575353645
1.52243632992039	-0.0681874862644676
1.52629809943708	-0.0745718887880508
1.52768867195828	-0.076867488869781
1.53020001176829	-0.0810083098956954
1.53435093867079	-0.0878395611511519
1.53867334289115	-0.0949357961181669
1.54053773980129	-0.0979912155655957
1.54304898161661	-0.102101042226738
1.54764700726701	-0.10961025331695
1.55241111849853	-0.117369165175942
1.55344048285258	-0.119042725293364
1.55717372872168	-0.125102937979014
1.5621981276649	-0.133237285704787
1.56639705844737	-0.140016033563344
1.56735105950037	-0.141553570181843
1.57262953079456	-0.150044019931469
1.57806399954763	-0.158755814341311
1.57941650346221	-0.160919299405696
1.58350074727185	-0.167440375809307
1.58917323936909	-0.176468516710811
1.59248742950918	-0.18172776785193
1.59492062700249	-0.185581246774166
1.60082388309196	-0.194904084404769
1.60562135687036	-0.202453254121469
1.60684100212085	-0.204368335920571
1.6129671591517	-0.213963096140907
1.61882182786795	-0.223094455803837
1.61922596838437	-0.223723339986411
1.62556702763264	-0.233566881723335
1.63204608455115	-0.243578428207711
1.63209119505076	-0.243647969948376
1.63846179532431	-0.253444605003787
1.64514124641256	-0.263666670232557
1.64540936591221	-0.264075935434558
1.6517660994828	-0.2737536760561
1.65863880537518	-0.28416425767286
1.65879460705077	-0.284399627011827
1.66545267174273	-0.294430153408316
1.67224962148906	-0.304615874367223
1.67250686967935	-0.305000267925209
1.6796244031564	-0.315604052378491
1.68580358297638	-0.324760399515182
1.68684554639609	-0.326299691445331
1.69414114523201	-0.337040184987878
1.69942881181908	-0.34478383477784
1.70151699806549	-0.347832134579806
1.70898399210448	-0.358687818649684
1.71312619382808	-0.364679845462069
1.71650203447404	-0.36954682814018
1.7241339700483	-0.380496563877553
1.72689770438399	-0.384443536733432
1.73178138298911	-0.391393426111438
1.73957200115611	-0.402416462853204
1.74074684281096	-0.40407196767427
1.74733578252061	-0.413322281726003
1.75468080017588	-0.423567020749355
1.75527077963818	-0.424386764483868
1.7632585881434	-0.435439808091805
1.76874699107761	-0.442985131349289
1.77131098406483	-0.446495898032463
1.77944428916707	-0.457573762019117
1.78289175830658	-0.462242395504802
1.78760103074829	-0.468593011735856
1.79587438548299	-0.47967638374168
1.79712279859444	-0.481340678365494
1.80412250878216	-0.490631270507574
1.81145497412129	-0.500290589554031
1.81251772324216	-0.501684245203061
1.82096397537907	-0.512703912767164
1.82594602403795	-0.519156851749647
1.82945537360424	-0.523680774619047
1.83803007561048	-0.534660672036155
1.84052928919039	-0.537841200436114
1.84660493320774	-0.545534933592511
1.85522050743528	-0.556353779146792
1.85530247537272	-0.556456184515785
1.86403559014128	-0.567310597852288
1.87012136690871	-0.574808827441554
1.87282290314129	-0.578119652307476
1.8816738677971	-0.58889135398174
1.88512645252557	-0.593061831796672
1.89053915092914	-0.599563686742422
1.89950366412299	-0.610235903898853
1.90025635848861	-0.611126526684797
1.9084362293845	-0.620749320884199
1.9155469024384	-0.629032338477639
1.9174914182291	-0.631283918931319
1.92659573838258	-0.641749319730911
1.9310736705834	-0.646850374197652
1.93572583268371	-0.652116865831041
1.9449345070305	-0.662443412239295
1.94675395093477	-0.664468294389885
1.95413073801838	-0.672624636837739
1.96262680260278	-0.681913868839856
1.96343355765496	-0.682790022852626
1.97277120795761	-0.692856741544429
1.97883620759568	-0.699322132369179
1.98214857413726	-0.702828421975743
1.99158221683429	-0.712719398149041
1.99524894798157	-0.71652595257377
2.00102778201876	-0.722481231192588
2.01055400276518	-0.732182239549353
2.01190822813129	-0.733549581642136
2.02006318177878	-0.741720556390392
2.02887307979581	-0.750427861262561
2.02967329060002	-0.751212501877664
2.03931482978095	-0.76058508373102
2.04635086723961	-0.76733001930128
2.04899773516038	-0.769846375784668
2.05872464069663	-0.778995734703212
2.06419803154551	-0.784076440413682
2.06847823970776	-0.788015106660338
2.07828758476239	-0.796928523076271
2.08249565581997	-0.800703946851739
2.0881114471167	-0.805696519881085
2.09800040812707	-0.814361719242283
2.1013471489803	-0.817257804501264
2.10789571311597	-0.822870420001902
2.11786159328776	-0.831275576470684
2.1208889001202	-0.833796197648926
2.12783096843349	-0.839518237119835
2.13787122407337	-0.847651977111976
2.14131135782568	-0.850400253088146
2.14791840758177	-0.855622554510413
2.15803067580959	-0.863473961944732
2.16290404596562	-0.867196656520519
2.16815993086181	-0.871166504975583
2.17834205640424	-0.878725131486772
2.18616227982056	-0.884412120514673
2.18855716109008	-0.886132968496207
2.19880721749421	-0.893388854989564
2.20909915340308	-0.900496073222559
2.21218108815188	-0.902589575987849
2.21939607934434	-0.907427305572862
2.22975255321556	-0.914217473251624
2.24014770298463	-0.920850495226132
2.24271125292358	-0.922458160592094
2.25054585963115	-0.927301902612256
2.26100298039592	-0.933604807933183
2.27149557969346	-0.939742692235705
2.28202261371947	-0.945713078773397
2.29258303505051	-0.951513557231373
2.2942368481189	-0.952404810526011
2.30319980139104	-0.957154756829351
2.31382002023948	-0.962606481699303
2.32447044125781	-0.967881462062402
2.33267280570282	-0.971812730808965
2.33515705435888	-0.972980991869949
2.34587546309468	-0.977901660395894
2.35662094081857	-0.982639421919717
2.35686025948145	-0.982742712861999
2.36743006783642	-0.98720861353925
2.37711193882686	-0.991133695348336
2.37824243990976	-0.991581727315734
2.38909020167976	-0.995771341411879
2.39426299989972	-0.997699343993243
2.39997649500172	-0.999776749614554
2.40998739702377	-1.00328439775493
2.41088589948424	-1.00359101333539
2.42182971194419	-1.00721701029294
2.42400830036086	-1.00791488307272
2.4328188888604	-1.0106565409753
2.43725519390512	-1.01198791984449
2.44383367241805	-1.0139019470061
2.4495102876453	-1.01549562229018
2.45487788375358	-1.0169533782599
2.46091737143727	-1.01853638871762
2.46595353719074	-1.01981028138773
2.47160359518376	-1.02118945686382
2.47706171688424	-1.02247177467979
2.48167311947883	-1.02351682545922
2.48820318242536	-1.02493686445247
2.49120453828573	-1.02556599276485
2.49937875247466	-1.02720454900886
2.50025030585855	-1.0273727837941
2.50878593466095	-1.02895482607311
2.51059169283439	-1.02927426978447
2.51668174522051	-1.03031236529959
2.52182863641722	-1.03114262589902
2.52432161438338	-1.0315292711995
2.53161083308967	-1.03260196669316
2.53310132456241	-1.03281071215536
2.53832541295447	-1.03351394925804
2.5444035273955	-1.0342766798878
2.54490079525455	-1.03433644018118
2.55109299432071	-1.03504729872605
2.55574508074935	-1.03554080424178
2.55697373344134	-1.03566533596582
2.56253844706617	-1.03619908829481
2.56711698560359	-1.03660109392653
2.56782368069153	-1.03666015538033
2.57279423215205	-1.03705307639006
2.57752739339015	-1.03739064523435
2.57852228712386	-1.03745707017844
2.58179834177996	-1.03766467641397
2.58598184611602	-1.03790503388006
2.5899345952997	-1.03810666245934
2.58995728393208	-1.03810774848025
2.5933765214467	-1.03826211092888
2.59681616692456	-1.03839877406665
2.60003122741052	-1.03850965274146
2.60142587396691	-1.03855269098474
2.60289721816636	-1.03859477803599
2.60561882560615	-1.03866366477508
2.60812126070168	-1.03871674440589
2.61040335743149	-1.03875659139396
2.6124637836139	-1.03878556167329
2.61292840386079	-1.03879117657772
2.61413993641823	-1.03880422945289
2.61575800362089	-1.03881808448907
2.61737672549181	-1.03882785381892
2.61899610256036	-1.0388335357167
2.62061613535679	-1.03883512845458
2.62223682441294	-1.03883263030255
2.62385817026033	-1.03882603952851
2.62446485182095	-1.0388225220393
2.62535423417697	-1.03881633058137
2.62694885835575	-1.03880215200215
2.62855450982439	-1.03878388535544
2.63034755567971	-1.03875875913746
2.63232918106895	-1.03872519268955
2.63450041648784	-1.03868143264217
2.63603544575235	-1.03864609468995
2.63679315141514	-1.03862730773011
2.63929827628636	-1.03855888415702
2.64198921494735	-1.03847459857798
2.64486663578577	-1.03837212866114
2.64764041610048	-1.03826129202933
2.64791349015736	-1.03824974028498
2.65111195856207	-1.03810592180664
2.6544927327417	-1.03793685501586
2.65805634754679	-1.03773970872198
2.65928078509336	-1.03766749328116
2.66165675387729	-1.03752082859438
2.66551878718945	-1.03726407944604
2.66955947750414	-1.03697116967269
2.67095335418547	-1.03686438020772
2.67363367665662	-1.03665074544716
2.67795981592352	-1.03628300027138
2.68246059606341	-1.03587041425322
2.68266012023751	-1.03585141772303
2.68690967574794	-1.03543258184833
2.69168067462359	-1.03493003540096
2.69440124419984	-1.03462820563876
2.69653299019572	-1.0343839551243
2.70156901703045	-1.03378002031191
2.70617913031502	-1.03319406389281
2.70675216772839	-1.0331190185896
2.71204581399145	-1.03240278067595
2.71750236103945	-1.03162113167108
2.71799674045581	-1.03154814440319
2.72291278759631	-1.03080276834141
2.7286110308604	-1.02989440047196
2.72984320577199	-1.02969173144123
2.73429690674119	-1.02894065926249
2.74022971598601	-1.02789527570041
2.7417258444374	-1.02762358676254
2.74615831336769	-1.02679960189461
2.75231827036111	-1.02560735620298
2.75364479040796	-1.02534346522165
2.75846286075099	-1.02436367683031
2.76484250092833	-1.02301518085027
2.76559992611438	-1.02285122507871
2.77117905357804	-1.02161832538888
2.77759152457259	-1.02014670443887
2.77776697916313	-1.02010561815437
2.78442362715165	-1.01851485175819
2.78963709519771	-1.01722547317198
2.79118620896676	-1.01683498739866
2.79804674915155	-1.01506543885045
2.80171505127142	-1.01409240679357
2.8049636598463	-1.01321507014622
2.81202121684081	-1.01125885657388
2.81382534357821	-1.0107477924848
2.81906964548309	-1.00923678446815
2.82597017653624	-1.00719131678595
2.82631085487787	-1.00708864507781
2.83361210798626	-1.00485051231042
2.83817517951849	-1.00341516682568
2.84098340805847	-1.00251783157652
2.84846690850335	-1.00007500607572
2.85040717724235	-0.999429450591271
2.85594063077517	-0.997560799002535
2.86267270330298	-0.995232711836417
2.86358381137358	-0.994913016810842
2.87129029118541	-0.992165445379469
2.87499967619526	-0.99081527062869
2.87903512932331	-0.98932598018464
2.88691032954399	-0.986358892088035
2.88735146468041	-0.986190325232344
2.89472382727344	-0.983336078571299
2.89974325056998	-0.981353026561008
2.90270636299111	-0.980167247038934
2.91078554951974	-0.976877711752899
2.91218734249185	-0.976298589534451
2.91883331779347	-0.973519266881945
2.92466680744404	-0.971034309225925
2.92702883958848	-0.970016038467961
2.93530284236358	-0.966394876046008
2.93720557126833	-0.96555024747658
2.94355870473018	-0.962697857975441
2.94977642134046	-0.959858756063396
2.95194845678444	-0.958855878989836
2.96040849307898	-0.954895716370387
2.96241127556616	-0.953945683447936
2.96885187065734	-0.950858033292717
2.97507714119758	-0.947826987064124
2.97742052034893	-0.946674117137558
2.98605827393079	-0.942369279918376
2.98780923772132	-0.941486079022157
2.99467203829846	-0.937990084269375
3.00057404686999	-0.934940269296953
3.00340624803215	-0.933462525950573
3.01221387816929	-0.928808973168444
3.01340490763368	-0.928172980719218
3.02098313212559	-0.924088886785564
3.02627323810738	-0.921200028773208
3.02987078330711	-0.919217639242392
3.03884090068829	-0.91421292067927
3.03920535751937	-0.91400772488155
3.04775232323676	-0.909154121829768
3.05218277067296	-0.906607227970318
3.05678215022995	-0.90394084811686
3.06522288737402	-0.898989182524669
3.06590024367444	-0.898588530942721
3.07505420024152	-0.893127199741999
3.07836204286315	-0.891132301660718
3.08421542412036	-0.887574380390427
3.0915178850308	-0.883086539592648
3.09346821181216	-0.881878679795047
3.1027703664722	-0.876065211331345
3.1047648649329	-0.874807475821578
3.11205275530525	-0.870177915263281
3.1180442553524	-0.866332746610143
3.12143083039009	-0.864143688519047
3.13087514795311	-0.857980443246168
3.13140593691281	-0.857631520256794
3.14026931169058	-0.851765132495772
3.14481870137112	-0.848725240723772
3.14976385936912	-0.845398723171643
3.15831005974222	-0.839596486352121
3.15933473678232	-0.838896243766914
3.16893973982236	-0.832286197607302
3.17192273601985	-0.830216401746619
3.17854276369158	-0.825594323078031
3.18555849953747	-0.82065365761878
3.18822775340394	-0.818762424135934
3.19796319338713	-0.811812395776228
3.19930299798448	-0.810849554012203
3.20766736208911	-0.804803710303305
3.21309745220412	-0.800847240398053
3.21745922443561	-0.797651144988671
3.22699136630708	-0.790611941451184
3.22731748240024	-0.790369781639597
3.23720069620054	-0.782990568085141
3.24104635938417	-0.78009814587286
3.24709375743277	-0.775525837181981
3.25511686060018	-0.76941572935292
3.25705887498884	-0.767929174807787
3.26706229630031	-0.760226541712666
3.26933552483062	-0.758465645097317
3.27705158791334	-0.752459563887938
3.28360354057799	-0.747325237459747
3.28711835014657	-0.744557860373414
3.29723770821339	-0.736541091187334
3.29800955620531	-0.735926646386896
3.30731987889214	-0.728481802773761
3.31250036258547	-0.724313408573352
3.31748451232832	-0.720285481649527
3.3271275726656	-0.712445234606437
3.32771163111408	-0.711968351224214
3.33796316387066	-0.703562139125927
3.34197877326516	-0.700250922827563
3.34822411478936	-0.695080476630111
3.35686759727342	-0.687884537088353
3.35855139621666	-0.686477270719972
3.36891059069111	-0.67778196198186
3.37198322138007	-0.675190570968611
3.37926724382903	-0.669024924155579
3.38717392810888	-0.662297639360198
3.38969319092031	-0.660146555665689
3.40015661032127	-0.651174766593508
3.40260442015614	-0.649067273215558
3.41061003086109	-0.642151803597819
3.41814766864174	-0.635609681797263
3.42113452708309	-0.633008972396793
3.43169895777806	-0.623774228366811
3.43395907813005	-0.621791372153285
3.44225175270862	-0.614494258003488
3.44992047306438	-0.607716920399836
3.45287585341684	-0.605097515384212
3.46353832733072	-0.595614170287218
3.46620344121912	-0.593235837322135
3.47419432826193	-0.58608576140519
3.48267192511435	-0.578470308989128
3.48491981020981	-0.576445833114388
3.49567762431392	-0.566728998885785
3.49956017186207	-0.563210854982046
3.50644129092064	-0.556960860100987
3.51666460272504	-0.54764227635407
3.51726982126458	-0.54708937045224
3.52812054452776	-0.537154867344591
3.53437569016386	-0.531409339103016
3.53899589361244	-0.527156834707868
3.54991799396812	-0.517076532846623
3.55236758728815	-0.514810607673454
3.56083341580718	-0.506965064187535
3.5708046298985	-0.497697401403591
3.57182032215056	-0.496751720768575
3.58283135715404	-0.486482100712274
3.59014802561163	-0.479640486993957
3.59387140334169	-0.476153462060255
3.60494992749297	-0.465758724708366
3.6101315085321	-0.460887323087105
3.61604321927905	-0.455321995237265
3.62718766624041	-0.444810882539192
3.63101024755039	-0.441199958688931
3.63833766139554	-0.434270297431153
3.64954652778923	-0.423651736986475
3.65315471174167	-0.420229263992691
3.6607598079822	-0.413008717944204
3.67203174864448	-0.402291717727632
3.67718143869506	-0.397390161180252
3.68331726632019	-0.391545562922795
3.69465120295761	-0.380739098575218
3.70437165993273	-0.371461400653413
3.70601841612913	-0.369888772360139
3.71741365237159	-0.359001674212449
3.7288460946174	-0.348071128305961
3.73942581717794	-0.337950757915042
3.74031207708069	-0.337102754713942
3.7518049436332	-0.326105072600921
3.76333218708154	-0.315073088942971
3.77489285901639	-0.304009908455901
3.78648599598702	-0.292918675563975
3.79811061936369	-0.281802572655129
3.80976573520193	-0.27066481827994
3.81877316430403	-0.262063893626112
3.82147431022471	-0.259485783579526
3.83320145066243	-0.248301104649389
3.84201593249176	-0.239903778605055
3.84496355837504	-0.237097457018278
3.85675959601786	-0.225878198796865
3.86143000942386	-0.221441392408967
3.86860198326164	-0.214633938785017
3.87871607190168	-0.205047599426525
3.88046824886526	-0.203388433854035
3.89237141141875	-0.192131764132567
3.89392775495673	-0.190661878061933
3.90432961018044	-0.180849312537081
3.90814015996329	-0.177260097938166
3.91631728687433	-0.169567733786245
3.92121301324029	-0.164969283291768
3.92833936356702	-0.158284888496863
3.93333452325448	-0.153606701840515
3.94039876011833	-0.147000577910024
3.94465987397051	-0.143021911013595
3.95249744856344	-0.135715540342586
3.95530774601854	-0.133099727373749
3.96463717145162	-0.124430774231135
3.96536062428234	-0.123759561771528
3.97480846124229	-0.115007274682678
3.97682269618436	-0.113144528752889
3.98352726937641	-0.106953267019382
3.98903698230251	-0.101875226806937
3.99194562122849	-0.0991983851280344
3.99997729111926	-0.0918202928502679
4.00129586494613	-0.0906109139678581
4.00734747927188	-0.0850681390730798
4.01359280034402	-0.0793603292892556
4.01456938482501	-0.0784690293227983
4.02138976247713	-0.0722532414751946
4.02593944283855	-0.0681155920101769
4.02784335250652	-0.066386377734629
4.03398401136479	-0.0608178589448942
4.03832594784573	-0.0568884843230902
4.03978953774213	-0.0555656056441088
4.04529440354305	-0.0505970178727657
4.05054738865971	-0.0458661348601308
4.05075624439839	-0.0456782467772933
4.05523992507267	-0.0416491031985074
4.05991439919491	-0.0374566678519225
4.06322817689182	-0.0344896575047223
4.06428617082725	-0.0335433607330907
4.06840430875937	-0.0298642091892472
4.07229004315745	-0.0263988388222038
4.07574803280458	-0.0233199619851263
4.07593187999471	-0.0231564197010348
4.07929355805283	-0.020168462686963
4.08243086355639	-0.0173841124432294
4.08534356971825	-0.0148027043862813
4.08803133256553	-0.0124237384851235
4.08831509391174	-0.0121727512458158
4.09028505499376	-0.0104314297187894
4.092503490709	-0.00847244171439763
4.09467556627546	-0.00655641334853049
4.09684764184192	-0.00464238498266302
4.09901971740838	-0.00273035661679522
4.10092733828668	-0.00105277122247739
4.10116822885622	-0.000841060356110985
4.10330538947273	0.00103610770382495
4.10544255008925	0.00291127576376116
4.10757971070577	0.00478444382369766
4.10971687132229	0.00665561188363443
4.11185403193881	0.00852477994357149
4.11358911566761	0.01004081918107
4.11395569348522	0.0103609170045175
4.11609753175649	0.0122299688759032
4.11842455249066	0.0142582695407098
4.12093713878966	0.0164455683351796
4.1236355741572	0.0187914797316842
4.12630043578415	0.0211049754818602
4.12650610743373	0.0212833775528716
4.12953043022356	0.0239044385628867
4.13273557123702	0.0266775615488798
4.13612152429482	0.0296019320365892
4.13906333601031	0.0321383761580872
4.13965590153466	0.0326487482164576
4.14334835756703	0.0358252429381041
4.1472162700359	0.0391456743447994
4.15125945821436	0.0426089127439748
4.15187784050202	0.0431379047815676
4.15529049674292	0.0460535805280581
4.15961592388892	0.0497408627192326
4.16411117500776	0.0535631539169744
4.16474159997161	0.0540984059346762
4.16858737660285	0.0573589380699593
4.17335102042728	0.0613872911656927
4.17765904516977	0.0650204736886426
4.17825787069025	0.0655246990581455
4.18328469467706	0.0697500716991174
4.18847106460464	0.0740958176391064
4.19063908221913	0.0759083012515989
4.19370119206176	0.0784637853063144
4.19913474176983	0.0829860864692128
4.20366986591494	0.0867486198918484
4.20469184720778	0.087594898695919
4.21036516110809	0.092282499826061
4.21618829909418	0.0970756747156114
4.21676545714903	0.0975497430690411
4.22197373446611	0.101818939544141
4.2280208389772	0.106756766688175
4.22991277016404	0.108297460889835
4.23408175627277	0.111684991979372
4.24034559870229	0.1167561074923
4.24312317959947	0.118997647964331
4.24665039987728	0.121837465468598
4.25312347966899	0.127030215536186
4.25639917421331	0.129648715053094
4.25964844384909	0.13223960319868
4.26632324492198	0.137542265002109
4.26974247050839	0.140248355995929
4.27304929188225	0.142858558358704
4.27991841562332	0.148259461021674
4.28315433894139	0.150793831113366
4.28682913324069	0.153663868892041
4.29388536136261	0.159151459039913
4.29663594404961	0.161282247302254
4.3009657990117	0.164626542551089
4.30820211784132	0.170189420527746
4.31018870514372	0.171710837721084
4.31543807330779	0.175718538401447
4.32284767741433	0.181345479532676
4.3238146751009	0.182077236518104
4.33022531642939	0.186912515398114
4.33751764616846	0.192380275812801
4.33779727786251	0.192589231759371
4.34542373313029	0.198268167111165
4.3513383005883	0.202645849440785
4.35313252712936	0.203969121202194
4.36091798810917	0.209685929937287
4.36523276563478	0.212836671404682
4.36875099698516	0.215396162680518
4.37668950641805	0.221140292921727
4.37920480686839	0.222951321618875
4.3846338041726	0.226844942113702
4.39271955878514	0.232606045878253
4.39326053691168	0.232989873783998
4.4007621883095	0.238290598886425
4.40741350864556	0.242957334105682
4.40896864497618	0.244043843696817
4.41723645551834	0.249791227068153
4.42170358725473	0.252876251607085
4.42554454021572	0.255517104705248
4.43394742087088	0.261257286799118
4.43608105763499	0.262706682892948
4.44234417252755	0.266941623245062
4.45055976086421	0.272453159805545
4.45087361536627	0.272662710381372
4.45944319373971	0.278356077886729
4.46522263416164	0.282164972144009
4.46806694272825	0.284030160466646
4.47676039766356	0.289693298479574
4.47998081048101	0.291776738136754
4.485465989649	0.295306930876437
4.49427876030569	0.300930808931007
4.49485144269946	0.301294223047374
4.50305463162457	0.306471639509662
4.50986585949001	0.310731200286183
4.51196050855702	0.312033816123167
4.52092007438214	0.31756707317133
4.52508478594752	0.320117873105358
4.52990326512641	0.323051878152002
4.5389724291876	0.328524685351491
4.5404373589818	0.329402639385902
4.54802291417742	0.33392112950408
4.55595960568716	0.338599909800394
4.5571869337274	0.339318895758118
4.56639125789735	0.34467246133193
4.57176134511732	0.347764549918406
4.57563054223468	0.349977832977995
4.58493562116666	0.355251033761868
4.58773261384789	0.356822411228498
4.59424231299278	0.360454619622025
4.60364450731245	0.365639747916532
4.60391017737456	0.365785212530711
4.61301246142617	0.370733515230706
4.62035254425885	0.374674205397684
4.62249161546003	0.375814148277878
4.63201416426843	0.380842832856535
4.63717344284538	0.383535960684465
4.64156380381701	0.385810050948023
4.65117583500368	0.390732624419501
4.65427933372365	0.392305528637624
4.66079238727693	0.395579840843709
4.67049073506735	0.400389374695064
4.67173013583746	0.400998307920651
4.68017246999665	0.405111140857199
4.6896020115442	0.409633555704632
4.68995200498786	0.409799946613515
4.69975871798692	0.414419728237541
4.70819545478486	0.418328551257946
4.70961219289001	0.418978921252776
4.71949867973468	0.42346952537867
4.72737683872749	0.426987922658999
4.72942617271775	0.427894336539366
4.73938979968611	0.432249626503979
4.74730529156974	0.435648638440188
4.74939259342255	0.436535854403889
4.759430861337	0.440749929480724
4.76821433699211	0.444365622432564
4.76951102613046	0.44489368213392
4.77962159102422	0.448960882352154
4.78977826596362	0.452957043010827
4.79049330679847	0.453234993765469
4.79992093480423	0.456857563065994
4.81014578996723	0.460698657759978
4.81432466078786	0.462242200139278
4.82038236562269	0.464452347413019
4.83067369155589	0.468133342977239
4.84100571871811	0.471735454278171
4.84117014974675	0.471792023893042
4.8513245963075	0.475239053871022
4.86171980748796	0.478673866739117
4.87215251697684	0.482025507172874
4.87424805773355	0.482687180244919
4.88258639600825	0.485281448033552
4.8930802462092	0.48845926180159
4.90360839927364	0.491549930676271
4.91416980764512	0.494552206846518
4.92476342026815	0.497464877573405
4.93538818269397	0.500286765683774
4.94604303718651	0.503016730049688
4.95672692282878	0.505653666053536
4.96435183041444	0.507474082183082
4.96746855495358	0.508203715795867
4.97822234966746	0.510655658700969
4.98637169444677	0.51244607095713
4.98900887738626	0.513013024340395
4.99982700430989	0.515274946401837
5.00501351384285	0.51632298754114
5.01068487860235	0.517442161807817
5.02156433928752	0.519510371910056
5.02172474389211	0.519540091033897
5.03250156642711	0.521485593547451
5.03684345911214	0.522240804815074
5.04345672461742	0.523359676061694
5.05064207599426	0.524532240263768
5.05443796578789	0.525133645195167
5.06330502740278	0.526489842229349
5.06544950842922	0.52680763928579
5.07501418431459	0.528176660726463
5.07649317105027	0.528381317727379
5.08593233295656	0.529643070568694
5.08756956745933	0.529854133965688
5.09619458879381	0.530927997833198
5.09867888220325	0.531225486913082
5.10590560020648	0.53206080828742
5.10982132720067	0.532494791354843
5.11514017340136	0.5330633028503
5.12099740008291	0.533661501663097
5.12394518991877	0.533951504595565
5.13220802937689	0.534725110112261
5.1323411069169	0.534737094919676
5.14024220539397	0.535421844186392
5.14345870024382	0.535685495725181
5.1476454142059	0.53601558308195
5.15473210916929	0.536540676769724
5.15480677157102	0.536545983699063
5.16153953718413	0.537005333389364
5.16604643915874	0.537291589887909
5.16792216196278	0.537405709447729
5.17399582800802	0.537755074401009
5.17738836264928	0.53793682250852
5.17969636274007	0.538054981932108
5.18514972020699	0.53831657481156
5.18876198275594	0.538476255508741
5.19027860242727	0.538540068737231
5.19514400611356	0.538731936444603
5.19977265594367	0.538896300185116
5.20016915642621	0.538909557766006
5.2038943813429	0.539027781440528
5.20797975656272	0.539144295490251
5.21160766377479	0.539236259088189
5.2118222601324	0.539241359934246
5.21537838674939	0.53932039317594
5.21871135377786	0.539385059901101
5.22182022384803	0.539437186373678
5.22308232696059	0.539456094528491
5.22457416142351	0.539476766337738
5.22719344997536	0.539508669996338
5.22959393242536	0.539532999214947
5.23187251412344	0.5395517543575
5.23415239417458	0.539566295815446
5.23458845651614	0.539568596219309
5.23625065566621	0.5395759488477
5.23849252582882	0.539582316355926
5.24073565283913	0.539584611618589
5.24298003810641	0.539582832267712
5.24522568304291	0.539576975931285
5.24612841837799	0.539573474064751
5.24734660870024	0.539567705204468
5.24955606205005	0.53955418856819
5.25176673615765	0.539536727770061
5.25397863237263	0.539515320694933
5.25625376639236	0.539489198147077
5.25770233525531	0.539470400535933
5.25863659803698	0.539457383074104
5.26124280956475	0.539417372209007
5.2640345778917	0.53936847883476
5.26701254568773	0.539309455046354
5.26931083782207	0.539259062045338
5.27012387789197	0.539240225229106
5.27341882702165	0.539158498309943
5.27689576974461	0.539062891688686
5.28055523157257	0.538951898063725
5.28095398950171	0.53893916236208
5.28419005581613	0.538831146396383
5.28814333132836	0.538687955301563
5.29227494173658	0.538525126816659
5.29262965616038	0.538510521078314
5.29637051310391	0.538350456551264
5.3007830902593	0.538147526771564
5.30433977385445	0.537972858601826
5.30532823431746	0.537922555852663
5.31001773298571	0.537673526347482
5.31487732010645	0.537397392117456
5.31608823512165	0.53732573047904
5.31973939005331	0.537102761788833
5.32485984282773	0.536772686123453
5.32786830880836	0.536569316315815
5.33006274299395	0.536416567805446
5.33543734750185	0.536026830791489
5.33968581371918	0.535703084258975
5.34093329309012	0.535605394097404
5.34655435939784	0.535150495468071
5.35154180961839	0.534726740247122
5.35231149854528	0.534659657783041
5.35817107061623	0.534134283847569
5.36343625349973	0.533640087952696
5.3641658358676	0.533569957023027
5.37025601639081	0.532968973353245
5.37536833351048	0.532443042836626
5.37646865419246	0.532327287388295
5.38278173410713	0.531645748939552
5.38733682784614	0.531135625626326
5.38919358763441	0.530923269301581
5.39572207606586	0.530156442992991
5.39934050502091	0.529717931694632
5.4023139532925	0.529350378698171
5.4090505583705	0.528493774684456
5.41137856263118	0.528190074367253
5.41580183427417	0.527602166800781
5.42273942249027	0.526651575105805
5.42345108386732	0.526552103000638
5.42962766859131	0.525673453077039
5.43556120710352	0.524803658013821
5.43673417390978	0.524628728180405
5.44392089509346	0.523535639217768
5.44772471897741	0.522942287521346
5.45116002663894	0.522397617245279
5.45853284451307	0.521200679984003
5.45991785946484	0.520971589725955
5.46587833309477	0.519970380489503
5.47214683657165	0.518890819856968
5.47340679068236	0.518670535145584
5.48100775998418	0.517318480733411
5.48443342606248	0.516696177235056
5.4886415756786	0.515920714698284
5.49641478825561	0.514456651943173
5.49674677799923	0.514393213029276
5.5041224065574	0.512964606219218
5.50910037940919	0.511979774830707
5.51200595222694	0.511397253954986
5.51998787577845	0.509768156706015
5.52150542091559	0.509453662783165
5.52794237582326	0.508102747961632
5.53394528192513	0.50681845638433
5.53604787597293	0.50636302605397
5.54422912718213	0.504563687626212
5.54644487000163	0.504068935272678
5.55240154700096	0.502723158736407
5.55897475696199	0.501211773806902
5.56070860238773	0.500808499124665
5.5690801447809	0.49883467721773
5.57157046067501	0.498239010704385
5.57744830130609	0.496817601750979
5.58419388180843	0.495159863849615
5.58594071926758	0.494725951958097
5.59449398253747	0.492574300242081
5.59688668526959	0.491964384357555
5.60303979704079	0.490379831229427
5.60960727239383	0.488663315650539
5.611703796886	0.48810985298034
5.62043070399676	0.485777880876817
5.62239822214192	0.485245882424045
5.62913867038435	0.483405903395143
5.63522008980633	0.481722955826595
5.63796188068642	0.480957096427631
5.64685483048327	0.47844314439276
5.64811091275213	0.478084397414642
5.65571116337044	0.47589435337568
5.66103900261048	0.47433955593417
5.66468210875356	0.473267113798201
5.67373393928694	0.470570335945509
5.67403269237999	0.470480553647214
5.68272615011545	0.467846248257477
5.68707309901179	0.466513475789164
5.69183405458522	0.465041865521677
5.70017792906926	0.462433251817782
5.70102867522815	0.462165155020536
5.7102601746251	0.459231363194035
5.7133833524669	0.458228611713688
5.71949468742234	0.456251540981707
5.72660755614646	0.453926006385105
5.72881979502777	0.45319733846005
5.73819634356872	0.450081156640614
5.73992351127393	0.449502285657122
5.74754766992094	0.446928901391491
5.75327579426569	0.444976380125084
5.75699413981259	0.443700131157272
5.76650988499625	0.440403169721476
5.76671042317452	0.440333214814765
5.77596914114873	0.437082150777039
5.78020164936067	0.435582300361899
5.7855285422291	0.433682445357135
5.79377316318164	0.430715725445625
5.79516453199393	0.430211898527696
5.80483761591251	0.426684656639778
5.80746616555931	0.425718788669822
5.81450237137	0.423117790637181
5.8211887830755	0.420625567819033
5.82424944908601	0.419478069700738
5.83405039925782	0.415775953786441
5.83502031028482	0.415407323974074
5.8438137696248	0.41204661402021
5.84890976363045	0.410083958390836
5.85366520236019	0.408242484420644
5.8629015650354	0.404639002559676
5.86358364405829	0.404371481097494
5.87352953016679	0.400449234014421
5.87705633922241	0.399048846074294
5.88348021416268	0.396485258678365
5.89123490434613	0.393369004191488
5.89350343537267	0.392452900292396
5.90356730624624	0.388365124554048
5.90556456397155	0.387549314158983
5.91361298882882	0.384246511436943
5.91995296263546	0.381627959852448
5.92373640313755	0.38005822042507
5.93391411377652	0.375810044420751
5.93448392209119	0.375571122432805
5.94405223398734	0.371541931226308
5.949109979909	0.369399348742436
5.95427276825054	0.367203141646457
5.9638801703976	0.363092481581162
5.96455572739547	0.36280226243398
5.97486341297888	0.358355855696572
5.97888754998676	0.356610716682133
5.98518026263881	0.353871349514125
5.99393990928247	0.350037608828433
5.99556288302184	0.349324665382838
6.00597643432131	0.344731500344367
6.00923819368973	0.343286222263743
6.01638972203361	0.340106383368622
6.02461841088748	0.336429535870281
6.02687109373712	0.335419571764699
6.03738720099513	0.330686452055431
6.04026651914834	0.329385309512586
6.04789864907885	0.325925565721446
6.05603306838566	0.322221449671841
6.05847912114364	0.321104220540692
6.06909470466937	0.316238403096779
6.0721103515746	0.31485111017454
6.07970740555887	0.311346368310804
6.08834096047445	0.307347047942863
6.09038825734708	0.306396099967608
6.10110048773556	0.301405256158927
6.1049609349073	0.299600521998263
6.11181844828588	0.296386647036858
6.12176496239693	0.29170769855654
6.12260124655558	0.291313355186838
6.13340755702368	0.286205540005163
6.13910457284049	0.283503689272176
6.14423486376362	0.281065267424379
6.1551136871805	0.275878852319687
6.15667517557599	0.27513272304736
6.16597686816696	0.270679236108287
6.17464782673935	0.266514845110981
6.1769146167078	0.265424116048917
6.18788325451835	0.260135241679525
6.19333380013936	0.25750043782221
6.1988693577015	0.254820017960416
6.20990647675812	0.249463111175636
6.21252782899464	0.248188481099445
6.22093951969421	0.244092218729124
6.23204340984393	0.238671801885038
6.23243191992365	0.238481895305869
6.24312572858032	0.233247950823951
6.2533279287338	0.228243463428721
6.25429076376193	0.227770600195388
6.26547990890335	0.22226940864557
6.27600792096448	0.217083287510212
6.27670941624341	0.216737385559365
6.28796226936591	0.211183927727074
6.29925636709346	0.205601230737295
6.30083021692594	0.204822655241771
6.3105429524627	0.200014466837209
6.32189834895853	0.194386915454064
6.32843829970002	0.191143268178368
6.33327357904054	0.188743893554021
6.34468978343689	0.183075999913147
6.35614264507721	0.177386467413827
6.36441896724249	0.173273532660617
6.36762081917524	0.171682042017029
6.37913385838396	0.165959101522981
6.39068070624539	0.160219307614774
6.40226040539642	0.154464285301764
6.41387198335221	0.148695679677784
6.4255144523682	0.142915154998128
6.43630713730904	0.137560646383335
6.43719445819522	0.137120600554418
6.44890855331392	0.131314925874524
6.45989618024638	0.125875620016135
6.46065230672681	0.125501532756665
6.4724356984642	0.119676707381856
6.47940015769397	0.116238404034861
6.48425781918845	0.11384214795
6.49610820685709	0.108004265859913
6.49687661030234	0.107626133181035
6.50801957417013	0.102148239672194
6.51264277529585	0.0998788476139409
6.51995426067295	0.0962938842458337
6.52694753178836	0.0928701080321893
6.53192036886624	0.0904384895395142
6.54004460142645	0.0864719150725625
6.54392217951747	0.0845812554055534
6.55215652173273	0.0805723861530753
6.55596185726297	0.0787224430617347
6.56346406857277	0.0750808287576942
6.56804066276164	0.0728627755979198
6.57410436191946	0.0699284632111115
6.58015970185949	0.0670030707552391
6.58417351567055	0.0650669016481018
6.59232036679255	0.0611440283320331
6.59373059073697	0.0604660016655955
6.60274776946517	0.0561375919653295
6.60452689741157	0.0552850066188246
6.61105631717363	0.0521605232122936
6.61676552726201	0.0494340001561446
6.61911351514086	0.0483142962705834
6.62678055377104	0.0446643648527791
6.62905023353358	0.0435857262987997
6.63388335006486	0.0412919860775158
6.640810194932	0.0380115973242412
6.64137256255702	0.0377456358635493
6.64709981845065	0.0350405319259016
6.65334309959848	0.0320984168467314
6.6537375317767	0.0319127780131217
6.65898185070261	0.029447558134561
6.66458773981123	0.0268180729626323
6.66614651668798	0.0260879632461097
6.66971814415554	0.0244169943493646
6.67472294896761	0.0220797044522495
6.678600331563	0.0202722882983812
6.67943714475138	0.0198826395354313
6.68386907866132	0.0178213436172728
6.68806499169301	0.0158734857077783
6.69110245773302	0.0144656346916953
6.69197092980134	0.0140634884323645
6.69563180575168	0.0123700586713882
6.69906520543395	0.0107844097176098
6.70227100726338	0.00930610585787827
6.7036497160438	0.00867099978567202
6.70522892123047	0.00794410654251762
6.70826324384313	0.00654895692868793
6.71129756645579	0.00515580731485785
6.71433188906845	0.00376465770102738
6.71624305661068	0.00288946893197743
6.71728667915558	0.00241194525086109
6.72027138636684	0.00104760155257202
6.72325609357772	-0.000314742145548545
6.7262408007886	-0.00167508584366945
6.72888466356865	-0.0028784120037409
6.72920325348675	-0.003023294031165
6.73214115415471	-0.00435822600090626
6.73507905482267	-0.00569115797064759
6.73801695549028	-0.00702208994022954
6.74095485615789	-0.00835102190981204
6.74157617935482	-0.00863181545226946
6.74372125410155	-0.0096004345975075
6.74661493531054	-0.0109053494090425
6.74963676842856	-0.0122659199127546
6.75284156705967	-0.0137064868853914
6.75431592880522	-0.0143683931923306
6.75611356217432	-0.0151746359276069
6.7596266074654	-0.0167479509352196
6.76331727945461	-0.0183975469572608
6.76710711013653	-0.0200879775138977
6.76718191452918	-0.0201213046526842
6.77117096878733	-0.0218964734822374
6.77533226817845	-0.0237440044490442
6.77966556918441	-0.0256632460258135
6.77995468444067	-0.0257911276899064
6.7839615543418	-0.0275610399408646
6.78856773396722	-0.0295905253244864
6.79285006512789	-0.0314723783805434
6.79332310103382	-0.0316799383575028
6.79819784910088	-0.0338154181175732
6.80323421636811	-0.0360150437948586
6.80580744990281	-0.0371362891092389
6.80833592930957	-0.0382361821742157
6.81362492984961	-0.040531255318831
6.81881551872625	-0.042776189247715
6.81906302853125	-0.0428830425707937
6.824597159869	-0.045267721659572
6.83028308300647	-0.0477088757380981
6.8318905621404	-0.0483973778948892
6.83597793563395	-0.05014455877196
6.84189328223173	-0.0526646422115595
6.84501438978485	-0.053990269194578
6.84786989118054	-0.055200492070194
6.85400721265098	-0.0577935324887384
6.85820223601357	-0.0595595928466318
6.8602332409482	-0.0604126726735492
6.86658479461532	-0.0630725327753108
6.87145670642048	-0.0651045702875891
6.87303665719822	-0.0657619556279892
6.87959469850714	-0.0684824625316292
6.88477944578627	-0.0706239691452224
6.88625392822126	-0.0712314200453532
6.89301085708947	-0.0740064328550294
6.89817143656778	-0.0761162433816745
6.89986188104119	-0.0768054667293808
6.90681030835351	-0.0796289112008212
6.91163331298507	-0.0815796735156036
6.91383906979224	-0.0824692666420957
6.92097184042995	-0.0853351526964451
6.92516570272839	-0.0870125105933428
6.92816496254793	-0.0882084372373912
6.93547515536599	-0.0911108679685015
6.93876959896483	-0.0924131234087398
6.94281947066047	-0.0940088735448511
6.95030038710773	-0.0969420504606264
6.95244675691295	-0.097780145013296
6.9577827224324	-0.0998566868256544
6.96542787056962	-0.102814913839977
6.96620010154316	-0.103112611717975
6.97303501472518	-0.105738218005681
6.98003624930405	-0.10841089355826
6.98082635229474	-0.108711409373466
6.98867604316395	-0.111685075348222
6.99399452002835	-0.113687495839877
6.99659101072016	-0.114661339769723
7.00459136063842	-0.117646776303523
7.00802964445133	-0.118922771896804
7.01261701894951	-0.120618389915615
7.02076236764747	-0.12361027674728
7.02214782456117	-0.124116771540807
7.02888571916824	-0.126569693452333
7.0363609873857	-0.129271463153426
7.03716057127318	-0.129559204491963
7.04548521008104	-0.132540740747895
7.0507266512858	-0.134404711418003
7.05386187672665	-0.135514620224601
7.06231947133096	-0.138490138941335
7.0651793191685	-0.13949014797494
7.07078498276354	-0.141441029765518
7.07937057618182	-0.14440560706529
7.07973187572372	-0.144529742353356
7.08791253987455	-0.147326606376594
7.09440955815884	-0.149529329059547
7.09659610488913	-0.150266873689824
7.10533919883981	-0.153197224232093
7.10925864947258	-0.154501117943209
7.11410529273415	-0.156104897535785
7.12296589239296	-0.15901276704131
7.12422103502929	-0.159422154922069
7.13180308257112	-0.161881483505063
7.13932669399166	-0.164299011145977
7.14076282670692	-0.164757840075328
7.14976811530159	-0.167615829470731
7.15465928928833	-0.169154321824615
7.15880618309743	-0.170450924593172
7.16791940978106	-0.173275541542588
7.1701283115455	-0.173955051078952
7.17702603780155	-0.176063752951721
7.18576649931439	-0.178707470443634
7.18623940951607	-0.178849593442862
7.19548591292402	-0.181609631672082
7.20171825545858	-0.183449776834827
7.20477589609573	-0.184346518385597
7.21412163415051	-0.187062960462134
7.21784651113457	-0.188135361332486
7.22348072509297	-0.189746116416372
7.23292215628054	-0.192415012052355
7.23418912698594	-0.192770270298087
7.2423445446208	-0.195040346830572
7.25080040072168	-0.19736390927973
7.25187056912676	-0.197655759300658
7.26143084571589	-0.200241003477307
7.26785260823892	-0.201955350730008
7.27102929024416	-0.202796700257831
7.28067773989801	-0.205325151638194
7.28521153957798	-0.206499261894401
7.2903453639135	-0.207817775322403
7.30007891762142	-0.21028588843333
7.302942167362	-0.21100400406929
7.30981424570991	-0.212712637314763
7.31962992388164	-0.215116986411862
7.32112446805392	-0.215479342891237
7.32943327654376	-0.217475560124858
7.33932821166119	-0.219812840194961
7.33985818077605	-0.219936796885837
7.34920165886169	-0.222101362996888
7.35917312189125	-0.224368390344518
7.3592717870697	-0.224390600085159
7.36912029578572	-0.226585302645752
7.37916572526425	-0.22877901536144
7.37954040450733	-0.228859960858936
7.38919145536318	-0.230922934144883
7.39930848777943	-0.233040392966398
7.40092380228069	-0.233374196877403
7.40941820992893	-0.235109942128239
7.41960470975468	-0.237148332546751
7.42385525452474	-0.237984992383492
7.42980354664695	-0.23914193739716
7.44005763348903	-0.241098574497601
7.44918208045425	-0.242799443870328
7.45034877656127	-0.243014172022998
7.4606688423695	-0.244886511370279
7.47102858814621	-0.246717166232485
7.47944208372881	-0.248167862391281
7.48141940912438	-0.248504078521938
7.49184244531399	-0.250246803241442
7.50230196530673	-0.251945665956395
7.51279692877451	-0.253599981447308
7.52332629167001	-0.255209082156482
7.52581711615512	-0.255582312458469
7.5339106111787	-0.256775568083904
7.54449993296932	-0.258291490112242
7.55512046677052	-0.259760297928178
7.56577115527899	-0.261181397590956
7.57061515145821	-0.26181053497669
7.57646950390355	-0.262556646037804
7.58718795661011	-0.263882068597854
7.59577117488677	-0.26490559028235
7.59793912347153	-0.265158812518011
7.60872335387891	-0.266386593328891
7.61589648090639	-0.267173883006856
7.61954211830021	-0.267565066373442
7.63038931786662	-0.268693241044176
7.63352095202011	-0.269008995144484
7.64128276125104	-0.269772485453833
7.64944032976156	-0.270545455553706
7.65219594717469	-0.270799774903613
7.66313919516855	-0.271775841856066
7.66373866923833	-0.271827746354209
7.67413470275897	-0.27270218314419
7.67708235988479	-0.272941249958608
7.68515430364158	-0.273575970293831
7.68944034767668	-0.273901087467924
7.69620232684507	-0.274397303446634
7.70094740741175	-0.274733274760774
7.70728121705958	-0.27516607765723
7.7117246144034	-0.275459003194189
7.71839238785315	-0.275882084416031
7.72187241254304	-0.276095029234329
7.72953683984366	-0.276545073255634
7.7314672997047	-0.276654312120396
7.74055536059992	-0.2771464361031
7.74071573907798	-0.277154792989384
7.74882825376348	-0.277562688930711
7.75192124505129	-0.277710568973787
7.7568327343771	-0.277936733557032
7.76315993019294	-0.278212477087248
7.76454584205273	-0.278270527782922
7.77185206939512	-0.278562669811126
7.77443654298371	-0.278660424447976
7.77865892846919	-0.27881385089725
7.78526990867743	-0.279038468877283
7.78574047528366	-0.279053732461278
7.79127158738129	-0.27922592577423
7.79707687313093	-0.27939238157766
7.79722747521349	-0.279396505272551
7.80281427336945	-0.279542559155704
7.80815617809787	-0.279669606771853
7.80845247439624	-0.279676293722252
7.81294693555221	-0.279773088613978
7.81771166419007	-0.279866220914486
7.81985550876687	-0.27990494719065
7.82209869839377	-0.279943356914848
7.82630974002137	-0.280009645816227
7.83029051692963	-0.280065340428089
7.83129248756901	-0.28007829365149
7.83384782741415	-0.28010938923287
7.83731042380441	-0.280147088145726
7.84054888804184	-0.280177731975537
7.84276254024358	-0.28019611602834
7.84369688384549	-0.280203251115223
7.846857273256	-0.280224644155475
7.85002016066704	-0.280241820643764
7.85318555003064	-0.280254776887353
7.85426740479852	-0.280258235299544
7.85619947230043	-0.280263182695595
7.85931337143778	-0.280267846623527
7.86242969560974	-0.280268429292674
7.86554844859641	-0.280264927391428
7.86580494363305	-0.280264457794571
7.86844866555584	-0.280258009352042
7.87151831473068	-0.280246849502404
7.87459032049553	-0.280231735958209
7.87737602017887	-0.280214624230283
7.87764673401111	-0.280212788572481
7.88067206878779	-0.28019019872274
7.88369969259194	-0.280163778140215
7.88672960888935	-0.280133524192493
7.88898306349254	-0.280108553675415
7.8897991336404	-0.280098991182154
7.89305401866075	-0.280058110286768
7.89649115076329	-0.280010186090877
7.90011106009892	-0.279954443001324
7.90062393760509	-0.279946108775288
7.90371559129216	-0.279893574751234
7.90763064373222	-0.279821413981274
7.91172428151878	-0.279739239955243
7.91229741850736	-0.279727187956715
7.91579735025161	-0.279650674633523
7.9201734385028	-0.279547975866541
7.92400526552223	-0.279451648383429
7.92469539162932	-0.279433664197502
7.92934975959612	-0.279307335355294
7.93417444454108	-0.279167126286606
7.93575216879361	-0.279119237665
7.93902215568086	-0.279016783942983
7.94410915929836	-0.278848850943802
7.94753020956488	-0.278730076096974
7.949296880582	-0.278666900689911
7.95463933925854	-0.278468275410399
7.9593461334636	-0.278283858530351
7.96011982042296	-0.278252699735279
7.96570991922621	-0.278020524757387
7.97120101938244	-0.277780424553086
7.97145200332777	-0.277769165073113
7.97728169139711	-0.277500676278176
7.9830948032018	-0.277219665831829
7.98326259813338	-0.277211357481206
7.98932391275861	-0.27690387976515
7.99502660028602	-0.276601535060402
7.99552471070485	-0.276574524952906
8.00180990374723	-0.276225477079185
8.00699505429203	-0.275926044447134
8.00821274103648	-0.275854220836771
8.01471430480916	-0.275461126927971
8.01899873118363	-0.275193251711259
8.0213007297129	-0.275046425521071
8.02801137342377	-0.274606931284279
8.0310365580895	-0.274403232265793
8.03476139495371	-0.274147664176667
8.04167399971844	-0.273659556155066
8.04310828834923	-0.27355603766404
8.0485656829761	-0.273155112011982
8.0552156922456	-0.272651589151094
8.05566416952855	-0.272617038653837
8.06282749135914	-0.272055135053037
8.06738088427516	-0.271688138860231
8.07006431874185	-0.271468283406912
8.07741451758826	-0.27085262125432
8.07957454104189	-0.270667959719997
8.08476377850254	-0.27021739354904
8.0918010654387	-0.269590838155462
8.09228577432778	-0.269547023900464
8.09986545471271	-0.268850965256956
8.10409037123704	-0.268454089172969
8.10749957904595	-0.268129197043687
8.11525219523915	-0.267375101463209
8.11640436339398	-0.26726122622419
8.12296707128547	-0.266603692648937
8.12875507980242	-0.266011306906761
8.13084851107246	-0.26579416949915
8.13881107332706	-0.264954451326687
8.1411623985071	-0.264702314022996
8.14677082575313	-0.264093232682351
8.15359993231989	-0.263337112007389
8.1548730271828	-0.263194394180197
8.16303597454111	-0.262266339896652
8.16610319467922	-0.261911840976195
8.17121274868794	-0.261314280133065
8.17863115419845	-0.260431257918921
8.17951620876992	-0.260324684990343
8.18787038075429	-0.259306073750772
8.19123164918974	-0.258889796309297
8.19624280458503	-0.258262322169358
8.20385335959862	-0.257293824573215
8.20473201471302	-0.257180799745977
8.21326875549346	-0.256069869657951
8.21655172711328	-0.25563646421479
8.22181935556238	-0.254933882664457
8.22927060346524	-0.253925156554588
8.2304810580308	-0.253759636357936
8.23919223327907	-0.252555064992176
8.24206746922166	-0.252152334466678
8.24790594627879	-0.251326686355792
8.25488737256048	-0.250325757191292
8.25672815450018	-0.250059360606353
8.26560612655584	-0.248760253426314
8.26778396510161	-0.248437969313918
8.27446946746565	-0.247439757809066
8.28070954988945	-0.246496139961698
8.28344096201886	-0.24607947253526
8.29247854744054	-0.244685355132137
8.29370829814994	-0.244493830941936
8.30147919505191	-0.243273458529186
8.30674534733722	-0.242436643090962
8.31058933073282	-0.241820812296246
8.31977975330871	-0.240331623594667
8.31985043841119	-0.240320078745268
8.32890641092386	-0.238829462678617
8.33300617510212	-0.238147218233686
8.33814513152566	-0.237285505813417
8.34622923028533	-0.235915483970827
8.34746866066772	-0.235703866297207
8.35683180313429	-0.234092056033726
8.35955489252143	-0.233618941382323
8.36618944124979	-0.232458033929629
8.37290466175432	-0.231271359135476
8.37563655465411	-0.230785230205292
8.38513948056961	-0.22907940473757
8.38634687852582	-0.228861033237441
8.39460703906736	-0.227357187423501
8.39983380722363	-0.226396822343806
8.40416918174044	-0.225595070750752
8.41340535293289	-0.223871702096065
8.4138027680473	-0.223797078566358
8.42346378277739	-0.221971435607633
8.4271124450653	-0.221276172449012
8.4331334806252	-0.220121921756727
8.44083332618026	-0.218633536693424
8.44288037844431	-0.218235506188543
8.45266973021852	-0.216318882925905
8.4546763337931	-0.215923342546412
8.46244002243624	-0.214384397008912
8.46856180229907	-0.213161506973392
8.47229329433176	-0.212412020681256
8.48220619115378	-0.21040635673569
8.4825573236709	-0.210334927152028
8.49207148311295	-0.20838945807654
8.49662591764413	-0.207451443485436
8.5020254017594	-0.206333746880822
8.51080289807656	-0.204504085476842
8.5120472127363	-0.204243426603408
8.52210031722594	-0.202126243346456
8.52514835755009	-0.201480385987529
8.5321508845665	-0.199989656137228
8.5395326962485	-0.198407975213007
8.54227452448765	-0.197817809917991
8.55244188177729	-0.195617095171542
8.55407633936402	-0.195261537156612
8.56258617514814	-0.193402343983876
8.56869545551699	-0.19205957842147
8.57280822387369	-0.191151835023256
8.583085910248	-0.188870519784019
8.58346926298437	-0.188785076688987
8.59332278816632	-0.18658021740063
8.59835631394566	-0.185447625997251
8.60364141214955	-0.184253859440427
8.61340499625665	-0.18203663771714
8.61402168821138	-0.181896070159957
8.62442573037168	-0.179515710345128
8.62872420622514	-0.178527374254152
8.63484143903342	-0.177115935824743
8.64409861206214	-0.174969424999966
8.64532105813119	-0.174685008613443
8.65582796931964	-0.172231694817275
8.65976769487311	-0.171307769717327
8.66634205632686	-0.169761102016686
8.67552641392661	-0.167590597745378
8.67692095464331	-0.167260022371523
8.6875276505657	-0.16473750667869
8.69162629335558	-0.16375890346686
8.69814274723891	-0.162198595346999
8.70784754835756	-0.159865246283161
8.70882174335087	-0.159630376513047
8.71952537743852	-0.157042631591579
8.72449475471914	-0.155836766300887
8.73024499347718	-0.154437893034236
8.74102382982547	-0.151806038863252
8.74129270902349	-0.151740230578492
8.75177113023289	-0.149169701618853
8.75841255444129	-0.147534725506398
8.762597569115	-0.146502180720873
8.77346847915514	-0.143812349344775
8.77598611185572	-0.143187855891306
8.78433287100843	-0.141113300079513
8.79392784182987	-0.138721056898886
8.79526802381608	-0.138386280256019
8.80622901926758	-0.135642899200168
8.8126275866202	-0.134037092624762
8.81721407251682	-0.132884084931323
8.82824373617775	-0.130105140625434
8.8318154812193	-0.129203434467993
8.83927677988073	-0.127316950225584
8.85037343180342	-0.124504776653798
8.85168902937261	-0.124170882109266
8.86145620638456	-0.121688762447825
8.87250836920422	-0.118873761749258
8.8726177440181	-0.118845870069736
8.8837998900813	-0.115991388140961
8.8950252513263	-0.113120064509297
8.89517622997162	-0.113081410070275
8.90623097513055	-0.110248528450713
8.9175187690589	-0.107351250357921
8.91925422585374	-0.106905436347568
8.92879995401908	-0.104451520331697
8.94014917661643	-0.101530699707756
8.94651644151351	-0.0998907017190736
8.95151751599505	-0.0986019201643566
8.96292761453159	-0.0956599113125448
8.97437455135704	-0.0927065060225741
8.98138202513491	-0.090897871862441
8.98584223861155	-0.089746431160802
8.99734924034059	-0.0867754781237171
9.00889023710509	-0.083795608701222
9.02046427441396	-0.0808076649206761
9.03207038267908	-0.0778124993336051
9.04370757707754	-0.074810974539025
9.05537485741665	-0.0718039626914498
9.06019780055982	-0.0705617841653458
9.06713581375794	-0.0687757180991944
9.07887485261816	-0.0657566335163255
9.0837344370845	-0.0645080343119461
9.09066157184968	-0.0627294274825103
9.10246901397837	-0.0597016652261256
9.10335770831913	-0.0594739963426386
9.11433854775625	-0.0566633978153678
9.12056205306492	-0.0550727680695794
9.12622668908267	-0.0536264195755499
9.13592567491282	-0.0511536250091077
9.13814507781805	-0.0505884030385964
9.14978831771351	-0.0476275744601297
9.15009931867478	-0.0475485837407237
9.16209217702893	-0.0445069359670492
9.16244413364351	-0.0444178022379221
9.17414143084235	-0.0414596570940902
9.17460844004518	-0.0413417368208165
9.18596871700089	-0.0384775600790214
9.18622750596717	-0.0384124099871175
9.19625009912363	-0.0358929858586419
9.19833721192141	-0.0353692012492658
9.20604467966506	-0.0334378167392222
9.2104870869221	-0.0323265642692991
9.21540579755338	-0.0310980051162147
9.2226786830745	-0.0292848285337333
9.22435427078511	-0.0288677147494656
9.23281927184406	-0.0267639310403742
9.23491693527463	-0.0262434970706456
9.24064587319826	-0.024824152529756
9.247189214664	-0.0232064373427982
9.24826079400357	-0.0229418840377869
9.25545496158685	-0.0211684117863968
9.25951103421592	-0.0201705506166944
9.26223090583309	-0.0195023156389254
9.26871933538654	-0.0179109656503662
9.27187081556682	-0.0171394420365951
9.27478266345661	-0.0164274894597187
9.28061428319717	-0.0150041098891574
9.28427318595009	-0.0141127236593273
9.28609239420383	-0.0136700581761112
9.29130711935463	-0.0124030100593241
9.29627429811546	-0.0111986519537838
9.29672068315843	-0.0110905414822773
9.3007165433922	-0.0101237999963625
9.30511970172113	-0.00906044964938547
9.30921118638015	-0.00807418246786687
9.30948128875812	-0.00800914147431578
9.31377870899611	-0.0069753801088216
9.3180761292341	-0.00594361874332861
9.32175216174898	-0.00506263257249021
9.32234167098908	-0.0049215036183384
9.32656513228618	-0.00391154339630925
9.33078859358327	-0.00290358317428186
9.33433906419258	-0.00205778450261851
9.33497816099674	-0.00190570395269113
9.33913200652209	-0.000918401744960974
9.34328585204743	6.6900462768e-05
9.34697344368969	0.000939930261180817
9.34741707503218	0.00104484199530432
9.35150527055681	0.00201052649234093
9.35559346608145	0.00297421098937633
9.35965684325442	0.00393006338855473
9.35968052191827	0.00393562711377835
9.36370670081418	0.00488064391448428
9.3677328797101	0.00582366071518869
9.37175905860602	0.00676467751589159
9.37239121453929	0.00691224620511839
9.37559231130753	0.00765865064895691
9.37955984185608	0.00858195876167842
9.38352737240463	0.00950326687439844
9.3851714571633	0.00988445694691124
9.38737430051009	0.0103946000527286
9.39136270086419	0.0113166358897503
9.39552423561584	0.0122764805797901
9.39800490616526	0.012847562621217
9.39977599595099	0.0132547516652281
9.40421912327873	0.0142744117011349
9.40882998470972	0.0153297623362184
9.41089275229561	0.0158009717531648
9.41349556243502	0.0163946592779674
9.41837291081662	0.0175046428350803
9.42341266329307	0.0186481416827702
9.42383376430667	0.018743529266361
9.42841452417567	0.019779440968111
9.43370481560055	0.0209721184197933
9.43682943434567	0.0216746944034798
9.43907486073375	0.0221786710879411
9.44460934611237	0.0234177457966049
9.44988557156281	0.0245948705320076
9.45028518057405	0.0246838498133123
9.45605602541696	0.0259661805908243
9.46197487068673	0.0272762700134019
9.46300913133793	0.0275046623802997
9.4678750076686	0.0285769024672663
9.47401472841851	0.0299247232745217
9.47618172800333	0.0303990687646175
9.48017676130326	0.0312715816005212
9.48653000321358	0.0326540321868106
9.48941840544768	0.0332804736865514
9.49292581113426	0.0340393315244451
9.49948506405732	0.0354532590467283
9.50272132667498	0.0361483671075767
9.5060929409054	0.0368706935606895
9.51285073878362	0.0383129411540608
9.51609202061704	0.0390020780785819
9.51965273746602	0.0397570795928696
9.5266017593489	0.0412245121616567
9.52953171401156	0.0418408508122915
9.53358206606022	0.042690435123952
9.54071518158714	0.0441799534498652
9.54304168041752	0.0446639202890111
9.54785913033689	0.0456630404183713
9.55516941484449	0.0471715891367373
9.55662360902396	0.0474705872884789
9.56246292237783	0.0486674027789763
9.56994365603847	0.0501919752936236
9.57027998732583	0.0502602909202764
9.57737294367305	0.0516962106464964
9.58401685402039	0.0530331507784301
9.58500191894377	0.0532306873612237
9.59269554879156	0.0547674981616152
9.59786615634735	0.0557943508507455
9.60045588154716	0.0563067869702981
9.6083060077114	0.0578526250250272
9.61179071178026	0.0585352200359802
9.61618491062631	0.0593926931833011
9.62418563753565	0.0609447340758762
9.62579527102316	0.0612555475343761
9.63217013252392	0.0624816044857921
9.63988853258401	0.0639558164910623
9.64031032087078	0.0640360463313234
9.64849765904736	0.065586655352785
9.65412940294817	0.0666458228907295
9.65674668790795	0.0671359375204109
9.66507207970253	0.0686861320949154
9.66845247517689	0.069311731641635
9.67341684535706	0.0702263362675074
9.6818751494664	0.0717734971312794
9.68286809749549	0.0719542022234746
9.69030289566915	0.073300893846644
9.69739613046996	0.0745754706866889
9.69887198464034	0.0748393789977973
9.70749406711445	0.0763723918425707
9.71209383651999	0.0771841117777831
9.7161517652594	0.0778965850894265
9.72489580569627	0.0794204206401448
9.72689386427428	0.0797664382532117
9.7336299963884	0.0809268167368478
9.74181895183953	0.08232486537317
9.74248497381466	0.0824379514763004
9.75137928098281	0.0839392845913953
9.75696721000276	0.0848740775734024
9.76031758479904	0.0854313657099565
9.76932385834881	0.0869177125275099
9.77223568842558	0.0873946101519937
9.77833474193629	0.0883875808800156
9.78744889390211	0.0898566782696233
9.78764981303744	0.0898888650001033
9.79652297413649	0.0913015309879577
9.80325364143039	0.092361812938825
9.80571830554771	0.092747591451946
9.81496538592613	0.0941832325100022
9.8191170912796	0.0948217653340558
9.8242321501489	0.0956032167274747
9.83357845011104	0.0970163020409179
9.83516519726791	0.0972543067998257
9.84290950746665	0.0984078364347179
9.8514447305385	0.0996638360531848
9.85234473249148	0.0997953244627297
9.86181397470083	0.101167832978887
9.86811778741141	0.102070465716423
9.87132234750768	0.102525875679811
9.88088293861234	0.103870871807515
9.88504625536075	0.104450163640976
9.8904598838702	0.105197511445677
9.90010861341815	0.106513090038643
9.9022837527835	0.106806758392827
9.90975134521715	0.107806686333524
9.91948507785056	0.109091004244388
9.91989514632504	0.109144637444638
9.92919270264084	0.110350216501257
9.93796959368382	0.111470113618466
9.93900224513451	0.111600701888372
9.94884284377177	0.112832804874134
9.95677664694835	0.113809913678654
9.95872604828513	0.114047750706163
9.96864529744289	0.115244304192254
9.97622900970417	0.116143737280962
9.9786028370751	0.116422503406456
9.98859815439712	0.117581878210584
9.99651012908214	0.118483091924414
9.99863177472354	0.118722250796586
10	0.118875922494797
