0	0
0.001	-0.009810000000001328
0.002	-0.01962000000000129
0.003	-0.02943000000000128
0.004	-0.03924000000000108
0.005	-0.04905000000000108
0.006	-0.05886000000000121
0.007	-0.06867000000000117
0.008	-0.07848000000000108
0.009000000000000001	-0.08829000000000112
0.01	-0.09810000000000105
0.011	-0.1079100000000009
0.012	-0.1177200000000009
0.013	-0.127530000000001
0.014	-0.1373400000000007
0.015	-0.1471500000000009
0.016	-0.1569600000000009
0.017	-0.1667700000000007
0.018	-0.1765800000000006
0.019	-0.1863900000000006
0.02	-0.1962000000000002
0.021	-0.2060100000000004
0.022	-0.2158200000000006
0.023	-0.2256300000000006
0.024	-0.2354400000000006
0.025	-0.2452500000000004
0.026	-0.2550600000000006
0.027	-0.2648700000000002
0.028	-0.2746799999999997
0.029	-0.2844899999999994
0.03	-0.2942999999999994
0.031	-0.3041100000000002
0.032	-0.3139200000000003
0.033	-0.3237300000000003
0.034	-0.3335400000000001
0.035	-0.34335
0.036	-0.35316
0.037	-0.3629699999999997
0.038	-0.3727799999999994
0.039	-0.3825899999999995
0.04	-0.3923999999999995
0.041	-0.4022099999999996
0.042	-0.4120199999999994
0.043	-0.4218299999999993
0.044	-0.4316399999999992
0.045	-0.4414499999999994
0.046	-0.451259999999999
0.047	-0.461069999999999
0.048	-0.470879999999999
0.049	-0.4806899999999992
0.05	-0.4904999999999992
0.051	-0.5003099999999993
0.052	-0.5101199999999991
0.053	-0.5199299999999984
0.054	-0.5297399999999985
0.055	-0.5395499999999985
0.056	-0.5493599999999992
0.057	-0.5591699999999988
0.058	-0.5689799999999987
0.059	-0.5787899999999985
0.06	-0.5885999999999983
0.061	-0.5984099999999979
0.062	-0.608219999999998
0.063	-0.6180299999999982
0.064	-0.6278399999999985
0.065	-0.6376499999999986
0.066	-0.6474599999999994
0.067	-0.6572699999999999
0.068	-0.6670800000000007
0.06900000000000001	-0.6768900000000014
0.07000000000000001	-0.6867000000000011
0.07100000000000001	-0.6965100000000011
0.07200000000000001	-0.7063200000000012
0.073	-0.7161300000000012
0.074	-0.7259400000000009
0.075	-0.7357500000000003
0.076	-0.7455600000000008
0.077	-0.7553700000000009
0.078	-0.7651800000000011
0.079	-0.7749900000000015
0.08	-0.7848000000000015
0.081	-0.7946100000000016
0.082	-0.8044200000000018
0.083	-0.814230000000002
0.08400000000000001	-0.8240400000000021
0.08500000000000001	-0.8338500000000022
0.08600000000000001	-0.8436600000000016
0.08700000000000001	-0.8534700000000013
0.08799999999999999	-0.8632800000000013
0.089	-0.8730900000000018
0.09	-0.8829000000000021
0.091	-0.8927100000000019
0.092	-0.902520000000002
0.093	-0.9123300000000024
0.094	-0.9221400000000028
0.095	-0.9319500000000034
0.096	-0.9417600000000027
0.097	-0.9515700000000027
0.098	-0.9613800000000027
0.099	-0.9711900000000033
0.1	-0.981000000000003
0.101	-0.9908100000000031
0.102	-1.000620000000004
0.103	-1.010430000000003
0.104	-1.020240000000001
0.105	-1.030050000000001
0.106	-1.039860000000001
0.107	-1.049670000000001
0.108	-1.059480000000001
0.109	-1.069290000000001
0.11	-1.079100000000001
0.111	-1.088910000000002
0.112	-1.098720000000001
0.113	-1.10853
0.114	-1.11834
0.115	-1.12815
0.116	-1.13796
0.117	-1.14777
0.118	-1.15758
0.119	-1.167390000000001
0.12	-1.177200000000001
0.121	-1.187010000000001
0.122	-1.196820000000001
0.123	-1.206630000000001
0.124	-1.216440000000001
0.125	-1.226250000000001
0.126	-1.236060000000001
0.127	-1.245870000000001
0.128	-1.25568
0.129	-1.265490000000001
0.13	-1.2753
0.131	-1.28511
0.132	-1.294919999999999
0.133	-1.304729999999999
0.134	-1.314539999999999
0.135	-1.324349999999999
0.136	-1.334159999999999
0.137	-1.343969999999998
0.138	-1.353779999999998
0.139	-1.363589999999999
0.14	-1.373399999999999
0.141	-1.383209999999999
0.142	-1.393019999999999
0.143	-1.402829999999999
0.144	-1.412639999999999
0.145	-1.422449999999998
0.146	-1.432259999999997
0.147	-1.442069999999997
0.148	-1.451879999999997
0.149	-1.461689999999997
0.15	-1.471499999999997
0.151	-1.481309999999997
0.152	-1.491119999999998
0.153	-1.500929999999997
0.154	-1.510739999999997
0.155	-1.520549999999996
0.156	-1.530359999999997
0.157	-1.540169999999997
0.158	-1.549979999999997
0.159	-1.559789999999997
0.16	-1.569599999999997
0.161	-1.579409999999996
0.162	-1.589219999999995
0.163	-1.599029999999996
0.164	-1.608839999999995
0.165	-1.618649999999995
0.166	-1.628459999999994
0.167	-1.638269999999993
0.168	-1.648079999999994
0.169	-1.657889999999994
0.17	-1.667699999999995
0.171	-1.677509999999995
0.172	-1.687319999999995
0.173	-1.697129999999995
0.174	-1.706939999999995
0.175	-1.716749999999994
0.176	-1.726559999999993
0.177	-1.736369999999993
0.178	-1.746179999999993
0.179	-1.755989999999993
0.18	-1.765799999999993
0.181	-1.775609999999993
0.182	-1.785419999999993
0.183	-1.795229999999994
0.184	-1.805039999999994
0.185	-1.814849999999994
0.186	-1.824659999999994
0.187	-1.834469999999994
0.188	-1.844279999999993
0.189	-1.854089999999993
0.19	-1.863899999999992
0.191	-1.873709999999993
0.192	-1.883519999999993
0.193	-1.893329999999993
0.194	-1.903139999999993
0.195	-1.912949999999993
0.196	-1.922759999999994
0.197	-1.932569999999995
0.198	-1.942379999999995
0.199	-1.952189999999995
0.2	-1.961999999999995
0.201	-1.971809999999996
0.202	-1.981619999999995
0.203	-1.991429999999994
0.204	-2.001239999999994
0.205	-2.011049999999994
0.206	-2.020859999999997
0.207	-2.030669999999996
0.208	-2.040479999999993
0.209	-2.050289999999993
0.21	-2.060099999999994
0.211	-2.069909999999994
0.212	-2.079719999999993
0.213	-2.089529999999992
0.214	-2.099339999999994
0.215	-2.109149999999994
0.216	-2.118959999999996
0.217	-2.128769999999996
0.218	-2.138579999999995
0.219	-2.148389999999995
0.22	-2.158199999999994
0.221	-2.168009999999994
0.222	-2.177819999999995
0.223	-2.187629999999996
0.224	-2.197439999999995
0.225	-2.207249999999996
0.226	-2.217059999999996
0.227	-2.226869999999997
0.228	-2.236679999999997
0.229	-2.246489999999997
0.23	-2.256299999999997
0.231	-2.266109999999996
0.232	-2.275919999999995
0.233	-2.285729999999995
0.234	-2.295539999999996
0.235	-2.305349999999996
0.236	-2.315159999999995
0.237	-2.324969999999995
0.238	-2.334779999999995
0.239	-2.344589999999995
0.24	-2.354399999999995
0.241	-2.364209999999994
0.242	-2.374019999999994
0.243	-2.383829999999994
0.244	-2.393639999999995
0.245	-2.403449999999995
0.246	-2.413259999999995
0.247	-2.423069999999996
0.248	-2.432879999999996
0.249	-2.442689999999994
0.25	-2.452499999999992
0.251	-2.462309999999992
0.252	-2.472119999999992
0.253	-2.481929999999993
0.254	-2.491739999999992
0.255	-2.501549999999992
0.256	-2.511359999999992
0.257	-2.521169999999992
0.258	-2.530979999999991
0.259	-2.540789999999991
0.26	-2.550599999999991
0.261	-2.560409999999992
0.262	-2.570219999999992
0.263	-2.580029999999992
0.264	-2.589839999999993
0.265	-2.599649999999994
0.266	-2.609459999999993
0.267	-2.619269999999993
0.268	-2.629079999999994
0.269	-2.638889999999994
0.27	-2.648699999999995
0.271	-2.658509999999995
0.272	-2.668319999999996
0.273	-2.678129999999996
0.274	-2.687939999999997
0.275	-2.697749999999996
0.276	-2.707559999999996
0.277	-2.717369999999995
0.278	-2.727179999999997
0.279	-2.736989999999997
0.28	-2.746799999999997
0.281	-2.756609999999998
0.282	-2.766419999999997
0.283	-2.776229999999997
0.284	-2.786039999999998
0.285	-2.795849999999998
0.286	-2.805659999999997
0.287	-2.815469999999997
0.288	-2.825279999999996
0.289	-2.835089999999997
0.29	-2.844899999999995
0.291	-2.854709999999995
0.292	-2.864519999999995
0.293	-2.874329999999994
0.294	-2.884139999999996
0.295	-2.893949999999997
0.296	-2.903759999999997
0.297	-2.913569999999997
0.298	-2.923379999999996
0.299	-2.933189999999996
0.3	-2.942999999999995
0.301	-2.952809999999996
0.302	-2.962619999999997
0.303	-2.972429999999995
0.304	-2.982239999999995
0.305	-2.992049999999995
0.306	-3.001859999999996
0.307	-3.011669999999996
0.308	-3.021479999999997
0.309	-3.031289999999996
0.31	-3.041099999999997
0.311	-3.050909999999997
0.312	-3.060719999999998
0.313	-3.070529999999997
0.314	-3.080339999999998
0.315	-3.090149999999998
0.316	-3.099959999999998
0.317	-3.109769999999999
0.318	-3.11958
0.319	-3.129389999999999
0.32	-3.139199999999999
0.321	-3.149009999999999
0.322	-3.158819999999999
0.323	-3.168629999999998
0.324	-3.178439999999997
0.325	-3.188249999999998
0.326	-3.198059999999998
0.327	-3.207869999999998
0.328	-3.217679999999997
0.329	-3.227489999999997
0.33	-3.237299999999997
0.331	-3.247109999999997
0.332	-3.256919999999997
0.333	-3.266729999999999
0.334	-3.276539999999998
0.335	-3.286349999999999
0.336	-3.296159999999999
0.337	-3.305969999999999
0.338	-3.315779999999999
0.339	-3.325589999999997
0.34	-3.335399999999998
0.341	-3.345209999999999
0.342	-3.355019999999999
0.343	-3.364829999999999
0.344	-3.374639999999999
0.345	-3.384449999999999
0.346	-3.394259999999999
0.347	-3.404069999999999
0.348	-3.413879999999997
0.349	-3.423689999999998
0.35	-3.433499999999998
0.351	-3.443309999999998
0.352	-3.453119999999997
0.353	-3.462929999999997
0.354	-3.472739999999997
0.355	-3.482549999999996
0.356	-3.492359999999996
0.357	-3.502169999999997
0.358	-3.511979999999996
0.359	-3.521789999999996
0.36	-3.531599999999996
0.361	-3.541409999999996
0.362	-3.551219999999996
0.363	-3.561029999999996
0.364	-3.570839999999996
0.365	-3.580649999999998
0.366	-3.590459999999998
0.367	-3.600269999999998
0.368	-3.610079999999997
0.369	-3.619889999999997
0.37	-3.629699999999997
0.371	-3.639509999999997
0.372	-3.649319999999997
0.373	-3.659129999999996
0.374	-3.668939999999996
0.375	-3.678749999999996
0.376	-3.688559999999997
0.377	-3.698369999999997
0.378	-3.708179999999996
0.379	-3.717989999999996
0.38	-3.727799999999996
0.381	-3.737609999999995
0.382	-3.747419999999995
0.383	-3.757229999999995
0.384	-3.767039999999995
0.385	-3.776849999999994
0.386	-3.786659999999995
0.387	-3.796469999999995
0.388	-3.806279999999994
0.389	-3.816089999999994
0.39	-3.825899999999995
0.391	-3.835709999999994
0.392	-3.845519999999994
0.393	-3.855329999999995
0.394	-3.865139999999996
0.395	-3.874949999999996
0.396	-3.884759999999996
0.397	-3.894569999999996
0.398	-3.904379999999995
0.399	-3.914189999999996
0.4	-3.923999999999996
0.401	-3.933809999999996
0.402	-3.943619999999996
0.403	-3.953429999999996
0.404	-3.963239999999995
0.405	-3.973049999999995
0.406	-3.982859999999995
0.407	-3.992669999999996
0.408	-4.002479999999996
0.409	-4.012289999999997
0.41	-4.022099999999997
0.411	-4.031909999999996
0.412	-4.041719999999996
0.413	-4.051529999999997
0.414	-4.061339999999998
0.415	-4.071149999999998
0.416	-4.080959999999997
0.417	-4.090769999999997
0.418	-4.100579999999996
0.419	-4.110389999999996
0.42	-4.120199999999996
0.421	-4.130009999999997
0.422	-4.139819999999996
0.423	-4.149629999999996
0.424	-4.159439999999996
0.425	-4.169249999999995
0.426	-4.179059999999996
0.427	-4.188869999999995
0.428	-4.198679999999994
0.429	-4.208489999999994
0.43	-4.218299999999993
0.431	-4.228109999999991
0.432	-4.237919999999991
0.433	-4.24772999999999
0.434	-4.257539999999991
0.435	-4.267349999999995
0.436	-4.277159999999995
0.437	-4.286969999999997
0.438	-4.296779999999996
0.439	-4.306589999999997
0.44	-4.316399999999994
0.441	-4.326209999999995
0.442	-4.336019999999998
0.443	-4.345829999999999
0.444	-4.355639999999998
0.445	-4.36545
0.446	-4.375259999999997
0.447	-4.385069999999999
0.448	-4.39488
0.449	-4.40469
0.45	-4.414499999999999
0.451	-4.424310000000002
0.452	3.538685134607434
0.453	3.528875134607436
0.454	3.519065134607435
0.455	3.509255134607435
0.456	3.499445134607435
0.457	3.489635134607434
0.458	3.479825134607434
0.459	3.470015134607434
0.46	3.460205134607433
0.461	3.450395134607434
0.462	3.440585134607434
0.463	3.430775134607433
0.464	3.420965134607434
0.465	3.411155134607434
0.466	3.401345134607435
0.467	3.391535134607435
0.468	3.381725134607436
0.469	3.371915134607437
0.47	3.362105134607437
0.471	3.352295134607437
0.472	3.342485134607438
0.473	3.332675134607439
0.474	3.322865134607438
0.475	3.313055134607439
0.476	3.303245134607439
0.477	3.293435134607439
0.478	3.28362513460744
0.479	3.27381513460744
0.48	3.26400513460744
0.481	3.25419513460744
0.482	3.24438513460744
0.483	3.23457513460744
0.484	3.22476513460744
0.485	3.21495513460744
0.486	3.205145134607441
0.487	3.195335134607441
0.488	3.18552513460744
0.489	3.17571513460744
0.49	3.165905134607441
0.491	3.156095134607441
0.492	3.146285134607441
0.493	3.13647513460744
0.494	3.126665134607441
0.495	3.116855134607441
0.496	3.107045134607442
0.497	3.097235134607442
0.498	3.087425134607442
0.499	3.077615134607441
0.5	3.067805134607441
0.501	3.057995134607442
0.502	3.048185134607442
0.503	3.038375134607443
0.504	3.028565134607442
0.505	3.018755134607442
0.506	3.008945134607442
0.507	2.999135134607442
0.508	2.989325134607442
0.509	2.979515134607444
0.51	2.969705134607444
0.511	2.959895134607443
0.512	2.950085134607442
0.513	2.940275134607442
0.514	2.930465134607442
0.515	2.920655134607441
0.516	2.910845134607441
0.517	2.901035134607441
0.518	2.891225134607441
0.519	2.88141513460744
0.52	2.87160513460744
0.521	2.86179513460744
0.522	2.85198513460744
0.523	2.84217513460744
0.524	2.832365134607442
0.525	2.822555134607442
0.526	2.812745134607442
0.527	2.80293513460744
0.528	2.793125134607441
0.529	2.783315134607441
0.53	2.773505134607442
0.531	2.763695134607442
0.532	2.753885134607442
0.533	2.744075134607441
0.534	2.734265134607442
0.535	2.724455134607441
0.536	2.714645134607442
0.537	2.704835134607441
0.538	2.695025134607441
0.539	2.68521513460744
0.54	2.67540513460744
0.541	2.66559513460744
0.542	2.655785134607441
0.543	2.645975134607441
0.544	2.636165134607441
0.545	2.62635513460744
0.546	2.61654513460744
0.547	2.60673513460744
0.548	2.596925134607437
0.549	2.587115134607437
0.55	2.577305134607438
0.551	2.567495134607438
0.552	2.557685134607437
0.553	2.547875134607438
0.554	2.538065134607439
0.555	2.528255134607439
0.556	2.518445134607439
0.5570000000000001	2.50863513460744
0.5580000000000001	2.49882513460744
0.5590000000000001	2.48901513460744
0.5600000000000001	2.479205134607439
0.5610000000000001	2.469395134607439
0.5620000000000001	2.459585134607439
0.5630000000000001	2.44977513460744
0.5640000000000001	2.43996513460744
0.5650000000000001	2.43015513460744
0.5660000000000001	2.42034513460744
0.5670000000000001	2.410535134607439
0.5680000000000001	2.400725134607439
0.5690000000000001	2.39091513460744
0.5700000000000001	2.381105134607438
0.5710000000000001	2.371295134607438
0.5720000000000001	2.361485134607437
0.5730000000000001	2.351675134607437
0.5740000000000001	2.341865134607438
0.5750000000000001	2.332055134607439
0.5760000000000001	2.322245134607439
0.577	2.31243513460744
0.578	2.30262513460744
0.579	2.29281513460744
0.58	2.28300513460744
0.581	2.27319513460744
0.582	2.263385134607442
0.583	2.253575134607441
0.584	2.243765134607443
0.585	2.233955134607443
0.586	2.224145134607443
0.587	2.214335134607444
0.588	2.204525134607446
0.589	2.194715134607446
0.59	2.184905134607444
0.591	2.175095134607445
0.592	2.165285134607445
0.593	2.155475134607446
0.594	2.145665134607447
0.595	2.135855134607445
0.596	2.126045134607446
0.597	2.116235134607447
0.598	2.106425134607447
0.599	2.096615134607446
0.6	2.086805134607447
0.601	2.076995134607448
0.602	2.067185134607449
0.603	2.057375134607449
0.604	2.04756513460745
0.605	2.03775513460745
0.606	2.027945134607451
0.607	2.018135134607451
0.608	2.008325134607451
0.609	1.99851513460745
0.61	1.98870513460745
0.611	1.978895134607451
0.612	1.969085134607451
0.613	1.959275134607451
0.614	1.94946513460745
0.615	1.93965513460745
0.616	1.929845134607449
0.617	1.92003513460745
0.618	1.910225134607449
0.619	1.90041513460745
0.62	1.890605134607449
0.621	1.880795134607449
0.622	1.870985134607449
0.623	1.861175134607448
0.624	1.851365134607448
0.625	1.841555134607449
0.626	1.831745134607448
0.627	1.821935134607448
0.628	1.812125134607448
0.629	1.802315134607448
0.63	1.792505134607448
0.631	1.782695134607447
0.632	1.772885134607448
0.633	1.763075134607448
0.634	1.753265134607448
0.635	1.743455134607448
0.636	1.733645134607449
0.637	1.723835134607449
0.638	1.714025134607449
0.639	1.704215134607449
0.64	1.694405134607449
0.641	1.684595134607449
0.642	1.674785134607449
0.643	1.664975134607449
0.644	1.655165134607449
0.645	1.645355134607449
0.646	1.635545134607449
0.647	1.625735134607448
0.648	1.615925134607448
0.649	1.606115134607447
0.65	1.596305134607447
0.651	1.586495134607447
0.652	1.576685134607447
0.653	1.566875134607447
0.654	1.557065134607447
0.655	1.547255134607448
0.656	1.537445134607448
0.657	1.527635134607449
0.658	1.517825134607449
0.659	1.508015134607449
0.66	1.49820513460745
0.661	1.48839513460745
0.662	1.47858513460745
0.663	1.468775134607449
0.664	1.458965134607449
0.665	1.449155134607449
0.666	1.43934513460745
0.667	1.42953513460745
0.668	1.419725134607449
0.669	1.409915134607449
0.67	1.400105134607449
0.671	1.390295134607449
0.672	1.38048513460745
0.673	1.370675134607449
0.674	1.360865134607449
0.675	1.35105513460745
0.676	1.341245134607449
0.677	1.331435134607448
0.678	1.321625134607449
0.679	1.311815134607448
0.68	1.302005134607448
0.681	1.292195134607448
0.6820000000000001	1.282385134607447
0.6830000000000001	1.272575134607447
0.6840000000000001	1.262765134607447
0.6850000000000001	1.252955134607447
0.6860000000000001	1.243145134607447
0.6870000000000001	1.233335134607446
0.6880000000000001	1.223525134607446
0.6890000000000001	1.213715134607445
0.6900000000000001	1.203905134607444
0.6910000000000001	1.194095134607444
0.6920000000000001	1.184285134607444
0.6930000000000001	1.174475134607444
0.6940000000000001	1.164665134607444
0.6950000000000001	1.154855134607444
0.6960000000000001	1.145045134607444
0.6970000000000001	1.135235134607445
0.6980000000000001	1.125425134607444
0.6990000000000001	1.115615134607444
0.7000000000000001	1.105805134607445
0.7010000000000001	1.095995134607445
0.7020000000000001	1.086185134607444
0.7030000000000001	1.076375134607445
0.704	1.066565134607446
0.705	1.056755134607447
0.706	1.046945134607447
0.707	1.037135134607447
0.708	1.027325134607447
0.709	1.017515134607447
0.71	1.007705134607447
0.711	0.9978951346074459
0.712	0.9880851346074463
0.713	0.978275134607446
0.714	0.9684651346074459
0.715	0.9586551346074453
0.716	0.9488451346074454
0.717	0.9390351346074451
0.718	0.9292251346074456
0.719	0.9194151346074464
0.72	0.9096051346074464
0.721	0.8997951346074462
0.722	0.8899851346074463
0.723	0.8801751346074462
0.724	0.8703651346074465
0.725	0.8605551346074461
0.726	0.8507451346074456
0.727	0.8409351346074454
0.728	0.8311251346074457
0.729	0.8213151346074455
0.73	0.8115051346074453
0.731	0.801695134607445
0.732	0.7918851346074454
0.733	0.7820751346074456
0.734	0.7722651346074449
0.735	0.7624551346074449
0.736	0.7526451346074458
0.737	0.7428351346074457
0.738	0.7330251346074454
0.739	0.7232151346074456
0.74	0.713405134607446
0.741	0.7035951346074458
0.742	0.6937851346074454
0.743	0.6839751346074461
0.744	0.6741651346074458
0.745	0.6643551346074461
0.746	0.6545451346074466
0.747	0.6447351346074466
0.748	0.6349251346074465
0.749	0.6251151346074469
0.75	0.6153051346074468
0.751	0.6054951346074471
0.752	0.5956851346074473
0.753	0.5858751346074466
0.754	0.5760651346074467
0.755	0.5662551346074466
0.756	0.5564451346074464
0.757	0.5466351346074469
0.758	0.5368251346074462
0.759	0.5270151346074463
0.76	0.5172051346074467
0.761	0.5073951346074469
0.762	0.4975851346074466
0.763	0.4877751346074464
0.764	0.4779651346074465
0.765	0.4681551346074466
0.766	0.4583451346074465
0.767	0.4485351346074464
0.768	0.4387251346074464
0.769	0.4289151346074465
0.77	0.4191051346074464
0.771	0.4092951346074463
0.772	0.3994851346074463
0.773	0.3896751346074457
0.774	0.3798651346074456
0.775	0.3700551346074454
0.776	0.3602451346074454
0.777	0.3504351346074456
0.778	0.3406251346074463
0.779	0.3308151346074455
0.78	0.3210051346074456
0.781	0.3111951346074452
0.782	0.3013851346074451
0.783	0.2915751346074455
0.784	0.2817651346074452
0.785	0.2719551346074451
0.786	0.2621451346074455
0.787	0.2523351346074458
0.788	0.2425251346074458
0.789	0.2327151346074456
0.79	0.2229051346074456
0.791	0.2130951346074456
0.792	0.2032851346074456
0.793	0.1934751346074453
0.794	0.1836651346074452
0.795	0.1738551346074452
0.796	0.1640451346074453
0.797	0.1542351346074455
0.798	0.1444251346074456
0.799	0.1346151346074456
0.8	0.1248051346074453
0.801	0.1149951346074453
0.802	0.1051851346074452
0.803	0.09537513460744519
0.804	0.08556513460744532
0.805	0.07575513460744553
0.806	0.06594513460744557
0.8070000000000001	0.05613513460744561
0.8080000000000001	0.04632513460744568
0.8090000000000001	0.0365151346074457
0.8100000000000001	0.02670513460744569
0.8110000000000001	0.01689513460744567
0.8120000000000001	0.007085134607446103
0.8130000000000001	-0.002724865392553219
0.8140000000000001	-0.01253486539255219
0.8150000000000001	-0.02234486539255221
0.8160000000000001	-0.03215486539255225
0.8170000000000001	-0.04196486539255221
0.8180000000000001	-0.05177486539255218
0.8190000000000001	-0.06158486539255208
0.8200000000000001	-0.07139486539255219
0.8210000000000001	-0.08120486539255219
0.8220000000000001	-0.0910148653925522
0.8230000000000001	-0.1008248653925521
0.8240000000000001	-0.1106348653925521
0.8250000000000001	-0.1204448653925523
0.8260000000000001	-0.1302548653925522
0.8270000000000001	-0.1400648653925523
0.8280000000000001	-0.1498748653925522
0.8290000000000001	-0.1596848653925522
0.8300000000000001	-0.1694948653925523
0.8310000000000001	-0.179304865392552
0.8320000000000001	-0.1891148653925517
0.833	-0.1989248653925504
0.834	-0.2087348653925505
0.835	-0.2185448653925505
0.836	-0.2283548653925505
0.837	-0.2381648653925504
0.838	-0.2479748653925505
0.839	-0.2577848653925507
0.84	-0.2675948653925508
0.841	-0.2774048653925512
0.842	-0.2872148653925509
0.843	-0.297024865392551
0.844	-0.3068348653925508
0.845	-0.3166448653925514
0.846	-0.3264548653925511
0.847	-0.3362648653925507
0.848	-0.3460748653925506
0.849	-0.3558848653925508
0.85	-0.3656948653925507
0.851	-0.3755048653925511
0.852	-0.3853148653925511
0.853	-0.3951248653925516
0.854	-0.4049348653925512
0.855	-0.4147448653925513
0.856	-0.4245548653925511
0.857	-0.4343648653925512
0.858	-0.4441748653925517
0.859	-0.4539848653925517
0.86	-0.4637948653925516
0.861	-0.4736048653925512
0.862	-0.4834148653925511
0.863	-0.4932248653925508
0.864	-0.503034865392551
0.865	-0.5128448653925505
0.866	-0.52265486539255
0.867	-0.5324648653925506
0.868	-0.5422748653925503
0.869	-0.5520848653925502
0.87	-0.5618948653925496
0.871	-0.5717048653925494
0.872	-0.5815148653925503
0.873	-0.5913248653925509
0.874	-0.6011348653925505
0.875	-0.6109448653925503
0.876	-0.6207548653925504
0.877	-0.6305648653925505
0.878	-0.6403748653925506
0.879	-0.6501848653925512
0.88	-0.659994865392551
0.881	-0.6698048653925512
0.882	-0.6796148653925513
0.883	-0.6894248653925513
0.884	-0.699234865392552
0.885	-0.7090448653925517
0.886	-0.7188548653925517
0.887	-0.7286648653925519
0.888	-0.7384748653925522
0.889	-0.7482848653925532
0.89	-0.7580948653925532
0.891	-0.7679048653925535
0.892	-0.7777148653925532
0.893	-0.7875248653925528
0.894	-0.7973348653925533
0.895	-0.807144865392553
0.896	-0.816954865392553
0.897	-0.8267648653925532
0.898	-0.836574865392553
0.899	-0.8463848653925532
0.9	-0.8561948653925536
0.901	-0.8660048653925539
0.902	-0.8758148653925544
0.903	-0.8856248653925544
0.904	-0.8954348653925541
0.905	-0.9052448653925541
0.906	-0.9150548653925548
0.907	-0.9248648653925552
0.908	-0.9346748653925554
0.909	-0.9444848653925554
0.91	-0.9542948653925551
0.911	-0.9641048653925552
0.912	-0.9739148653925552
0.913	-0.9837248653925549
0.914	-0.993534865392555
0.915	-1.003344865392555
0.916	-1.013154865392556
0.917	-1.022964865392556
0.918	-1.032774865392556
0.919	-1.042584865392556
0.92	-1.052394865392555
0.921	-1.062204865392556
0.922	-1.072014865392556
0.923	-1.081824865392557
0.924	-1.091634865392557
0.925	-1.101444865392557
0.926	-1.111254865392557
0.927	-1.121064865392557
0.928	-1.130874865392558
0.929	-1.140684865392558
0.93	-1.150494865392557
0.931	-1.160304865392557
0.9320000000000001	-1.170114865392557
0.9330000000000001	-1.179924865392557
0.9340000000000001	-1.189734865392557
0.9350000000000001	-1.199544865392557
0.9360000000000001	-1.209354865392557
0.9370000000000001	-1.219164865392557
0.9380000000000001	-1.228974865392557
0.9390000000000001	-1.238784865392557
0.9400000000000001	-1.248594865392556
0.9410000000000001	-1.258404865392556
0.9420000000000001	-1.268214865392555
0.9430000000000001	-1.278024865392555
0.9440000000000001	-1.287834865392554
0.9450000000000001	-1.297644865392554
0.9460000000000001	-1.307454865392554
0.9470000000000001	-1.317264865392553
0.9480000000000001	-1.327074865392553
0.9490000000000001	-1.336884865392553
0.9500000000000001	-1.346694865392553
0.9510000000000001	-1.356504865392552
0.9520000000000001	-1.366314865392551
0.9530000000000001	-1.376124865392551
0.9540000000000001	-1.385934865392551
0.9550000000000001	-1.395744865392551
0.9560000000000001	-1.405554865392552
0.9570000000000001	-1.415364865392552
0.9580000000000001	-1.425174865392551
0.9590000000000001	-1.434984865392551
0.96	-1.44479486539255
0.961	-1.45460486539255
0.962	-1.46441486539255
0.963	-1.474224865392551
0.964	-1.484034865392551
0.965	-1.493844865392551
0.966	-1.503654865392551
0.967	-1.513464865392551
0.968	-1.523274865392551
0.969	-1.533084865392552
0.97	-1.542894865392552
0.971	-1.552704865392552
0.972	-1.562514865392552
0.973	-1.572324865392552
0.974	-1.582134865392552
0.975	-1.591944865392553
0.976	-1.601754865392552
0.977	-1.611564865392553
0.978	-1.621374865392553
0.979	-1.631184865392553
0.98	-1.640994865392552
0.981	-1.650804865392552
0.982	-1.660614865392551
0.983	-1.670424865392551
0.984	-1.680234865392551
0.985	-1.690044865392551
0.986	-1.69985486539255
0.987	-1.70966486539255
0.988	-1.71947486539255
0.989	-1.729284865392551
0.99	-1.739094865392551
0.991	-1.748904865392551
0.992	-1.75871486539255
0.993	-1.76852486539255
0.994	-1.77833486539255
0.995	-1.78814486539255
0.996	-1.79795486539255
0.997	-1.80776486539255
0.998	-1.81757486539255
0.999	-1.82738486539255
1	-1.837194865392551
1.001	-1.847004865392551
1.002	-1.85681486539255
1.003	-1.866624865392551
1.004	-1.87643486539255
1.005	-1.886244865392552
1.006	-1.896054865392552
1.007	-1.905864865392552
1.008	-1.915674865392551
1.009	-1.925484865392552
1.01	-1.935294865392551
1.011	-1.945104865392552
1.012	-1.954914865392552
1.013	-1.964724865392553
1.014	-1.974534865392551
1.015	-1.984344865392552
1.016	-1.994154865392551
1.017	-2.003964865392553
1.018	-2.01377486539255
1.019	-2.023584865392552
1.02	-2.033394865392552
1.021	-2.043204865392554
1.022	-2.053014865392552
1.023	-2.062824865392553
1.024	-2.072634865392553
1.025	-2.082444865392553
1.026	-2.092254865392554
1.027	-2.102064865392552
1.028	-2.111874865392553
1.029	-2.121684865392553
1.03	-2.131494865392554
1.031	-2.141304865392553
1.032	-2.151114865392554
1.033	-2.160924865392554
1.034	-2.170734865392555
1.035	-2.180544865392554
1.036	-2.190354865392554
1.037	-2.200164865392554
1.038	-2.209974865392556
1.039	-2.219784865392555
1.04	-2.229594865392555
1.041	-2.239404865392554
1.042	-2.249214865392553
1.043	-2.259024865392553
1.044	-2.268834865392555
1.045	-2.278644865392554
1.046	-2.288454865392555
1.047	-2.298264865392554
1.048	-2.308074865392556
1.049	-2.317884865392555
1.05	-2.327694865392557
1.051	-2.337504865392555
1.052	-2.347314865392556
1.053	-2.357124865392555
1.054	-2.366934865392558
1.055	-2.376744865392556
1.056	-2.386554865392556
1.057	-2.396364865392557
1.058	-2.406174865392556
1.059	-2.415984865392556
1.06	-2.425794865392557
1.061	-2.435604865392556
1.062	-2.445414865392556
1.063	-2.455224865392556
1.064	-2.465034865392558
1.065	-2.474844865392555
1.066	-2.484654865392557
1.067	-2.494464865392557
1.068	-2.504274865392559
1.069	-2.514084865392557
1.07	-2.523894865392557
1.071	-2.533704865392557
1.072	-2.543514865392559
1.073	-2.553324865392558
1.074	-2.563134865392559
1.075	-2.572944865392559
1.076	-2.582754865392562
1.077	-2.592564865392561
1.078	-2.602374865392562
1.079	-2.61218486539256
1.08	-2.621994865392561
1.081	-2.631804865392561
1.082	-2.641614865392562
1.083	-2.65142486539256
1.084	-2.661234865392561
1.085	-2.67104486539256
1.086	-2.680854865392563
1.087	-2.690664865392561
1.088	-2.700474865392563
1.089	-2.710284865392563
1.09	-2.720094865392564
1.091	-2.729904865392563
1.092	-2.739714865392564
1.093	-2.749524865392565
1.094	-2.759334865392566
1.095	-2.769144865392565
1.096	-2.778954865392567
1.097	-2.788764865392566
1.098	-2.798574865392566
1.099	-2.808384865392564
1.1	-2.818194865392565
1.101	-2.828004865392563
1.102	-2.837814865392565
1.103	-2.847624865392562
1.104	-2.857434865392564
1.105	-2.867244865392563
1.106	-2.877054865392564
1.107	-2.886864865392564
1.108	-2.896674865392566
1.109	-2.906484865392565
1.11	-2.916294865392565
1.111	-2.926104865392565
1.112	-2.935914865392566
1.113	-2.945724865392564
1.114	-2.955534865392567
1.115	-2.965344865392566
1.116	-2.975154865392567
1.117	-2.984964865392565
1.118	-2.994774865392565
1.119	-3.004584865392565
1.12	-3.014394865392567
1.121	-3.024204865392566
1.122	-3.034014865392567
1.123	-3.043824865392565
1.124	-3.053634865392567
1.125	-3.063444865392566
1.126	-3.073254865392566
1.127	-3.083064865392565
1.128	-3.092874865392567
1.129	-3.102684865392566
1.13	-3.112494865392568
1.131	-3.122304865392568
1.132	-3.132114865392569
1.133	-3.141924865392568
1.134	-3.151734865392569
1.135	-3.161544865392568
1.136	-3.171354865392569
1.137	-3.181164865392566
1.138	-3.190974865392567
1.139	-3.200784865392567
1.14	-3.210594865392567
1.141	-3.220404865392566
1.142	-3.230214865392567
1.143	-3.240024865392567
1.144	-3.249834865392568
1.145	-3.259644865392568
1.146	-3.26945486539257
1.147	-3.27926486539257
1.148	-3.289074865392571
1.149	-3.298884865392569
1.15	-3.308694865392571
1.151	-3.318504865392571
1.152	-3.328314865392573
1.153	-3.338124865392572
1.154	-3.347934865392571
1.155	-3.357744865392573
1.156	-3.367554865392572
1.157	-3.377364865392573
1.158	-3.387174865392573
1.159	-3.396984865392573
1.16	-3.406794865392571
1.161	-3.416604865392574
1.162	-3.426414865392573
1.163	-3.436224865392575
1.164	-3.446034865392572
1.165	-3.455844865392574
1.166	-3.465654865392572
1.167	-3.475464865392574
1.168	-3.485274865392574
1.169	-3.495084865392576
1.17	-3.504894865392575
1.171	-3.514704865392577
1.172	-3.524514865392576
1.173	-3.534324865392577
1.174	2.83379039450038
1.175	2.82398039450038
1.176	2.814170394500382
1.177	2.804360394500379
1.178	2.79455039450038
1.179	2.78474039450038
1.18	2.774930394500382
1.181	2.76512039450038
1.182	2.755310394500382
1.183	2.745500394500382
1.184	2.735690394500383
1.185	2.725880394500382
1.186	2.716070394500383
1.187	2.706260394500381
1.188	2.696450394500381
1.189	2.686640394500379
1.19	2.676830394500381
1.191	2.667020394500381
1.192	2.657210394500381
1.193	2.64740039450038
1.194	2.637590394500379
1.195	2.627780394500378
1.196	2.617970394500379
1.197	2.608160394500378
1.198	2.598350394500379
1.199	2.588540394500379
1.2	2.578730394500381
1.201	2.56892039450038
1.202	2.559110394500382
1.203	2.549300394500382
1.204	2.539490394500384
1.205	2.529680394500382
1.206	2.519870394500383
1.207	2.510060394500381
1.208	2.500250394500381
1.209	2.490440394500379
1.21	2.48063039450038
1.211	2.47082039450038
1.212	2.461010394500382
1.213	2.45120039450038
1.214	2.441390394500381
1.215	2.431580394500379
1.216	2.421770394500379
1.217	2.411960394500379
1.218	2.40215039450038
1.219	2.392340394500379
1.22	2.38253039450038
1.221	2.372720394500379
1.222	2.362910394500381
1.223	2.353100394500381
1.224	2.343290394500383
1.225	2.333480394500383
1.226	2.323670394500385
1.227	2.313860394500383
1.228	2.304050394500385
1.229	2.294240394500383
1.23	2.284430394500385
1.231	2.274620394500384
1.232	2.264810394500386
1.233	2.255000394500385
1.234	2.245190394500386
1.235	2.235380394500386
1.236	2.225570394500387
1.237	2.215760394500387
1.238	2.20595039450039
1.239	2.196140394500389
1.24	2.18633039450039
1.241	2.176520394500389
1.242	2.16671039450039
1.243	2.156900394500386
1.244	2.147090394500388
1.245	2.137280394500386
1.246	2.127470394500389
1.247	2.117660394500387
1.248	2.107850394500388
1.249	2.098040394500388
1.25	2.088230394500389
1.251	2.078420394500387
1.252	2.068610394500389
1.253	2.058800394500387
1.254	2.048990394500387
1.255	2.039180394500386
1.256	2.029370394500385
1.257	2.019560394500385
1.258	2.009750394500386
1.259	1.999940394500384
1.26	1.990130394500385
1.261	1.980320394500384
1.262	1.970510394500386
1.263	1.960700394500385
1.264	1.950890394500385
1.265	1.941080394500384
1.266	1.931270394500386
1.267	1.921460394500384
1.268	1.911650394500384
1.269	1.901840394500384
1.27	1.892030394500385
1.271	1.882220394500384
1.272	1.872410394500386
1.273	1.862600394500384
1.274	1.852790394500385
1.275	1.842980394500385
1.276	1.833170394500385
1.277	1.823360394500384
1.278	1.813550394500385
1.279	1.803740394500384
1.28	1.793930394500385
1.281	1.784120394500387
1.282	1.774310394500386
1.283	1.764500394500387
1.284	1.754690394500385
1.285	1.744880394500386
1.286	1.735070394500385
1.287	1.725260394500386
1.288	1.715450394500385
1.289	1.705640394500386
1.29	1.695830394500385
1.291	1.686020394500385
1.292	1.676210394500384
1.293	1.666400394500386
1.294	1.656590394500385
1.295	1.646780394500387
1.296	1.636970394500386
1.297	1.627160394500387
1.298	1.617350394500385
1.299	1.607540394500386
1.3	1.597730394500385
1.301	1.587920394500386
1.302	1.578110394500385
1.303	1.568300394500386
1.304	1.558490394500385
1.305	1.548680394500386
1.306	1.538870394500385
1.307	1.529060394500386
1.308	1.519250394500385
1.309	1.509440394500385
1.31	1.499630394500385
1.311	1.489820394500386
1.312	1.480010394500385
1.313	1.470200394500386
1.314	1.460390394500385
1.315	1.450580394500386
1.316	1.440770394500385
1.317	1.430960394500385
1.318	1.421150394500384
1.319	1.411340394500385
1.32	1.401530394500384
1.321	1.391720394500384
1.322	1.381910394500383
1.323	1.372100394500383
1.324	1.362290394500381
1.325	1.352480394500383
1.326	1.342670394500382
1.327	1.332860394500384
1.328	1.323050394500383
1.329	1.313240394500384
1.33	1.303430394500383
1.331	1.293620394500384
1.332	1.283810394500383
1.333	1.274000394500384
1.334	1.264190394500384
1.335	1.254380394500384
1.336	1.244570394500383
1.337	1.234760394500384
1.338	1.224950394500384
1.339	1.215140394500385
1.34	1.205330394500385
1.341	1.195520394500386
1.342	1.185710394500385
1.343	1.175900394500386
1.344	1.166090394500385
1.345	1.156280394500386
1.346	1.146470394500385
1.347	1.136660394500386
1.348	1.126850394500385
1.349	1.117040394500386
1.35	1.107230394500385
1.351	1.097420394500386
1.352	1.087610394500385
1.353	1.077800394500387
1.354	1.067990394500387
1.355	1.058180394500386
1.356	1.048370394500385
1.357	1.038560394500386
1.358	1.028750394500385
1.359	1.018940394500385
1.36	1.009130394500384
1.361	0.999320394500386
1.362	0.9895103945003852
1.363	0.9797003945003862
1.364	0.9698903945003846
1.365	0.9600803945003852
1.366	0.9502703945003838
1.367	0.9404603945003847
1.368	0.930650394500384
1.369	0.9208403945003855
1.37	0.9110303945003841
1.371	0.9012203945003852
1.372	0.891410394500384
1.373	0.8816003945003851
1.374	0.8717903945003836
1.375	0.8619803945003849
1.376	0.852170394500384
1.377	0.8423603945003849
1.378	0.8325503945003832
1.379	0.8227403945003845
1.38	0.8129303945003832
1.381	0.8031203945003847
1.382	0.7933103945003839
1.383	0.7835003945003854
1.384	0.7736903945003848
1.385	0.7638803945003858
1.386	0.7540703945003845
1.387	0.7442603945003856
1.388	0.7344503945003843
1.389	0.7246403945003856
1.39	0.7148303945003847
1.391	0.7050203945003857
1.392	0.6952103945003842
1.393	0.6854003945003851
1.394	0.6755903945003841
1.395	0.6657803945003855
1.396	0.655970394500385
1.397	0.6461603945003858
1.398	0.6363503945003848
1.399	0.6265403945003868
1.4	0.6167303945003857
1.401	0.6069203945003869
1.402	0.5971103945003859
1.403	0.5873003945003873
1.404	0.5774903945003858
1.405	0.5676803945003869
1.406	0.5578703945003861
1.407	0.5480603945003879
1.408	0.5382503945003887
1.409	0.5284403945003865
1.41	0.5186303945003874
1.411	0.5088203945003863
1.412	0.4990103945003878
1.413	0.4892003945003865
1.414	0.4793903945003876
1.415	0.4695803945003865
1.416	0.4597703945003878
1.417	0.4499603945003868
1.418	0.4401503945003877
1.419	0.4303403945003863
1.42	0.4205303945003876
1.421	0.4107203945003867
1.422	0.4009103945003878
1.423	0.3911003945003868
1.424	0.3812903945003876
1.425	0.3714803945003867
1.426	0.3616703945003875
1.427	0.3518603945003864
1.428	0.3420503945003876
1.429	0.3322403945003867
1.43	0.3224303945003875
1.431	0.3126203945003866
1.432	0.3028103945003881
1.433	0.2930003945003866
1.434	0.2831903945003879
1.435	0.2733803945003864
1.436	0.2635703945003879
1.437	0.253760394500387
1.438	0.243950394500388
1.439	0.2341403945003867
1.44	0.2243303945003879
1.441	0.2145203945003867
1.442	0.2047103945003875
1.443	0.1949003945003865
1.444	0.1850903945003876
1.445	0.1752803945003863
1.446	0.1654703945003879
1.447	0.1556603945003867
1.448	0.1458503945003878
1.449	0.1360403945003867
1.45	0.1262303945003877
1.451	0.1164203945003869
1.452	0.106610394500388
1.453	0.09680039450038701
1.454	0.08699039450038829
1.455	0.07718039450038704
1.456	0.06737039450038802
1.457	0.05756039450038685
1.458	0.04775039450038803
1.459	0.03794039450038695
1.46	0.02813039450038805
1.461	0.01832039450038693
1.462	0.008510394500388286
1.463	-0.001299605499611985
1.464	-0.0111096054996098
1.465	-0.02091960549961094
1.466	-0.03072960549960977
1.467	-0.04053960549961078
1.468	-0.05034960549960969
1.469	-0.06015960549961074
1.47	-0.0699696054996097
1.471	-0.07977960549961069
1.472	-0.08958960549960955
1.473	-0.09939960549961072
1.474	-0.1092096054996096
1.475	-0.1190196054996109
1.476	-0.12882960549961
1.477	-0.1386396054996114
1.478	-0.1484496054996108
1.479	-0.1582596054996117
1.48	-0.1680696054996108
1.481	-0.1778796054996118
1.482	-0.1876896054996107
1.483	-0.1974996054996117
1.484	-0.2073096054996105
1.485	-0.2171196054996117
1.486	-0.2269296054996104
1.487	-0.2367396054996118
1.488	-0.2465496054996109
1.489	-0.2563596054996118
1.49	-0.2661696054996106
1.491	-0.2759796054996114
1.492	-0.2857896054996101
1.493	-0.2955996054996108
1.494	-0.3054096054996095
1.495	-0.315219605499611
1.496	-0.3250296054996097
1.497	-0.3348396054996111
1.498	-0.3446496054996099
1.499	-0.3544596054996113
1.5	-0.3642696054996102
1.501	-0.3740796054996114
1.502	-0.3838896054996105
1.503	-0.3936996054996117
1.504	-0.4035096054996105
1.505	-0.4133196054996112
1.506	-0.4231296054996102
1.507	-0.4329396054996115
1.508	-0.4427496054996108
1.509	-0.4525596054996119
1.51	-0.4623696054996106
1.511	-0.4721796054996116
1.512	-0.4819896054996103
1.513	-0.4917996054996118
1.514	-0.5016096054996105
1.515	-0.5114196054996121
1.516	-0.5212296054996106
1.517	-0.5310396054996115
1.518	-0.5408496054996108
1.519	-0.5506596054996121
1.52	-0.5604696054996108
1.521	-0.5702796054996119
1.522	-0.5800896054996107
1.523	-0.5898996054996117
1.524	-0.5997096054996103
1.525	-0.6095196054996113
1.526	-0.6193296054996096
1.527	-0.6291396054996106
1.528	-0.6389496054996097
1.529	-0.648759605499611
1.53	-0.6585696054996095
1.531	-0.6683796054996101
1.532	-0.6781896054996089
1.533	-0.6879996054996101
1.534	-0.6978096054996095
1.535	-0.7076196054996109
1.536	-0.7174296054996098
1.537	-0.7272396054996088
1.538	-0.7370496054996101
1.539	-0.7468596054996091
1.54	-0.7566696054996098
1.541	-0.7664796054996088
1.542	-0.7762896054996106
1.543	-0.786099605499609
1.544	-0.7959096054996103
1.545	-0.8057196054996092
1.546	-0.81552960549961
1.547	-0.8253396054996091
1.548	-0.8351496054996098
1.549	-0.8449596054996086
1.55	-0.8547696054996101
1.551	-0.8645796054996087
1.552	-0.8743896054996094
1.553	-0.8841996054996081
1.554	-0.8940096054996095
1.555	-0.9038196054996084
1.556	-0.9136296054996098
1.557	-0.9234396054996085
1.558	-0.9332496054996098
1.559	-0.9430596054996085
1.56	-0.9528696054996091
1.561	-0.9626796054996081
1.562	-0.9724896054996089
1.563	-0.982299605499608
1.564	-0.992109605499609
1.565	-1.001919605499608
1.566	-1.011729605499609
1.567	-1.021539605499607
1.568	-1.031349605499607
1.569	-1.041159605499608
1.57	-1.050969605499608
1.571	-1.060779605499607
1.572	-1.070589605499608
1.573	-1.080399605499608
1.574	-1.090209605499609
1.575	-1.100019605499608
1.576	-1.10982960549961
1.577	-1.119639605499608
1.578	-1.12944960549961
1.579	-1.139259605499609
1.58	-1.149069605499609
1.581	-1.15887960549961
1.582	-1.168689605499611
1.583	-1.17849960549961
1.584	-1.188309605499611
1.585	-1.198119605499609
1.586	-1.20792960549961
1.587	-1.217739605499611
1.588	-1.227549605499611
1.589	-1.23735960549961
1.59	-1.24716960549961
1.591	-1.256979605499609
1.592	-1.26678960549961
1.593	-1.276599605499609
1.594	-1.28640960549961
1.595	-1.29621960549961
1.596	-1.306029605499611
1.597	-1.31583960549961
1.598	-1.32564960549961
1.599	-1.335459605499609
1.6	-1.345269605499609
1.601	-1.355079605499609
1.602	-1.36488960549961
1.603	-1.374699605499609
1.604	-1.38450960549961
1.605	-1.394319605499609
1.606	-1.40412960549961
1.607	-1.413939605499608
1.608	-1.423749605499609
1.609	-1.433559605499608
1.61	-1.443369605499609
1.611	-1.453179605499608
1.612	-1.462989605499609
1.613	-1.472799605499607
1.614	-1.482609605499608
1.615	-1.492419605499608
1.616	-1.502229605499609
1.617	-1.512039605499609
1.618	-1.521849605499611
1.619	-1.53165960549961
1.62	-1.541469605499611
1.621	-1.55127960549961
1.622	-1.56108960549961
1.623	-1.57089960549961
1.624	-1.580709605499611
1.625	-1.59051960549961
1.626	-1.600329605499612
1.627	-1.610139605499611
1.628	-1.619949605499612
1.629	-1.629759605499612
1.63	-1.639569605499613
1.631	-1.649379605499612
1.632	-1.659189605499614
1.633	-1.668999605499613
1.634	-1.678809605499613
1.635	-1.688619605499612
1.636	-1.698429605499612
1.637	-1.708239605499611
1.638	-1.718049605499612
1.639	-1.727859605499612
1.64	-1.737669605499612
1.641	-1.74747960549961
1.642	-1.757289605499612
1.643	-1.767099605499611
1.644	-1.776909605499612
1.645	-1.786719605499612
1.646	-1.796529605499612
1.647	-1.806339605499611
1.648	-1.816149605499612
1.649	-1.825959605499611
1.65	-1.835769605499613
1.651	-1.845579605499611
1.652	-1.855389605499612
1.653	-1.865199605499611
1.654	-1.875009605499612
1.655	-1.88481960549961
1.656	-1.894629605499611
1.657	-1.904439605499609
1.658	-1.914249605499611
1.659	-1.92405960549961
1.66	-1.933869605499611
1.661	-1.943679605499609
1.662	-1.953489605499612
1.663	-1.96329960549961
1.664	-1.973109605499612
1.665	-1.98291960549961
1.666	-1.992729605499609
1.667	-2.002539605499611
1.668	-2.012349605499609
1.669	-2.022159605499611
1.67	-2.03196960549961
1.671	-2.041779605499611
1.672	-2.051589605499609
1.673	-2.061399605499609
1.674	-2.071209605499608
1.675	-2.08101960549961
1.676	-2.090829605499609
1.677	-2.100639605499609
1.678	-2.11044960549961
1.679	-2.120259605499611
1.68	-2.130069605499609
1.681	-2.13987960549961
1.682	-2.149689605499608
1.683	-2.15949960549961
1.684	-2.169309605499609
1.685	-2.17911960549961
1.686	-2.18892960549961
1.687	-2.198739605499613
1.688	-2.208549605499611
1.689	-2.218359605499612
1.69	-2.228169605499609
1.691	-2.237979605499611
1.692	-2.24778960549961
1.693	-2.257599605499611
1.694	-2.267409605499609
1.695	-2.277219605499612
1.696	-2.287029605499611
1.697	-2.296839605499612
1.698	-2.306649605499611
1.699	-2.316459605499612
1.7	-2.32626960549961
1.701	-2.336079605499611
1.702	-2.345889605499611
1.703	-2.355699605499614
1.704	-2.365509605499613
1.705	-2.375319605499614
1.706	-2.385129605499612
1.707	-2.394939605499612
1.708	-2.404749605499611
1.709	-2.414559605499612
1.71	-2.424369605499612
1.711	-2.434179605499613
1.712	-2.443989605499612
1.713	-2.453799605499613
1.714	-2.463609605499613
1.715	-2.473419605499612
1.716	-2.483229605499611
1.717	-2.493039605499612
1.718	-2.502849605499611
1.719	-2.512659605499612
1.72	-2.522469605499611
1.721	-2.532279605499613
1.722	-2.542089605499612
1.723	-2.551899605499612
1.724	-2.561709605499613
1.725	-2.571519605499615
1.726	-2.581329605499613
1.727	-2.591139605499615
1.728	-2.600949605499614
1.729	-2.610759605499616
1.73	-2.620569605499617
1.731	-2.630379605499617
1.732	-2.640189605499616
1.733	-2.649999605499618
1.734	-2.659809605499616
1.735	-2.669619605499617
1.736	-2.679429605499617
1.737	-2.689239605499616
1.738	-2.699049605499614
1.739	-2.708859605499616
1.74	-2.718669605499616
1.741	-2.728479605499618
1.742	-2.738289605499617
1.743	-2.74809960549962
1.744	-2.757909605499618
1.745	-2.767719605499619
1.746	-2.777529605499616
1.747	-2.787339605499618
1.748	-2.797149605499618
1.749	-2.806959605499619
1.75	-2.816769605499618
1.751	-2.82657960549962
1.752	2.26569553247415
1.753	2.255885532474149
1.754	2.24607553247415
1.755	2.236265532474149
1.756	2.226455532474149
1.757	2.21664553247415
1.758	2.20683553247415
1.759	2.197025532474149
1.76	2.18721553247415
1.761	2.177405532474149
1.762	2.16759553247415
1.763	2.15778553247415
1.764	2.14797553247415
1.765	2.138165532474149
1.766	2.128355532474149
1.767	2.118545532474148
1.768	2.10873553247415
1.769	2.098925532474148
1.77	2.08911553247415
1.771	2.07930553247415
1.772	2.069495532474152
1.773	2.05968553247415
1.774	2.049875532474149
1.775	2.040065532474146
1.776	2.030255532474147
1.777	2.020445532474148
1.778	2.01063553247415
1.779	2.000825532474149
1.78	1.99101553247415
1.781	1.981205532474148
1.782	1.97139553247415
1.783	1.961585532474149
1.784	1.95177553247415
1.785	1.941965532474148
1.786	1.932155532474149
1.787	1.922345532474148
1.788	1.912535532474149
1.789	1.902725532474148
1.79	1.892915532474149
1.791	1.883105532474148
1.792	1.87329553247415
1.793	1.863485532474151
1.794	1.853675532474151
1.795	1.84386553247415
1.796	1.83405553247415
1.797	1.824245532474151
1.798	1.81443553247415
1.799	1.80462553247415
1.8	1.794815532474149
1.801	1.78500553247415
1.802	1.775195532474149
1.803	1.76538553247415
1.804	1.75557553247415
1.805	1.74576553247415
1.806	1.735955532474149
1.807	1.726145532474149
1.808	1.716335532474148
1.809	1.70652553247415
1.81	1.696715532474148
1.811	1.68690553247415
1.812	1.677095532474149
1.813	1.66728553247415
1.814	1.657475532474148
1.815	1.64766553247415
1.816	1.637855532474149
1.817	1.628045532474151
1.818	1.618235532474151
1.819	1.608425532474153
1.82	1.598615532474151
1.821	1.588805532474153
1.822	1.578995532474152
1.823	1.569185532474153
1.824	1.559375532474151
1.825	1.549565532474153
1.826	1.539755532474152
1.827	1.529945532474154
1.828	1.520135532474153
1.829	1.510325532474153
1.83	1.500515532474152
1.831	1.490705532474154
1.832	1.480895532474153
1.833	1.471085532474155
1.834	1.461275532474154
1.835	1.451465532474154
1.836	1.441655532474154
1.837	1.431845532474155
1.838	1.422035532474153
1.839	1.412225532474154
1.84	1.402415532474153
1.841	1.392605532474155
1.842	1.382795532474154
1.843	1.372985532474156
1.844	1.363175532474153
1.845	1.353365532474154
1.846	1.343555532474153
1.847	1.333745532474154
1.848	1.323935532474154
1.849	1.314125532474155
1.85	1.304315532474154
1.851	1.294505532474155
1.852	1.284695532474154
1.853	1.274885532474154
1.854	1.265075532474153
1.855	1.255265532474156
1.856	1.245455532474155
1.857	1.235645532474157
1.858	1.225835532474156
1.859	1.216025532474158
1.86	1.206215532474156
1.861	1.196405532474158
1.862	1.186595532474157
1.863	1.176785532474159
1.864	1.166975532474156
1.865	1.157165532474159
1.866	1.147355532474158
1.867	1.137545532474159
1.868	1.127735532474158
1.869	1.117925532474159
1.87	1.108115532474158
1.871	1.09830553247416
1.872	1.088495532474158
1.873	1.07868553247416
1.874	1.068875532474159
1.875	1.059065532474161
1.876	1.04925553247416
1.877	1.039445532474162
1.878	1.029635532474163
1.879	1.019825532474164
1.88	1.010015532474162
1.881	1.000205532474163
1.882	0.9903955324741616
1.883	0.9805855324741624
1.884	0.9707755324741614
1.885	0.9609655324741618
1.886	0.9511555324741607
1.887	0.9413455324741619
1.888	0.9315355324741602
1.889	0.9217255324741614
1.89	0.9119155324741606
1.891	0.9021055324741617
1.892	0.8922955324741606
1.893	0.8824855324741615
1.894	0.8726755324741604
1.895	0.8628655324741614
1.896	0.8530555324741612
1.897	0.8432455324741625
1.898	0.8334355324741614
1.899	0.8236255324741624
1.9	0.8138155324741611
1.901	0.8040055324741618
1.902	0.7941955324741612
1.903	0.7843855324741617
1.904	0.7745755324741604
1.905	0.7647655324741611
1.906	0.75495553247416
1.907	0.7451455324741613
1.908	0.7353355324741602
1.909	0.7255255324741609
1.91	0.7157155324741603
1.911	0.7059055324741614
1.912	0.6960955324741599
1.913	0.6862855324741606
1.914	0.6764755324741594
1.915	0.6666655324741599
1.916	0.6568555324741578
1.917	0.6470455324741584
1.918	0.6372355324741573
1.919	0.627425532474158
1.92	0.6176155324741591
1.921	0.6078055324741584
1.922	0.5979955324741593
1.923	0.5881855324741581
1.924	0.5783755324741596
1.925	0.5685655324741591
1.926	0.5587555324741602
1.927	0.5489455324741584
1.928	0.5391355324741596
1.929	0.5293255324741588
1.93	0.5195155324741608
1.931	0.5097055324741597
1.932	0.4998955324741615
1.933	0.4900855324741605
1.934	0.4802755324741614
1.935	0.4704655324741606
1.936	0.4606555324741617
1.937	0.4508455324741606
1.938	0.4410355324741619
1.939	0.4312255324741608
1.94	0.4214155324741622
1.941	0.411605532474161
1.942	0.4017955324741621
1.943	0.3919855324741614
1.944	0.3821755324741626
1.945	0.3723655324741617
1.946	0.3625555324741627
1.947	0.3527455324741616
1.948	0.3429355324741624
1.949	0.3331255324741614
1.95	0.3233155324741626
1.951	0.3135055324741614
1.952	0.3036955324741626
1.953	0.2938855324741612
1.954	0.2840755324741618
1.955	0.2742655324741606
1.956	0.2644555324741618
1.957	0.254645532474161
1.958	0.244835532474162
1.959	0.2350255324741607
1.96	0.2252155324741615
1.961	0.2154055324741602
1.962	0.2055955324741612
1.963	0.1957855324741597
1.964	0.1859755324741607
1.965	0.1761655324741594
1.966	0.1663555324741606
1.967	0.1565455324741595
1.968	0.1467355324741611
1.969	0.1369255324741597
1.97	0.1271155324741606
1.971	0.1173055324741594
1.972	0.1074955324741605
1.973	0.09768553247415956
1.974	0.08787553247416074
1.975	0.0780655324741598
1.976	0.06825553247416084
1.977	0.05844553247415966
1.978	0.0486355324741607
1.979	0.03882553247415978
1.98	0.02901553247416085
1.981	0.01920553247415975
1.982	0.0093955324741609
1.983	-0.0004144675258392355
1.984	-0.01022446752583711
1.985	-0.02003446752583821
1.986	-0.02984446752583706
1.987	-0.03965446752583822
1.988	-0.04946446752583704
1.989	-0.05927446752583808
1.99	-0.06908446752583705
1.991	-0.07889446752583808
1.992	-0.08870446752583712
1.993	-0.09851446752583844
1.994	-0.1083244675258374
1.995	-0.1181344675258387
1.996	-0.1279444675258377
1.997	-0.1377544675258387
1.998	-0.1475644675258377
1.999	-0.1573744675258388
2	-0.1671844675258377
2.001	-0.1769944675258364
2.002	-0.1868044675258396
2.003	-0.1966144675258384
2.004	-0.2064244675258376
2.005	-0.2162344675258364
2.006	-0.2260444675258397
2.007	-0.2358544675258382
2.008	-0.2456644675258372
2.009	-0.2554744675258364
2.01	-0.2652844675258401
2.011	-0.2750944675258387
2.012	-0.2849044675258376
2.013	-0.2947144675258363
2.014	-0.3045244675258394
2.015	-0.3143344675258385
2.016	-0.3241444675258372
2.017	-0.3339544675258361
2.018	-0.3437644675258388
2.019	-0.3535744675258378
2.02	-0.3633844675258373
2.021	-0.373194467525836
2.022	-0.3830044675258392
2.023	-0.3928144675258379
2.024	-0.4026244675258366
2.025	-0.4124344675258353
2.026	-0.4222444675258386
2.027	-0.4320544675258377
2.028	-0.4418644675258366
2.029	-0.4516744675258355
2.03	-0.4614844675258386
2.031	-0.4712944675258379
2.032	-0.4811044675258368
2.033	-0.490914467525836
2.034	-0.5007244675258395
2.035	-0.5105344675258385
2.036	-0.5203444675258372
2.037	-0.5301544675258361
2.038	-0.5399644675258395
2.039	-0.5497744675258386
2.04	-0.5595844675258382
2.041	-0.5693944675258374
2.042	-0.5792044675258402
2.043	-0.5890144675258387
2.044	-0.5988244675258381
2.045	-0.6086344675258368
2.046	-0.6184444675258401
2.047	-0.6282544675258396
2.048	-0.6380644675258382
2.049	-0.6478744675258372
2.05	-0.6576844675258354
2.051	-0.6674944675258384
2.052	-0.6773044675258372
2.053	-0.687114467525837
2.054	-0.6969244675258353
2.055	-0.7067344675258384
2.056	-0.7165444675258371
2.057	-0.7263544675258359
2.058	-0.7361644675258339
2.059	-0.7459744675258378
2.06	-0.7557844675258365
2.061	-0.7655944675258355
2.062	-0.775404467525834
2.063	-0.7852144675258377
2.064	-0.795024467525836
2.065	-0.8048344675258355
2.066	-0.8146444675258346
2.067	-0.8244544675258381
2.068	-0.8342644675258366
2.069	-0.8440744675258354
2.07	-0.8538844675258345
2.071	-0.8636944675258378
2.072	-0.8735044675258371
2.073	-0.883314467525836
2.074	-0.8931244675258356
2.075	-0.9029344675258387
2.076	-0.9127444675258376
2.077	-0.9225544675258365
2.078	-0.9323644675258352
2.079	-0.9421744675258378
2.08	-0.9519844675258371
2.081	-0.9617944675258358
2.082	-0.9716044675258345
2.083	-0.9814144675258375
2.084	-0.9912244675258366
2.085	-1.001034467525835
2.086	-1.010844467525833
2.087	-1.020654467525838
2.088	-1.030464467525837
2.089	-1.040274467525835
2.09	-1.050084467525833
2.091	-1.059894467525836
2.092	-1.069704467525835
2.093	-1.079514467525834
2.094	-1.089324467525832
2.095	-1.099134467525835
2.096	-1.108944467525834
2.097	-1.118754467525832
2.098	-1.128564467525832
2.099	-1.138374467525836
2.1	-1.148184467525834
2.101	-1.157994467525833
2.102	-1.167804467525833
2.103	-1.177614467525836
2.104	-1.187424467525835
2.105	-1.197234467525833
2.106	-1.207044467525832
2.107	-1.216854467525836
2.108	-1.226664467525834
2.109	-1.236474467525834
2.11	-1.246284467525833
2.111	-1.256094467525837
2.112	-1.265904467525836
2.113	-1.275714467525835
2.114	-1.285524467525834
2.115	-1.295334467525837
2.116	-1.305144467525836
2.117	-1.314954467525836
2.118	-1.324764467525835
2.119	-1.334574467525838
2.12	-1.344384467525836
2.121	-1.354194467525835
2.122	-1.364004467525835
2.123	-1.373814467525839
2.124	-1.383624467525838
2.125	-1.393434467525837
2.126	-1.403244467525835
2.127	-1.413054467525838
2.128	-1.422864467525837
2.129	-1.432674467525836
2.13	-1.442484467525835
2.131	-1.452294467525837
2.132	-1.462104467525836
2.133	-1.471914467525835
2.134	-1.481724467525834
2.135	-1.491534467525838
2.136	-1.501344467525837
2.137	-1.511154467525836
2.138	-1.520964467525834
2.139	-1.530774467525837
2.14	-1.540584467525836
2.141	-1.550394467525835
2.142	-1.560204467525834
2.143	-1.570014467525836
2.144	-1.579824467525834
2.145	-1.589634467525833
2.146	-1.599444467525832
2.147	-1.609254467525835
2.148	-1.619064467525835
2.149	-1.628874467525834
2.15	-1.638684467525833
2.151	-1.648494467525836
2.152	-1.658304467525836
2.153	-1.668114467525835
2.154	-1.677924467525835
2.155	-1.687734467525838
2.156	-1.697544467525837
2.157	-1.707354467525835
2.158	-1.717164467525833
2.159	-1.726974467525837
2.16	-1.736784467525835
2.161	-1.746594467525835
2.162	-1.756404467525833
2.163	-1.766214467525836
2.164	-1.776024467525836
2.165	-1.785834467525835
2.166	-1.795644467525834
2.167	-1.805454467525838
2.168	-1.815264467525837
2.169	-1.825074467525837
2.17	-1.834884467525836
2.171	-1.844694467525839
2.172	-1.854504467525838
2.173	-1.864314467525837
2.174	-1.874124467525836
2.175	-1.88393446752584
2.176	-1.893744467525839
2.177	-1.903554467525837
2.178	-1.913364467525836
2.179	-1.923174467525835
2.18	-1.932984467525838
2.181	-1.942794467525838
2.182	-1.952604467525838
2.183	-1.962414467525837
2.184	-1.972224467525839
2.185	-1.982034467525838
2.186	-1.991844467525837
2.187	-2.001654467525836
2.188	-2.01146446752584
2.189	-2.021274467525839
2.19	-2.031084467525839
2.191	-2.040894467525838
2.192	-2.050704467525841
2.193	-2.06051446752584
2.194	-2.07032446752584
2.195	-2.080134467525839
2.196	-2.089944467525843
2.197	-2.099754467525841
2.198	-2.10956446752584
2.199	-2.119374467525839
2.2	-2.129184467525841
2.201	-2.138994467525841
2.202	-2.148804467525839
2.203	-2.158614467525836
2.204	-2.16842446752584
2.205	-2.178234467525838
2.206	-2.188044467525838
2.207	-2.197854467525837
2.208	-2.20766446752584
2.209	-2.217474467525839
2.21	-2.227284467525839
2.211	-2.237094467525838
2.212	-2.24690446752584
2.213	-2.25671446752584
2.214	-2.266524467525839
2.215	1.80512959310735
2.216	1.795319593107347
2.217	1.785509593107349
2.218	1.775699593107349
2.219	1.765889593107351
2.22	1.756079593107348
2.221	1.746269593107349
2.222	1.736459593107349
2.223	1.72664959310735
2.224	1.716839593107347
2.225	1.707029593107348
2.226	1.697219593107349
2.227	1.687409593107351
2.228	1.677599593107348
2.229	1.667789593107349
2.23	1.65797959310735
2.231	1.648169593107352
2.232	1.63835959310735
2.233	1.628549593107351
2.234	1.618739593107352
2.235	1.608929593107353
2.236	1.599119593107351
2.237	1.589309593107352
2.238	1.579499593107353
2.239	1.569689593107354
2.24	1.559879593107351
2.241	1.550069593107351
2.242	1.540259593107352
2.243	1.530449593107353
2.244	1.52063959310735
2.245	1.510829593107351
2.246	1.501019593107352
2.247	1.491209593107353
2.248	1.48139959310735
2.249	1.471589593107351
2.25	1.461779593107352
2.251	1.451969593107353
2.252	1.442159593107349
2.253	1.43234959310735
2.254	1.422539593107351
2.255	1.412729593107352
2.256	1.402919593107349
2.257	1.393109593107349
2.258	1.383299593107352
2.259	1.373489593107353
2.26	1.36367959310735
2.261	1.353869593107351
2.262	1.344059593107352
2.263	1.334249593107353
2.264	1.32443959310735
2.265	1.31462959310735
2.266	1.30481959310735
2.267	1.29500959310735
2.268	1.285199593107346
2.269	1.275389593107347
2.27	1.265579593107347
2.271	1.255769593107348
2.272	1.245959593107345
2.273	1.236149593107345
2.274	1.226339593107346
2.275	1.216529593107347
2.276	1.206719593107344
2.277	1.196909593107344
2.278	1.187099593107345
2.279	1.177289593107346
2.28	1.167479593107343
2.281	1.157669593107344
2.282	1.147859593107345
2.283	1.138049593107346
2.284	1.128239593107342
2.285	1.118429593107343
2.286	1.108619593107343
2.287	1.098809593107344
2.288	1.088999593107342
2.289	1.079189593107343
2.29	1.069379593107344
2.291	1.059569593107344
2.292	1.049759593107341
2.293	1.039949593107341
2.294	1.030139593107343
2.295	1.020329593107345
2.296	1.010519593107342
2.297	1.000709593107342
2.298	0.9908995931073439
2.299	0.9810895931073451
2.3	0.9712795931073417
2.301	0.9614695931073433
2.302	0.9516595931073445
2.303	0.9418495931073458
2.304	0.9320395931073423
2.305	0.9222295931073435
2.306	0.9124195931073443
2.307	0.902609593107346
2.308	0.8927995931073468
2.309	0.8829895931073435
2.31	0.8731795931073445
2.311	0.8633695931073455
2.312	0.8535595931073467
2.313	0.8437495931073434
2.314	0.833939593107344
2.315	0.8241295931073455
2.316	0.8143195931073468
2.317	0.8045095931073436
2.318	0.7946995931073443
2.319	0.7848895931073459
2.32	0.7750795931073472
2.321	0.7652695931073444
2.322	0.7554595931073456
2.323	0.7456495931073469
2.324	0.7358395931073481
2.325	0.7260295931073447
2.326	0.7162195931073457
2.327	0.7064095931073465
2.328	0.6965995931073475
2.329	0.686789593107344
2.33	0.6769795931073445
2.331	0.6671695931073451
2.332	0.6573595931073464
2.333	0.6475495931073436
2.334	0.6377395931073447
2.335	0.627929593107346
2.336	0.6181195931073472
2.337	0.6083095931073433
2.338	0.5984995931073444
2.339	0.5886895931073459
2.34	0.5788795931073465
2.341	0.5690695931073441
2.342	0.5592595931073454
2.343	0.5494495931073465
2.344	0.5396395931073479
2.345	0.5298295931073445
2.346	0.520019593107346
2.347	0.5102095931073477
2.348	0.5003995931073487
2.349	0.4905895931073449
2.35	0.4807795931073459
2.351	0.4709695931073472
2.352	0.4611595931073486
2.353	0.4513495931073453
2.354	0.4415395931073466
2.355	0.4317295931073475
2.356	0.4219195931073492
2.357	0.4121095931073459
2.358	0.402299593107347
2.359	0.392489593107348
2.36	0.3826795931073492
2.361	0.3728695931073458
2.362	0.3630595931073469
2.363	0.3532495931073479
2.364	0.3434395931073491
2.365	0.3336295931073457
2.366	0.3238195931073464
2.367	0.3140095931073479
2.368	0.3041995931073492
2.369	0.2943895931073457
2.37	0.2845795931073473
2.371	0.2747695931073479
2.372	0.2649595931073487
2.373	0.2551495931073457
2.374	0.2453395931073468
2.375	0.2355295931073476
2.376	0.2257195931073485
2.377	0.215909593107345
2.378	0.206099593107346
2.379	0.1962895931073466
2.38	0.186479593107348
2.381	0.1766695931073448
2.382	0.1668595931073462
2.383	0.1570495931073469
2.384	0.147239593107348
2.385	0.1374295931073449
2.386	0.1276195931073459
2.387	0.1178095931073469
2.388	0.1079995931073479
2.389	0.09818959310734469
2.39	0.08837959310734562
2.391	0.07856959310734676
2.392	0.06875959310734782
2.393	0.05894959310734448
2.394	0.04913959310734564
2.395	0.03932959310734681
2.396	0.0295195931073481
2.397	0.01970959310734484
2.398	0.009899593107345934
2.399	8.959310734750589e-05
2.4	-0.009720406892651046
2.401	-0.01953040689265415
2.402	-0.02934040689265304
2.403	-0.03915040689265205
2.404	-0.04896040689265097
2.405	-0.05877040689265419
2.406	-0.06858040689265298
2.407	-0.07839040689265213
2.408	-0.08820040689265063
2.409	-0.09801040689265382
2.41	-0.1078204068926526
2.411	-0.1176304068926515
2.412	-0.1274404068926506
2.413	-0.1372504068926536
2.414	-0.1470604068926528
2.415	-0.1568704068926515
2.416	-0.1666804068926505
2.417	-0.1764904068926537
2.418	-0.1863004068926526
2.419	-0.1961104068926514
2.42	-0.2059204068926505
2.421	-0.2157304068926537
2.422	-0.2255404068926531
2.423	-0.2353504068926519
2.424	-0.2451604068926506
2.425	-0.2549704068926541
2.426	-0.2647804068926529
2.427	-0.2745904068926516
2.428	-0.2844004068926504
2.429	-0.2942104068926537
2.43	-0.3040204068926528
2.431	-0.3138304068926515
2.432	-0.3236404068926507
2.433	-0.3334504068926493
2.434	-0.3432604068926525
2.435	-0.3530704068926512
2.436	-0.3628804068926499
2.437	-0.372690406892649
2.438	-0.3825004068926523
2.439	-0.3923104068926513
2.44	-0.4021204068926503
2.441	-0.411930406892649
2.442	-0.4217404068926527
2.443	-0.4315504068926515
2.444	-0.4413604068926502
2.445	-0.4511704068926496
2.446	-0.4609804068926528
2.447	-0.4707904068926515
2.448	-0.480600406892651
2.449	-0.4904104068926495
2.45	-0.5002204068926526
2.451	-0.5100304068926519
2.452	-0.5198404068926505
2.453	-0.5296504068926501
2.454	-0.539460406892654
2.455	-0.5492704068926523
2.456	-0.5590804068926506
2.457	-0.5688904068926498
2.458	-0.5787004068926535
2.459	-0.5885104068926522
2.46	-0.5983204068926511
2.461	-0.6081304068926497
2.462	-0.6179404068926542
2.463	-0.6277504068926525
2.464	-0.6375604068926516
2.465	-0.6473704068926499
2.466	-0.6571804068926533
2.467	-0.666990406892652
2.468	-0.6768004068926506
2.469	-0.6866104068926498
2.47	-0.6964204068926543
2.471	-0.7062304068926537
2.472	-0.7160404068926527
2.473	-0.7258504068926516
2.474	-0.7356604068926547
2.475	-0.7454704068926529
2.476	-0.7552804068926517
2.477	-0.7650904068926505
2.478	-0.7749004068926547
2.479	-0.7847104068926541
2.48	-0.7945204068926531
2.481	-0.8043304068926522
2.482	-0.8141404068926561
2.483	-0.8239504068926554
2.484	-0.8337604068926545
2.485	-0.8435704068926533
2.486	-0.8533804068926567
2.487	-0.8631904068926558
2.488	-0.8730004068926548
2.489	-0.8828104068926539
2.49	-0.8926204068926572
2.491	-0.9024304068926559
2.492	-0.9122404068926544
2.493	-0.9220504068926531
2.494	-0.9318604068926566
2.495	-0.9416704068926562
2.496	-0.9514804068926551
2.497	-0.9612904068926539
2.498	-0.9711004068926576
2.499	-0.9809104068926567
2.5	-0.9907204068926557
2.501	-1.000530406892654
2.502	-1.010340406892657
2.503	-1.020150406892655
2.504	-1.029960406892655
2.505	-1.039770406892654
2.506	-1.049580406892656
2.507	-1.059390406892654
2.508	-1.069200406892654
2.509	-1.079010406892654
2.51	-1.088820406892657
2.511	-1.098630406892657
2.512	-1.108440406892656
2.513	-1.118250406892655
2.514	-1.128060406892659
2.515	-1.137870406892658
2.516	-1.147680406892657
2.517	-1.157490406892657
2.518	-1.16730040689266
2.519	-1.177110406892659
2.52	-1.186920406892658
2.521	-1.196730406892656
2.522	-1.20654040689266
2.523	-1.216350406892658
2.524	-1.226160406892656
2.525	-1.235970406892655
2.526	-1.245780406892658
2.527	-1.255590406892656
2.528	-1.265400406892655
2.529	-1.275210406892653
2.53	-1.285020406892657
2.531	-1.294830406892656
2.532	-1.304640406892655
2.533	-1.314450406892652
2.534	-1.324260406892656
2.535	-1.334070406892654
2.536	-1.343880406892653
2.537	-1.353690406892652
2.538	-1.363500406892655
2.539	-1.373310406892655
2.54	-1.383120406892654
2.541	-1.392930406892653
2.542	-1.402740406892657
2.543	-1.412550406892655
2.544	-1.422360406892655
2.545	-1.432170406892654
2.546	-1.441980406892657
2.547	-1.451790406892656
2.548	-1.461600406892655
2.549	-1.471410406892654
2.55	-1.481220406892658
2.551	-1.491030406892657
2.552	-1.500840406892657
2.553	-1.510650406892655
2.554	-1.520460406892659
2.555	-1.530270406892658
2.556	-1.540080406892656
2.557	-1.549890406892656
2.558	-1.559700406892659
2.559	-1.569510406892658
2.56	-1.579320406892657
2.561	-1.589130406892657
2.562	-1.598940406892657
2.563	-1.60875040689266
2.564	-1.618560406892659
2.565	-1.628370406892659
2.566	-1.638180406892657
2.567	-1.64799040689266
2.568	-1.657800406892659
2.569	-1.667610406892658
2.57	-1.677420406892658
2.571	-1.687230406892661
2.572	-1.697040406892659
2.573	-1.706850406892659
2.574	-1.716660406892658
2.575	-1.726470406892661
2.576	-1.736280406892659
2.577	-1.746090406892658
2.578	-1.755900406892657
2.579	-1.765710406892659
2.58	-1.775520406892659
2.581	-1.785330406892657
2.582	-1.795140406892656
2.583	-1.804950406892659
2.584	1.450247607010687
2.585	1.440437607010688
2.586	1.430627607010689
2.587	1.420817607010685
2.588	1.411007607010686
2.589	1.401197607010688
2.59	1.391387607010689
2.591	1.381577607010685
2.592	1.371767607010686
2.593	1.361957607010688
2.594	1.352147607010689
2.595	1.342337607010685
2.596	1.332527607010687
2.597	1.322717607010688
2.598	1.31290760701069
2.599	1.303097607010687
2.6	1.293287607010688
2.601	1.283477607010689
2.602	1.27366760701069
2.603	1.263857607010687
2.604	1.254047607010688
2.605	1.244237607010688
2.606	1.234427607010689
2.607	1.224617607010687
2.608	1.214807607010688
2.609	1.204997607010689
2.61	1.19518760701069
2.611	1.185377607010687
2.612	1.175567607010689
2.613	1.16575760701069
2.614	1.155947607010691
2.615	1.146137607010687
2.616	1.136327607010688
2.617	1.12651760701069
2.618	1.11670760701069
2.619	1.106897607010687
2.62	1.097087607010688
2.621	1.087277607010689
2.622	1.07746760701069
2.623	1.067657607010688
2.624	1.057847607010689
2.625	1.048037607010691
2.626	1.038227607010692
2.627	1.028417607010689
2.628	1.01860760701069
2.629	1.00879760701069
2.63	0.9989876070106916
2.631	0.9891776070106882
2.632	0.9793676070106898
2.633	0.9695576070106905
2.634	0.9597476070106915
2.635	0.9499376070106883
2.636	0.9401276070106891
2.637	0.9303176070106909
2.638	0.9205076070106921
2.639	0.910697607010689
2.64	0.90088760701069
2.641	0.8910776070106906
2.642	0.8812676070106918
2.643	0.8714576070106891
2.644	0.8616476070106903
2.645	0.8518376070106909
2.646	0.8420276070106923
2.647	0.8322176070106895
2.648	0.8224076070106904
2.649	0.8125976070106913
2.65	0.8027876070106923
2.651	0.7929776070106892
2.652	0.7831676070106904
2.653	0.7733576070106915
2.654	0.7635476070106921
2.655	0.7537376070106888
2.656	0.7439276070106903
2.657	0.734117607010691
2.658	0.7243076070106921
2.659	0.7144976070106885
2.66	0.7046876070106903
2.661	0.6948776070106917
2.662	0.6850676070106926
2.663	0.6752576070106902
2.664	0.6654476070106913
2.665	0.6556376070106923
2.666	0.6458276070106935
2.667	0.6360176070106908
2.668	0.6262076070106914
2.669	0.6163976070106923
2.67	0.6065876070106936
2.671	0.5967776070106903
2.672	0.5869676070106916
2.673	0.5771576070106927
2.674	0.5673476070106941
2.675	0.5575376070106913
2.676	0.5477276070106918
2.677	0.5379176070106934
2.678	0.5281076070106943
2.679	0.5182976070106917
2.68	0.5084876070106927
2.681	0.4986776070106934
2.682	0.4888676070106948
2.683	0.4790576070106918
2.684	0.469247607010693
2.685	0.4594376070106939
2.686	0.449627607010695
2.687	0.4398176070106913
2.688	0.4300076070106925
2.689	0.4201976070106934
2.69	0.4103876070106951
2.691	0.4005776070106959
2.692	0.3907676070106927
2.693	0.3809576070106938
2.694	0.3711476070106949
2.695	0.361337607010696
2.696	0.3515276070106927
2.697	0.3417176070106937
2.698	0.3319076070106949
2.699	0.3220976070106957
2.7	0.3122876070106929
2.701	0.3024776070106941
2.702	0.2926676070106956
2.703	0.2828576070106964
2.704	0.2730476070106931
2.705	0.2632376070106941
2.706	0.2534276070106956
2.707	0.243617607010697
2.708	0.2338076070106937
2.709	0.223997607010695
2.71	0.2141876070106961
2.711	0.2043776070106971
2.712	0.1945676070106938
2.713	0.1847576070106946
2.714	0.1749476070106956
2.715	0.1651376070106967
2.716	0.1553276070106936
2.717	0.1455176070106944
2.718	0.1357076070106957
2.719	0.1258976070106969
2.72	0.1160876070106936
2.721	0.1062776070106948
2.722	0.09646760701069593
2.723	0.08665760701069702
2.724	0.07684760701069382
2.725	0.06703760701069497
2.726	0.05722760701069591
2.727	0.04741760701069712
2.728	0.03760760701069398
2.729	0.027797607010695
2.73	0.01798760701069613
2.731	0.008177607010698511
2.732	-0.001632392989305422
2.733	-0.01144239298930384
2.734	-0.0212523929893027
2.735	-0.03106239298930165
2.736	-0.04087239298930503
2.737	-0.05068239298930408
2.738	-0.06049239298930306
2.739	-0.0703023929893021
2.74	-0.08011239298930542
2.741	-0.08992239298930441
2.742	-0.09973239298930311
2.743	-0.1095423929893018
2.744	-0.1193523929893051
2.745	-0.1291623929893041
2.746	-0.138972392989303
2.747	-0.1487823929893019
2.748	-0.1585923929893052
2.749	-0.1684023929893041
2.75	-0.1782123929893029
2.751	-0.1880223929893018
2.752	-0.1978323929893053
2.753	-0.2076423929893044
2.754	-0.2174523929893033
2.755	-0.2272623929893023
2.756	-0.2370723929893057
2.757	-0.2468823929893046
2.758	-0.2566923929893032
2.759	-0.2665023929893023
2.76	-0.2763123929893052
2.761	-0.286122392989304
2.762	-0.2959323929893035
2.763	-0.3057423929893022
2.764	-0.3155523929893054
2.765	-0.3253623929893047
2.766	-0.3351723929893032
2.767	-0.3449823929893019
2.768	-0.3547923929893055
2.769	-0.3646023929893046
2.77	-0.3744123929893035
2.771	-0.3842223929893023
2.772	-0.3940323929893056
2.773	-0.4038423929893046
2.774	-0.4136523929893037
2.775	-0.4234623929893024
2.776	-0.433272392989306
2.777	-0.4430823929893053
2.778	-0.4528923929893041
2.779	-0.4627023929893027
2.78	-0.4725123929893065
2.781	-0.4823223929893052
2.782	-0.4921323929893046
2.783	-0.5019423929893035
2.784	-0.5117523929893069
2.785	-0.5215623929893051
2.786	-0.5313723929893043
2.787	-0.5411823929893035
2.788	-0.5509923929893072
2.789	-0.5608023929893062
2.79	-0.570612392989305
2.791	-0.5804223929893043
2.792	-0.5902323929893079
2.793	-0.6000423929893072
2.794	-0.6098523929893055
2.795	-0.6196623929893041
2.796	-0.6294723929893072
2.797	-0.6392823929893063
2.798	-0.6490923929893059
2.799	-0.6589023929893045
2.8	-0.6687123929893071
2.801	-0.6785223929893061
2.802	-0.688332392989305
2.803	-0.6981423929893037
2.804	-0.7079523929893066
2.805	-0.7177623929893046
2.806	-0.727572392989303
2.807	-0.7373823929893019
2.808	-0.7471923929893054
2.809	-0.7570023929893046
2.81	-0.7668123929893034
2.811	-0.7766223929893031
2.812	-0.7864323929893065
2.813	-0.7962423929893059
2.814	-0.8060523929893049
2.815	-0.8158623929893031
2.816	-0.825672392989302
2.817	-0.8354823929893057
2.818	-0.8452923929893053
2.819	-0.8551023929893048
2.82	-0.8649123929893032
2.821	-0.874722392989306
2.822	-0.884532392989305
2.823	-0.8943423929893034
2.824	-0.9041523929893027
2.825	-0.9139623929893064
2.826	-0.9237723929893054
2.827	-0.9335823929893051
2.828	-0.943392392989304
2.829	-0.9532023929893075
2.83	-0.9630123929893064
2.831	-0.9728223929893054
2.832	-0.9826323929893045
2.833	-0.9924423929893076
2.834	-1.002252392989306
2.835	-1.012062392989305
2.836	-1.021872392989303
2.837	-1.031682392989307
2.838	-1.041492392989306
2.839	-1.051302392989304
2.84	-1.061112392989302
2.841	-1.070922392989307
2.842	-1.080732392989305
2.843	-1.090542392989303
2.844	-1.100352392989302
2.845	-1.110162392989305
2.846	-1.119972392989304
2.847	-1.129782392989303
2.848	-1.139592392989301
2.849	-1.149402392989304
2.85	-1.159212392989303
2.851	-1.169022392989302
2.852	-1.178832392989301
2.853	-1.188642392989304
2.854	-1.198452392989302
2.855	-1.208262392989301
2.856	-1.2180723929893
2.857	-1.227882392989303
2.858	-1.237692392989301
2.859	-1.247502392989301
2.86	-1.2573123929893
2.861	-1.267122392989303
2.862	-1.276932392989302
2.863	-1.286742392989301
2.864	-1.2965523929893
2.865	-1.306362392989304
2.866	-1.316172392989303
2.867	-1.325982392989301
2.868	-1.3357923929893
2.869	-1.345602392989304
2.87	-1.355412392989302
2.871	-1.365222392989302
2.872	-1.375032392989301
2.873	-1.384842392989303
2.874	-1.394652392989302
2.875	-1.404462392989301
2.876	-1.4142723929893
2.877	-1.424082392989303
2.878	-1.433892392989301
2.879	-1.4437023929893
2.88	1.158363433547922
2.881	1.148553433547918
2.882	1.13874343354792
2.883	1.128933433547921
2.884	1.119123433547922
2.885	1.109313433547919
2.886	1.099503433547921
2.887	1.089693433547922
2.888	1.079883433547923
2.889	1.070073433547919
2.89	1.06026343354792
2.891	1.050453433547922
2.892	1.040643433547923
2.893	1.03083343354792
2.894	1.021023433547921
2.895	1.011213433547921
2.896	1.001403433547924
2.897	0.99159343354792
2.898	0.9817834335479207
2.899	0.9719734335479218
2.9	0.962163433547923
2.901	0.9523534335479196
2.902	0.9425434335479206
2.903	0.9327334335479209
2.904	0.9229234335479217
2.905	0.9131134335479185
2.906	0.9033034335479196
2.907	0.8934934335479211
2.908	0.8836834335479229
2.909	0.8738734335479194
2.91	0.864063433547921
2.911	0.8542534335479213
2.912	0.8444434335479221
2.913	0.8346334335479185
2.914	0.82482343354792
2.915	0.8150134335479212
2.916	0.8052034335479222
2.917	0.7953934335479194
2.918	0.7855834335479207
2.919	0.7757734335479223
2.92	0.7659634335479234
2.921	0.7561534335479198
2.922	0.7463434335479211
2.923	0.7365334335479224
2.924	0.7267234335479231
2.925	0.7169134335479198
2.926	0.7071034335479206
2.927	0.6972934335479208
2.928	0.6874834335479214
2.929	0.6776734335479181
2.93	0.6678634335479187
2.931	0.65805343354792
2.932	0.6482434335479206
2.933	0.6384334335479173
2.934	0.6286234335479184
2.935	0.6188134335479197
2.936	0.6090034335479212
2.937	0.5991934335479171
2.938	0.5893834335479183
2.939	0.5795734335479196
2.94	0.5697634335479208
2.941	0.5599534335479172
2.942	0.5501434335479187
2.943	0.5403334335479204
2.944	0.530523433547922
2.945	0.5207134335479237
2.946	0.5109034335479198
2.947	0.5010934335479214
2.948	0.4912834335479225
2.949	0.4814734335479235
2.95	0.4716634335479201
2.951	0.4618534335479216
2.952	0.4520434335479224
2.953	0.4422334335479237
2.954	0.4324234335479203
2.955	0.4226134335479214
2.956	0.4128034335479228
2.957	0.4029934335479241
2.958	0.3931834335479211
2.959	0.3833734335479224
2.96	0.3735634335479237
2.961	0.3637534335479248
2.962	0.3539434335479218
2.963	0.3441334335479231
2.964	0.3343234335479245
2.965	0.3245134335479253
2.966	0.3147034335479217
2.967	0.3048934335479229
2.968	0.2950834335479245
2.969	0.2852734335479254
2.97	0.2754634335479222
2.971	0.2656534335479228
2.972	0.2558434335479243
2.973	0.2460334335479254
2.974	0.2362234335479221
2.975	0.2264134335479233
2.976	0.2166034335479247
2.977	0.2067934335479256
2.978	0.1969834335479224
2.979	0.1871734335479235
2.98	0.1773634335479247
2.981	0.1675534335479257
2.982	0.1577434335479226
2.983	0.1479334335479235
2.984	0.1381234335479247
2.985	0.1283134335479256
2.986	0.1185034335479223
2.987	0.1086934335479235
2.988	0.09888343354792448
2.989	0.08907343354792552
2.99	0.07926343354792231
2.991	0.06945343354792323
2.992	0.05964343354792435
2.993	0.04983343354792542
2.994	0.04002343354792231
2.995	0.03021343354792343
2.996	0.02040343354792454
2.997	0.01059343354792558
2.998	0.0007834335479228608
2.999	-0.009026566452076164
3	-0.01883656645207441
