0	1
0.001	0.9999950945002041
0.002	0.9999803787646784
0.003	0.9999558525387853
0.004	0.9999215158225752
0.005	0.9998773686148801
0.006	0.9998234109186017
0.007	0.9997596427293111
0.008	0.9996860640531767
0.009000000000000001	0.9996026748840318
0.01	0.9995094752224215
0.011	0.9994064650739374
0.012	0.9992936444359174
0.013	0.9991710133151495
0.014	0.9990385716792152
0.015	0.9988963195669673
0.016	0.9987442569722473
0.017	0.9985823838888339
0.018	0.9984107002950696
0.019	0.9982292062148693
0.02	0.9980379016883832
0.021	0.9978367866329296
0.022	0.9976258610537426
0.023	0.9974051250436436
0.024	0.9971745784988635
0.025	0.9969342214965152
0.026	0.9966840540086058
0.027	0.9964240759744781
0.028	0.9961542875417774
0.029	0.9958746885601523
0.03	0.9955852790991082
0.031	0.9952860591337911
0.032	0.9949770286378147
0.033	0.9946581877859443
0.034	0.9943295362964739
0.035	0.9939910743649084
0.036	0.9936428019275618
0.037	0.9932847190260923
0.038	0.9929168257319013
0.039	0.9925391218119836
0.04	0.9921516074781024
0.041	0.9917542826066907
0.042	0.9913471472545412
0.043	0.9909302013048351
0.044	0.9905034451410412
0.045	0.9900668782547349
0.046	0.9896205008980604
0.047	0.9891643131104825
0.048	0.9886983147310101
0.049	0.9882225059774669
0.05	0.9877368867084738
0.051	0.9872414569497829
0.052	0.9867362167424996
0.053	0.9862211658822094
0.054	0.9856963049167824
0.055	0.9851616330116767
0.056	0.9846171507784848
0.057	0.9840628581560691
0.058	0.9834987549321305
0.059	0.9829248412274311
0.06	0.9823411170807679
0.061	0.9817475825569887
0.062	0.9811442372199271
0.063	0.980531081575469
0.064	0.9799081152670843
0.065	0.9792753386441894
0.066	0.978632751799744
0.067	0.9779803539230404
0.068	0.9773181458727096
0.06900000000000001	0.9766461272764416
0.07000000000000001	0.9759642981514413
0.07100000000000001	0.9752726585267348
0.07200000000000001	0.9745712089124299
0.073	0.9738599483215626
0.074	0.9731388773327299
0.075	0.9724079953499781
0.076	0.9716673035630428
0.077	0.9709168008874511
0.078	0.9701564879016571
0.079	0.9693863646776912
0.08	0.9686064305386507
0.081	0.967816686247238
0.082	0.9670171310533878
0.083	0.9662077657695285
0.08400000000000001	0.9653885896395626
0.08500000000000001	0.9645596035045828
0.08600000000000001	0.9637208065494087
0.08700000000000001	0.9628721988018401
0.08799999999999999	0.9620137811408292
0.089	0.961145552746744
0.09	0.9602675136245159
0.091	0.9593796639367533
0.092	0.9584820041837538
0.093	0.9575745339396954
0.094	0.9566572530531001
0.095	0.9557301615858994
0.096	0.9547932604406544
0.097	0.9538465477058186
0.098	0.9528900245508791
0.099	0.9519236916948254
0.1	0.950947547463203
0.101	0.9499615936405958
0.102	0.9489658284162859
0.103	0.9479602537264137
0.104	0.9469448675446142
0.105	0.9459196710539325
0.106	0.9448846651730044
0.107	0.9438398478079317
0.108	0.9427852201391844
0.109	0.9417207822177861
0.11	0.9406465326154714
0.111	0.9395624740711718
0.112	0.9384686035058034
0.113	0.9373649236598451
0.114	0.9362514331325762
0.115	0.9351281325064322
0.116	0.9339950202454672
0.117	0.9328520979292073
0.118	0.9316993654297556
0.119	0.9305368229097328
0.12	0.9293644688143426
0.121	0.928182304709401
0.122	0.9269903300846918
0.123	0.9257885448460739
0.124	0.9245769493758617
0.125	0.9233555438428073
0.126	0.9221243267860797
0.127	0.9208832998296429
0.128	0.9196324631235401
0.129	0.9183718147470044
0.13	0.9171013567399119
0.131	0.915821086979007
0.132	0.9145310075865372
0.133	0.9132311168289072
0.134	0.9119214162645053
0.135	0.91060190572908
0.136	0.9092725840052671
0.137	0.9079334524465874
0.138	0.9065845096143913
0.139	0.9052257569851591
0.14	0.9038571931437345
0.141	0.9024788194396276
0.142	0.9010906364920753
0.143	0.899692639977007
0.144	0.8982848359075991
0.145	0.896867220646867
0.146	0.8954397935527018
0.147	0.8940025574694567
0.148	0.8925555095589355
0.149	0.8910986503783493
0.15	0.8896319819191477
0.151	0.8881555029412864
0.152	0.8866692145759834
0.153	0.885173114043704
0.154	0.8836672039771203
0.155	0.8821514850403993
0.156	0.8806259520075804
0.157	0.8790906100861842
0.158	0.8775454589259873
0.159	0.8759904964822213
0.16	0.8744257224497133
0.161	0.8728511395952625
0.162	0.8712667434473054
0.163	0.8696725393568445
0.164	0.868068524514385
0.165	0.8664546984131989
0.166	0.8648310626615748
0.167	0.8631976151780705
0.168	0.8615543586162238
0.169	0.8599012922252736
0.17	0.858238414110626
0.171	0.8565657244719126
0.172	0.8548832262918109
0.173	0.853190916615284
0.174	0.85148879549401
0.175	0.8497768657956071
0.176	0.8480551229465308
0.177	0.8463235721667205
0.178	0.8445822094735618
0.179	0.8428310386398209
0.18	0.8410700547324691
0.181	0.8392992625476001
0.182	0.8375186563207944
0.183	0.83572824365941
0.184	0.8339280172144955
0.185	0.8321179822220351
0.186	0.8302981360098867
0.187	0.8284684817881454
0.188	0.8266290124787032
0.189	0.8247797351638885
0.19	0.8229206467108887
0.191	0.8210517496509047
0.192	0.8191730416499148
0.193	0.8172845220384733
0.194	0.8153861909381789
0.195	0.8134780509114805
0.196	0.8115601021703979
0.197	0.8096323402609137
0.198	0.8076947667980825
0.199	0.8057473861766556
0.2	0.8037901902749395
0.201	0.8018231900803439
0.202	0.799846374509205
0.203	0.7978597488319056
0.204	0.7958633139756623
0.205	0.7938570712121927
0.206	0.7918410147789391
0.207	0.7898151465885754
0.208	0.7877794703241464
0.209	0.7857339829586024
0.21	0.7836786876406185
0.211	0.7816135778158445
0.212	0.7795386604202632
0.213	0.7774539289440163
0.214	0.7753593891266902
0.215	0.7732550392647878
0.216	0.7711408803031229
0.217	0.7690169078954483
0.218	0.766883124887577
0.219	0.7647395325906974
0.22	0.762586130600777
0.221	0.7604229188294717
0.222	0.7582498946334904
0.223	0.7560670592260418
0.224	0.753874415203342
0.225	0.7516719616121806
0.226	0.7494596946636525
0.227	0.7472376191921065
0.228	0.7450057324389169
0.229	0.7427640345130604
0.23	0.7405125295978199
0.231	0.7382512087821713
0.232	0.7359800809310226
0.233	0.7336991419558031
0.234	0.7314083918062376
0.235	0.7291078316209206
0.236	0.7267974616865722
0.237	0.724477282039597
0.238	0.7221472882085302
0.239	0.7198074888262922
0.24	0.7174578751160299
0.241	0.7150984512432632
0.242	0.7127292186892656
0.243	0.7103501760095188
0.244	0.7079613219886756
0.245	0.7055626565279293
0.246	0.7031541797787624
0.247	0.7007358926819059
0.248	0.6983077973942584
0.249	0.6958698917435021
0.25	0.6934221748852857
0.251	0.6909646465637936
0.252	0.6884973069938206
0.253	0.6860201578718931
0.254	0.6835331990894321
0.255	0.6810364282739718
0.256	0.6785298473677496
0.257	0.6760134571830612
0.258	0.6734872584179136
0.259	0.6709512448412415
0.26	0.6684054228062454
0.261	0.6658497894751063
0.262	0.6632843467213521
0.263	0.6607090920367691
0.264	0.6581240293820045
0.265	0.6555291540028881
0.266	0.6529244710624821
0.267	0.6503099742229834
0.268	0.6476856660697239
0.269	0.6450515490485211
0.27	0.6424076219760545
0.271	0.6397538848685789
0.272	0.6370903362979208
0.273	0.6344169775295876
0.274	0.6317338094263265
0.275	0.6290408292450428
0.276	0.6263380394066215
0.277	0.6236254385442581
0.278	0.6209030276338335
0.279	0.6181708055943024
0.28	0.615428772846468
0.281	0.6126769336527428
0.282	0.6099152776806185
0.283	0.6071438164918488
0.284	0.6043625414235566
0.285	0.6015714587460483
0.286	0.5987705613950002
0.287	0.5959598561512693
0.288	0.5931393426374724
0.289	0.59030901360014
0.29	0.5874688746812622
0.291	0.5846189289523676
0.292	0.5817591727546649
0.293	0.5788896008556073
0.294	0.5760102217302064
0.295	0.573121032930628
0.296	0.5702220319978573
0.297	0.5673132222838976
0.298	0.5643946036034475
0.299	0.5614661730914777
0.3	0.5585279281097068
0.301	0.5555798762218305
0.302	0.5526220147386666
0.303	0.549654340404939
0.304	0.5466768576053942
0.305	0.5436895622333329
0.306	0.540692458399372
0.307	0.5376855423168608
0.308	0.5346688156319119
0.309	0.531642280456888
0.31	0.5286059344737895
0.311	0.5255597760694743
0.312	0.522503807656316
0.313	0.519438029393727
0.314	0.5163624402013605
0.315	0.5132770402405087
0.316	0.5101818323494002
0.317	0.5070768113600846
0.318	0.5039619796554358
0.319	0.5008373393726878
0.32	0.4977028871488311
0.321	0.4945586261185586
0.322	0.4914045530209776
0.323	0.4882406683423884
0.324	0.4850669754164115
0.325	0.4818834710201366
0.326	0.4786901570173011
0.327	0.475487033142124
0.328	0.4722740973161766
0.329	0.4690513488342368
0.33	0.4658187933890862
0.331	0.4625764254310741
0.332	0.4593242496649238
0.333	0.4560622626672478
0.334	0.4527904640700072
0.335	0.449508853985826
0.336	0.446217432886347
0.337	0.4429162031973449
0.338	0.4396051624138301
0.339	0.4362843122408593
0.34	0.4329536516569553
0.341	0.4296131779970211
0.342	0.426262897031297
0.343	0.4229028039763237
0.344	0.4195329000512797
0.345	0.4161531855073482
0.346	0.4127636603668328
0.347	0.4093643247418607
0.348	0.4059551812216905
0.349	0.4025362238927387
0.35	0.3991074592886417
0.351	0.3956688811319535
0.352	0.3922204952084897
0.353	0.3887622953987723
0.354	0.3852942871602321
0.355	0.3818164698091202
0.356	0.3783288389701429
0.357	0.3748313985953921
0.358	0.3713241482938468
0.359	0.3678070882553069
0.36	0.364280217994036
0.361	0.3607435347648819
0.362	0.3571970415075275
0.363	0.3536407399558613
0.364	0.3500746262396767
0.365	0.3464987032206546
0.366	0.3429129675870813
0.367	0.3393174235885028
0.368	0.3357120685998811
0.369	0.3320969035376928
0.37	0.3284719273830228
0.371	0.3248371410628387
0.372	0.321192543198932
0.373	0.3175381344892421
0.374	0.3138739154463773
0.375	0.3101998885201786
0.376	0.3065160491446715
0.377	0.3028223984348584
0.378	0.2991189397337033
0.379	0.2954056675846995
0.38	0.2916825866570834
0.381	0.2879496951837046
0.382	0.2842069941952998
0.383	0.2804544807788771
0.384	0.2766921576106554
0.385	0.2729200227435993
0.386	0.2691380795396008
0.387	0.265346324986317
0.388	0.2615447615695013
0.389	0.2577333849607712
0.39	0.2539121986977526
0.391	0.2500812012649991
0.392	0.2462403948643943
0.393	0.2423897773570393
0.394	0.2385293493623609
0.395	0.234659111598652
0.396	0.2307790613042071
0.397	0.2268892013643417
0.398	0.2229895319028104
0.399	0.2190800515390888
0.4	0.2151607611160075
0.401	0.2112316590092161
0.402	0.2072927469730465
0.403	0.2033440248297453
0.404	0.1993854918091623
0.405	0.1954171499147724
0.406	0.1914389940500115
0.407	0.1874510304302074
0.408	0.1834532554240731
0.409	0.1794456707097348
0.41	0.1754282739014871
0.411	0.1714010691723832
0.412	0.1673640511922084
0.413	0.1633172233659541
0.414	0.1592605858828156
0.415	0.155194138517827
0.416	0.1511178796441656
0.417	0.1470318104143477
0.418	0.1429359308277272
0.419	0.1388302397290958
0.42	0.1347147385447295
0.421	0.1305894270873811
0.422	0.1264543059736386
0.423	0.1223093740548321
0.424	0.1181546300156585
0.425	0.1139900784066982
0.426	0.1098157130176326
0.427	0.1056315410765466
0.428	0.1014375545458955
0.429	0.09723375936038778
0.43	0.09302015507074531
0.431	0.08879673788924856
0.432	0.08456351036728359
0.433	0.08032047313542311
0.434	0.07606762563802405
0.435	0.07180496773629851
0.436	0.06753249887305893
0.437	0.06325021966457478
0.438	0.05895813043573928
0.439	0.05465623098706373
0.44	0.05034452129646114
0.441	0.04602299860983839
0.442	0.04169166736566374
0.443	0.03735052628645244
0.444	0.03299957232665692
0.445	0.02863881111819188
0.446	0.02426823569171618
0.447	0.01988785248704329
0.448	0.01549765839374161
0.449	0.01109765219055319
0.45	0.006687837006220406
0.451	0.002268212179562002
0.452	0.001726718978613693
0.453	0.005260322817633997
0.454	0.008784117395473941
0.455	0.01229810226025625
0.456	0.01580227726027199
0.457	0.01929664224796954
0.458	0.02278119752741638
0.459	0.02625594341325318
0.46	0.02972088076820033
0.461	0.03317600850443909
0.462	0.03662132569598384
0.463	0.04005683458833264
0.464	0.04348253328833313
0.465	0.04689842210247679
0.466	0.05030450217843781
0.467	0.0537007730144513
0.468	0.05708723375867007
0.469	0.06046388472625523
0.47	0.06383072614824532
0.471	0.06718775852955976
0.472	0.07053498201507395
0.473	0.07387239468097762
0.474	0.07719999861428938
0.475	0.08051779282146863
0.476	0.08382577828734669
0.477	0.08712395254423959
0.478	0.09041231827356776
0.479	0.09369087467034455
0.48	0.09695962133971302
0.481	0.1002185582595965
0.482	0.1034676862117887
0.483	0.1067070054152543
0.484	0.1099365132897605
0.485	0.1131562125501693
0.486	0.1163661015779433
0.487	0.1195661830965189
0.488	0.1227564526117974
0.489	0.1259369137268947
0.49	0.1291075650657202
0.491	0.132268407110721
0.492	0.1354194401360899
0.493	0.1385606637194473
0.494	0.1416920768309854
0.495	0.1448136806306977
0.496	0.1479254750357537
0.497	0.1510274606127664
0.498	0.1541196354768889
0.499	0.1572020015923383
0.5	0.1602745577419856
0.501	0.1633373050260943
0.502	0.1663902425933126
0.503	0.1694333708763102
0.504	0.1724666896586741
0.505	0.1754901975058666
0.506	0.1785038982400836
0.507	0.1815077872241065
0.508	0.1845018682676947
0.509	0.1874861386168706
0.51	0.190460600735938
0.511	0.1934252516826295
0.512	0.1963800947601367
0.513	0.199325127850524
0.514	0.2022603515810833
0.515	0.2051857648107177
0.516	0.2081013689787529
0.517	0.2110071636778193
0.518	0.2139031500672387
0.519	0.2167893260382165
0.52	0.2196656915720695
0.521	0.2225322474528673
0.522	0.2253889955589332
0.523	0.2282359329391406
0.524	0.231073061750192
0.525	0.233900379891164
0.526	0.2367178889205828
0.527	0.2395255909142471
0.528	0.2423234789976789
0.529	0.2451115602320158
0.53	0.2478898312124183
0.531	0.2506582931938797
0.532	0.2534169457508883
0.533	0.2561657884096064
0.534	0.258904822921833
0.535	0.2616340462229657
0.536	0.2643534589306925
0.537	0.2670630632899014
0.538	0.2697628595276965
0.539	0.2724528439276341
0.54	0.2751330216040186
0.541	0.2778033873552505
0.542	0.2804639455278051
0.543	0.2831146933909446
0.544	0.2857556307837629
0.545	0.288386758770631
0.546	0.2910080794183876
0.547	0.2936195871664466
0.548	0.296221287376103
0.549	0.298813178485708
0.55	0.3013952597058204
0.551	0.3039675309545914
0.552	0.3065299927380818
0.553	0.3090826457621163
0.554	0.3116254879872006
0.555	0.3141585213624481
0.556	0.3166817454903308
0.5570000000000001	0.3191951601011107
0.5580000000000001	0.3216987652598736
0.5590000000000001	0.3241925601017253
0.5600000000000001	0.3266765455848868
0.5610000000000001	0.3291507229243267
0.5620000000000001	0.3316150893074271
0.5630000000000001	0.334069648557917
0.5640000000000001	0.3365143946949439
0.5650000000000001	0.3389493323358118
0.5660000000000001	0.3413744617297891
0.5670000000000001	0.3437897827350657
0.5680000000000001	0.3461952915619766
0.5690000000000001	0.348590991690449
0.5700000000000001	0.350976882945308
0.5710000000000001	0.3533529632491033
0.5720000000000001	0.3557192373699017
0.5730000000000001	0.3580757001848167
0.5740000000000001	0.3604223506570928
0.5750000000000001	0.3627591950120199
0.5760000000000001	0.3650862295518258
0.577	0.3674034515025109
0.578	0.3697108677384658
0.579	0.3720084718263599
0.58	0.3742962672579923
0.581	0.3765742550564167
0.582	0.3788424310950392
0.583	0.3811007974031395
0.584	0.3833493548844584
0.585	0.3855881037365295
0.586	0.3878170424338337
0.587	0.3900361723095533
0.588	0.3922454916626556
0.589	0.3944450020775908
0.59	0.3966347020157256
0.591	0.3988145931363401
0.592	0.4009846754216272
0.593	0.4031449478722769
0.594	0.4052954101919986
0.595	0.4074360626752091
0.596	0.4095669063549232
0.597	0.4116879403057798
0.598	0.413799165160471
0.599	0.4159005791910143
0.6	0.4179921853638203
0.601	0.4200739831399379
0.602	0.4221459676332497
0.603	0.4242081462339292
0.604	0.4262605122672302
0.605	0.4283030710189292
0.606	0.4303358190991942
0.607	0.4323587577565479
0.608	0.4343718893363093
0.609	0.4363752095215443
0.61	0.4383687177733352
0.611	0.4403524195422285
0.612	0.4423263100778448
0.613	0.444290391872584
0.614	0.446244664743647
0.615	0.4481891292409064
0.616	0.4501237814690166
0.617	0.4520486252166037
0.618	0.4539636603481488
0.619	0.4558688837088206
0.62	0.4577642991510475
0.621	0.4596499054403439
0.622	0.4615257012371537
0.623	0.4633916891921461
0.624	0.4652478666196768
0.625	0.4670942349198082
0.626	0.468930791511903
0.627	0.470757540108873
0.628	0.472574481595157
0.629	0.4743816092813885
0.63	0.4761789310341511
0.631	0.4779664401694305
0.632	0.4797441418612054
0.633	0.4815120334652734
0.634	0.4832701170271556
0.635	0.4850183882204429
0.636	0.4867568523710764
0.637	0.488485505421475
0.638	0.4902043497474338
0.639	0.4919133855298108
0.64	0.4936126097783725
0.641	0.4953020256749374
0.642	0.4969816313758662
0.643	0.4986514288495797
0.644	0.5003114143912253
0.645	0.5019615924703668
0.646	0.503601962784078
0.647	0.5052325191014234
0.648	0.5068532693447724
0.649	0.5084642086094868
0.65	0.5100653377347417
0.651	0.5116566589875036
0.652	0.5132381695493801
0.653	0.5148098727619859
0.654	0.5163717641737396
0.655	0.5179238452732476
0.656	0.519466119186385
0.657	0.5209985826994338
0.658	0.5225212378136445
0.659	0.5240340817152709
0.66	0.5255371175476496
0.661	0.5270303420776715
0.662	0.5285137583537822
0.663	0.5299873637751638
0.664	0.5314511607261974
0.665	0.5329051480552998
0.666	0.5343493264640929
0.667	0.5357836941126614
0.668	0.5372082548471954
0.669	0.5386230026736547
0.67	0.540027942289066
0.671	0.5414230731328814
0.672	0.5428083936722565
0.673	0.5441839055563337
0.674	0.5455496070672553
0.675	0.5469055000649081
0.676	0.5482515818708685
0.677	0.5495878568510187
0.678	0.5509143204955002
0.679	0.5522309737160908
0.68	0.5535378179337035
0.681	0.5548348533390324
0.6820000000000001	0.5561220793542121
0.6830000000000001	0.5573994953506214
0.6840000000000001	0.5586671026042284
0.6850000000000001	0.5599248998107961
0.6860000000000001	0.561172887029788
0.6870000000000001	0.5624110654899326
0.6880000000000001	0.5636394340302037
0.6890000000000001	0.5648579939134365
0.6900000000000001	0.5660667438672828
0.6910000000000001	0.5672656829295926
0.6920000000000001	0.5684548137217172
0.6930000000000001	0.5696341350576901
0.6940000000000001	0.5708036465779648
0.6950000000000001	0.571963349480615
0.6960000000000001	0.5731132412587737
0.6970000000000001	0.5742533244117929
0.6980000000000001	0.5753835985340173
0.6990000000000001	0.576504062448414
0.7000000000000001	0.5776147174676259
0.7010000000000001	0.5787155627068207
0.7020000000000001	0.5798065981203318
0.7030000000000001	0.5808878238077301
0.704	0.5819592399684272
0.705	0.5830208469060185
0.706	0.584072644530132
0.707	0.5851146333958062
0.708	0.5861468119482888
0.709	0.5871691808654427
0.71	0.5881817401909435
0.711	0.5891844899749845
0.712	0.5901774300793435
0.713	0.5911605610828932
0.714	0.5921338830723871
0.715	0.5930973949680052
0.716	0.5940510972576252
0.717	0.5949949901182693
0.718	0.5959290732047136
0.719	0.5968533475696997
0.72	0.5977678122369805
0.721	0.5986724666291031
0.722	0.5995673125466453
0.723	0.6004523482399841
0.724	0.6013275746707527
0.725	0.602192991045161
0.726	0.603048598847408
0.727	0.6038943966533673
0.728	0.604730384543966
0.729	0.6055565638411518
0.73	0.6063729332866645
0.731	0.6071794926133599
0.732	0.6079762431222414
0.733	0.6087631836718779
0.734	0.6095403150725586
0.735	0.610307636734067
0.736	0.6110651493130782
0.737	0.611812851592124
0.738	0.6125507448076347
0.739	0.6132788284862174
0.74	0.6139971028531049
0.741	0.6147055677993193
0.742	0.6154042227011888
0.743	0.6160930685559534
0.744	0.6167721045267882
0.745	0.6174413314090649
0.746	0.6181007484577048
0.747	0.6187503561061811
0.748	0.6193901543781799
0.749	0.6200201428810187
0.75	0.6206403220631254
0.751	0.6212506915720521
0.752	0.6218512517866722
0.753	0.6224420023936599
0.754	0.6230229434180178
0.755	0.623594074917824
0.756	0.624155396932895
0.757	0.6247069097341498
0.758	0.6252486128061846
0.759	0.6257805061441737
0.76	0.6263025901443985
0.761	0.6268148647884459
0.762	0.6273173298674247
0.763	0.6278099851371555
0.764	0.6282928311506545
0.765	0.6287658677058294
0.766	0.6292290946219894
0.767	0.6296825121544367
0.768	0.6301261200824628
0.769	0.6305599186028461
0.77	0.6309839073964028
0.771	0.6313980867978291
0.772	0.6318024568032291
0.773	0.6321970171396509
0.774	0.6325817680275655
0.775	0.6329567095126548
0.776	0.6333218413235656
0.777	0.6336771636979219
0.778	0.6340226765395702
0.779	0.6343583799132027
0.78	0.6346842737480534
0.781	0.6350003580069242
0.782	0.6353066328486864
0.783	0.6356030981478743
0.784	0.6358897539646234
0.785	0.6361666002867158
0.786	0.6364336370125719
0.787	0.6366908643087811
0.788	0.6369382820397156
0.789	0.637175890287771
0.79	0.6374036890626391
0.791	0.6376216782969207
0.792	0.6378298579888904
0.793	0.6380282282233235
0.794	0.6382167889415973
0.795	0.6383955401293567
0.796	0.6385644818055013
0.797	0.6387236139716607
0.798	0.6388729366413203
0.799	0.639012449806428
0.8	0.639142153446885
0.801	0.6392620475816764
0.802	0.6393721322173556
0.803	0.6394724073365755
0.804	0.6395628729498822
0.805	0.6396435290471073
0.806	0.639714375637236
0.8070000000000001	0.639775412721326
0.8080000000000001	0.6398266402924997
0.8090000000000001	0.6398680583549933
0.8100000000000001	0.639899666909332
0.8110000000000001	0.6399214659536859
0.8120000000000001	0.6399334554670022
0.8130000000000001	0.6399356351016094
0.8140000000000001	0.639928004719811
0.8150000000000001	0.6399105639825701
0.8160000000000001	0.6398833127547616
0.8170000000000001	0.6398462510363635
0.8180000000000001	0.6397993788297163
0.8190000000000001	0.6397426961284262
0.8200000000000001	0.6396762029393062
0.8210000000000001	0.6395998992630477
0.8220000000000001	0.6395137850894594
0.8230000000000001	0.6394178604366928
0.8240000000000001	0.6393121252800585
0.8250000000000001	0.6391965796340839
0.8260000000000001	0.639071223502275
0.8270000000000001	0.6389360568820419
0.8280000000000001	0.6387910797689142
0.8290000000000001	0.6386362921666756
0.8300000000000001	0.6384716940799287
0.8310000000000001	0.6382972854865919
0.8320000000000001	0.6381130664409617
0.833	0.637919036865176
0.834	0.6377151967863006
0.835	0.6375015462508539
0.836	0.6372780852210842
0.837	0.6370448136773231
0.838	0.6368017317021918
0.839	0.6365488391973961
0.84	0.6362861361623741
0.841	0.6360136226780021
0.842	0.6357312987538489
0.843	0.6354391642079177
0.844	0.6351372193100878
0.845	0.6348254638307981
0.846	0.6345038979056751
0.847	0.6341725214887217
0.848	0.6338313345172892
0.849	0.633480337178992
0.85	0.6331195292687853
0.851	0.6327489108360135
0.852	0.6323684819404747
0.853	0.6319782426428184
0.854	0.6315781926634574
0.855	0.6311683323603671
0.856	0.6307486614827013
0.857	0.6303191802319041
0.858	0.6298798882930469
0.859	0.6294307859557798
0.86	0.6289718732061286
0.861	0.6285031499806654
0.862	0.628024616203936
0.863	0.6275362719040674
0.864	0.6270381171251364
0.865	0.6265301519122414
0.866	0.6260123760350054
0.867	0.625484789787413
0.868	0.6249473932127011
0.869	0.6244001858100046
0.87	0.6238431681219514
0.871	0.6232763399393879
0.872	0.6226997012866339
0.873	0.6221132522136353
0.874	0.6215169923867404
0.875	0.620910922192909
0.876	0.6202950416269187
0.877	0.6196693504200432
0.878	0.619033848929424
0.879	0.6183885368257965
0.88	0.6177334141067615
0.881	0.617068481296058
0.882	0.6163937373884205
0.883	0.6157091834594608
0.884	0.6150148190822152
0.885	0.6143106436352831
0.886	0.6135966582954181
0.887	0.6128728620132465
0.888	0.6121392559372624
0.889	0.6113958388969825
0.89	0.6106426109081906
0.891	0.6098795732510069
0.892	0.6091067247168216
0.893	0.6083240653534264
0.894	0.6075315963969002
0.895	0.6067293159363268
0.896	0.6059172253947068
0.897	0.6050953246200844
0.898	0.6042636131171641
0.899	0.6034220917123169
0.9	0.6025707587010514
0.901	0.6017096157505026
0.902	0.6008386628173928
0.903	0.5999578984653439
0.904	0.599067324177066
0.905	0.5981669392775291
0.906	0.5972567437888101
0.907	0.5963367382048168
0.908	0.5954069216695888
0.909	0.5944672951848401
0.91	0.5935178582723372
0.911	0.5925586097007282
0.912	0.5915895511121269
0.913	0.590610683054416
0.914	0.5896220040907119
0.915	0.5886235134902102
0.916	0.5876152134961784
0.917	0.5865971032111637
0.918	0.5855691812982777
0.919	0.5845314492714744
0.92	0.58348390753751
0.921	0.5824265545911462
0.922	0.5813593913175458
0.923	0.58028241770819
0.924	0.5791956338506465
0.925	0.5780990385970942
0.926	0.5769926342227445
0.927	0.5758764184029913
0.928	0.5747503924653848
0.929	0.5736145550059139
0.93	0.572468908731495
0.931	0.5713134509590873
0.9320000000000001	0.5701481825008496
0.9330000000000001	0.568973103775036
0.9340000000000001	0.5677882144421041
0.9350000000000001	0.5665935149907373
0.9360000000000001	0.5653890056345681
0.9370000000000001	0.5641746847043556
0.9380000000000001	0.5629505537856697
0.9390000000000001	0.5617166116107585
0.9400000000000001	0.5604728594389481
0.9410000000000001	0.5592192972308041
0.9420000000000001	0.5579559238024728
0.9430000000000001	0.5566827403424068
0.9440000000000001	0.5553997470091572
0.9450000000000001	0.5541069423269617
0.9460000000000001	0.5528043267174323
0.9470000000000001	0.5514919020054891
0.9480000000000001	0.5501696664579442
0.9490000000000001	0.5488376189090284
0.9500000000000001	0.5474957625975976
0.9510000000000001	0.5461440945371462
0.9520000000000001	0.5447826166800116
0.9530000000000001	0.5434113292441717
0.9540000000000001	0.5420302304381323
0.9550000000000001	0.540639320120179
0.9560000000000001	0.5392386002999143
0.9570000000000001	0.537828071171325
0.9580000000000001	0.5364077288565889
0.9590000000000001	0.5349775781499603
0.96	0.5335376166260971
0.961	0.5320878435718633
0.962	0.5306282612049373
0.963	0.5291588673969854
0.964	0.5276796635210264
0.965	0.5261906497541291
0.966	0.5246918239754953
0.967	0.5231831887270962
0.968	0.5216647441966352
0.969	0.5201364868460615
0.97	0.5185984211581095
0.971	0.5170505426423879
0.972	0.5154928548805239
0.973	0.5139253577072149
0.974	0.512348047723764
0.975	0.5107609284791641
0.976	0.5091639990724751
0.977	0.5075572589766405
0.978	0.5059407100967871
0.979	0.5043143470182986
0.98	0.502678175422381
0.981	0.5010321943901084
0.982	0.4993764022481347
0.983	0.49771079963006
0.984	0.4960353845710576
0.985	0.4943501611207695
0.986	0.4926551261490197
0.987	0.4909502799849061
0.988	0.4892356248470494
0.989	0.4875111585323209
0.99	0.4857768836765153
0.991	0.4840327945804459
0.992	0.4822788999263065
0.993	0.48051519041686
0.994	0.4787416717156311
0.995	0.4769583442489623
0.996	0.4751652033013711
0.997	0.4733622519689087
0.998	0.4715494917223552
0.999	0.4697269220517517
1	0.4678945403586904
1.001	0.4660523467306087
1.002	0.4642003469074497
1.003	0.4623385312260325
1.004	0.4604669103737741
1.005	0.4585854742663152
1.006	0.4566942329558348
1.007	0.4547931763247713
1.008	0.452882312190239
1.009	0.4509616336948894
1.01	0.4490311469696112
1.011	0.4470908511721439
1.012	0.4451407427043942
1.013	0.4431808252134214
1.014	0.4412110982857609
1.015	0.4392315580927361
1.016	0.4372422085011505
1.017	0.435243050182854
1.018	0.4332340788541029
1.019	0.4312153012411288
1.02	0.4291867062106783
1.021	0.4271483058003115
1.022	0.425100093187431
1.023	0.4230420698502605
1.024	0.4209742367245285
1.025	0.418896594904728
1.026	0.4168091406974312
1.027	0.4147118734982643
1.028	0.4126047984465981
1.029	0.4104879137498703
1.03	0.4083612176521236
1.031	0.4062247111073863
1.032	0.4040783929618562
1.033	0.4019222655327602
1.034	0.3997563273703805
1.035	0.397580581336235
1.036	0.3953950189438695
1.037	0.3931996516562184
1.038	0.3909944695451303
1.039	0.3887794799561055
1.04	0.3865546776280127
1.041	0.3843200660625797
1.042	0.3820756442172193
1.043	0.3798214138581015
1.044	0.3775573697405712
1.045	0.3752835150624098
1.046	0.3729998509170869
1.047	0.3707063781280516
1.048	0.3684030909844634
1.049	0.3660899954853575
1.05	0.3637670899361818
1.051	0.3614343733635134
1.052	0.3590918463278052
1.053	0.3567395106998162
1.054	0.3543773612628924
1.055	0.3520054027217042
1.056	0.3496236334398237
1.057	0.3472320560654473
1.058	0.3448306641101439
1.059	0.3424194646753249
1.06	0.3399984530909708
1.061	0.3375676314965765
1.062	0.3351270013131127
1.063	0.3326765567128848
1.064	0.3302163046487891
1.065	0.3277462411879771
1.066	0.3252663671211912
1.067	0.3227766828999706
1.068	0.3202771891327186
1.069	0.3177678836647201
1.07	0.315248766598639
1.071	0.3127198409963488
1.072	0.310181103429969
1.073	0.3076325575872807
1.074	0.3050741982897207
1.075	0.302506031204221
1.076	0.2999280516289764
1.077	0.2973402618815236
1.078	0.2947426635750269
1.079	0.2921352532435598
1.08	0.2895180320047155
1.081	0.2868910006298259
1.082	0.2842541584428089
1.083	0.281607507608047
1.084	0.2789510444072394
1.085	0.2762847709340571
1.086	0.2736086876468744
1.087	0.2709227934585577
1.088	0.2682270880984667
1.089	0.2655215736871446
1.09	0.262806247671688
1.091	0.2600811115701473
1.092	0.2573461649137359
1.093	0.2546014080924769
1.094	0.2518468407373441
1.095	0.2490824626152595
1.096	0.24630827406021
1.097	0.2435242747776991
1.098	0.2407304658654697
1.099	0.2379268441012453
1.1	0.2351134158968408
1.101	0.2322901737912172
1.102	0.2294571216313193
1.103	0.2266142596188197
1.104	0.2237615876810618
1.105	0.2208991044375752
1.106	0.2180268112174074
1.107	0.2151447074552238
1.108	0.2122527930414807
1.109	0.2093510673864948
1.11	0.2064395319006213
1.111	0.20351818611095
1.112	0.2005870290002167
1.113	0.1976460631740043
1.114	0.1946952854345356
1.115	0.1917346975189616
1.116	0.1887642992688143
1.117	0.1857840908587269
1.118	0.1827940715811082
1.119	0.17979424081024
1.12	0.1767846002121776
1.121	0.1737651498790754
1.122	0.1707358884820795
1.123	0.1676968169115985
1.124	0.1646479340872635
1.125	0.1615892417790761
1.126	0.1585207382280999
1.127	0.1554424244008154
1.128	0.1523542999237849
1.129	0.1492563664000944
1.13	0.1461486197341693
1.131	0.1430310656627473
1.132	0.1399036983287924
1.133	0.1367665214760159
1.134	0.1336195346714684
1.135	0.1304627372965136
1.136	0.1272961290335203
1.137	0.1241197100831662
1.138	0.1209334805528941
1.139	0.1177374409560082
1.14	0.1145315913973733
1.141	0.1113159298193534
1.142	0.1080904592983586
1.143	0.1048551774874376
1.144	0.1016100851100664
1.145	0.09835518220964967
1.146	0.09509046940478622
1.147	0.09181594551717123
1.148	0.08853161152557627
1.149	0.08523746745703083
1.15	0.0819335128482292
1.151	0.07861974644701102
1.152	0.07529617154456292
1.153	0.07196278373017347
1.154	0.06861958731929416
1.155	0.06526657988591671
1.156	0.06190376128289556
1.157	0.05853113269955262
1.158	0.05514869378556842
1.159	0.05175644438033098
1.16	0.0483543848829451
1.161	0.04494251469297469
1.162	0.04152083290669926
1.163	0.03808934199930254
1.164	0.03464803960783088
1.165	0.03119692793119997
1.166	0.02773600408016004
1.167	0.024265270992315
1.168	0.02078472788370409
1.169	0.01729437381914103
1.17	0.01379420879876474
1.171	0.01028423373008716
1.172	0.006764447289644139
1.173	0.003234850212794411
1.174	0.0002435628163085839
1.175	0.003072305938933319
1.176	0.005891240352645538
1.177	0.00870036529617234
1.178	0.01149968068429845
1.179	0.01428918657741331
1.18	0.01706888347903806
1.181	0.01983877014187624
1.182	0.02259884761817195
1.183	0.02534911521944671
1.184	0.02808957375603991
1.185	0.03082022272868867
1.186	0.03354106197290173
1.187	0.03625209164056803
1.188	0.03895331206853051
1.189	0.04164472314434162
1.19	0.04432632426299921
1.191	0.04699811596165464
1.192	0.04966009841612527
1.193	0.05231227096895368
1.194	0.05495463440206264
1.195	0.0575871881529851
1.196	0.0602099327831476
1.197	0.0628228669118413
1.198	0.06542599221521388
1.199	0.06801930874437286
1.2	0.0706028149301744
1.201	0.0731765113836669
1.202	0.0757403979261832
1.203	0.07829447619219707
1.204	0.0808387440434209
1.205	0.08337320303419364
1.206	0.08589785241631637
1.207	0.08841269203344446
1.208	0.09091772222489355
1.209	0.09341294217992853
1.21	0.09589835389001022
1.211	0.09837395519325247
1.212	0.1008397471939906
1.213	0.1032957295961057
1.214	0.1057419026092874
1.215	0.1081782666339626
1.216	0.1106048210592063
1.217	0.1130215652789893
1.218	0.1154285002868182
1.219	0.1178256255132446
1.22	0.1202129420239614
1.221	0.1225904482433677
1.222	0.1249581457952172
1.223	0.1273160329772927
1.224	0.1296641108582393
1.225	0.1320023791155001
1.226	0.1343308378989893
1.227	0.1366494876425633
1.228	0.1389583284065534
1.229	0.1412573582268117
1.23	0.1435465792547008
1.231	0.1458259904117124
1.232	0.1480955927568194
1.233	0.1503553844447409
1.234	0.1526053680381603
1.235	0.1548455411071675
1.236	0.1570759049730804
1.237	0.1592964594533736
1.238	0.1615072046590516
1.239	0.1637081394932268
1.24	0.1658992649436784
1.241	0.1680805818602371
1.242	0.1702520882687762
1.243	0.1724137857448177
1.244	0.1745656734269757
1.245	0.1767077515679656
1.246	0.178840020296531
1.247	0.1809624797034006
1.248	0.183075129655564
1.249	0.1851779700158287
1.25	0.1872710012865278
1.251	0.189354221986681
1.252	0.1914276340465133
1.253	0.1934912361177259
1.254	0.1955450282738953
1.255	0.1975890114609664
1.256	0.199623185769937
1.257	0.2016475498354537
1.258	0.2036621038605329
1.259	0.2056668503913688
1.26	0.2076617851567713
1.261	0.2096469119760205
1.262	0.2116222276807089
1.263	0.2135877357403004
1.264	0.2155434323490283
1.265	0.2174893218441621
1.266	0.2194253993621251
1.267	0.2213516682505254
1.268	0.2232681276731151
1.269	0.2251747775578061
1.27	0.2270716179945421
1.271	0.2289586502979027
1.272	0.2308358712903888
1.273	0.2327032828225843
1.274	0.2345608859662789
1.275	0.2364086784562275
1.276	0.2382466626548029
1.277	0.2400748356537872
1.278	0.2418932003219664
1.279	0.2437017557950696
1.28	0.2455005010987522
1.281	0.2472894363430062
1.282	0.2490685644296369
1.283	0.2508378803600428
1.284	0.2525973878408885
1.285	0.2543470852976982
1.286	0.2560869745138377
1.287	0.2578170524850508
1.288	0.2595373221048196
1.289	0.2612477818501215
1.29	0.262948432252835
1.291	0.2646392732295699
1.292	0.2663203053991367
1.293	0.2679915261536027
1.294	0.2696529388633104
1.295	0.2713045426788978
1.296	0.2729463350226582
1.297	0.2745783193027283
1.298	0.276200494666827
1.299	0.2778128571931364
1.3	0.2794154136099851
1.301	0.2810081590811973
1.302	0.2825910957118263
1.303	0.2841642213119255
1.304	0.2857275399059558
1.305	0.2872810463355379
1.306	0.2888247450282582
1.307	0.2903586336153027
1.308	0.2918827122640586
1.309	0.2933969827338169
1.31	0.2949014419470509
1.311	0.296396093208406
1.312	0.2978809344555456
1.313	0.299355967255273
1.314	0.3008211892086706
1.315	0.3022766003430614
1.316	0.3037222034957536
1.317	0.3051579975362886
1.318	0.3065839813038331
1.319	0.3080001562816644
1.32	0.3094065209631359
1.321	0.3108030768318142
1.322	0.3121898225356526
1.323	0.3135667594030705
1.324	0.3149338860910554
1.325	0.3162912039714618
1.326	0.3176387116931388
1.327	0.3189764106760192
1.328	0.3203042994481489
1.329	0.3216223797041071
1.33	0.3229306483470273
1.331	0.3242291092705324
1.332	0.3255177603902087
1.333	0.3267966013769747
1.334	0.3280656337559925
1.335	0.3293248558596008
1.336	0.3305742697985111
1.337	0.331813873223855
1.338	0.3330436668625397
1.339	0.3342636504241247
1.34	0.3354738253540586
1.341	0.3366741917886681
1.342	0.3378647466914499
1.343	0.3390454926689574
1.344	0.3402164297289298
1.345	0.3413775576182643
1.346	0.3425288753342934
1.347	0.3436703839306748
1.348	0.3448020822743894
1.349	0.3459239721787383
1.35	0.347036051016091
1.351	0.3481383212844548
1.352	0.3492307819541099
1.353	0.3503134336420105
1.354	0.3513862759515815
1.355	0.3524493073541244
1.356	0.3535025301847424
1.357	0.3545459433581633
1.358	0.355579547037444
1.359	0.3566033421595166
1.36	0.3576173264625254
1.361	0.3586215012882137
1.362	0.359615866697573
1.363	0.3606004233918252
1.364	0.3615751696817529
1.365	0.3625401066619786
1.366	0.3634952347732764
1.367	0.3644405526643542
1.368	0.3653760611616559
1.369	0.3663017602395257
1.37	0.3672176498992667
1.371	0.3681237301906417
1.372	0.369020000384481
1.373	0.3699064619070553
1.374	0.3707831133584833
1.375	0.3716499555405133
1.376	0.3725069876694962
1.377	0.3733542113186895
1.378	0.3741916241739667
1.379	0.3750192285055147
1.38	0.3758370229565451
1.381	0.3766450076252952
1.382	0.377443183652009
1.383	0.3782315492110076
1.384	0.3790101056662559
1.385	0.3797788530127161
1.386	0.3805377899922009
1.387	0.3812869179041842
1.388	0.3820262366790029
1.389	0.3827557452935405
1.39	0.3834754448342024
1.391	0.3841853348268988
1.392	0.3848854152774794
1.393	0.3855756861657427
1.394	0.3862561471715239
1.395	0.3869267991156614
1.396	0.3875876416662922
1.397	0.3882386743391096
1.398	0.3888798976556829
1.399	0.3895113116300154
1.4	0.390132915842017
1.401	0.3907447107971114
1.402	0.3913466960519629
1.403	0.391938871675655
1.404	0.3925212381298239
1.405	0.3930937946322562
1.406	0.3936565419774909
1.407	0.3942094795705475
1.408	0.3947526079504852
1.409	0.3952859266495283
1.41	0.3958094359881369
1.411	0.3963231355963873
1.412	0.3968270257581724
1.413	0.3973211063505928
1.414	0.3978053776411205
1.415	0.3982798392477598
1.416	0.3987444914276513
1.417	0.3991993340170735
1.418	0.3996443672292633
1.419	0.4000795909500531
1.42	0.4005050049209057
1.421	0.4009206095831083
1.422	0.4013264046406508
1.423	0.4017223902027973
1.424	0.4021085662878115
1.425	0.4024849329411867
1.426	0.4028514899497423
1.427	0.4032082375009739
1.428	0.4035551755256723
1.429	0.4038923040606255
1.43	0.4042196231519818
1.431	0.4045371326608034
1.432	0.4048448326461697
1.433	0.4051427231738806
1.434	0.4054308041174625
1.435	0.4057090756405898
1.436	0.4059775375619742
1.437	0.4062361900387037
1.438	0.4064850330045894
1.439	0.4067240664098682
1.44	0.4069532903409701
1.441	0.4071727047677828
1.442	0.4073823096823418
1.443	0.4075821050868101
1.444	0.407772090996757
1.445	0.4079522673623378
1.446	0.408122634234618
1.447	0.4082831916025155
1.448	0.4084339394562578
1.449	0.4085748778073686
1.45	0.408706006635123
1.451	0.4088273259627889
1.452	0.4089388357828303
1.453	0.4090405360935712
1.454	0.4091324268969404
1.455	0.4092145081815322
1.456	0.4092867799633083
1.457	0.4093492422322264
1.458	0.4094018949944961
1.459	0.4094447382454103
1.46	0.4094777719883545
1.461	0.4095009962208774
1.462	0.409514410938972
1.463	0.4095180158334726
1.464	0.4095118107248135
1.465	0.409495795318718
1.466	0.4094699694228655
1.467	0.4094343330356843
1.468	0.409388886159275
1.469	0.4093336287892055
1.47	0.4092685609337022
1.471	0.4091936825867579
1.472	0.409108993746275
1.473	0.4090144944189945
1.474	0.4089101845917387
1.475	0.4087960642830705
1.476	0.4086721334829522
1.477	0.4085383921902378
1.478	0.4083948404259219
1.479	0.4082414781539118
1.48	0.4080783053754122
1.481	0.4079053221326492
1.482	0.4077225283846423
1.483	0.4075299241360951
1.484	0.4073275094423566
1.485	0.4071152841999328
1.486	0.4068932484920839
1.487	0.4066614023053333
1.488	0.4064197456216951
1.489	0.4061682784586191
1.49	0.4059070007646973
1.491	0.405635912604221
1.492	0.405355013974224
1.493	0.4050643048890521
1.494	0.4047637852090161
1.495	0.4044534551076119
1.496	0.4041333144541202
1.497	0.4038033633841204
1.498	0.4034636017726501
1.499	0.4031140297814326
1.5	0.4027546472168903
1.501	0.4023854541157098
1.502	0.4020064505458682
1.503	0.40161763657001
1.504	0.401219011906768
1.505	0.4008105769052359
1.506	0.4003923314995388
1.507	0.3999642753612186
1.508	0.3995264088727506
1.509	0.3990787319088594
1.51	0.3986212445318841
1.511	0.3981539465584255
1.512	0.3976768380207213
1.513	0.3971899192045301
1.514	0.3966931896396766
1.515	0.3961866496562767
1.516	0.3956702992377297
1.517	0.3951441384309754
1.518	0.3946081670507901
1.519	0.3940623850951438
1.52	0.3935067929272526
1.521	0.3929413898791033
1.522	0.3923661764115044
1.523	0.3917811527738969
1.524	0.3911863184109195
1.525	0.3905816737114022
1.526	0.3899672182364426
1.527	0.3893429525041552
1.528	0.3887088760811998
1.529	0.3880649894778677
1.53	0.3874112922555082
1.531	0.3867477844070977
1.532	0.3860744659913315
1.533	0.3853913370844221
1.534	0.3846983981122701
1.535	0.3839956481743129
1.536	0.3832830878342877
1.537	0.3825607175322969
1.538	0.3818285363320167
1.539	0.3810865442164914
1.54	0.3803347422690683
1.541	0.3795731294868265
1.542	0.3788017062827556
1.543	0.3780204725438951
1.544	0.3772294284037916
1.545	0.37642857408147
1.546	0.3756179089774503
1.547	0.3747974330637813
1.548	0.3739671470563006
1.549	0.3731270503205089
1.55	0.3722771435453511
1.551	0.3714174260832802
1.552	0.3705478978574588
1.553	0.3696685589806068
1.554	0.3687794101739058
1.555	0.3678804507633603
1.556	0.3669716806944624
1.557	0.3660530999956149
1.558	0.3651247087504083
1.559	0.3641865077269958
1.56	0.3632384952817879
1.561	0.3622806731702609
1.562	0.3613130397062904
1.563	0.3603355965005119
1.564	0.3593483429591042
1.565	0.3583512778239222
1.566	0.357344403294899
1.567	0.3563277174968274
1.568	0.3553012221483686
1.569	0.3542649153685883
1.57	0.3532187982812765
1.571	0.3521628708253651
1.572	0.3510971329810185
1.573	0.3500215848000747
1.574	0.3489362264413415
1.575	0.3478410565624653
1.576	0.3467360765250672
1.577	0.3456212861936284
1.578	0.3444966856009668
1.579	0.3433622747352757
1.58	0.3422180527875748
1.581	0.3410640205206966
1.582	0.339900178268057
1.583	0.3387265242861906
1.584	0.3375430604073718
1.585	0.3363497864795379
1.586	0.3351467011297942
1.587	0.3339338057834724
1.588	0.3327111003049008
1.589	0.331478585128981
1.59	0.3302362570008076
1.591	0.3289841197813321
1.592	0.327722173558297
1.593	0.3264504140837671
1.594	0.3251688462581926
1.595	0.3238774670514284
1.596	0.3225762765115517
1.597	0.3212652775165664
1.598	0.319944465853779
1.599	0.3186138450948647
1.6	0.3172734130214669
1.601	0.3159231707947327
1.602	0.3145631185422962
1.603	0.3131932558762952
1.604	0.3118135813645388
1.605	0.310424097755077
1.606	0.3090248033788701
1.607	0.3076156994170988
1.608	0.3061967824435228
1.609	0.3047680577575936
1.61	0.3033295218497223
1.611	0.3018811740968427
1.612	0.3004230152380467
1.613	0.298955047231428
1.614	0.2974772690724282
1.615	0.2959896800217401
1.616	0.294492281616594
1.617	0.2929850720383612
1.618	0.2914680507262417
1.619	0.2899412191986341
1.62	0.28840457831109
1.621	0.2868581256281485
1.622	0.2853018632754873
1.623	0.2837357917338972
1.624	0.2821599071771539
1.625	0.2805742144648897
1.626	0.2789787092264572
1.627	0.2773733944891275
1.628	0.2757582687365455
1.629	0.2741333338061288
1.63	0.2724985875325073
1.631	0.2708540297501362
1.632	0.2691996629633518
1.633	0.2675354852222376
1.634	0.2658614961814003
1.635	0.2641776979798461
1.636	0.2624840878331977
1.637	0.2607806681916037
1.638	0.2590674379769503
1.639	0.2573443973506132
1.64	0.2556115462498901
1.641	0.2538688842367674
1.642	0.2521164119902509
1.643	0.2503541291857903
1.644	0.2485820361408961
1.645	0.2468001325622368
1.646	0.2450084180125259
1.647	0.2432068942322375
1.648	0.2413955592839788
1.649	0.2395744129681202
1.65	0.2377434564701471
1.651	0.2359026904485748
1.652	0.2340521133715079
1.653	0.2321917251701312
1.654	0.2303215268962489
1.655	0.2284415181939591
1.656	0.2265516991941148
1.657	0.2246520702676769
1.658	0.2227426307444775
1.659	0.2208233790864078
1.66	0.2188943176888298
1.661	0.2169554469690323
1.662	0.2150067643536351
1.663	0.213048272765969
1.664	0.2110799694636882
1.665	0.2091018556383905
1.666	0.2071139313379165
1.667	0.2051161966768275
1.668	0.2031086523996973
1.669	0.2010912966596491
1.67	0.1990641311901082
1.671	0.1970271542601426
1.672	0.1949803682488637
1.673	0.1929237704449361
1.674	0.1908573621091751
1.675	0.1887811442726288
1.676	0.1866951146156075
1.677	0.1845992759499003
1.678	0.1824936259227781
1.679	0.1803781647635553
1.68	0.1782528945220161
1.681	0.1761178126707405
1.682	0.1739729213571591
1.683	0.1718182190479956
1.684	0.1696537054096886
1.685	0.1674793820631234
1.686	0.1652952485518221
1.687	0.1631013040238667
1.688	0.1608975492144563
1.689	0.158683984588555
1.69	0.1564606092443105
1.691	0.1542274227249171
1.692	0.1519844259086771
1.693	0.1497316179931227
1.694	0.1474690004930737
1.695	0.1451965726528304
1.696	0.1429143336475974
1.697	0.1406222846497718
1.698	0.1383204253241786
1.699	0.1360087544552696
1.7	0.1336872742518516
1.701	0.1313559831185824
1.702	0.1290148814214189
1.703	0.1266639686906469
1.704	0.1243032460872394
1.705	0.1219327132587398
1.706	0.1195523696131632
1.707	0.1171622155142148
1.708	0.1147622510435922
1.709	0.1123524752785761
1.71	0.1099328908646122
1.711	0.107503493695356
1.712	0.1050642874965589
1.713	0.1026152704322226
1.714	0.1001564425852642
1.715	0.09768780479445457
1.716	0.09520935679979496
1.717	0.09272109707865715
1.718	0.09022302769826726
1.719	0.08771514786045928
1.72	0.0851974573711558
1.721	0.08266995624904779
1.722	0.0801326447994138
1.723	0.07758552293815153
1.724	0.0750285906605422
1.725	0.07246184739281411
1.726	0.0698852939186496
1.727	0.06729893006823694
1.728	0.06470275562973989
1.729	0.06209677097094055
1.73	0.05948097529864529
1.731	0.05685536940026709
1.732	0.05421995364061967
1.733	0.05157472692627916
1.734	0.04891968946568144
1.735	0.04625484120266752
1.736	0.04358018238665317
1.737	0.04089571448969903
1.738	0.03820143428985473
1.739	0.03549734476335682
1.74	0.03278344486813273
1.741	0.03005973413663092
1.742	0.02732621255222488
1.743	0.02458288038531189
1.744	0.02182973830615585
1.745	0.01906678556940218
1.746	0.01629402267160067
1.747	0.01351144839457682
1.748	0.01071906413548239
1.749	0.007916869452642266
1.75	0.0051048642713883
1.751	0.002283048926066049
1.752	0.0004384920309327384
1.753	0.002699169613735788
1.754	0.0049500375014335
1.755	0.007191096313550312
1.756	0.00942234537873411
1.757	0.01164378451794373
1.758	0.01385541429052099
1.759	0.01605723507672309
1.76	0.01824924595947295
1.761	0.02043144731408172
1.762	0.02260383948898198
1.763	0.02476642155478935
1.764	0.02691919461908953
1.765	0.02906215772207289
1.766	0.03119531163135206
1.767	0.03331865614034484
1.768	0.03543219091880056
1.769	0.03753591638000762
1.77	0.03962983199007245
1.771	0.0417139384505241
1.772	0.04378823534003841
1.773	0.04585272246515198
1.774	0.04790740015794799
1.775	0.04995226846634587
1.776	0.05198732725967251
1.777	0.05401257687063665
1.778	0.05602801618631271
1.779	0.05803364664614331
1.78	0.06002946743822353
1.781	0.06201547896679059
1.782	0.06399168018036214
1.783	0.06595807257451231
1.784	0.06791465510289546
1.785	0.06986142888613026
1.786	0.07179839202245086
1.787	0.07372554609919371
1.788	0.07564289110505651
1.789	0.07755042666858226
1.79	0.07944815193021947
1.791	0.08133606798156791
1.792	0.0832141748853983
1.793	0.08508247183549728
1.794	0.08694095971817638
1.795	0.08878963729117094
1.796	0.09062850589065738
1.797	0.09245756485324004
1.798	0.09427681437716061
1.799	0.09608625443535855
1.8	0.09788588537107692
1.801	0.09967570655654759
1.802	0.1014557177801421
1.803	0.1032259204437962
1.804	0.1049863123142128
1.805	0.1067368955751188
1.806	0.108477668622042
1.807	0.1102086330634586
1.808	0.1119297875095691
1.809	0.1136411320828713
1.81	0.1153426678462514
1.811	0.117034393751881
1.812	0.1187163098843988
1.813	0.1203884169899936
1.814	0.1220507144912427
1.815	0.1237032027375773
1.816	0.1253458809012411
1.817	0.1269787494041442
1.818	0.1286018086706514
1.819	0.1302150593858215
1.82	0.1318184989306056
1.821	0.1334121302367688
1.822	0.1349959514799078
1.823	0.136569963116964
1.824	0.1381341655369651
1.825	0.1396885581226521
1.826	0.1412331413523733
1.827	0.1427679151622846
1.828	0.1442928797534871
1.829	0.1458080351779421
1.83	0.1473133799437754
1.831	0.1488089159130697
1.832	0.1502946424776688
1.833	0.1517705588319086
1.834	0.1532366663364457
1.835	0.1546929635849832
1.836	0.1561394515293077
1.837	0.1575761300477815
1.838	0.1590029994255102
1.839	0.1604200594005413
1.84	0.1618273093109679
1.841	0.1632247500568001
1.842	0.164612382352139
1.843	0.1659902026877066
1.844	0.167358214962228
1.845	0.168716417434614
1.846	0.1700648116408312
1.847	0.1714033940780609
1.848	0.1727321685282787
1.849	0.1740511329459016
1.85	0.1753602879260564
1.851	0.1766596335309402
1.852	0.1779491692510494
1.853	0.1792288963220875
1.854	0.180498813203041
1.855	0.1817589209819034
1.856	0.1830092189312024
1.857	0.1842497084566757
1.858	0.1854803868357488
1.859	0.1867012554866561
1.86	0.1879123169363258
1.861	0.1891135667129708
1.862	0.1903050072317536
1.863	0.1914866385215441
1.864	0.1926584605029547
1.865	0.1938204727751503
1.866	0.1949726758128713
1.867	0.1961150690937314
1.868	0.197247653715899
1.869	0.1983704273555168
1.87	0.1994833923438772
1.871	0.2005865476414617
1.872	0.201679894365316
1.873	0.2027634300699089
1.874	0.203837157078519
1.875	0.2049010745390233
1.876	0.205955182861763
1.877	0.2069994804124571
1.878	0.2080339689309257
1.879	0.2090586485257203
1.88	0.2100735180134767
1.881	0.2110785788516004
1.882	0.2120738291604355
1.883	0.2130592709713602
1.884	0.2140349022191879
1.885	0.2150007250585003
1.886	0.2159567373190819
1.887	0.2169029402688231
1.888	0.2178393346942071
1.889	0.2187659182681415
1.89	0.2196826926948434
1.891	0.2205896581956927
1.892	0.2214868137658125
1.893	0.2223741603880359
1.894	0.223251696659105
1.895	0.2241194239854415
1.896	0.2249773411944969
1.897	0.2258254497174911
1.898	0.2266637483317961
1.899	0.2274922370603112
1.9	0.2283109171975862
1.901	0.2291197867735339
1.902	0.2299188478561538
1.903	0.2307080984302577
1.904	0.2314875399263469
1.905	0.2322571721836617
1.906	0.2330169947755383
1.907	0.233767007675644
1.908	0.2345072110684777
1.909	0.2352376051176837
1.91	0.2359581896672958
1.911	0.2366689646571264
1.912	0.2373699301096416
1.913	0.2380610860512185
1.914	0.2387424325008154
1.915	0.239413969474515
1.916	0.2400756970051608
1.917	0.24072761517625
1.918	0.2413697234588637
1.919	0.2420020224353918
1.92	0.2426245116442321
1.921	0.2432371915742612
1.922	0.2438400618607764
1.923	0.2444331228687904
1.924	0.2450163743063927
1.925	0.2455898161817719
1.926	0.2461534485367573
1.927	0.2467072710996617
1.928	0.2472512844933966
1.929	0.2477854885187966
1.93	0.2483098825509721
1.931	0.2488244674992389
1.932	0.2493292428969334
1.933	0.2498242084510385
1.934	0.2503093647567199
1.935	0.2507847116028734
1.936	0.2512502487823798
1.937	0.2517059765777662
1.938	0.2521518948027915
1.939	0.2525880035078785
1.94	0.2530143027415733
1.941	0.2534307923630555
1.942	0.2538374725872218
1.943	0.2542343432993462
1.944	0.2546214044029038
1.945	0.2549986560728804
1.946	0.2553660982288124
1.947	0.2557237309036442
1.948	0.2560715540447435
1.949	0.2564095676345144
1.95	0.2567377718027359
1.951	0.25705616642215
1.952	0.2573647515110185
1.953	0.2576635271351927
1.954	0.2579524931442305
1.955	0.2582316497731262
1.956	0.2585009968542196
1.957	0.2587605344025852
1.958	0.2590102624296916
1.959	0.2592501809552902
1.96	0.2594802899500102
1.961	0.2597005894770012
1.962	0.2599110794865232
1.963	0.2601117599787762
1.964	0.2603026309665687
1.965	0.2604836924413386
1.966	0.2606549444086997
1.967	0.260816386888244
1.968	0.2609680198162522
1.969	0.2611098432744019
1.97	0.2612418571910547
1.971	0.2613640616134481
1.972	0.2614764565285073
1.973	0.2615790419288812
1.974	0.2616718178238077
1.975	0.2617547842035683
1.976	0.2618279410763941
1.977	0.2618912884431085
1.978	0.2619448262955657
1.979	0.2619885546423518
1.98	0.2620224734774718
1.981	0.2620465828043202
1.982	0.2620608826207595
1.983	0.2620653726532338
1.984	0.2620600526855371
1.985	0.2620449224616192
1.986	0.2620199817478679
1.987	0.2619852305422612
1.988	0.2619406688482357
1.989	0.2618862966609741
1.99	0.2618221139869342
1.991	0.2617481208200245
1.992	0.2616643171637207
1.993	0.2615707030165415
1.994	0.2614672783836228
1.995	0.261354043256035
1.996	0.2612309976340293
1.997	0.261098141521844
1.998	0.2609554749216155
1.999	0.260802997851003
2	0.2606407102625879
2.001	0.2604686122031513
2.002	0.2602867036220118
2.003	0.2600949845656189
2.004	0.2598934550208428
2.005	0.2596821150003499
2.006	0.2594609644650185
2.007	0.259230003445909
2.008	0.2589892319685434
2.009	0.2587386499506791
2.01	0.2584782575292984
2.011	0.2582080544874707
2.012	0.2579280410496048
2.013	0.257638217062014
2.014	0.2573385826503634
2.015	0.2570291377233051
2.016	0.2567098823440035
2.017	0.2563808163321407
2.018	0.2560419399808919
2.019	0.2556932530175779
2.02	0.2553347557100697
2.021	0.2549664477532527
2.022	0.254588329445659
2.023	0.2542004005739714
2.024	0.253802661178414
2.025	0.2533951114770275
2.026	0.2529777509841165
2.027	0.2525505802758256
2.028	0.2521135988734177
2.029	0.2516668072006204
2.03	0.2512102048781601
2.031	0.2507437919660807
2.032	0.2502675686935725
2.033	0.2497815351490117
2.034	0.2492856908546607
2.035	0.2487800359213617
2.036	0.2482645707053022
2.037	0.2477392952264726
2.038	0.2472042087933414
2.039	0.2466593121019051
2.04	0.2461046048703859
2.041	0.2455400871361751
2.042	0.2449657592392879
2.043	0.2443816205584062
2.044	0.2437876711180983
2.045	0.2431839116197962
2.046	0.2425703414439928
2.047	0.2419469609951838
2.048	0.2413137698527069
2.049	0.2406707680530615
2.05	0.2400179560837546
2.051	0.2393553335319017
2.052	0.2386829004018998
2.053	0.2380006567354171
2.054	0.2373086025771737
2.055	0.2366067379550218
2.056	0.2358950633297812
2.057	0.2351735777924293
2.058	0.2344422813422603
2.059	0.2337011749775662
2.06	0.232950257826168
2.061	0.2321895303168953
2.062	0.2314189924650508
2.063	0.2306386438649067
2.064	0.2298484849651233
2.065	0.2290485159594141
2.066	0.2282387354685314
2.067	0.2274191454676616
2.068	0.2265897440924645
2.069	0.225750533329021
2.07	0.2249015107054139
2.071	0.224042678830973
2.072	0.2231740355920926
2.073	0.2222955822616515
2.074	0.2214073187979534
2.075	0.2205092438443937
2.076	0.2196013590219401
2.077	0.2186836636287932
2.078	0.217756158443994
2.079	0.2168188413593508
2.08	0.2158717146650792
2.081	0.2149147776471368
2.082	0.2139480295637223
2.083	0.2129714711683235
2.084	0.2119851024555862
2.085	0.2109889235731174
2.086	0.2099829334304432
2.087	0.2089671337021198
2.088	0.2079415223990428
2.089	0.2069061012029135
2.09	0.2058608704352201
2.091	0.2048058282264784
2.092	0.2037409745565238
2.093	0.2026663112150365
2.094	0.2015818385286064
2.095	0.200487553444269
2.096	0.1993834590742898
2.097	0.1982695540075278
2.098	0.1971458380456383
2.099	0.196012312082936
2.1	0.1948689752879388
2.101	0.193715828237368
2.102	0.192552871051419
2.103	0.1913801025505928
2.104	0.1901975239276754
2.105	0.1890051351672385
2.106	0.1878029351833886
2.107	0.1865909254509986
2.108	0.185369104522985
2.109	0.1841374747514136
2.11	0.1828960322876329
2.111	0.1816447797997451
2.112	0.180383717598046
2.113	0.179112844850521
2.114	0.1778321609641815
2.115	0.1765416669512642
2.116	0.1752413630474764
2.117	0.1739312479100253
2.118	0.1726113219364918
2.119	0.1712815866096058
2.12	0.1699420407485601
2.121	0.1685926832644534
2.122	0.1672335160534967
2.123	0.165864537713116
2.124	0.164485749136926
2.125	0.1630971501298976
2.126	0.1616987407835271
2.127	0.1602905213575499
2.128	0.1588724905913536
2.129	0.1574446503891948
2.13	0.1560069983459029
2.131	0.1545595370308738
2.132	0.1531022643253994
2.133	0.1516351813524013
2.134	0.1501582885469175
2.135	0.1486715840118912
2.136	0.1471750699952179
2.137	0.1456687451752433
2.138	0.1441526103710487
2.139	0.1426266641914691
2.14	0.141090907923614
2.141	0.1395453414571154
2.142	0.1379899642804781
2.143	0.1364247766228927
2.144	0.1348497786304128
2.145	0.1332649689942202
2.146	0.1316703502002504
2.147	0.1300659206311764
2.148	0.1284516807092611
2.149	0.1268276293898096
2.15	0.1251937690411336
2.151	0.1235500968904794
2.152	0.1218966150114294
2.153	0.1202333217229015
2.154	0.1185602189609415
2.155	0.1168773050927058
2.156	0.1151845817524231
2.157	0.1134820469496265
2.158	0.1117697019286844
2.159	0.1100475459754743
2.16	0.1083155801304719
2.161	0.1065738036518838
2.162	0.1048222166413001
2.163	0.1030608186499169
2.164	0.1012896109035376
2.165	0.09950859269336595
2.166	0.09771776351926299
2.167	0.09591712361038272
2.168	0.09410667397519984
2.169	0.09228641308782863
2.17	0.09045634244565119
2.171	0.0886164605498715
2.172	0.08676676908585226
2.173	0.08490726648822536
2.174	0.08303795352765669
2.175	0.08115883008973206
2.176	0.0792698964533632
2.177	0.0773711519369009
2.178	0.07546259734702239
2.179	0.07354423142110669
2.18	0.07161605617213966
2.181	0.06967806916729612
2.182	0.06773027281895765
2.183	0.06577266487136847
2.184	0.06380524760673481
2.185	0.0618280188391297
2.186	0.05984098011117396
2.187	0.05784413081369896
2.188	0.05583747119162603
2.189	0.05382100066092697
2.19	0.05179471979957546
2.191	0.04975862840186666
2.192	0.04771272695668795
2.193	0.04565701482879725
2.194	0.04359149168814557
2.195	0.04151615879717083
2.196	0.03943101509398927
2.197	0.03733606063352959
2.198	0.03523129589192649
2.199	0.03311672076830794
2.2	0.03099233537209642
2.201	0.02885813916361767
2.202	0.02671413220089539
2.203	0.02456031511665471
2.204	0.02239668731406286
2.205	0.02022324925277214
2.206	0.01804000059561965
2.207	0.01584694147127249
2.208	0.0136440722488515
2.209	0.01143139186165398
2.21	0.009208901138045025
2.211	0.006976600110180134
2.212	0.004734488885958578
2.213	0.002482566514652405
2.214	0.0002208343721065896
2.215	0.001633214031478261
2.216	0.003433348313607114
2.217	0.005223673541118551
2.218	0.007004189065134116
2.219	0.00877489506830373
2.22	0.01053579159146581
2.221	0.01228687859793041
2.222	0.01402815621467825
2.223	0.0157596241820176
2.224	0.01748128268790023
2.225	0.01919313170651908
2.226	0.02089517121405586
2.227	0.02258740118249587
2.228	0.02426982162562006
2.229	0.02594243264110696
2.23	0.02760523416512353
2.231	0.02925822589434351
2.232	0.03090140851816219
2.233	0.03253478143152331
2.234	0.03415834478081117
2.235	0.03577209858735911
2.236	0.03737604311968364
2.237	0.03897017812968156
2.238	0.04055450341405168
2.239	0.04212901938215088
2.24	0.0436937258501654
2.241	0.04524862253034008
2.242	0.04679370964977706
2.243	0.04832898773005362
2.244	0.04985445600091493
2.245	0.05137011461395687
2.246	0.05287596392646007
2.247	0.05437200377388635
2.248	0.05585823444087161
2.249	0.05733465495255532
2.25	0.05880126606204776
2.251	0.06025806789119571
2.252	0.06170506008677352
2.253	0.0631422429921025
2.254	0.06456961597405558
2.255	0.06598717980973545
2.256	0.06739493400972532
2.257	0.06879287885933727
2.258	0.07018101403832866
2.259	0.0715593393851751
2.26	0.07292785597582739
2.261	0.07428656224308308
2.262	0.07563545950431662
2.263	0.07697454737446029
2.264	0.07830382549924524
2.265	0.07962329438678291
2.266	0.08093295285447244
2.267	0.08223280264731965
2.268	0.08352284264617804
2.269	0.08480307318022799
2.27	0.08607349479792695
2.271	0.0873341058839754
2.272	0.0885849079251463
2.273	0.08982590049703519
2.274	0.09105708394476272
2.275	0.09227845702857067
2.276	0.09349002118934796
2.277	0.09469177548924225
2.278	0.09588372056719313
2.279	0.09706585657404775
2.28	0.09823818256298043
2.281	0.09940069869603493
2.282	0.1005534053909475
2.283	0.1016963035787839
2.284	0.1028293911431075
2.285	0.1039526692973078
2.286	0.1050661389662124
2.287	0.1061697976928486
2.288	0.107263647722984
2.289	0.1083476880490121
2.29	0.1094219187546092
2.291	0.1104863398802174
2.292	0.1115409517409044
2.293	0.1125857543878934
2.294	0.1136207470665214
2.295	0.1146459308995821
2.296	0.1156613044151908
2.297	0.1166668686575521
2.298	0.117662623565626
2.299	0.1186485693885351
2.3	0.1196247046099704
2.301	0.1205910306773607
2.302	0.1215475474984863
2.303	0.1224942546797906
2.304	0.1234311529628691
2.305	0.1243582409957013
2.306	0.1252755196423581
2.307	0.1261829889468203
2.308	0.1270806485975546
2.309	0.1279684984042908
2.31	0.1288465391862265
2.311	0.1297147703545789
2.312	0.1305731921508696
2.313	0.1314218043941891
2.314	0.1322606073458969
2.315	0.1330896000188688
2.316	0.1339087841533016
2.317	0.1347181577413978
2.318	0.1355177224693576
2.319	0.1363074777462466
2.32	0.1370874234034591
2.321	0.1378575591333084
2.322	0.1386178857098293
2.323	0.1393684031513195
2.324	0.1401091103731389
2.325	0.1408400085089261
2.326	0.1415610970558542
2.327	0.1422723760333863
2.328	0.1429738454812316
2.329	0.1436655054315334
2.33	0.1443473563201773
2.331	0.1450193972719389
2.332	0.1456816288170636
2.333	0.1463340504497869
2.334	0.1469766632173943
2.335	0.147609466162103
2.336	0.1482324592115476
2.337	0.1488456432462004
2.338	0.1494490179169013
2.339	0.1500425825227001
2.34	0.1506263379330242
2.341	0.1512002838013911
2.342	0.1517644201591634
2.343	0.1523187470159139
2.344	0.1528632644164243
2.345	0.1533979723882251
2.346	0.1539228706926355
2.347	0.1544379596690456
2.348	0.1549432387599921
2.349	0.1554387085738282
2.35	0.155924368878396
2.351	0.1564002196966819
2.352	0.1568662610827677
2.353	0.157322492859007
2.354	0.1577689150676171
2.355	0.1582055277777514
2.356	0.1586323311818213
2.357	0.1590493247775948
2.358	0.1594565089993233
2.359	0.1598538838579486
2.36	0.1602414489309335
2.361	0.1606192047199574
2.362	0.160987150854381
2.363	0.1613452875279972
2.364	0.1616936147807232
2.365	0.1620321324100419
2.366	0.1623608405102139
2.367	0.1626797392114273
2.368	0.1629888282930106
2.369	0.1632881079873477
2.37	0.1635775780894141
2.371	0.1638572386753162
2.372	0.1641270897456757
2.373	0.1643871313470205
2.374	0.1646373634286431
2.375	0.1648777860005889
2.376	0.165108399084471
2.377	0.1653292026007402
2.378	0.1655401966421664
2.379	0.1657413811995286
2.38	0.1659327562070337
2.381	0.166114321733508
2.382	0.1662860777151125
2.383	0.1664480242326956
2.384	0.166600161214412
2.385	0.1667424886756476
2.386	0.1668750066519777
2.387	0.1669977151030416
2.388	0.1671106140422766
2.389	0.1672137034818776
2.39	0.1673069834148776
2.391	0.167390453829099
2.392	0.167464114737104
2.393	0.1675279661379004
2.394	0.1675820080286299
2.395	0.1676262404094149
2.396	0.1676606632812114
2.397	0.1676852766435624
2.398	0.1677000804963006
2.399	0.167705074589408
2.4	0.1677002586825153
2.401	0.1676856325442919
2.402	0.1676611959160403
2.403	0.1676269487967408
2.404	0.1675828911876153
2.405	0.1675290230892841
2.406	0.1674653444983361
2.407	0.1673918554180535
2.408	0.1673085558487372
2.409	0.1672154457845922
2.41	0.1671125252325308
2.411	0.1669997941885376
2.412	0.1668772526561493
2.413	0.1667449006455577
2.414	0.1666027381192349
2.415	0.166450765111548
2.416	0.1662889816318517
2.417	0.1661173876449005
2.418	0.1659359831691643
2.419	0.1657447682133502
2.42	0.1655437427672782
2.421	0.1653329067924203
2.422	0.1651122603451987
2.423	0.1648818034586837
2.424	0.1646415360047725
2.425	0.1643914581182563
2.426	0.1641315696927056
2.427	0.1638618708691257
2.428	0.1635823614154415
2.429	0.163293041551068
2.43	0.1629939111904573
2.431	0.1626849703959171
2.432	0.1623662190346978
2.433	0.1620376571666956
2.434	0.1616992848409529
2.435	0.1613511021349816
2.436	0.1609931087125718
2.437	0.1606253050160412
2.438	0.1602476907049418
2.439	0.159860265981557
2.44	0.1594630307200809
2.441	0.1590559849792974
2.442	0.1586391286135625
2.443	0.1582124618705257
2.444	0.1577759846166533
2.445	0.1573296970622443
2.446	0.1568735988954003
2.447	0.1564076899651399
2.448	0.1559319709665302
2.449	0.1554464413170961
2.45	0.1549511011798086
2.451	0.1544459503088926
2.452	0.153930989293063
2.453	0.1534062176438219
2.454	0.1528716353873463
2.455	0.152327242820235
2.456	0.1517730397191304
2.457	0.1512090259912302
2.458	0.1506352019213759
2.459	0.1500515674579636
2.46	0.1494581225233139
2.461	0.1488548668105756
2.462	0.1482418007706295
2.463	0.1476189240821218
2.464	0.1469862370600087
2.465	0.1463437395093284
2.466	0.1456914315440718
2.467	0.1450293130985523
2.468	0.1443573841078856
2.469	0.143675644498417
2.47	0.1429840945618993
2.471	0.1422827340570688
2.472	0.1415715630838119
2.473	0.1408505816551021
2.474	0.140119789812817
2.475	0.1393791876730167
2.476	0.1386287745828878
2.477	0.1378685512113715
2.478	0.1370985170187519
2.479	0.1363186730959034
2.48	0.1355290177575182
2.481	0.1347295528291175
2.482	0.133920276498754
2.483	0.1331011906415994
2.484	0.1322722933566128
2.485	0.1314335860100127
2.486	0.1305850683951302
2.487	0.1297267398328461
2.488	0.1288586010301249
2.489	0.127980652312472
2.49	0.12709289209952
2.491	0.1261953217506872
2.492	0.1252879411932016
2.493	0.1243707501694746
2.494	0.1234437482583096
2.495	0.1225069357869034
2.496	0.121560313161888
2.497	0.1206038800192727
2.498	0.1196376359645288
2.499	0.1186615821929529
2.5	0.1176757170879136
2.501	0.1166800418191202
2.502	0.1156745563086748
2.503	0.1146592608533407
2.504	0.1136341538255222
2.505	0.1125992361887126
2.506	0.1115545087550685
2.507	0.1104999706642293
2.508	0.1094356217356926
2.509	0.1083614633099967
2.51	0.1072774932327859
2.511	0.1061837130307869
2.512	0.1050801224502326
2.513	0.1039667213932401
2.514	0.1028435099628262
2.515	0.1017104877379169
2.516	0.1005676551417127
2.517	0.09941501227085729
2.518	0.0982525584827022
2.519	0.097080294614274
2.52	0.09589822016400296
2.521	0.09470633550346975
2.522	0.09350463965126717
2.523	0.09229313366152654
2.524	0.09107181753760125
2.525	0.08984069021772817
2.526	0.08859975279690141
2.527	0.08734900478437051
2.528	0.08608844673926558
2.529	0.08481807742630927
2.53	0.08353789821465188
2.531	0.08224790850567298
2.532	0.08094810771711862
2.533	0.07963849686209512
2.534	0.07831907558638869
2.535	0.07698984374576373
2.536	0.07565080125060947
2.537	0.07430194872585032
2.538	0.07294328522556193
2.539	0.07157481149263532
2.54	0.07019652699777468
2.541	0.06880843247571465
2.542	0.06741052680589034
2.543	0.0660028109799157
2.544	0.06458528473901151
2.545	0.06315794824873809
2.546	0.06172080096855892
2.547	0.06027384288494941
2.548	0.05881707490690465
2.549	0.05735049598767215
2.55	0.05587410677230834
2.551	0.05438790735476673
2.552	0.05289189692672727
2.553	0.05138607629537378
2.554	0.04987044506289565
2.555	0.04834500347048257
2.556	0.04680975120805042
2.557	0.04526468858825983
2.558	0.04370981525234148
2.559	0.042145131955646
2.56	0.04057063754035295
2.561	0.03898633302445741
2.562	0.03739221802512568
2.563	0.03578829246676293
2.564	0.03417455630081111
2.565	0.03255100961368607
2.566	0.03091765245890029
2.567	0.02927448510727003
2.568	0.02762150686882709
2.569	0.02595871829192831
2.57	0.02428611944334629
2.571	0.02260370970702435
2.572	0.02091148970522839
2.573	0.01920945943152321
2.574	0.01749761823144264
2.575	0.01577596671151774
2.576	0.0140445049452321
2.577	0.01230323226369493
2.578	0.01055214924657257
2.579	0.008791255977130879
2.58	0.007020551908764746
2.581	0.005240037499243132
2.582	0.003449712550502691
2.583	0.001649577500250394
2.584	0.0001282153089019055
2.585	0.001573485528416003
2.586	0.003008946379977904
2.587	0.004434597793885579
2.588	0.005850439497294154
2.589	0.007256471889584289
2.59	0.008652694522071614
2.591	0.01003910800980582
2.592	0.01141571161397904
2.593	0.01278250603879697
2.594	0.0141394906141315
2.595	0.01548666598690537
2.596	0.01682403151652763
2.597	0.01815158782021484
2.598	0.01946933456818029
2.599	0.02077727178800222
2.6	0.02207539948553633
2.601	0.02336371768594428
2.602	0.02464222644225768
2.603	0.02591092551934947
2.604	0.02716981509527642
2.605	0.02841889541115854
2.606	0.02965816610750798
2.607	0.03088762718423558
2.608	0.03210727863234156
2.609	0.03331712071362005
2.61	0.03451715365813476
2.611	0.03570737661470443
2.612	0.03688779003631282
2.613	0.03805839420968233
2.614	0.03921918879618175
2.615	0.04037017384136155
2.616	0.04151134932237239
2.617	0.04264271554481073
2.618	0.04376427204068841
2.619	0.04487601894090726
2.62	0.04597795633475316
2.621	0.04707008468954268
2.622	0.04815240296793158
2.623	0.04922491195364963
2.624	0.05028761130954086
2.625	0.05134050135655275
2.626	0.0523835817948162
2.627	0.05341685289951501
2.628	0.05444031424423545
2.629	0.05545396597814511
2.63	0.05645780865842083
2.631	0.05745184136572084
2.632	0.05843606517346989
2.633	0.05941047873295757
2.634	0.06037508307935481
2.635	0.06132987788600142
2.636	0.06227486321687797
2.637	0.0632100391194281
2.638	0.06413540566388745
2.639	0.06505096231699965
2.64	0.06595670979299663
2.641	0.06685264753992236
2.642	0.06773877567331181
2.643	0.0686150948499146
2.644	0.06948160379766839
2.645	0.07033830389540811
2.646	0.07118519401074236
2.647	0.07202227468694676
2.648	0.07284954584351863
2.649	0.07366700756866054
2.65	0.07447465977377049
2.651	0.0752725027309056
2.652	0.07606053559385834
2.653	0.07683875935133341
2.654	0.07760717359813671
2.655	0.07836577818977414
2.656	0.07911457335217841
2.657	0.07985355939905855
2.658	0.08058273525184756
2.659	0.08130210207791803
2.66	0.08201165906666476
2.661	0.0827114065376829
2.662	0.08340134470464204
2.663	0.08408147339693944
2.664	0.08475179227184677
2.665	0.08541230198597817
2.666	0.08606300196905368
2.667	0.086703892542747
2.668	0.08733497375030976
2.669	0.0879562451856406
2.67	0.08856770745962403
2.671	0.08916935970309041
2.672	0.0897612028672948
2.673	0.09034323620566649
2.674	0.09091546017088452
2.675	0.09147787464344438
2.676	0.09203047957025333
2.677	0.09257327512842445
2.678	0.09310626109180693
2.679	0.09362943768589102
2.68	0.09414280464258989
2.681	0.09464636199226187
2.682	0.09514010981678163
2.683	0.09562404816794842
2.684	0.09609817705213232
2.685	0.0965624964768427
2.686	0.09701700632991202
2.687	0.09746170680102263
2.688	0.09789659757731571
2.689	0.09832167890088349
2.69	0.098736950765113
2.691	0.09914241308842869
2.692	0.0995380659036047
2.693	0.0999239092408255
2.694	0.10029994302877
2.695	0.1006661673101343
2.696	0.1010225821138105
2.697	0.1013691873895999
2.698	0.1017059831817583
2.699	0.1020329694354819
2.7	0.1023501462136749
2.701	0.1026575133721822
2.702	0.1029550711507019
2.703	0.1032428193580872
2.704	0.1035207580603876
2.705	0.1037888872480542
2.706	0.1040472069235404
2.707	0.104295717154022
2.708	0.1045344178037409
2.709	0.1047633089508977
2.71	0.1049823905918313
2.711	0.1051916627264815
2.712	0.1053911253557317
2.713	0.1055807784872528
2.714	0.1057606221204823
2.715	0.1059306562236505
2.716	0.1060908807977151
2.717	0.1062412958907586
2.718	0.1063819014628898
2.719	0.1065126975343496
2.72	0.1066336840774588
2.721	0.1067448611239155
2.722	0.1068462286649735
2.723	0.1069377866962478
2.724	0.1070195352103145
2.725	0.1070914742227406
2.726	0.1071536037224975
2.727	0.1072059237107469
2.728	0.1072484341931086
2.729	0.1072811351637197
2.73	0.1073040266260835
2.731	0.1073171085703042
2.732	0.1073203806773149
2.733	0.1073138427789366
2.734	0.1072974945689224
2.735	0.1072713358679615
2.736	0.107235366678094
2.737	0.1071895869952783
2.738	0.1071339968250771
2.739	0.1070685961629877
2.74	0.1069933850068191
2.741	0.1069083633643676
2.742	0.1068135312354496
2.743	0.1067088886165011
2.744	0.1065944354983802
2.745	0.1064701718931724
2.746	0.1063360978006556
2.747	0.1061922132198753
2.748	0.1060385181322993
2.749	0.1058750125725268
2.75	0.105701696525769
2.751	0.1055185699745503
2.752	0.1053256329219143
2.753	0.1051228853934518
2.754	0.1049103273629295
2.755	0.1046879588622231
2.756	0.104455779901957
2.757	0.1042137903778073
2.758	0.1039619903816077
2.759	0.1037003799126516
2.76	0.1034289589863026
2.761	0.1031477275263666
2.762	0.1028566855983018
2.763	0.1025558331087452
2.764	0.1022451702430208
2.765	0.1019246968533529
2.766	0.101594412963398
2.767	0.1012543185038681
2.768	0.100904413676382
2.769	0.1005446982327914
2.77	0.1001751723460103
2.771	0.09979583607607939
2.772	0.09940668925867399
2.773	0.09900773184493455
2.774	0.09859896409230241
2.775	0.09818038566840054
2.776	0.09775199686333808
2.777	0.09731379755048547
2.778	0.09686578775981088
2.779	0.0964079675313242
2.78	0.09594033672548659
2.781	0.09546289558224254
2.782	0.09497564368894744
2.783	0.09447858152524316
2.784	0.09397170870478375
2.785	0.09345502564991923
2.786	0.09292853181284313
2.787	0.09239222759606568
2.788	0.09184611311848755
2.789	0.09129018775337101
2.79	0.09072445223336238
2.791	0.09014890588438333
2.792	0.08956354946255826
2.793	0.08896838211914873
2.794	0.08836340470718325
2.795	0.08774861639428787
2.796	0.0871240178123924
2.797	0.08648960857707962
2.798	0.08584538908866723
2.799	0.08519135900754946
2.8	0.08452751834414927
2.801	0.08385386725048367
2.802	0.0831704055826145
2.803	0.08247713356762419
2.804	0.08177405124913376
2.805	0.0810611580454782
2.806	0.08033845473466976
2.807	0.07960594042720923
2.808	0.07886361595566567
2.809	0.07811148116434187
2.81	0.07734953555765151
2.811	0.07657777964884764
2.812	0.07579621319639554
2.813	0.07500483619235601
2.814	0.07420364876721428
2.815	0.0733926508183386
2.816	0.07257184222361744
2.817	0.07174122335789847
2.818	0.07090079385306547
2.819	0.07005055405316515
2.82	0.06919050370100258
2.821	0.06832064308022663
2.822	0.06744097144165219
2.823	0.06655148945452528
2.824	0.06565219713027649
2.825	0.06474309447094195
2.826	0.06382418112405326
2.827	0.06289545711143232
2.828	0.06195692288917115
2.829	0.06100857815345195
2.83	0.06005042318990615
2.831	0.05908245701436349
2.832	0.05810468072400164
2.833	0.05711709411142088
2.834	0.05611969665541471
2.835	0.05511248876150392
2.836	0.05409547063747325
2.837	0.0530686422463364
2.838	0.05203200272591781
2.839	0.05098555296607804
2.84	0.04992929285225559
2.841	0.04886322209018711
2.842	0.04778734089923729
2.843	0.0467016495121258
2.844	0.04560614704410205
2.845	0.04450083443053738
2.846	0.04338571121013665
2.847	0.04226077756999037
2.848	0.0411260334508344
2.849	0.03998147893041686
2.85	0.03882711381867213
2.851	0.03766293835029051
2.852	0.03648895208403157
2.853	0.0353051554376923
2.854	0.0341115484423075
2.855	0.03290813079894634
2.856	0.03169490296169692
2.857	0.03047186421527017
2.858	0.0292390153310067
2.859	0.0279963558555212
2.86	0.02674388563922339
2.861	0.02548160538065517
2.862	0.02420951430987398
2.863	0.02292761273409079
2.864	0.0216359007266827
2.865	0.02033437828993732
2.866	0.01902304539086211
2.867	0.01770190188979689
2.868	0.01637094797635751
2.869	0.01503018359830172
2.87	0.01367960851940861
2.871	0.01231922318872985
2.872	0.01094902718241593
2.873	0.009569020769761041
2.874	0.008179204077539829
2.875	0.006779576611672493
2.876	0.005370138802209263
2.877	0.00395089054868977
2.878	0.002521831487531342
2.879	0.001082962241775466
2.88	0.0002919863864647915
2.881	0.001445387087362186
2.882	0.002588978482309419
2.883	0.003722760083744057
2.884	0.004846732391126999
2.885	0.005960895133559197
2.886	0.007065248260207413
2.887	0.00815979197022039
2.888	0.00924452617835937
2.889	0.01031945094030647
2.89	0.01138456610781216
2.891	0.01243987174609504
2.892	0.01348536789936982
2.893	0.01452105446324831
2.894	0.01554693172927614
2.895	0.01656299925132969
2.896	0.01756925747435665
2.897	0.01856570599212121
2.898	0.01955234515527432
2.899	0.02052917473639835
2.9	0.02149619481498016
2.901	0.0224534054193345
2.902	0.02340080644790423
2.903	0.02433839789545691
2.904	0.0252661799682543
2.905	0.02618415251163735
2.906	0.0270923155264184
2.907	0.02799066905369876
2.908	0.02887921315203381
2.909	0.02975794762910848
2.91	0.03062687259436412
2.911	0.03148598796452387
2.912	0.03233529400854745
2.913	0.03317479049877241
2.914	0.03400447743504741
2.915	0.03482435499785433
2.916	0.03563442291006413
2.917	0.03643468135502177
2.918	0.03722513020115775
2.919	0.03800576950191871
2.92	0.03877659953873849
2.921	0.03953761980571534
2.922	0.04028883069932441
2.923	0.0410302320395665
2.924	0.04176182391867996
2.925	0.0424836062216813
2.926	0.04319557901090671
2.927	0.04389774242586266
2.928	0.04459009623689056
2.929	0.04527264044970134
2.93	0.04594537530228226
2.931	0.04660830074813672
2.932	0.04726141663385874
2.933	0.04790472251285802
2.934	0.04853821939976118
2.935	0.04916190653408049
2.936	0.04977578432819702
2.937	0.05037985277454081
2.938	0.05097411123160465
2.939	0.05155856043599764
2.94	0.0521332002369315
2.941	0.05269803034859724
2.942	0.05325305123398742
2.943	0.05379826232371221
2.944	0.0543336639976858
2.945	0.05485925611897914
2.946	0.05537503871263033
2.947	0.05588101183286323
2.948	0.05637717544876777
2.949	0.0568635297468128
2.95	0.05734007429143093
2.951	0.05780680921358954
2.952	0.05826373491827835
2.953	0.05871085088218413
2.954	0.05914815749186415
2.955	0.05957565464056847
2.956	0.0599933421481228
2.957	0.06040122010182938
2.958	0.06079928869097778
2.959	0.06118754765588256
2.96	0.06156599716584548
2.961	0.06193463720091722
2.962	0.06229346774968366
2.963	0.06264248861012341
2.964	0.06298170009502516
2.965	0.06331110204273674
2.966	0.06363069459096492
2.967	0.06394047748657018
2.968	0.06424045091937058
2.969	0.06453061484838338
2.97	0.06481096925112492
2.971	0.06508151412543692
2.972	0.06534224953502046
2.973	0.06559317541670308
2.974	0.06583429178480023
2.975	0.06606559865716076
2.976	0.06628709600957564
2.977	0.06649878387909919
2.978	0.06670066221352966
2.979	0.06689273103127032
2.98	0.0670749903625541
2.981	0.06724744016758159
2.982	0.06741008044572239
2.983	0.06756291123723518
2.984	0.06770593252031858
2.985	0.06783914428793229
2.986	0.06796254655377595
2.987	0.06807613930721011
2.988	0.06817992254912331
2.989	0.06827389628183911
2.99	0.06835806051140879
2.991	0.06843241522667347
2.992	0.06849696042977257
2.993	0.06855169612542567
2.994	0.06859662231227349
2.995	0.06863173898916661
2.996	0.06865704615744071
2.997	0.0686725438156922
2.998	0.0686782317483414
2.999	0.06867410968188932
3	0.06866017741649605
