0	1
0.001	0.999995094500102
0.002	0.999980378764294
0.003	0.999955852538049
0.004	0.999921515821321
0.005	0.999877368614032
0.006	0.999823410916297
0.007	0.999759642728174
0.008	0.999686064049301
0.009	0.999602674880007
0.01	0.999509475220809
0.011	0.999406465070212
0.012	0.999293644429263
0.013	0.999171013299597
0.014	0.999038571678157
0.015	0.998896319566565
0.016	0.998744256961306
0.017	0.998582383868645
0.018	0.998410700284742
0.019	0.998229206214012
0.02	0.998037901649826
0.021	0.997836786593619
0.022	0.997625861047464
0.023	0.997405125008771
0.024	0.997174578482506
0.025	0.996934221464032
0.026	0.996684053958439
0.027	0.996424075961695
0.028	0.996154287474617
0.029	0.995874688493821
0.03	0.995585279025258
0.031	0.995286059062982
0.032	0.994977028612293
0.033	0.994658187680624
0.034	0.994329536236308
0.035	0.993991074314385
0.036	0.993642801909341
0.037	0.993284719006383
0.038	0.992916825612566
0.039	0.992539121720915
0.04	0.992151607352373
0.041	0.99175428248474
0.042	0.99134714712872
0.043	0.990930201296865
0.044	0.990503444960533
0.045	0.990066878117604
0.046	0.989620500796262
0.047	0.989164312988436
0.048	0.988698314706626
0.049	0.988222505904204
0.05	0.987736886623075
0.051	0.987241456851705
0.052	0.986736216589997
0.053	0.986221165863896
0.054	0.985696304631598
0.055	0.985161632864001
0.056	0.984617150646907
0.057	0.984062857934147
0.058	0.983498754726727
0.059	0.982924841030971
0.06	0.982341116849491
0.061	0.981747582207993
0.062	0.981144237005163
0.063	0.980531081349278
0.064	0.979908115237972
0.065	0.979275338593597
0.066	0.978632751456052
0.067	0.97798035383906
0.068	0.977318145714421
0.069	0.976646127115661
0.07	0.97596429803664
0.071	0.975272658481099
0.072	0.974571208423451
0.073	0.973859947850201
0.074	0.97313887681436
0.075	0.972407995238489
0.076	0.971667303188589
0.077	0.970916800661627
0.078	0.970156487645761
0.079	0.969386364172418
0.08	0.968606430149735
0.081	0.967816685699635
0.082	0.96701713068536
0.083	0.966207765244054
0.084	0.965388589261969
0.085	0.964559602869592
0.086	0.963720805923871
0.087	0.962872198448208
0.088	0.962013780556734
0.089	0.961145552148365
0.09	0.960267513220281
0.091	0.959379663926459
0.092	0.958482003964418
0.093	0.957574533580488
0.094	0.95665725272232
0.095	0.955730161401734
0.096	0.954793259603386
0.097	0.953846547189625
0.098	0.952890024428929
0.099	0.951923691062039
0.1	0.95094754729976
0.101	0.949961592965308
0.102	0.948965828209323
0.103	0.947960252925775
0.104	0.946944867127282
0.105	0.945919670953725
0.106	0.94488466419787
0.107	0.943839846924237
0.108	0.942785219206205
0.109	0.941720781068022
0.11	0.940646532240325
0.111	0.939562473081482
0.112	0.938468603329315
0.113	0.937364923153765
0.114	0.936251432476391
0.115	0.935128131396177
0.116	0.933995019663557
0.117	0.932852097549728
0.118	0.931699364891958
0.119	0.930536821817083
0.12	0.929364468145753
0.121	0.928182304040855
0.122	0.926990329499316
0.123	0.92578854436377
0.124	0.924576948790715
0.125	0.923355542749004
0.126	0.922124326164132
0.127	0.920883299109593
0.128	0.919632461692001
0.129	0.918371813578129
0.13	0.917101355181054
0.131	0.915821086014488
0.132	0.91453100652214
0.133	0.913231116657766
0.134	0.911921416248489
0.135	0.910601905080873
0.136	0.909272583701625
0.137	0.907933451652327
0.138	0.906584509310545
0.139	0.905225756286324
0.14	0.903857193033719
0.141	0.902478818998236
0.142	0.90109063469104
0.143	0.899692639796679
0.144	0.898284834321033
0.145	0.896867218609543
0.146	0.895439792046944
0.147	0.894002555385518
0.148	0.892555507875611
0.149	0.891098650101326
0.15	0.889631981874053
0.151	0.88815550280106
0.152	0.886669213489733
0.153	0.885173113913722
0.154	0.883667203496326
0.155	0.882151482837033
0.156	0.880625951417541
0.157	0.879090609727493
0.158	0.877545457349572
0.159	0.875990494650623
0.16	0.874425721350087
0.161	0.87285113769727
0.162	0.871266743441158
0.163	0.869672538806791
0.164	0.868068523521403
0.165	0.866454697959512
0.166	0.864831061648721
0.167	0.863197615002713
0.168	0.861554357834868
0.169	0.859901290224321
0.17	0.858238412085438
0.171	0.856565723414769
0.172	0.854883224316628
0.173	0.853190914693163
0.174	0.851488794618836
0.175	0.849776863980344
0.176	0.848055122892848
0.177	0.846323571405905
0.178	0.844582209256442
0.179	0.8428310367104
0.18	0.841070053692718
0.181	0.839299260196294
0.182	0.837518656262304
0.183	0.835728241595103
0.184	0.833928016792008
0.185	0.832117981112166
0.186	0.830298135189383
0.187	0.828468478825125
0.188	0.826629011785239
0.189	0.824779734276713
0.19	0.822920646617385
0.191	0.821051747780914
0.192	0.81917303895747
0.193	0.817284519497767
0.194	0.81538618954386
0.195	0.813478049275496
0.196	0.811560098599119
0.197	0.809632337059425
0.198	0.807694764965301
0.199	0.805747382847654
0.2	0.80379019020673
0.201	0.801823186660979
0.202	0.79984637256434
0.203	0.797859748527668
0.204	0.795863313889245
0.205	0.793857068483633
0.206	0.791841012332298
0.207	0.78981514651938
0.208	0.787779469425569
0.209	0.785733982205094
0.21	0.783678684585688
0.211	0.781613575984169
0.212	0.779538657320288
0.213	0.777453928153657
0.214	0.775359388301165
0.215	0.773255038232011
0.216	0.771140877402276
0.217	0.769016906412945
0.218	0.76688312470116
0.219	0.764739532322887
0.22	0.762586129962461
0.221	0.760422916490328
0.222	0.758249892889843
0.223	0.756067058724998
0.224	0.753874414153615
0.225	0.751671959311776
0.226	0.749459693549248
0.227	0.747237617297597
0.228	0.745005730740237
0.229	0.742764034003452
0.23	0.740512526099084
0.231	0.738251208465576
0.232	0.735980079562244
0.233	0.733699140506136
0.234	0.731408391263834
0.235	0.729107830979403
0.236	0.726797460527606
0.237	0.724477279298015
0.238	0.722147287834911
0.239	0.719807485823617
0.24	0.717457873467792
0.241	0.715098450778273
0.242	0.712729217058378
0.243	0.710350172979552
0.244	0.707961318566516
0.245	0.705562653614077
0.246	0.703154178412305
0.247	0.700735892557738
0.248	0.69830779614937
0.249	0.695869889007643
0.25	0.693422171623408
0.251	0.690964643756455
0.252	0.688497305637356
0.253	0.686020156867079
0.254	0.683533197358567
0.255	0.681036427378863
0.256	0.678529847181943
0.257	0.676013456354447
0.258	0.673487254928139
0.259	0.670951243385729
0.26	0.668405421067371
0.261	0.665849788482791
0.262	0.663284344843966
0.263	0.660709091048443
0.264	0.658124026813076
0.265	0.655529152278754
0.266	0.65292446743974
0.267	0.650309971129607
0.268	0.647685665287032
0.269	0.645051548856131
0.27	0.642407621384157
0.271	0.639753883777628
0.272	0.6370903360254
0.273	0.634416976632928
0.274	0.631733807586754
0.275	0.629040827836246
0.276	0.626338038445768
0.277	0.623625437421006
0.278	0.62090302621532
0.279	0.618170804864392
0.28	0.615428772687731
0.281	0.612676929563049
0.282	0.609915277260696
0.283	0.607143812926356
0.284	0.60436253906879
0.285	0.601571454889941
0.286	0.59877055994499
0.287	0.595959854146516
0.288	0.59313933776869
0.289	0.590309011451514
0.29	0.587468874607363
0.291	0.584618927029408
0.292	0.581759168755476
0.293	0.578889600497569
0.294	0.576010221701983
0.295	0.573121032150831
0.296	0.570222031965875
0.297	0.5673132216124
0.298	0.564394601429028
0.299	0.561466169161796
0.3	0.55852792775198
0.301	0.555579875497179
0.302	0.552622012166127
0.303	0.549654338693274
0.304	0.546676854906746
0.305	0.543689560955008
0.306	0.540692456162034
0.307	0.537685540178045
0.308	0.534668815398839
0.309	0.531642278045963
0.31	0.528605931523
0.311	0.525559774929003
0.312	0.522503807030422
0.313	0.519438028748176
0.314	0.51636244012966
0.315	0.513277040155382
0.316	0.510181830068255
0.317	0.507076810774987
0.318	0.503961979100385
0.319	0.50083733889689
0.32	0.497702886443548
0.321	0.494558623948443
0.322	0.491404551265678
0.323	0.488240668086203
0.324	0.48506697438203
0.325	0.481883470409156
0.326	0.478690156710504
0.327	0.475487030540368
0.328	0.472274095260877
0.329	0.469051348740688
0.33	0.465818793293589
0.331	0.462576425253998
0.332	0.459324247348833
0.333	0.456062259218428
0.334	0.452790460638978
0.335	0.449508851650612
0.336	0.446217432560046
0.337	0.442916202846013
0.338	0.439605161410228
0.339	0.436284311382163
0.34	0.432953648851362
0.341	0.429613177755738
0.342	0.426262894886462
0.343	0.422902801403634
0.344	0.419532897841257
0.345	0.416153183868619
0.346	0.412763659400486
0.347	0.409364324599492
0.348	0.405955179878537
0.349	0.402536223620156
0.35	0.399107456656163
0.351	0.39566888094987
0.352	0.392220492343236
0.353	0.388762294853496
0.354	0.385294287154245
0.355	0.381816467423793
0.356	0.37832883779507
0.357	0.37483139788858
0.358	0.371324147553056
0.359	0.367807086867614
0.36	0.36428021614391
0.361	0.360743534473325
0.362	0.357197041220396
0.363	0.353640739246264
0.364	0.350074625246361
0.365	0.346498702435838
0.366	0.342912967054827
0.367	0.339317422627681
0.368	0.335712068328073
0.369	0.332096902415689
0.37	0.328471925847595
0.371	0.324837139160564
0.372	0.32119254238235
0.373	0.317538134489242
0.374	0.313873915384197
0.375	0.310199886553798
0.376	0.306516048889585
0.377	0.302822397652812
0.378	0.299118938730597
0.379	0.295405666790349
0.38	0.29168258648719
0.381	0.287949694998865
0.382	0.284206992065257
0.383	0.280454479269395
0.384	0.27669215618998
0.385	0.272920022601839
0.386	0.269138078477643
0.387	0.265346323989624
0.388	0.261544759511313
0.389	0.257733384689914
0.39	0.253912197314907
0.391	0.250081201258982
0.392	0.246240394183342
0.393	0.242389776619826
0.394	0.238529348309818
0.395	0.234659111456978
0.396	0.230779060944502
0.397	0.226889201140224
0.398	0.222989531403426
0.399	0.219080051272712
0.4	0.215160760467522
0.401	0.211231658889646
0.402	0.207292746624752
0.403	0.203344023943924
0.404	0.199385491305211
0.405	0.195417149355178
0.406	0.191438994029849
0.407	0.187451029658092
0.408	0.183453255390583
0.409	0.179445669344086
0.41	0.175428273702507
0.411	0.171401068171805
0.412	0.167364050102533
0.413	0.163317222885809
0.414	0.159260585818791
0.415	0.15519413836317
0.416	0.15111787963536
0.417	0.147031810265434
0.418	0.142935930777541
0.419	0.138830239721753
0.42	0.134714738100615
0.421	0.130589426391219
0.422	0.126454305244671
0.423	0.122309373866354
0.424	0.118154629685365
0.425	0.1139900780275
0.426	0.109815712817363
0.427	0.10563154052767
0.428	0.101437553921568
0.429	0.0972337593100659
0.43	0.0930201548882969
0.431	0.0887967373166359
0.432	0.0845635102301048
0.433	0.0803204731194891
0.434	0.0760676256279235
0.435	0.07180496755207
0.436	0.0675324988433008
0.437	0.063250219608891
0.438	0.0589581301132163
0.439	0.0546562307789582
0.44	0.0503445212923111
0.441	0.0460229985105121
0.442	0.041691667082473
0.443	0.0373505262697483
0.444	0.0329995721602176
0.445	0.0286388111161523
0.446	0.0242682356902298
0.447	0.0198878524664749
0.448	0.0154976583166685
0.449	0.0110976521303896
0.45	0.00668783698878084
0.451	0.00226821217751194
0.452	0.00172684933466351
0.453	0.00526072036494979
0.454	0.00878478219782909
0.455	0.0122990343435619
0.456	0.0158034765466289
0.457	0.0192981087835615
0.458	0.022782931260786
0.459	0.0262579444124836
0.46	0.0297231488984648
0.461	0.0331785438960189
0.462	0.0366241282778685
0.463	0.0400599044905859
0.464	0.0434858703684573
0.465	0.0469020264326963
0.466	0.0503083737250742
0.467	0.0537049116385445
0.468	0.0570916398182218
0.469	0.0604685581589648
0.47	0.0638356668029756
0.471	0.0671929661374167
0.472	0.070540456792046
0.473	0.0738781370305634
0.474	0.0772060078364018
0.475	0.0805240693706972
0.476	0.0838323220039998
0.477	0.0871307636185643
0.478	0.0904193964269309
0.479	0.0936982199131197
0.48	0.0969672338298429
0.481	0.100226438195837
0.482	0.103475833293216
0.483	0.106715419664841
0.484	0.109945194518266
0.485	0.11316516123725
0.486	0.116375317728294
0.487	0.119575666239277
0.488	0.122766203156601
0.489	0.125946931208138
0.49	0.129117849997175
0.491	0.132278959328632
0.492	0.135430259290817
0.493	0.138571750252502
0.494	0.141703430579171
0.495	0.144825301603775
0.496	0.147937363805737
0.497	0.151039615931476
0.498	0.154132058279678
0.499	0.157214691666535
0.5	0.16028751555789
0.501	0.163350529725027
0.502	0.166403734241438
0.503	0.169447129479615
0.504	0.172480716107864
0.505	0.175504491322388
0.506	0.178518458893359
0.507	0.181522615171606
0.508	0.184516962870239
0.509	0.187501501267834
0.51	0.190476229969603
0.511	0.193441148903834
0.512	0.196396258318355
0.513	0.199341558777035
0.514	0.202277049427407
0.515	0.205202730337287
0.516	0.208118601777881
0.517	0.211024664395179
0.518	0.213920917342403
0.519	0.216807360320113
0.52	0.219683993711962
0.521	0.222550817157997
0.522	0.225407831545441
0.523	0.228255037268522
0.524	0.231092432088137
0.525	0.233920018122088
0.526	0.236737795010424
0.527	0.239545762194837
0.528	0.242343919481942
0.529	0.245132267039043
0.53	0.247910805389952
0.531	0.250679535109357
0.532	0.253438453743359
0.533	0.256187563827409
0.534	0.258926864707031
0.535	0.261656355816813
0.536	0.264376036977249
0.537	0.267085908390135
0.538	0.26978597063402
0.539	0.272476224118827
0.54	0.275156666907249
0.541	0.277827300685763
0.542	0.280488125185533
0.543	0.283139140007224
0.544	0.28578034515684
0.545	0.288411741040757
0.546	0.291033327797457
0.547	0.293645104091932
0.548	0.2962470713663
0.549	0.298839229381822
0.55	0.301421577670065
0.551	0.30399411619081
0.552	0.306556845326658
0.553	0.309109765845549
0.554	0.311652875273498
0.555	0.314186176100895
0.556	0.31670966752538
0.557	0.319223349167967
0.558	0.321727221099333
0.559	0.324221283833998
0.56	0.326705537199749
0.561	0.329179980851748
0.562	0.331644614720586
0.563	0.334099439329832
0.564	0.336544454553957
0.565	0.338979660736869
0.566	0.341405056178231
0.567	0.343820643418705
0.568	0.346226420107536
0.569	0.348622387588623
0.57	0.351008545839125
0.571	0.353384894451031
0.572	0.355751433113862
0.573	0.358108162899354
0.574	0.360455083342603
0.575	0.362792193780706
0.576	0.365119494620408
0.577	0.367436985714279
0.578	0.369744668222318
0.579	0.37204254022291
0.58	0.374330603151786
0.581	0.376608856623558
0.582	0.378877300798627
0.583	0.381135935211238
0.584	0.383384760253056
0.585	0.38562377543599
0.586	0.387852981353761
0.587	0.390072378009856
0.588	0.392281964758274
0.589	0.394481742262924
0.59	0.396671709903021
0.591	0.398851868267049
0.592	0.401022217329292
0.593	0.403182756633417
0.594	0.405333486528619
0.595	0.407474406659549
0.596	0.40960551750039
0.597	0.411726819129148
0.598	0.413838310590831
0.599	0.415939993322876
0.6	0.418031866032695
0.601	0.420113929364681
0.602	0.422186182698036
0.603	0.424248627328573
0.604	0.426301261770981
0.605	0.428344087022606
0.606	0.430377103128056
0.607	0.432400308845603
0.608	0.434413705748538
0.609	0.436417293002007
0.61	0.438411070485592
0.611	0.440395038781745
0.612	0.442369197287428
0.613	0.444333546461963
0.614	0.446288086114393
0.615	0.448232816652225
0.616	0.45016773696924
0.617	0.452092848053798
0.618	0.454008149896582
0.619	0.455913641735203
0.62	0.457809324564517
0.621	0.45969519762781
0.622	0.461571260970352
0.623	0.46343751542561
0.624	0.465293959752143
0.625	0.467140594949649
0.626	0.468977420207086
0.627	0.470804436570308
0.628	0.472621643118327
0.629	0.474429039797145
0.63	0.476226627404283
0.631	0.478014405272191
0.632	0.479792373911572
0.633	0.481560532682942
0.634	0.483318882311902
0.635	0.485067422166219
0.636	0.486806152539775
0.637	0.48853507345319
0.638	0.49025418486125
0.639	0.491963486936668
0.64	0.493662979177804
0.641	0.495352662083727
0.642	0.497032535805222
0.643	0.498702599402792
0.644	0.500362853829408
0.645	0.502013298637696
0.646	0.503653934191256
0.647	0.505284759868482
0.648	0.506905776109104
0.649	0.508516982884384
0.65	0.510118380324281
0.651	0.511709967987038
0.652	0.513291746275275
0.653	0.514863715225203
0.654	0.51642587435671
0.655	0.517978224234808
0.656	0.519520764341266
0.657	0.521053495083565
0.658	0.522576416452527
0.659	0.524089528069273
0.66	0.525592830453267
0.661	0.527086322963519
0.662	0.528570006197778
0.663	0.530043879890205
0.664	0.531507944065468
0.665	0.532962198723224
0.666	0.534406643845834
0.667	0.535841279736059
0.668	0.537266105734648
0.669	0.538681122355207
0.67	0.540086329580349
0.671	0.54148172702282
0.672	0.542867315257028
0.673	0.544243093677568
0.674	0.545609062842851
0.675	0.546965222309474
0.676	0.548311572390468
0.677	0.549648112977323
0.678	0.55097484399402
0.679	0.552291765597134
0.68	0.553598877595353
0.681	0.554896180122511
0.682	0.556183673244159
0.683	0.557461356599337
0.684	0.558729230622834
0.685	0.559987295115253
0.686	0.561235549993505
0.687	0.56247399554505
0.688	0.563702631410848
0.689	0.564921457864795
0.69	0.566130474750093
0.691	0.567329682243047
0.692	0.56851908007212
0.693	0.569698668515289
0.694	0.570868447364051
0.695	0.572028416797781
0.696	0.573178576605259
0.697	0.574318926966868
0.698	0.575449467856645
0.699	0.576570199213254
0.7	0.577681121105555
0.701	0.578782233388937
0.702	0.579873536257095
0.703	0.580955029475184
0.704	0.582026713263346
0.705	0.583088587533641
0.706	0.584140652381388
0.707	0.585182907699397
0.708	0.586215353449885
0.709	0.587237989667271
0.71	0.588250816348171
0.711	0.589253833539533
0.712	0.590247041269272
0.713	0.591230439550391
0.714	0.59220402822058
0.715	0.593167807363504
0.716	0.594121777040659
0.717	0.595065937223791
0.718	0.596000287888612
0.719	0.596924829029686
0.72	0.5978395606786
0.721	0.598744482889974
0.722	0.599639595434699
0.723	0.600524898545103
0.724	0.60140039214886
0.725	0.602266076273885
0.726	0.603121950835454
0.727	0.603968015918635
0.728	0.604804271480793
0.729	0.605630717544912
0.73	0.606447354083227
0.731	0.607254181199734
0.732	0.608051198705995
0.733	0.608838406681124
0.734	0.609615805221624
0.735	0.610383394188967
0.736	0.611141173717821
0.737	0.611889143672505
0.738	0.612627304163596
0.739	0.613355655116242
0.74	0.614074196551405
0.741	0.614782928501202
0.742	0.615481850965555
0.743	0.616170963848385
0.744	0.616850267286944
0.745	0.617519761174069
0.746	0.618179445611742
0.747	0.618829320500011
0.748	0.619469385844251
0.749	0.620099641724306
0.75	0.620720088097987
0.751	0.62133072490677
0.752	0.621931552268793
0.753	0.622522570094454
0.754	0.623103778396702
0.755	0.623675177212894
0.756	0.62423676653969
0.757	0.62478854630695
0.758	0.625330516588646
0.759	0.625862677382426
0.76	0.626385028633915
0.761	0.626897570381119
0.762	0.627400302618849
0.763	0.627893225353558
0.764	0.628376338577628
0.765	0.628849642295012
0.766	0.629313136503461
0.767	0.629766821195808
0.768	0.630210696383251
0.769	0.630644762061201
0.77	0.63106901823356
0.771	0.631483464889495
0.772	0.631888102046623
0.773	0.632282929681906
0.774	0.632667947822909
0.775	0.633043156429393
0.776	0.633408555555041
0.777	0.633764145149731
0.778	0.634109925235294
0.779	0.634445895818198
0.78	0.634772056894296
0.781	0.635088408456462
0.782	0.635394950510666
0.783	0.635691683065061
0.784	0.635978606096427
0.785	0.636255719622204
0.786	0.636523023638305
0.787	0.636780518144525
0.788	0.637028203143634
0.789	0.637266078625586
0.79	0.637494144603677
0.791	0.637712401077422
0.792	0.63792084803293
0.793	0.638119485482265
0.794	0.638308313423905
0.795	0.638487331854139
0.796	0.638656540776619
0.797	0.638815940187301
0.798	0.638965530089534
0.799	0.639105310482558
0.8	0.639235281366209
0.801	0.639355442739588
0.802	0.639465794605349
0.803	0.639566336959016
0.804	0.639657069804427
0.805	0.639737993140689
0.806	0.639809106966911
0.807	0.639870411283929
0.808	0.63992190609134
0.809	0.639963591389276
0.81	0.639995467177649
0.811	0.640017533456566
0.812	0.640029790208158
0.813	0.640032237090476
0.814	0.640024873959686
0.815	0.640007700483393
0.816	0.639980716516564
0.817	0.639943922059381
0.818	0.639897317111601
0.819	0.639840901673193
0.82	0.639774675744316
0.821	0.639698639325016
0.822	0.639612792415292
0.823	0.639517135015357
0.824	0.639411667125058
0.825	0.639296388742996
0.826	0.639171299871012
0.827	0.639036400511031
0.828	0.638891690656556
0.829	0.638737170312656
0.83	0.63857283947881
0.831	0.638398698156568
0.832	0.638214746339762
0.833	0.638020984038242
0.834	0.637817411242207
0.835	0.63760402795705
0.836	0.637380834175543
0.837	0.637147829909398
0.838	0.636905015153536
0.839	0.636652389904207
0.84	0.636389954168211
0.841	0.636117707933794
0.842	0.6358356512143
0.843	0.635543784003936
0.844	0.635242106307913
0.845	0.63493061811684
0.846	0.634609319434521
0.847	0.634278210257421
0.848	0.633937290596335
0.849	0.633586560452742
0.85	0.633226019803038
0.851	0.632855668672485
0.852	0.63247550704394
0.853	0.632085534931234
0.854	0.631685752322735
0.855	0.631276159227912
0.856	0.630856755638549
0.857	0.630427541560168
0.858	0.629988516997546
0.859	0.62953968193191
0.86	0.629081036385787
0.861	0.628612580349595
0.862	0.628134313831039
0.863	0.627646236813449
0.864	0.627148349310146
0.865	0.626640651290634
0.866	0.62612314280165
0.867	0.625595823825632
0.868	0.625058694333433
0.869	0.624511754396442
0.87	0.623955003937488
0.871	0.623388442978036
0.872	0.622812071537232
0.873	0.622225889641139
0.874	0.621629897196059
0.875	0.621024094289703
0.876	0.620408480917126
0.877	0.619783057015707
0.878	0.619147822649844
0.879	0.618502777770287
0.88	0.617847922436642
0.881	0.617183256561046
0.882	0.616508780236992
0.883	0.615824493381682
0.884	0.615130396099994
0.885	0.614426488261358
0.886	0.613712769963027
0.887	0.612989241161244
0.888	0.612255901909368
0.889	0.611512752132827
0.89	0.610759791835529
0.891	0.609997021133692
0.892	0.60922443989251
0.893	0.608442048100783
0.894	0.607649845885658
0.895	0.606847833165536
0.896	0.606036009951559
0.897	0.605214376312549
0.898	0.604382932126317
0.899	0.603541677388553
0.9	0.602690612256243
0.901	0.601829736590133
0.902	0.600959050410716
0.903	0.600078553830569
0.904	0.599188246708177
0.905	0.598288129089167
0.906	0.597378200977241
0.907	0.596458462306503
0.908	0.595528913272429
0.909	0.594589553629861
0.91	0.593640383642199
0.911	0.592681403020381
0.912	0.591712611934673
0.913	0.590734010425517
0.914	0.58974559846352
0.915	0.588747375844219
0.916	0.587739342821477
0.917	0.586721499417387
0.918	0.585693845305212
0.919	0.584656380916984
0.92	0.583609105875184
0.921	0.582552020371468
0.922	0.581485124409381
0.923	0.580408417971779
0.924	0.579321901138943
0.925	0.578225573588963
0.926	0.57711943574931
0.927	0.576003487382094
0.928	0.574877728408054
0.929	0.573742158962601
0.93	0.572596779112764
0.931	0.571441588765956
0.932	0.570276587840233
0.933	0.569101776598371
0.934	0.567917154670987
0.935	0.566722722397152
0.936	0.565518479487594
0.937	0.564304426242136
0.938	0.563080562369164
0.939	0.561846888139134
0.94	0.560603403304618
0.941	0.559350108157823
0.942	0.558087002240819
0.943	0.556814086010899
0.944	0.555531359244408
0.945	0.554238822050251
0.946	0.552936474223436
0.947	0.551624316047576
0.948	0.550302347288485
0.949	0.548970568193634
0.95	0.547628978434119
0.951	0.546277578344663
0.952	0.544916367732517
0.953	0.543545346367099
0.954	0.542164514715815
0.955	0.540773872707252
0.956	0.539373420032827
0.957	0.537963156862115
0.958	0.536543083297995
0.959	0.535113199077218
0.96	0.533673504485045
0.961	0.532223999438547
0.962	0.530764683806545
0.963	0.529295557784339
0.964	0.527816621194169
0.965	0.526327874125076
0.966	0.52482931686955
0.967	0.523320948792059
0.968	0.521802770060443
0.969	0.520274781183682
0.97	0.518736981547403
0.971	0.51718937174234
0.972	0.515631951265478
0.973	0.514064720090454
0.974	0.512487678772002
0.975	0.51090082668763
0.976	0.509304164344867
0.977	0.507697691350229
0.978	0.506081408063126
0.979	0.504455313981441
0.98	0.502819409592379
0.981	0.501173694763267
0.982	0.49951816941851
0.983	0.49785283364775
0.984	0.496177686966104
0.985	0.494492730240436
0.986	0.492797962804979
0.987	0.491093384980586
0.988	0.489378996565884
0.989	0.487654797759393
0.99	0.485920788775738
0.991	0.484176968732845
0.992	0.482423338487919
0.993	0.48065989770599
0.994	0.478886646469931
0.995	0.477103584679815
0.996	0.475310712498415
0.997	0.473508029554068
0.998	0.471695536265021
0.999	0.469873232610631
1	0.468041118506075
1.001	0.466199193881884
1.002	0.464347458709789
1.003	0.462485912859105
1.004	0.460614556680052
1.005	0.458733389893399
1.006	0.456842412813635
1.007	0.454941625295327
1.008	0.453031027054881
1.009	0.451110618343398
1.01	0.449180399404473
1.011	0.447240369613656
1.012	0.445290529874436
1.013	0.443330879169442
1.014	0.441361418068318
1.015	0.439382146172576
1.016	0.437393064280483
1.017	0.435394171837967
1.018	0.433385468598692
1.019	0.431366955024657
1.02	0.429338631011741
1.021	0.427300496646869
1.022	0.425252551524843
1.023	0.423194795917425
1.024	0.421127230208925
1.025	0.419049853790134
1.026	0.416962666811271
1.027	0.414865669335417
1.028	0.412758861047648
1.029	0.410642242818303
1.03	0.408515814128488
1.031	0.406379574567578
1.032	0.404233524346123
1.033	0.402077664305439
1.034	0.399911993049567
1.035	0.397736511639621
1.036	0.395551219790052
1.037	0.393356117811407
1.038	0.391151204555849
1.039	0.388936481560383
1.04	0.386711947953803
1.041	0.38447760342597
1.042	0.38223344823611
1.043	0.37997948322122
1.044	0.377715707091082
1.045	0.375442120847111
1.046	0.37315872404469
1.047	0.37086551678084
1.048	0.368562499620527
1.049	0.366249670753498
1.05	0.363927032043485
1.051	0.361594582871876
1.052	0.359252323051452
1.053	0.356900252915132
1.054	0.354538372447718
1.055	0.352166681144237
1.056	0.349785179244846
1.057	0.347393867055462
1.058	0.344992744496677
1.059	0.342581811937664
1.06	0.340161067570592
1.061	0.337730513880294
1.062	0.335290149315019
1.063	0.332839974098177
1.064	0.330379988802522
1.065	0.32791019214333
1.066	0.325430585496858
1.067	0.322941168439823
1.068	0.320441941429217
1.069	0.317932903243489
1.07	0.315414054839873
1.071	0.312885395400545
1.072	0.3103469255271
1.073	0.307798646241356
1.074	0.305240555085417
1.075	0.302672653980512
1.076	0.300094942509445
1.077	0.297507420493278
1.078	0.29491008817844
1.079	0.292302945641903
1.08	0.289685991620455
1.081	0.287059227866324
1.082	0.284422653967966
1.083	0.281776269032401
1.084	0.279120073660333
1.085	0.276454067211122
1.086	0.273778250547744
1.087	0.271092624463307
1.088	0.2683971863221
1.089	0.265691938456268
1.09	0.262976880301872
1.091	0.260252011460796
1.092	0.257517331913809
1.093	0.254772842025147
1.094	0.252018542547125
1.095	0.249254430846946
1.096	0.246480510123211
1.097	0.243696778286286
1.098	0.240903235704219
1.099	0.238099882933033
1.1	0.235286719984415
1.101	0.23246374622459
1.102	0.229630961398093
1.103	0.22678836759259
1.104	0.223935961453338
1.105	0.221073745868431
1.106	0.218201720033662
1.107	0.215319883477779
1.108	0.212428236066289
1.109	0.209526778005307
1.11	0.206615509845424
1.111	0.203694431890235
1.112	0.200763541960674
1.113	0.197822842596702
1.114	0.1948723331629
1.115	0.191912012025033
1.116	0.188941880818301
1.117	0.18596193945269
1.118	0.182972187551469
1.119	0.179972624196558
1.12	0.176963251331365
1.121	0.173944067721359
1.122	0.170915074042886
1.123	0.167876268880663
1.124	0.164827653849322
1.125	0.161769228420129
1.126	0.158700992361632
1.127	0.155622945742866
1.128	0.152535088936562
1.129	0.149437422326734
1.13	0.146329943268665
1.131	0.143212655954692
1.132	0.140085555882407
1.133	0.136948646502376
1.134	0.133801927016646
1.135	0.130645396903244
1.136	0.127479055919047
1.137	0.124302904102691
1.138	0.121116941777493
1.139	0.117921169554401
1.14	0.114715587284962
1.141	0.111500193105338
1.142	0.108274989782539
1.143	0.105039975453757
1.144	0.101795150042633
1.145	0.0985405146515495
1.146	0.0952760688594726
1.147	0.0920018125073211
1.148	0.0887177457005993
1.149	0.0854238688120578
1.15	0.0821201815419284
1.151	0.0788066822977899
1.152	0.0754833746808334
1.153	0.0721502542562271
1.154	0.0688073251195528
1.155	0.0654545852068038
1.156	0.0620920338221115
1.157	0.058719672398805
1.158	0.0553375006691671
1.159	0.0519455186115664
1.16	0.0485437264528549
1.161	0.0451321233890637
1.162	0.0417107088212072
1.163	0.0382794853159995
1.164	0.0348384501429074
1.165	0.031387605769745
1.166	0.0279269491830367
1.167	0.0244564833440679
1.168	0.0209762074727657
1.169	0.017486120708819
1.17	0.0139862229276318
1.171	0.0104765151111726
1.172	0.00695699596383684
1.173	0.00342766616070409
1.174	8.9173243019581e-05
1.175	0.00291879665512306
1.176	0.00573861073330146
1.177	0.00854861556237174
1.178	0.0113488108683717
1.179	0.0141391967389592
1.18	0.0169197736192094
1.181	0.0196905398964143
1.182	0.02245149747041
1.183	0.0252026447991135
1.184	0.0279439832535508
1.185	0.0306755121852386
1.186	0.0333972313325768
1.187	0.0361091408162475
1.188	0.0388112411346457
1.189	0.0415035322119187
1.19	0.0441860130451993
1.191	0.0468586846353537
1.192	0.0495215470349289
1.193	0.0521745997604295
1.194	0.0548178427347295
1.195	0.0574512762820993
1.196	0.0600749011232682
1.197	0.0626887150478141
1.198	0.065292720598402
1.199	0.0678869165075961
1.2	0.0704713024747357
1.201	0.0730458792848605
1.202	0.0756106457700463
1.203	0.0781656032295825
1.204	0.0807107515349981
1.205	0.0832460902531216
1.206	0.0857716189861732
1.207	0.0882873385119192
1.208	0.0907932487998503
1.209	0.0932893493020801
1.21	0.0957756399645274
1.211	0.0982521216876157
1.212	0.100718794134253
1.213	0.103175656407943
1.214	0.105622709608283
1.215	0.108059952552687
1.216	0.11048738635973
1.217	0.112905010976822
1.218	0.115312826289599
1.219	0.117710831483139
1.22	0.120099027564219
1.221	0.12247741372404
1.222	0.124845990344242
1.223	0.127204758006134
1.224	0.129553716115556
1.225	0.131892864332833
1.226	0.134222203447566
1.227	0.136541732310056
1.228	0.138851452155674
1.229	0.141151362368662
1.23	0.143441463365447
1.231	0.145721754651263
1.232	0.147992236278696
1.233	0.150252908839893
1.234	0.15250377136643
1.235	0.15474482488422
1.236	0.156976068711297
1.237	0.159197502741263
1.238	0.161409127434913
1.239	0.163610942842444
1.24	0.165802948827953
1.241	0.167985144938884
1.242	0.170157531751655
1.243	0.172320108483753
1.244	0.17447287667674
1.245	0.176615834470968
1.246	0.178748983120924
1.247	0.180872322573759
1.248	0.182985851868993
1.249	0.185089572432104
1.25	0.187183482792921
1.251	0.189267584012064
1.252	0.191341875560003
1.253	0.193406357484002
1.254	0.195461030023628
1.255	0.197505893119801
1.256	0.199540946682424
1.257	0.201566191208684
1.258	0.203581625360757
1.259	0.205587250351145
1.26	0.207583065989899
1.261	0.209569072157774
1.262	0.211545268558472
1.263	0.213511655466476
1.264	0.215468233079874
1.265	0.217415001106328
1.266	0.219351959576184
1.267	0.221279108442212
1.268	0.22319644807803
1.269	0.225103977838212
1.27	0.227001698639861
1.271	0.228889609494537
1.272	0.230767710749038
1.273	0.232636002525974
1.274	0.23449448487732
1.275	0.236343157767896
1.276	0.238182021372456
1.277	0.240011075026182
1.278	0.241830319405668
1.279	0.243639754269094
1.28	0.245439379825951
1.281	0.247229195725928
1.282	0.249009202104075
1.283	0.250779398577949
1.284	0.252539786055046
1.285	0.254290363819043
1.286	0.256031131972694
1.287	0.257762090869224
1.288	0.259483240145373
1.289	0.261194579779986
1.29	0.262896110184392
1.291	0.264587830940867
1.292	0.266269742004015
1.293	0.267941843907487
1.294	0.269604136109282
1.295	0.271256618642526
1.296	0.272899291940114
1.297	0.274532155576419
1.298	0.276155209768297
1.299	0.277768454363083
1.3	0.279371889575571
1.301	0.280965515235999
1.302	0.282549331418126
1.303	0.28412333792863
1.304	0.285687535140057
1.305	0.28724192268996
1.306	0.28878650089102
1.307	0.290321269417412
1.308	0.291846228638494
1.309	0.293361378107298
1.31	0.294866718312803
1.311	0.29636224861084
1.312	0.297847969656464
1.313	0.299323881407719
1.314	0.300789983426278
1.315	0.302246275756685
1.316	0.303692758872956
1.317	0.305129432226702
1.318	0.306556296331875
1.319	0.307973350694852
1.32	0.309380595828649
1.321	0.310778031154713
1.322	0.312165657244552
1.323	0.313543473604752
1.324	0.314911480525774
1.325	0.316269678003261
1.326	0.317618065830324
1.327	0.31895664428683
1.328	0.320285413182762
1.329	0.321604372449202
1.33	0.32291352235137
1.331	0.324212862677207
1.332	0.325502393555544
1.333	0.326782114840738
1.334	0.328052026690742
1.335	0.329312128992263
1.336	0.330562421974911
1.337	0.33180290527789
1.338	0.33303357895033
1.339	0.334254443319948
1.34	0.335465498096271
1.341	0.336666743275835
1.342	0.337858179123253
1.343	0.339039805360592
1.344	0.340211622035299
1.345	0.341373629263357
1.346	0.342525826940761
1.347	0.343668215190531
1.348	0.344800793896863
1.349	0.345923563089485
1.35	0.347036522726391
1.351	0.34813967292015
1.352	0.349233013659975
1.353	0.350316544690932
1.354	0.351390266398596
1.355	0.352454178592204
1.356	0.353508281186117
1.357	0.354552574333029
1.358	0.355587057873154
1.359	0.356611731908652
1.36	0.357626596531925
1.361	0.35863165162113
1.362	0.359626897142751
1.363	0.360612333280058
1.364	0.361587959741769
1.365	0.362553776885565
1.366	0.363509784316436
1.367	0.364455982346329
1.368	0.365392370926167
1.369	0.366318949914055
1.37	0.367235719402219
1.371	0.368142679388576
1.372	0.369039829786804
1.373	0.369927170825666
1.374	0.370804702219107
1.375	0.371672424170675
1.376	0.372530336631969
1.377	0.373378439527246
1.378	0.374216732944203
1.379	0.375045216855771
1.38	0.375863891301298
1.381	0.376672756120843
1.382	0.377471811551533
1.383	0.378261057358752
1.384	0.379040493740478
1.385	0.379810120558651
1.386	0.380569937907141
1.387	0.381319945723018
1.388	0.382060144105267
1.389	0.382790532861693
1.39	0.383511112155048
1.391	0.384221881946364
1.392	0.384922842230406
1.393	0.385613993007711
1.394	0.386295334273253
1.395	0.386966866020972
1.396	0.387628588263389
1.397	0.388280501034427
1.398	0.388922604244344
1.399	0.389554897981552
1.4	0.390177382142629
1.401	0.390790056843493
1.402	0.39139292202836
1.403	0.391985977716334
1.404	0.392569223906901
1.405	0.393142660567394
1.406	0.393706287709487
1.407	0.39426010533373
1.408	0.394804113447937
1.409	0.39533831208897
1.41	0.395862701193309
1.411	0.396377280793652
1.412	0.396882050889181
1.413	0.39737701145908
1.414	0.397862162528449
1.415	0.398337504108475
1.416	0.39880303614691
1.417	0.399258758702796
1.418	0.399704671736247
1.419	0.400140775257518
1.42	0.400567069279578
1.421	0.400983553774164
1.422	0.401390228771502
1.423	0.401787094264542
1.424	0.402174150241227
1.425	0.402551396708349
1.426	0.40291883366802
1.427	0.40327646111293
1.428	0.403624279053134
1.429	0.403962287488083
1.43	0.404290486406183
1.431	0.404608875820129
1.432	0.404917455719634
1.433	0.405216226119732
1.434	0.405505186993364
1.435	0.405784338374665
1.436	0.406053680234538
1.437	0.406313212588876
1.438	0.406562935437393
1.439	0.406802848771074
1.44	0.407032952593017
1.441	0.407253246908678
1.442	0.407463731716445
1.443	0.407664407013118
1.444	0.407855272801265
1.445	0.408036329079349
1.446	0.408207575848288
1.447	0.408369013108217
1.448	0.408520640857799
1.449	0.408662459098386
1.45	0.408794467829963
1.451	0.408916667052056
1.452	0.40902905676312
1.453	0.409131636965661
1.454	0.409224407658258
1.455	0.409307368841896
1.456	0.409380520515942
1.457	0.409443862680511
1.458	0.409497395335251
1.459	0.40954111848076
1.46	0.409575032116802
1.461	0.40959913624325
1.462	0.409613430859282
1.463	0.409617915691044
1.464	0.409612590522667
1.465	0.40959745509772
1.466	0.409572509182234
1.467	0.40953775277626
1.468	0.409493185879873
1.469	0.409438808493138
1.47	0.409374620615372
1.471	0.409300622247707
1.472	0.409216813389387
1.473	0.409123194040812
1.474	0.409019764200588
1.475	0.408906523870827
1.476	0.40878347305197
1.477	0.408650611739862
1.478	0.408507939938123
1.479	0.408355457645847
1.48	0.408193164865775
1.481	0.408021061590885
1.482	0.407839147827708
1.483	0.407647423572831
1.484	0.407445888828259
1.485	0.407234543595188
1.486	0.407013387867823
1.487	0.406782421652734
1.488	0.406541644949163
1.489	0.406291057748608
1.49	0.406030660063458
1.491	0.405760451883671
1.492	0.405480433217476
1.493	0.405190604057111
1.494	0.404890964409377
1.495	0.404581514271816
1.496	0.404262253641615
1.497	0.403933182516301
1.498	0.403594300910949
1.499	0.403245608805392
1.5	0.402887106220929
1.501	0.402518793128108
1.502	0.402140669558887
1.503	0.401752735491912
1.504	0.401354990934803
1.505	0.400947435900652
1.506	0.400530070360965
1.507	0.400102894342059
1.508	0.399665907811655
1.509	0.399219110828981
1.51	0.398762503322585
1.511	0.398296085326197
1.512	0.397819856846787
1.513	0.397333817888456
1.514	0.396837968442643
1.515	0.396332308492008
1.516	0.395816838023955
1.517	0.395291557108812
1.518	0.394756465668749
1.519	0.394211563757186
1.52	0.393656851355269
1.521	0.393092328474371
1.522	0.392517995112941
1.523	0.391933851247064
1.524	0.391339896856944
1.525	0.390736131991315
1.526	0.390122556640653
1.527	0.389499170848979
1.528	0.388865974513997
1.529	0.388222967659581
1.53	0.387570150371568
1.531	0.38690752258382
1.532	0.386235084282172
1.533	0.385552835487927
1.534	0.384860776223612
1.535	0.38415890649304
1.536	0.383447226268017
1.537	0.382725735524685
1.538	0.38199443427259
1.539	0.3812533225124
1.54	0.380502400332369
1.541	0.379741667636653
1.542	0.378971124403879
1.543	0.378190770749873
1.544	0.377400606551835
1.545	0.376600631961615
1.546	0.375790846765072
1.547	0.374971251123619
1.548	0.374141844985303
1.549	0.373302628385818
1.55	0.372453601202659
1.551	0.371594763636963
1.552	0.37072611552604
1.553	0.369847656902368
1.554	0.368959387900089
1.555	0.368061308295082
1.556	0.367153418219815
1.557	0.36623571769301
1.558	0.365308206683184
1.559	0.364370885072922
1.56	0.363423753089293
1.561	0.362466810554735
1.562	0.3615000575718
1.563	0.360523494048761
1.564	0.359537120118043
1.565	0.358540935582899
1.566	0.357534940675674
1.567	0.356519135182099
1.568	0.355493519214323
1.569	0.354458092840953
1.57	0.353412855979535
1.571	0.352357808567951
1.572	0.35129295059495
1.573	0.350218282120957
1.574	0.349133803323024
1.575	0.348039513850103
1.576	0.346935413982741
1.577	0.345821503617036
1.578	0.34469778282336
1.579	0.343564251438105
1.58	0.342420909667973
1.581	0.341267757313637
1.582	0.340104794462179
1.583	0.338932021191012
1.584	0.337749437411018
1.585	0.336557043071218
1.586	0.335354838407196
1.587	0.334142823175421
1.588	0.332920997288578
1.589	0.331689361207846
1.59	0.330447914451756
1.591	0.329196657062456
1.592	0.327935589391374
1.593	0.326664711135197
1.594	0.325384022595984
1.595	0.324093523390232
1.596	0.322793213564778
1.597	0.321483093397591
1.598	0.320163162788919
1.599	0.318833421580275
1.6	0.317493870007249
1.601	0.316144507803871
1.602	0.314785335207369
1.603	0.31341635209218
1.604	0.312037558461819
1.605	0.310648954490683
1.606	0.309250539819737
1.607	0.307842314933748
1.608	0.306424279257349
1.609	0.304996433227595
1.61	0.303558776690554
1.611	0.30211130966582
1.612	0.300654032052674
1.613	0.299186944129871
1.614	0.297710045440263
1.615	0.296223336439899
1.616	0.294726817156061
1.617	0.293220487067726
1.618	0.29170434670262
1.619	0.290178395633496
1.62	0.288642634279572
1.621	0.287097062146022
1.622	0.285541679734499
1.623	0.283976486816192
1.624	0.282401483387729
1.625	0.280816669463776
1.626	0.27922204532103
1.627	0.277617610293586
1.628	0.276003365119423
1.629	0.27437930895209
1.63	0.272745442584326
1.631	0.271101765918275
1.632	0.269448278394963
1.633	0.267784980567627
1.634	0.266111872482513
1.635	0.264428953452461
1.636	0.262736224167497
1.637	0.261033684680727
1.638	0.259321334140486
1.639	0.257599173392239
1.64	0.255867202258644
1.641	0.254125420401209
1.642	0.252373828148688
1.643	0.250612425587013
1.644	0.248841212126034
1.645	0.247060188372759
1.646	0.245269354311297
1.647	0.243468709507517
1.648	0.241658254495043
1.649	0.239837988712092
1.65	0.238007912452593
1.651	0.236168025836008
1.652	0.234318328719866
1.653	0.232458820980196
1.654	0.230589503272454
1.655	0.228710374398177
1.656	0.2268214353638
1.657	0.224922685692072
1.658	0.223014125583554
1.659	0.221095754886332
1.66	0.219167573906473
1.661	0.217229582460062
1.662	0.215281780298782
1.663	0.213324167658921
1.664	0.211356744740345
1.665	0.209379511277068
1.666	0.207392467209327
1.667	0.205395612583559
1.668	0.203388947682277
1.669	0.201372472361365
1.67	0.199346186150187
1.671	0.197310089603374
1.672	0.195264182651049
1.673	0.193208465429698
1.674	0.191142937319417
1.675	0.189067599261414
1.676	0.186982450453443
1.677	0.184887490735789
1.678	0.182782720601432
1.679	0.180668140462199
1.68	0.178543749851049
1.681	0.176409548506975
1.682	0.174265536230192
1.683	0.172111713821629
1.684	0.169948080935937
1.685	0.167774637748885
1.686	0.165591383847094
1.687	0.163398319411358
1.688	0.161195445218808
1.689	0.158982759369682
1.69	0.156760263517555
1.691	0.154527957250423
1.692	0.152285840717204
1.693	0.150033913383289
1.694	0.147772175809755
1.695	0.145500627301612
1.696	0.143219268567218
1.697	0.140928099595362
1.698	0.138627119787838
1.699	0.136316329530689
1.7	0.133995728666398
1.701	0.131665317525442
1.702	0.129325095814847
1.703	0.126975063760275
1.704	0.12461522138422
1.705	0.122245567990509
1.706	0.119866104209377
1.707	0.117476830097332
1.708	0.115077745470598
1.709	0.112668850640953
1.71	0.110250144957463
1.711	0.107821629034761
1.712	0.10538330213205
1.713	0.102935165030419
1.714	0.100477217510696
1.715	0.098009459824767
1.716	0.095531891054559
1.717	0.0930445121684918
1.718	0.0905473223276641
1.719	0.0880403223469987
1.72	0.0855235118337036
1.721	0.0829968908403745
1.722	0.0804604598708251
1.723	0.0779142174134935
1.724	0.0753581656955554
1.725	0.0727923021553671
1.726	0.0702166285835831
1.727	0.0676311447173264
1.728	0.0650358507180129
1.729	0.0624307454295787
1.73	0.0598158299966523
1.731	0.0571911039859596
1.732	0.0545565680525469
1.733	0.0519122214960806
1.734	0.0492580640129106
1.735	0.046594095701
1.736	0.0439203170649096
1.737	0.0412367290208194
1.738	0.038543328896037
1.739	0.035840119309586
1.74	0.0331270994095525
1.741	0.0304042687174168
1.742	0.0276716271325836
1.743	0.0249291749369428
1.744	0.0221769127994815
1.745	0.0194148401730415
1.746	0.0166429569613513
1.747	0.0138612628412635
1.748	0.0110697586413953
1.749	0.00826844393592604
1.75	0.0054573186566506
1.751	0.00263638309717169
1.752	0.000155445011124126
1.753	0.00241771583281523
1.754	0.00467017791062983
1.755	0.00691282987493809
1.756	0.00914567262873729
1.757	0.0113687059652686
1.758	0.0135819302464089
1.759	0.0157853439101538
1.76	0.0179789488436996
1.761	0.020162744203694
1.762	0.0223367297508759
1.763	0.0245009058410991
1.764	0.0266552728815694
1.765	0.0287998300156828
1.766	0.0309345776223287
1.767	0.0330595160802381
1.768	0.0351746443132509
1.769	0.0372799638297316
1.77	0.0393754731891192
1.771	0.0414611733601611
1.772	0.0435370643250706
1.773	0.045603144946823
1.774	0.0476594167466963
1.775	0.0497058789416178
1.776	0.0517425313351467
1.777	0.0537693744066784
1.778	0.0557864079659552
1.779	0.0577936321578475
1.78	0.0597910465973226
1.781	0.0617786516065066
1.782	0.0637564472207591
1.783	0.0657244334480261
1.784	0.0676826098287511
1.785	0.0696309766406795
1.786	0.0715695343989463
1.787	0.0734982825652764
1.788	0.075417220894329
1.789	0.0773263495665416
1.79	0.0792256692788376
1.791	0.0811151793557089
1.792	0.0829948795478515
1.793	0.0848647703992333
1.794	0.0867248517729611
1.795	0.0885751236795268
1.796	0.0904155861604147
1.797	0.0922462390254112
1.798	0.0940670825176022
1.799	0.095878116259044
1.8	0.0976793407290898
1.801	0.0994707554393599
1.802	0.101252360798888
1.803	0.1030241569726
1.804	0.104786142971103
1.805	0.106538319778518
1.806	0.108280687337242
1.807	0.110013244857986
1.808	0.111735993142972
1.809	0.113448932008332
1.81	0.11515206122619
1.811	0.116845381025634
1.812	0.118528891196553
1.813	0.120202592120035
1.814	0.121866483399195
1.815	0.123520564900802
1.816	0.12516483737462
1.817	0.126799300056023
1.818	0.12842395299424
1.819	0.130038796805224
1.82	0.131643830898771
1.821	0.133239055613923
1.822	0.134824470693453
1.823	0.136400076520786
1.824	0.137965872445698
1.825	0.139521859078969
1.826	0.141068036439115
1.827	0.142604403967121
1.828	0.144130962037746
1.829	0.145647710588008
1.83	0.147154649741034
1.831	0.148651779126444
1.832	0.150139099196181
1.833	0.151616609806173
1.834	0.153084310778846
1.835	0.1545422024546
1.836	0.155990284334727
1.837	0.15742855693778
1.838	0.158857019833308
1.839	0.160275673343089
1.84	0.161684517368394
1.841	0.163083551798987
1.842	0.16447277696832
1.843	0.165852192364317
1.844	0.167221798185984
1.845	0.168581594691
1.846	0.16993158150671
1.847	0.17127175895803
1.848	0.172602126834742
1.849	0.17392268526554
1.85	0.175233434117089
1.851	0.176534373661958
1.852	0.177825503508618
1.853	0.179106823723045
1.854	0.180378334583075
1.855	0.181640035928505
1.856	0.182891927779871
1.857	0.184134010092244
1.858	0.185366282911515
1.859	0.186588746180067
1.86	0.187801399977458
1.861	0.189004244415098
1.862	0.190197279100706
1.863	0.191380504414813
1.864	0.192553920072098
1.865	0.193717526452573
1.866	0.194871323196138
1.867	0.196015310295331
1.868	0.197149488022414
1.869	0.19827385618206
1.87	0.199388414879689
1.871	0.200493164101375
1.872	0.201588103821871
1.873	0.202673233954037
1.874	0.203748554576721
1.875	0.204814065727
1.876	0.205869767369325
1.877	0.206915659539237
1.878	0.207951742209684
1.879	0.208978015233461
1.88	0.209994478959826
1.881	0.211001132932281
1.882	0.211997977568527
1.883	0.21298501262941
1.884	0.213962238156716
1.885	0.214929654318256
1.886	0.215887260757729
1.887	0.216835057866842
1.888	0.217773045317918
1.889	0.218701223383495
1.89	0.219619591940015
1.891	0.220528150922421
1.892	0.221426900401653
1.893	0.222315840312076
1.894	0.223194970875026
1.895	0.224064291785162
1.896	0.224923803272614
1.897	0.225773505135822
1.898	0.226613397596868
1.899	0.227443480493074
1.9	0.228263753969906
1.901	0.229074217881356
1.902	0.229874872197535
1.903	0.230665717082313
1.904	0.231446752500277
1.905	0.232217978332797
1.906	0.232979394715894
1.907	0.233731001531165
1.908	0.234472798902788
1.909	0.235204786730659
1.91	0.235926965019781
1.911	0.23663933381724
1.912	0.237341893167272
1.913	0.238034642908402
1.914	0.238717583196453
1.915	0.23939071400964
1.916	0.240054035246008
1.917	0.240707547014665
1.918	0.241351249212687
1.919	0.241985141972378
1.92	0.242609225173127
1.921	0.24322349891969
1.922	0.243827963092661
1.923	0.244422617790853
1.924	0.245007462992926
1.925	0.245582498636289
1.926	0.246147724832606
1.927	0.246703141463356
1.928	0.247248748605785
1.929	0.247784546243238
1.93	0.248310534401164
1.931	0.248826713014033
1.932	0.249333082109037
1.933	0.249829641701141
1.934	0.250316391803269
1.935	0.250793332368309
1.936	0.251260463439193
1.937	0.251717785024221
1.938	0.252165297060186
1.939	0.252602999597564
1.94	0.253030892628537
1.941	0.25344897615846
1.942	0.253857250165304
1.943	0.254255714671842
1.944	0.25464436967912
1.945	0.255023215167524
1.946	0.255392251132592
1.947	0.255751477602106
1.948	0.256100894550479
1.949	0.256440501996891
1.95	0.25677029994489
1.951	0.257090288363267
1.952	0.257400467285503
1.953	0.257700836692558
1.954	0.257991396601173
1.955	0.25827214698242
1.956	0.258543087863005
1.957	0.258804219238395
1.958	0.259055541096371
1.959	0.259297053450048
1.96	0.259528756295624
1.961	0.259750649626724
1.962	0.259962733451634
1.963	0.260165007766289
1.964	0.260357472568843
1.965	0.260540127865279
1.966	0.260712973649975
1.967	0.260876009927061
1.968	0.261029236693553
1.969	0.261172653952053
1.97	0.261306261698858
1.971	0.261430059938208
1.972	0.261544048666735
1.973	0.261648227885555
1.974	0.261742597595792
1.975	0.261827157796454
1.976	0.261901908487064
1.977	0.2619668496683
1.978	0.262021981340244
1.979	0.262067303502738
1.98	0.262102816155692
1.981	0.262128519299089
1.982	0.262144412933015
1.983	0.262150496859185
1.984	0.26214677078785
1.985	0.262133234534973
1.986	0.262109887796349
1.987	0.262076730567236
1.988	0.262033762847687
1.989	0.261980984637869
1.99	0.261918395937081
1.991	0.261845996746508
1.992	0.261763787064557
1.993	0.261671766893206
1.994	0.261569936229906
1.995	0.261458295076361
1.996	0.261336843433574
1.997	0.261205581298706
1.998	0.261064508674239
1.999	0.260913625560069
2	0.260752931953276
2.001	0.260582427859519
2.002	0.260402113270928
2.003	0.260211988193413
2.004	0.260012052626687
2.005	0.259802306570785
2.006	0.25958275002392
2.007	0.259353382983831
2.008	0.259114205454584
2.009	0.258865217432963
2.01	0.258606418920369
2.011	0.258337809919318
2.012	0.258059390434669
2.013	0.257771160444787
2.014	0.257473119973971
2.015	0.2571652690094
2.016	0.256847607557753
2.017	0.256520135620828
2.018	0.256182853182617
2.019	0.255835760251595
2.02	0.255478856836594
2.021	0.255112142944615
2.022	0.254735618533368
2.023	0.25434928364614
2.024	0.253953138277072
2.025	0.253547182411866
2.026	0.253131416052798
2.027	0.252705839193762
2.028	0.25227045185885
2.029	0.251825254037531
2.03	0.251370245709335
2.031	0.250905426903743
2.032	0.250430797589901
2.033	0.249946357819199
2.034	0.249452107515853
2.035	0.248948046751246
2.036	0.248434175493934
2.037	0.247910493724071
2.038	0.247377001480406
2.039	0.246833698781975
2.04	0.24628058552076
2.041	0.245717661807732
2.042	0.245144927635448
2.043	0.244562382900565
2.044	0.243970027751045
2.045	0.243367862073575
2.046	0.242755885873586
2.047	0.242134099241726
2.048	0.241502502057352
2.049	0.240861094418938
2.05	0.2402098763325
2.051	0.239548847664362
2.052	0.238878008562574
2.053	0.238197358980177
2.054	0.237506898907376
2.055	0.236806628324825
2.056	0.236096547220786
2.057	0.235376655636802
2.058	0.234646953641317
2.059	0.233907441042116
2.06	0.23315811800274
2.061	0.232398984503558
2.062	0.231630040461751
2.063	0.230851285955748
2.064	0.230062720983246
2.065	0.229264345477783
2.066	0.228456159544737
2.067	0.227638163095171
2.068	0.226810356059295
2.069	0.225972738619825
2.07	0.225125310668632
2.071	0.224268072298044
2.072	0.223401023390971
2.073	0.222524163981879
2.074	0.221637494004171
2.075	0.22074101369593
2.076	0.219834722741845
2.077	0.218918621354888
2.078	0.217992709494879
2.079	0.217056987170404
2.08	0.216111454382481
2.081	0.215156110959916
2.082	0.214190957138422
2.083	0.213215992899808
2.084	0.2122312179991
2.085	0.211236632740244
2.086	0.210232236991048
2.087	0.209218030640017
2.088	0.20819401386313
2.089	0.20716018661498
2.09	0.206116548863205
2.091	0.205063100609591
2.092	0.203999841915819
2.093	0.202926772714257
2.094	0.201843892992726
2.095	0.200751202743407
2.096	0.199648702048902
2.097	0.198536390907956
2.098	0.19741426924545
2.099	0.196282337115748
2.1	0.195140594429907
2.101	0.19398904138777
2.102	0.192827677584348
2.103	0.1916565034995
2.104	0.19047551886023
2.105	0.189284723766678
2.106	0.188084118135584
2.107	0.186873702043633
2.108	0.185653475583996
2.109	0.184423438413321
2.11	0.183183590899275
2.111	0.181933932814578
2.112	0.180674464315285
2.113	0.179405185208451
2.114	0.178126095763249
2.115	0.176837195701636
2.116	0.1755384852814
2.117	0.174229964275471
2.118	0.17291163274253
2.119	0.171583490840234
2.12	0.170245538251306
2.121	0.16889777535085
2.122	0.1675402018473
2.123	0.166172817960039
2.124	0.164795623482266
2.125	0.163408618627923
2.126	0.162011803155686
2.127	0.160605177328836
2.128	0.15918874086671
2.129	0.157762494033794
2.13	0.156326436627977
2.131	0.154880568756411
2.132	0.153424890544382
2.133	0.151959401665231
2.134	0.150484102269154
2.135	0.148998992424003
2.136	0.14750407237744
2.137	0.145999341390843
2.138	0.144484800264997
2.139	0.142960448237466
2.14	0.141426285984093
2.141	0.139882313304994
2.142	0.138328530194445
2.143	0.136764936226657
2.144	0.135191532147198
2.145	0.133608317456521
2.146	0.132015292002857
2.147	0.13041245642866
2.148	0.128799810115596
2.149	0.127177353538882
2.15	0.125545086275556
2.151	0.123903008859037
2.152	0.122251120379128
2.153	0.120589421718133
2.154	0.118917912756237
2.155	0.117236592938197
2.156	0.115545462814622
2.157	0.113844522344723
2.158	0.112133771097871
2.159	0.110413209506019
2.16	0.108682837504845
2.161	0.106942654868216
2.162	0.105192661835388
2.163	0.103432858219039
2.164	0.101663244414832
2.165	0.0998838199904621
2.166	0.0980945848156832
2.167	0.0962955390995854
2.168	0.0944866831027575
2.169	0.0926680165832324
2.17	0.0908395396990708
2.171	0.0890012521206231
2.172	0.0871531541954641
2.173	0.0852952456666003
2.174	0.083427527106452
2.175	0.0815499973533874
2.176	0.0796626574342303
2.177	0.0777655073447969
2.178	0.0758585460070752
2.179	0.0739417746193012
2.18	0.0720151927011014
2.181	0.0700788004753469
2.182	0.0681325974625769
2.183	0.0661765842185535
2.184	0.0642107602781254
2.185	0.0622351259102125
2.186	0.0602496811597601
2.187	0.0582544260738183
2.188	0.0562493601452873
2.189	0.0542344835711157
2.19	0.0522097972638751
2.191	0.0501752996215333
2.192	0.048130991850791
2.193	0.0460768739374032
2.194	0.0440129446580972
2.195	0.0419392056520572
2.196	0.0398556560592316
2.197	0.0377622956159278
2.198	0.0356591247094959
2.199	0.0335461438019109
2.2	0.0314233521700231
2.201	0.0292907499683382
2.202	0.027148337251705
2.203	0.0249961137223477
2.204	0.0228340803496696
2.205	0.020662236438294
2.206	0.0184805818459452
2.207	0.0162891162801461
2.208	0.0140878405452946
2.209	0.0118767544643776
2.21	0.00965585811625189
2.211	0.00742515098333212
2.212	0.00518463311432959
2.213	0.00293430513262052
2.214	0.000674166466303659
2.215	0.00127220334157122
2.216	0.00307467894809841
2.217	0.00486734552363744
2.218	0.0066502024183593
2.219	0.0084232496919775
2.22	0.0101864877605429
2.221	0.0119399162097853
2.222	0.0136835348751792
2.223	0.0154173445096618
2.224	0.0171413442428793
2.225	0.01885553470721
2.226	0.0205599152757964
2.227	0.0222544865860765
2.228	0.0239392484745467
2.229	0.0256142007823501
2.23	0.027279343649822
2.231	0.0289346768098909
2.232	0.0305802008549778
2.233	0.0322159151632779
2.234	0.0338418196491306
2.235	0.035457915139607
2.236	0.037064200807412
2.237	0.0386606768559511
2.238	0.0402473435931023
2.239	0.0418242008001447
2.24	0.0433912486193328
2.241	0.0449484868213786
2.242	0.0464959153824681
2.243	0.0480335345785445
2.244	0.0495613442259476
2.245	0.0510793444993458
2.246	0.0525875351192843
2.247	0.0540859162040739
2.248	0.0555744878024144
2.249	0.0570532501022526
2.25	0.0585222025636964
2.251	0.0599813458088838
2.252	0.0614306792264991
2.253	0.0628702033559717
2.254	0.0642999178979477
2.255	0.0657198229404675
2.256	0.067129918725702
2.257	0.0685302047445618
2.258	0.0699206810721907
2.259	0.0713013481060678
2.26	0.0726722057024023
2.261	0.0740332536695789
2.262	0.0753844922173064
2.263	0.076725921294215
2.264	0.0780575405871922
2.265	0.0793793506419272
2.266	0.0806913510073402
2.267	0.0819935421065927
2.268	0.083285923478442
2.269	0.0845684953454658
2.27	0.08584125774774
2.271	0.0871042108118483
2.272	0.0883573540727465
2.273	0.0896006880025222
2.274	0.0908342123652384
2.275	0.092057927313064
2.276	0.0932718325881508
2.277	0.0944759284937791
2.278	0.0956702147851904
2.279	0.0968546916973306
2.28	0.0980293589256633
2.281	0.0991942168046353
2.282	0.100349265080005
2.283	0.101494503841401
2.284	0.10262993317737
2.285	0.103755553021074
2.286	0.104871363243022
2.287	0.105977363927619
2.288	0.107073555317132
2.289	0.10815993693756
2.29	0.109236509149594
2.291	0.110303271875854
2.292	0.111360225135707
2.293	0.112407368849917
2.294	0.11344470297605
2.295	0.114472227731703
2.296	0.11548994285765
2.297	0.116497848495664
2.298	0.117495944712358
2.299	0.118484231363681
2.3	0.119462708435136
2.301	0.120431376059896
2.302	0.121390234253497
2.303	0.122339282795949
2.304	0.123278521894382
2.305	0.124207951484895
2.306	0.125127571615915
2.307	0.12603738213144
2.308	0.126937383188259
2.309	0.127827574787458
2.31	0.128707956766271
2.311	0.129578529376788
2.312	0.130439292392425
2.313	0.131290245843693
2.314	0.132131389869441
2.315	0.132962724359261
2.316	0.133784249318573
2.317	0.134595964824937
2.318	0.135397870738389
2.319	0.136189967209165
2.32	0.136972254143768
2.321	0.137744731577877
2.322	0.138507399516568
2.323	0.139260257915921
2.324	0.140003306823515
2.325	0.140736546227729
2.326	0.141459976156803
2.327	0.142173596490845
2.328	0.142877407373067
2.329	0.143571408755367
2.33	0.144255600566945
2.331	0.144929982948231
2.332	0.145594555738857
2.333	0.146249319066222
2.334	0.146894272873824
2.335	0.147529417203125
2.336	0.148154751979411
2.337	0.148770277283534
2.338	0.149375993065624
2.339	0.149971899295644
2.34	0.150557996087029
2.341	0.151134283304594
2.342	0.151700761030673
2.343	0.152257429257436
2.344	0.152804288007823
2.345	0.153341337183272
2.346	0.153868576883668
2.347	0.154386007075248
2.348	0.154893627746947
2.349	0.155391438917056
2.35	0.155879440577452
2.351	0.156357632732203
2.352	0.156826015384101
2.353	0.157284588522978
2.354	0.157733352124653
2.355	0.158172306251154
2.356	0.158601450842072
2.357	0.159020785933885
2.358	0.159430311527692
2.359	0.159830027592088
2.36	0.160219934166778
2.361	0.160600031218387
2.362	0.160970318767906
2.363	0.161330796799331
2.364	0.161681465337743
2.365	0.162022324346249
2.366	0.16235337385675
2.367	0.162674613847952
2.368	0.162986044337218
2.369	0.163287665319358
2.37	0.1635794767941
2.371	0.163861478750954
2.372	0.1641336712029
2.373	0.16439605414724
2.374	0.164648627573305
2.375	0.164891391496315
2.376	0.165124345910685
2.377	0.165347490813446
2.378	0.165560826208705
2.379	0.165764352092915
2.38	0.165958068468685
2.381	0.166141975334052
2.382	0.166316072691035
2.383	0.166480360538509
2.384	0.166634838874059
2.385	0.166779507701227
2.386	0.166914367020081
2.387	0.167039416829762
2.388	0.167154657127831
2.389	0.167260087917663
2.39	0.167355709197512
2.391	0.167441520968654
2.392	0.167517523229693
2.393	0.167583715981555
2.394	0.167640099223872
2.395	0.167686672956502
2.396	0.167723437179706
2.397	0.167750391893397
2.398	0.167767537097619
2.399	0.167774872646387
2.4	0.167772398207954
2.401	0.167760113637815
2.402	0.167738018594754
2.403	0.167706113061071
2.404	0.167664397036929
2.405	0.167612870522372
2.406	0.167551533517333
2.407	0.167480386021576
2.408	0.167399428035598
2.409	0.167308659558894
2.41	0.167208080592488
2.411	0.167097691134496
2.412	0.166977491187209
2.413	0.16684748074871
2.414	0.166707659819555
2.415	0.166558028399432
2.416	0.166398586488884
2.417	0.166229334089811
2.418	0.166050271198397
2.419	0.165861397816085
2.42	0.165662713943255
2.421	0.165454219581225
2.422	0.165235914729109
2.423	0.165007799388751
2.424	0.164769873549986
2.425	0.164522137224857
2.426	0.164264590409819
2.427	0.163997233104192
2.428	0.163720065308019
2.429	0.163433087022407
2.43	0.163136298252695
2.431	0.162829698986553
2.432	0.162513289228933
2.433	0.162187068975355
2.434	0.161851038236104
2.435	0.16150519700089
2.436	0.16114954528159
2.437	0.160784083079065
2.438	0.160408810371689
2.439	0.160023727189884
2.44	0.159628833495495
2.441	0.159224129343325
2.442	0.158809614662685
2.443	0.158385289521887
2.444	0.157951153878373
2.445	0.157507207744823
2.446	0.157053451115768
2.447	0.156589883995715
2.448	0.15611650640357
2.449	0.15563331830241
2.45	0.155140319714787
2.451	0.154637510627115
2.452	0.15412489105347
2.453	0.153602460992481
2.454	0.153070220454662
2.455	0.152528169415664
2.456	0.151976307873908
2.457	0.151414635862861
2.458	0.150843153372497
2.459	0.150261860347571
2.46	0.14967075685433
2.461	0.149069842905215
2.462	0.148459118394292
2.463	0.147838583437939
2.464	0.147208237977667
2.465	0.146568082033085
2.466	0.145918115595718
2.467	0.145258338679253
2.468	0.144588751274718
2.469	0.143909353364858
2.47	0.143220144950105
2.471	0.1425211261075
2.472	0.14181229668958
2.473	0.14109365685
2.474	0.140365206455986
2.475	0.139626945606513
2.476	0.138878874268279
2.477	0.138120992494455
2.478	0.137353300151457
2.479	0.136575797368325
2.48	0.135788484007647
2.481	0.13499136022561
2.482	0.134184425935055
2.483	0.133367681151662
2.484	0.132541125931218
2.485	0.131704760132767
2.486	0.130858583890714
2.487	0.130002597240518
2.488	0.129136799935881
2.489	0.128261192213955
2.49	0.127375774040503
2.491	0.126480545336213
2.492	0.125575506157024
2.493	0.124660656439019
2.494	0.123735996268177
2.495	0.122801525608318
2.496	0.121857244460597
2.497	0.120903152845365
2.498	0.11993925078731
2.499	0.118965538108318
2.5	0.117982014953849
2.501	0.116988681365722
2.502	0.115985537329122
2.503	0.114972582795547
2.504	0.11394981768871
2.505	0.11291724213282
2.506	0.11187485609484
2.507	0.110822659458959
2.508	0.109760652414271
2.509	0.108688834921362
2.51	0.107607206956508
2.511	0.106515768402788
2.512	0.105414519444994
2.513	0.10430345991701
2.514	0.103182589913906
2.515	0.102051909410453
2.516	0.100911418450731
2.517	0.099761117067486
2.518	0.0986010050676297
2.519	0.097431082672279
2.52	0.0962513497106848
2.521	0.0950618064008504
2.522	0.0938624524155249
2.523	0.0926532880763522
2.524	0.0914343131376283
2.525	0.0902055278276087
2.526	0.0889669318851497
2.527	0.0877185256830058
2.528	0.08646030882191
2.529	0.0851922813645327
2.53	0.0839144436515731
2.531	0.0826267952308098
2.532	0.0813293365144037
2.533	0.0800220672543909
2.534	0.0787049872962944
2.535	0.0773780970270796
2.536	0.0760413963104879
2.537	0.0746948849988903
2.538	0.0733385634394408
2.539	0.0719724310676506
2.54	0.0705964884205753
2.541	0.0692107351838116
2.542	0.067815171417084
2.543	0.0664097973697977
2.544	0.0649946124540151
2.545	0.063569617347303
2.546	0.0621348115672702
2.547	0.0606901953991956
2.548	0.0592357689400397
2.549	0.0577715318001334
2.55	0.0562974839585081
2.551	0.0548136258439221
2.552	0.0533199572621534
2.553	0.0518164781066029
2.554	0.0503031885218476
2.555	0.048780088518458
2.556	0.0472471779414564
2.557	0.0457044567785612
2.558	0.0441519252125369
2.559	0.0425895831688321
2.56	0.0410174307147323
2.561	0.0394354676971067
2.562	0.0378436940582373
2.563	0.0362421100927479
2.564	0.0346307155457101
2.565	0.0330095107549978
2.566	0.0313784951383845
2.567	0.0297376693629266
2.568	0.0280870326148346
2.569	0.026426585665258
2.57	0.0247563282615435
2.571	0.0230762603358048
2.572	0.0213863819482592
2.573	0.0196866929266054
2.574	0.0179771937324831
2.575	0.0162578839145468
2.576	0.0145287632785802
2.577	0.0127898325919293
2.578	0.0110410911115792
2.579	0.00928253950373504
2.58	0.00751417676285533
2.581	0.00573600395641005
2.582	0.00394802058709556
2.583	0.00215022703339855
2.584	0.000342622475923579
2.585	0.00117395818788331
2.586	0.00261250150961715
2.587	0.00404123539615278
2.588	0.00546015989952815
2.589	0.0068692746024906
2.59	0.00826858000873609
2.591	0.00965807592814873
2.592	0.0110377622562592
2.593	0.012407639278013
2.594	0.0137677066138011
2.595	0.0151179643194223
2.596	0.0164584127458709
2.597	0.0177890514377592
2.598	0.0191098808601529
2.599	0.0204209005713181
2.6	0.0217221109848612
2.601	0.023013511797194
2.602	0.024295102890006
2.603	0.0255668846815915
2.604	0.0268288569068683
2.605	0.0280810197024154
2.606	0.0293233729193963
2.607	0.0305559166361253
2.608	0.0317786508229045
2.609	0.0329915755362922
2.61	0.0341946908596393
2.611	0.0353879965112672
2.612	0.0365714927589736
2.613	0.0377451792634595
2.614	0.0389090565085614
2.615	0.0400631241540852
2.616	0.0412073822106577
2.617	0.0423418309667819
2.618	0.0434664699900593
2.619	0.0445812996044088
2.62	0.0456863198075341
2.621	0.0467815302666134
2.622	0.0478669314720964
2.623	0.0489425229848847
2.624	0.0500083050338663
2.625	0.0510642776307209
2.626	0.0521104406481563
2.627	0.0531467941152205
2.628	0.0541733382459495
2.629	0.0551900726576105
2.63	0.0561969977666905
2.631	0.0571941131766114
2.632	0.0581814191637348
2.633	0.0591589157357508
2.634	0.0601266026010593
2.635	0.0610844800951073
2.636	0.0620325480304586
2.637	0.062970806486004
2.638	0.0638992553759923
2.639	0.064817894826231
2.64	0.065726724754417
2.641	0.0666257451307922
2.642	0.0675149560059388
2.643	0.0683943574391404
2.644	0.0692639493309835
2.645	0.0701237317094172
2.646	0.0709737044805638
2.647	0.0718138678604594
2.648	0.0726442216718753
2.649	0.0734647660283267
2.65	0.0742755008418288
2.651	0.0750764261201241
2.652	0.0758675419185638
2.653	0.0766488482345994
2.654	0.0774203450482768
2.655	0.0781820322666958
2.656	0.0789339100211809
2.657	0.0796759782542644
2.658	0.0804082369969257
2.659	0.0811306862539567
2.66	0.0818433259715129
2.661	0.0825461561623243
2.662	0.0832391769043745
2.663	0.0839223880545767
2.664	0.0845957897641228
2.665	0.0852593819639539
2.666	0.0859131646264827
2.667	0.0865571377373731
2.668	0.0871913014238538
2.669	0.0878156555404739
2.67	0.0884302001527312
2.671	0.0890349352964547
2.672	0.0896298608861507
2.673	0.0902149769638728
2.674	0.0907902835924739
2.675	0.0913557806320381
2.676	0.0919114682367787
2.677	0.0924573462661578
2.678	0.0929934148159788
2.679	0.093519673880407
2.68	0.0940361234178928
2.681	0.0945427634088405
2.682	0.0950395939449512
2.683	0.0955266149232498
2.684	0.0960038264428851
2.685	0.0964712284176409
2.686	0.0969288208816093
2.687	0.0973766038438017
2.688	0.0978145773003044
2.689	0.0982427412434852
2.69	0.0986610956920942
2.691	0.0990696406265045
2.692	0.0994683760434721
2.693	0.0998573019379527
2.694	0.100236418347193
2.695	0.100605725220864
2.696	0.100965222599964
2.697	0.10131491048488
2.698	0.10165478883155
2.699	0.101984857687482
2.7	0.102305117030599
2.701	0.102615566862786
2.702	0.102916207178771
2.703	0.103207037993724
2.704	0.103488059299006
2.705	0.103759271089504
2.706	0.104020673377422
2.707	0.104272266151096
2.708	0.10451404941502
2.709	0.104746023171447
2.71	0.104968187423753
2.711	0.105180542160385
2.712	0.105383087383029
2.713	0.105575823101008
2.714	0.10575874931083
2.715	0.105931866008779
2.716	0.106095173198636
2.717	0.106248670878778
2.718	0.106392359049305
2.719	0.106526237710486
2.72	0.106650306862179
2.721	0.106764566504362
2.722	0.106869016637045
2.723	0.106963657260466
2.724	0.107048488373902
2.725	0.10712350997814
2.726	0.1071887220728
2.727	0.107244124658063
2.728	0.107289717733571
2.729	0.107325501299755
2.73	0.107351475356401
2.731	0.107367639903588
2.732	0.107373994754974
2.733	0.107370539610418
2.734	0.107357274295813
2.735	0.107334198497483
2.736	0.107301312208763
2.737	0.107258615429504
2.738	0.107206108159797
2.739	0.10714379039952
2.74	0.107071662149022
2.741	0.106989723407844
2.742	0.106897974175796
2.743	0.106796414454508
2.744	0.106685044240396
2.745	0.10656386353716
2.746	0.106432872344927
2.747	0.106292070661627
2.748	0.10614145848444
2.749	0.105981035819124
2.75	0.105810802665358
2.751	0.105630759020128
2.752	0.105440904881959
2.753	0.105241240253805
2.754	0.105031765136239
2.755	0.104812479528879
2.756	0.104583383427951
2.757	0.104344476840659
2.758	0.104095759761026
2.759	0.103837232190027
2.76	0.103568894135768
2.761	0.103290745578458
2.762	0.10300278653478
2.763	0.102705017012813
2.764	0.102397436990725
2.765	0.10208004647437
2.766	0.101752845475441
2.767	0.101415833977033
2.768	0.10106901199815
2.769	0.100712379517038
2.77	0.100345936552938
2.771	0.0999696830879303
2.772	0.0995836191462726
2.773	0.0991877447036887
2.774	0.0987820597742599
2.775	0.098366564357473
2.776	0.0979412584502267
2.777	0.0975061420573221
2.778	0.097061215161229
2.779	0.0966064777963839
2.78	0.0961419299121335
2.781	0.0956675715625997
2.782	0.0951834027023757
2.783	0.0946894233534697
2.784	0.094185633536899
2.785	0.0936720332114471
2.786	0.0931486223834714
2.787	0.0926154010792377
2.788	0.0920723692898881
2.789	0.0915195270075507
2.79	0.090956874244472
2.791	0.0903844109553881
2.792	0.0898021372405105
2.793	0.0892100529598887
2.794	0.0886081582228172
2.795	0.0879964530141162
2.796	0.0873749373111054
2.797	0.0867436110601719
2.798	0.0861024743592078
2.799	0.0854515271974309
2.8	0.0847907694890613
2.801	0.0841202013564511
2.802	0.0834398226870849
2.803	0.0827496335133427
2.804	0.0820496338592023
2.805	0.0813398237311993
2.806	0.0806202031663274
2.807	0.0798907719867522
2.808	0.0791515304046175
2.809	0.0784024783132433
2.81	0.0776436157009603
2.811	0.0768749426683303
2.812	0.0760964590961637
2.813	0.0753081650043893
2.814	0.0745100604532575
2.815	0.0737021454911052
2.816	0.0728844199578422
2.817	0.0720568838664551
2.818	0.0712195373688623
2.819	0.0703723803563003
2.82	0.0695154129535854
2.821	0.0686486349257082
2.822	0.067772046477015
2.823	0.0668856474820781
2.824	0.0659894380224138
2.825	0.0650834180547981
2.826	0.0641675876326481
2.827	0.063241946707489
2.828	0.0623064952819995
2.829	0.0613612333885798
2.83	0.0604061610710555
2.831	0.05944127812177
2.832	0.0584665847220054
2.833	0.0574820809488926
2.834	0.0564877665179317
2.835	0.0554836416459877
2.836	0.0544697063539221
2.837	0.0534459605944956
2.838	0.0524124042699294
2.839	0.0513690374790595
2.84	0.0503158601166474
2.841	0.0492528722554194
2.842	0.0481800740639317
2.843	0.0470974651996008
2.844	0.0460050459544935
2.845	0.044902816199276
2.846	0.0437907759422684
2.847	0.0426689253544088
2.848	0.0415372640110913
2.849	0.0403957922837383
2.85	0.0392445101603142
2.851	0.0380834173725196
2.852	0.0369125142513426
2.853	0.0357318005376431
2.854	0.0345412763540687
2.855	0.0333409416785347
2.856	0.0321307965242847
2.857	0.0309108410117569
2.858	0.029681074782255
2.859	0.0284414982235257
2.86	0.0271921110392378
2.861	0.0259329134631862
2.862	0.0246639053375554
2.863	0.0233850867792326
2.864	0.022096457678465
2.865	0.0207980183249875
2.866	0.0194897682768136
2.867	0.0181717075184216
2.868	0.0168438365093911
2.869	0.01550615497861
2.87	0.0141586629393471
2.871	0.012801360493869
2.872	0.0114342474359048
2.873	0.0100573240206988
2.874	0.00867058997093559
2.875	0.00727404557738008
2.876	0.00586769054471056
2.877	0.00445152519617182
2.878	0.00302554916861037
2.879	0.00158976293735632
2.88	0.000144165911242117
2.881	0.00104177682182559
2.882	0.00218915662386815
2.883	0.00332672685388053
2.884	0.00445448756710221
2.885	0.00557243870761124
2.886	0.00668058034623381
2.887	0.00777891251666492
2.888	0.00886743520919933
2.889	0.00994614834698966
2.89	0.0110150519733396
2.891	0.0120741462114426
2.892	0.0131234307388221
2.893	0.0141629059534203
2.894	0.0151925715149905
2.895	0.0162124275712467
2.896	0.0172224741521282
2.897	0.018222711233534
2.898	0.0192131388068798
2.899	0.0201937568709484
2.9	0.0211645654278533
2.901	0.0221255644829932
2.902	0.0230767540488534
2.903	0.0240181340997043
2.904	0.0249497045354596
2.905	0.0258714655622108
2.906	0.026783417036398
2.907	0.0276855590872974
2.908	0.0285778915828597
2.909	0.0294604145020723
2.91	0.0303331279086329
2.911	0.031196031885596
2.912	0.0320491263261229
2.913	0.0328924112207754
2.914	0.0337258866690871
2.915	0.0345495525620476
2.916	0.0353634089831243
2.917	0.0361674558717019
2.918	0.0369616932278895
2.919	0.0377461210942152
2.92	0.0385207395242942
2.921	0.0392855483194373
2.922	0.040040547673754
2.923	0.040785737506974
2.924	0.0415211178252361
2.925	0.0422466886187179
2.926	0.0429624499213913
2.927	0.0436684017184077
2.928	0.0443645440106405
2.929	0.0450508767951543
2.93	0.0457274000619283
2.931	0.0463941138060719
2.932	0.0470510180547161
2.933	0.0476981127985308
2.934	0.048335398035599
2.935	0.0489628737339867
2.936	0.0495805399496406
2.937	0.0501883966505908
2.938	0.0507864438424602
2.939	0.0513746815152444
2.94	0.0519531097195045
2.941	0.052521728349432
2.942	0.0530805375254333
2.943	0.0536295371562719
2.944	0.0541687272841224
2.945	0.0546981079360366
2.946	0.0552176790287229
2.947	0.0557274406307406
2.948	0.0562273927174349
2.949	0.0567175353035714
2.95	0.0571978683892075
2.951	0.0576683919525156
2.952	0.0581291060146097
2.953	0.0585800105577018
2.954	0.0590211056044982
2.955	0.0594523911201452
2.956	0.0598738671424469
2.957	0.060285533650068
2.958	0.0606873906530658
2.959	0.0610794381539468
2.96	0.0614616761225616
2.961	0.0618341046079986
2.962	0.0621967235570409
2.963	0.0625495330100046
2.964	0.0628925329535383
2.965	0.0632257233974515
2.966	0.0635491043147421
2.967	0.0638626757343085
2.968	0.064166437641415
2.969	0.0644603900322332
2.97	0.0647445329238228
2.971	0.0650188662929415
2.972	0.0652833901598331
2.973	0.0655381045184832
2.974	0.0657830093687683
2.975	0.066018104705446
2.976	0.0662433905407962
2.977	0.0664588668560287
2.978	0.0666645336662472
2.979	0.0668603909677919
2.98	0.0670464387582901
2.981	0.0672226770406489
2.982	0.0673891058145501
2.983	0.0675457250759206
2.984	0.0676925348300143
2.985	0.0678295350750307
2.986	0.0679567258080151
2.987	0.0680741070334266
2.988	0.068181678748678
2.989	0.0682794409544596
2.99	0.0683673936515525
2.991	0.0684455368382993
2.992	0.0685138705156913
2.993	0.0685723946836958
2.994	0.0686211093422553
2.995	0.0686600144912785
2.996	0.0686891101307281
2.997	0.0687083962607666
2.998	0.0687178728062075
2.999	0.0687175394005991
3	0.068707395930054
