0                   	0                   
1.085375616478835e-08	1.085375616478835e-08
0.0001085484154040483	0.0001085484154040483
0.001193924031882883	0.001193924031882883
0.01204768019667123 	0.01204768019667123 
0.02290143636145958 	0.02290143636145957 
0.03375519252624792 	0.03375519252624792 
0.04460894869103627 	0.04460894869103626 
0.05546270485582462 	0.05546270485582461 
0.06631646102061298 	0.06631646102061295 
0.07717021718540132 	0.07717021718540129 
0.08802397335018966 	0.08802397335018963 
0.098877729514978   	0.09887772951497797 
0.09996310513145684 	0.09996310513145681 
0.09998305099394808 	0.09998305099394805 
0.1000029968564393  	0.1000229427189305  
0.1000229427189306  	0.100062834443913   
0.1002224013438429  	0.1004617516937378  
0.1022169875929667  	0.1044509241919853  
0.1221628500842042  	0.1443426491744602  
0.1421087125754417  	0.1842343741569352  
0.1620545750666792  	0.2241260991394102  
0.1820004375579167  	0.2640178241218852  
0.1839950238070404  	0.2680069966201327  
0.1859896100561642  	0.2719961691183801  
0.1879841963052879  	0.2759853416166276  
0.1899787825544116  	0.2799745141148751  
0.1919733688035354  	0.2839636866131226  
0.1939679550526591  	0.2879528591113701  
0.1959625413017829  	0.2919420316096176  
0.1979571275509066  	0.2959312041078651  
0.1999517138000304  	0.2999203766061125  
0.1999916055250128  	0.3000001600560775  
0.2000314972499953  	0.3001198352310249  
0.2000713889749778  	0.3002395104059724  
0.2004703062248025  	0.3014362621554466  
0.20445947872305    	0.3134037796501891  
0.244351203705525   	0.4330789545976141  
0.2842429286880001  	0.5527541295450391  
0.2882321011862475  	0.5647216470397816  
0.292221273684495   	0.576689164534524   
0.2962104461827425  	0.5886566820292665  
0.2966093634325673  	0.5898534337787407  
0.297008280682392   	0.5910501855282149  
0.2974071979322168  	0.5922469372776891  
0.2978061151820416  	0.5934436890271633  
0.2982050324318664  	0.5946404407766375  
0.2986039496816911  	0.5958371925261117  
0.2990028669315159  	0.5970339442755859  
0.2994017841813407  	0.5982306960250601  
0.2998007014311654  	0.5994274477745343  
0.2998907219865425  	0.5996975094406655  
0.2999807425419196  	0.5999675711067967  
0.3000078004065825  	0.6000758025654481  
0.3000348582712454  	0.6001840340240997  
0.3003054369178743  	0.6012663486106151  
0.3030112233841628  	0.6120894944757691  
0.3300690880470478  	0.7203209531273093  
0.3571269527099328  	0.8285524117788495  
0.3841848173728178  	0.9367838704303897  
0.3868906038391063  	0.9476070162955438  
0.3895963903053948  	0.9584301621606978  
0.3923021767716833  	0.9692533080258517  
0.3950079632379718  	0.9800764538910057  
0.3977137497042603  	0.9908995997561597  
0.3980142060233085  	0.9921014250323528  
0.3983146623423567  	0.9933032503085457  
0.3986316527406705  	0.9945712119018006  
0.3989486431389843  	0.9958391734950557  
0.3992746499357763  	0.9971432006822237  
0.3996006567325682  	0.9984472278693917  
0.3999316957955826  	0.9997713841214492  
0.4000372536090752  	1.000299173188912   
0.4001428114225677  	1.000826962256375   
0.4011983895574932  	1.006104852931002   
0.4117541709067483  	1.058883759677277   
0.4223099522560033  	1.111662666423552   
0.4328657336052584  	1.164441573169828   
0.4434215149545134  	1.217220479916103   
0.4539772963037685  	1.269999386662378   
0.4645330776530235  	1.322778293408653   
0.4750888590022786  	1.375557200154928   
0.4856446403515337  	1.428336106901203   
0.4962004217007887  	1.481115013647479   
0.4972559998357142  	1.486392904322106   
0.4983115779706397  	1.491670794996734   
0.4993671561055653  	1.496948685671361   
0.4995974241659532  	1.498100025973301   
0.4998276922263412  	1.499251366275241   
0.4998957639808372  	1.499591725047721   
0.4999638357353332  	1.499932083820201   
0.5001489336105402  	1.501042671071444   
0.5003340314857473  	1.502153258322686   
0.5021850102378176  	1.513259130835108   
0.5206947977585206  	1.624317855959325   
0.5392045852792235  	1.735376581083543   
0.5577143727999265  	1.846435306207761   
0.5762241603206295  	1.957494031331978   
0.5947339478413325  	2.068552756456196   
0.5965849265934028  	2.079658628968617   
0.5984359053454731  	2.090764501481039   
0.5987959270551289  	2.092924631738974   
0.5991559487647846  	2.095084761996908   
0.5996585672428153  	2.098100472865092   
0.5998465006936999  	2.0992280735704     
0.6000344341445846  	2.100543607726592   
0.6002223675954692  	2.101859141882784   
0.6021017021043155  	2.115014483444708   
0.6208950471927777  	2.246567899063943   
0.6396883922812399  	2.378121314683178   
0.6584817373697021  	2.509674730302414   
0.6772750824581643  	2.641228145921649   
0.6960684275466265  	2.772781561540884   
0.6979477620554727  	2.785936903102808   
0.699827096564319   	2.799092244664731   
0.7002029634660882  	2.802099179878885   
0.7005788303678575  	2.805106115093039   
0.7043374993855499  	2.835175467234578   
0.7419241895624743  	3.135868988649973   
0.7795108797393987  	3.436562510065368   
0.7832695487570911  	3.466631862206907   
0.7870282177747835  	3.496701214348447   
0.7907868867924759  	3.526770566489986   
0.7945455558101683  	3.556839918631526   
0.7983042248278607  	3.586909270773066   
0.7989755316778741  	3.592279725573173   
0.7996468385278874  	3.59765018037328    
0.7998265360378034  	3.599087760452607   
0.8000062335477194  	3.600705038041851   
0.8001859310576354  	3.602322315631096   
0.8019829061567953  	3.618495091523536   
0.8199526571483954  	3.780222850447936   
0.8379224081399954  	3.941950609372337   
0.8558921591315954  	4.103678368296737   
0.8738619101231955  	4.265406127221138   
0.8918316611147955  	4.427133886145539   
0.8936286362139555  	4.443306662037979   
0.8954256113131155  	4.459479437930419   
0.8972225864122755  	4.475652213822859   
0.8990195615114355  	4.491824989715299   
0.8993789565312674  	4.495059544893787   
0.8997383515510994  	4.498294100072275   
0.9004732569384045  	4.505643153945326   
0.9012081623257097  	4.512992207818376   
0.9085572161987605  	4.586482746548885   
0.9820477549292691  	5.321388133853971   
0.9893968088023199  	5.394878672584481   
0.9967458626753708  	5.46836921131499    
0.9979043216773426  	5.479953801334708   
0.9990627806793143  	5.491538391354426   
0.99935428951441    	5.494453479705383   
0.9996457983495056  	5.49736856805634    
1.000377336862947   	5.5054154917042     
1.001108875376389   	5.513462415352061   
1.008424260510808   	5.593931651830663   
1.081578111854991   	6.398624016616685   
1.08889349698941    	6.479093253095287   
1.096208882123828   	6.559562489573889   
1.097474568540308   	6.573485040155167   
1.098740254956788   	6.587407590736445   
1.09907392639139    	6.591077976517069   
1.099407597825992   	6.594748362297693   
1.100264688783643   	6.605033453789503   
1.101121779741294   	6.615318545281313   
1.109692689317802   	6.718169460199409   
1.195401785082882   	7.74667860938037    
1.196890428401267   	7.76454232920099    
1.198379071719652   	7.782406049021611   
1.198772350418701   	7.7871253934102     
1.19916562911775    	7.791844737798789   
1.20017694802074    	7.804991883537659   
1.20118826692373    	7.818139029276528   
1.211301455953629   	7.949610486665221   
1.221414644983529   	8.081081944053913   
1.231527834013428   	8.212553401442605   
1.241641023043327   	8.344024858831297   
1.251754212073227   	8.475496316219989   
1.261867401103126   	8.60696777360868    
1.271980590133025   	8.738439230997372   
1.282093779162925   	8.869910688386064   
1.292206968192824   	9.001382145774755   
1.293949894655688   	9.024040189791986   
1.295692821118552   	9.046698233809217   
1.297986664680709   	9.076518200117258   
1.298820192047347   	9.087354055883553   
1.299653719413985   	9.098189911649849   
1.30124451823366    	9.120461095125298   
1.302835317053336   	9.142732278600748   
1.318743305250086   	9.365444113355252   
1.334651293446836   	9.588155948109756   
1.350559281643587   	9.810867782864261   
1.366467269840337   	10.03357961761876   
1.382375258037087   	10.25629145237327   
1.398283246233837   	10.47900328712777   
1.398754922522568   	10.48560675517      
1.399226598811299   	10.49221022321223   
1.400511594381006   	10.51148515675784   
1.401796589950713   	10.53076009030343   
1.414646545647779   	10.72350942575944   
1.427496501344846   	10.91625876121544   
1.440346457041913   	11.10900809667144   
1.45319641273898    	11.30175743212744   
1.466046368436046   	11.49450676758345   
1.478896324133113   	11.68725610303945   
1.49174627983018    	11.88000543849545   
1.494003017811258   	11.91385650821163   
1.496259755792337   	11.94770757792781   
1.499258944887468   	11.99269541435478   
1.500354364546822   	12.01022212890443   
1.501449784206175   	12.02774884345409   
1.512403980799709   	12.20301598895064   
1.523358177393243   	12.37828313444718   
1.534312373986778   	12.55355027994373   
1.545266570580312   	12.72881742544028   
1.556220767173846   	12.90408457093683   
1.56717496376738    	13.07935171643338   
1.578129160360915   	13.25461886192992   
1.589083356954449   	13.42988600742647   
1.591298630406147   	13.46533038265365   
1.593513903857846   	13.50077475788082   
1.596672492788472   	13.55131218077084   
1.599831081719097   	13.60184960366085   
1.600588218669963   	13.61472093182556   
1.601345355620828   	13.62759225999027   
1.608916725129482   	13.75630554163739   
1.684630420216023   	15.04343835810858   
1.692201789724677   	15.1721516397557    
1.699773159233331   	15.30086492140282   
1.701287433135062   	15.32812185163398   
1.702801707036793   	15.35537878186513   
1.717944446054101   	15.62794808417668   
1.73308718507141    	15.90051738648822   
1.748229924088718   	16.17308668879977   
1.763372663106026   	16.44565599111132   
1.778515402123334   	16.71822529342286   
1.793658141140642   	16.99079459573441   
1.796587523874521   	17.04352348494422   
1.7995169066084     	17.09625237415404   
1.800334306929447   	17.11178298025393   
1.801151707250494   	17.12731358635382   
1.809325710460962   	17.28261964735272   
1.891065742565649   	18.83568025734177   
1.899239745776118   	18.99098631834067   
1.901515077522634   	19.03649295327099   
1.90379040926915    	19.08199958820131   
1.92654372673431    	19.53706593750451   
1.94929704419947    	19.99213228680771   
1.97205036166463    	20.44719863611091   
1.99480367912979    	20.90226498541411   
1.998786237928519   	20.98191616138869   
2.002768796727248   	21.065549896162     
2.006751355525977   	21.14918363093531   
2.046576943513268   	21.98552097866843   
2.08640253150056    	22.82185832640154   
2.091907958917492   	22.93747230215711   
2.097413386334424   	23.05308627791268   
2.098714524899964   	23.08041018778903   
2.100015663465504   	23.10903523623092   
2.101316802031044   	23.1376602846728    
2.114328187686447   	23.42391076909167   
2.12733957334185    	23.71016125351053   
2.140350958997252   	23.9964117379294    
2.153362344652655   	24.28266222234826   
2.166373730308058   	24.56891270676713   
2.179385115963461   	24.85516319118599   
2.192396501618864   	25.14141367560486   
2.194998778749945   	25.19866377248863   
2.197601055881025   	25.25591386937241   
2.202282540196985   	25.36358800863947   
2.206964024512944   	25.47126214790654   
2.25377886767254    	26.54800354057724   
2.260216539167837   	26.69606998496907   
2.266654210663134   	26.8441364293609    
2.274245391244378   	27.01873358272952   
2.281836571825623   	27.19333073609814   
2.290133264959828   	27.38415467818486   
2.298429958094033   	27.57497862027158   
2.300176818342361   	27.61690326623144   
2.301923678590688   	27.65882791219128   
2.319392281073958   	28.07807437178979   
2.336860883557229   	28.49732083138829   
2.3543294860405     	28.9165672909868    
2.371798088523771   	29.3358137505853    
2.389266691007042   	29.75506021018381   
2.392760411503696   	29.83890950210351   
2.39625413200035    	29.92275879402321   
2.402158273416188   	30.07036232941916   
2.408062414832026   	30.21796586481511   
2.467103828990405   	31.6940012187746    
2.475002876539683   	31.89147740750655   
2.482901924088961   	32.0889535962385    
2.492095238720069   	32.31878646201619   
2.495242769509304   	32.39747473174707   
2.49839030029854    	32.47616300147796   
2.504228426720021   	32.62795428843648   
2.510066553141503   	32.779745575395     
2.56844781735632    	34.29765844498024   
2.576618749395398   	34.51010267799627   
2.584789681434476   	34.7225469110123    
2.594515886806062   	34.97542825067354   
2.597883750740995   	35.0629927129818    
2.601251614675928   	35.15392503922499   
2.604619478610861   	35.24485736546818   
2.63829811796019    	36.15418062790006   
2.671976757309519   	37.06350389033194   
2.678428074199872   	37.23768944637148   
2.684879391090226   	37.41187500241101   
2.693850089820567   	37.65408386813024   
2.697206044213074   	37.74469463672791   
2.70056199860558    	37.83866135971808   
2.703917952998086   	37.93262808270826   
2.737477496923149   	38.87229531261003   
2.771037040848213   	39.8119625425118    
2.777711385683867   	39.99884419791012   
2.784385730519521   	40.18572585330843   
2.793842298946487   	40.45050976926348   
2.79741356058272    	40.55050509507801   
2.800984822218953   	40.65407168252877   
2.804556083855186   	40.75763826997952   
2.840268700217516   	41.7933041444871    
2.875981316579847   	42.82897001899469   
2.883122490829237   	43.03606407222701   
2.890263665078627   	43.24315812545932   
2.892293043476835   	43.30201009900734   
2.894322421875042   	43.36086207255536   
2.899738935009827   	43.51794095346414   
2.905155448144613   	43.68043634750771   
2.910571961279399   	43.84293174155128   
2.964737092627255   	45.46788568198696   
2.973798576735268   	45.73973020522736   
2.982860060843282   	46.01157472846776   
2.994650221423294   	46.36527954586813   
2.998919380578686   	46.49335432052987   
3.003188539734077   	46.62569825434701   
3.007457698889469   	46.75804218816415   
3.050149290443384   	48.08148152633554   
3.0928408819973     	49.40492086450693   
3.101226585683652   	49.6732633824702    
3.109612289370004   	49.94160590043346   
3.193469326233524   	52.62503108006609   
3.195895246392888   	52.70266052516577   
3.198321166552253   	52.78028997026544   
3.204854796469208   	52.99589975752492   
3.211388426386162   	53.21150954478441   
3.276724725555703   	55.36760741737927   
3.287706781691654   	55.73001526986566   
3.298688837827605   	56.09242312235205   
3.309670893963557   	56.46581303097438   
3.320652950099508   	56.83920293959672   
3.335078863980974   	57.32968401156655   
3.349504777862439   	57.82016508353638   
3.366180636544704   	58.38714427873336   
3.382856495226968   	58.95412347393034   
3.399532353909232   	59.52110266912732   
3.405284836186205   	59.72243954882137   
3.411037318463177   	59.92377642851542   
3.468562141232906   	61.93714522545592   
3.479460913640674   	62.3186022597278    
3.490359686048441   	62.70005929399967   
3.49337843297306    	62.80571543636131   
3.496397179897679   	62.91137157872296   
3.504354222832766   	63.19782512438611   
3.512311265767853   	63.48427867004925   
3.591881695118725   	66.34881412668065   
3.605148442485159   	66.83968377923871   
3.618415189851594   	67.33055343179677   
3.635671974773079   	67.96905447389173   
3.652928759694565   	68.60755551598669   
3.670185544616051   	69.24605655808165   
3.687442329537537   	69.88455760017661   
3.690893686521834   	70.01225780859559   
3.694345043506131   	70.13995801701458   
3.703328591830914   	70.48133285335629   
3.712312140155696   	70.82270768969801   
3.726876123655919   	71.37613906270649   
3.741440107156142   	71.92957043571496   
3.760128128702552   	72.63971525447855   
3.778816150248962   	73.34986007324213   
3.797504171795372   	74.06000489200571   
3.804296866010715   	74.32491996640411   
3.811089560226059   	74.58983504080251   
3.879016502379496   	77.23898578478654   
3.892241838349428   	77.75477388761389   
3.90546717431936    	78.28378732641119   
3.918692510289292   	78.81280076520846   
3.937333484229729   	79.55843972282595   
3.955974458170167   	80.30407868044344   
3.974615432110604   	81.04971763806093   
3.993256406051041   	81.79535659567841   
3.996984600839129   	81.94448438720191   
4.000712795627216   	82.09734037351349   
4.004440990415303   	82.25019635982507   
4.041722938296178   	83.77875622294091   
4.079004886177052   	85.30731608605676   
4.089301801531737   	85.72948961559884   
4.099598716886422   	86.15166314514092   
4.111758754870728   	86.66238474048176   
4.123918792855034   	87.17310633582261   
4.142717281773484   	87.96264287039752   
4.161515770691934   	88.75217940497242   
4.180314259610384   	89.54171593954733   
4.199112748528834   	90.33125247412224   
4.202872446312524   	90.49291947882091   
4.206632144096214   	90.65458648351958   
4.244229121933114   	92.27125653050629   
4.281826099770014   	93.887926577493     
4.292673950904814   	94.35438417628943   
4.303521802039614   	94.83168962622065   
4.314369653174414   	95.30899507615187   
4.332934906696165   	96.12586623110892   
4.351500160217916   	96.94273738606596   
4.370065413739667   	97.75960854102298   
4.388630667261418   	98.57647969598003   
4.407195920783169   	99.41191610445883   
4.425761174304919   	100.2473525129376   
4.44432642782667    	101.0827889214164   
4.462891681348421   	101.9182253298952   
4.481456934870172   	102.753661738374    
4.500022188391923   	103.6076634003745   
4.518587441913674   	104.461665062375    
4.537152695435425   	105.3156667243756   
4.555717948957176   	106.1696683863761   
4.574283202478926   	107.0236700483767   
4.592848456000677   	107.8776717103772   
4.611413709522428   	108.7502386258995   
4.629978963044179   	109.6228055414218   
4.64854421656593    	110.4953724569441   
4.667109470087681   	111.3679393724664   
4.685674723609432   	112.2405062879887   
4.704239977131182   	113.1316384570327   
4.722805230652933   	114.0227706260767   
4.741589296897408   	114.9244058058115   
4.760373363141883   	115.8260409855464   
4.779416609653405   	116.7401168180994   
4.798459856164926   	117.6541926506524   
4.817784744139832   	118.6011121614228   
4.837109632114738   	119.5480316721932   
4.856732939257609   	120.5095737221939   
4.876356246400479   	121.4711157721945   
4.89628888614274    	122.4478151195653   
4.916221525885001   	123.4444471066784   
4.936154165627261   	124.4410790937914   
4.956487381551844   	125.4577398900205   
4.976820597476426   	126.4744006862496   
4.997524196626125   	127.5095806437346   
5.018227795775823   	128.5654642003692   
5.038931394925522   	129.6213477570038   
5.060081000567496   	130.6999776447445   
5.081230606209469   	131.7786075324851   
5.10278393738789    	132.899380753763    
5.12433726856631    	134.0201539750408   
5.146279600971701   	135.1611552601212   
5.168221933377091   	136.3021565452015   
5.190549069486612   	137.4631676228966   
5.212876205596133   	138.6465058367012   
5.235203341705653   	139.8298440505058   
5.25801497102659    	141.0388604045155   
5.280826600347527   	142.2478767585252   
5.303638229668463   	143.4797047418558   
5.3264498589894     	144.7115327251864   
5.349906674915492   	145.9782007851954   
5.373363490841585   	147.2448688452044   
5.396820306767677   	148.5115369052134   
5.420277122693769   	149.8016617811485   
5.443733938619862   	151.0917866570836   
5.468038828598412   	152.4285556059039   
5.492343718576962   	153.7653245547241   
5.516648608555513   	155.1263983935229   
5.540953498534063   	156.4874722323217   
5.566131706891234   	157.8974519003232   
5.591309915248405   	159.3074315683248   
5.616488123605576   	160.7425894446835   
5.641666331962747   	162.1777473210423   
5.667754630900486   	163.6647803604934   
5.693842929838225   	165.1518133999445   
5.719931228775964   	166.6649347383334   
5.746019527713703   	168.1780560767222   
5.772107826651443   	169.6911774151111   
5.798196125589182   	171.2042987534999   
5.824284424526921   	172.7435083908265   
5.85037272346466    	174.2827180281531   
5.876461022402399   	175.8219276654797   
5.902549321340138   	177.387225601744    
5.928637620277877   	178.9525235380084   
5.956532741757793   	180.6262308268033   
5.984427863237709   	182.2999381155982   
6.012322984717625   	184.0015405258731   
6.040218106197541   	185.7031429361479   
6.068113227677457   	187.4047453464228   
6.096008349157373   	189.1063477566977   
6.123903470637289   	190.8358452884524   
6.151798592117204   	192.5653428202072   
6.17969371359712    	194.294840351962    
6.207588835077036   	196.0522330051967   
6.235483956556952   	197.8096256584313   
6.263379078036868   	199.567018311666    
6.291274199516784   	201.3244109649007   
6.3191693209967     	203.1096987396153   
6.347064442476616   	204.8949865143299   
6.374959563956532   	206.6802742890445   
6.402854685436448   	208.493457185239    
6.430749806916364   	210.3066400814336   
6.458644928396279   	212.1198229776281   
6.486540049876195   	213.9330058738226   
6.514435171356111   	215.774083891497    
6.542330292836027   	217.6151619091715   
6.570225414315943   	219.4562399268459   
6.598120535795859   	221.2973179445203   
6.626015657275775   	223.1662910836747   
6.653910778755691   	225.035264222829    
6.681805900235607   	226.9042373619833   
6.709701021715523   	228.8011056226176   
6.737596143195439   	230.6979738832519   
6.765491264675354   	232.5948421438861   
6.79338638615527    	234.4917104045204   
6.821281507635186   	236.4164737866346   
6.849176629115102   	238.3412371687487   
6.877071750595018   	240.2660005508629   
6.904966872074934   	242.218659054457    
6.93286199355485    	244.1713175580511   
6.960757115034766   	246.1239760616452   
6.988652236514682   	248.0766345652393   
7.016547357994598   	250.0571881903133   
7.044442479474514   	252.0377418153873   
7.072392635442522   	254.0222028891159   
7.100342791410529   	256.0346141188125   
7.128292947378537   	258.0470253485091   
7.156602216857809   	260.0852927510167   
7.18491148633708    	262.1235601535242   
7.21362619044593    	264.2197335534702   
7.24234089455478    	266.3159069534163   
7.271490828921034   	268.4438521621528   
7.300640763287288   	270.6009473052557   
7.329790697653542   	272.7580424483584   
7.359513806719793   	274.957552519261    
7.389236915786044   	277.1570625901636   
7.419491878930413   	279.4261848259913   
7.449746842074782   	281.695307061819    
7.480520174593785   	284.0033070007443   
7.511293507112788   	286.3420802721885   
7.542066839631792   	288.6808535436328   
7.573485124854924   	291.0686432205908   
7.604903410078057   	293.487851182772    
7.63632169530119    	295.9070591449532   
7.668462366428131   	298.3818908217278   
7.700603037555073   	300.8888631696293   
7.732743708682015   	303.3958355175308   
7.765660548647688   	305.9633490348533   
7.798577388613361   	308.5308625521758   
7.831494228579034   	311.131292909464    
7.864411068544707   	313.7317232667522   
7.898285647623277   	316.4078150139592   
7.932160226701847   	319.1177813402448   
7.966034805780417   	321.8277476665304   
7.999909384858987   	324.537713992816    
8.033783963937557   	327.2815548981802   
8.067658543016128   	330.0253958035443   
8.101533122094699   	332.803111287987    
8.13540770117327    	335.5808267724298   
8.170947968811459   	338.4951287187614   
8.206488236449649   	341.4449709327312   
8.242028504087839   	344.394813146701    
8.278907038487024   	347.4557315018333   
8.315785572886208   	350.5535283913647   
8.352664107285392   	353.6513252808961   
8.389542641684576   	356.7491221704275   
8.42642117608376    	359.8837975943582   
8.463299710482945   	363.0184730182888   
8.500178244882129   	366.1900269766186   
8.537056779281313   	369.3615809349484   
8.573935313680497   	372.5331348932782   
8.610813848079681   	375.7415673860072   
8.647692382478866   	378.9499998787362   
8.68457091687805    	382.1584323714652   
8.721449451277234   	385.4037433985934   
8.758327985676418   	388.6490544257215   
8.795206520075602   	391.8943654528497   
8.832085054474787   	395.176555014377    
8.868963588873971   	398.4587445759043   
8.905842123273155   	401.7778126718309   
8.942720657672339   	405.0968807677574   
8.979599192071523   	408.4159488636839   
9.016477726470708   	411.7718954940096   
9.053356260869892   	415.1278421243354   
9.090234795269076   	418.4837887546611   
9.12711332966826    	421.876613919386    
9.163991864067444   	425.2694390841109   
9.200870398466629   	428.699142783235    
9.237748932865813   	432.1288464823591   
9.274627467264997   	435.5585501814832   
9.311506001664181   	439.0251324150065   
9.348384536063366   	442.4917146485298   
9.38526307046255    	445.958296882053    
9.422141604861734   	449.4617576499754   
9.459020139260918   	452.9652184178979   
9.496330837898885   	456.5097347885047   
9.533641536536852   	460.0915618577495   
9.570952235174818   	463.6733889269943   
9.608921902527529   	467.3564466602072   
9.646891569880239   	471.0395043934201   
9.684121879657178   	474.6508444417831   
9.721352189434118   	478.2994147999231   
9.758582499211057   	481.9479851580631   
9.794538190709819   	485.4716429249417   
9.830493882208581   	489.0312563833191   
9.866449573707342   	492.5908698416965   
9.899562266021322   	495.8690263807804   
9.932674958335301   	499.1802956121783   
9.965787650649281   	502.4915648435762   
10                  	505.9470030006605   
