0	0.1
6.5607439830364e-05	0.100065607438939
0.0111003516016479	0.111096061999995
0.0221350957634654	0.122113752311094
0.046983856844253	0.146789648356733
0.0718326179250407	0.171234969671791
0.0966813790058284	0.195354501669744
0.10679936511094	0.205110549677412
0.116917351216052	0.214795287074613
0.127035337321164	0.224402457931107
0.152131534518305	0.247869417260005
0.177227731715445	0.270791721559897
0.202323928912586	0.293048572831722
0.227420126109727	0.314541636352907
0.252516323306868	0.335182218370639
0.303809402065522	0.374342054724132
0.355102480824176	0.408976360959701
0.406395559582831	0.438518516091138
0.457688638341485	0.462456908739104
0.536503329553454	0.487465078263382
0.615318020765422	0.49735209797002
0.694132711977391	0.491702414856758
0.772947403189359	0.470729770784712
0.882751032899833	0.41765118484439
0.992554662610307	0.340466950652985
1.10235829232078	0.244963017878361
1.21216192203125	0.138405964230061
1.32196555174173	0.0289115249285934
1.35152704955538	0
1.35152704955538	0
1.36269380380901	-0.0107272468877857
1.37386055806265	-0.0213632704613682
1.39728274527827	-0.0433668146462728
1.4207049324939	-0.0649126931957167
1.44412711970952	-0.0859009821478653
1.46754930692515	-0.106250593409316
1.49097149414077	-0.125888284582357
1.53678001338092	-0.161958045465468
1.58258853262107	-0.194587972651772
1.62839705186122	-0.223350058236091
1.67420557110137	-0.247848132456296
1.74348140204369	-0.276104989848998
1.81275723298601	-0.293022740294409
1.88203306392833	-0.298073683643149
1.95130889487065	-0.291101604194485
2.03342376534743	-0.267555559045321
2.1155386358242	-0.228384595544753
2.19765350630097	-0.175261583994836
2.32384487167442	-0.0717442489956306
2.40017518009458	1.00000268066225e-08
2.40017518009458	1.00000268066225e-08
2.40018602853018	1.05105876793132e-05
2.40979033900999	0.0093623602300994
2.44226516335504	0.0413152733818829
2.47473998770009	0.0735680749699221
2.52750419535631	0.126084934193841
2.58026840301253	0.1780763096702
2.63303261066874	0.228673553857528
2.68579681832496	0.277003547440223
2.73856102598118	0.322223300897568
2.81908962871054	0.383690794276564
2.89961823143991	0.433839648753756
2.98014683416927	0.470366924350334
3.05500979762744	0.490723921327619
3.12987276108561	0.497251699275766
3.20473572454377	0.489739485485642
3.33310298889511	0.445408956998324
3.46147025324645	0.365479370040677
3.58983751759779	0.257918001205547
3.71820478194913	0.133809591751066
3.84657204630047	0.00608805992273309
3.85282939291262	0
3.85282939291262	0
3.86399458745609	-0.010725493387967
3.87515978199956	-0.0213597648867456
3.89858216851488	-0.0433628665619461
3.92200455503019	-0.0649082051365276
3.94542694154551	-0.0858958491100362
3.96884932806083	-0.10624470867253
3.99227171457615	-0.125881541925319
4.03807746472955	-0.161946959905638
4.08388321488296	-0.194572667520097
4.12968896503637	-0.223330759601042
4.17549471518977	-0.247825168312299
4.2447672247665	-0.276077581288614
4.31403973434323	-0.292991793975475
4.38331224391996	-0.298040264186091
4.45258475349668	-0.291066865851636
4.53470412940031	-0.267517555570468
4.61682350530395	-0.228341832830939
4.69894288120758	-0.175212933195805
4.82507731212331	-0.071743312094561
4.90140932651696	1.00000534519751e-08
4.90140932651696	1.00000534519751e-08
4.91391777108703	0.0121998053131089
4.9264262156571	0.024480335832628
4.94990728683235	0.0476655913214543
4.97338835800761	0.0710035193411873
5.01755653066191	0.115018815045241
5.06172470331621	0.158811163036672
5.1058928759705	0.201867180223477
5.1500610486248	0.243665773100565
5.1942292212791	0.283695722735923
5.24650496590084	0.328192831467874
5.29878071052258	0.368832711891761
5.35105645514432	0.404870904885811
5.45460645179754	0.460403218049178
5.55815644845076	0.49181304479353
5.66170644510399	0.496906925461818
5.76525644175721	0.475327288007995
5.86880643841043	0.428531149681758
5.97019475760426	0.361096882152688
6.07158307679808	0.276690915892891
6.17297139599191	0.180892729744215
6.27435971518574	0.0799599215208009
6.35535479919065	-6.93889390390723e-14
6.35535479919065	-6.93889390390723e-14
6.36646326725142	-0.0106616427749217
6.37757173531219	-0.0212321154140446
6.40100146626107	-0.0432189167707736
6.42443119720996	-0.064744378494384
6.44786092815884	-0.085708292499288
6.47129065910773	-0.106029506052469
6.49472039005662	-0.125634795649031
6.54042529429024	-0.161541478891699
6.58613019852386	-0.194012902410615
6.63183510275748	-0.222624900080233
6.6775400069911	-0.246985114026815
6.74669130172069	-0.275074386161571
6.81584259645029	-0.291858482769436
6.88499389117988	-0.296815641098679
6.95414518590947	-0.289793027682685
7.03643087876306	-0.266122328244298
7.11871657161664	-0.226770097669237
7.20100226447023	-0.173423128124365
7.32515894974228	-0.0716016150378992
7.40143435405449	1.00001540381811e-08
7.40143435405449	1.00001540381811e-08
7.41385342861538	0.0121033960023444
7.42627250317627	0.0242876788011834
7.44975880316857	0.0474643717304046
7.47324510316088	0.0707983744913305
7.51592476419727	0.113333660246605
7.55860442523366	0.155696030820415
7.60128408627005	0.197421141477528
7.64396374730644	0.238037223076739
7.68664340834283	0.277080327669252
7.73935314932481	0.322528368933799
7.7920628903068	0.364173276483889
7.84477263128878	0.401245243271735
7.97913003676278	0.47114566817833
8.05113052127074	0.491615775805106
8.12313100577869	0.49929793726922
8.19513149028665	0.493982378344709
8.30406246479353	0.461836254222449
8.41299343930042	0.402860749767173
8.52192441380731	0.32134525263502
8.6308553883142	0.223373203766229
8.73978636282109	0.116298459571384
8.84871733732798	0.00812592895927167
8.85708640983273	-3.33066907387547e-16
8.85708640983273	-3.33066907387547e-16
8.86817417718595	-0.0106383048567906
8.87926194453918	-0.0211854584145212
8.90269440297335	-0.0431662097083082
8.92612686140752	-0.0646843005999688
8.94955931984169	-0.0856394208881817
8.97299177827586	-0.105950394635778
8.99642423671003	-0.125544005170827
9.04209227359325	-0.161392376511749
9.08776031047647	-0.193807095255117
9.13342834735969	-0.222365361007145
9.17909638424291	-0.246676171226337
9.24820324126145	-0.274705174198028
9.31731009827998	-0.291441077428926
9.38641695529852	-0.296364244026346
9.45552381231705	-0.289323058071627
9.53787141700864	-0.26560675652473
9.62021902170023	-0.226188422990841
9.70256662639181	-0.172759932091411
9.7849142310834	-0.107622582229606
9.86726183577498	-0.0335668803224065
9.90241763842304	1.00000006053591e-08
9.90241763842304	1.00000006053591e-08
9.90242829477495	1.03140813922931e-05
9.91196077714466	0.00928323518944629
9.9444466783189	0.0412236228509422
9.97693257949315	0.073473602427903
10	0.0964832126695123
