0	4
6.5607439830364e-05	3.99986878512034
0.0111003516016479	3.9777992967967
0.0221350957634654	3.95572980847307
0.046983856844253	3.90603228631149
0.0718326179250407	3.85633476414992
0.0966813790058284	3.80663724198834
0.10679936511094	3.78640126977812
0.116917351216052	3.7661652975679
0.127035337321164	3.74592932535767
0.152131534518305	3.69573693096339
0.177227731715445	3.64554453656911
0.202323928912586	3.59535214217483
0.227420126109727	3.54515974778054
0.252516323306868	3.49496735338626
0.303809402065522	3.39238119586895
0.355102480824176	3.28979503835165
0.406395559582831	3.18720888083434
0.457688638341485	3.08462272331703
0.536503329553454	2.92699334089309
0.615318020765422	2.76936395846915
0.694132711977391	2.61173457604522
0.772947403189359	2.45410519362128
0.882751032899833	2.23449793420033
0.992554662610307	2.01489067477938
1.10235829232078	1.79528341535844
1.21216192203125	1.57567615593749
1.32196555174173	1.35606889651654
1.35152704955538	1.29694590088924
1.35152704955538	1.29694590088924
1.36269380380901	1.27461239238197
1.37386055806265	1.2522788838747
1.39728274527827	1.20543450944345
1.4207049324939	1.1585901350122
1.44412711970952	1.11174576058095
1.46754930692515	1.0649013861497
1.49097149414077	1.01805701171845
1.53678001338092	0.92643997323815
1.58258853262107	0.834822934757851
1.62839705186122	0.743205896277552
1.67420557110137	0.651588857797253
1.74348140204369	0.513037195912613
1.81275723298601	0.374485534027973
1.88203306392833	0.235933872143333
1.95130889487065	0.0973822102586934
2.03342376534743	-0.0668475306948529
2.1155386358242	-0.231077271648399
2.19765350630097	-0.395307012601945
2.32384487167442	-0.647689743348849
2.40017518009458	-0.800350360189154
2.40017518009458	-0.800350360189154
2.40018602853018	-0.800372057060361
2.40979033900999	-0.819580678019974
2.44226516335504	-0.884530326710078
2.47473998770009	-0.949479975400182
2.52750419535631	-1.05500839071262
2.58026840301253	-1.16053680602505
2.63303261066874	-1.26606522133749
2.68579681832496	-1.37159363664992
2.73856102598118	-1.47712205196236
2.81908962871054	-1.63817925742109
2.89961823143991	-1.79923646287982
2.98014683416927	-1.96029366833855
3.05500979762744	-2.11001959525488
3.12987276108561	-2.25974552217121
3.20473572454377	-2.40947144908755
3.33310298889511	-2.66620597779023
3.46147025324645	-2.92294050649291
3.58983751759779	-3.17967503519559
3.71820478194913	-3.43640956389827
3.84657204630047	-3.69314409260095
3.85282939291262	-3.70565878582525
3.85282939291262	-3.70565878582525
3.86399458745609	-3.72798917491219
3.87515978199956	-3.75031956399912
3.89858216851488	-3.79716433702975
3.92200455503019	-3.84400911006039
3.94542694154551	-3.89085388309103
3.96884932806083	-3.93769865612166
3.99227171457615	-3.9845434291523
4.03807746472955	-4.07615492945911
4.08388321488296	-4.16776642976593
4.12968896503637	-4.25937793007274
4.17549471518977	-4.35098943037955
4.2447672247665	-4.48953444953301
4.31403973434323	-4.62807946868646
4.38331224391996	-4.76662448783992
4.45258475349668	-4.90516950699337
4.53470412940031	-5.06940825880063
4.61682350530395	-5.2336470106079
4.69894288120758	-5.39788576241516
4.82507731212331	-5.65015462424663
4.90140932651696	-5.80281865303393
4.90140932651696	-5.80281865303393
4.91391777108703	-5.82783554217407
4.9264262156571	-5.85285243131421
4.94990728683235	-5.89981457366472
4.97338835800761	-5.94677671601522
5.01755653066191	-6.03511306132382
5.06172470331621	-6.12344940663242
5.1058928759705	-6.21178575194102
5.1500610486248	-6.30012209724962
5.1942292212791	-6.38845844255822
5.24650496590084	-6.4930099318017
5.29878071052258	-6.59756142104518
5.35105645514432	-6.70211291028866
5.45460645179754	-6.9092129035951
5.55815644845076	-7.11631289690154
5.66170644510399	-7.32341289020798
5.76525644175721	-7.53051288351442
5.86880643841043	-7.73761287682087
5.97019475760426	-7.94038951520852
6.07158307679808	-8.14316615359618
6.17297139599191	-8.34594279198383
6.27435971518574	-8.54871943037149
6.35535479919065	-8.7107095983813
6.35535479919065	-8.7107095983813
6.36646326725142	-8.73292653450284
6.37757173531219	-8.75514347062438
6.40100146626107	-8.80200293252215
6.42443119720996	-8.84886239441992
6.44786092815884	-8.8957218563177
6.47129065910773	-8.94258131821547
6.49472039005662	-8.98944078011324
6.54042529429024	-9.08085058858048
6.58613019852386	-9.17226039704773
6.63183510275748	-9.26367020551497
6.6775400069911	-9.35508001398221
6.74669130172069	-9.4933826034414
6.81584259645029	-9.63168519290058
6.88499389117988	-9.76998778235976
6.95414518590947	-9.90829037181895
7.03643087876306	-10.0728617575261
7.11871657161664	-10.2374331432333
7.20100226447023	-10.4020045289405
7.32515894974228	-10.6503178994846
7.40143435405449	-10.802868708109
7.40143435405449	-10.802868708109
7.41385342861538	-10.8277068572308
7.42627250317627	-10.8525450063525
7.44975880316857	-10.8995176063371
7.47324510316088	-10.9464902063218
7.51592476419727	-11.0318495283945
7.55860442523366	-11.1172088504673
7.60128408627005	-11.2025681725401
7.64396374730644	-11.2879274946129
7.68664340834283	-11.3732868166857
7.73935314932481	-11.4787062986496
7.7920628903068	-11.5841257806136
7.84477263128878	-11.6895452625776
7.97913003676278	-11.9582600735256
8.05113052127074	-12.1022610425415
8.12313100577869	-12.2462620115574
8.19513149028665	-12.3902629805733
8.30406246479353	-12.6081249295871
8.41299343930042	-12.8259868786008
8.52192441380731	-13.0438488276146
8.6308553883142	-13.2617107766284
8.73978636282109	-13.4795727256422
8.84871733732798	-13.697434674656
8.85708640983273	-13.7141728196655
8.85708640983273	-13.7141728196655
8.86817417718595	-13.7363483543719
8.87926194453918	-13.7585238890784
8.90269440297335	-13.8053888059467
8.92612686140752	-13.852253722815
8.94955931984169	-13.8991186396834
8.97299177827586	-13.9459835565517
8.99642423671003	-13.9928484734201
9.04209227359325	-14.0841845471865
9.08776031047647	-14.1755206209529
9.13342834735969	-14.2668566947194
9.17909638424291	-14.3581927684858
9.24820324126145	-14.4964064825229
9.31731009827998	-14.63462019656
9.38641695529852	-14.772833910597
9.45552381231705	-14.9110476246341
9.53787141700864	-15.0757428340173
9.62021902170023	-15.2404380434005
9.70256662639181	-15.4051332527836
9.7849142310834	-15.5698284621668
9.86726183577498	-15.73452367155
9.90241763842304	-15.8048352768461
9.90241763842304	-15.8048352768461
9.90242829477495	-15.8048565895499
9.91196077714466	-15.8239215542893
9.9444466783189	-15.8888933566378
9.97693257949315	-15.9538651589863
10	-16
