0                   	0                   
6.560743983036397e-05	0                   
0.01110035160164786 	0                   
0.02213509576346536 	0                   
0.04698385684425303 	0                   
0.0718326179250407  	0                   
0.09668137900582836 	0                   
0.1067993651109402  	0                   
0.1169173512160521  	0                   
0.1270353373211639  	0                   
0.1521315345183047  	0                   
0.1772277317154454  	0                   
0.2023239289125862  	0                   
0.2274201261097269  	0                   
0.2525163233068677  	0                   
0.303809402065522   	0                   
0.3551024808241763  	0                   
0.4063955595828306  	0                   
0.4576886383414849  	0                   
0.5365033295534536  	0                   
0.6153180207654222  	0                   
0.6941327119773908  	0                   
0.7729474031893594  	0                   
0.8827510328998333  	0                   
0.9925546626103071  	0                   
1.102358292320781   	0                   
1.212161922031255   	0                   
1.321965551741729   	0                   
1.351527049555377   	0                   
1.351527049555377   	0                   
1.362693803809013   	0                   
1.373860558062649   	0                   
1.397282745278274   	0                   
1.420704932493899   	0                   
1.444127119709524   	0                   
1.467549306925149   	0                   
1.490971494140774   	0                   
1.536780013380924   	0                   
1.582588532621074   	0                   
1.628397051861223   	0                   
1.674205571101373   	0                   
1.743481402043693   	0                   
1.812757232986012   	0                   
1.882033063928332   	0                   
1.951308894870652   	0                   
2.033423765347425   	0                   
2.115538635824199   	0                   
2.197653506300972   	0                   
2.323844871674424   	0                   
2.400175180094576   	0                   
2.400175180094576   	1                   
2.40018602853018    	1                   
2.409790339009987   	1                   
2.442265163355039   	1                   
2.474739987700091   	1                   
2.527504195356308   	1                   
2.580268403012525   	1                   
2.633032610668743   	1                   
2.68579681832496    	1                   
2.738561025981177   	1                   
2.819089628710543   	1                   
2.899618231439908   	1                   
2.980146834169273   	1                   
3.055009797627439   	1                   
3.129872761085605   	1                   
3.204735724543772   	1                   
3.333102988895112   	1                   
3.461470253246452   	1                   
3.589837517597792   	1                   
3.718204781949133   	1                   
3.846572046300473   	1                   
3.852829392912625   	1                   
3.852829392912625   	0                   
3.863994587456091   	0                   
3.875159781999558   	0                   
3.898582168514876   	0                   
3.922004555030194   	0                   
3.945426941545512   	0                   
3.96884932806083    	0                   
3.992271714576148   	0                   
4.038077464729554   	0                   
4.08388321488296    	0                   
4.129688965036367   	0                   
4.175494715189774   	0                   
4.244767224766501   	0                   
4.314039734343228   	0                   
4.383312243919955   	0                   
4.452584753496683   	0                   
4.534704129400314   	0                   
4.616823505303945   	0                   
4.698942881207577   	0                   
4.825077312123311   	0                   
4.901409326516958   	0                   
4.901409326516958   	1                   
4.913917771087029   	1                   
4.9264262156571     	1                   
4.949907286832353   	1                   
4.973388358007606   	1                   
5.017556530661905   	1                   
5.061724703316205   	1                   
5.105892875970505   	1                   
5.150061048624805   	1                   
5.194229221279104   	1                   
5.246504965900844   	1                   
5.298780710522583   	1                   
5.351056455144322   	1                   
5.454606451797543   	1                   
5.558156448450765   	1                   
5.661706445103986   	1                   
5.765256441757208   	1                   
5.868806438410429   	1                   
5.970194757604257   	1                   
6.071583076798085   	1                   
6.172971395991913   	1                   
6.27435971518574    	1                   
6.355354799190649   	1                   
6.355354799190649   	0                   
6.366463267251417   	0                   
6.377571735312185   	0                   
6.401001466261071   	0                   
6.424431197209958   	0                   
6.447860928158844   	0                   
6.471290659107731   	0                   
6.494720390056617   	0                   
6.540425294290238   	0                   
6.586130198523859   	0                   
6.63183510275748    	0                   
6.677540006991102   	0                   
6.746691301720694   	0                   
6.815842596450286   	0                   
6.884993891179879   	0                   
6.954145185909471   	0                   
7.036430878763056   	0                   
7.118716571616641   	0                   
7.201002264470226   	0                   
7.32515894974228    	0                   
7.401434354054489   	0                   
7.401434354054489   	1                   
7.413853428615377   	1                   
7.426272503176266   	1                   
7.449758803168571   	1                   
7.473245103160876   	1                   
7.515924764197266   	1                   
7.558604425233657   	1                   
7.601284086270048   	1                   
7.643963747306438   	1                   
7.686643408342829   	1                   
7.739353149324812   	1                   
7.792062890306796   	1                   
7.844772631288779   	1                   
7.97913003676278    	1                   
8.051130521270736   	1                   
8.12313100577869    	1                   
8.195131490286645   	1                   
8.304062464793533   	1                   
8.412993439300422   	1                   
8.52192441380731    	1                   
8.630855388314199   	1                   
8.739786362821087   	1                   
8.848717337327976   	1                   
8.857086409832734   	1                   
8.857086409832734   	0                   
8.868174177185955   	0                   
8.879261944539175   	0                   
8.902694402973346   	0                   
8.926126861407516   	0                   
8.949559319841686   	0                   
8.972991778275857   	0                   
8.996424236710027   	0                   
9.042092273593248   	0                   
9.087760310476469   	0                   
9.13342834735969    	0                   
9.179096384242911   	0                   
9.248203241261447   	0                   
9.317310098279982   	0                   
9.386416955298518   	0                   
9.455523812317054   	0                   
9.53787141700864    	0                   
9.620219021700226   	0                   
9.702566626391812   	0                   
9.784914231083398   	0                   
9.867261835774984   	0                   
9.90241763842304    	0                   
9.90241763842304    	1                   
9.902428294774948   	1                   
9.911960777144657   	1                   
9.944446678318902   	1                   
9.976932579493148   	1                   
10                  	1                   
