0	0
0.00115470053829855	0.00346310161489565
0.00230973445821838	0.00692520337473847
0.00346510195194219	0.0103863052784766
0.00464291436936069	0.0139125873405402
0.00600648430805051	0.0179924205049421
0.00755767900122212	0.0226302504688042
0.00929802104910781	0.0278293213991919
0.0112287895112512	0.033591977865442
0.0115579471503664	0.0345738414510995
0.0131693276308324	0.039377639769619
0.0154293999733543	0.0461085539853707
0.0178763980916833	0.0533872983122513
0.0205110760331624	0.0612140105024193
0.023149441404112	0.0690409909683176
0.0233219963499664	0.069552467764214
0.0262839502842495	0.0783247581354763
0.029429475343405	0.087625515292849
0.0327591395028411	0.0974536984605479
0.0347765251642374	0.10339991231132
0.0361869256892587	0.107552757684852
0.0398232680306332	0.11824484756821
0.0436395452181515	0.129442915991066
0.0464367850698677	0.137635840998988
0.0475778630356804	0.140973963528995
0.0516883752180057	0.152980910746859
0.0559747624097591	0.16547162645167
0.0581323420624979	0.17174735426288
0.0603307440255312	0.178133082969512
0.064896475314431	0.191368854212208
0.0696341954373479	0.205065631380492
0.0698612047445949	0.205720958033851
0.0743188559422246	0.218569628574131
0.0793199000220473	0.232943231993853
0.0816240190945073	0.239550874989694
0.0843754027512814	0.247428022087918
0.0896339075333813	0.262445337321269
0.0934232017942166	0.273236262273542
0.0950013083821476	0.277722206220603
0.100509892249588	0.293345292339558
0.105260457125185	0.306774051852823
0.106151439303659	0.309287781210934
0.111902201231165	0.325476764545633
0.117136235449746	0.340157490940564
0.11779134056856	0.341991164845388
0.123776326319651	0.358705600609475
0.129050065912123	0.373377200307187
0.129892049920262	0.375714439437053
0.13610345321961	0.392913926088251
0.141000900077781	0.406422227671733
0.142426903376122	0.410346250694364
0.148857132065581	0.427990678363569
0.152987492086526	0.439281159751679
0.155369536489925	0.44577637023574
0.162011210675104	0.463825998361204
0.165008820890115	0.471943297613866
0.168692685530632	0.481892711623887
0.175538603843112	0.500308178595539
0.177064541662522	0.504399848932685
0.182367565919229	0.518580097232752
0.18915583182806	0.536646103491442
0.189405583324273	0.537308869335242
0.19650555614685	0.556094632196444
0.201304893650917	0.568732506442831
0.203687039299096	0.574986298337865
0.210975998876368	0.594045680119666
0.213482874371779	0.600574250624108
0.218275827184605	0.613016702702464
0.225692740721008	0.632171558402555
0.225746433818453	0.632309769598399
0.233267928335764	0.651607366236261
0.237967136079779	0.663599989864403
0.24085689665876	0.670949358692616
0.248553237359215	0.690430905247808
0.250265951545045	0.694748070482464
0.256229911748668	0.70972696193569
0.262599257718445	0.725633935511427
0.264069085279487	0.729291031663938
0.271978163802757	0.748883453033294
0.274992335848783	0.756311945915723
0.279903120954198	0.768367534160612
0.287412348336436	0.786692191111253
0.287965558910299	0.788036757728307
0.29607759104857	0.807668992744178
0.299902449358115	0.816871222639281
0.304222640707476	0.827221564316244
0.312412748314389	0.846719621001028
0.312488826269044	0.84689995591636
0.320794450802824	0.866502453601708
0.325001141571096	0.876366511986172
0.329138177442856	0.88602350243013
0.337592613685277	0.905626729945577
0.337604970369244	0.905655252141933
0.345973537674954	0.924881481911018
0.350253182217087	0.934645969780965
0.354498902742712	0.944286210838306
0.362953684294638	0.96334756715484
0.363128668171008	0.96374010697986
0.371794419917715	0.983081994064899
0.375740493586194	0.991826005727179
0.380486217718215	1.00228746268603
0.38854123019181	1.019910714163
0.389279724781196	1.02151782700062
0.398114259017653	1.0406332657079
0.401427699564901	1.04775016653355
0.406959130500944	1.05956518842296
0.414332890243238	1.07519010991587
0.415905356778646	1.07850313886798
0.424901395510932	1.09733057849969
0.427320655745357	1.10235711079062
0.433887055824158	1.1159193231694
0.440335556839112	1.12912558445908
0.442975439712599	1.13449894947119
0.452126131532462	1.15297896100923
0.453427854163059	1.15558946662789
0.461241196353981	1.17115923404928
0.466559088495514	1.18166120147911
0.470461624533886	1.18931774987992
0.479760495422967	1.20739306148806
0.479761284855284	1.20739458595004
0.488994503406682	1.22510399903864
0.493017141893304	1.23274578054745
0.498337446702939	1.24278215516326
0.506343237386898	1.25773596215147
0.507763365594842	1.26036952349972
0.517229652764929	1.27777986446859
0.519775174011875	1.2824187705013
0.526686023009115	1.29491887930849
0.533234967221933	1.30664007394001
0.536230541241336	1.31196024489458
0.545832546250219	1.3288418068411
0.546789625687821	1.33051016442636
0.555394032089483	1.34538923150579
0.560395127681134	1.35394024707621
0.565049119514368	1.36183214601878
0.574089030687374	1.3769836994734
0.574775394813314	1.37812432646941
0.584530949212791	1.39418960056537
0.587922438222183	1.39971039343257
0.594289772130986	1.40998365207796
0.601776174779125	1.42191215953451
0.604125607529388	1.42562147819714
0.614005972417912	1.44104481007187
0.615756153152539	1.44374727724605
0.623862404144417	1.45614516335723
0.629787195727058	1.46508519836814
0.633801576530912	1.47108306821689
0.643802161396986	1.48581917476253
0.643933185817552	1.4860102995991
0.653751582783288	1.50018568487889
0.658162625350263	1.50646178639719
0.663789227866396	1.5143825550389
0.672507893250359	1.52647134635123
0.673894624133198	1.52837304032486
0.684031844147789	1.5421016382162
0.687033108928041	1.54610783099964
0.694164943589483	1.55551844472809
0.701605627783309	1.56517554769612
0.704370585824589	1.56872148011203
0.714619188916103	1.58166623164497
0.716352301290335	1.58382442663161
0.72484589998993	1.59426943038982
0.731183832077275	1.6019233268483
0.735149299757096	1.60665017023154
0.745505551114884	1.61877316017941
0.74618969242129	1.61956275727972
0.755825829965659	1.63053288563403
0.761318995942945	1.63666223492547
0.766226081055684	1.64206002258536
0.776631524126703	1.65326733343873
0.776686127703333	1.65332527720826
0.787166053877698	1.6642809401129
0.792263133909394	1.66949050623057
0.797664682288843	1.67492496645523
0.807947543131142	1.68502870952304
0.808224232910057	1.68529614015858
0.818804734620009	1.69535050205981
0.823997143553989	1.70016206348881
0.82940374764521	1.7050849883639
0.840062740291196	1.7145338656618
0.840129102191825	1.7145916310098
0.850683396633335	1.72360831580038
0.856503366229719	1.72843788119277
0.861384668526511	1.73240930080088
0.872138831984179	1.74090750016132
0.873196247014916	1.741724486596
0.882868628440403	1.74904043440218
0.89017419144483	1.75438121508645
0.893675162163922	1.75688349213118
0.90452209543255	1.76440445562024
0.907608324201365	1.76648049869979
0.915366543985048	1.77157256034783
0.925367312272839	1.77787282557165
0.926280337293858	1.77843305437327
0.937217942932713	1.78495252778442
0.943863687995456	1.78874102677014
0.94818092911008	1.79113135313517
0.95918774897536	1.79697672615429
0.962794295673621	1.79881455788595
0.970197000552291	1.80246552615016
0.981271331227041	1.80762691215495
0.982341133085595	1.80810652355633
0.992327609265112	1.81242016542196
1.00275016187678	1.81661161289999
1.00346466185153	1.81688722925727
1.0146248062202	1.82099984908978
1.02476097294457	1.82442198266817
1.02582434871313	1.82476357480793
1.0370487504729	1.82817039208575
1.04831519557031	1.83122502133814
1.048471665873	1.83126488479264
1.05956133628208	1.8339095634627
1.07088942196751	1.83624819854359
1.07429598902978	1.83688014240255
1.08221990872512	1.83822131362271
1.09360890544903	1.83983757030133
1.10503539557862	1.84109178699115
1.10506684416915	1.84109473405013
1.11644673395033	1.84197754134505
1.12793254479995	1.84250187821469
1.13945302318484	1.84265985480475
1.15100722486657	1.84245030274404
1.16037538570311	1.84201141929772
1.16258701630866	1.84187243433671
1.17420255252855	1.8409240908798
1.18584886836363	1.83960553926709
1.19518649351232	1.8382839763067
1.19753185564225	1.83791527860184
1.20924883341337	1.8358536175878
1.2190006643885	1.83385909622958
1.22099890291562	1.83341931773551
1.23278505927432	1.83061185698072
1.23864300948474	1.8290808820024
1.24461459855312	1.82742806887661
1.25615062049895	1.82397295602869
1.25646827863588	1.82387293850518
1.26836200201663	1.81994189191582
1.27138446843728	1.81888514171898
1.28030596177641	1.81563017884867
1.28574037461161	1.81354849551536
1.29227960975343	1.8109446878927
1.29890465158806	1.80819722060679
1.30428790712889	1.80588376758734
1.31108606175593	1.80285933007827
1.31633361513572	1.80044627477836
1.32245633085198	1.79754507444278
1.32841845221627	1.79463135175513
1.33314703987062	1.79225879459981
1.34054387354309	1.78843817956803
1.34325095606918	1.78700683758105
1.35271154733146	1.78186575359082
1.35282477521453	1.78180292292684
1.36180974414747	1.77671953877579
1.36492846675953	1.77491000534344
1.37018478080809	1.77180831726808
1.37717225249495	1.76758397229036
1.37827259438909	1.7669083289165
1.38591146620921	1.76213977960966
1.38946583645896	1.75987448342855
1.39307138823174	1.75754681460736
1.39997160584755	1.75300832936831
1.40179472257616	1.7517908486153
1.40633047714977	1.7487291100409
1.41254749305128	1.74445603591457
1.41416523279362	1.74332967085465
1.41825417813678	1.74045655973048
1.42383353850603	1.73647523084493
1.42657971432496	1.73448982198144
1.42901937484666	1.73271199920641
1.43399729534907	1.72904325845057
1.43873079171733	1.72550338824507
1.4390397779969	1.72527058401738
1.44293907826403	1.72231485887628
1.4471208386813	1.71910774533399
1.45106769427716	1.71604546562456
1.45154397994362	1.71567361123183
1.45454301417215	1.71332101965266
1.45797352658632	1.71060592445437
1.46117739641685	1.70804708689183
1.46409466502086	1.70569775993922
1.46415028630679	1.70565279240002
1.46685374071918	1.70345913919574
1.46933740440584	1.70142997416451
1.47160069441236	1.69956931676303
1.47364281889234	1.69788104948994
1.47546270649965	1.69636897996658
1.47669510038449	1.69534100875359
1.47701494141756	1.69507371778595
1.47856225504999	1.69377756098844
1.48010956868243	1.69247632136641
1.48165688231486	1.69117000356182
1.48320419594729	1.6898586122166
1.48475150957973	1.68854215197269
1.48629882321216	1.68722062747203
1.48784613684459	1.68589404335657
1.48934179708347	1.68460693943648
1.48943108235909	1.68452996241656
1.49118873956433	1.6830112046707
1.49313192616556	1.68132460693279
1.49526132654521	1.67946731741275
1.49757747089278	1.67743639672785
1.50008076444066	1.67522879487615
1.50203744956405	1.67349415091991
1.50271886120575	1.67288825379827
1.50555064557533	1.67036002704948
1.50856470953502	1.667650900461
1.51176111201786	1.66475746287529
1.5147831429713	1.66200257862839
1.51512049915977	1.66169391023806
1.51862927162264	1.6584698046405
1.5223150838568	1.65505610131909
1.52617779731848	1.65144902915681
1.52758145205279	1.65013080449555
1.53008064702263	1.64777411325251
1.53423247904286	1.64383140122062
1.53855577085351	1.63968930609336
1.5404293499701	1.63788270268838
1.54293205505723	1.63545881455942
1.54753092272364	1.63097263345175
1.55229585890011	1.62628064900719
1.55333089321943	1.62525558824893
1.55705862296277	1.62154680270263
1.56208379025823	1.61650460088508
1.56628637429741	1.61225036276991
1.56723735261377	1.6112830513926
1.57251655634093	1.60588187241388
1.57795174155969	1.60026576332407
1.57930433923613	1.59885945354231
1.58338826387925	1.59459277832817
1.5890614161217	1.58861399838332
1.59237413988594	1.58509508675338
1.594808856473	1.58249602917309
1.6007127292676	1.57614842084023
1.60550671904678	1.57094714475925
1.6067300816982	1.56961321206195
1.61285682058218	1.56289211863323
1.61870565001845	1.55641286369369
1.61911596290962	1.55595604669357
1.62545757476683	1.54885782469841
1.63193717038401	1.541531764158
1.6319733017949	1.54149070599772
1.63835178847973	1.5342072807867
1.64503171954711	1.52650405714555
1.6452905520611	1.52620402813575
1.65165546653389	1.51879048416892
1.65852859802098	1.51070773438775
1.65867485999691	1.51053486562149
1.66534127779526	1.50261820746016
1.67212897593915	1.49448159991795
1.67239562407609	1.49416041764148
1.67951352216347	1.48554401171899
1.68568102561382	1.47801145892193
1.68673459480142	1.47671860269356
1.69403053421682	1.46771710781379
1.69930440468575	1.46115772355363
1.70140604836243	1.45853166863579
1.70887335574876	1.44914548261449
1.71300005674287	1.44392126339185
1.71639074892941	1.43960935442
1.72402296691954	1.42983962058443
1.72677001838104	1.42630168465745
1.73166938626867	1.41996396155764
1.73946025192632	1.4098126049623
1.7406178512718	1.40829666062607
1.74722267110031	1.3996102733677
1.75455080210803	1.38989895288249
1.7551575278714	1.38909148112419
1.76314553843229	1.37841226163236
1.76861479222976	1.37104877114515
1.77119735412598	1.36755738800212
1.77933083889865	1.35650205589284
1.78275768342957	1.35181722768997
1.78748653697293	1.34532663681549
1.79576004308211	1.33389935227429
1.79698725056439	1.3321966716483
1.8040066473755	1.3224202649611
1.8113183905639	1.31216920306547
1.81240153138902	1.31064485449101
1.82084789537885	1.29870766527377
1.82580707917234	1.29165750601686
1.82933844348176	1.28661881373004
1.83791323624803	1.27432114050708
1.8403884664841	1.27075484927855
1.84648671435347	1.26193775001659
1.85507848057844	1.24944166811841
1.8551840637964	1.24928757393047
1.86391723989754	1.23649842119398
1.86997649425546	1.22757462546473
1.87270380794301	1.22354468169713
1.88155481743411	1.21041051279319
1.88497928355238	1.20530623610331
1.89041879523578	1.19717294268034
1.89938333027444	1.1837014855011
1.90010754876336	1.18260955390403
1.90831403443727	1.1701993566551
1.91539708019939	1.15943390963328
1.9173685963046	1.1564286169986
1.92647290470721	1.14250201538319
1.93092110124191	1.13566903575015
1.93560181261332	1.12845889438219
1.94481045676874	1.11421531591704
1.94659932226838	1.11143949105633
1.95400495179623	1.09991789571158
1.96247098680975	1.08668800139011
1.96330732898871	1.08537769766582
1.97264492365296	1.07070914065228
1.97867691125499	1.06119525989116
1.98202132244588	1.0559076427107
1.99145489588454	1.04094564435516
1.99508680151884	1.03516699776332
2.00089898209958	1.02589859985799
2.01042511503576	1.01065388032986
2.01174396713851	1.00853816619114
2.01993232757196	0.99537493325218
2.02870768083641	0.981216798705522
2.02954194098235	0.979868080466614
2.03918336908349	0.964248699375836
2.04618114287219	0.952874954312504
2.04886537440412	0.948504030069556
2.05859215825377	0.932629261186105
2.06402435029868	0.923739459740848
2.06834449392331	0.916657455603083
2.07815370364156	0.900539343831058
2.08231839311895	0.893680611516896
2.08797599571421	0.884348796875347
2.09786480549612	0.867999775437553
2.10116661955412	0.8625305237688
2.1077583110774	0.851596597266018
2.11772402284541	0.835029413879725
2.12070526095118	0.830065164909937
2.12769147534256	0.818417617161533
2.13773154524146	0.80164525792829
2.14112446102044	0.795968824921053
2.14777683038441	0.78482725563664
2.15788889668111	0.767862869648093
2.16271318676754	0.759758106336824
2.16801649718401	0.750840393266359
2.17819840735682	0.733697221781872
2.18596568679718	0.720601396792575
2.18841246933299	0.716472911423152
2.19866230192082	0.699164228310295
2.20895400683804	0.681763137953849
2.21197160636467	0.676657417962915
2.21924848328791	0.664338701053285
2.22960470957804	0.646793761927211
2.23999960466824	0.629169925574834
2.24248856247944	0.624948500151016
2.25039479967953	0.611535348651785
2.26085164687171	0.593788716820429
2.27134396557056	0.575977200255357
2.28187071199832	0.558105477233484
2.29243083875986	0.540178290857524
2.29389873080153	0.537686686471329
2.30298887194966	0.522259172038188
2.31360876017351	0.504242463471911
2.3242588435813	0.486184985528115
2.33238901914121	0.472409191626301
2.33494625749144	0.468077757127365
2.34566430819913	0.449935079025268
2.3564094212328	0.431766435962588
2.35659503340526	0.431452791250423
2.36722081546068	0.413508586213039
2.37684617515256	0.397275752211761
2.37803316853701	0.395275343638742
2.38888054213435	0.377012285922983
2.3940061553314	0.368393953224873
2.39976751419468	0.358715202775738
2.40973214539126	0.341999584360118
2.41067675054826	0.340416553129246
2.42162015466031	0.322099673815959
2.42375863288404	0.318525290281147
2.43261021207999	0.3037472327198
2.43700550659354	0.296420306591045
2.44362550938825	0.285398500664553
2.44926141947063	0.276029463450863
2.45467001187003	0.267050295434532
2.46066969611927	0.257105000042827
2.46574586135127	0.248702551489171
2.47135713317282	0.23942846569418
2.47685423376261	0.230356866265099
2.48142764327205	0.222821001943209
2.48799595473302	0.212015466593284
2.49095965171414	0.207147210355945
2.49917189115265	0.193680560466184
2.50000548932908	0.192315637820293
2.50853977635233	0.178362738976759
2.51038554188067	0.175350092497716
2.51643776953201	0.165485689364654
2.52162245846782	0.157051311813501
2.52407855376678	0.153061404191802
2.53136662413383	0.141242414665803
2.53289551631034	0.138766896147248
2.53808330774337	0.130378216201032
2.54419767209173	0.120511970764744
2.54465916734321	0.119768278128086
2.55085033993997	0.109804129036969
2.55553978899543	0.102272765960512
2.55673204404044	0.100360365689971
2.56229579905532	0.0914481569703789
2.56691209567052	0.0840688123844458
2.56758202981661	0.0829991495957085
2.57255166967056	0.0750736809339704
2.57728396153569	0.0675421206927193
2.57831784995061	0.0658986553408371
2.58155737443059	0.0607543953170196
2.58573995677605	0.0541233673312315
2.5896918224201	0.0478692561465737
2.58975289213136	0.0477726937064285
2.59313674130972	0.0424269202504688
2.59657537305451	0.0370030190125076
2.59978945420789	0.0319409701652431
2.60122147244739	0.0296879782709302
2.6026578664768	0.0274298270714246
2.60537833429264	0.0231571760303555
2.60787965988704	0.0192335347553142
2.61016067708498	0.0156595071564404
2.61222005338057	0.0124360595770234
2.61272418102844	0.0116474483015155
2.61390051383892	0.00980823175015231
2.61551840918209	0.00728035134437455
2.61713695905453	0.00475344786469067
2.61875616398496	0.00222752129410018
2.62037602450394	-0.000297428386259633
2.6219965411429	-0.00282140119564137
2.6236177144332	-0.00534439715221595
2.62426034079436	-0.00634394919703459
2.62511853670895	-0.00767816848738349
2.62671299805546	-0.0101555063997584
2.62832044964978	-0.0126510045561175
2.63011528305807	-0.0154350066437499
2.63209868128446	-0.0185085551439345
2.63427167321414	-0.0218723649556656
2.63583021371528	-0.0242827216408122
2.6365681398859	-0.0254231735713142
2.63907511965871	-0.0292943779438549
2.64176789598556	-0.0334468271385505
2.64464713665238	-0.0378803446151463
2.64743416499371	-0.0421655092746379
2.64769651203104	-0.0425685139705173
2.65089678423532	-0.0474800154082424
2.65427934467421	-0.0526620369633545
2.65784472795009	-0.0581138774416294
2.65907341264187	-0.0599902277775585
2.66144708343401	-0.0636111295417248
2.66531084225707	-0.0694948119726132
2.66935324099992	-0.0756369331429726
2.6707450251462	-0.077748434607855
2.67342889370232	-0.0818150250252293
2.67775668210519	-0.0883592288017765
2.68225909507254	-0.0951501595061905
2.68245084795625	-0.0954389864216477
2.68670914099465	-0.101843877170765
2.69148170307138	-0.10900300938383
2.69419113316896	-0.113058276126935
2.69633493129616	-0.116261913593094
2.70137245666352	-0.123773304850735
2.70596796596813	-0.13060538103781
2.70655651628719	-0.131478879935346
2.71185160301289	-0.139323020037281
2.71730957654908	-0.147381011854704
2.71778429463551	-0.148080558100851
2.72272014862137	-0.155340509830186
2.72841974452439	-0.163694837239364
2.72962993046144	-0.165464710749357
2.7341056955953	-0.171997342206191
2.74003978846829	-0.180628323440096
2.7415116734211	-0.182763832608637
2.7459683471798	-0.189216059841224
2.75212952182468	-0.198103413687011
2.75342970529081	-0.199974077928594
2.75827391264953	-0.206927934983719
2.76465470590811	-0.216051171736276
2.76538396012841	-0.21709123012883
2.77099085125094	-0.225068483486936
2.77737479271069	-0.234111665306419
2.77757918493144	-0.234400468271602
2.78423689322722	-0.243783617359811
2.78941883232199	-0.251054530710316
2.79099958540277	-0.253266618410059
2.79786114296537	-0.262837505673572
2.80149540345917	-0.267886328013259
2.80477780870121	-0.272433534689578
2.81183633528131	-0.282172042863634
2.81360452583723	-0.284603076015062
2.81888411590681	-0.29184040197905
2.82574851092443	-0.301203921761426
2.82612549598998	-0.301716580851411
2.83342764264339	-0.311615085498104
2.83795184946182	-0.317717758419073
2.84079862673215	-0.321545397084258
2.84828298117224	-0.331564183398415
2.85018253645422	-0.334096792404956
2.85575585688575	-0.341502462437943
2.86244719415726	-0.350345990775258
2.863398993221	-0.35159953765374
2.87110625818418	-0.361710841400341
2.87477248530883	-0.366496046869195
2.87885044852515	-0.371799224888443
2.88672639506762	-0.381985118247926
2.88712310413255	-0.382496219315726
2.89453861213223	-0.392013658468183
2.89951414672953	-0.398362119330702
2.90252065382487	-0.402183118376299
2.91060051387116	-0.412396805767712
2.91195683797715	-0.41410347168765
2.91864710085391	-0.422487302379475
2.92443547328461	-0.429695972720234
2.92684219366795	-0.432680527779779
2.93511680793495	-0.442886082240559
2.93697267568381	-0.445163198197617
2.94337150527517	-0.45297979808498
2.94954264613253	-0.460468782880783
2.95176082251458	-0.463148394759794
2.96022141499921	-0.47331068255884
2.96217584736815	-0.47564509896103
2.96866357793039	-0.483357484510483
2.97484081971528	-0.490649729482234
2.97723172763122	-0.493458419567035
2.985869985781	-0.503543254854901
2.98757124190222	-0.505517824025974
2.99448243240039	-0.513498615944941
3.00033518078829	-0.520207383506939
3.00321602720295	-0.523492308492888
3.01202411166278	-0.533466528800138
3.01316441767909	-0.534750183391258
3.02079190216415	-0.543289893567875
3.02603193766629	-0.54911081440668
3.02967878325569	-0.553139253374595
3.0386493043812	-0.562970761233235
3.03896255605176	-0.563312088609429
3.04755908599267	-0.572624709772948
3.05193925427585	-0.577330428681613
3.05658795780425	-0.582294739102953
3.06497819636162	-0.591178229671366
3.06570575056513	-0.591943813376651
3.07486005247926	-0.601512959850494
3.07811509391573	-0.604887107977636
3.08402006922975	-0.610968968618996
3.09126987591987	-0.618368299910657
3.09327231270357	-0.620398571629587
3.10257477889925	-0.629755174885475
3.10451481372374	-0.6316909359569
3.1118556907565	-0.638965514632731
3.11779329762835	-0.644792754860641
3.12123295728267	-0.648144681737509
3.13067754758931	-0.657260147277673
3.13115322987088	-0.657715840356463
3.1400699557631	-0.666195371130518
3.14456527679209	-0.670426314588656
3.14956342216886	-0.675095019058894
3.15805540239609	-0.682943154249945
3.15913386831445	-0.683932114042505
3.16873909592508	-0.692664381192448
3.17166560951447	-0.69529786543751
3.17834072402327	-0.701256070291258
3.18530033208897	-0.707397745975624
3.18802498559488	-0.709782160735596
3.19776062004113	-0.718211468755382
3.19904270875115	-0.719311000340594
3.20746308216353	-0.726469842323903
3.21283635014257	-0.730982498568795
3.21725391974695	-0.734659359605645
3.2267288743859	-0.742446357862148
3.22711182123428	-0.742758183666528
3.23699519177486	-0.750729205735411
3.2407809230113	-0.753743275966048
3.24688690860536	-0.758557915052288
3.25485023843731	-0.764751912611922
3.25685137759637	-0.766292981145784
3.26685493199638	-0.77390501922139
3.26906629225019	-0.775567136303504
3.27684257471475	-0.781351434327685
3.28333335927826	-0.7861086371715
3.28690840712395	-0.788700769995833
3.29702786893427	-0.795931532424651
3.29773715032104	-0.796432456890787
3.30710810996781	-0.802976509998465
3.31222726600123	-0.806494278760606
3.31727155761087	-0.809920371937441
3.32685306745345	-0.816319920389037
3.32749822630788	-0.816745647881612
3.33774982794387	-0.823424050150505
3.34170087774761	-0.825954573604739
3.34800934287151	-0.829943946486152
3.35658846584298	-0.835270226275436
3.35833596939517	-0.83634093500272
3.36869521275378	-0.842590736820216
3.37170085947936	-0.844372919728226
3.37905022632597	-0.848670560776452
3.38689049945432	-0.853162703942421
3.38947535866192	-0.854622445866207
3.39993880402794	-0.860425203723231
3.4023178639575	-0.861720844384588
3.41039043777347	-0.866050449477974
3.41786018786941	-0.869966395740693
3.42091402307315	-0.87154195609661
3.43147845536247	-0.876880423767886
3.43366844837095	-0.87796538409846
3.4420293911057	-0.882037800186869
3.44962900244063	-0.885645018270127
3.4526525708765	-0.887054835774448
3.4633150223251	-0.891912957754442
3.46590857797156	-0.893067974527429
3.47396919021129	-0.89658995017998
3.48237619967241	-0.900155735538352
3.48469385856079	-0.901119197415805
3.49545162854373	-0.905482106031438
3.49926042996683	-0.906983831321213
3.50621362322408	-0.909666517384128
3.51636379106068	-0.913448222300761
3.51704161579696	-0.913695013028612
3.5278922782647	-0.917549040400822
3.53406956199536	-0.919661951411952
3.53876631912766	-0.921228547014902
3.5496883454988	-0.924740117599984
3.55205790000756	-0.925477770033449
3.56060171773829	-0.928064884584662
3.5704945091697	-0.930920469606096
3.57158797974599	-0.931226785712336
3.58259892087751	-0.934209392287314
3.58983169487731	-0.936067788837774
3.59363775960698	-0.937013290096858
3.60471617797161	-0.939639832940367
3.60981003021092	-0.94078497058332
3.61580778800817	-0.942082246112277
3.62695211307017	-0.944348021182816
3.63068472704954	-0.945065019061496
3.63810008493022	-0.946426388951692
3.64930881068706	-0.948327098188211
3.65282602463287	-0.94888472778401
3.66051993765373	-0.950039249509286
3.67179171852253	-0.9515709706509
3.67684984060692	-0.952196902984107
3.68307531444863	-0.952914572727477
3.69440907475027	-0.954073732103207
3.70403621288258	-0.954909497078928
3.70577535131655	-0.955045786412513
3.71717040216676	-0.955829150750292
3.72860264661332	-0.956424218693563
3.73907196697881	-0.956802430578019
3.74006776822304	-0.956830045667583
3.75156043121055	-0.957045283002397
3.76308745809629	-0.957070041750793
3.77464790032496	-0.956903736497551
3.78624079429903	-0.956545853122775
3.79786516124114	-0.955995949574378
3.80952000706141	-0.955253656623817
3.81845869649229	-0.954555555625346
3.82121364961211	-0.954318008483968
3.83294066930392	-0.953189418476755
3.84168707238763	-0.952224144208976
3.84470345196805	-0.95186690619531
3.85649934144555	-0.950350778397747
3.86109493051854	-0.949708878523912
3.86834309755273	-0.948638453950398
3.87837270237162	-0.947040622835729
3.8802096684213	-0.946733345133087
3.8921126415183	-0.944633473936595
3.89358540900256	-0.944360569541132
3.90407244491482	-0.942334554424728
3.90779241905723	-0.941581117524326
3.91606130897138	-0.939841474683451
3.9208621508338	-0.938790598595089
3.9280843344738	-0.937153369268982
3.93298187460718	-0.936004855769881
3.94014459808381	-0.934269595032755
3.94430604285433	-0.933231337331679
3.95224418811584	-0.931189627196707
3.95495279185123	-0.930474717531883
3.96438493488973	-0.927912937097689
3.96500419579218	-0.927740839714333
3.97444708442145	-0.925057244212861
3.97657204073887	-0.924437998182612
3.98316900323722	-0.92248007938043
3.98878672918247	-0.920770358520027
3.99158844235651	-0.919903238605231
3.9996160023907	-0.917365534593425
4.00104662854392	-0.91690501005647
4.00699003415213	-0.914965424568567
4.01334391143762	-0.912844587374156
4.01421286816506	-0.912550783488474
4.02102965591346	-0.910214592132076
4.02569184807541	-0.908584786562333
4.02748546499545	-0.907950941293006
4.03362278560189	-0.905753266107424
4.0380793938166	-0.904129511574539
4.03943091760459	-0.903632513883956
4.04493261857133	-0.901587309570858
4.05018257100309	-0.899602699165184
4.05051078969169	-0.899477557024394
4.05488119109314	-0.897799519032267
4.05955256425971	-0.895981511386365
4.0629831552034	-0.894630363911838
4.06392811686058	-0.894255849567903
4.06804312511379	-0.892613071550959
4.07192583809482	-0.891045313165203
4.07550403823062	-0.889585310392425
4.07557202862638	-0.889557430372732
4.07893051874736	-0.888173768930789
4.08206473361553	-0.886871036842149
4.08497444573116	-0.885651723910061
4.0876593102888	-0.884518195003842
4.08807228652942	-0.884343122013549
4.0899238167122	-0.883555945446677
4.09213834866257	-0.882609427666046
4.0943099099966	-0.881675980952483
4.09648147133063	-0.88073729753485
4.09865303266466	-0.879793383927832
4.1006847744178	-0.878905515765128
4.10081220010174	-0.878849684233386
4.10294887512336	-0.877910844748357
4.10508555014471	-0.876966993249059
4.10722222516633	-0.876018136145279
4.10935890018768	-0.875064279847282
4.11149557520902	-0.874105430764972
4.11334666572468	-0.873270708682404
4.11360714371369	-0.873152961271599
4.11575302791837	-0.872180132625456
4.11808403673598	-0.871117731031871
4.1206005502824	-0.869964190212543
4.12330284956753	-0.868717878626414
4.12605745301999	-0.867439348075106
4.12618265992015	-0.86738104545505
4.12921102075327	-0.865965795634939
4.13242013572283	-0.864455403035018
4.1358099972206	-0.862848041022
4.13881958463087	-0.861410769976602
4.13935152307344	-0.861155759357324
4.14304788903728	-0.859375517646422
4.14691964670974	-0.857495427417709
4.15096661441078	-0.8555134845177
4.15163331936497	-0.855185335392863
4.15500343369323	-0.853519663310033
4.15933257717069	-0.851362765307588
4.16383148034896	-0.849100817673963
4.16449650124802	-0.848764695772413
4.16831225329962	-0.84682752530567
4.17307944388975	-0.844386523578605
4.17741338177876	-0.842147371965055
4.17799045551721	-0.841847812865375
4.18302071094126	-0.839222496367917
4.18821045189666	-0.83648743849223
4.19039249269336	-0.835329470039727
4.19344374662715	-0.833702437450426
4.19888053545124	-0.830780660789877
4.20342260065729	-0.828317498977523
4.20444073750137	-0.827762634294614
4.21011716636561	-0.824650729788502
4.21594336257702	-0.82142439289352
4.21651724094656	-0.821104836803857
4.2217305576346	-0.818187694289076
4.22778057598246	-0.814770054461231
4.22966407321315	-0.813699020894806
4.23384316243853	-0.811310890650919
4.24010978321818	-0.80769936544744
4.24287386090582	-0.806094827677207
4.24641613114125	-0.804028381596929
4.25289186120041	-0.80022101366353
4.25614912696832	-0.798291505719328
4.25941820431023	-0.796345462479295
4.26609553346603	-0.792340782426725
4.26949162798357	-0.790288747023191
4.27282273879935	-0.78826615216688
4.2796942727792	-0.78406311102219
4.28290268111687	-0.78208653493767
4.28660587330894	-0.779794152010418
4.29366439671884	-0.775392093663192
4.29638350470376	-0.77368495961845
4.30074538896973	-0.770933473375791
4.3079838897773	-0.766332128988081
4.30993557887131	-0.765083996812676
4.31522002423806	-0.761688837656628
4.32263169763717	-0.756888331210379
4.3235610235134	-0.756283251303628
4.33000910114023	-0.75206590779158
4.33726377401252	-0.747281156756832
4.33758234824689	-0.747070088492842
4.34521072188808	-0.741992260982751
4.35108286597577	-0.738052477692722
4.35292029073222	-0.736814239008652
4.36070758590324	-0.731537759989039
4.3649760155693	-0.728626003230107
4.3685408182487	-0.726183776748187
4.37648107371126	-0.720709948455025
4.37894708645671	-0.719000450849729
4.38442501621419	-0.71518721420879
4.39251242453996	-0.709517769166914
4.39300229192355	-0.709172854716176
4.40055410840015	-0.703834273458336
4.40715526181243	-0.699134887406024
4.40876110554183	-0.69798710770316
4.41703044146685	-0.692048653783003
4.42144380255017	-0.688860229383153
4.42533841234686	-0.68603573112243
4.43374274302993	-0.679906325365963
4.43582030214798	-0.678383965708655
4.44213871973548	-0.673736919211878
4.45029892300534	-0.667697323903644
4.45066884351214	-0.667422532295097
4.45923976803939	-0.661031908136166
4.46495975413303	-0.656741641427994
4.46786350113333	-0.654556040980362
4.47655823857553	-0.647981348334801
4.4797165757423	-0.645581952525837
4.48526311551784	-0.641354092469873
4.49407709851564	-0.634598940532817
4.4945866975295	-0.634207019062136
4.50285157022126	-0.627830370107905
4.50960155468122	-0.622594297218185
4.51175751421984	-0.620916613229127
4.52071819446569	-0.613917046882742
4.52481883000463	-0.6106996163103
4.52970075604197	-0.606857703995393
4.53877097410886	-0.599687201158721
4.54017071402885	-0.59857691689531
4.54782015615023	-0.592492130633946
4.55569357086259	-0.586199180540793
4.55698435438633	-0.585164633495843
4.56618965058134	-0.577764046620062
4.57149328813522	-0.573482260368651
4.57542845429191	-0.570296953324588
4.58473445365188	-0.562736721103719
4.58746356731637	-0.56051235368398
4.59404003269077	-0.555139002414885
4.60344309045091	-0.547424386901298
4.60364136123621	-0.54726132473979
4.61280934033652	-0.539704031910223
4.62008537801299	-0.533682472185233
4.62228836771211	-0.531855213767068
4.63181170559961	-0.523935135259399
4.63690481314635	-0.519685629813938
4.64136067909994	-0.515960063709392
4.65097345349625	-0.507898986618551
4.65401040402236	-0.505345649031354
4.66058885038005	-0.499804121390987
4.67028789208605	-0.491608080204941
4.67146224622177	-0.490613685496458
4.67996804386987	-0.483398599453688
4.68933723876451	-0.47542594279314
4.68974778440543	-0.475075996319343
4.69955513452347	-0.466702492325449
4.70792938118415	-0.459531718054067
4.70940854689946	-0.458263166754331
4.71929563742061	-0.449769858776739
4.7271104270959	-0.443039705987688
4.72922290227702	-0.441217901898773
4.73918709925978	-0.432611366457164
4.74703966378368	-0.425813504399677
4.7491896360937	-0.423950011609867
4.75922844151265	-0.415236968387035
4.76795084528819	-0.407650963112746
4.76930851605903	-0.406468909749539
4.7794195888235	-0.397656188154878
4.78957674366366	-0.388786704744363
4.79023244546877	-0.388213604833831
4.79971735781898	-0.379916708622814
4.80994265148656	-0.370958825317215
4.81407916558643	-0.367331477963916
4.82017798804871	-0.361979783062192
4.83046972012001	-0.352940306589364
4.84080212581751	-0.343855424106687
4.84094957021995	-0.343725722279988
4.85111866883867	-0.334776510717007
4.86151422644689	-0.325621355560598
4.87194725497003	-0.316427917055038
4.87410673421471	-0.314524540218396
4.88237918847019	-0.307231822001342
4.89287334575611	-0.297978700273263
4.90340177871776	-0.288694663324516
4.91396343976621	-0.279382178571016
4.92455727781658	-0.270043745505564
4.93518223839276	-0.260681894271809
4.94583726373448	-0.251299184201304
4.95652129290323	-0.241898202317581
4.96353226026389	-0.235734014943185
4.96724742841281	-0.23246904734318
4.97800133943157	-0.223025881277425
4.98566723790821	-0.216301754268853
4.98879003050089	-0.213564329064174
4.9996082304198	-0.204090636103201
5.00438019749234	-0.199916658199536
5.01046869121172	-0.194595416382617
5.0211185743743	-0.185300909130839
5.02134866901404	-0.18510027742975
5.03226491850203	-0.175592283644538
5.03581081802444	-0.172508250388089
5.04322347166458	-0.166068029277636
5.04966742698719	-0.160477877992101
5.05420680318722	-0.156544530318364
5.0623925293302	-0.14946236097999
5.06521962557232	-0.147019463631433
5.07416212226194	-0.13930390372731
5.07626415596733	-0.137492713690575
5.08513522959323	-0.129860572188083
5.08734128671507	-0.127965339444179
5.09544492199409	-0.121013918215002
5.09845138960666	-0.118438869869432
5.10519500293976	-0.112671580588828
5.10959480244559	-0.10891488236309
5.11446013116772	-0.104766880536674
5.12077211030226	-0.0993947637830121
5.12328731940535	-0.0972572339592801
5.13168743086709	-0.0901310748201878
5.13198461975937	-0.0898793120569647
5.13934023160444	-0.0836567263978856
5.1432255476491	-0.0803761673387501
5.14679328753607	-0.0773679541800861
5.15396606920881	-0.0713316456005798
5.15450053114142	-0.0708824823476678
5.16049898847982	-0.0658479725686014
5.16580690008812	-0.061402424084743
5.16693752081851	-0.0604567312922423
5.17302739284247	-0.0553700898534389
5.17715134616528	-0.0519323520164423
5.17878442451001	-0.0505726923217026
5.18425269992998	-0.0460265014818439
5.18852686843871	-0.0424800853955697
5.18943162724371	-0.0417302468253514
5.19431072428105	-0.0376915265151379
5.19895337041917	-0.0338562610073856
5.19993616650917	-0.0330453428841507
5.20313765071449	-0.0304064238736093
5.20723472685285	-0.0270347013353364
5.21110192997893	-0.0238577223180353
5.21137542296567	-0.0236332470803257
5.214485895789	-0.0210824785573365
5.21784228830319	-0.0183341031249289
5.22097489708116	-0.0157727703572868
5.22284822833943	-0.0142428171555003
5.22380445335993	-0.0134624548587031
5.22644353629929	-0.0113105676691488
5.22886411743857	-0.00933920931650022
5.23114152236118	-0.00748651873491338
5.23342022429575	-0.0056347724519186
5.23435550325767	-0.00487531301607893
5.23557252448601	-0.00388768773367124
5.23781329922692	-0.00207081854993899
5.24005532958707	-0.00025493072198217
5.24229861697429	0.00155997577098901
5.24454316279878	0.00337390094979839
5.24589584799255	0.00446610599678664
5.24670848021554	0.00512183423163761
5.24891690617992	0.00690248741471917
5.25112655176675	0.00868212453157889
5.25333741832434	0.0104607455648378
5.25559989385821	0.0122788172400399
5.25747017959747	0.0137801566995973
5.25800669164373	0.0142105234274336
5.26060279316344	0.0162912901257609
5.26338427508202	0.0185174889162673
5.26635178066099	0.020888986985196
5.2690786538105	0.02306492199114
5.26948042761413	0.0233852237468886
5.27276635883864	0.0260022094407628
5.27623412333571	0.0287589469349896
5.27988424606511	0.031655044002872
5.28072203750723	0.0323189582076358
5.28354174306879	0.0345509500512634
5.28748702221727	0.0376679882535894
5.29161048715802	0.0409184345038545
5.29239767987793	0.0415381084119243
5.29572684523458	0.0441554341555839
5.30013231465733	0.0476111790061113
5.30410763875113	0.0507219455130969
5.30468823836837	0.0511756260311194
5.30937116812981	0.0548291247964237
5.3142240549284	0.0586044457881136
5.31585669418443	0.0598721042666068
5.31910202987473	0.0623879258663628
5.32421641224833	0.0663424614317071
5.32763684254039	0.0689802566610824
5.32943044351988	0.0703610690470808
5.33479939368365	0.0744850062273881
5.33945471870412	0.0780494414418768
5.34030360819296	0.0786981986147286
5.34591931104515	0.0829809138981581
5.35131134026724	0.087078278291899
5.3516831622076	0.0873602589938182
5.35753759121885	0.0917908471644077
5.36320661859422	0.0960645226267815
5.36353846878311	0.0963141590762235
5.36962369107342	0.100881676569408
5.37513968533052	0.105005342553424
5.37584257097131	0.105529615174259
5.38215086476295	0.110223183104046
5.3871092468726	0.11389760672933
5.38856965125842	0.114977234810885
5.39509352793102	0.11978607457329
5.39911398330378	0.122738192838702
5.40169345210018	0.124627397582137
5.40842563156919	0.129540837035571
5.41115298918612	0.131524311579632
5.4151863700711	0.134449692558302
5.42211973621216	0.139457162888114
5.42322623557622	0.140253828080594
5.42901905119959	0.144412762251363
5.43533621323653	0.148926410283265
5.43613009857177	0.14949197426626
5.4433129873395	0.154592509393476
5.44750139186177	0.157552925071289
5.45055890260751	0.159707313878272
5.45792800685855	0.164877181209776
5.4596957670326	0.166112637942553
5.46528257084942	0.170004479471049
5.47192478101473	0.174607312465531
5.47281495113332	0.175222096165446
5.48041249261439	0.180449714910132
5.48421338529111	0.18305188279853
5.48805281613423	0.185671171658825
5.495822697235	0.190944136355262
5.4965280486349	0.191420985774169
5.50353937091406	0.196143529534122
5.50888163817847	0.19972131857629
5.51142766220366	0.201419934386983
5.51940651719694	0.206716623509936
5.52128855984019	0.207960151789809
5.52736841854986	0.211961367442096
5.53372865548421	0.216121798631843
5.53547761943228	0.217261159981778
5.54365600106201	0.222562656529993
5.54623060242016	0.224222642127655
5.5518348130746	0.227820537388504
5.55876091903964	0.232238627923321
5.56014500254338	0.233117629080838
5.56851383559217	0.238405403997523
5.5713593695688	0.240192753046138
5.57688781023089	0.243649358564053
5.58398336283628	0.248055718617954
5.58538312555054	0.248920863974592
5.59393381695463	0.254176873142166
5.59667919974419	0.255853914497759
5.60248517488031	0.259383086729254
5.6094004440515	0.263556368206165
5.61115206414258	0.264608090250994
5.61987652448677	0.269814818728938
5.62219459719882	0.271189376896186
5.62858996370025	0.274961676251203
5.63501714339621	0.278723895023641
5.63741620942647	0.280120589535428
5.64630683195528	0.285261073221301
5.64791120698768	0.286182768804124
5.65516869903664	0.290328607301935
5.66083992742593	0.293542147194183
5.66414292044114	0.2954028788652
5.67319254193861	0.300460717967898
5.67383674932381	0.300818523515766
5.68219042240482	0.305430354412258
5.68687766616297	0.307995876178171
5.69130188860285	0.310402390019942
5.69998403875085	0.31508331716141
5.70049820330873	0.31535875503444
5.70972765460245	0.320269813106072
5.71319450307892	0.322098328108438
5.71896612593628	0.325122222801054
5.72642013292001	0.328990929201144
5.72829340803826	0.329956531185342
5.73766797876549	0.33474929798223
5.73974090425165	0.335800217358938
5.74702365490003	0.339466155151981
5.75309440637411	0.342491466055602
5.75647276629961	0.344162724794283
5.76598661413245	0.348822646584061
5.76653343647417	0.349088400543583
5.77545057676167	0.353389179175344
5.78002558735899	0.355572182248203
5.78501304127698	0.357933338903646
5.79359937178669	0.361953525164959
5.79465062972676	0.36244176205367
5.80432194009398	0.366893389661995
5.80729904662278	0.368249207311309
5.81399020716329	0.371270869563474
5.82102369192506	0.374409665282888
5.82373936567348	0.375611082886129
5.83353859928091	0.379898437183684
5.83486143605677	0.380471477046422
5.84330586705503	0.384096560820553
5.8487525815597	0.386405131004993
5.8531597988345	0.388255735563028
5.86274779550401	0.392228950410867
5.86307947837166	0.392365079644607
5.87302374283239	0.396406044549125
5.87691189059401	0.397964804047568
5.88297733665889	0.400372081896858
5.89109370271559	0.403547691880058
5.89300221543238	0.404286689678872
5.90306450540419	0.408134988806092
5.9054324672418	0.409028916297622
5.91311343509225	0.411897192968286
5.91982388513681	0.414364517581434
5.92323885704232	0.415606093400394
5.93341503916268	0.419250462527598
5.93436363634491	0.41958596735495
5.94355665419359	0.422799318500634
5.94899246399241	0.424667477308697
5.9537794568459	0.426292665009576
5.96376810519948	0.429624466686163
5.96406358307692	0.429721784925291
5.97436982522681	0.433072245626744
5.97878996946015	0.4344829936675
5.98468917946296	0.436340856590282
5.99384813556149	0.439169690479359
5.99507319354934	0.43954285152773
6.00548533292606	0.442665534926957
6.00916213064957	0.443747342653499
6.0159012741878	0.445701350566269
6.02454875592723	0.448154909879264
6.02638418426534	0.448667787111469
6.03689891782488	0.45155343368231
6.04021452474241	0.452444852234172
6.04741307415273	0.454349138047781
6.05598855529141	0.45656298554061
6.05799513724492	0.457072299203061
6.06860938938087	0.459712272024002
6.07208679333937	0.46055739575814
6.07922475304331	0.462261080659245
6.0883268266677	0.464373854875354
6.08990715032036	0.4647337715212
6.10061809208756	0.467120055173836
6.10497352395639	0.468063959142152
6.11133856896977	0.469415485502568
6.12179054332193	0.471563989126184
6.12212276278851	0.471630819197835
6.13292782273993	0.473756023782169
6.13916736104778	0.474940523561928
6.14375739733117	0.475791659743874
6.15463497617114	0.477741195073731
6.1567689764935	0.478112556763161
6.16550122720916	0.479593654943541
6.1747582794535	0.481097179662471
6.17644079471377	0.481363012455845
6.18740825679266	0.483040542982378
6.19349703602841	0.483930521350848
6.19839685647523	0.484625037962232
6.20943281638006	0.486119479682128
6.21274205802383	0.486548817453994
6.22046892945603	0.487517134438245
6.2315717017559	0.488825914526901
6.2326958574772	0.488953022790612
6.24265750013672	0.490035404205041
6.25362822101454	0.49113722847538
6.2538246098025	0.491156083677541
6.26501274480906	0.492180543208511
6.27624391181096	0.493110696274011
6.27645213828664	0.49312701716036
6.28745399004396	0.49394094195251
6.29874746377793	0.494678935360842
6.30077310853595	0.494800915310948
6.3100344184159	0.495317948045725
6.32138923514536	0.49586197550925
6.32848519757559	0.496151941792421
6.33276532244768	0.496308093040524
6.34418098942957	0.496656506943602
6.35563329984076	0.496906867651593
6.36489927361874	0.497037151549301
6.36711362981789	0.497058648137712
6.37862621499936	0.497111374823688
6.39017259498639	0.497064980336304
6.40175181228934	0.496919182701955
6.41336289429627	0.496673737219043
6.42500485313669	0.496328436854038
6.43440591108577	0.495977528731418
6.43668410826897	0.495882860988139
6.44839755371126	0.495337124208002
6.4584591246226	0.494789629042619
6.46014331930277	0.494690914013763
6.47192604784474	0.493944007763694
6.47819308723388	0.493506671233492
6.48375079736835	0.493095690371877
6.49560050469688	0.492147148726956
6.49577833712157	0.492132166992699
6.50751590876345	0.491094844317629
6.51158477475849	0.490713002661507
6.51945310530179	0.489942296796955
6.5259348839844	0.489275566130876
6.53142076721841	0.488688879058116
6.5390768990869	0.48783601044526
6.54342361182921	0.487334154813453
6.5512299520647	0.486401045355141
6.55546411670102	0.485877836684996
6.56257303658835	0.484972613351511
6.56754375790482	0.484319717610625
6.57324258402808	0.48355117269662
6.57966378983873	0.482659603006981
6.58333463423538	0.482137826327387
6.59182571056874	0.480897250423431
6.59290841231534	0.480735709340993
6.60192819772884	0.479360555285935
6.60403452742011	0.479031870881212
6.61026294942551	0.47804344315973
6.61627364407914	0.477066086702199
6.6183368839649	0.476725335445684
6.62600599929002	0.475435181476937
6.62856000200843	0.474997291703035
6.63312946774938	0.474203726604175
6.64005811129276	0.472975563399795
6.64088312801959	0.472827327965242
6.64636910134694	0.471831028262668
6.65261376977545	0.470674320087596
6.65324856631596	0.470555390568185
6.65827202653435	0.469605652705445
6.66387886291736	0.468527426828956
6.66565803884925	0.468181279408145
6.66902523115994	0.467520998890962
6.67403060147085	0.466526840395886
6.67811256910983	0.465704915981167
6.67875628748526	0.465574399861046
6.68318853180778	0.464669043110881
6.6873848756615	0.463801087465688
6.6906160502816	0.463125630317903
6.69130310956874	0.462981221520517
6.69496398311111	0.462207080530246
6.69839749195307	0.461473853430013
6.70160351527417	0.460782955732495
6.7031645309772	0.460444375788747
6.70457548349054	0.460137151326249
6.70760905018251	0.459472696622709
6.7106426168741	0.4588028993752
6.71367618356569	0.458127768684335
6.71575802121874	0.457661367816364
6.71664289115786	0.457462389897759
6.71962688590268	0.456788078812578
6.72261088064786	0.456108666654466
6.72559487539268	0.455424162375575
6.72839982966563	0.454776093702539
6.72856726388606	0.454737270808066
6.73150449170921	0.454053639713236
6.73444171953236	0.453365132692734
6.73737894735552	0.452671758558241
6.74031617517867	0.451973526121442
6.74109166406907	0.45178836911348
6.74309432693936	0.451308699007307
6.7459873722784	0.450611821218748
6.74901020261746	0.449878705368329
6.75221592626754	0.449095688579165
6.7538311880843	0.448698993528252
6.75549777030384	0.448288221522705
6.75901208220997	0.447417030834027
6.76270395176902	0.446494532689958
6.76657324102953	0.445519703995785
6.76662181138177	0.445507415295096
6.77039356299856	0.444549311432815
6.77454886842369	0.443484878483128
6.77887612180551	0.44236651114696
6.77946354947585	0.442213916674457
6.78318340841171	0.441243422948094
6.78778418399601	0.440032923685571
6.79235837463762	0.438818294955924
6.79254473781516	0.438768577171556
6.79741444604069	0.437463001365988
6.80244572947033	0.43610108446806
6.80531584753813	0.435318267259721
6.80755439121126	0.434704789804774
6.8128386777226	0.433246393450533
6.81827934379205	0.431729866787473
6.81832370994219	0.431717438037747
6.82365808480861	0.43021589799209
6.82933545184234	0.428602018328263
6.83138690151506	0.428014875246687
6.83503933887882	0.426964377743888
6.84094665874012	0.42525132011324
6.84451071984467	0.424209434367704
6.8469297779356	0.423498750816177
6.8530594982845	0.421685154909214
6.85769900271553	0.420300327907499
6.85929044632605	0.419822932684632
6.86563475519682	0.417907749885451
6.87095431863604	0.416287110357494
6.87209062658667	0.415939202756641
6.87864173369056	0.413921617939699
6.88427826483379	0.412169627533559
6.8853045765468	0.411849044392163
6.89205485220615	0.409728439074024
6.89767175942477	0.407947955812354
6.8989094923579	0.407553693925622
6.90585152908244	0.405329632534054
6.91113535080687	0.403622324307581
6.91288421865689	0.403054509989282
6.92001085077099	0.400726738951831
6.9246695564093	0.399193015667438
6.9272084475176	0.398353220457471
6.93451274870482	0.395921673975018
6.93827523373184	0.394660243825616
6.94186225484027	0.393452078723573
6.94933752497473	0.390916887403702
6.95195397823742	0.390024009901617
6.95682587848464	0.388353948276032
6.96446562630341	0.385715448162592
6.9657085348978	0.385283940523473
6.97207967318415	0.383062328060457
6.97954411583925	0.380438798948887
6.97987281197072	0.380322765068331
6.98771750817551	0.377540975789972
6.99350636584162	0.375472818280954
6.99563552707414	0.374708903423726
7.00363104874706	0.371824816249727
7.00754491772442	0.370404210402089
7.01166100671081	0.368904048714225
7.0198017056205	0.365918601046926
7.0216656904127	0.365231597092196
7.02793056659902	0.362913388387336
7.03587872056717	0.359952015714861
7.0362069059676	0.35982925566309
7.04452720732278	0.356704448657432
7.0502501400865	0.354541132997296
7.05290670781932	0.353533110932814
7.06136010114864	0.350309621294572
7.064707468281	0.349026550446261
7.06982972962527	0.347055983582409
7.07841127247688	0.343735353774174
7.07926319675224	0.343404400679196
7.08695853999268	0.34040449407621
7.09394069959806	0.337666418304452
7.09564405912545	0.336996133217657
7.10438337329933	0.33354320642604
7.10879669947614	0.331790674259676
7.11315263868603	0.330055224610611
7.12200958163148	0.326509300107845
7.12376417570221	0.325804130614727
7.13085105197648	0.322946980700838
7.13887040689242	0.319696766996619
7.13981220387707	0.319313880860463
7.14881406068091	0.315642042980977
7.15421285059151	0.313429381859863
7.15785462232363	0.311932446643713
7.16696452034505	0.308172743084715
7.16968966003451	0.307043918784477
7.17607461635577	0.304391768461562
7.185288613098	0.300546660829116
7.18532986625776	0.300529398905946
7.19445988447093	0.296699067519873
7.20118251821437	0.29386614483463
7.20375107186516	0.292780985000221
7.21309350440029	0.28882149734972
7.21732065776191	0.287023583380688
7.22245451801543	0.284834785004365
7.23189275112269	0.280796214385202
7.23367064143571	0.28003338716738
7.24131765166949	0.276744989384392
7.25028235612067	0.272875071081707
7.25084422942619	0.272631990932892
7.26040148951691	0.268488232724034
7.2673517514259	0.265464098772079
7.27000102171555	0.264309043368405
7.27964654141501	0.260093312778409
7.28472660676103	0.257866543799754
7.28931567119521	0.255851251951105
7.29904638992769	0.251566701105336
7.3024716034383	0.250054979184485
7.30878351372954	0.247264464884334
7.31859645926843	0.24291436629498
7.32066666306951	0.241994874487465
7.32840175142205	0.238553985984576
7.33829406198095	0.234141712740029
7.33941185130512	0.233642350084207
7.34816943757036	0.229724546170054
7.35813838767941	0.225253550941814
7.35883657940518	0.224939991051238
7.368087330004	0.22078034096889
7.37813035913511	0.216254134543379
7.37911789522266	0.215808526580525
7.38815757687789	0.211725152416321
7.39827231946001	0.207147282541945
7.40051933739026	0.206129114055468
7.40838318886307	0.202562577768955
7.41856750399192	0.197936609133972
7.42348185576033	0.195701779667416
7.42876720515523	0.193296407861081
7.43901920328081	0.188625904249384
7.44887038550702	0.184132505623651
7.44931122076535	0.183931306883483
7.45962927975367	0.179219818305892
7.46998704765214	0.174485846240959
7.47934527515444	0.17020561488699
7.48037935347436	0.169732481552059
7.4908005077889	0.164963180023416
7.5012581751292	0.160175128239244
7.51175131535746	0.155369570218825
7.52227888461361	0.150547768171753
7.52724219369185	0.148274602144027
7.53281870900356	0.145720728062429
7.5434066699835	0.140872846060872
7.55402587372	0.136012650009476
7.56467526304809	0.131141467207099
7.57005768224636	0.128680865039875
7.57537248098667	0.126252048130603
7.58608967066545	0.121357960997888
7.59513126407693	0.117233202179584
7.59683870587911	0.116454685287782
7.60762170519343	0.111542070608763
7.61519006719783	0.108098223632319
7.61843866892043	0.106621050025238
7.62928466878271	0.101694719682858
7.63277661421017	0.100110527540301
7.64017669960752	0.0967562882630873
7.64868970595605	0.0929032347459476
7.65108816907608	0.0918187259644048
7.66203026783328	0.0868778546711373
7.66295978094199	0.0864586645867214
7.67302447457026	0.0819249293507365
7.67630354154258	0.0804500985415385
7.68404266495438	0.0769735820995715
7.68865705599078	0.0749039094929653
7.69508924299547	0.0720227539755031
7.70015740151243	0.0697560553936133
7.70616669938329	0.0670722688479264
7.71092748715192	0.0649493137529904
7.71727646654995	0.0621224420210697
7.72106915949493	0.0604363125991034
7.7284195496405	0.0571737941169434
7.73065999226061	0.0561808562191468
7.73959693918973	0.0522268664365462
7.73975210617181	0.0521583179172361
7.74830657819799	0.0483844735009526
7.75081328080708	0.0472805979910387
7.75627048577578	0.0448808327201724
7.76205058634479	0.0423439028830987
7.76395783436931	0.0415079806705046
7.77126307457395	0.0383114103621275
7.77332512039147	0.0374106132350919
7.77803385542305	0.0353563688403965
7.78462748610439	0.0324858412158873
7.78464358679731	0.032478841087117
7.79084950119429	0.0297839292920267
7.79597101975718	0.027564792445492
7.79676592280509	0.0272207945968274
7.80234352249733	0.0248101662578069
7.80734432338348	0.0226534451737034
7.80766117094779	0.0225169573603822
7.81264380700229	0.0203729859347465
7.81738920495399	0.0183352717988723
7.81875113198618	0.0177511995064235
7.82170075760584	0.0164875346900365
7.82589504513037	0.0146934446325659
7.82985871555956	0.013001024310131
7.83018651948448	0.0128611888781228
7.83334003413341	0.0115171481624593
7.83678885132335	0.0100494528230562
7.84001321006754	0.00867935895303679
7.84165529138149	0.00798237728057438
7.84311866253616	0.00736175703876369
7.84628089802499	0.00602210510538034
7.84944563443569	0.00468339288798832
7.85261287572459	0.00334562029227055
7.85315803462558	0.00311555867414434
7.85558087314635	0.00209393950294259
7.85869650827835	0.000781971567498352
7.86181457114947	-0.000529019448436349
7.86469380755174	-0.00173782244676629
7.86491990931531	-0.00183266598962253
7.86798897802881	-0.00311898462236321
7.8710604024414	-0.00440429135195938
7.87413418617059	-0.00568858615947371
7.87626533866235	-0.00657785655579602
7.87714826838952	-0.00694595728576787
7.88017528179399	-0.00820665366517013
7.88320458676732	-0.00946630519920256
7.88623618678066	-0.0107249118194625
7.88786989526002	-0.0114023382628362
7.88927927719644	-0.0119862140639977
7.89254946748538	-0.0133392673885524
7.89600212145652	-0.0147652183790649
7.89950785146414	-0.0162103648720554
7.89963131042627	-0.0162612023425402
7.9033900273302	-0.017807275899937
7.90732707008628	-0.0194232194601523
7.91118256718796	-0.021002248152
7.9114315888815	-0.0211041077508098
7.91566053518891	-0.0228316811278731
7.92006381992861	-0.0246259978324775
7.92289259279933	-0.0257763050151681
7.92456666158071	-0.0264560912361371
7.92924649101417	-0.0283528330878223
7.93409684595706	-0.0303131183047737
7.9346349026646	-0.0305302269407078
7.93891143929544	-0.0322531114988116
7.94402216072789	-0.0343061402098812
7.94641029786117	-0.0352632734310767
7.94918806313386	-0.0363746532601493
7.95455283901109	-0.0385155756259749
7.95822228539435	-0.0399757639465411
7.96001822900887	-0.0406891027905127
7.96562958018399	-0.0429125363738384
7.97007215134717	-0.0446670986336032
7.97136008399686	-0.0451747479185063
7.97721015834384	-0.0474751006625599
7.98196006580738	-0.0493362217045897
7.98318053600112	-0.0498134143983264
7.9892614779581	-0.0521850374517995
7.99388542555773	-0.0539817715603251
7.9954508307665	-0.0545886684934154
8.00175493619822	-0.0570259250523193
8.00584721602664	-0.0586022329693751
8.00814381913192	-0.0594847403636619
8.01466358041998	-0.0619820335216782
8.01784440959109	-0.0631960967513769
8.02123227308414	-0.0644858972979095
8.02796036941662	-0.0670376791729707
8.02987639788592	-0.0677620245935249
8.0346879186853	-0.0695761234200672
8.04161718161423	-0.0721768973590235
8.04194343815453	-0.0722990100433007
8.04848099139252	-0.0747390189344038
8.05404909518452	-0.0768072735957927
8.05557079170682	-0.0773708436564649
8.06274936521941	-0.0800201181892137
8.06620539012372	-0.0812900763363452
8.06997020317363	-0.0826692338287397
8.07733512391294	-0.0853547338176432
8.07839228884601	-0.0857388600473102
8.08466077691989	-0.0880091874194878
8.09061640718792	-0.0901549517771063
8.09217495717233	-0.0907146024759817
8.09976827400786	-0.0934303356955103
8.10289553821119	-0.0945435402468667
8.10738593759878	-0.0961363674507003
8.11515173710731	-0.0988758816694684
8.11520272771509	-0.0988938061583623
8.12284145406328	-0.101569186433655
8.12755145683057	-0.103209425183423
8.13071141889392	-0.104305695341868
8.13868614745389	-0.107057789346017
8.13994955051808	-0.107491885512911
8.14662521756868	-0.10977652924846
8.15238410298788	-0.11173554377368
8.15471881621565	-0.112526504054172
8.16289312532984	-0.115281383202615
8.16487617286038	-0.115946325225252
8.17105177883858	-0.118008272815483
8.17740040906227	-0.120114469353112
8.17934804682441	-0.120757771960947
8.18771290866927	-0.123505826837963
8.18998820083993	-0.124249153438548
8.19606843600989	-0.12622645267508
8.20260570423167	-0.128338020053303
8.20455080591204	-0.128963335054355
8.21309764427196	-0.13169519913811
8.21529035246325	-0.132391924598076
8.22163160963131	-0.134396957166331
8.22800481550525	-0.136397673960489
8.23028604417051	-0.137110193044067
8.23900676803224	-0.139816769805649
8.24078749668439	-0.140366082668452
8.24770341645377	-0.142488279253868
8.25360308151198	-0.144284903839339
8.25651736516587	-0.145167588610943
8.265404355113	-0.147840065138282
8.26648563339778	-0.148163252472005
8.27424972533309	-0.150470857293533
8.27940731576837	-0.151991441887232
8.28321158751613	-0.153106541852644
8.29225766136154	-0.155736397211274
8.29239282193951	-0.155775459677413
8.3012391405828	-0.158316767547958
8.30542671518544	-0.159509471394279
8.31033805393074	-0.160899658015288
8.31852397231786	-0.163196377372552
8.3195252142772	-0.163475506912589
8.32875118292206	-0.16602949733799
8.33171927182316	-0.166844223239343
8.33797664386463	-0.16855047302405
8.34493578091322	-0.170430346093976
8.34729417072825	-0.171063078029554
8.35666538762398	-0.173555927499298
8.35824175017699	-0.173971911934966
8.36600754738114	-0.176006718487728
8.37158621521164	-0.177453896651686
8.37544627355195	-0.178447944443841
8.38495686119431	-0.180872086619732
8.38501103812701	-0.180885793966996
8.39440679665482	-0.183245035349524
8.39849430047501	-0.184260482685071
8.40395826544711	-0.185607285190144
8.4120566225668	-0.187581548974564
8.41358758262128	-0.18795177554184
8.42325568866748	-0.190268082836366
8.42573756160169	-0.190856661578472
8.43291222588556	-0.192543909696743
8.43945072802734	-0.194063495439296
8.44265235182674	-0.194801154381967
8.45244848303608	-0.197032414262212
8.45327020467717	-0.197217814957803
8.46220332620693	-0.199215263745947
8.46714989050422	-0.200307359545514
8.47204750868097	-0.201378630132263
8.48113039427621	-0.203339412709037
8.4819598963096	-0.20351677183971
8.49190112253933	-0.205620386826007
8.49526998238205	-0.206324067018253
8.50184418233981	-0.207683573514767
8.50943666666205	-0.209231513129502
8.51186102268945	-0.20972069222042
8.52192037676814	-0.21172449034533
8.52375064643509	-0.212084588071586
8.53195804651533	-0.213681974951006
8.5381264453625	-0.214864145934515
8.54207473994707	-0.215612402753926
8.55224805578394	-0.217510524798236
8.55264107014145	-0.217582992099297
8.5623777699009	-0.219357401019826
8.56725360641337	-0.220231135556231
8.57259124885663	-0.22117605873224
8.58200782500353	-0.222814066093349
8.58286845776062	-0.222961896384292
8.59317186174145	-0.224707650728486
8.59699277639836	-0.225343770132389
8.6034812775568	-0.226409758652372
8.61202741662765	-0.227786880393361
8.61385788002727	-0.228077799622649
8.62426726558053	-0.229705462727589
8.62730065785103	-0.23017124039714
8.63467277383782	-0.231286868391785
8.64266081526833	-0.232469955983705
8.64514790461438	-0.232832761784243
8.65565994611987	-0.234337513455225
8.65828013807871	-0.234705370226996
8.66616332705833	-0.235794449836231
8.67402335714018	-0.236854348249969
8.67673742212015	-0.237214217794671
8.68734902628105	-0.238591560454002
8.6900662143984	-0.238936651397497
8.69795347656339	-0.239920535759663
8.70626869874738	-0.240929541521397
8.70862796258368	-0.241210470599021
8.71933628961766	-0.242456228055905
8.7228452428976	-0.242854005528596
8.73004598963882	-0.243653904641757
8.73961368746465	-0.2446831588666
8.74082267789429	-0.244810456800948
8.75162515559241	-0.245920775347326
8.75689445272805	-0.246444702627382
8.7624444858683	-0.246983847182839
8.77331956350117	-0.248003042465273
8.77440806458906	-0.24810235034058
8.78417279020242	-0.248970874877761
8.7923306173663	-0.249666101198161
8.79510340944304	-0.249896037093506
8.80606831908429	-0.250774103485201
8.81092721007651	-0.251147308680764
8.81704549364313	-0.251603194238634
8.82807894983286	-0.252386268290968
8.83002568302945	-0.252519239455352
8.83910126294967	-0.253118316615916
8.84983203458774	-0.253783016186607
8.85019992646842	-0.253804958575911
8.86132001855945	-0.254442116584303
8.87103699390617	-0.254957552047141
8.87247875039797	-0.255030717277543
8.88366391132466	-0.255569667355296
8.89353145256997	-0.256003018050186
8.89488660574671	-0.256059423450045
8.9061355358757	-0.256499072199004
8.9174258251003	-0.256889131964466
8.91803233201763	-0.256908641997984
8.92869984127383	-0.257227472262753
8.94005139148348	-0.257516860346411
8.94522160684712	-0.257631710843097
8.95141495737336	-0.257755199239088
8.96282724130676	-0.257943050634245
8.9742763013561	-0.258080002047062
8.97970978771096	-0.258127048607876
8.98573807720861	-0.258165622434558
8.99724701812546	-0.258199997396094
9.00878988886702	-0.25818291002548
9.02036573393893	-0.258114211235459
9.03197358274065	-0.257993771269381
9.043612449429	-0.257821479907547
9.05528133278366	-0.257597246669007
9.0605831891532	-0.257478426853061
9.06700366783823	-0.257320477424793
9.07874470360368	-0.256991902891494
9.08382417221189	-0.256833898330018
9.09053388353413	-0.256610595964415
9.10234324590968	-0.256177399589036
9.10329421073418	-0.256140296257595
9.11421620318779	-0.255690605745367
9.12040324082969	-0.255416680475424
9.1261071420569	-0.255151916010899
9.1356962864455	-0.254680516044377
9.138027889486	-0.25456092227131
9.14950796383926	-0.253943959263262
9.14998422172262	-0.253917353797668
9.16197877341747	-0.253221041990358
9.16213424357219	-0.253211685196405
9.17403190621737	-0.252470644585484
9.1742578469759	-0.252456095874626
9.18557387904102	-0.251704882372604
9.18612241489515	-0.251667343875535
9.19584260523435	-0.250985134867141
9.19823441103631	-0.250812310369209
9.205624371311	-0.250266114278303
9.21038692089407	-0.249904305332006
9.21497106472006	-0.249548864537916
9.222581577894	-0.248943198050215
9.22390217369591	-0.248836138386448
9.23233626781226	-0.248138734917092
9.23482418683664	-0.247928504249986
9.24016152840644	-0.247470661792841
9.24709921285252	-0.246861550463829
9.2477656876513	-0.246802211272364
9.25493305509959	-0.246154948247921
9.25942556802189	-0.245740736691047
9.2617077821579	-0.245527838158947
9.26817124630471	-0.244915804885011
9.27178925966199	-0.244567357794668
9.27423865388034	-0.244329110457492
9.28004660929732	-0.243756565475525
9.28419535280039	-0.243341032998333
9.28552934973549	-0.243206279709309
9.29072138454131	-0.242676490025276
9.29566654385328	-0.242164030297142
9.29664709272844	-0.242061508460051
9.30013037214792	-0.241694934008565
9.30451126644416	-0.24122855434115
9.3088819394859	-0.240757343410782
9.30914049210526	-0.240729283525471
9.3129788899483	-0.240310346973936
9.31727119782732	-0.239836526738178
9.32156350570689	-0.239357078133603
9.32167955162686	-0.239344037901535
9.32558297872964	-0.238903075162968
9.32980165656008	-0.238421322754888
9.33402033439	-0.237934205217309
9.33426530206959	-0.237905755139414
9.33798825933822	-0.237471214290982
9.34213761983435	-0.23698203539158
9.34628698033049	-0.236487736005347
9.34689874252237	-0.236414426759408
9.35022378557689	-0.236014085282452
9.35430777016859	-0.235517917904995
9.35839175476029	-0.235016858045057
9.35958097444757	-0.234870036464962
9.36231234657634	-0.23453129262157
9.36633456885902	-0.23402852118857
9.37035679114216	-0.233521070329263
9.37231329315593	-0.233272547164278
9.37427094095578	-0.23302279966212
9.37823472350523	-0.232513766799586
9.38219850605469	-0.232000254083679
9.38509726468088	-0.231621887971916
9.38611137503166	-0.231488967797288
9.39008027549055	-0.230965979229169
9.39422202098399	-0.230415495036651
9.3979347885611	-0.229917941536548
9.39851159218515	-0.229840303591896
9.40293700585888	-0.229241577021779
9.40752988909761	-0.228614464486363
9.41082750109083	-0.228160621781044
9.41223361445252	-0.22796620790113
9.41709476023601	-0.227289940233943
9.42211806671317	-0.226584362805628
9.42377345949033	-0.22635034774725
9.42716503355833	-0.225868627478047
9.43244062943683	-0.22511318867438
9.43677221257104	-0.224487374407494
9.43783909565301	-0.224332478771324
9.44335998186432	-0.223526141131871
9.44903315713679	-0.222689217431434
9.44983449845435	-0.222570322697454
9.45467916042748	-0.221848019348566
9.46058165312304	-0.220959804230726
9.46294904905182	-0.220601037233189
9.46651800849206	-0.220057504845821
9.47264260700459	-0.219117228080675
9.47612623127701	-0.218578175563101
9.47883410021822	-0.218157079639501
9.48517319492499	-0.217164155314025
9.48936891723209	-0.216501473334702
9.49159431773172	-0.216148243701368
9.49814023294396	-0.215102222009289
9.50267900295185	-0.214370813478316
9.50477118128377	-0.214032003054043
9.51151634616828	-0.2129325463075
9.51605771683305	-0.212186192265311
9.51834059438059	-0.211809181809583
9.52527762435296	-0.210656054215052
9.52950593893032	-0.20994767729204
9.53228042863131	-0.209480628713047
9.53940215773792	-0.208273693810073
9.54302454376193	-0.207655355204587
9.54656964702384	-0.20704735360679
9.55386913396534	-0.205786575779311
9.55661476961631	-0.205309268416425
9.56118779237627	-0.20451061318544
9.56865831315337	-0.203196061029596
9.57027860885634	-0.202909341569044
9.57611473338494	-0.201871957493239
9.58374976806316	-0.200503807632191
9.58401920609998	-0.200455300048262
9.59133059648818	-0.199133244599494
9.59784428333504	-0.197946037291963
9.5991041610434	-0.197715399460108
9.60694404618382	-0.196272938829229
9.611784378407	-0.195376137655963
9.61484004879027	-0.194807581307712
9.62283094215806	-0.193311992266067
9.62580222321436	-0.192752672248292
9.63083641270796	-0.191801121026187
9.6389726106215	-0.190252898317461
9.63990426077851	-0.190074808867215
9.64707456078549	-0.188698723092053
9.65410373260977	-0.187340375959897
9.65533442130364	-0.187101612447998
9.66365022792315	-0.185481056516234
9.6684475652262	-0.184540465615926
9.67201037864983	-0.183839263621754
9.68045945558614	-0.182167431423997
9.68287975073754	-0.181686221600442
9.68890694334931	-0.180483501341906
9.69741373757903	-0.178775420949403
9.69748354454119	-0.178761353782515
9.70609708672177	-0.177019427739588
9.7121404494258	-0.175789973872088
9.71476686853857	-0.175253810119636
9.72350264359199	-0.173462550529228
9.72696436317885	-0.172749388416715
9.73225325981919	-0.171656203600876
9.74110678129617	-0.169816609787447
9.74190340804778	-0.169650503109395
9.74992684117352	-0.167972258205976
9.75698923411	-0.166487173251343
9.75887443280481	-0.166089524753986
9.76787286459041	-0.164184519292874
9.7722898344436	-0.163245254065851
9.77689708652302	-0.162262646340206
9.78600368682035	-0.160311952157567
9.78772852543757	-0.159941228454254
9.7950947994622	-0.158353578739144
9.80334107605189	-0.156567914390856
9.80429738040487	-0.156360270446853
9.81353746810917	-0.15434813229503
9.81925003447055	-0.153098900472492
9.82281502836218	-0.152317302826389
9.83215457092648	-0.150262591563299
9.83533622456908	-0.149560315163569
9.84149961553315	-0.148196616637934
9.85093503677051	-0.146100771683918
9.85163781750849	-0.14594427905152
9.86034179901842	-0.144001756885084
9.8682126230717	-0.142238358561187
9.86985714721324	-0.141869109765695
9.87941156030251	-0.139718574054097
9.88520109652907	-0.138411123402279
9.88899789535971	-0.137551953613076
9.89864066846377	-0.135363956742448
9.90249329908051	-0.134487434380213
9.90829480590931	-0.133165050784095
9.91802283979899	-0.130941235274532
9.92015334357787	-0.130453161687834
9.92774340276233	-0.12871139343311
9.93755368888589	-0.126453463655206
9.93825953086127	-0.12629072870115
9.94734116015059	-0.124193669279695
9.95691252203375	-0.12197719813687
9.95722902169681	-0.121903796211145
9.96714327877433	-0.119601272214332
9.97648333268203	-0.117426397674004
9.97710607893482	-0.117281195418564
9.98709656555829	-0.114948784916132
9.9969090240042	-0.112652510631683
9.99713558404935	-0.112599429734545
10	-0.111928144119827
