0	293.15
63072	319.6911755724057
126144	268.6769493403536
189216	257.5237908172117
252288	267.8621594131421
315360	313.2001445302129
378432	272.5253354024145
441504	281.0435020788704
504576	307.7465696194851
567648	331.2864496158364
630720	276.1174005732457
693792	286.9594096385293
756864	320.5248048250558
819936	313.7630988939141
883008	281.3942341688644
946080	294.0785779612518
1009152	337.5252468595548
1072224	294.4026524351535
1135296	287.713711008236
1198368	282.9679582905563
1261440	326.3157583806084
1324512	268.3220888879875
1387584	287.0237316525742
1450656	311.5364295594212
1513728	322.3251387992107
1576800	279.8748505891152
1639872	274.6749747194811
1702944	270.8152163860761
1766016	283.2646730959523
1829088	272.9869398518699
1892160	298.4264738807242
1955232	334.7627746387506
2018304	283.7592966516685
2081376	291.3430792150666
2144448	313.5379505334379
2207520	279.0634876633696
2270592	270.9583632638592
2333664	283.8212038057907
2396736	326.560726123259
2459808	307.1021247214194
2522880	274.7988668269018
2585952	289.0299546616052
2649024	316.5911522562021
2712096	283.6288332210758
2775168	282.5953192001189
2838240	308.8848921004828
2901312	329.9538756696752
2964384	274.3106082580097
3027456	268.2054965809357
3090528	269.9571005668624
3153600	302.1152687294855
3216672	276.1955318518977
3279744	297.2154308785996
3342816	275.347516531341
3405888	269.8783523967744
3468960	282.8994410716059
3532032	296.2505959784911
3595104	335.6670516164944
3658176	277.8081842398735
3721248	289.1676274657333
3784320	312.2882681006062
3847392	290.1696360848846
3910464	271.8250586252231
3973536	273.4740588437082
4036608	313.7261341313922
4099680	273.3758900952997
4162752	270.4776388858211
4225824	294.3991149661581
4288896	325.9417785006826
4351968	285.1705738405495
4415040	284.2741731730993
4478112	288.1871859943467
4541184	319.2635711926044
4604256	271.413543288687
4667328	282.3176948417817
4730400	327.0297884318417
4793472	309.8786655729597
4856544	279.0735408390968
4919616	296.2223147177388
4982688	325.1287608480235
5045760	292.1688503377471
5108832	286.7447055059185
5171904	287.4632337750738
5234976	313.4756206539734
5298048	272.2100216657095
5361120	288.2130279542436
5424192	316.7229960689452
5487264	277.8520010469906
5550336	268.0672333572587
5613408	282.5292768460876
5676480	319.6802349983967
5739552	287.096084578705
5802624	279.8239378332614
5865696	300.0148165989181
5928768	319.9154472458136
5991840	281.1815023993996
6054912	282.1902350118455
6117984	315.8027445802418
6181056	327.4166212142046
6244128	282.3779645918487
6307200	289.6763878335873
6370272	313.6769106927356
6433344	303.9355609051526
6496416	283.6582532765813
6559488	289.2297834247841
6622560	307.1543155583914
6685632	283.0405556571801
6748704	283.9755419331532
6811776	311.1917846896271
6874848	322.6615991756814
6937920	278.3611459506269
7000992	277.6711201081116
7064064	301.5691390398355
7127136	301.8360644373651
7190208	280.1368461767968
7253280	292.7456577942669
7316352	333.6636652029537
7379424	301.8988373914706
7442496	291.6842364186663
7505568	299.1337647672864
7568640	327.235048985161
7631712	285.9479862601844
7694784	296.4297779562476
7757856	313.9493053682928
7820928	314.3532198889434
7884000	284.106408376375
7947072	285.2457522894906
8010144	289.2160502179375
8073216	289.0775724696539
8136288	278.665074428181
8199360	298.464741050824
8262432	324.6798698140006
8325504	288.8295090297963
8388576	285.0508759953691
8451648	310.0905557100248
8514720	307.0613985458344
8577792	289.3164283058248
8640864	289.9028596146154
8703936	288.4492041276652
8767008	304.1660695352667
8830080	282.1969439051411
8893152	281.8829390126553
8956224	313.0826818572811
9019296	285.4804578552159
9082368	284.7321116549531
9145440	305.2219156967089
9208512	322.4334534291653
9271584	285.1491522437302
9334656	299.4159220486112
9397728	307.1327213538593
9460800	303.5930863272889
9523872	286.3383246418462
9586944	291.9406862329816
9650016	318.1784525694271
9713088	296.4130011622408
9776160	292.7152515312621
9839232	308.6692441933451
9902304	325.7903896070032
9965376	293.9554000814196
10028448	296.5928634515365
10091520	312.729953760541
10154592	309.7878144187198
10217664	283.5766250734707
10280736	284.025274347929
10343808	312.8018548851243
10406880	295.4440009466585
10469952	282.1034462182232
10533024	297.8304542095289
10596096	317.3647821711595
10659168	289.766998459953
10722240	294.4898320801469
10785312	301.6359235358379
10848384	292.6208886830779
10911456	282.6848150238279
10974528	292.6165308846554
11037600	310.2324134572484
11100672	293.3840985261767
11163744	285.5295147282084
11226816	294.2605140103728
11289888	300.4128074902465
11352960	291.2909058752441
11416032	285.87257479711
11479104	297.1408041560298
11542176	314.3181392504123
11605248	290.045878007485
11668320	298.83950585946
11731392	315.6630314045883
11794464	311.7284608830342
11857536	292.5705028327436
11920608	302.7048896181914
11983680	313.5115344581447
12046752	299.8206970736131
12109824	296.9929352514401
12172896	307.0866677471311
12235968	310.0106587410819
12299040	288.2205252960215
12362112	294.5734027814461
12425184	310.6378217102013
12488256	311.9114815534369
12551328	291.9981868466255
12614400	299.8803605738372
12677472	307.793467852603
12740544	297.8840857422652
12803616	288.965065845123
12866688	297.7896876578836
12929760	310.614756868887
12992832	294.6298939499058
13055904	295.6510517718216
13118976	302.56990115246
13182048	311.7700539714787
13245120	292.6063879981962
13308192	302.0601525619414
13371264	308.6665825500593
13434336	305.6492664991733
13497408	293.1827106567222
13560480	304.9763065700083
13623552	315.2232687400801
13686624	296.0878756753134
13749696	292.0476694798542
13812768	290.6365025110554
13875840	289.5342776703072
13938912	283.686305753351
14001984	294.0291524921912
14065056	309.3728417326943
14128128	309.867141089656
14191200	299.3291074079728
14254272	299.4048038304213
14317344	315.1481529207221
14380416	301.1915011170213
14443488	288.3156284088724
14506560	296.9895426454061
14569632	307.5098658364399
14632704	295.0810965411922
14695776	293.9798061506758
14758848	310.6348598441998
14821920	304.9782230609426
14884992	288.9184865399991
14948064	299.1191809727675
15011136	312.5747417008871
15074208	305.5591609287139
15137280	296.9963100162241
15200352	306.3925244699466
15263424	315.4731621154389
15326496	299.4089887278162
15389568	300.5136065838104
15452640	312.0342229082828
15515712	317.7344463767788
15578784	297.8462291142978
15641856	304.2718159687919
15704928	319.8521798448143
15768000	314.8401878165849
15831072	297.2358715821742
15894144	299.7868603659638
15957216	313.1853214898957
16020288	294.7784667104276
16083360	291.4437303191938
16146432	303.6235796917696
16209504	309.3896894155762
16272576	293.7866846276142
16335648	300.36996527497
16398720	317.4067592997376
16461792	317.543785914666
16524864	297.9044337412947
16587936	302.4782183173658
16651008	313.4691411554546
16714080	304.2499262390246
16777152	292.6322512109486
16840224	307.8611943423403
16903296	320.0714418362649
16966368	298.7316113374783
17029440	299.7117510308813
17092512	311.1712442695662
17155584	316.0569882868578
17218656	294.1828678028707
17281728	304.8408677592362
17344800	321.2653966021843
17407872	311.5212835437451
17470944	298.85331611831
17534016	309.0101876737288
17597088	322.9160228744869
17660160	302.4530490600927
17723232	296.9704622994994
17786304	314.9114072191487
17849376	325.0184012921108
17912448	299.0390232871933
17975520	305.8986212820133
18038592	317.2740583212542
18101664	315.2795179904249
18164736	296.3251480192944
18227808	307.8440474583142
18290880	324.7024129498907
18353952	306.7443947587394
18417024	297.6272960919792
18480096	306.5928072153806
18543168	315.86273014687
18606240	298.3011461326263
18669312	299.7758241242124
18732384	318.0789839502986
18795456	321.1136958676483
18858528	294.8303613273438
18921600	302.2487579043584
18984672	302.5521942564056
19047744	303.0810745823762
19110816	293.1399488179632
19173888	308.860154359757
19236960	328.3911221456299
19300032	295.7078171680793
19363104	293.2062716816356
19426176	316.47997083356
19489248	321.8388513516592
19552320	293.3360431466076
19615392	306.3121808551522
19678464	325.5030606729318
19741536	317.5344120996531
19804608	294.8569399149358
19867680	308.1262036109494
19930752	324.0862597260065
19993824	302.1395475881672
20056896	294.0895252748393
20119968	305.3630951154204
20183040	324.8348173370987
20246112	292.3371885000004
20309184	295.2462831452877
20372256	319.620983006993
20435328	320.8161561415227
20498400	294.3063197628957
20561472	310.1838395880309
20624544	329.1025485174512
20687616	309.6127387226214
20750688	297.9955437100425
20813760	314.7270663077795
20876832	332.2549794562198
20939904	297.8264022083429
21002976	298.3398057669403
21066048	320.0940757238927
21129120	331.1153164698176
21192192	291.7747639533475
21255264	303.7341984979383
21318336	325.8120029548172
21381408	313.6199138643551
21444480	296.3768784066813
21507552	312.7523985650295
21570624	334.5521790817933
21633696	299.8916774425856
21696768	297.4188000620395
21759840	314.7324676816967
21822912	318.8669700311037
21885984	291.3391537726529
21949056	299.5700909584833
22012128	320.5182528671952
22075200	320.8903387030064
22138272	292.1914867573307
22201344	300.2074224636195
22264416	306.1856277877687
22327488	303.4695415571916
22390560	292.7988649308141
22453632	314.7943152448454
22516704	336.7251822616231
22579776	291.3022687674758
22642848	283.5834210536398
22705920	318.008275561334
22768992	322.156741232862
22832064	289.2834776376565
22895136	303.4822468800692
22958208	329.8888489858383
23021280	308.6477366698718
23084352	291.9866278595215
23147424	313.3867589058625
23210496	300.3876037913897
23273568	287.451095838848
23336640	293.0036652785988
23399712	320.0317106452855
23462784	331.708958438729
23525856	290.251593973836
23588928	301.1916641043055
23652000	293.7090721953886
23715072	310.7383171602281
23778144	285.3948996247582
23841216	304.6087957875039
23904288	339.059070866851
23967360	300.1682160310099
24030432	293.5153296696087
24093504	316.6272402065944
24156576	329.0071315343666
24219648	283.4339475212595
24282720	282.3420862010864
24345792	308.2133747353935
24408864	316.3013465001675
24471936	285.0431950190866
24535008	302.909833821374
24598080	313.2587850496855
24661152	305.3736761170193
24724224	289.9217048879517
24787296	309.7900615344132
24850368	342.8124740492083
24913440	292.16502227897
24976512	296.9647126484974
25039584	324.6765927843307
25102656	328.3704074405782
25165728	280.3559667310707
25228800	300.1985743694205
25291872	330.5809850341958
25354944	312.8296584205841
25418016	296.0640755787171
25481088	301.0768131715981
25544160	336.9180477004548
25607232	290.8545735076304
25670304	287.6384942546875
25733376	309.2318822589106
25796448	324.6826117155425
25859520	288.2312917957449
25922592	296.1508042502188
25985664	317.3603522770221
26048736	277.2058673929597
26111808	271.8664745846531
26174880	293.099703537915
26237952	333.0907187209544
26301024	281.124436463943
26364096	276.2885744629054
26427168	292.6778803665639
26490240	323.997690021868
26553312	276.1904999493385
26616384	285.3570388037663
26679456	315.6191993013816
26742528	325.3002557698709
26805600	284.2033225648929
26868672	289.6939282658928
26931744	321.6731532088544
26994816	304.1196447749161
27057888	284.9929969433746
27120960	299.6287661854143
27184032	335.6567110201993
27247104	285.932261141815
27310176	282.2107703335079
27373248	281.2504446953238
27436320	289.9785115681304
27499392	271.7355297663692
27562464	289.0060732705293
27625536	308.4107483259304
27688608	314.6043010332163
27751680	281.6975157324828
27814752	295.1510544053041
27877824	330.974468815679
27940896	290.0809376794654
28003968	285.7406434393454
28067040	306.4839243880538
28130112	314.1446125510561
28193184	270.1199471971306
28256256	282.0142362343464
28319328	298.9953751325172
28382400	325.5238305071736
28445472	286.4408297081952
28508544	278.792176569301
28571616	314.6423029479176
28634688	294.7132059349175
28697760	288.3187842532155
28760832	298.9727257598398
28823904	334.533543922668
28886976	276.5053112995633
28950048	273.4108074555755
29013120	289.2850569536743
29076192	305.803594173705
29139264	275.2406361850035
29202336	286.7829614438934
29265408	318.1231159244181
29328480	282.08120333997
29391552	277.1253429415812
29454624	265.570571868901
29517696	315.8746690561244
29580768	268.601607645087
29643840	281.8325747583455
29706912	301.8135887691349
29769984	323.1729047266195
29833056	271.6357704128412
29896128	283.4091684622131
29959200	294.889860959584
30022272	302.5438972435603
30085344	272.7708660419215
30148416	288.1178954460232
30211488	325.9806786447464
30274560	285.0415395250889
30337632	283.0322073671493
30400704	299.8741876103909
30463776	305.4120650673962
30526848	279.8519318776674
30589920	288.0317862380765
30652992	316.0292347169502
30716064	297.5958396052809
30779136	281.757607564058
30842208	297.2870119413403
30905280	323.7605388524231
30968352	300.2406237760549
31031424	288.3872110913286
31094496	296.9044757272289
31157568	333.3965897667834
31220640	274.2138650907103
31283712	285.2527903547416
31346784	306.0074550687683
31409856	315.0316416688131
31472928	272.5237360050577
31536000	290.6303066527803
