0	293.15
63072	278.3246608731353
126144	261.0611204999117
189216	252.17889892902
252288	250.5030873742622
315360	260.6056524104242
378432	272.0363160712774
441504	268.4322417121359
504576	274.3658644377013
567648	281.8000744754809
630720	267.6619387014748
693792	266.3889989893519
756864	276.0074740688632
819936	288.7793271782016
883008	273.8897177119511
946080	270.9075031465215
1009152	284.2786602680513
1072224	281.1462467134926
1135296	273.0423482558101
1198368	267.5345029464595
1261440	271.4762523052881
1324512	263.9440450166797
1387584	270.9771079825775
1450656	271.3742176813496
1513728	289.2455244742776
1576800	269.9416565134902
1639872	268.8595511596441
1702944	260.7464410775935
1766016	263.576425449448
1829088	262.8834708782335
1892160	268.2312894765259
1955232	284.8264317234356
2018304	276.9850083310283
2081376	273.6285654457565
2144448	276.2538609950847
2207520	275.3523785872202
2270592	264.3547481366423
2333664	269.4092866543014
2396736	281.0649347464848
2459808	277.0692088559948
2522880	262.2218337201231
2585952	268.8693362499315
2649024	270.3134698841701
2712096	272.9145995034612
2775168	265.4058677113947
2838240	272.5842060273228
2901312	282.7553548483797
2964384	266.6213523984286
3027456	262.1003637592189
3090528	255.4248716974682
3153600	276.4346801849994
3216672	267.0077242869019
3279744	274.0979913187196
3342816	265.5086123957735
3405888	277.8524382412998
3468960	270.5469075706453
3532032	274.9588858257106
3595104	284.068364517545
3658176	274.359689570607
3721248	277.587025044177
3784320	281.8021350861458
3847392	281.5228942969367
3910464	264.0001116440764
3973536	264.323657682424
4036608	271.2920131991855
4099680	270.6389552231973
4162752	261.0946576152413
4225824	264.7694924866304
4288896	279.6920371170288
4351968	278.2058006826781
4415040	268.5731475982426
4478112	267.4071906709905
4541184	273.5101119389041
4604256	265.0761626486895
4667328	269.6159956366326
4730400	285.0818889885417
4793472	283.9111856663473
4856544	267.0972531493063
4919616	270.8767842142746
4982688	285.9609473020693
5045760	284.18803909899
5108832	267.9680562859409
5171904	264.2418941014092
5234976	273.3747031639783
5298048	270.5592900214711
5361120	270.3909360265507
5424192	279.6371287741337
5487264	273.1690458590043
5550336	263.3958736411829
5613408	258.9968142579153
5676480	270.9555665108621
5739552	280.368231722479
5802624	265.4544634239862
5865696	273.0898161348912
5928768	288.1428372974719
5991840	279.4449609818843
6054912	271.8877763666613
6117984	280.6268094687984
6181056	293.6646948269288
6244128	271.6101243171021
6307200	272.7327996230572
6370272	279.9515044908232
6433344	282.3265143577822
6496416	272.3155282222573
6559488	269.6374404330527
6622560	278.5475081616829
6685632	278.0402753554157
6748704	270.1380425432421
6811776	279.1765248681324
6874848	292.2264106092092
6937920	270.5045914663255
7000992	268.4782785139598
7064064	277.4765267888721
7127136	286.9942742252586
7190208	269.7976840382964
7253280	278.6395252259246
7316352	300.1717827065206
7379424	294.5764009057937
7442496	275.5696599997497
7505568	273.9983104810611
7568640	291.2201847712519
7631712	288.6542942830032
7694784	278.4802663767928
7757856	281.4415091422651
7820928	289.9812126030934
7884000	278.2688087811546
7947072	273.5228543298081
8010144	276.6841519071058
8073216	283.2478390095719
8136288	268.0429287622059
8199360	276.6921742144629
8262432	295.2675579224385
8325504	284.6490107348808
8388576	269.5074958638346
8451648	284.9375482299685
8514720	298.2137118011246
8577792	283.7610647407109
8640864	274.3750937985849
8703936	280.7766812569635
8767008	290.8307175623537
8830080	273.6259764600273
8893152	272.7427422181839
8956224	281.0845669376938
9019296	284.0748047709196
9082368	271.6704042053344
9145440	281.6312987834864
9208512	295.3038851646519
9271584	283.3625694129352
9334656	284.4094117880495
9397728	289.0730510749901
9460800	288.5369086896022
9523872	276.3616306132793
9586944	276.4291801932459
9650016	293.2202501468817
9713088	294.9896824164967
9776160	278.3326670077714
9839232	289.2907045956509
9902304	303.0618551867365
9965376	294.3055887437004
10028448	281.5194948101899
10091520	291.3854903997481
10154592	294.7178883128201
10217664	277.1388512694488
10280736	277.2042260537755
10343808	293.5572306963597
10406880	286.4871420679951
10469952	269.3644627170884
10533024	278.6562870783455
10596096	295.4652023377924
10659168	291.2158468447968
10722240	281.7085726753976
10785312	284.7875781429299
10848384	289.4409701615672
10911456	282.4802345305341
10974528	280.3697344510359
11037600	295.9766157905871
11100672	291.8496141236976
11163744	280.6893383975421
11226816	279.7904145820268
11289888	288.6315211371718
11352960	288.8577063716234
11416032	275.599459230169
11479104	283.5880947305843
11542176	298.6037390761057
11605248	291.1946270115305
11668320	282.9719350541701
11731392	296.5905492884185
11794464	304.0717630100851
11857536	289.324949816987
11920608	288.2211066968362
11983680	298.4668077078137
12046752	296.9383475188723
12109824	285.0118875373259
12172896	285.6603522695521
12235968	295.0475813445552
12299040	291.5158915042338
12362112	279.6741662648109
12425184	293.0780299625993
12488256	305.264897827441
12551328	291.2548057708259
12614400	284.6895452675622
12677472	289.5272950300779
12740544	295.7787860475929
12803616	282.0633500170893
12866688	285.04233728627
12929760	297.8750700725216
12992832	297.9117913699766
13055904	280.7261461113278
13118976	285.4747710451924
13182048	302.5839491158056
13245120	295.8120142996642
13308192	284.9664049059082
13371264	300.5206311461344
13434336	300.3572020314166
13497408	289.1088762615793
13560480	289.3916195595214
13623552	302.4591875038856
13686624	297.0664286453999
13749696	282.3794539451389
13812768	280.5587660737461
13875840	288.3802200001788
13938912	288.0111977657328
14001984	281.3134654689864
14065056	291.6319922572424
14128128	303.9774503641074
14191200	296.9091490813771
14254272	286.3998346903841
14317344	305.5340308433159
14380416	300.4574006302131
14443488	282.070191802323
14506560	285.4256513646266
14569632	300.7514313488176
14632704	295.9823437192579
14695776	280.1226086723067
14758848	290.7486169218636
14821920	298.7643484033154
14884992	295.1235450050964
14948064	287.9134113412687
15011136	302.5646682072058
15074208	305.4381813430202
15137280	285.8191051034064
15200352	288.3304567891578
15263424	302.2795783948509
15326496	301.8629628517736
15389568	288.651064307802
15452640	293.4398300823489
15515712	308.6964497384956
15578784	303.1520091109784
15641856	291.0678839497633
15704928	309.5191390645006
15768000	308.9330811040742
15831072	289.2699442654296
15894144	283.7631138424047
15957216	299.1416022371779
16020288	293.6178544582685
16083360	284.3662530283734
16146432	289.4080489665706
16209504	301.5877384860983
16272576	296.404434708695
16335648	287.4995902798141
16398720	302.2575349060139
16461792	311.1439734196314
16524864	292.9998801609333
16587936	292.976953924863
16651008	301.8284397825666
16714080	300.4127223543941
16777152	285.4447798747055
16840224	291.5821026265579
16903296	304.5896193853473
16966368	302.788949600561
17029440	286.2916041731702
17092512	295.1565797989647
17155584	303.2700215662462
17218656	298.976947145702
17281728	290.4502480942037
17344800	309.8639472327295
17407872	308.1571774908024
17470944	289.5146563242723
17534016	294.2054119053737
17597088	307.7230194292197
17660160	304.0305537683303
17723232	287.050867907221
17786304	295.440999392649
17849376	309.6678548918094
17912448	301.8917711305519
17975520	293.0594575347113
18038592	298.4114376611691
18101664	305.4750587182728
18164736	287.8964800450152
18227808	295.9883863317177
18290880	305.9536826716923
18353952	302.9381133765157
18417024	290.0908241413351
18480096	292.8401032153025
18543168	303.6663621286226
18606240	298.8133405395459
18669312	285.8445507610254
18732384	297.7909200922621
18795456	307.3057911340418
18858528	292.7130391151455
18921600	289.0367042734213
18984672	293.9259686779225
19047744	298.6286307961552
19110816	284.0304609320906
19173888	292.0367729667718
19236960	303.7302085380124
19300032	293.8883647111621
19363104	282.6293666989505
19426176	295.2421584587202
19489248	309.8583990202526
19552320	294.573364585974
19615392	291.3592956954022
19678464	304.2288861510543
19741536	308.0920857279627
19804608	283.7394680175054
19867680	291.8914186191187
19930752	300.5366289633699
19993824	300.5184860751099
20056896	285.7483440831954
20119968	289.1943566746337
20183040	301.0982406325562
20246112	290.1811907960845
20309184	284.1999239650885
20372256	293.5097602252498
20435328	306.3457904004914
20498400	288.0323429891415
20561472	293.5865669054946
20624544	305.5388963949446
20687616	304.314030717461
20750688	286.2914599773305
20813760	296.1693488258117
20876832	309.2554609328286
20939904	297.3825771442849
21002976	289.194393192556
21066048	297.9794337456306
21129120	307.3506286762213
21192192	282.3185906497102
21255264	285.0516751679301
21318336	301.2007845185622
21381408	304.7253537624075
21444480	283.5171608788084
21507552	291.9380215049953
21570624	305.0220802211826
21633696	299.472702983044
21696768	284.934158276227
21759840	296.1244251831062
21822912	297.0829012843367
21885984	286.2786478644796
21949056	283.1435946253993
22012128	292.7298632262833
22075200	303.0397034783471
22138272	281.3979405698966
22201344	285.8216839415991
22264416	289.2080177352084
22327488	294.6729760189708
22390560	279.5175627725596
22453632	288.3480404618452
22516704	304.0564754900479
22579776	284.5051941780268
22642848	275.2975853013844
22705920	289.2281662642489
22768992	295.1620192251465
22832064	279.3085617439975
22895136	281.9907395292034
22958208	292.8571669170829
23021280	293.5267154555746
23084352	280.1177860829354
23147424	291.9296014739498
23210496	285.6792252445375
23273568	282.6071816104856
23336640	278.2627036568636
23399712	291.7642376343198
23462784	300.296512573674
23525856	282.9431976080497
23588928	276.415574287657
23652000	275.6394949123631
23715072	291.518118016655
23778144	272.9676886867211
23841216	279.3199454765828
23904288	297.0086948395436
23967360	291.801403876138
24030432	279.3186354692525
24093504	286.9562487056915
24156576	299.2897251056623
24219648	278.5097080941453
24282720	275.7763077512669
24345792	281.2088188143155
24408864	289.1065817933343
24471936	275.4107276163639
24535008	278.9405608530013
24598080	290.5788766584227
24661152	290.8692161304713
24724224	275.1264649853375
24787296	279.2679830874098
24850368	298.7362214818528
24913440	284.2770573399904
24976512	278.668590225054
25039584	287.1606555002325
25102656	289.7620938612633
25165728	269.7185749757706
25228800	277.7189035247683
25291872	292.1969735939966
25354944	295.6491660994784
25418016	287.0217086152268
25481088	276.30971091499
25544160	290.551808030325
25607232	282.0755700122166
25670304	268.6953707395391
25733376	276.2913222749218
25796448	297.1577802886655
25859520	278.4115866592504
25922592	277.8183409745788
25985664	278.2024626175933
26048736	272.1042982247022
26111808	267.5861355204257
26174880	271.3890073937708
26237952	286.688516443839
26301024	279.4527281061985
26364096	265.0545759257831
26427168	273.5342893035415
26490240	277.274335562686
26553312	269.4822955288216
26616384	266.6492724049078
26679456	281.0465727084346
26742528	294.1021127752259
26805600	271.4219397520469
26868672	279.2872001672035
26931744	280.651357990495
26994816	284.8287555301526
27057888	272.2168562036439
27120960	275.943819090314
27184032	284.8377545330662
27247104	277.5717341651744
27310176	273.0657566987769
27373248	271.9738154040962
27436320	277.4719997374282
27499392	265.7104545389698
27562464	273.4557345985615
27625536	282.9777367972824
27688608	283.6752103723204
27751680	268.3706623749883
27814752	273.9471982143008
27877824	279.382975744614
27940896	276.2452647972023
28003968	274.9826702400547
28067040	280.1334968181883
28130112	273.3851565150618
28193184	263.0657083179846
28256256	267.6611473516107
28319328	284.1266480313823
28382400	294.8859845897808
28445472	275.910157823597
28508544	270.8133567930525
28571616	276.9796920422237
28634688	277.2931549601882
28697760	281.3392117933602
28760832	275.0563347366476
28823904	284.9461601557456
28886976	269.696469122178
28950048	268.8569604245133
29013120	268.3871239064746
29076192	274.8296261519393
29139264	264.7165805827423
29202336	267.6041582367118
29265408	277.3901159313268
29328480	277.3481259027002
29391552	270.1235351177459
29454624	255.977203183265
29517696	265.2397432579097
29580768	267.693952278807
29643840	270.7759074683381
29706912	269.7601019812809
29769984	278.667587646101
29833056	261.0377287062994
29896128	264.0559178778997
29959200	271.8482608783904
30022272	271.6514422944173
30085344	262.1804722597858
30148416	264.996434427518
30211488	273.8328709846576
30274560	274.1266222461277
30337632	269.5983624310023
30400704	275.4580892386502
30463776	283.4836104486395
30526848	273.5152606285796
30589920	268.9560598800197
30652992	275.9524298051284
30716064	286.6604210209603
30779136	272.5489495886487
30842208	273.8085845011983
30905280	279.5140099135775
30968352	282.7618463543049
31031424	275.2777106601478
31094496	274.5333976516496
31157568	281.623707602784
31220640	264.6457831876683
31283712	267.6422401493226
31346784	270.6215760946388
31409856	277.4275414338593
31472928	264.4474163583602
31536000	270.1588257375753
