0	293.15
63072	313.4730186397596
126144	267.5889334575102
189216	256.6535100945707
252288	264.98198577995
315360	305.7194683731411
378432	273.0074451424252
441504	278.8609223716662
504576	302.4957920863754
567648	324.6620660029641
630720	274.8028102276746
693792	283.6657839916082
756864	313.9101726840836
819936	310.8981792689452
883008	280.0038155766415
946080	290.5059175943734
1009152	329.9257450552408
1072224	293.2837121759578
1135296	285.4566087164678
1198368	280.6280977570412
1261440	318.7243458992136
1324512	267.4214381951196
1387584	284.624058462597
1450656	305.459015148293
1513728	318.4623896034569
1576800	278.2706192214712
1639872	273.7846303441976
1702944	269.3397222582676
1766016	281.4878991354163
1829088	271.2408863050312
1892160	293.8159033057869
1955232	327.8637737506659
2018304	283.5593871833262
2081376	288.4904889663906
2144448	307.798646420881
2207520	279.0251380183431
2270592	269.8170664323391
2333664	281.3552238053038
2396736	319.724720850294
2459808	303.8004313816774
2522880	272.7387995128633
2585952	285.7540246926544
2649024	310.3667584962964
2712096	283.0680011700262
2775168	279.889444938513
2838240	303.4095592536011
2901312	323.6187554208627
2964384	273.0000995134111
3027456	267.2208287173397
3090528	267.9304072986987
3153600	299.5834419741085
3216672	274.786249761794
3279744	293.6903550439226
3342816	274.4497786194069
3405888	271.956549889778
3468960	281.0829139555976
3532032	292.9439035119522
3595104	328.5228649535179
3658176	277.5737681308792
3721248	287.2019219571466
3784320	307.6752711527099
3847392	290.1222834082347
3910464	270.5547144154252
3973536	271.8364117127025
4036608	307.6410556125705
4099680	273.155342993686
4162752	268.9759470667526
4225824	289.7288671247202
4288896	319.6889903908138
4351968	285.2244485443296
4415040	281.7783514961639
4478112	284.9760369274242
4541184	313.5195822458247
4604256	270.2641823189461
4667328	280.3335851074277
4730400	320.7636620712495
4793472	307.4479178965516
4856544	277.1647369708951
4919616	292.1470104504068
4982688	320.0535162839048
5045760	292.1721881786808
5108832	283.8135138044137
5171904	283.8032157327952
5234976	308.7906949150692
5298048	272.2710241767701
5361120	285.4246424367802
5424192	311.3046305701218
5487264	277.6755075448202
5550336	267.2807281081614
5613408	278.741831305458
5676480	312.9258637809776
5739552	287.8063352459936
5802624	277.65337729155
5865696	295.9351883814101
5928768	316.6312404068992
5991840	281.5763901456938
6054912	280.4669324163117
6117984	310.5012738195127
6181056	323.944125810817
6244128	280.7444000979464
6307200	286.9268713580534
6370272	309.1018905658016
6433344	302.6554305305137
6496416	281.9625723093264
6559488	286.080147594245
6622560	304.0700541497633
6685632	283.773299476957
6748704	281.7853146038562
6811776	306.5378644814293
6874848	319.7190465700942
6937920	277.0374626596534
7000992	276.2262937819322
7064064	298.3601377337346
7127136	301.4625142327007
7190208	278.467699338316
7253280	290.4199854154609
7316352	329.4482301282144
7379424	302.5095873348619
7442496	289.3415185288956
7505568	295.2575777102471
7568640	323.3440199673592
7631712	286.9644404907893
7694784	293.5907643084196
7757856	308.9183784664353
7820928	312.3322786750877
7884000	282.9797070357044
7947072	283.3756626089115
8010144	288.2077925406591
8073216	289.9033990385259
8136288	276.9483562018984
8199360	295.074171898819
8262432	321.6324971492242
8325504	289.5733898203079
8388576	282.6179514067567
8451648	306.4127622766281
8514720	307.585995890662
8577792	288.5229262367439
8640864	287.4339575813502
8703936	287.8579396114437
8767008	304.1207403322489
8830080	280.8342634385934
8893152	280.4808781713107
8956224	309.389695596249
9019296	286.8516788449155
9082368	282.592791762053
9145440	301.8576789175814
9208512	320.0381451729897
9271584	285.2627460010988
9334656	297.1943780414916
9397728	305.0475582031488
9460800	303.3529557671521
9523872	284.8205378398505
9586944	289.4920471908444
9650016	315.4800769575023
9713088	297.9570035771081
9776160	290.6995366236018
9839232	305.8607361983583
9902304	323.6840697931078
9965376	294.9109328385038
10028448	294.0642459698006
10091520	309.8638925504621
10154592	309.0560791830195
10217664	282.4559843171137
10280736	283.0018783019761
10343808	310.4420158374673
10406880	296.0650971403617
10469952	280.095160813291
10533024	294.9667008247103
10596096	315.4463495497955
10659168	291.5045867009799
10722240	292.5525975762661
10785312	299.1237531004099
10848384	293.3887393155261
10911456	283.0759590763727
10974528	290.7810150684945
11037600	308.6525101343312
11100672	294.4905055569939
11163744	284.575859649191
11226816	292.0779675457944
11289888	299.7637820660534
11352960	292.8849953916331
11416032	284.2511487802803
11479104	295.2500343860584
11542176	313.5604999869501
11605248	291.0292228615178
11668320	296.4656442377592
11731392	313.3936031728196
11794464	312.3382291474147
11857536	291.7172427616805
11920608	300.5304677520219
11983680	312.0596816615672
12046752	301.4251126160221
12109824	295.3372900812251
12172896	304.0207285673744
12235968	309.0375685000964
12299040	289.8695853527296
12362112	292.4863695628213
12425184	308.6613324979518
12488256	312.7457806730109
12551328	291.7445253346315
12614400	297.7008635539211
12677472	305.7347640708742
12740544	299.3827640189979
12803616	287.9204353660857
12866688	295.8777925557293
12929760	310.1845137187167
12992832	296.6975293773894
13055904	293.2945060470095
13118976	300.3126268189283
13182048	311.9150029977741
13245120	293.2041502244213
13308192	299.6313651654986
13371264	308.0230423542623
13434336	306.7400442317718
13497408	291.9999550155844
13560480	302.8327564952034
13623552	314.4135807075403
13686624	297.5886909918361
13749696	290.6464737524025
13812768	289.100774435251
13875840	290.8019972613164
13938912	285.4556683589549
14001984	292.2005233418881
14065056	307.0896418080907
14128128	310.7774892844118
14191200	298.9699566336373
14254272	297.3314654513011
14317344	314.39527425375
14380416	302.7202619754873
14443488	287.3321117995768
14506560	295.2786280744662
14569632	307.949103758143
14632704	296.6539305958245
14695776	291.9277668076735
14758848	308.1758922540781
14821920	305.8684511795236
14884992	289.6061927237128
14948064	297.5232698936991
15011136	311.5745004880984
15074208	307.5731950456681
15137280	295.3482820199853
15200352	303.681974940985
15263424	314.8559943803163
15326496	301.4121109914147
15389568	298.8786798442756
15452640	309.4667085902292
15515712	318.0360969004415
15578784	299.056556324786
15641856	302.3738641091978
15704928	319.0103194310131
15768000	315.9601411238165
15831072	296.0955490296195
15894144	297.3485770911648
15957216	312.0314046891149
16020288	295.7264613380694
16083360	290.4362122858389
16146432	301.5426697236456
16209504	309.8306645281812
16272576	295.5211040942614
16335648	298.4511443711259
16398720	315.8395768938148
16461792	318.3072457799934
16524864	297.1947272718023
16587936	301.0951200295339
16651008	312.3827118331206
16714080	305.7311857848642
16777152	291.4896710146804
16840224	305.4527836884828
16903296	319.1280157214044
16966368	300.6723136258686
17029440	297.7517354337296
17092512	309.0350945463552
17155584	315.7582245258476
17218656	294.8183705525942
17281728	302.7382338044913
17344800	320.0338469617537
17407872	313.067033200404
17470944	297.4061368363103
17534016	306.8561987494966
17597088	321.9362794882016
17660160	304.4369683505025
17723232	295.5356760766769
17786304	312.2962556429806
17849376	324.4125433741473
17912448	300.1278055220862
17975520	303.9905396165022
18038592	314.8080889990662
18101664	315.6241687384982
18164736	294.8731485234154
18227808	306.1200805016619
18290880	323.0497960307842
18353952	308.1272672005267
18417024	296.5782416856787
18480096	304.5385860581559
18543168	315.2180400331789
18606240	299.6861135294535
18669312	297.8343924351624
18732384	315.4284938692422
18795456	320.793541454661
18858528	294.1702310126001
18921600	300.2028034172234
18984672	301.9125874631355
19047744	304.3374438281494
19110816	291.7807708472762
19173888	306.3839760851479
19236960	326.2396977011498
19300032	296.1557912173676
19363104	291.6977630989112
19426176	313.5384636796846
19489248	321.6441778242707
19552320	293.7162626586731
19615392	304.1791034968855
19678464	323.0200632122202
19741536	318.072388302167
19804608	293.1384870463484
19867680	305.7420012785937
19930752	321.7200624453192
19993824	303.7248519706648
20056896	292.9221087238857
20119968	302.9797415038156
20183040	322.7084034268644
20246112	292.2704855779073
20309184	293.5984720699295
20372256	316.1530277861327
20435328	320.4451421219994
20498400	292.9636674508156
20561472	307.7733950809029
20624544	326.3497922482401
20687616	310.6501104340581
20750688	296.2997382580453
20813760	311.9991102608876
20876832	329.9886179353263
20939904	299.0584610802517
21002976	296.9826390458832
21066048	317.1749515759608
21129120	329.0277169308891
21192192	290.3693736565793
21255264	300.8391959674445
21318336	322.7278621177203
21381408	314.0054233321576
21444480	294.4395002285886
21507552	309.6135551032605
21570624	331.2138813873381
21633696	300.9158825290276
21696768	295.6084446079314
21759840	312.0624123411988
21822912	316.8113731882016
21885984	290.7343037415554
21949056	296.9970337843916
22012128	316.6753890883533
22075200	320.0303763567127
22138272	290.4433702963308
22201344	297.9253943272702
22264416	304.4329613959642
22327488	304.0463517478449
22390560	290.7370833993571
22453632	310.8650627863823
22516704	332.9209631888642
22579776	290.6151138409083
22642848	282.3668807480526
22705920	313.7823560779449
22768992	319.4922030208081
22832064	287.7210981661823
22895136	300.195009559716
22958208	324.9789809323884
23021280	308.0165584169358
23084352	290.0747496635051
23147424	310.0866503316055
23210496	299.0487341730999
23273568	287.8335257887933
23336640	290.7450409476799
23399712	315.7899269759201
23462784	328.4804807522633
23525856	289.3183243315132
23588928	297.6071278947896
23652000	291.0120502591059
23715072	309.1574459966138
23778144	283.5285640667101
23841216	300.7567737205557
23904288	333.6477306796069
23967360	299.9757624281115
24030432	291.2470393636021
24093504	312.0705164969597
24156576	325.9978872186436
24219648	282.7565410907148
24282720	281.2682619241862
24345792	304.0645211810049
24408864	313.6796851646332
24471936	283.7389355109574
24535008	299.2016845887405
24598080	310.3458542280682
24661152	304.5310311833553
24724224	287.6848303855237
24787296	305.1277651545845
24850368	337.3035913053577
24913440	291.662574680054
24976512	294.0724912427368
25039584	319.1412023856737
25102656	323.7064918301281
25165728	278.6510538649235
25228800	296.7424199456802
25291872	325.211891060021
25354944	311.2201547471107
25418016	294.8198085632379
25481088	297.196954136583
25544160	330.6993914715898
25607232	290.3178399901734
25670304	284.7650036081152
25733376	304.2920779212239
25796448	321.5195920878519
25859520	286.9483146567781
25922592	293.4033096181297
25985664	311.5011335726834
26048736	276.7107125082935
26111808	271.2618296483824
26174880	289.6835786103811
26237952	326.6573293049765
26301024	281.5859725234621
26364096	274.6713137008832
26427168	289.6977866789744
26490240	317.7721279139641
26553312	275.5673313486076
26616384	282.3711624958553
26679456	310.4692526985722
26742528	321.5589045343501
26805600	282.2068103754468
26868672	287.9950430078094
26931744	315.649327088079
26994816	302.0613194325093
27057888	283.0153550360357
27120960	295.941287388441
27184032	328.7676718355803
27247104	285.1667856595122
27310176	280.708053711337
27373248	279.8384617852107
27436320	289.6291864961187
27499392	270.7764475493444
27562464	286.4148214673127
27625536	304.5248506375324
27688608	310.9724118458616
27751680	279.6022284480589
27814752	291.7888193707683
27877824	323.7437766856358
27940896	288.7797583731033
28003968	283.926145932421
28067040	302.3645283952836
28130112	308.8067166246734
28193184	269.166350111704
28256256	279.5925319968922
28319328	296.799356185638
28382400	321.8082989775663
28445472	284.7651813841725
28508544	277.5380876421723
28571616	309.2987185815105
28634688	293.1295947339135
28697760	287.3492865214263
28760832	295.2952396900002
28823904	327.6218458675885
28886976	275.3913213770827
28950048	272.7446085684153
29013120	286.0169064050309
29076192	302.1165190919781
29139264	273.6140236871467
29202336	283.9449900858086
29265408	312.0972397663754
29328480	282.2840135538666
29391552	276.1201166376215
29454624	264.0033520562312
29517696	308.9654621028403
29580768	268.7708024822228
29643840	279.9314071118723
29706912	296.8136914899807
29769984	317.1693332145592
29833056	269.8370973458351
29896128	280.4095619955309
29959200	291.3022829217152
30022272	298.9362386315539
30085344	271.0299112111713
30148416	284.5056407029354
30211488	318.4182424566355
30274560	284.0868667335597
30337632	280.8783652676842
30400704	296.0813113918265
30463776	302.8114395941142
30526848	278.8615581119311
30589920	285.0387228406932
30652992	309.9605896979392
30716064	296.8807909055959
30779136	280.5953802663556
30842208	293.5853511939291
30905280	317.2532793220169
30968352	298.5200817896928
31031424	286.3453845453594
31094496	293.4098437694927
31157568	325.9316555429795
31220640	273.2325413313719
31283712	282.51204343634
31346784	300.6025462126844
31409856	310.2178105896243
31472928	271.1425151081696
31536000	287.4334558950708
