0	283.336399381251
63072	283.336399381251
126144	283.336399381251
189216	283.336399381251
252288	283.336399381251
315360	283.336399381251
378432	283.320724629937
441504	283.3019992372826
504576	283.2956711577831
567648	283.2860360092001
630720	283.2810028223801
693792	283.2873111906005
756864	283.2937413599315
819936	283.2896396150445
883008	283.2947705519147
946080	283.3061888354504
1009152	283.3156584691733
1072224	283.3093648730566
1135296	283.3192839196324
1198368	283.3221186251166
1261440	283.3416955387849
1324512	283.3379778406677
1387584	283.3371258251157
1450656	283.3470881393658
1513728	283.3424563761633
1576800	283.3354646642778
1639872	283.3351478813865
1702944	283.3492517358454
1766016	283.3490092588842
1829088	283.3420113622796
1892160	283.3392328051243
1955232	283.3286810947952
2018304	283.3240656888235
2081376	283.3157089752689
2144448	283.3205310534555
2207520	283.3188405641707
2270592	283.3312007244169
2333664	283.3349376641515
2396736	283.3328053326182
2459808	283.3328840508773
2522880	283.3446938193632
2585952	283.3482510595395
2649024	283.3418642871662
2712096	283.3439345699138
2775168	283.3507086088113
2838240	283.3483149145369
2901312	283.3485719196168
2964384	283.3600461779196
3027456	283.3510759011713
3090528	283.356924640728
3153600	283.3623018051608
3216672	283.3466907846869
3279744	283.3375630658409
3342816	283.3322424175839
3405888	283.3303387959707
3468960	283.3251152182224
3532032	283.314043004868
3595104	283.3085448774185
3658176	283.3013290241977
3721248	283.3098214113284
3784320	283.3081273735742
3847392	283.3069008889424
3910464	283.316685019209
3973536	283.317317793442
4036608	283.3120415033696
4099680	283.3111085479105
4162752	283.3129262715673
4225824	283.3042985800618
4288896	283.303321837311
4351968	283.2974078751673
4415040	283.2987505024402
4478112	283.3091736714858
4541184	283.2975177619142
4604256	283.3239927599828
4667328	283.3111834645762
4730400	283.3214621760181
4793472	283.3193754471529
4856544	283.3024764841733
4919616	283.2980891337182
4982688	283.3056978829652
5045760	283.3184628621472
5108832	283.318408390808
5171904	283.3185943818658
5234976	283.3304152464431
5298048	283.3314408412576
5361120	283.3373582861542
5424192	283.3356255489944
5487264	283.3386387390409
5550336	283.3318121657528
5613408	283.340777118102
5676480	283.343567318595
5739552	283.3313357814048
5802624	283.3296602886134
5865696	283.3257738770163
5928768	283.3238538296514
5991840	283.3312317962895
6054912	283.3275955187901
6117984	283.3288204393947
6181056	283.3326716219266
6244128	283.3327512945011
6307200	283.3396717990352
6370272	283.3415303065661
6433344	283.349979676127
6496416	283.3557795822387
6559488	283.3751625011565
6622560	283.3748532940852
6685632	283.3736957473906
6748704	283.3781770565389
6811776	283.379563452179
6874848	283.382470456294
6937920	283.3870184146138
7000992	283.38567432313
7064064	283.3851768168856
7127136	283.3942974415574
7190208	283.3803812187721
7253280	283.3849048275688
7316352	283.3795749014074
7379424	283.3763787538524
7442496	283.3747644180899
7505568	283.3840530636064
7568640	283.393729216296
7631712	283.3999059250665
7694784	283.3991010289704
7757856	283.4005929091387
7820928	283.4069093260871
7884000	283.4069319850694
7947072	283.4193859528712
8010144	283.4188967225546
8073216	283.4314485843044
8136288	283.4246888078867
8199360	283.424487006006
8262432	283.421996009013
8325504	283.4119218433474
8388576	283.4029483341564
8451648	283.4138093318035
8514720	283.4076554870982
8577792	283.4130148604452
8640864	283.4165282859307
8703936	283.4103817346326
8767008	283.4193020114456
8830080	283.4148581790661
8893152	283.4119604425914
8956224	283.4068552591709
9019296	283.4096057776651
9082368	283.4055309444337
9145440	283.3969070718685
9208512	283.3884137556171
9271584	283.3906674479756
9334656	283.3910689714269
9397728	283.3978129875663
9460800	283.4019931448997
9523872	283.3956084334365
9586944	283.4057843132092
9650016	283.4048371782609
9713088	283.4160926438271
9776160	283.3964393894227
9839232	283.4154818672587
9902304	283.4115835056413
9965376	283.4209951719187
10028448	283.4177457086369
10091520	283.428767833333
10154592	283.4387063235195
10217664	283.4370293113466
10280736	283.447170780072
10343808	283.4476586592606
10406880	283.4496716135899
10469952	283.4509086880955
10533024	283.4371972921067
10596096	283.4402632204987
10659168	283.4389201677686
10722240	283.4317691404079
10785312	283.4425416833153
10848384	283.4354331651325
10911456	283.4350971581719
10974528	283.4422304950887
11037600	283.4413284947718
11100672	283.4371277346344
11163744	283.4320184282535
11226816	283.4317535410183
11289888	283.4284091939472
11352960	283.4187566867537
11416032	283.4236481693919
11479104	283.4284694235625
11542176	283.4150241281777
11605248	283.4231229724606
11668320	283.4130066188669
11731392	283.4205364021656
11794464	283.4144289443576
11857536	283.4267113058244
11920608	283.4295253847076
11983680	283.4282795141249
12046752	283.4320762418718
12109824	283.4420357891976
12172896	283.4457021609875
12235968	283.441846903823
12299040	283.4480723075815
12362112	283.4566904594798
12425184	283.4607986816607
12488256	283.4429503152177
12551328	283.460548069378
12614400	283.454535317016
12677472	283.4591501699861
12740544	283.4704737230522
12803616	283.4719398622893
12866688	283.4638437043299
12929760	283.4709563475328
12992832	283.4690997257717
13055904	283.464761784658
13118976	283.4667893960292
13182048	283.4673782704088
13245120	283.4625209386683
13308192	283.4666900547733
13371264	283.4746035003522
13434336	283.4677985390914
13497408	283.4761498438388
13560480	283.4760960167265
13623552	283.4711625692489
13686624	283.476338636715
13749696	283.4789437167838
13812768	283.4824493118934
13875840	283.4765450149473
13938912	283.4846881186695
14001984	283.479793465136
14065056	283.4707535978526
14128128	283.4707237180265
14191200	283.4671038095953
14254272	283.4667500991434
14317344	283.4640964636959
14380416	283.4674280516825
14443488	283.4717933084918
14506560	283.4682445553938
14569632	283.472530211301
14632704	283.4739499050919
14695776	283.4714589918377
14758848	283.4699593126659
14821920	283.471174062824
14884992	283.4731238311072
14948064	283.4684601218723
15011136	283.478331338389
15074208	283.4721125818129
15137280	283.4697729086262
15200352	283.4692853210681
15263424	283.4812543327066
15326496	283.4818964717746
15389568	283.4854493435171
15452640	283.4849880741294
15515712	283.486234953028
15578784	283.489954292392
15641856	283.4945343346192
15704928	283.49888625173
15768000	283.5047732988144
15831072	283.5132115714403
15894144	283.5176961329594
15957216	283.5184232118507
16020288	283.5301944511491
16083360	283.5235331836744
16146432	283.5341889960401
16209504	283.5366776775974
16272576	283.5263297477413
16335648	283.5298545730585
16398720	283.5135582459867
16461792	283.5202033308699
16524864	283.5257894275121
16587936	283.525594599619
16651008	283.5303436252524
16714080	283.5315830992145
16777152	283.5342903291428
16840224	283.5249980040015
16903296	283.5360583550279
16966368	283.5286391445057
17029440	283.5395691129802
17092512	283.5410302292719
17155584	283.5386932952288
17218656	283.5320776945231
17281728	283.5455294650857
17344800	283.5494369577738
17407872	283.5463530840086
17470944	283.5517339406499
17534016	283.5572047535863
17597088	283.5565726340925
17660160	283.5663279705098
17723232	283.5617146290019
17786304	283.5633859165622
17849376	283.5728219620126
17912448	283.5735917516442
17975520	283.5774607336854
18038592	283.5781190309934
18101664	283.5857929191241
18164736	283.5930830686469
18227808	283.5922606633629
18290880	283.59124407487
18353952	283.5951886850128
18417024	283.6002256093398
18480096	283.6032848958281
18543168	283.5995685148376
18606240	283.6017234496057
18669312	283.6031738953603
18732384	283.6094202593443
18795456	283.6094914155928
18858528	283.6053629329448
18921600	283.6032532818997
18984672	283.6043606458165
19047744	283.603693667501
19110816	283.6031967960827
19173888	283.5977968983358
19236960	283.599932097846
19300032	283.6026521243832
19363104	283.5908267341999
19426176	283.5938405663963
19489248	283.5970689360263
19552320	283.5893626104641
19615392	283.5840928822623
19678464	283.5965773799683
19741536	283.5970802856351
19804608	283.5969142520274
19867680	283.603469934391
19930752	283.6058739177544
19993824	283.6047315924367
20056896	283.6027954681778
20119968	283.611135522874
20183040	283.6087812798085
20246112	283.6035739069716
20309184	283.612162010621
20372256	283.6019798931567
20435328	283.6065355216971
20498400	283.6034525332336
20561472	283.5935460656176
20624544	283.6031658588489
20687616	283.6083718226164
20750688	283.6038375564128
20813760	283.6086146078276
20876832	283.6122716018682
20939904	283.5840763279924
21002976	283.6171656877724
21066048	283.6213199166713
21129120	283.626647586365
21192192	283.6295673136818
21255264	283.630718042483
21318336	283.6342063037206
21381408	283.6319682621995
21444480	283.638809721979
21507552	283.6414857025054
21570624	283.6393072142562
21633696	283.6403357440295
21696768	283.6494018478546
21759840	283.648787365622
21822912	283.6474695840971
21885984	283.647753201418
21949056	283.6479811551808
22012128	283.6476330673644
22075200	283.6502971628827
22138272	283.6418040431143
22201344	283.6443640725739
22264416	283.6482494140374
22327488	283.6434881295411
22390560	283.6444426469275
22453632	283.6398708433802
22516704	283.6343809077464
22579776	283.6373383598171
22642848	283.6284061569865
22705920	283.6324553355734
22768992	283.6262674596414
22832064	283.621135665237
22895136	283.6182150016558
22958208	283.6133396932173
23021280	283.612735553599
23084352	283.6176046023377
23147424	283.6188295212866
23210496	283.6162234329655
23273568	283.6156035146137
23336640	283.6195793837804
23399712	283.6040889557085
23462784	283.6049344956265
23525856	283.6080904718037
23588928	283.6066766063789
23652000	283.6123143811268
23715072	283.5995162509188
23778144	283.6141677155292
23841216	283.5981587039101
23904288	283.6041901142422
23967360	283.5991475034415
24030432	283.6012352448198
24093504	283.6014418505289
24156576	283.6014646512636
24219648	283.5915371636776
24282720	283.6039055609522
24345792	283.6046577381792
24408864	283.6044730473794
24471936	283.5964143498798
24535008	283.5883565449401
24598080	283.5802087850444
24661152	283.5641240891091
24724224	283.5656302652155
24787296	283.5765784485005
24850368	283.5643710190497
24913440	283.5725464668966
24976512	283.574894859115
25039584	283.575423476157
25102656	283.5777081979439
25165728	283.5796041250877
25228800	283.5832803666681
25291872	283.5886990698501
25354944	283.595103906658
25418016	283.5886699940804
25481088	283.5920942566727
25544160	283.6005392006697
25607232	283.5995444861641
25670304	283.5980801908399
25733376	283.607037318973
25796448	283.5890666438774
25859520	283.6025024965094
25922592	283.595686317156
25985664	283.5951612958038
26048736	283.5943975543753
26111808	283.6009576739384
26174880	283.5948715944147
26237952	283.5829884675003
26301024	283.5759029137067
26364096	283.5712599504977
26427168	283.5659692783145
26490240	283.5583295086224
26553312	283.5438769002535
26616384	283.5380695993833
26679456	283.5342550270238
26742528	283.5235590253912
26805600	283.5176706047799
26868672	283.5134212626795
26931744	283.5159463837251
26994816	283.5169194055656
27057888	283.5118327830882
27120960	283.5060928900615
27184032	283.5055804279565
27247104	283.513462178742
27310176	283.5067280159038
27373248	283.5079107727038
27436320	283.5062229024455
27499392	283.4977129117841
27562464	283.4937582701778
27625536	283.4831148548196
27688608	283.4770198073945
27751680	283.472445966375
27814752	283.4733259200041
27877824	283.4622361205338
27940896	283.4695465059893
28003968	283.4624853900328
28067040	283.4652220811838
28130112	283.4644360377659
28193184	283.4600905506003
28256256	283.4536357555015
28319328	283.461449476467
28382400	283.4623593984754
28445472	283.4575608217056
28508544	283.454631978338
28571616	283.4537720571564
28634688	283.4507147541293
28697760	283.4453480796876
28760832	283.4421043281591
28823904	283.4379897977959
28886976	283.4433685357257
28950048	283.4346920660607
29013120	283.4448437900608
29076192	283.440758784534
29139264	283.434610361618
29202336	283.4212794750102
29265408	283.4189421796301
29328480	283.4120432391136
29391552	283.4015941451382
29454624	283.401333552133
29517696	283.4080953597579
29580768	283.3967011479038
29643840	283.3785059257801
29706912	283.3728460062529
29769984	283.3683918254695
29833056	283.3622807478849
29896128	283.3558444426224
29959200	283.3557709602171
30022272	283.3622351460986
30085344	283.3562347518996
30148416	283.3564176515085
30211488	283.3567611580303
30274560	283.3513318020072
30337632	283.3529042074929
30400704	283.3488863434517
30463776	283.3437212511575
30526848	283.3408358705883
30589920	283.3500566209739
30652992	283.3532342054725
30716064	283.3550402964324
30779136	283.3522586088598
30842208	283.3676934741763
30905280	283.3605194922183
30968352	283.3699826365941
31031424	283.3673174345827
31094496	283.3757523223429
31157568	283.3801717582735
31220640	283.3880626702373
31283712	283.3952438387001
31346784	283.3846004354682
31409856	283.399749463198
31472928	283.3987437741208
31536000	283.4046912029616
