0	283.2008361948866
63072	283.2008361948866
126144	283.2008361948866
189216	283.2008361948866
252288	283.2008361948866
315360	283.2008361948866
378432	283.2008361948866
441504	283.2008361948866
504576	283.1834048698953
567648	283.1797067019257
630720	283.1826784858338
693792	283.1760247479223
756864	283.1806450051406
819936	283.1773181152632
883008	283.1825589287917
946080	283.1842764880321
1009152	283.1860121937535
1072224	283.1856968728653
1135296	283.1847701392373
1198368	283.18286898881
1261440	283.1962198391628
1324512	283.2001918859862
1387584	283.191349287183
1450656	283.1982818006215
1513728	283.2028005673391
1576800	283.198034054628
1639872	283.1968977116834
1702944	283.1939014124913
1766016	283.2043030010752
1829088	283.2162088274393
1892160	283.2082812849926
1955232	283.2042620118802
2018304	283.212308633018
2081376	283.2095504176921
2144448	283.2126280615167
2207520	283.2011023800028
2270592	283.2038604515035
2333664	283.1981965990513
2396736	283.2111964461568
2459808	283.2110226971622
2522880	283.2147197240074
2585952	283.211750649043
2649024	283.2150340204158
2712096	283.2143502689793
2775168	283.1893973722529
2838240	283.2125867021102
2901312	283.2051596232713
2964384	283.2178387855097
3027456	283.2048438904482
3090528	283.2142173776927
3153600	283.210133728603
3216672	283.2187046594545
3279744	283.2142724967464
3342816	283.2020394779684
3405888	283.2056525633708
3468960	283.2043375850578
3532032	283.2123593005203
3595104	283.2040744356084
3658176	283.1930427049825
3721248	283.2058392370977
3784320	283.2010226968205
3847392	283.1980773220664
3910464	283.2041724246363
3973536	283.1996024557201
4036608	283.2029090745559
4099680	283.1978690786546
4162752	283.1946425177331
4225824	283.2010960254971
4288896	283.209351492187
4351968	283.197400092638
4415040	283.1995539494062
4478112	283.1921394097731
4541184	283.2024236674266
4604256	283.202517887615
4667328	283.1997862934315
4730400	283.2054494225028
4793472	283.2047772627433
4856544	283.2096048087172
4919616	283.1951592659423
4982688	283.2009706393892
5045760	283.2099585004323
5108832	283.1958246263496
5171904	283.206890465851
5234976	283.2143982809199
5298048	283.2123327353369
5361120	283.2155351961463
5424192	283.215025681885
5487264	283.1946702203742
5550336	283.2153436208583
5613408	283.2128536977164
5676480	283.2201050547727
5739552	283.2173643442433
5802624	283.212892695352
5865696	283.2050091162295
5928768	283.2092011034108
5991840	283.2093230226782
6054912	283.2040426060886
6117984	283.2092550785505
6181056	283.2128203227782
6244128	283.2118230182711
6307200	283.2054196972058
6370272	283.216844460379
6433344	283.2023052631192
6496416	283.213217774878
6559488	283.2140090985944
6622560	283.2153838547275
6685632	283.2205381816395
6748704	283.2175987251267
6811776	283.2179132716575
6874848	283.2222534667376
6937920	283.2088454532128
7000992	283.2033580660691
7064064	283.2017921870578
7127136	283.2008627786989
7190208	283.20666522981
7253280	283.2030236591328
7316352	283.2035407845554
7379424	283.2037417770865
7442496	283.2054145951699
7505568	283.2049739938137
7568640	283.2027446645092
7631712	283.2052238882687
7694784	283.2106151925117
7757856	283.2059970164746
7820928	283.2076223069519
7884000	283.2083346752273
7947072	283.2142363309327
8010144	283.212578872289
8073216	283.2155706390938
8136288	283.207875420951
8199360	283.2097490160103
8262432	283.2101554713126
8325504	283.2061509268036
8388576	283.2192010191416
8451648	283.2117777853594
8514720	283.208854644802
8577792	283.2145926785024
8640864	283.2037701895943
8703936	283.20657163238
8767008	283.2177928389714
8830080	283.2151138662549
8893152	283.2111311177295
8956224	283.2066696792694
9019296	283.210244432208
9082368	283.2070700769916
9145440	283.2083258199017
9208512	283.2086232113356
9271584	283.2181795014041
9334656	283.2014627891369
9397728	283.2019464722575
9460800	283.2106348261652
9523872	283.208341221035
9586944	283.2031614142651
9650016	283.2069817808351
9713088	283.2089005076642
9776160	283.2067745230133
9839232	283.2109673683334
9902304	283.2048355432963
9965376	283.2080245996768
10028448	283.2122842852729
10091520	283.2186893996342
10154592	283.2146768268764
10217664	283.2159010413657
10280736	283.2183317993591
10343808	283.2159684691899
10406880	283.216173043461
10469952	283.2204786101107
10533024	283.2155722533941
10596096	283.2255236109152
10659168	283.2142785273932
10722240	283.2178725821078
10785312	283.2116555429344
10848384	283.217353272237
10911456	283.2216598314856
10974528	283.2189758151552
11037600	283.2236805544524
11100672	283.2201575893702
11163744	283.2129105443376
11226816	283.2109007663421
11289888	283.2086944092822
11352960	283.2151299137968
11416032	283.220175929232
11479104	283.2171131324276
11542176	283.2092938713383
11605248	283.2092070503725
11668320	283.2119666916689
11731392	283.2091144186473
11794464	283.2110915676798
11857536	283.2076847510933
11920608	283.2098309213754
11983680	283.2146917467999
12046752	283.2171710068549
12109824	283.2168967690019
12172896	283.2126695686217
12235968	283.2211717613137
12299040	283.2224819629648
12362112	283.217432366189
12425184	283.2286510951784
12488256	283.2212328488259
12551328	283.2213642378499
12614400	283.2188010897672
12677472	283.2192503442285
12740544	283.2316571543811
12803616	283.2234688777544
12866688	283.2253810558622
12929760	283.2260804729842
12992832	283.2301371369151
13055904	283.2273427932865
13118976	283.2223425792268
13182048	283.223582992174
13245120	283.2213797444673
13308192	283.2282828151055
13371264	283.230363928645
13434336	283.236398755675
13497408	283.2270608563443
13560480	283.2261388115942
13623552	283.2281316687112
13686624	283.2353416399692
13749696	283.2263982028632
13812768	283.2303304185445
13875840	283.2253932392903
13938912	283.2252199788687
14001984	283.2265374200415
14065056	283.2332073375323
14128128	283.2262444193436
14191200	283.2246933766874
14254272	283.2290891952581
14317344	283.2213163284197
14380416	283.2245466746279
14443488	283.2293095555747
14506560	283.2236331560774
14569632	283.223943061472
14632704	283.2239633978919
14695776	283.224589682629
14758848	283.2273983755468
14821920	283.2294900999905
14884992	283.2230226677272
14948064	283.2263717266462
15011136	283.2289175613175
15074208	283.2265316011952
15137280	283.2302868848106
15200352	283.2196495915666
15263424	283.2230597906337
15326496	283.2246161192895
15389568	283.2282616130174
15452640	283.2305887591531
15515712	283.2309732942131
15578784	283.2254092278566
15641856	283.2379197893302
15704928	283.2342939063807
15768000	283.2348261740083
15831072	283.2335759011169
15894144	283.2424781798687
15957216	283.2410575664334
16020288	283.2386665120979
16083360	283.2400833013968
16146432	283.2446767770617
16209504	283.2441729064217
16272576	283.2462976786776
16335648	283.2441415580212
16398720	283.2471940493432
16461792	283.2426430284113
16524864	283.2463266534249
16587936	283.2367059416007
16651008	283.2381117448596
16714080	283.2453150356688
16777152	283.2429722448549
16840224	283.2459860485948
16903296	283.242254801904
16966368	283.2395643570832
17029440	283.2427330457243
17092512	283.2461365291999
17155584	283.2524859956873
17218656	283.2443146593822
17281728	283.2458062449968
17344800	283.2516924153779
17407872	283.2411206599201
17470944	283.2491013726554
17534016	283.2437425210225
17597088	283.2438606244804
17660160	283.2607539615247
17723232	283.2502527330691
17786304	283.2493245079601
17849376	283.2600328505729
17912448	283.2547856496701
17975520	283.2560733615426
18038592	283.2615825998136
18101664	283.2627805062259
18164736	283.2618940189699
18227808	283.2526103098106
18290880	283.2648279627713
18353952	283.2605164840339
18417024	283.2549654068167
18480096	283.2573325406491
18543168	283.2637870821977
18606240	283.2658170531815
18669312	283.2580412110929
18732384	283.2701316799667
18795456	283.2680756915261
18858528	283.2609695110526
18921600	283.2650047647874
18984672	283.269052051815
19047744	283.258211960976
19110816	283.267850110551
19173888	283.2628855120878
19236960	283.2565638122706
19300032	283.2618814089424
19363104	283.2649898598041
19426176	283.2567886517651
19489248	283.2588946082435
19552320	283.2561032719302
19615392	283.256011896407
19678464	283.2576256635561
19741536	283.2597750632842
19804608	283.2650316258002
19867680	283.2589030366244
19930752	283.261106838245
19993824	283.2601850962665
20056896	283.2621885553118
20119968	283.2907699630014
20183040	283.2700455733013
20246112	283.2632930269698
20309184	283.2661277853138
20372256	283.2671725307372
20435328	283.2627474835537
20498400	283.2772670442639
20561472	283.2675769976814
20624544	283.260679096325
20687616	283.2582583460255
20750688	283.2592894579084
20813760	283.2603795266024
20876832	283.2624864080918
20939904	283.260908956787
21002976	283.2681050391956
21066048	283.2669393033161
21129120	283.2674270523994
21192192	283.2661610732568
21255264	283.2684286089034
21318336	283.2686699030922
21381408	283.2650091808968
21444480	283.274120338996
21507552	283.2715105812152
21570624	283.2675632667605
21633696	283.2753702103967
21696768	283.2702968119522
21759840	283.2714500968949
21822912	283.2693121564212
21885984	283.2748449456587
21949056	283.2727769549833
22012128	283.2751880922464
22075200	283.2757386147829
22138272	283.2759327906681
22201344	283.2802172566284
22264416	283.2735402549966
22327488	283.2661880420636
22390560	283.2778078054038
22453632	283.2897449668323
22516704	283.2907151071319
22579776	283.2676394264111
22642848	283.2698499112512
22705920	283.2852808341075
22768992	283.2817124796299
22832064	283.2898770724225
22895136	283.2827928941838
22958208	283.2786518106105
23021280	283.2694815820243
23084352	283.2749929922221
23147424	283.2856640936033
23210496	283.270525176304
23273568	283.2820459821128
23336640	283.2905220767581
23399712	283.2846127149254
23462784	283.2753989003006
23525856	283.2781332926253
23588928	283.2837508130726
23652000	283.2783466407323
23715072	283.2802450276561
23778144	283.285850756718
23841216	283.2787451944688
23904288	283.2820090123971
23967360	283.2811147936361
24030432	283.2710842008468
24093504	283.2700893222932
24156576	283.2685047419456
24219648	283.2809115979165
24282720	283.2796748500851
24345792	283.274593417166
24408864	283.2773587502588
24471936	283.2806700102562
24535008	283.2667047679327
24598080	283.274598924221
24661152	283.2804088228023
24724224	283.2779382788966
24787296	283.2777213867304
24850368	283.2718775414854
24913440	283.2724903074977
24976512	283.2716614785635
25039584	283.2747632414342
25102656	283.2666633376672
25165728	283.2699933396122
25228800	283.2727192389191
25291872	283.2676125502361
25354944	283.2746140568054
25418016	283.2786200162744
25481088	283.2786001296527
25544160	283.2732896805432
25607232	283.2777571845489
25670304	283.282186092474
25733376	283.273679974625
25796448	283.2809853568718
25859520	283.2801370634271
25922592	283.2826442621546
25985664	283.2512833700583
26048736	283.2780255287203
26111808	283.2742806769666
26174880	283.2787971009558
26237952	283.276654850861
26301024	283.2763467152418
26364096	283.2606687738754
26427168	283.2666289337441
26490240	283.2475018802597
26553312	283.262722920278
26616384	283.2649347855088
26679456	283.2634088354666
26742528	283.2628113817909
26805600	283.2626185799043
26868672	283.2568461085009
26931744	283.2485952774576
26994816	283.2521129791166
27057888	283.2561679525369
27120960	283.2596184000612
27184032	283.2524970358219
27247104	283.2566663694589
27310176	283.2571695513818
27373248	283.2541033082991
27436320	283.2480187933072
27499392	283.24117783563
27562464	283.2523117097375
27625536	283.2473209705571
27688608	283.2525584393724
27751680	283.2457055000839
27814752	283.2463392662685
27877824	283.241948210137
27940896	283.2420604683544
28003968	283.2474172909398
28067040	283.2397721058336
28130112	283.243468080245
28193184	283.2357275837506
28256256	283.2365224738376
28319328	283.2383960347768
28382400	283.2399257799285
28445472	283.2326557323714
28508544	283.2442554070371
28571616	283.2365246292267
28634688	283.243788337761
28697760	283.2391263227241
28760832	283.2386991267517
28823904	283.2373999536915
28886976	283.2339348247843
28950048	283.2385527089162
29013120	283.2384383867451
29076192	283.226200530735
29139264	283.2354123567105
29202336	283.2287983747288
29265408	283.2346664116919
29328480	283.2339230318865
29391552	283.223299970642
29454624	283.2279253908184
29517696	283.2243945647769
29580768	283.2293589084624
29643840	283.2232367577371
29706912	283.2170320413626
29769984	283.2112214050359
29833056	283.2100658883922
29896128	283.2113407196014
29959200	283.2103132547225
30022272	283.2124976801613
30085344	283.210577552778
30148416	283.2081302979797
30211488	283.2086885639559
30274560	283.2098499670399
30337632	283.2120735370357
30400704	283.2103532303306
30463776	283.2147287801794
30526848	283.2161796178531
30589920	283.206307469203
30652992	283.2028102763113
30716064	283.1868005833937
30779136	283.2065747697444
30842208	283.2100718647737
30905280	283.2105179074373
30968352	283.2136718063989
31031424	283.2097774947997
31094496	283.2156658133188
31157568	283.2178247200627
31220640	283.2205328520951
31283712	283.2216820187774
31346784	283.2168483921091
31409856	283.2249524429574
31472928	283.2297040163714
31536000	283.2247939463757
