0	283.5736349573887
63072	283.5736349573887
126144	283.6011527428725
189216	283.5615211439602
252288	283.5009624538857
315360	283.4609919469034
378432	283.4408583193974
441504	283.4344424765036
504576	283.4384320544803
567648	283.475325373997
630720	283.4971033726542
693792	283.5204664929984
756864	283.5331685500854
819936	283.5560020140242
883008	283.5718394507756
946080	283.5767336732545
1009152	283.5862888034568
1072224	283.6093542625248
1135296	283.6351122247298
1198368	283.6389992656921
1261440	283.6180831361274
1324512	283.6198030248388
1387584	283.6089531592186
1450656	283.606119785337
1513728	283.6305473354942
1576800	283.6483887220875
1639872	283.6429896143258
1702944	283.6077086201192
1766016	283.5528777005281
1829088	283.5243966048366
1892160	283.5207603106374
1955232	283.540654973768
2018304	283.5604349095433
2081376	283.5791471788354
2144448	283.6018421782342
2207520	283.6368733929904
2270592	283.611503088754
2333664	283.6057428849226
2396736	283.6034469664991
2459808	283.6226124448823
2522880	283.6452800176199
2585952	283.6362940052572
2649024	283.6382687534484
2712096	283.6322355698445
2775168	283.6407274486455
2838240	283.6426188265228
2901312	283.6630799959281
2964384	283.6858059804624
3027456	283.6602396930959
3090528	283.6098343182014
3153600	283.5515714028801
3216672	283.532840790131
3279744	283.5379600582355
3342816	283.5554664100778
3405888	283.5311178744603
3468960	283.4982837082249
3532032	283.5034806916755
3595104	283.5205578811536
3658176	283.5306958155411
3721248	283.5487429168236
3784320	283.5664137892893
3847392	283.5787782363405
3910464	283.5783172814495
3973536	283.5451377890781
4036608	283.514194605168
4099680	283.5172041516461
4162752	283.5030142208524
4225824	283.4839062218632
4288896	283.4679259219691
4351968	283.4902392411112
4415040	283.5026943040005
4478112	283.5205055550435
4541184	283.5101825851816
4604256	283.5085908243087
4667328	283.4916360662255
4730400	283.4869112042681
4793472	283.5155927116382
4856544	283.5377947783151
4919616	283.5525049184225
4982688	283.5603458378508
5045760	283.5925951360618
5108832	283.5964381529832
5171904	283.6060452111173
5234976	283.5946430564414
5298048	283.5858514266698
5361120	283.5824236172515
5424192	283.5958829511799
5487264	283.6181930799858
5550336	283.5894962540141
5613408	283.5688662897443
5676480	283.5542672296039
5739552	283.5533197867433
5802624	283.5561760501299
5865696	283.5486544200343
5928768	283.564143292269
5991840	283.5771819583815
6054912	283.5774016705552
6117984	283.5672047629722
6181056	283.596065670063
6244128	283.6203261811759
6307200	283.6353726361067
6370272	283.6353547818454
6433344	283.6459533398579
6496416	283.6587801583306
6559488	283.664409695715
6622560	283.6740684967547
6685632	283.6494402768568
6748704	283.6429489375814
6811776	283.6488485629748
6874848	283.6718805318555
6937920	283.6811061073079
7000992	283.6821063536804
7064064	283.6458181638935
7127136	283.643275205788
7190208	283.6425205887436
7253280	283.6410950463152
7316352	283.6388467355383
7379424	283.6686229219778
7442496	283.6821093253691
7505568	283.705687227406
7568640	283.7150936114879
7631712	283.7210754342767
7694784	283.7289173630125
7757856	283.7514305343599
7820928	283.7639691111883
7884000	283.7730436018974
7947072	283.7688596335194
8010144	283.7515603974464
8073216	283.7298234183518
8136288	283.7018845425019
8199360	283.6901899481169
8262432	283.6945351827867
8325504	283.7059535710263
8388576	283.7145017040149
8451648	283.7182594679743
8514720	283.7209872094517
8577792	283.7351135822796
8640864	283.7457289056475
8703936	283.7366000653751
8767008	283.7120522383277
8830080	283.7026975717939
8893152	283.6954945537792
8956224	283.6658957384302
9019296	283.660955449728
9082368	283.6608370059325
9145440	283.6574396753444
9208512	283.6638959867572
9271584	283.6826148102296
9334656	283.7025340068012
9397728	283.7247135581699
9460800	283.7256993265487
9523872	283.7214098760827
9586944	283.7187630012891
9650016	283.725796701126
9713088	283.7289000493055
9776160	283.7371341054442
9839232	283.7454270390115
9902304	283.7637849833849
9965376	283.7839709550682
10028448	283.7969080345948
10091520	283.8129108164845
10154592	283.8142273162088
10217664	283.8235923609666
10280736	283.808200065755
10343808	283.7820162576142
10406880	283.7778493069491
10469952	283.7794085247638
10533024	283.7747097303673
10596096	283.7742591700243
10659168	283.7729906901716
10722240	283.7761943495056
10785312	283.7836558584178
10848384	283.7811074080764
10911456	283.7784200150048
10974528	283.7585479937975
11037600	283.7529460464859
11100672	283.7542374850988
11163744	283.7524392966144
11226816	283.7578142759369
11289888	283.7378175040785
11352960	283.7336512400731
11416032	283.7263552736756
11479104	283.7215454508568
11542176	283.7087148291054
11605248	283.7250981124845
11668320	283.7298974323692
11731392	283.7506501310376
11794464	283.7629173511015
11857536	283.7799100920709
11920608	283.7919290986684
11983680	283.8034528378057
12046752	283.8076847979713
12109824	283.8218166818638
12172896	283.8288390214909
12235968	283.8409468146328
12299040	283.8450584587284
12362112	283.8307932734875
12425184	283.8289647065992
12488256	283.8419118502354
12551328	283.844658577937
12614400	283.8536978922602
12677472	283.8604583406213
12740544	283.859465746943
12803616	283.8538650572738
12866688	283.850939898857
12929760	283.8435052837311
12992832	283.8469516671298
13055904	283.8415756168804
13118976	283.850021565251
13182048	283.8500798999044
13245120	283.8462542539123
13308192	283.8590664531058
13371264	283.8567360868424
13434336	283.8670399929102
13497408	283.8650830257739
13560480	283.8657556206129
13623552	283.8827122839705
13686624	283.8920858930479
13749696	283.9043632892754
13812768	283.8835792606167
13875840	283.8664844005431
13938912	283.8437307546304
14001984	283.823106166649
14065056	283.8165270548221
14128128	283.8265835865029
14191200	283.8268812120593
14254272	283.8460993687009
14317344	283.8582950268397
14380416	283.8659383349271
14443488	283.8594256405717
14506560	283.8559810590839
14569632	283.8482692674871
14632704	283.8510746439775
14695776	283.8413863737009
14758848	283.84550417569
14821920	283.85612871359
14884992	283.8592162798002
14948064	283.8570453608379
15011136	283.8562815033543
15074208	283.8670746923402
15137280	283.8812540315648
15200352	283.8874591768374
15263424	283.8937882787469
15326496	283.8993003221821
15389568	283.9101747660379
15452640	283.9176316831782
15515712	283.9337978335358
15578784	283.9474552702522
15641856	283.9503196401279
15704928	283.9621499063469
15768000	283.9845285571685
15831072	283.9925043609564
15894144	284.0082882821549
15957216	284.0020321425044
16020288	284.0121638313245
16083360	283.9879401927529
16146432	283.9719000348265
16209504	283.9686061016441
16272576	283.9607896748525
16335648	283.9600632421028
16398720	283.9758198265164
16461792	283.9789152215856
16524864	283.9921416862891
16587936	283.9977071088185
16651008	284.0084702325108
16714080	284.0042928439244
16777152	284.0029079087687
16840224	283.9956669082114
16903296	284.0001941033235
16966368	284.0111480498989
17029440	284.0180290189666
17092512	284.0210904209397
17155584	284.0270457095646
17218656	284.0305320556819
17281728	284.0371946588737
17344800	284.0483823698829
17407872	284.0530433718546
17470944	284.0650252476524
17534016	284.0716268091864
17597088	284.083825998965
17660160	284.0949521701997
17723232	284.0900795774892
17786304	284.0915654410276
17849376	284.1032903684791
17912448	284.1215375911659
17975520	284.1246306500805
18038592	284.1342851695244
18101664	284.1453501737628
18164736	284.1483605208335
18227808	284.1458672876275
18290880	284.1524893787931
18353952	284.1614952966331
18417024	284.1654030764755
18480096	284.162631028382
18543168	284.1618116077641
18606240	284.1620760871194
18669312	284.1535912860868
18732384	284.1556119798083
18795456	284.1685325429985
18858528	284.1851055841056
18921600	284.1862990754208
18984672	284.1791602351357
19047744	284.1627210544371
19110816	284.1424877010834
19173888	284.1371865788787
19236960	284.1470242834712
19300032	284.1568631198216
19363104	284.1398510295288
19426176	284.1334640888941
19489248	284.1380000940339
19552320	284.1479124779061
19615392	284.1488082404406
19678464	284.1620709361567
19741536	284.1780778394699
19804608	284.1794113456276
19867680	284.1851791137773
19930752	284.1914661160047
19993824	284.1991829835424
20056896	284.1966098660941
20119968	284.1808324228698
20183040	284.1662666798828
20246112	284.172281298242
20309184	284.1645075251133
20372256	284.1446742153839
20435328	284.1306649494411
20498400	284.1468125251101
20561472	284.1585775467285
20624544	284.1799074041048
20687616	284.1877748491724
20750688	284.2032056067124
20813760	284.2072860050825
20876832	284.2190054957315
20939904	284.2343042812684
21002976	284.2321109304293
21066048	284.2290607036193
21129120	284.2398826593987
21192192	284.2468260344171
21255264	284.249496488817
21318336	284.2558178177865
21381408	284.2580049601036
21444480	284.2571017636611
21507552	284.266142567907
21570624	284.2765600101125
21633696	284.2819536462206
21696768	284.2793260778566
21759840	284.2647641614684
21822912	284.2812419953077
21885984	284.2683237004157
21949056	284.2512521344439
22012128	284.2584272436458
22075200	284.2591145117021
22138272	284.2638468446559
22201344	284.256765085466
22264416	284.2426327357917
22327488	284.2253477344281
22390560	284.2111419911959
22453632	284.2103937408569
22516704	284.2263339359625
22579776	284.2335526547073
22642848	284.2219845109423
22705920	284.1905361442236
22768992	284.1706008563917
22832064	284.1717433293263
22895136	284.1708895676124
22958208	284.1685513423361
23021280	284.1788002723126
23084352	284.2023712681128
23147424	284.2010392928394
23210496	284.2038895690844
23273568	284.1889913453141
23336640	284.1604480098709
23399712	284.1510255531494
23462784	284.1708260840742
23525856	284.1730122811045
23588928	284.1878554972355
23652000	284.1869585704598
23715072	284.1637580279628
23778144	284.14922757869
23841216	284.1346011995161
23904288	284.1367505586858
23967360	284.1534604459147
24030432	284.163874213865
24093504	284.1660409230155
24156576	284.1869516419185
24219648	284.1889438416688
24282720	284.1583367426595
24345792	284.1121443277836
24408864	284.1042001480187
24471936	284.0890354899846
24535008	284.0838181799733
24598080	284.0877572766904
24661152	284.0751001534459
24724224	284.0750381508431
24787296	284.0813321950079
24850368	284.1004289719393
24913440	284.1081669090573
24976512	284.1242632943454
25039584	284.1160284036661
25102656	284.1519854792737
25165728	284.1507386744634
25228800	284.1482164796229
25291872	284.1447413172231
25354944	284.163408932328
25418016	284.1642249685241
25481088	284.171851870725
25544160	284.1736191470622
25607232	284.1677332235162
25670304	284.1682766501861
25733376	284.1551424708169
25796448	284.1591860242156
25859520	284.1468078264523
25922592	284.14055886501
25985664	284.1502573993586
26048736	284.1542212080721
26111808	284.1086370081965
26174880	284.0678036997282
26237952	284.0453165054726
26301024	284.0590948142227
26364096	284.0329399221697
26427168	283.9868021660704
26490240	283.978806323952
26553312	283.9613995806296
26616384	283.9444479800859
26679456	283.9434396463732
26742528	283.9356842817622
26805600	283.947376483481
26868672	283.9628870146627
26931744	283.9377689459716
26994816	283.9497738432937
27057888	283.9475864952039
27120960	283.9520082181277
27184032	283.9506448691264
27247104	283.9462952164783
27310176	283.9479343757278
27373248	283.9210885489931
27436320	283.8907746029871
27499392	283.8570456268238
27562464	283.8263769190885
27625536	283.8297247231496
27688608	283.8244655415101
27751680	283.8307661888474
27814752	283.8402770929426
27877824	283.840196674766
27940896	283.8520208102809
28003968	283.8513795111716
28067040	283.8531055984625
28130112	283.8613395265341
28193184	283.8432347479203
28256256	283.8254892988749
28319328	283.8167994693848
28382400	283.7960791998284
28445472	283.8155468153918
28508544	283.8217937659815
28571616	283.7867253442288
28634688	283.7770597506957
28697760	283.7750386004698
28760832	283.7833280905688
28823904	283.7993813797328
28886976	283.814262750102
28950048	283.7937030390553
29013120	283.7443771274577
29076192	283.720382417505
29139264	283.7085399001774
29202336	283.6976868025237
29265408	283.6897331183252
29328480	283.7023110782976
29391552	283.6976382355642
29454624	283.6609040545695
29517696	283.6204157359977
29580768	283.6016788589322
29643840	283.5812972503651
29706912	283.5799572538839
29769984	283.6001199393613
29833056	283.6075474203314
29896128	283.6033530765039
29959200	283.6014272597375
30022272	283.5962840290613
30085344	283.5956827055263
30148416	283.5906260068642
30211488	283.584749325751
30274560	283.5873591443165
30337632	283.5915486323495
30400704	283.595674294308
30463776	283.612935577872
30526848	283.6083173107892
30589920	283.6076079470116
30652992	283.6208011391144
30716064	283.6438354492384
30779136	283.6404241567154
30842208	283.6378309105727
30905280	283.6546674252672
30968352	283.6785238312385
31031424	283.6954137958765
31094496	283.702119277376
31157568	283.7118633661752
31220640	283.724522187225
31283712	283.7130315736502
31346784	283.730499522286
31409856	283.7301075461048
31472928	283.7288713387103
31536000	283.7220559726606
