0	0.6939429105929453
63072	0.6939429105929453
126144	0.6939429105929453
189216	0.6939429105929453
252288	0.6939429105929453
315360	0.6939429105929453
378432	0.6939429105929453
441504	0.6939429105929453
504576	0.6939429105929453
567648	0.6939429105929453
630720	0.6939429105929453
693792	0.6939429105929453
756864	0.6939429105929453
819936	0.6939429105929453
883008	0.6939429105929453
946080	0.6939429105929453
1009152	0.6939429105929453
1072224	0.6939429105929453
1135296	0.6939429105929453
1198368	0.6939429105929453
1261440	0.6939429105929453
1324512	0.6939429105929453
1387584	0.6939429105929453
1450656	0.6939429105929453
1513728	0.6939429105929453
1576800	0.6939429105929453
1639872	0.6939429105929453
1702944	0.6939429105929453
1766016	0.6939429105929453
1829088	0.6939429105929453
1892160	0.6939429105929453
1955232	0.6939429105929453
2018304	0.6939429105929453
2081376	0.6939429105929453
2144448	0.6939429105929453
2207520	0.6939429105929453
2270592	0.6939429105929453
2333664	0.6939429105929453
2396736	0.6939429105929453
2459808	0.6939429105929453
2522880	0.6939429105929453
2585952	0.6939429105929453
2649024	0.6939429105929453
2712096	0.6939429105929453
2775168	0.6939429105929453
2838240	0.6939429105929453
2901312	0.6939429105929453
2964384	0.6939429105929453
3027456	0.6939429105929453
3090528	0.6939429105929453
3153600	0.6939429105929453
3216672	0.6939429105929453
3279744	0.6939429105929453
3342816	0.6939429105929453
3405888	0.6939429105929453
3468960	0.6939429105929453
3532032	0.6939429105929453
3595104	0.6939429105929453
3658176	0.6939429105929453
3721248	0.6939429105929453
3784320	0.6939429105929453
3847392	0.6939429105929453
3910464	0.6939429105929453
3973536	0.6939429105929453
4036608	0.6939429105929453
4099680	0.6939429105929453
4162752	0.6939429105929453
4225824	0.6939429105929453
4288896	0.6939429105929453
4351968	0.6939429105929453
4415040	0.6939429105929453
4478112	0.6939429105929453
4541184	0.6939429105929453
4604256	0.6939429105929453
4667328	0.6939429105929453
4730400	0.6939429105929453
4793472	0.6939429105929453
4856544	0.6939429105929453
4919616	0.6939429105929453
4982688	0.6939429105929453
5045760	0.6939429105929453
5108832	0.6939429105929453
5171904	0.6939429105929453
5234976	0.6939429105929453
5298048	0.6939429105929453
5361120	0.6939429105929453
5424192	0.6939429105929453
5487264	0.6939429105929453
5550336	0.6939429105929453
5613408	0.6939429105929453
5676480	0.6939429105929453
5739552	0.6939429105929453
5802624	0.6939429105929453
5865696	0.6939429105929453
5928768	0.6939429105929453
5991840	0.6939429105929453
6054912	0.6939429105929453
6117984	0.6939429105929453
6181056	0.6939429105929453
6244128	0.6939429105929453
6307200	0.6939429105929453
6370272	0.6939429105929453
6433344	0.6939429105929453
6496416	0.6939429105929453
6559488	0.6939429105929453
6622560	0.6939429105929453
6685632	0.6939429105929453
6748704	0.6939429105929453
6811776	0.6939429105929453
6874848	0.6939429105929453
6937920	0.6939429105929453
7000992	0.6939429105929453
7064064	0.6939429105929453
7127136	0.6939429105929453
7190208	0.6939429105929453
7253280	0.6939429105929453
7316352	0.6939429105929453
7379424	0.6939429105929453
7442496	0.6939429105929453
7505568	0.6939429105929453
7568640	0.6939429105929453
7631712	0.6939429105929453
7694784	0.6939429105929453
7757856	0.6939429105929453
7820928	0.6939429105929453
7884000	0.6939429105929453
7947072	0.6939429105929453
8010144	0.6939429105929453
8073216	0.6939429105929453
8136288	0.6939429105929453
8199360	0.6939429105929453
8262432	0.6939429105929453
8325504	0.6939429105929453
8388576	0.6939429105929453
8451648	0.6939429105929453
8514720	0.6939429105929453
8577792	0.6939429105929453
8640864	0.6939429105929453
8703936	0.6939429105929453
8767008	0.6939429105929453
8830080	0.6939429105929453
8893152	0.6939429105929453
8956224	0.6939429105929453
9019296	0.6939429105929453
9082368	0.6939429105929453
9145440	0.6939429105929453
9208512	0.6939429105929453
9271584	0.6939429105929453
9334656	0.6939429105929453
9397728	0.6939429105929453
9460800	0.6939429105929453
9523872	0.6939429105929453
9586944	0.6939429105929453
9650016	0.6939429105929453
9713088	0.6939429105929453
9776160	0.6939429105929453
9839232	0.6939429105929453
9902304	0.6939429105929453
9965376	0.6939429105929453
10028448	0.6939429105929453
10091520	0.6939429105929453
10154592	0.6939429105929453
10217664	0.6939429105929453
10280736	0.6939429105929453
10343808	0.6939429105929453
10406880	0.6939429105929453
10469952	0.6939429105929453
10533024	0.6939429105929453
10596096	0.6939429105929453
10659168	0.6939429105929453
10722240	0.6939429105929453
10785312	0.6939429105929453
10848384	0.6939429105929453
10911456	0.6939429105929453
10974528	0.6939429105929453
11037600	0.6939429105929453
11100672	0.6939429105929453
11163744	0.6939429105929453
11226816	0.6939429105929453
11289888	0.6939429105929453
11352960	0.6939429105929453
11416032	0.6939429105929453
11479104	0.6939429105929453
11542176	0.6939429105929453
11605248	0.6939429105929453
11668320	0.6939429105929453
11731392	0.6939429105929453
11794464	0.6939429105929453
11857536	0.6939429105929453
11920608	0.6939429105929453
11983680	0.6939429105929453
12046752	0.6939429105929453
12109824	0.6939429105929453
12172896	0.6939429105929453
12235968	0.6939429105929453
12299040	0.6939429105929453
12362112	0.6939429105929453
12425184	0.6939429105929453
12488256	0.6939429105929453
12551328	0.6939429105929453
12614400	0.6939429105929453
12677472	0.6939429105929453
12740544	0.6939429105929453
12803616	0.6939429105929453
12866688	0.6939429105929453
12929760	0.6939429105929453
12992832	0.6939429105929453
13055904	0.6939429105929453
13118976	0.6939429105929453
13182048	0.6939429105929453
13245120	0.6939429105929453
13308192	0.6939429105929453
13371264	0.6939429105929453
13434336	0.6939429105929453
13497408	0.6939429105929453
13560480	0.6939429105929453
13623552	0.6939429105929453
13686624	0.6939429105929453
13749696	0.6939429105929453
13812768	0.6939429105929453
13875840	0.6939429105929453
13938912	0.6939429105929453
14001984	0.6939429105929453
14065056	0.6939429105929453
14128128	0.6939429105929453
14191200	0.6939429105929453
14254272	0.6939429105929453
14317344	0.6939429105929453
14380416	0.6939429105929453
14443488	0.6939429105929453
14506560	0.6939429105929453
14569632	0.6939429105929453
14632704	0.6939429105929453
14695776	0.6939429105929453
14758848	0.6939429105929453
14821920	0.6939429105929453
14884992	0.6939429105929453
14948064	0.6939429105929453
15011136	0.6939429105929453
15074208	0.6939429105929453
15137280	0.6939429105929453
15200352	0.6939429105929453
15263424	0.6939429105929453
15326496	0.6939429105929453
15389568	0.6939429105929453
15452640	0.6939429105929453
15515712	0.6939429105929453
15578784	0.6939429105929453
15641856	0.6939429105929453
15704928	0.6939429105929453
15768000	0.6939429105929453
15831072	0.6939429105929453
15894144	0.6939429105929453
15957216	0.6939429105929453
16020288	0.6939429105929453
16083360	0.6939429105929453
16146432	0.6939429105929453
16209504	0.6939429105929453
16272576	0.6939429105929453
16335648	0.6939429105929453
16398720	0.6939429105929453
16461792	0.6939429105929453
16524864	0.6939429105929453
16587936	0.6939429105929453
16651008	0.6939429105929453
16714080	0.6939429105929453
16777152	0.6939429105929453
16840224	0.6939429105929453
16903296	0.6939429105929453
16966368	0.6939429105929453
17029440	0.6939429105929453
17092512	0.6939429105929453
17155584	0.6939429105929453
17218656	0.6939429105929453
17281728	0.6939429105929453
17344800	0.6939429105929453
17407872	0.6939429105929453
17470944	0.6939429105929453
17534016	0.6939429105929453
17597088	0.6939429105929453
17660160	0.6939429105929453
17723232	0.6939429105929453
17786304	0.6939429105929453
17849376	0.6939429105929453
17912448	0.6939429105929453
17975520	0.6939429105929453
18038592	0.6939429105929453
18101664	0.6939429105929453
18164736	0.6939429105929453
18227808	0.6939429105929453
18290880	0.6939429105929453
18353952	0.6939429105929453
18417024	0.6939429105929453
18480096	0.6939429105929453
18543168	0.6939429105929453
18606240	0.6939429105929453
18669312	0.6939429105929453
18732384	0.6939429105929453
18795456	0.6939429105929453
18858528	0.6939429105929453
18921600	0.6939429105929453
18984672	0.6939429105929453
19047744	0.6939429105929453
19110816	0.6939429105929453
19173888	0.6939429105929453
19236960	0.6939429105929453
19300032	0.6939429105929453
19363104	0.6939429105929453
19426176	0.6939429105929453
19489248	0.6939429105929453
19552320	0.6939429105929453
19615392	0.6939429105929453
19678464	0.6939429105929453
19741536	0.6939429105929453
19804608	0.6939429105929453
19867680	0.6939429105929453
19930752	0.6939429105929453
19993824	0.6939429105929453
20056896	0.6939429105929453
20119968	0.6939429105929453
20183040	0.6939429105929453
20246112	0.6939429105929453
20309184	0.6939429105929453
20372256	0.6939429105929453
20435328	0.6939429105929453
20498400	0.6939429105929453
20561472	0.6939429105929453
20624544	0.6939429105929453
20687616	0.6939429105929453
20750688	0.6939429105929453
20813760	0.6939429105929453
20876832	0.6939429105929453
20939904	0.6939429105929453
21002976	0.6939429105929453
21066048	0.6939429105929453
21129120	0.6939429105929453
21192192	0.6939429105929453
21255264	0.6939429105929453
21318336	0.6939429105929453
21381408	0.6939429105929453
21444480	0.6939429105929453
21507552	0.6939429105929453
21570624	0.6939429105929453
21633696	0.6939429105929453
21696768	0.6939429105929453
21759840	0.6939429105929453
21822912	0.6939429105929453
21885984	0.6939429105929453
21949056	0.6939429105929453
22012128	0.6939429105929453
22075200	0.6939429105929453
22138272	0.6939429105929453
22201344	0.6939429105929453
22264416	0.6939429105929453
22327488	0.6939429105929453
22390560	0.6939429105929453
22453632	0.6939429105929453
22516704	0.6939429105929453
22579776	0.6939429105929453
22642848	0.6939429105929453
22705920	0.6939429105929453
22768992	0.6939429105929453
22832064	0.6939429105929453
22895136	0.6939429105929453
22958208	0.6939429105929453
23021280	0.6939429105929453
23084352	0.6939429105929453
23147424	0.6939429105929453
23210496	0.6939429105929453
23273568	0.6939429105929453
23336640	0.6939429105929453
23399712	0.6939429105929453
23462784	0.6939429105929453
23525856	0.6939429105929453
23588928	0.6939429105929453
23652000	0.6939429105929453
23715072	0.6939429105929453
23778144	0.6939429105929453
23841216	0.6939429105929453
23904288	0.6939429105929453
23967360	0.6939429105929453
24030432	0.6939429105929453
24093504	0.6939429105929453
24156576	0.6939429105929453
24219648	0.6939429105929453
24282720	0.6939429105929453
24345792	0.6939429105929453
24408864	0.6939429105929453
24471936	0.6939429105929453
24535008	0.6939429105929453
24598080	0.6939429105929453
24661152	0.6939429105929453
24724224	0.6939429105929453
24787296	0.6939429105929453
24850368	0.6939429105929453
24913440	0.6939429105929453
24976512	0.6939429105929453
25039584	0.6939429105929453
25102656	0.6939429105929453
25165728	0.6939429105929453
25228800	0.6939429105929453
25291872	0.6939429105929453
25354944	0.6939429105929453
25418016	0.6939429105929453
25481088	0.6939429105929453
25544160	0.6939429105929453
25607232	0.6939429105929453
25670304	0.6939429105929453
25733376	0.6939429105929453
25796448	0.6939429105929453
25859520	0.6939429105929453
25922592	0.6939429105929453
25985664	0.6939429105929453
26048736	0.6939429105929453
26111808	0.6939429105929453
26174880	0.6939429105929453
26237952	0.6939429105929453
26301024	0.6939429105929453
26364096	0.6939429105929453
26427168	0.6939429105929453
26490240	0.6939429105929453
26553312	0.6939429105929453
26616384	0.6939429105929453
26679456	0.6939429105929453
26742528	0.6939429105929453
26805600	0.6939429105929453
26868672	0.6939429105929453
26931744	0.6939429105929453
26994816	0.6939429105929453
27057888	0.6939429105929453
27120960	0.6939429105929453
27184032	0.6939429105929453
27247104	0.6939429105929453
27310176	0.6939429105929453
27373248	0.6939429105929453
27436320	0.6939429105929453
27499392	0.6939429105929453
27562464	0.6939429105929453
27625536	0.6939429105929453
27688608	0.6939429105929453
27751680	0.6939429105929453
27814752	0.6939429105929453
27877824	0.6939429105929453
27940896	0.6939429105929453
28003968	0.6939429105929453
28067040	0.6939429105929453
28130112	0.6939429105929453
28193184	0.6939429105929453
28256256	0.6939429105929453
28319328	0.6939429105929453
28382400	0.6939429105929453
28445472	0.6939429105929453
28508544	0.6939429105929453
28571616	0.6939429105929453
28634688	0.6939429105929453
28697760	0.6939429105929453
28760832	0.6939429105929453
28823904	0.6939429105929453
28886976	0.6939429105929453
28950048	0.6939429105929453
29013120	0.6939429105929453
29076192	0.6939429105929453
29139264	0.6939429105929453
29202336	0.6939429105929453
29265408	0.6939429105929453
29328480	0.6939429105929453
29391552	0.6939429105929453
29454624	0.6939429105929453
29517696	0.6939429105929453
29580768	0.6939429105929453
29643840	0.6939429105929453
29706912	0.6939429105929453
29769984	0.6939429105929453
29833056	0.6939429105929453
29896128	0.6939429105929453
29959200	0.6939429105929453
30022272	0.6939429105929453
30085344	0.6939429105929453
30148416	0.6939429105929453
30211488	0.6939429105929453
30274560	0.6939429105929453
30337632	0.6939429105929453
30400704	0.6939429105929453
30463776	0.6939429105929453
30526848	0.6939429105929453
30589920	0.6939429105929453
30652992	0.6939429105929453
30716064	0.6939429105929453
30779136	0.6939429105929453
30842208	0.6939429105929453
30905280	0.6939429105929453
30968352	0.6939429105929453
31031424	0.6939429105929453
31094496	0.6939429105929453
31157568	0.6939429105929453
31220640	0.6939429105929453
31283712	0.6939429105929453
31346784	0.6939429105929453
31409856	0.6939429105929453
31472928	0.6939429105929453
31536000	0.6939429105929453
