0	251.35
63072	258.2040096
126144	219.71555875
189216	193.0133333333333
252288	173.4311986831276
315360	184.7875357142857
378432	247.0964308493827
441504	241.3639656112483
504576	263.9536323513374
567648	268.8972444444444
630720	245.0736
693792	222.9911467108864
756864	255.7642960208333
819936	311.1787850123457
883008	287.6264408567019
946080	242.3533880544099
1009152	279.2776645233285
1072224	272.1272922469136
1135296	288.7769175
1198368	255.8221546666667
1261440	221
1324512	241.2780159615385
1387584	261.1673962811792
1450656	248.448176168421
1513728	307.0693925925926
1576800	260.6190476190476
1639872	268.2239479045268
1702944	225.3146748839506
1766016	191.0602791575758
1829088	220.2889742267116
1892160	227.2235863095238
1955232	291.8647256069959
2018304	260.7370162352941
2081376	253.5024535714286
2144448	265.1097353846154
2207520	280.4519230769231
2270592	225.078546625387
2333664	260.6597898257839
2396736	309.6464206693374
2459808	245.38
2522880	216.8092592592592
2585952	259.9394180205761
2649024	237.4155187794872
2712096	234.72
2775168	218.8366666666667
2838240	242.2666666666667
2901312	276.5933333333333
2964384	257.7233333333334
3027456	235.4217691723027
3090528	189.52
3153600	238.6
3216672	228.36
3279744	263.9333333333333
3342816	225.913938962963
3405888	296.1449106172839
3468960	249.6931481481481
3532032	264.0697496888889
3595104	273.5289492859259
3658176	270.2850663844797
3721248	303.2192554666667
3784320	308.1668148148148
3847392	295.0324375272727
3910464	242.48
3973536	241.84
4036608	247.8133333333333
4099680	263.1042962962963
4162752	212.5601803061728
4225824	215.8547880185185
4288896	259.7133333333333
4351968	263.101088845679
4415040	223.2138819444444
4478112	245.4655884191176
4541184	233.9714967901235
4604256	234.8026658136925
4667328	244.4733333333333
4730400	290.3469283950618
4793472	269.8666067222222
4856544	257.723792
4919616	250.991504
4982688	303.8219936
5045760	289.7
5108832	256.7779473079179
5171904	227
5234976	236.900496
5298048	237.722912
5361120	240.4842115904458
5424192	296.7235189925926
5487264	273.2166666666666
5550336	214.061801
5613408	192.8551988703704
5676480	229.578849537037
5739552	270.3011041975309
5802624	228.2640651851852
5865696	249.8258251851852
5928768	312.234431473251
5991840	279.3333333333333
6054912	250.19
6117984	287.925112
6181056	313.1875221153846
6244128	275.6135386574074
6307200	243.9905208333333
6370272	282.65786045
6433344	260.298846
6496416	272.2002885925926
6559488	264.1066666666667
6622560	272.0333333333334
6685632	244.5233333333333
6748704	235.9533333333333
6811776	269.1966666666667
6874848	316.188596370202
6937920	274.2
7000992	259.9027585284281
7064064	286.08
7127136	296.2486016
7190208	259.149376
7253280	286.761318831191
7316352	355.1312517592593
7379424	321.8323578600823
7442496	272.3058099170096
7505568	258.4066666666667
7568640	298.5
7631712	303.5333333333334
7694784	270.3610225185185
7757856	286.7810056790124
7820928	302.6881201470588
7884000	287.3602508928572
7947072	287.150846
8010144	279.7844895
8073216	275.1246514208754
8136288	232.2834397460317
8199360	294.5579259259259
8262432	331.48
8325504	286.4250851555556
8388576	240.2037025655738
8451648	317.9539102078563
8514720	355.6319895833333
8577792	280.8133333333333
8640864	266.8485929645043
8703936	317.7317955537919
8767008	315.407584
8830080	290.3685
8893152	271.6816007741936
8956224	269
9019296	266.16
9082368	249.4232532777778
9145440	290.4241174768518
9208512	319.4139713037037
9271584	280.5193827777778
9334656	302.0466666666667
9397728	316.04
9460800	315.7354732510288
9523872	281.1883196186795
9586944	279.1841517037037
9650016	325.28
9713088	334.52
9776160	277.2
9839232	343.2439984541063
9902304	372.29927525
9965376	330.6994304666667
10028448	286.1847645
10091520	339.9609375
10154592	328.7458171521298
10217664	308.208111
10280736	298.07
10343808	312.9366919047619
10406880	277.2
10469952	241.1133333333333
10533024	277.9495977119341
10596096	335.0733333333333
10659168	300.4666666666666
10722240	293.2075084175084
10785312	346.54
10848384	333.0211607619048
10911456	271.6866666666667
10974528	297.8133333333333
11037600	361.3333333333333
11100672	353.3179241481482
11163744	299.6584581818182
11226816	309.5989817777778
11289888	331.7066666666666
11352960	298.5330387205387
11416032	285.2722102222222
11479104	312.8707789805213
11542176	343.3313659259259
11605248	315.9466666666667
11668320	297.7
11731392	347.28
11794464	369.7733333333333
11857536	313.3787431345029
11920608	323.0136225454546
11983680	376.5221111111111
12046752	343.0226519506173
12109824	307.1533333333333
12172896	320.5866666666666
12235968	358.7795871992337
12299040	317.7666666666667
12362112	279.1944694814815
12425184	351.9524041481482
12488256	376.8652099221272
12551328	309.4116318518518
12614400	317.7161924602119
12677472	363.9824850666666
12740544	366.4095895
12803616	337.1083216666667
12866688	345.48
12929760	351.15
12992832	337.4519144285715
13055904	329.59357005
13118976	306.311909
13182048	367.587523
13245120	332.5
13308192	314.5437601416441
13371264	341.2666666666667
13434336	349.4666666666666
13497408	300.4392367407407
13560480	333
13623552	393.44
13686624	373.3098052801519
13749696	337.2466666666667
13812768	327.2066666666666
13875840	324.0734953703704
13938912	291.7657133968254
14001984	301.3033333333333
14065056	361.8078685763889
14128128	387.9914252333334
14191200	378.1083333333333
14254272	354.903834477612
14317344	380.3044674285715
14380416	369.540024
14443488	336
14506560	355.8
14569632	386.1826547387387
14632704	330.4933333333333
14695776	287.4838777777778
14758848	358.6733333333333
14821920	369.6825256410256
14884992	316.3352304666666
14948064	355.8269843820287
15011136	363.8443093333333
15074208	379.8549819733333
15137280	315
15200352	308.28
15263424	362.8523788641975
15326496	357.0887741414141
15389568	327.3855739
15452640	354.8055251984127
15515712	385.8134265
15578784	352.63611275
15641856	340.36
15704928	410.133728
15768000	395.0634860681114
15831072	371.8542022716049
15894144	309.2561694391534
15957216	368.0682655105205
16020288	368.0374336790123
16083360	362.0774538720539
16146432	344.5733333333333
16209504	392.3568912498645
16272576	352.1993282411594
16335648	324.6961101097069
16398720	397.5295022510709
16461792	423.5958980493827
16524864	396.0650822204265
16587936	393.6277594062541
16651008	378.3195577620545
16714080	378.7333333333333
16777152	318
16840224	352.2062473909465
16903296	407.9208968398269
16966368	365.8023472380953
17029440	315.5607804878049
17092512	380.4390125714286
17155584	380.0837818181818
17218656	332.9919104
17281728	333.566208
17344800	384.1085714285715
17407872	397.50976
17470944	343.4784965614035
17534016	352.157824
17597088	414.032704
17660160	394
17723232	332.33024
17786304	357.6218949818182
17849376	400.5072414574899
17912448	380.1415123252033
17975520	357.7647058823529
18038592	400.3979984842105
18101664	394.971136
18164736	310.7832405333334
18227808	378.5528835852843
18290880	432.6304761904762
18353952	404.0717883076923
18417024	362.519808
18480096	378.9184147692308
18543168	419.72
18606240	365.9
18669312	323.3908642706349
18732384	391.7637501033951
18795456	400.1089811111111
18858528	335.4009243921569
18921600	366.5833333333333
18984672	389.0866241666667
19047744	365.4566666666666
19110816	316.8449855185185
19173888	346.0133333333333
19236960	368.6222083333333
19300032	386.1066666666667
19363104	305
19426176	358.3831775209877
19489248	432.1838847777778
19552320	339.5894074074074
19615392	339.08
19678464	412.9449240019753
19741536	402.79
19804608	316.03
19867680	344.8899456521739
19930752	390.499948375
19993824	368.3065662747253
20056896	353.52
20119968	349.011156
20183040	371.3761904761905
20246112	367.6025676190476
20309184	317.1329564444445
20372256	337.2036446814815
20435328	374.8809125925926
20498400	321.8
20561472	338.976116654321
20624544	413.464199792885
20687616	375.2030477703703
20750688	315.6760415
20813760	374.4299510489511
20876832	424.7118548
20939904	357.84
21002976	328.371613715609
21066048	365.0258358772694
21129120	386.6176948853616
21192192	286.0233333333333
21255264	308.3558020085258
21318336	373.7606521307189
21381408	392.2215419259259
21444480	301.2144249512671
21507552	354.6793409015873
21570624	395.3499272857143
21633696	376.6353408
21696768	309.7102373333333
21759840	380.6208994789405
21822912	358.8866928197531
21885984	344.0641450823045
21949056	309.1414091204482
22012128	337.4486286666667
22075200	364.1014309764309
22138272	308.822306198718
22201344	347.6324573124406
22264416	364
22327488	330.5673472
22390560	287.544
22453632	318.995904
22516704	374.5341317901235
22579776	328
22642848	270.5957328722222
22705920	341.0149722222222
22768992	340.2758544211845
22832064	278.9043556857957
22895136	289.6614381234568
22958208	330
23021280	312.636125
23084352	298.86258575
23147424	329.55
23210496	323.962802
23273568	275.3724521876543
23336640	273.8274074074074
23399712	358.3394319576719
23462784	367.4366384989871
23525856	290.6512447666667
23588928	269.3010104073477
23652000	280.9991550068587
23715072	299.3769640138889
23778144	250.1961147058824
23841216	281.4157126666666
23904288	337.32584224
23967360	317.4875
24030432	279.09882
24093504	350.6142656
24156576	348.4655203940171
24219648	303.2420075962746
24282720	304.8757716049383
24345792	314.7056244825397
24408864	315.8565412548275
24471936	264.8714824691358
24535008	281.9728073820106
24598080	344.0666666666667
24661152	309.3811081481481
24724224	263.82
24787296	278.2368584421052
24850368	341.702978875
24913440	297.2908928571429
24976512	273.4420080714286
25039584	334.3422519826087
25102656	306.0634851428571
25165728	243.0877393333333
25228800	276.8766871794872
25291872	321.1086999640996
25354944	361.4054133199666
25418016	313.8167530962963
25481088	255.1231589869281
25544160	301.9206261022928
25607232	284.5069428888889
25670304	230.56
25733376	263.0684992
25796448	354.7786840520833
25859520	283.6736254471801
25922592	281.7393418214349
25985664	305.8632129740741
26048736	274.0866666666666
26111808	251.8943463930378
26174880	261.8506335282651
26237952	302.8903073821138
26301024	297.6233333333333
26364096	234.7133333333333
26427168	285.7474018703704
26490240	250.7502444444444
26553312	229.775853031746
26616384	228.9439549135803
26679456	288.31
26742528	339.2633333333333
26805600	265.5666666666667
26868672	320.6966666666667
26931744	272.586949489418
26994816	291.8735669206349
27057888	257.4314525252526
27120960	298.7310936631944
27184032	280.9066666666667
27247104	277.88
27310176	290
27373248	265.9297217777778
27436320	276.0456676413255
27499392	222.9733333333333
27562464	272.017436011396
27625536	294.3890781054994
27688608	275.2495745432099
27751680	242.07934375
27814752	292
27877824	273.4171805517241
27940896	256.54
28003968	265.22
28067040	294.75
28130112	244.3587584
28193184	235.1110826666667
28256256	242.7996444444445
28319328	321.36
28382400	337.1687111111111
28445472	289.7633333333333
28508544	245.1730333805556
28571616	270.7411457777778
28634688	267.95
28697760	290.1
28760832	274.218624
28823904	290.3
28886976	266.86
28950048	270.5946431296296
29013120	237.3296581196581
29076192	257.031324526309
29139264	232.6266666666667
29202336	237.2933333333333
29265408	271.0883057777778
29328480	279.2666666666667
29391552	268.21
29454624	199.98
29517696	208.9359362875
29580768	226.9518851111111
29643840	251.9126245014245
29706912	240.4709226666667
29769984	253.3260800694445
29833056	207.73
29896128	228.0228915129959
29959200	277.8
30022272	231.8203776
30085344	218.8269223333333
30148416	216.5524002592593
30211488	234.3466666666667
30274560	247.75
30337632	239.3059179259259
30400704	293.38
30463776	291.9154679308642
30526848	261.7958
30589920	232.5
30652992	256.92
30716064	306.2098989650349
30779136	255.935069037037
30842208	271.1990724990932
30905280	286.3504375
30968352	299.3478447203065
31031424	274.66
31094496	276.12
31157568	264.284167
31220640	229.3669046296296
31283712	233.5966666666667
31346784	240.9853719053498
31409856	260.9624675555556
31472928	215.84
31536000	244.5333333333333
