0	1
0.0015	0.999987951043181
0.003	0.999953177317743
0.0045	0.999897148592304
0.006	0.999819124913796
0.0075	0.999718590407307
0.009	0.999596255900818
0.0105	0.999452121394329
0.012	0.99928618688784
0.0135	0.999098391857621
0.015	0.998887843927507
0.0165	0.998655314330726
0.018	0.998400803067279
0.0195	0.998124310137165
0.021	0.997825835540384
0.0225	0.997505379276936
0.024	0.997162941346822
0.0255	0.996798521750042
0.027	0.996412120486594
0.0285	0.996003715322282
0.03	0.995572778702302
0.0315	0.995119799860099
0.033	0.994644778795674
0.0345	0.994147715509027
0.036	0.993628610000158
0.0375	0.993087462269066
0.039	0.992524272315753
0.0405	0.991939040140217
0.042	0.991331765742459
0.0435	0.990702449122478
0.045	0.990051090280276
0.0465	0.989377689215851
0.048	0.988682245929204
0.0495	0.987964760420334
0.051	0.987225232689243
0.0525	0.986463662735929
0.054	0.985680050560393
0.0555	0.984874323134197
0.057	0.984046297813534
0.0585	0.983196210085464
0.06	0.982324059949986
0.0615	0.981429847407101
0.063	0.980513572456809
0.0645	0.979575235099109
0.066	0.978614835334002
0.0675	0.977632373161487
0.069	0.976627848581565
0.0705	0.975601261594235
0.072	0.974552612199499
0.0735	0.973481900397354
0.075	0.972389126187803
0.0765	0.971274289570843
0.078	0.970137390546477
0.0795	0.968978429114703
0.081	0.967797405275522
0.0825	0.966594319028933
0.084	0.965369170374937
0.0855	0.964121959313533
0.087	0.962852685844723
0.0885	0.961561349968504
0.09	0.960247951684878
0.0915	0.958912490993845
0.093	0.957554967895405
0.0945	0.956175382389557
0.096	0.954773734476301
0.0975	0.953350024155639
0.099	0.951904251427568
0.1005	0.950436416292091
0.102	0.948946496198363
0.1035	0.947434350884436
0.105	0.945900136434706
0.1065	0.944343852849173
0.108	0.942765500127838
0.1095	0.941165078270701
0.111	0.939542587277761
0.1125	0.937898027149019
0.114	0.936231397884474
0.1155	0.934542699484127
0.117	0.932831931947978
0.1185	0.931099095276025
0.12	0.929344189468271
0.1215	0.927567214524714
0.123	0.925768170445354
0.1245	0.923947057230192
0.126	0.922103874879228
0.1275	0.920238623392461
0.129	0.918351302769891
0.1305	0.91644191301152
0.132	0.914510454117345
0.1335	0.912556926087368
0.135	0.910581328921589
0.1365	0.908583662620007
0.138	0.906563927182623
0.1395	0.904522122609436
0.141	0.902458248900447
0.1425	0.900372306055656
0.144	0.898264294075062
0.1455	0.896134212958665
0.147	0.893982062706466
0.1485	0.891807843318464
0.15	0.88961155479466
0.1515	0.887393197135054
0.153	0.885152770339645
0.1545	0.882890274408434
0.156	0.88060570934142
0.1575	0.878299075138604
0.159	0.875970371799985
0.1605	0.873619599325564
0.162	0.87124675771534
0.1635	0.868851846969314
0.165	0.866434867087485
0.1665	0.863995818069854
0.168	0.86153469991642
0.1695	0.859051512627184
0.171	0.856546256202146
0.1725	0.854018930641305
0.174	0.851469535944661
0.1755	0.848898072112215
0.177	0.846304539143967
0.1785	0.843688937039916
0.18	0.841051265800063
0.1815	0.838391525424407
0.183	0.835709687554084
0.1845	0.833005703849795
0.186	0.830279648766905
0.1875	0.827531522305414
0.189	0.824761324465322
0.1905	0.821969055246629
0.192	0.819154714649336
0.1935	0.816318302673442
0.195	0.813459819318947
0.1965	0.810579264585851
0.198	0.807676638474154
0.1995	0.804751940983857
0.201	0.801805172114958
0.2025	0.798836331867459
0.204	0.795845420241359
0.2055	0.792832437236658
0.207	0.789797382853356
0.2085	0.786740257091454
0.21	0.783661059950951
0.2115	0.780559791431847
0.213	0.777436451534142
0.2145	0.774291040257836
0.216	0.771123557602929
0.2175	0.767934003569422
0.219	0.764722378157314
0.2205	0.761488681366605
0.222	0.758232913197295
0.2235	0.754955073649384
0.225	0.751655162722872
0.2265	0.74833318041776
0.228	0.744989126734047
0.2295	0.741623001671733
0.231	0.738234805230818
0.2325	0.734824537411302
0.234	0.731392198213186
0.2355	0.727937787636469
0.237	0.724461305681151
0.2385	0.720962752347232
0.24	0.717442127634712
0.2415	0.713899431543591
0.243	0.71033466407387
0.2445	0.706747825225548
0.246	0.703138914998625
0.2475	0.699507933393101
0.249	0.695854880408976
0.2505	0.692179756046251
0.252	0.688482560304924
0.2535	0.684763293184997
0.255	0.681021954686469
0.2565	0.67725854480934
0.258	0.673473063553611
0.2595	0.66966551091928
0.261	0.665835886906349
0.2625	0.661984191514817
0.264	0.658110424744684
0.2655	0.65421458659595
0.267	0.650296677068615
0.2685	0.64635669616268
0.27	0.642394643878144
0.2715	0.638410520215007
0.273	0.634404325173269
0.2745	0.63037605875293
0.276	0.626325720953991
0.2775	0.62225331177645
0.279	0.618158831220309
0.2805	0.614042279285567
0.282	0.609903655972225
0.2835	0.605742961280281
0.285	0.601560195209736
0.2865	0.597355357760591
0.288	0.593128448932845
0.2895	0.588879468726498
0.291	0.584608417141551
0.2925	0.580315294178002
0.294	0.576000099835853
0.2955	0.571662834115102
0.297	0.567303497015751
0.2985	0.562922088537799
0.3	0.558518608681247
0.3015	0.554093057446093
0.303	0.549645434832339
0.3045	0.545175740839984
0.306	0.540683975469028
0.3075	0.536170138719471
0.309	0.531634230591313
0.3105	0.527076251084555
0.312	0.522496200199196
0.3135	0.517894077935236
0.315	0.513269884292675
0.3165	0.508623619271513
0.318	0.50395528287175
0.3195	0.499264875093387
0.321	0.494552388115172
0.3225	0.489817780103647
0.324	0.485061099965923
0.3255	0.480282347701998
0.327	0.475481523311873
0.3285	0.470658626795548
0.33	0.465813658153022
0.3315	0.460946617384297
0.333	0.45605750448937
0.3345	0.451146319468244
0.336	0.446213062320917
0.3375	0.44125773304739
0.339	0.436280331647663
0.3405	0.431280858121736
0.342	0.426259312469608
0.3435	0.42121569469128
0.345	0.416150004786752
0.3465	0.411062242756023
0.348	0.405952408599094
0.3495	0.400820502315965
0.351	0.395666523906636
0.3525	0.390490473371106
0.354	0.385292350709376
0.3555	0.380072155921446
0.357	0.374829889007316
0.3585	0.369565549966985
0.36	0.364279138800454
0.3615	0.358970655507722
0.363	0.353640100088791
0.3645	0.348287472543659
0.366	0.342912772872327
0.3675	0.337516001074794
0.369	0.332097157151061
0.3705	0.326656241101129
0.372	0.321193252924995
0.3735	0.315708192622662
0.375	0.310201060194128
0.3765	0.304671855639394
0.378	0.29912057895846
0.3795	0.293547230151325
0.381	0.28795180921799
0.3825	0.282334316158455
0.384	0.27669475097272
0.3855	0.271033113660784
0.387	0.265349404222648
0.3885	0.259643622658312
0.39	0.253915768967775
0.3915	0.248165843151038
0.393	0.242393845208101
0.3945	0.236599775138964
0.396	0.230783632943626
0.3975	0.224945418622088
0.399	0.21908513217435
0.4005	0.213202773600412
0.402	0.207298342900273
0.4035	0.201371840073934
0.405	0.195423265121395
0.4065	0.189452618042655
0.408	0.183459898837715
0.4095	0.177445107506575
0.411	0.171408244049235
0.4125	0.165349308465694
0.414	0.159268300755953
0.4155	0.153165220920012
0.417	0.147040068957871
0.4185	0.140892844869529
0.42	0.134723548654987
0.4215	0.128532180314245
0.423	0.122318739847302
0.4245	0.116083227254159
0.426	0.109825642534816
0.4275	0.103545985689273
0.429	0.097244256717529
0.4305	0.0909204556195851
0.432	0.0845745823954407
0.4335	0.0782066370450962
0.435	0.0718166195685515
0.4365	0.0654045299658065
0.438	0.0589703682368611
0.4395	0.0525141343817156
0.441	0.0460358284003697
0.4425	0.0395354502928235
0.444	0.0330130000590771
0.4455	0.0264684776991304
0.447	0.0199018832129834
0.4485	0.0133132166006362
0.45	0.00670247786208872
0.4515	6.96669973408448e-05
0.451515728639907	-3.83026943495679e-14
0.451515728639907	-3.83026943495679e-14
0.451515728668144	1.00017609976976e-10
0.451515728668144	1.00017609976976e-10
0.453	0.00524840305236566
0.4545	0.0105306934909211
0.456	0.0157909452570908
0.4575	0.0210291218565398
0.459	0.0262452544700874
0.4605	0.0314392901751727
0.462	0.0366112634728506
0.4635	0.0417611743631212
0.465	0.0468890228459843
0.4665	0.0519947916030433
0.468	0.0570784769674155
0.4695	0.0621400931959852
0.471	0.0671796402887524
0.4725	0.0721971182457171
0.474	0.0771925270668794
0.4755	0.0821658667522392
0.477	0.0871171373017965
0.4785	0.0920463387155514
0.48	0.0969534668692775
0.4815	0.101838505776199
0.483	0.10670147330452
0.4845	0.111542369454241
0.486	0.11636119422536
0.4875	0.121157947617878
0.489	0.125932629631796
0.4905	0.130685240267113
0.492	0.135415779523829
0.4935	0.140124247401944
0.495	0.144810643901459
0.4965	0.149474969022372
0.498	0.154117222764685
0.4995	0.158737405128397
0.501	0.163335516113508
0.5025	0.167911555720019
0.504	0.172465523947928
0.5055	0.176997420797237
0.507	0.181507246267944
0.5085	0.185995000360051
0.51	0.190460683073557
0.5115	0.1949042781783
0.513	0.199325799932114
0.5145	0.203725249559727
0.516	0.208102627061141
0.5175	0.212457932436354
0.519	0.216791165685367
0.5205	0.22110232680818
0.522	0.225391415804792
0.5235	0.229658432675204
0.525	0.233903377419416
0.5265	0.238126250037427
0.528	0.242327050529239
0.5295	0.24650577889485
0.531	0.25066243513426
0.5325	0.254797019247471
0.534	0.258909531234481
0.5355	0.262999971095291
0.537	0.267068338829901
0.5385	0.27111463443831
0.54	0.275138857920519
0.5415	0.279141009276528
0.543	0.283121088506336
0.5445	0.287079095609944
0.546	0.291015030587353
0.5475	0.29492889343856
0.549	0.298820684163568
0.5505	0.302690402762375
0.552	0.306538049234982
0.5535	0.310363623581388
0.555	0.314167125801595
0.5565	0.317948555895601
0.558	0.321707913863406
0.5595	0.325445199705012
0.561	0.329160413420417
0.5625	0.332853555009622
0.564	0.336524624472627
0.5655	0.340173621809431
0.567	0.343800547020035
0.5685	0.347405400104439
0.57	0.350988181062643
0.5715	0.354548889894646
0.573	0.358087526600449
0.5745	0.361604091180052
0.576	0.365098583633454
0.5775	0.368571003960656
0.579	0.372021350965534
0.5805	0.375449613524679
0.582	0.378855803708424
0.5835	0.382239921516769
0.585	0.385601966949714
0.5865	0.388941940007259
0.588	0.392259840689404
0.5895	0.395555668996149
0.591	0.398829424927493
0.5925	0.402081108483438
0.594	0.405310719663982
0.5955	0.408518258469127
0.597	0.411703724898871
0.5985	0.414867118953215
0.6	0.418008440632159
0.6015	0.421127689935703
0.603	0.424224866863847
0.6045	0.427299971416591
0.606	0.430353003593935
0.6075	0.433383963395878
0.609	0.436392850822422
0.6105	0.439379665873565
0.612	0.442344408549308
0.6135	0.445287078849652
0.615	0.448207676774595
0.6165	0.451106202324138
0.618	0.453982655498281
0.6195	0.456837036297024
0.621	0.459669344720367
0.6225	0.462479580768309
0.624	0.465267744440852
0.6255	0.468033835737995
0.627	0.470777854659737
0.6285	0.473499801206079
0.63	0.476199675377021
0.6315	0.478877477172564
0.633	0.481533206592706
0.6345	0.484166863637448
0.636	0.48677844830679
0.6375	0.489367960600731
0.639	0.491935400519273
0.6405	0.494480768062415
0.642	0.497004063230156
0.6435	0.499505286022498
0.645	0.501984436439439
0.6465	0.50444151448098
0.648	0.506876520147121
0.6495	0.509289453437862
0.651	0.511680314353203
0.6525	0.514049102893144
0.654	0.516395819057685
0.6555	0.518720462846826
0.657	0.521023034260566
0.6585	0.523303533298907
0.66	0.525561959961847
0.6615	0.527798314249388
0.663	0.530012596161528
0.6645	0.532204805698268
0.666	0.534374942859608
0.6675	0.536523007645548
0.669	0.538649000056088
0.6705	0.540752920091228
0.672	0.542834767750967
0.6735	0.544894543035307
0.675	0.546932245944246
0.6765	0.548947876477786
0.678	0.550941434635925
0.6795	0.552912920418664
0.681	0.554862333826004
0.6825	0.556789674857943
0.684	0.558694943514482
0.6855	0.56057813979562
0.687	0.562439263701359
0.6885	0.564278315231698
0.69	0.566095294386636
0.6915	0.567890201166175
0.693	0.569663035570313
0.6945	0.571413797599052
0.696	0.57314248725239
0.6975	0.574849104530328
0.699	0.576533649432866
0.7005	0.578196121960004
0.702	0.579836522111742
0.7035	0.58145484988808
0.705	0.583051105289017
0.7065	0.584625288314555
0.708	0.586177398964692
0.7095	0.58770743723943
0.711	0.589215403138767
0.7125	0.590701296662704
0.714	0.592165117811241
0.7155	0.593606866584378
0.717	0.595026542982115
0.7185	0.596424147004452
0.72	0.597799678651389
0.7215	0.599153137922926
0.723	0.600484524819062
0.7245	0.601793839339799
0.726	0.603081081485135
0.7275	0.604346251255071
0.729	0.605589348649608
0.7305	0.606810373668744
0.732	0.60800932631248
0.7335	0.609186206580816
0.735	0.610341014473752
0.7365	0.611473749991287
0.738	0.612584413133423
0.7395	0.613673003900159
0.741	0.614739513857951
0.7425	0.615783949201054
0.744	0.616806312085689
0.7455	0.617806602511858
0.747	0.61878482047956
0.7485	0.619740965988796
0.75	0.620675039039565
0.7515	0.621587039631867
0.753	0.622476967765702
0.7545	0.623344823441071
0.756	0.624190606657973
0.7575	0.625014317416408
0.759	0.625815955716377
0.7605	0.626595521557879
0.762	0.627353014940914
0.7635	0.628088435865482
0.765	0.628801784331584
0.7665	0.629493060339219
0.768	0.630162263888388
0.7695	0.63080939497909
0.771	0.631434453611325
0.7725	0.632037439785093
0.774	0.632618353500395
0.7755	0.63317719475723
0.777	0.633713963555598
0.7785	0.634228659895499
0.78	0.634721283776934
0.7815	0.635191835199902
0.783	0.635640314164404
0.7845	0.636066720670439
0.786	0.636471054718007
0.7875	0.636853316307108
0.789	0.637213505437743
0.7905	0.637551622109911
0.792	0.637867666323612
0.7935	0.638161638078847
0.795	0.638433537375614
0.7965	0.638683364213916
0.798	0.63891111859375
0.7995	0.639116800515118
0.801	0.639300409978019
0.8025	0.639461946982453
0.804	0.639601411528421
0.8055	0.639718803615922
0.807	0.639814123244956
0.8085	0.639887370415524
0.81	0.639938545127625
0.8115	0.639967647381259
0.813	0.639974677176427
0.8145	0.639959634513128
0.816	0.639922519391362
0.8175	0.639863331811129
0.819	0.63978207177243
0.8205	0.639678739275264
0.822	0.639553334319631
0.8235	0.639405856905532
0.825	0.639236307032966
0.8265	0.639044684701933
0.828	0.638830989912434
0.8295	0.638595222664467
0.831	0.638337382958035
0.8325	0.638057470793135
0.834	0.637755486169769
0.8355	0.637431429087936
0.837	0.637085299547636
0.8385	0.63671709754887
0.84	0.636326823091637
0.8415	0.635914476175937
0.843	0.635480056801771
0.8445	0.635023564969138
0.846	0.634545000678038
0.8475	0.634044363928471
0.849	0.633521654720438
0.8505	0.632976873053938
0.852	0.632410018928972
0.8535	0.631821092345538
0.855	0.631210093303638
0.8565	0.630577021803272
0.858	0.629921877844438
0.8595	0.629244661427138
0.861	0.628545372551371
0.8625	0.627824011217138
0.864	0.627080577424438
0.8655	0.626315071173271
0.867	0.625527492463637
0.8685	0.624717841295537
0.87	0.62388611766897
0.8715	0.623032321583936
0.873	0.622156453040436
0.8745	0.621258512038469
0.876	0.620338498578035
0.8775	0.619396412659135
0.879	0.618432254281768
0.8805	0.617446023445934
0.882	0.616437720151633
0.8835	0.615407344398866
0.885	0.614354896187632
0.8865	0.613280375517931
0.888	0.612183782389764
0.8895	0.61106511680313
0.891	0.609924378758029
0.8925	0.608761568254462
0.894	0.607576685292428
0.8955	0.606369729871927
0.897	0.605140701992959
0.8985	0.603889601655525
0.9	0.602616428859624
0.9015	0.601321183605257
0.903	0.600003865892422
0.9045	0.598664475721121
0.906	0.597303013091353
0.9075	0.595919478003119
0.909	0.594513870456418
0.9105	0.59308619045125
0.912	0.591636437987616
0.9135	0.590164613065515
0.915	0.588670715684947
0.9165	0.587154745845912
0.918	0.585616703548411
0.9195	0.584056588792443
0.921	0.582474401578008
0.9225	0.580870141905107
0.924	0.579243809773739
0.9255	0.577595405183904
0.927	0.575924928135602
0.9285	0.574232378628834
0.93	0.572517756663599
0.9315	0.570781062239898
0.933	0.56902229535773
0.9345	0.567241456017095
0.936	0.565438544217993
0.9375	0.563613559960425
0.939	0.56176650324439
0.9405	0.559897374069888
0.942	0.558006172436919
0.9435	0.556092898345484
0.945	0.554157551795583
0.9465	0.552200132787214
0.948	0.550220641320379
0.9495	0.548219077395077
0.951	0.546195441011308
0.9525	0.544149732169073
0.954	0.542081950868371
0.9555	0.539992097109202
0.957	0.537880170891567
0.9585	0.535746172215465
0.96	0.533590101080896
0.9615	0.53141195748786
0.963	0.529211741436358
0.9645	0.526989452926389
0.966	0.524745091957954
0.9675	0.522478658531051
0.969	0.520190152645683
0.9705	0.517879574301847
0.972	0.515546923499544
0.9735	0.513192200238775
0.975	0.51081540451954
0.9765	0.508416536341837
0.978	0.505995595705668
0.9795	0.503552582611032
0.981	0.50108749705793
0.9825	0.49860033904636
0.984	0.496091108576324
0.9855	0.493559805647822
0.987	0.491006430260852
0.9885	0.488430982415416
0.99	0.485833462111514
0.9915	0.483213869349144
0.993	0.480572204128308
0.9945	0.477908466449005
0.996	0.475222656311236
0.9975	0.472514773714999
0.999	0.469784818660297
1.0005	0.467032791147127
1.002	0.464258691175491
1.0035	0.461462518745387
1.005	0.458644273856818
1.0065	0.455803956509782
1.008	0.452941566704278
1.0095	0.450057104440308
1.011	0.447150569717872
1.0125	0.444221962536969
1.014	0.441271282897599
1.0155	0.438298530799762
1.017	0.435303706243459
1.0185	0.432286809228689
1.02	0.429247839755452
1.0215	0.426186797823749
1.023	0.423103683433579
1.0245	0.419998496584942
1.026	0.416871237277839
1.0275	0.413721905512268
1.029	0.410550501288232
1.0305	0.407357024605728
1.032	0.404141475464758
1.0335	0.400903853865321
1.035	0.397644159807417
1.0365	0.394362393291047
1.038	0.39105855431621
1.0395	0.387732642882906
1.041	0.384384658991136
1.0425	0.381014602640898
1.044	0.377622473832194
1.0455	0.374208272565024
1.047	0.370771998839387
1.0485	0.367313652655283
1.05	0.363833234012712
1.0515	0.360330742911675
1.053	0.356806179352171
1.0545	0.3532595433342
1.056	0.349690834857763
1.0575	0.346100053922858
1.059	0.342487200529488
1.0605	0.33885227467765
1.062	0.335195276367346
1.0635	0.331516205598575
1.065	0.327815062371338
1.0665	0.324091846685633
1.068	0.320346558541462
1.0695	0.316579197938824
1.071	0.31278976487772
1.0725	0.308978259358149
1.074	0.305144681380111
1.0755	0.301289030943607
1.077	0.297411308048636
1.0785	0.293511512695198
1.08	0.289589644883293
1.0815	0.285645704612922
1.083	0.281679691884084
1.0845	0.277691606696779
1.086	0.273681449051008
1.0875	0.26964921894677
1.089	0.265594916384065
1.0905	0.261518541362894
1.092	0.257420093883255
1.0935	0.253299573945151
1.095	0.249156981548579
1.0965	0.244992316693541
1.098	0.240805579380036
1.0995	0.236596769608065
1.101	0.232365887377626
1.1025	0.228112932688721
1.104	0.223837905541349
1.1055	0.219540805935511
1.107	0.215221633871206
1.1085	0.210880389348434
1.11	0.206517072367195
1.1115	0.20213168292749
1.113	0.197724221029318
1.1145	0.19329468667268
1.116	0.188843079857574
1.1175	0.184369400584003
1.119	0.179873648851964
1.1205	0.175355824661458
1.122	0.170815924685943
1.1235	0.166253947576938
1.125	0.161669897981777
1.1265	0.15706377590046
1.128	0.152435581332988
1.1295	0.147785314279361
1.131	0.143112974739577
1.1325	0.138418562713639
1.134	0.133702078201543
1.1355	0.128963521203294
1.137	0.124202891718888
1.1385	0.119420189748328
1.14	0.114615415291611
1.1415	0.109788568348739
1.143	0.104939648919712
1.1445	0.100068657004527
1.146	0.0951755926031881
1.1475	0.0902604557156943
1.149	0.0853232463420435
1.1505	0.0803639644822383
1.152	0.0753826101362769
1.1535	0.0703791833041612
1.155	0.0653536839858884
1.1565	0.0603061121814594
1.158	0.055236467890877
1.1595	0.0501447511141375
1.161	0.0450309618512428
1.1625	0.0398951001021928
1.164	0.0347371658669875
1.1655	0.0295571591456261
1.167	0.0243550799381085
1.1685	0.0191309282444365
1.17	0.0138847040646084
1.1715	0.00861640739862501
1.173	0.00332603824648636
1.17393985614286	-1.00000008274037e-10
1.17393985614286	-1.00000008274037e-10
1.17393985621343	1.00037002557165e-10
1.17393985621343	1.00037002557165e-10
1.1745	0.00158607324569161
1.176	0.0058188349389846
1.1775	0.010029602428298
1.179	0.0142183184987375
1.1805	0.0183849701858902
1.182	0.0225295623211154
1.1835	0.0266520683735292
1.185	0.0307525120185357
1.1865	0.0348308932561347
1.188	0.0388872110877764
1.1895	0.0429214344284176
1.191	0.0469335886332563
1.1925	0.0509236737022926
1.194	0.0548916896355258
1.1955	0.0588376364329571
1.197	0.062761514094586
1.1985	0.0666633226204124
1.2	0.0705430620104357
1.2015	0.074400726609503
1.203	0.0782363051734104
1.2045	0.082049812358717
1.206	0.0858412481654222
1.2075	0.0896106125935271
1.209	0.0933579056430312
1.2105	0.0970831273139345
1.212	0.100786277606236
1.2135	0.104467356519938
1.215	0.108126364055039
1.2165	0.111763300211538
1.218	0.115378164989438
1.2195	0.118970958388736
1.221	0.122541680409433
1.2225	0.12609033105153
1.224	0.129616910315025
1.2255	0.133121418199921
1.227	0.136603854706215
1.2285	0.140064219833908
1.23	0.143502502799647
1.2315	0.146918708909551
1.233	0.150312842893254
1.2345	0.153684904750757
1.236	0.157034894482059
1.2375	0.160362812087162
1.239	0.163668657566064
1.2405	0.166952430918765
1.242	0.170214132145267
1.2435	0.173453761245568
1.245	0.176671318219669
1.2465	0.17986680306757
1.248	0.18304021578927
1.2495	0.18619155638477
1.251	0.18932082485407
1.2525	0.19242802119717
1.254	0.195513145414069
1.2555	0.198576197504768
1.257	0.201617177469267
1.2585	0.204636085307565
1.26	0.207632921019663
1.2615	0.210607684605561
1.263	0.213560376065259
1.2645	0.216490995398756
1.266	0.219399542606053
1.2675	0.22228601768715
1.269	0.225150420642047
1.2705	0.227992751470743
1.272	0.230813010173239
1.2735	0.233611196749535
1.275	0.236387311199631
1.2765	0.239141353523525
1.278	0.24187332372122
1.2795	0.244583221792715
1.281	0.247271047738009
1.2825	0.249936801557103
1.284	0.252580483249997
1.2855	0.255202092816691
1.287	0.257801630257184
1.2885	0.260379095571477
1.29	0.26293448875957
1.2915	0.265467803103871
1.293	0.267979040039896
1.2945	0.27046820460052
1.296	0.272935296785745
1.2975	0.275380316595569
1.299	0.277803264029994
1.3005	0.280204139089018
1.302	0.282582941772642
1.3035	0.284939672080866
1.305	0.28727433001369
1.3065	0.289586915571114
1.308	0.291877428753138
1.3095	0.294145869559762
1.311	0.296392237990985
1.3125	0.298616534046809
1.314	0.300818757727232
1.3155	0.302998909032255
1.317	0.305156987961878
1.3185	0.307292994516102
1.32	0.309406928694925
1.3215	0.311498790498348
1.323	0.31356857992637
1.3245	0.315616296978993
1.326	0.317641941656216
1.3275	0.319645513958039
1.329	0.321627013884461
1.3305	0.323586441435483
1.332	0.325523796611106
1.3335	0.327439079411328
1.335	0.32933228983615
1.3365	0.331203427885572
1.338	0.333052493559594
1.3395	0.334879486858216
1.341	0.336684407781438
1.3425	0.338467256329259
1.344	0.340228032501681
1.3455	0.341966736298702
1.347	0.343683367720324
1.3485	0.345377926766545
1.35	0.347050413437366
1.3515	0.348700827732787
1.353	0.350329169652809
1.3545	0.35193543919743
1.356	0.35351963636665
1.3575	0.355081761160471
1.359	0.356621813578892
1.3605	0.358139793621912
1.362	0.359635701289533
1.3635	0.361109536581753
1.365	0.362561299498574
1.3665	0.363990990039994
1.368	0.365398608206014
1.3695	0.366784153996634
1.371	0.368147627411854
1.3725	0.369489028451674
1.374	0.370808357116094
1.3755	0.372105613405113
1.377	0.373380797318733
1.3785	0.374633908856952
1.38	0.375864948019772
1.3815	0.377073914807191
1.383	0.37826080921921
1.3845	0.379425631255829
1.386	0.380568380917048
1.3875	0.381689058202867
1.389	0.382787663113286
1.3905	0.383864195648305
1.392	0.384918655807923
1.3935	0.385951043592142
1.395	0.38696135900096
1.3965	0.387949602034379
1.398	0.388915772692397
1.3995	0.389859870975015
1.401	0.390781896882233
1.4025	0.391681850414051
1.404	0.392559731570469
1.4055	0.393415540351487
1.407	0.394249276757105
1.4085	0.395060940787323
1.41	0.39585053244214
1.4115	0.396618051721558
1.413	0.397363498625575
1.4145	0.398086873154192
1.416	0.398788175307409
1.4175	0.399467405085226
1.419	0.400124562487644
1.4205	0.40075964751466
1.422	0.401372660166277
1.4235	0.401963600442494
1.425	0.402532468343311
1.4265	0.403079263868727
1.428	0.403603987018744
1.4295	0.40410663779336
1.431	0.404587216192576
1.4325	0.405045718570191
1.434	0.405482143082837
1.4355	0.405896495137016
1.437	0.406288774732728
1.4385	0.406658981869974
1.44	0.407007116548753
1.4415	0.407333178769065
1.443	0.407637168530911
1.4445	0.40791908583429
1.446	0.408178930679202
1.4475	0.408416703065648
1.449	0.408632402993627
1.4505	0.408826030463139
1.452	0.408997585474184
1.4535	0.409147068026763
1.455	0.409274478120875
1.4565	0.409379815756521
1.458	0.409463080933699
1.4595	0.409524273652411
1.461	0.409563393912657
1.4625	0.409580441714435
1.464	0.409575417057747
1.4655	0.409548319942592
1.467	0.409499150368971
1.4685	0.409427908336883
1.47	0.409334593846328
1.4715	0.409219206897306
1.473	0.409081747489818
1.4745	0.408922215623863
1.476	0.408740611299441
1.4775	0.408536934516553
1.479	0.408311185275198
1.4805	0.408063363575376
1.482	0.407793469417087
1.4835	0.407501502800332
1.485	0.40718746372511
1.4865	0.406851352191422
1.488	0.406493168199266
1.4895	0.406112911748645
1.491	0.405710582839556
1.4925	0.405286181472001
1.494	0.404839707645978
1.4955	0.40437116136149
1.497	0.403880542618534
1.4985	0.403367851417112
1.5	0.402833087757223
1.5015	0.402276251638868
1.503	0.401697343062045
1.5045	0.401096362026757
1.506	0.400473308533001
1.5075	0.399828182580779
1.509	0.39916098417009
1.5105	0.398471713300934
1.512	0.397760369973311
1.5135	0.397026954187222
1.515	0.396271465942667
1.5165	0.395493905239644
1.518	0.394694272078155
1.5195	0.393872566458199
1.521	0.393028788379776
1.5225	0.392162937842887
1.524	0.391275014847531
1.5255	0.390365019393708
1.527	0.389432951481419
1.5285	0.388478811110663
1.53	0.38750259828144
1.5315	0.386504312993751
1.533	0.385483955247594
1.5345	0.384441525042972
1.536	0.383377022379882
1.5375	0.382290447258326
1.539	0.381181799678303
1.5405	0.380051079639813
1.542	0.378898287142857
1.5435	0.377723422187434
1.545	0.376526484773544
1.5465	0.375307474901188
1.548	0.374066392570364
1.5495	0.372803237781074
1.551	0.371518010533318
1.5525	0.370210710827095
1.554	0.368881338662405
1.5555	0.367529894039248
1.557	0.366156376957625
1.5585	0.364760787417535
1.56	0.363343125418978
1.5615	0.361903390961955
1.563	0.360441584046465
1.5645	0.358957704672508
1.566	0.357451752840084
1.5675	0.355923728549194
1.569	0.354373631799837
1.5705	0.352801462592014
1.572	0.351207220925723
1.5735	0.349590906800966
1.575	0.347952520217743
1.5765	0.346292061176052
1.578	0.344609529675895
1.5795	0.342904925717271
1.581	0.341178249300181
1.5825	0.339429500424623
1.584	0.3376586790906
1.5855	0.335865785298109
1.587	0.334050819047152
1.5885	0.332213780337728
1.59	0.330354669169837
1.5915	0.32847348554348
1.593	0.326570229458656
1.5945	0.324644900915365
1.596	0.322697499913607
1.5975	0.320728026453383
1.599	0.318736480534693
1.6005	0.316722862157535
1.602	0.314687171321911
1.6035	0.31262940802782
1.605	0.310549572275262
1.6065	0.308447664064238
1.608	0.306323683394747
1.6095	0.304177630266789
1.611	0.302009504680365
1.6125	0.299819306635473
1.614	0.297607036132116
1.6155	0.295372693170291
1.617	0.29311627775
1.6185	0.290837789871242
1.62	0.288537229534017
1.6215	0.286214596738326
1.623	0.283869891484168
1.6245	0.281503113771543
1.626	0.279114263600452
1.6275	0.276703340970894
1.629	0.274270345882869
1.6305	0.271815278336378
1.632	0.269338138331419
1.6335	0.266838925867995
1.635	0.264317640946103
1.6365	0.261774283565745
1.638	0.259208853726919
1.6395	0.256621351429628
1.641	0.25401177667387
1.6425	0.251380129459644
1.644	0.248726409786953
1.6455	0.246050617655794
1.647	0.243352753066169
1.6485	0.240632816018077
1.65	0.237890806511519
1.6515	0.235126724546494
1.653	0.232340570123002
1.6545	0.229532343241043
1.656	0.226702043900617
1.6575	0.223849672101726
1.659	0.220975227844367
1.6605	0.218078711128541
1.662	0.215160121954249
1.6635	0.21221946032149
1.665	0.209256726230265
1.6665	0.206271919680573
1.668	0.203265040672414
1.6695	0.200236089205788
1.671	0.197185065280696
1.6725	0.194111968897137
1.674	0.191016800055111
1.6755	0.187899558754619
1.677	0.18476024499566
1.6785	0.181598858778234
1.68	0.178415400102341
1.6815	0.175209868967982
1.683	0.171982265375156
1.6845	0.168732589323863
1.686	0.165460840814105
1.6875	0.162167019845878
1.689	0.158851126419186
1.6905	0.155513160534026
1.692	0.1521531221904
1.6935	0.148771011388307
1.695	0.145366828127748
1.6965	0.141940572408722
1.698	0.138492244231229
1.6995	0.135021843595269
1.701	0.131529370500843
1.7025	0.12801482494795
1.704	0.124478206936591
1.7055	0.120919516466764
1.707	0.117338753538471
1.7085	0.113735918151711
1.71	0.110111010306485
1.7115	0.106464030002792
1.713	0.102794977240632
1.7145	0.0991038520200052
1.716	0.0953906543409123
1.7175	0.0916553842033523
1.719	0.0878980416073255
1.7205	0.084118626552832
1.722	0.0803171390398724
1.7235	0.0764935790684456
1.725	0.072647946638552
1.7265	0.0687802417501918
1.728	0.0648904644033654
1.7295	0.0609786145980717
1.731	0.0570446923343114
1.7325	0.0530886976120849
1.734	0.0491106304313912
1.7355	0.0451104907922307
1.737	0.0410882786946036
1.7385	0.0370439941385104
1.74	0.0329776371239498
1.7415	0.0288892076509226
1.743	0.0247787057194286
1.7445	0.0206461313294686
1.746	0.0164914844810413
1.7475	0.0123147651741473
1.749	0.00811597340878654
1.7505	0.00389510918495974
1.75187732601292	-1.00101781030926e-10
1.75187732601292	-1.00101781030926e-10
1.75187732610118	1.00044265100468e-10
1.75187732610118	1.00044265100468e-10
1.752	0.000278017351189093
1.7535	0.0036665402198912
1.755	0.00703329129844589
1.7565	0.0103779993378259
1.758	0.0137006385192982
1.7595	0.0170012216920142
1.761	0.020279718983532
1.7625	0.023536153867642
1.764	0.026770526344345
1.7655	0.0299828295762624
1.767	0.0331730450061606
1.7685	0.0363411913002558
1.77	0.039487268458549
1.7715	0.0426112764810398
1.773	0.045713215367728
1.7745	0.0487930851186134
1.776	0.0518508857336967
1.7775	0.0548866143486783
1.779	0.0579002563633058
1.7805	0.0608918269993319
1.782	0.0638613262567577
1.7835	0.0668087541355828
1.785	0.0697341106358069
1.7865	0.0726373957574298
1.788	0.0755186095004523
1.7895	0.078377751864874
1.791	0.0812148228506949
1.7925	0.0840298224579145
1.794	0.0868227506865338
1.7955	0.0895936075365522
1.797	0.0923423930079693
1.7985	0.0950691071007861
1.8	0.097773749815002
1.8015	0.100456321150617
1.803	0.103116816655644
1.8045	0.105755230965772
1.806	0.1083715731497
1.8075	0.110965843207427
1.809	0.113538041138953
1.8105	0.11608816694428
1.812	0.118616220623407
1.8135	0.121122202176333
1.815	0.123606111603058
1.8165	0.126067948903584
1.818	0.128507714077909
1.8195	0.130925407126034
1.821	0.133321028047958
1.8225	0.135694576843683
1.824	0.138046053513207
1.8255	0.140375458056531
1.827	0.142682790473654
1.8285	0.144968050764578
1.83	0.147231238929301
1.8315	0.149472354967824
1.833	0.151691398880146
1.8345	0.153888370666268
1.836	0.15606327032619
1.8375	0.158216097859912
1.839	0.160346853267433
1.8405	0.162455536548754
1.842	0.164542147703875
1.8435	0.166606686732795
1.845	0.168649153635516
1.8465	0.170669548412036
1.848	0.172667871062355
1.8495	0.174644121586475
1.851	0.176598299984394
1.8525	0.178530406256113
1.854	0.180440440401631
1.8555	0.18232840242095
1.857	0.184194292314068
1.8585	0.186038101839998
1.86	0.187859836939069
1.8615	0.189659499662739
1.863	0.191437090011009
1.8645	0.193192607983879
1.866	0.194926053581349
1.8675	0.196637426803419
1.869	0.198326727650089
1.8705	0.199993956121358
1.872	0.201639112217228
1.8735	0.203262195937697
1.875	0.204863207282767
1.8765	0.206442146252436
1.878	0.207999012846705
1.8795	0.209533807065574
1.881	0.211046528909043
1.8825	0.212537178377112
1.884	0.214005755469781
1.8855	0.21545226018705
1.887	0.216876692528919
1.8885	0.218279052495387
1.89	0.219659340086456
1.8915	0.221017555302124
1.893	0.222353698142392
1.8945	0.223667768607261
1.896	0.224959766696729
1.8975	0.226229692410797
1.899	0.227477545749465
1.9005	0.228703326712733
1.902	0.2299070353006
1.9035	0.231088671513068
1.905	0.232248235350136
1.9065	0.233385726811803
1.908	0.234501145898071
1.9095	0.235594492608938
1.911	0.236665766944405
1.9125	0.237714968904472
1.914	0.238742098489139
1.9155	0.239747155698406
1.917	0.240730140532273
1.9185	0.24169105299074
1.92	0.242629893073806
1.9215	0.243546660781473
1.923	0.244441356113739
1.9245	0.245313979070606
1.926	0.246164529652072
1.9275	0.246993007858138
1.929	0.247799413688804
1.9305	0.24858374714407
1.932	0.249346008223936
1.9335	0.250086196928402
1.935	0.250804313257468
1.9365	0.251500357211133
1.938	0.252174328789399
1.9395	0.252826227992264
1.941	0.25345605481973
1.9425	0.254063809271795
1.944	0.25464949134846
1.9455	0.255213101049725
1.947	0.25575463837559
1.9485	0.256274103326055
1.95	0.25677149590112
1.9515	0.257246816100785
1.953	0.257700063925049
1.9545	0.258131239373914
1.956	0.258540342447378
1.9575	0.258927373145443
1.959	0.259292331468107
1.9605	0.259635217415371
1.962	0.259956030987235
1.9635	0.260254772183699
1.965	0.260531441004763
1.9665	0.260786037450427
1.968	0.261018561520691
1.9695	0.261229013215554
1.971	0.261417392535018
1.9725	0.261583699479081
1.974	0.261727934047745
1.9755	0.261850096241008
1.977	0.261950186058871
1.9785	0.262028203501334
1.98	0.262084148568397
1.9815	0.262118015116368
1.983	0.262129807603338
1.9845	0.262119527631842
1.986	0.262087175201879
1.9875	0.262032750313449
1.989	0.261956252966553
1.9905	0.26185768316119
1.992	0.26173704089736
1.9935	0.261594326175064
1.995	0.261429538994301
1.9965	0.261242679355071
1.998	0.261033747257374
1.9995	0.260802742701211
2.001	0.260549665686581
2.0025	0.260274516213485
2.004	0.259977294281921
2.0055	0.259657999891891
2.007	0.259316633043395
2.0085	0.258953193736431
2.01	0.258567681971001
2.0115	0.258160097747105
2.013	0.257730441064741
2.0145	0.257278711923911
2.016	0.256804910324614
2.0175	0.256309036266851
2.019	0.25579108975062
2.0205	0.255251070775923
2.022	0.25468897934276
2.0235	0.254104815451129
2.025	0.253498579101032
2.0265	0.252870270292469
2.028	0.252219889025438
2.0295	0.251547435299941
2.031	0.250852909115977
2.0325	0.250136310473546
2.034	0.249397639372649
2.0355	0.248636895813285
2.037	0.247854079795455
2.0385	0.247049191319157
2.04	0.246222230384393
2.0415	0.245373196991163
2.043	0.244502091139465
2.0445	0.243608912829301
2.046	0.24269366206067
2.0475	0.241756338833573
2.049	0.240796943148009
2.0505	0.239815475003978
2.052	0.23881193440148
2.0535	0.237786321340516
2.055	0.236738635821085
2.0565	0.235668877843187
2.058	0.234577047406823
2.0595	0.233463144511992
2.061	0.232327169158694
2.0625	0.23116912134693
2.064	0.229989001076698
2.0655	0.228786808348
2.067	0.227562543160836
2.0685	0.226316205515204
2.07	0.225047795411107
2.0715	0.223757312848542
2.073	0.222444757827511
2.0745	0.221110130348013
2.076	0.219753430410048
2.0775	0.218374658013616
2.079	0.216973813158718
2.0805	0.215550895845353
2.082	0.214105906073522
2.0835	0.212638843843224
2.085	0.211149709154459
2.0865	0.209638502007227
2.088	0.208105222401529
2.0895	0.206549870337364
2.091	0.204972445814732
2.0925	0.203372948833633
2.094	0.201751379394069
2.0955	0.200107737496037
2.097	0.198442023139538
2.0985	0.196754236324573
2.1	0.195044377051141
2.1015	0.193312445319242
2.103	0.191558441128877
2.1045	0.189782364480045
2.106	0.187984215372747
2.1075	0.186163993806981
2.109	0.184321699782749
2.1105	0.18245733330005
2.112	0.180570894358885
2.1135	0.178662382959252
2.115	0.176731799101153
2.1165	0.174779142784588
2.118	0.172804414009556
2.1195	0.170807612776057
2.121	0.168788739084091
2.1225	0.166747792933659
2.124	0.16468477432476
2.1255	0.162599683257394
2.127	0.160492519731561
2.1285	0.158363283747263
2.13	0.156211975304497
2.1315	0.154038594403264
2.133	0.151843141043565
2.1345	0.149625615225399
2.136	0.147386016948766
2.1375	0.145124346213667
2.139	0.142840603020101
2.1405	0.140534787368068
2.142	0.138206899257569
2.1435	0.135856938688603
2.145	0.13348490566117
2.1465	0.13109080017527
2.148	0.128674622230904
2.1495	0.126236371828071
2.151	0.123776048966771
2.1525	0.121293653647005
2.154	0.118789185868772
2.1555	0.116262645632073
2.157	0.113714032936906
2.1585	0.111143347783273
2.16	0.108550590171173
2.1615	0.105935760100606
2.163	0.103298857571573
2.1645	0.100639882584074
2.166	0.0979588351381073
2.1675	0.0952557152336739
2.169	0.0925305228707738
2.1705	0.0897832580494071
2.172	0.0870139207695736
2.1735	0.0842225110312734
2.175	0.0814090288345066
2.1765	0.0785734741792738
2.178	0.0757158470655735
2.1795	0.0728361474934066
2.181	0.069934375462773
2.1825	0.0670105309736726
2.184	0.0640646140261056
2.1855	0.0610966246200718
2.187	0.0581065627555722
2.1885	0.0550944284326051
2.19	0.0520602216511712
2.1915	0.0490039424112707
2.193	0.0459255907129034
2.1945	0.0428251665560695
2.196	0.0397026699407688
2.1975	0.0365581008670015
2.199	0.0333914593347684
2.2005	0.0302027453440677
2.202	0.0269919588949002
2.2035	0.0237590999872661
2.205	0.0205041686211653
2.2065	0.0172271647965977
2.208	0.0139280885135635
2.2095	0.0106069397720626
2.211	0.00726371857209597
2.2125	0.00389842491366166
2.214	0.000511058796760638
2.21422546310281	-1.00000133174127e-10
2.21422546310281	-1.00000133174127e-10
2.21422546321305	1.00000159479397e-10
2.21422546321305	1.00000159479397e-10
2.2155	0.00230374246612937
2.217	0.0049952374692634
2.2185	0.00766470262447026
2.22	0.0103120930721639
2.2215	0.0129374406700021
2.223	0.0155407031326271
2.2245	0.0181218984014246
2.226	0.0206810312628147
2.2275	0.0232181017167974
2.229	0.0257330834613691
2.2305	0.028225993606145
2.232	0.0306968346151185
2.2335	0.0331456064882896
2.235	0.0355723092256574
2.2365	0.0379769428272235
2.238	0.0403595072929872
2.2395	0.0427199997348928
2.241	0.0450584068002854
2.2425	0.0473747424870771
2.244	0.0496690067952681
2.2455	0.0519411997248575
2.247	0.0541913212758468
2.2485	0.0564193714482353
2.25	0.0586253502420229
2.2515	0.0608092576572098
2.253	0.0629710936937958
2.2545	0.0651108583517809
2.256	0.0672285516311653
2.2575	0.0693241735319482
2.259	0.0713977240541309
2.2605	0.0734492031977128
2.262	0.0754786109626939
2.2635	0.0774859419454685
2.265	0.0794711937972476
2.2665	0.0814343735228264
2.268	0.083375481122205
2.2695	0.0852945165953828
2.271	0.0871914799423608
2.2725	0.0890663711631385
2.274	0.090919190257716
2.2755	0.0927499372260932
2.277	0.0945586120682701
2.2785	0.0963452147842468
2.28	0.0981097453740232
2.2815	0.0998522038375987
2.283	0.101572590174975
2.2845	0.10327090438615
2.286	0.104947146471125
2.2875	0.1066013164299
2.289	0.108233414262475
2.2905	0.10984343996885
2.292	0.111431393549024
2.2935	0.112997275002997
2.295	0.114541084330771
2.2965	0.116062821532344
2.298	0.117562486607717
2.2995	0.11904007955689
2.301	0.120495600379863
2.3025	0.121929049076635
2.304	0.123340425647207
2.3055	0.124729730091578
2.307	0.126096962409749
2.3085	0.127442122601721
2.31	0.128765210667491
2.3115	0.130066226607062
2.313	0.131345169609997
2.3145	0.132602032054883
2.316	0.133836822124369
2.3175	0.135049539818456
2.319	0.136240185137142
2.3205	0.137408758080428
2.322	0.138555258648314
2.3235	0.1396796868408
2.325	0.140782042657886
2.3265	0.141862326099571
2.328	0.142920537165857
2.3295	0.143956675856742
2.331	0.144970742172228
2.3325	0.145962736112313
2.334	0.146932657676998
2.3355	0.147880506866283
2.337	0.148806283680168
2.3385	0.149709988118653
2.34	0.150591620181738
2.3415	0.151451179869423
2.343	0.152288667181708
2.3445	0.153104082118592
2.346	0.153897424680077
2.3475	0.154668694866161
2.349	0.155417892676845
2.3505	0.15614501811213
2.352	0.156850071172014
2.3535	0.157533051856498
2.355	0.158193960165582
2.3565	0.158832796099266
2.358	0.159449559657549
2.3595	0.160044250840433
2.361	0.160616869647917
2.3625	0.16116741608
2.364	0.161695890136683
2.3655	0.162202291817967
2.367	0.16268662112385
2.3685	0.163148878054333
2.37	0.163589062609416
2.3715	0.164007174789099
2.373	0.164403214593382
2.3745	0.164777182022265
2.376	0.165129077075747
2.3775	0.16545889975383
2.379	0.165766650056512
2.3805	0.166052327983795
2.382	0.166315933535677
2.3835	0.166557466712159
2.385	0.166776927513241
2.3865	0.166974315938923
2.388	0.167149631989205
2.3895	0.167302875664087
2.391	0.167434046963569
2.3925	0.167543145887651
2.394	0.167630172436332
2.3955	0.167695126609614
2.397	0.167738008407495
2.3985	0.167758817829976
2.4	0.167757554877057
2.4015	0.167734219548739
2.403	0.16768881184502
2.4045	0.167621331765901
2.406	0.167531779311381
2.4075	0.167420154481462
2.409	0.167286457276143
2.4105	0.167130687695423
2.412	0.166952845739304
2.4135	0.166752931407784
2.415	0.166530944700864
2.4165	0.166286885618545
2.418	0.166020754160825
2.4195	0.165732550327705
2.421	0.165422274119185
2.4225	0.165089924925162
2.424	0.164735497237962
2.4255	0.164358997092295
2.427	0.163960424488162
2.4285	0.163539779425561
2.43	0.163097061904495
2.4315	0.162632271924961
2.433	0.162145409486961
2.4345	0.161636474590494
2.436	0.161105467235561
2.4375	0.160552387422161
2.439	0.159977235150294
2.4405	0.15938001041996
2.442	0.15876071323116
2.4435	0.158119343583893
2.445	0.157455901478159
2.4465	0.156770386913959
2.448	0.156062799891291
2.4495	0.155333140410158
2.451	0.154581408470557
2.4525	0.15380760407249
2.454	0.153011727215956
2.4555	0.152193777900955
2.457	0.151353756127488
2.4585	0.150491661895554
2.46	0.149607495205153
2.4615	0.148701256056286
2.463	0.147772944448952
2.4645	0.146822560383151
2.466	0.145850103858884
2.4675	0.144855574876149
2.469	0.143838973434949
2.4705	0.142800299535281
2.472	0.141739553177147
2.4735	0.140656734360546
2.475	0.139551843085478
2.4765	0.138424879351944
2.478	0.137275843159943
2.4795	0.136104734509475
2.481	0.134911553400541
2.4825	0.133696299833139
2.484	0.132458973807271
2.4855	0.131199575322937
2.487	0.129918104380136
2.4885	0.128614560978868
2.49	0.127288945119133
2.4915	0.125941256800932
2.493	0.124571496024264
2.4945	0.123179662789129
2.496	0.121765757095528
2.4975	0.120329778943459
2.499	0.118871728332925
2.5005	0.117391605263923
2.502	0.115889409736455
2.5035	0.11436514175052
2.505	0.112818801306119
2.5065	0.11125038840325
2.508	0.109659903041915
2.5095	0.108047345222113
2.511	0.106412714943845
2.5125	0.10475601220711
2.514	0.103077237011908
2.5155	0.10137638935824
2.517	0.0996534692461046
2.5185	0.0979084766755026
2.52	0.0961414116464339
2.5215	0.0943522741588986
2.523	0.0925410642128966
2.5245	0.0907077818084278
2.526	0.0888524269454924
2.5275	0.0869749996240908
2.529	0.0850754998442219
2.5305	0.0831539276058864
2.532	0.0812102829090842
2.5335	0.0792445657538152
2.535	0.0772567761400796
2.5365	0.0752469140678773
2.538	0.0732149795372083
2.5395	0.0711609725480732
2.541	0.0690848931004708
2.5425	0.0669867411944016
2.544	0.0648665168298658
2.5455	0.0627242200068633
2.547	0.0605598507253941
2.5485	0.0583734089854582
2.55	0.0561648947870556
2.5515	0.0539343081301869
2.553	0.0516816490148509
2.5545	0.0494069174410482
2.556	0.0471101134087788
2.5575	0.0447912369180428
2.559	0.04245028796884
2.5605	0.0400872665611705
2.562	0.037702172695035
2.5635	0.0352950063704321
2.565	0.0328657675873625
2.5665	0.0304144563458262
2.568	0.0279410726458233
2.5695	0.0254456164873536
2.571	0.0229280878704172
2.5725	0.0203884867950141
2.574	0.0178268132611451
2.5755	0.0152430672688086
2.577	0.0126372488180055
2.5785	0.0100093579087356
2.58	0.00735939454099901
2.5815	0.00468735871479575
2.583	0.00199325043012577
2.58410195281049	-1.00058766827615e-10
2.58410195281049	-1.00058766827615e-10
2.58410195294832	1.0000009142113e-10
2.58410195294832	1.0000009142113e-10
2.5845	0.000576442622102141
2.586	0.00273624580130095
2.5875	0.00487427466656308
2.589	0.00699028030022827
2.5905	0.00908421154166042
2.592	0.0111560983814774
2.5935	0.0132058947247316
2.595	0.0152336286605784
2.5965	0.0172393001890177
2.598	0.0192229050856049
2.5995	0.0211844223007228
2.601	0.0231238703800381
2.6025	0.025041249323551
2.604	0.0269365591312615
2.6055	0.0288097998031694
2.607	0.0306609713392749
2.6085	0.0324900737395779
2.61	0.0342970943518273
2.6115	0.0360820391428007
2.613	0.0378449125551732
2.6145	0.0395857145889449
2.616	0.0413044452441157
2.6175	0.0430011045206858
2.619	0.044675692418655
2.6205	0.0463282089380234
2.622	0.0479586540787905
2.6235	0.0495670278409572
2.625	0.0511533302245231
2.6265	0.0527175612294882
2.628	0.0542597208558525
2.6295	0.0557798091036159
2.631	0.0572778259727786
2.6325	0.0587537604183604
2.634	0.0602076220189153
2.6355	0.0616394114932699
2.637	0.0630491288414243
2.6385	0.0644367740633783
2.64	0.0658023471591321
2.6415	0.0671458481286856
2.643	0.0684672769720388
2.6445	0.0697666336891914
2.646	0.0710439182801441
2.6475	0.0722991307448965
2.649	0.0735322710834486
2.6505	0.0747433392958005
2.652	0.0759323353819521
2.6535	0.0770992593419034
2.655	0.0782441111756544
2.6565	0.0793668908832048
2.658	0.0804675984645553
2.6595	0.0815462339197055
2.661	0.0826027972486554
2.6625	0.0836372884514051
2.664	0.0846497075279545
2.6655	0.0856400544783036
2.667	0.0866083293024524
2.6685	0.0875545320004007
2.67	0.088478662572149
2.6715	0.089380721017697
2.673	0.0902607073370447
2.6745	0.0911186215301922
2.676	0.0919544635971393
2.6775	0.0927682307571365
2.679	0.0935599202303152
2.6805	0.0943295373280935
2.682	0.095077082050472
2.6835	0.0958025543974503
2.685	0.0965059543690286
2.6865	0.0971872819652068
2.688	0.0978465371859849
2.6895	0.0984837200313629
2.691	0.0990988305013406
2.6925	0.0996918685959184
2.694	0.100262834315096
2.6955	0.100811727658874
2.697	0.101338548627251
2.6985	0.101843297220229
2.7	0.102325973437806
2.7015	0.102786577279983
2.703	0.10322510874676
2.7045	0.103641567838137
2.706	0.104035954554114
2.7075	0.104408268894691
2.709	0.104758510859868
2.7105	0.105086680449645
2.712	0.105392777664021
2.7135	0.105676802502998
2.715	0.105938754966574
2.7165	0.106178635054751
2.718	0.106396442767527
2.7195	0.106592178104903
2.721	0.106765841066879
2.7225	0.106917431653455
2.724	0.107046949864631
2.7255	0.107154395700407
2.727	0.107239769160782
2.7285	0.107303070245758
2.73	0.107344298955333
2.7315	0.107363455289509
2.733	0.107360539248284
2.7345	0.107335550831659
2.736	0.107288490039635
2.7375	0.10721935687221
2.739	0.107128151329385
2.7405	0.107014873411159
2.742	0.106879523117534
2.7435	0.106722100448509
2.745	0.106542605404083
2.7465	0.106341037984258
2.748	0.106117398189032
2.7495	0.105871686018407
2.751	0.105603901472381
2.7525	0.105314044550955
2.754	0.105002115254129
2.7555	0.104668113581903
2.757	0.104312039534277
2.7585	0.103933893111251
2.76	0.103533674312824
2.7615	0.103111383138998
2.763	0.102667019589771
2.7645	0.102200583665145
2.766	0.101712075365118
2.7675	0.101201494689691
2.769	0.100668841638864
2.7705	0.100114116212637
2.772	0.0995373184110104
2.7735	0.0989384482339834
2.775	0.0983175052456288
2.7765	0.0976744844853299
2.778	0.0970093912665643
2.7795	0.0963222255893318
2.781	0.0956129874536329
2.7825	0.0948816768594671
2.784	0.0941282938068347
2.7855	0.0933528382957358
2.787	0.0925553103261699
2.7885	0.0917357098981373
2.79	0.0908940370116381
2.7915	0.0900302916666722
2.793	0.0891444738632395
2.7945	0.0882365836013402
2.796	0.0873066208809742
2.7975	0.0863545857021417
2.799	0.0853804780648423
2.8005	0.0843842979690762
2.802	0.0833660454148434
2.8035	0.0823257204021439
2.805	0.0812633229309777
2.8065	0.0801788530013448
2.808	0.0790723106132451
2.8095	0.0779436957666792
2.811	0.0767930084616462
2.8125	0.0756202486981464
2.814	0.0744254164761801
2.8155	0.0732085117957469
2.817	0.0719695346568471
2.8185	0.0707084850594806
2.82	0.0694253630036478
2.8215	0.0681201684893479
2.823	0.0667929015165813
2.8245	0.0654435620853481
2.826	0.064072150195648
2.8275	0.0626786658474814
2.829	0.061263109040848
2.8305	0.0598254797757479
2.832	0.0583657780521816
2.8335	0.0568840038701481
2.835	0.0553801572296479
2.8365	0.053854238130681
2.838	0.0523062465732475
2.8395	0.0507361825573472
2.841	0.0491440460829802
2.8425	0.0475298371501465
2.844	0.0458935557588467
2.8455	0.0442352019090796
2.847	0.0425547756008459
2.8485	0.0408522768341454
2.85	0.0391277056089782
2.8515	0.0373810619253444
2.853	0.0356123457832438
2.8545	0.0338215571826766
2.856	0.0320086961236432
2.8575	0.0301737626061425
2.859	0.0283167566301752
2.8605	0.0264376781957412
2.862	0.0245365273028404
2.8635	0.022613303951473
2.865	0.0206680081416388
2.8665	0.018700639873338
2.868	0.016711199146571
2.8695	0.0146996859613368
2.871	0.0126661003176359
2.8725	0.0106104422154683
2.874	0.00853271165483394
2.8755	0.00643290863573293
2.877	0.0043110331581652
2.8785	0.00216708522213077
2.88	1.06482763032045e-06
2.88000073373726	-1.00051467111228e-10
2.88000073373726	-1.00051467111228e-10
2.88000073390955	1.00000220289502e-10
2.88000073390955	1.00000220289502e-10
2.8815	0.00172862459339726
2.883	0.00343704987295131
2.8845	0.00512348407711304
2.886	0.00678784836777509
2.8875	0.00843016941194644
2.889	0.0100504008884889
2.8905	0.0116485699563337
2.892	0.0132246766167715
2.8935	0.0147787132883082
2.895	0.0163106661690273
2.8965	0.017820549913944
2.898	0.0193083645230582
2.8995	0.0207741099963699
2.901	0.0222177863338791
2.9025	0.0236393935355854
2.904	0.025038926638557
2.9055	0.0264163783990774
2.907	0.027771758780997
2.9085	0.0291050677843157
2.91	0.0304163054090336
2.9115	0.0317054716551506
2.913	0.0329725665226669
2.9145	0.0342175900115819
2.916	0.0354405421218966
2.9175	0.0366414228536103
2.919	0.0378202322067233
2.9205	0.0389769701812354
2.922	0.0401116367771467
2.9235	0.0412242319944572
2.925	0.042314749067319
2.9265	0.0433831903081668
2.928	0.0444295594228145
2.9295	0.045453856411262
2.931	0.0464560812735093
2.9325	0.0474362340095562
2.934	0.0483943146194029
2.9355	0.0493303231030493
2.937	0.0502442594604954
2.9385	0.051136123691741
2.94	0.0520059157967865
2.9415	0.0528536357756318
2.943	0.0536792836282769
2.9445	0.0544828593547216
2.946	0.0552643629549661
2.9475	0.0560237944290103
2.949	0.056761153776854
2.9505	0.0574764409984976
2.952	0.058169656093941
2.9535	0.0588407990631841
2.955	0.0594898699062269
2.9565	0.0601168686230694
2.958	0.0607217952137117
2.9595	0.0613046496781537
2.961	0.0618654320163952
2.9625	0.0624041422284367
2.964	0.0629207803142778
2.9655	0.0634153462739187
2.967	0.0638878371851447
2.9685	0.0643382553843745
2.97	0.064766601184391
2.9715	0.0651728745851944
2.973	0.0655570755867844
2.9745	0.0659192041891613
2.976	0.066259260392325
2.9775	0.0665772441962756
2.979	0.0668731556010129
2.9805	0.067146994606537
2.982	0.0673987612128479
2.9835	0.0676284554199456
2.985	0.06783607722783
2.9865	0.0680216266365013
2.988	0.0681851036459594
2.9895	0.0683265082562043
2.991	0.068445840467236
2.9925	0.0685431002790545
2.994	0.0686182876916598
2.9955	0.0686714027050518
2.997	0.0687024453192307
2.9985	0.0687114155341963
3	0.0686983133499488
