0	-9.809999999999999e-06
0.001	-0.009810000000000001
0.002	-0.01962
0.003	-0.02943
0.004	-0.03924
0.005	-0.04905
0.006	-0.05886
0.007	-0.06867000000000001
0.008	-0.07848000000000001
0.009000000000000001	-0.08829000000000002
0.01	-0.09810000000000001
0.011	-0.10791
0.012	-0.11772
0.013	-0.12753
0.014	-0.13734
0.015	-0.14715
0.016	-0.15696
0.017	-0.16677
0.018	-0.17658
0.019	-0.18639
0.02	-0.1962
0.021	-0.20601
0.022	-0.21582
0.023	-0.22563
0.024	-0.23544
0.025	-0.24525
0.026	-0.25506
0.027	-0.26487
0.028	-0.27468
0.029	-0.28449
0.03	-0.2943
0.031	-0.30411
0.032	-0.31392
0.033	-0.32373
0.034	-0.3335400000000001
0.035	-0.34335
0.036	-0.3531600000000001
0.037	-0.36297
0.038	-0.37278
0.039	-0.38259
0.04	-0.3924
0.041	-0.40221
0.042	-0.4120200000000001
0.043	-0.42183
0.044	-0.43164
0.045	-0.44145
0.046	-0.45126
0.047	-0.46107
0.048	-0.47088
0.049	-0.4806900000000001
0.05	-0.4905
0.051	-0.50031
0.052	-0.51012
0.053	-0.51993
0.054	-0.52974
0.055	-0.5395500000000001
0.056	-0.5493600000000001
0.057	-0.5591700000000001
0.058	-0.56898
0.059	-0.57879
0.06	-0.5886
0.061	-0.59841
0.062	-0.60822
0.063	-0.6180300000000001
0.064	-0.6278400000000001
0.065	-0.6376500000000001
0.066	-0.64746
0.067	-0.65727
0.068	-0.6670800000000001
0.06900000000000001	-0.6768900000000001
0.07000000000000001	-0.6867000000000001
0.07100000000000001	-0.6965100000000001
0.07200000000000001	-0.7063200000000002
0.073	-0.71613
0.074	-0.72594
0.075	-0.73575
0.076	-0.74556
0.077	-0.75537
0.078	-0.7651800000000001
0.079	-0.7749900000000001
0.08	-0.7848000000000001
0.081	-0.79461
0.082	-0.80442
0.083	-0.8142300000000001
0.08400000000000001	-0.8240400000000001
0.08500000000000001	-0.8338500000000001
0.08600000000000001	-0.8436600000000001
0.08700000000000001	-0.8534700000000002
0.08799999999999999	-0.86328
0.089	-0.87309
0.09	-0.8829
0.091	-0.89271
0.092	-0.90252
0.093	-0.9123300000000001
0.094	-0.9221400000000001
0.095	-0.9319500000000001
0.096	-0.94176
0.097	-0.95157
0.098	-0.9613800000000001
0.099	-0.9711900000000001
0.1	-0.9810000000000001
0.101	-0.9908100000000001
0.102	-1.00062
0.103	-1.01043
0.104	-1.02024
0.105	-1.03005
0.106	-1.03986
0.107	-1.04967
0.108	-1.05948
0.109	-1.06929
0.11	-1.0791
0.111	-1.08891
0.112	-1.09872
0.113	-1.10853
0.114	-1.11834
0.115	-1.12815
0.116	-1.13796
0.117	-1.14777
0.118	-1.15758
0.119	-1.16739
0.12	-1.1772
0.121	-1.18701
0.122	-1.19682
0.123	-1.20663
0.124	-1.21644
0.125	-1.22625
0.126	-1.23606
0.127	-1.24587
0.128	-1.25568
0.129	-1.26549
0.13	-1.2753
0.131	-1.28511
0.132	-1.29492
0.133	-1.30473
0.134	-1.31454
0.135	-1.32435
0.136	-1.33416
0.137	-1.34397
0.138	-1.35378
0.139	-1.36359
0.14	-1.3734
0.141	-1.38321
0.142	-1.39302
0.143	-1.40283
0.144	-1.41264
0.145	-1.42245
0.146	-1.43226
0.147	-1.44207
0.148	-1.45188
0.149	-1.46169
0.15	-1.4715
0.151	-1.48131
0.152	-1.49112
0.153	-1.50093
0.154	-1.51074
0.155	-1.52055
0.156	-1.53036
0.157	-1.54017
0.158	-1.54998
0.159	-1.55979
0.16	-1.5696
0.161	-1.57941
0.162	-1.58922
0.163	-1.59903
0.164	-1.60884
0.165	-1.61865
0.166	-1.62846
0.167	-1.63827
0.168	-1.64808
0.169	-1.65789
0.17	-1.6677
0.171	-1.67751
0.172	-1.68732
0.173	-1.69713
0.174	-1.70694
0.175	-1.71675
0.176	-1.72656
0.177	-1.73637
0.178	-1.74618
0.179	-1.75599
0.18	-1.7658
0.181	-1.77561
0.182	-1.78542
0.183	-1.79523
0.184	-1.80504
0.185	-1.81485
0.186	-1.82466
0.187	-1.83447
0.188	-1.84428
0.189	-1.85409
0.19	-1.8639
0.191	-1.87371
0.192	-1.88352
0.193	-1.89333
0.194	-1.90314
0.195	-1.91295
0.196	-1.92276
0.197	-1.93257
0.198	-1.94238
0.199	-1.95219
0.2	-1.962
0.201	-1.97181
0.202	-1.98162
0.203	-1.99143
0.204	-2.00124
0.205	-2.01105
0.206	-2.02086
0.207	-2.03067
0.208	-2.04048
0.209	-2.05029
0.21	-2.0601
0.211	-2.06991
0.212	-2.07972
0.213	-2.08953
0.214	-2.09934
0.215	-2.10915
0.216	-2.11896
0.217	-2.12877
0.218	-2.13858
0.219	-2.14839
0.22	-2.1582
0.221	-2.16801
0.222	-2.17782
0.223	-2.18763
0.224	-2.19744
0.225	-2.20725
0.226	-2.21706
0.227	-2.22687
0.228	-2.23668
0.229	-2.24649
0.23	-2.2563
0.231	-2.26611
0.232	-2.27592
0.233	-2.28573
0.234	-2.29554
0.235	-2.30535
0.236	-2.31516
0.237	-2.32497
0.238	-2.33478
0.239	-2.34459
0.24	-2.3544
0.241	-2.36421
0.242	-2.37402
0.243	-2.38383
0.244	-2.39364
0.245	-2.40345
0.246	-2.41326
0.247	-2.42307
0.248	-2.43288
0.249	-2.44269
0.25	-2.4525
0.251	-2.46231
0.252	-2.47212
0.253	-2.48193
0.254	-2.49174
0.255	-2.50155
0.256	-2.51136
0.257	-2.52117
0.258	-2.53098
0.259	-2.54079
0.26	-2.5506
0.261	-2.56041
0.262	-2.57022
0.263	-2.58003
0.264	-2.58984
0.265	-2.59965
0.266	-2.60946
0.267	-2.61927
0.268	-2.62908
0.269	-2.63889
0.27	-2.6487
0.271	-2.65851
0.272	-2.66832
0.273	-2.67813
0.274	-2.68794
0.275	-2.697750000000001
0.276	-2.70756
0.277	-2.71737
0.278	-2.727180000000001
0.279	-2.73699
0.28	-2.7468
0.281	-2.75661
0.282	-2.766420000000001
0.283	-2.77623
0.284	-2.78604
0.285	-2.795850000000001
0.286	-2.80566
0.287	-2.81547
0.288	-2.825280000000001
0.289	-2.83509
0.29	-2.8449
0.291	-2.85471
0.292	-2.86452
0.293	-2.87433
0.294	-2.88414
0.295	-2.89395
0.296	-2.90376
0.297	-2.91357
0.298	-2.92338
0.299	-2.93319
0.3	-2.943
0.301	-2.95281
0.302	-2.96262
0.303	-2.97243
0.304	-2.98224
0.305	-2.99205
0.306	-3.00186
0.307	-3.01167
0.308	-3.02148
0.309	-3.03129
0.31	-3.0411
0.311	-3.05091
0.312	-3.06072
0.313	-3.07053
0.314	-3.08034
0.315	-3.09015
0.316	-3.09996
0.317	-3.10977
0.318	-3.11958
0.319	-3.12939
0.32	-3.1392
0.321	-3.14901
0.322	-3.15882
0.323	-3.16863
0.324	-3.17844
0.325	-3.18825
0.326	-3.19806
0.327	-3.20787
0.328	-3.21768
0.329	-3.22749
0.33	-3.2373
0.331	-3.24711
0.332	-3.25692
0.333	-3.26673
0.334	-3.27654
0.335	-3.286350000000001
0.336	-3.29616
0.337	-3.30597
0.338	-3.31578
0.339	-3.32559
0.34	-3.3354
0.341	-3.34521
0.342	-3.355020000000001
0.343	-3.36483
0.344	-3.37464
0.345	-3.384450000000001
0.346	-3.39426
0.347	-3.40407
0.348	-3.413880000000001
0.349	-3.423690000000001
0.35	-3.4335
0.351	-3.44331
0.352	-3.45312
0.353	-3.46293
0.354	-3.47274
0.355	-3.48255
0.356	-3.49236
0.357	-3.50217
0.358	-3.51198
0.359	-3.52179
0.36	-3.5316
0.361	-3.54141
0.362	-3.55122
0.363	-3.56103
0.364	-3.57084
0.365	-3.58065
0.366	-3.59046
0.367	-3.60027
0.368	-3.61008
0.369	-3.61989
0.37	-3.6297
0.371	-3.63951
0.372	-3.64932
0.373	-3.65913
0.374	-3.66894
0.375	-3.67875
0.376	-3.68856
0.377	-3.69837
0.378	-3.70818
0.379	-3.71799
0.38	-3.7278
0.381	-3.73761
0.382	-3.74742
0.383	-3.75723
0.384	-3.76704
0.385	-3.77685
0.386	-3.78666
0.387	-3.79647
0.388	-3.80628
0.389	-3.81609
0.39	-3.8259
0.391	-3.83571
0.392	-3.84552
0.393	-3.85533
0.394	-3.86514
0.395	-3.874950000000001
0.396	-3.88476
0.397	-3.89457
0.398	-3.90438
0.399	-3.914190000000001
0.4	-3.924
0.401	-3.93381
0.402	-3.943620000000001
0.403	-3.95343
0.404	-3.96324
0.405	-3.973050000000001
0.406	-3.982860000000001
0.407	-3.99267
0.408	-4.00248
0.409	-4.01229
0.41	-4.022100000000001
0.411	-4.031910000000001
0.412	-4.041720000000001
0.413	-4.051530000000001
0.414	-4.06134
0.415	-4.07115
0.416	-4.08096
0.417	-4.09077
0.418	-4.10058
0.419	-4.11039
0.42	-4.1202
0.421	-4.13001
0.422	-4.13982
0.423	-4.14963
0.424	-4.15944
0.425	-4.16925
0.426	-4.17906
0.427	-4.188870000000001
0.428	-4.19868
0.429	-4.20849
0.43	-4.2183
0.431	-4.22811
0.432	-4.23792
0.433	-4.24773
0.434	-4.257540000000001
0.435	-4.26735
0.436	-4.27716
0.437	-4.28697
0.438	-4.29678
0.439	-4.30659
0.44	-4.316400000000001
0.441	-4.326210000000001
0.442	-4.33602
0.443	-4.34583
0.444	-4.35564
0.445	-4.36545
0.446	-4.37526
0.447	-4.385070000000001
0.448	-4.394880000000001
0.449	-4.40469
0.45	-4.4145
0.451	-4.42431
0.452	3.53951061803929
0.453	3.52970061803929
0.454	3.519890618039291
0.455	3.510080618039291
0.456	3.50027061803929
0.457	3.490460618039291
0.458	3.480650618039291
0.459	3.47084061803929
0.46	3.46103061803929
0.461	3.451220618039291
0.462	3.44141061803929
0.463	3.43160061803929
0.464	3.421790618039291
0.465	3.411980618039291
0.466	3.40217061803929
0.467	3.39236061803929
0.468	3.382550618039291
0.469	3.37274061803929
0.47	3.36293061803929
0.471	3.353120618039291
0.472	3.34331061803929
0.473	3.33350061803929
0.474	3.32369061803929
0.475	3.313880618039291
0.476	3.30407061803929
0.477	3.29426061803929
0.478	3.284450618039291
0.479	3.27464061803929
0.48	3.264830618039291
0.481	3.255020618039291
0.482	3.245210618039291
0.483	3.235400618039291
0.484	3.225590618039291
0.485	3.215780618039291
0.486	3.205970618039291
0.487	3.196160618039291
0.488	3.186350618039291
0.489	3.176540618039291
0.49	3.166730618039291
0.491	3.156920618039291
0.492	3.147110618039291
0.493	3.137300618039291
0.494	3.127490618039291
0.495	3.117680618039291
0.496	3.107870618039291
0.497	3.098060618039291
0.498	3.088250618039291
0.499	3.07844061803929
0.5	3.068630618039291
0.501	3.058820618039291
0.502	3.049010618039291
0.503	3.039200618039291
0.504	3.029390618039291
0.505	3.019580618039291
0.506	3.00977061803929
0.507	2.999960618039291
0.508	2.990150618039291
0.509	2.98034061803929
0.51	2.970530618039291
0.511	2.960720618039291
0.512	2.95091061803929
0.513	2.94110061803929
0.514	2.931290618039291
0.515	2.921480618039291
0.516	2.91167061803929
0.517	2.901860618039291
0.518	2.892050618039291
0.519	2.88224061803929
0.52	2.87243061803929
0.521	2.862620618039291
0.522	2.85281061803929
0.523	2.84300061803929
0.524	2.833190618039291
0.525	2.823380618039291
0.526	2.81357061803929
0.527	2.80376061803929
0.528	2.793950618039291
0.529	2.78414061803929
0.53	2.77433061803929
0.531	2.764520618039291
0.532	2.75471061803929
0.533	2.74490061803929
0.534	2.73509061803929
0.535	2.725280618039291
0.536	2.71547061803929
0.537	2.70566061803929
0.538	2.69585061803929
0.539	2.68604061803929
0.54	2.67623061803929
0.541	2.66642061803929
0.542	2.65661061803929
0.543	2.64680061803929
0.544	2.63699061803929
0.545	2.62718061803929
0.546	2.61737061803929
0.547	2.60756061803929
0.548	2.59775061803929
0.549	2.58794061803929
0.55	2.57813061803929
0.551	2.56832061803929
0.552	2.55851061803929
0.553	2.54870061803929
0.554	2.53889061803929
0.555	2.52908061803929
0.556	2.51927061803929
0.5570000000000001	2.50946061803929
0.5580000000000001	2.49965061803929
0.5590000000000001	2.48984061803929
0.5600000000000001	2.48003061803929
0.5610000000000001	2.47022061803929
0.5620000000000001	2.46041061803929
0.5630000000000001	2.45060061803929
0.5640000000000001	2.44079061803929
0.5650000000000001	2.43098061803929
0.5660000000000001	2.42117061803929
0.5670000000000001	2.41136061803929
0.5680000000000001	2.40155061803929
0.5690000000000001	2.39174061803929
0.5700000000000001	2.38193061803929
0.5710000000000001	2.37212061803929
0.5720000000000001	2.36231061803929
0.5730000000000001	2.35250061803929
0.5740000000000001	2.34269061803929
0.5750000000000001	2.33288061803929
0.5760000000000001	2.32307061803929
0.577	2.313260618039291
0.578	2.303450618039291
0.579	2.293640618039291
0.58	2.283830618039291
0.581	2.274020618039291
0.582	2.264210618039291
0.583	2.254400618039291
0.584	2.244590618039291
0.585	2.234780618039291
0.586	2.224970618039291
0.587	2.215160618039291
0.588	2.205350618039291
0.589	2.195540618039291
0.59	2.185730618039291
0.591	2.175920618039291
0.592	2.166110618039291
0.593	2.156300618039291
0.594	2.146490618039291
0.595	2.136680618039291
0.596	2.126870618039291
0.597	2.117060618039291
0.598	2.107250618039291
0.599	2.097440618039291
0.6	2.087630618039291
0.601	2.077820618039291
0.602	2.068010618039291
0.603	2.058200618039291
0.604	2.048390618039291
0.605	2.038580618039291
0.606	2.028770618039291
0.607	2.018960618039291
0.608	2.009150618039291
0.609	1.999340618039291
0.61	1.989530618039291
0.611	1.979720618039291
0.612	1.969910618039291
0.613	1.960100618039291
0.614	1.950290618039291
0.615	1.940480618039291
0.616	1.930670618039291
0.617	1.920860618039291
0.618	1.911050618039291
0.619	1.901240618039291
0.62	1.891430618039291
0.621	1.881620618039291
0.622	1.871810618039291
0.623	1.862000618039291
0.624	1.852190618039291
0.625	1.842380618039291
0.626	1.832570618039291
0.627	1.822760618039291
0.628	1.81295061803929
0.629	1.803140618039291
0.63	1.793330618039291
0.631	1.783520618039291
0.632	1.773710618039291
0.633	1.76390061803929
0.634	1.754090618039291
0.635	1.74428061803929
0.636	1.734470618039291
0.637	1.72466061803929
0.638	1.71485061803929
0.639	1.705040618039291
0.64	1.69523061803929
0.641	1.685420618039291
0.642	1.67561061803929
0.643	1.66580061803929
0.644	1.65599061803929
0.645	1.64618061803929
0.646	1.636370618039291
0.647	1.62656061803929
0.648	1.61675061803929
0.649	1.60694061803929
0.65	1.59713061803929
0.651	1.58732061803929
0.652	1.57751061803929
0.653	1.56770061803929
0.654	1.55789061803929
0.655	1.54808061803929
0.656	1.53827061803929
0.657	1.52846061803929
0.658	1.51865061803929
0.659	1.50884061803929
0.66	1.49903061803929
0.661	1.48922061803929
0.662	1.47941061803929
0.663	1.46960061803929
0.664	1.45979061803929
0.665	1.44998061803929
0.666	1.44017061803929
0.667	1.43036061803929
0.668	1.42055061803929
0.669	1.41074061803929
0.67	1.40093061803929
0.671	1.39112061803929
0.672	1.38131061803929
0.673	1.37150061803929
0.674	1.36169061803929
0.675	1.35188061803929
0.676	1.34207061803929
0.677	1.33226061803929
0.678	1.32245061803929
0.679	1.31264061803929
0.68	1.30283061803929
0.681	1.29302061803929
0.6820000000000001	1.28321061803929
0.6830000000000001	1.27340061803929
0.6840000000000001	1.26359061803929
0.6850000000000001	1.25378061803929
0.6860000000000001	1.24397061803929
0.6870000000000001	1.23416061803929
0.6880000000000001	1.22435061803929
0.6890000000000001	1.21454061803929
0.6900000000000001	1.20473061803929
0.6910000000000001	1.19492061803929
0.6920000000000001	1.18511061803929
0.6930000000000001	1.17530061803929
0.6940000000000001	1.16549061803929
0.6950000000000001	1.15568061803929
0.6960000000000001	1.14587061803929
0.6970000000000001	1.13606061803929
0.6980000000000001	1.12625061803929
0.6990000000000001	1.11644061803929
0.7000000000000001	1.10663061803929
0.7010000000000001	1.09682061803929
0.7020000000000001	1.08701061803929
0.7030000000000001	1.07720061803929
0.704	1.067390618039291
0.705	1.057580618039291
0.706	1.047770618039291
0.707	1.037960618039291
0.708	1.028150618039291
0.709	1.018340618039291
0.71	1.008530618039291
0.711	0.9987206180392909
0.712	0.9889106180392909
0.713	0.9791006180392909
0.714	0.9692906180392908
0.715	0.9594806180392909
0.716	0.9496706180392909
0.717	0.9398606180392909
0.718	0.9300506180392908
0.719	0.9202406180392908
0.72	0.9104306180392908
0.721	0.9006206180392908
0.722	0.8908106180392908
0.723	0.8810006180392908
0.724	0.8711906180392908
0.725	0.8613806180392908
0.726	0.8515706180392908
0.727	0.8417606180392908
0.728	0.8319506180392907
0.729	0.8221406180392907
0.73	0.8123306180392907
0.731	0.8025206180392908
0.732	0.7927106180392907
0.733	0.7829006180392907
0.734	0.7730906180392907
0.735	0.7632806180392907
0.736	0.7534706180392907
0.737	0.7436606180392906
0.738	0.7338506180392906
0.739	0.7240406180392907
0.74	0.7142306180392907
0.741	0.7044206180392907
0.742	0.6946106180392906
0.743	0.6848006180392906
0.744	0.6749906180392906
0.745	0.6651806180392906
0.746	0.6553706180392905
0.747	0.6455606180392905
0.748	0.6357506180392906
0.749	0.6259406180392906
0.75	0.6161306180392906
0.751	0.6063206180392905
0.752	0.5965106180392905
0.753	0.5867006180392905
0.754	0.5768906180392905
0.755	0.5670806180392906
0.756	0.5572706180392905
0.757	0.5474606180392905
0.758	0.5376506180392905
0.759	0.5278406180392905
0.76	0.5180306180392904
0.761	0.5082206180392904
0.762	0.4984106180392904
0.763	0.4886006180392904
0.764	0.4787906180392904
0.765	0.4689806180392904
0.766	0.4591706180392904
0.767	0.4493606180392904
0.768	0.4395506180392904
0.769	0.4297406180392904
0.77	0.4199306180392904
0.771	0.4101206180392903
0.772	0.4003106180392904
0.773	0.3905006180392903
0.774	0.3806906180392903
0.775	0.3708806180392903
0.776	0.3610706180392903
0.777	0.3512606180392903
0.778	0.3414506180392903
0.779	0.3316406180392903
0.78	0.3218306180392903
0.781	0.3120206180392903
0.782	0.3022106180392902
0.783	0.2924006180392902
0.784	0.2825906180392903
0.785	0.2727806180392902
0.786	0.2629706180392902
0.787	0.2531606180392902
0.788	0.2433506180392902
0.789	0.2335406180392902
0.79	0.2237306180392902
0.791	0.2139206180392902
0.792	0.2041106180392901
0.793	0.1943006180392901
0.794	0.1844906180392901
0.795	0.1746806180392901
0.796	0.1648706180392901
0.797	0.1550606180392901
0.798	0.1452506180392901
0.799	0.1354406180392901
0.8	0.1256306180392901
0.801	0.1158206180392901
0.802	0.1060106180392901
0.803	0.09620061803929006
0.804	0.08639061803929005
0.805	0.07658061803929003
0.806	0.06677061803929002
0.8070000000000001	0.05696061803929002
0.8080000000000001	0.04715061803929001
0.8090000000000001	0.03734061803929
0.8100000000000001	0.02753061803928999
0.8110000000000001	0.01772061803928998
0.8120000000000001	0.007910618039289972
0.8130000000000001	-0.001899381960710038
0.8140000000000001	-0.01170938196071005
0.8150000000000001	-0.02151938196071006
0.8160000000000001	-0.03132938196071006
0.8170000000000001	-0.04113938196071008
0.8180000000000001	-0.05094938196071008
0.8190000000000001	-0.0607593819607101
0.8200000000000001	-0.07056938196071011
0.8210000000000001	-0.08037938196071011
0.8220000000000001	-0.09018938196071012
0.8230000000000001	-0.09999938196071013
0.8240000000000001	-0.1098093819607101
0.8250000000000001	-0.1196193819607101
0.8260000000000001	-0.1294293819607102
0.8270000000000001	-0.1392393819607102
0.8280000000000001	-0.1490493819607102
0.8290000000000001	-0.1588593819607102
0.8300000000000001	-0.1686693819607102
0.8310000000000001	-0.1784793819607102
0.8320000000000001	-0.1882893819607102
0.833	-0.1980993819607091
0.834	-0.2079093819607092
0.835	-0.2177193819607091
0.836	-0.2275293819607092
0.837	-0.2373393819607092
0.838	-0.2471493819607092
0.839	-0.2569593819607092
0.84	-0.2667693819607092
0.841	-0.2765793819607092
0.842	-0.2863893819607092
0.843	-0.2961993819607092
0.844	-0.3060093819607093
0.845	-0.3158193819607092
0.846	-0.3256293819607092
0.847	-0.3354393819607093
0.848	-0.3452493819607093
0.849	-0.3550593819607093
0.85	-0.3648693819607093
0.851	-0.3746793819607093
0.852	-0.3844893819607093
0.853	-0.3942993819607093
0.854	-0.4041093819607093
0.855	-0.4139193819607093
0.856	-0.4237293819607094
0.857	-0.4335393819607093
0.858	-0.4433493819607094
0.859	-0.4531593819607094
0.86	-0.4629693819607094
0.861	-0.4727793819607094
0.862	-0.4825893819607094
0.863	-0.4923993819607094
0.864	-0.5022093819607094
0.865	-0.5120193819607094
0.866	-0.5218293819607094
0.867	-0.5316393819607095
0.868	-0.5414493819607095
0.869	-0.5512593819607094
0.87	-0.5610693819607094
0.871	-0.5708793819607095
0.872	-0.5806893819607095
0.873	-0.5904993819607095
0.874	-0.6003093819607095
0.875	-0.6101193819607095
0.876	-0.6199293819607096
0.877	-0.6297393819607096
0.878	-0.6395493819607095
0.879	-0.6493593819607095
0.88	-0.6591693819607095
0.881	-0.6689793819607096
0.882	-0.6787893819607096
0.883	-0.6885993819607096
0.884	-0.6984093819607096
0.885	-0.7082193819607097
0.886	-0.7180293819607096
0.887	-0.7278393819607096
0.888	-0.7376493819607096
0.889	-0.7474593819607096
0.89	-0.7572693819607097
0.891	-0.7670793819607097
0.892	-0.7768893819607097
0.893	-0.7866993819607097
0.894	-0.7965093819607098
0.895	-0.8063193819607097
0.896	-0.8161293819607097
0.897	-0.8259393819607097
0.898	-0.8357493819607097
0.899	-0.8455593819607098
0.9	-0.8553693819607098
0.901	-0.8651793819607098
0.902	-0.8749893819607097
0.903	-0.8847993819607097
0.904	-0.8946093819607098
0.905	-0.9044193819607098
0.906	-0.9142293819607098
0.907	-0.9240393819607098
0.908	-0.9338493819607099
0.909	-0.9436593819607099
0.91	-0.9534693819607098
0.911	-0.9632793819607098
0.912	-0.9730893819607098
0.913	-0.9828993819607099
0.914	-0.9927093819607099
0.915	-1.00251938196071
0.916	-1.01232938196071
0.917	-1.02213938196071
0.918	-1.03194938196071
0.919	-1.04175938196071
0.92	-1.05156938196071
0.921	-1.06137938196071
0.922	-1.07118938196071
0.923	-1.08099938196071
0.924	-1.09080938196071
0.925	-1.10061938196071
0.926	-1.11042938196071
0.927	-1.12023938196071
0.928	-1.13004938196071
0.929	-1.13985938196071
0.93	-1.14966938196071
0.931	-1.15947938196071
0.9320000000000001	-1.16928938196071
0.9330000000000001	-1.17909938196071
0.9340000000000001	-1.18890938196071
0.9350000000000001	-1.19871938196071
0.9360000000000001	-1.20852938196071
0.9370000000000001	-1.21833938196071
0.9380000000000001	-1.22814938196071
0.9390000000000001	-1.23795938196071
0.9400000000000001	-1.24776938196071
0.9410000000000001	-1.25757938196071
0.9420000000000001	-1.26738938196071
0.9430000000000001	-1.27719938196071
0.9440000000000001	-1.28700938196071
0.9450000000000001	-1.29681938196071
0.9460000000000001	-1.30662938196071
0.9470000000000001	-1.31643938196071
0.9480000000000001	-1.32624938196071
0.9490000000000001	-1.33605938196071
0.9500000000000001	-1.34586938196071
0.9510000000000001	-1.35567938196071
0.9520000000000001	-1.36548938196071
0.9530000000000001	-1.37529938196071
0.9540000000000001	-1.38510938196071
0.9550000000000001	-1.39491938196071
0.9560000000000001	-1.40472938196071
0.9570000000000001	-1.41453938196071
0.9580000000000001	-1.42434938196071
0.9590000000000001	-1.43415938196071
0.96	-1.443969381960709
0.961	-1.453779381960709
0.962	-1.463589381960709
0.963	-1.473399381960709
0.964	-1.483209381960709
0.965	-1.493019381960709
0.966	-1.502829381960709
0.967	-1.512639381960709
0.968	-1.522449381960709
0.969	-1.532259381960709
0.97	-1.542069381960709
0.971	-1.551879381960709
0.972	-1.561689381960709
0.973	-1.571499381960709
0.974	-1.581309381960709
0.975	-1.591119381960709
0.976	-1.600929381960709
0.977	-1.610739381960709
0.978	-1.620549381960709
0.979	-1.630359381960709
0.98	-1.640169381960709
0.981	-1.649979381960709
0.982	-1.659789381960709
0.983	-1.669599381960709
0.984	-1.679409381960709
0.985	-1.68921938196071
0.986	-1.699029381960709
0.987	-1.70883938196071
0.988	-1.718649381960709
0.989	-1.728459381960709
0.99	-1.73826938196071
0.991	-1.748079381960709
0.992	-1.75788938196071
0.993	-1.767699381960709
0.994	-1.77750938196071
0.995	-1.78731938196071
0.996	-1.797129381960709
0.997	-1.80693938196071
0.998	-1.816749381960709
0.999	-1.82655938196071
1	-1.83636938196071
1.001	-1.846179381960711
1.002	-1.85598938196071
1.003	-1.865799381960711
1.004	-1.87560938196071
1.005	-1.885419381960711
1.006	-1.89522938196071
1.007	-1.905039381960711
1.008	-1.91484938196071
1.009	-1.924659381960711
1.01	-1.93446938196071
1.011	-1.944279381960711
1.012	-1.95408938196071
1.013	-1.963899381960711
1.014	-1.97370938196071
1.015	-1.983519381960711
1.016	-1.99332938196071
1.017	-2.003139381960711
1.018	-2.01294938196071
1.019	-2.022759381960711
1.02	-2.03256938196071
1.021	-2.042379381960711
1.022	-2.05218938196071
1.023	-2.061999381960711
1.024	-2.07180938196071
1.025	-2.081619381960709
1.026	-2.09142938196071
1.027	-2.101239381960709
1.028	-2.11104938196071
1.029	-2.120859381960709
1.03	-2.13066938196071
1.031	-2.140479381960709
1.032	-2.15028938196071
1.033	-2.160099381960709
1.034	-2.16990938196071
1.035	-2.179719381960709
1.036	-2.18952938196071
1.037	-2.199339381960709
1.038	-2.20914938196071
1.039	-2.218959381960709
1.04	-2.22876938196071
1.041	-2.238579381960709
1.042	-2.24838938196071
1.043	-2.258199381960709
1.044	-2.26800938196071
1.045	-2.277819381960709
1.046	-2.28762938196071
1.047	-2.297439381960709
1.048	-2.30724938196071
1.049	-2.317059381960709
1.05	-2.32686938196071
1.051	-2.336679381960709
1.052	-2.34648938196071
1.053	-2.356299381960709
1.054	-2.36610938196071
1.055	-2.375919381960709
1.056	-2.38572938196071
1.057	-2.395539381960709
1.058	-2.40534938196071
1.059	-2.415159381960709
1.06	-2.42496938196071
1.061	-2.434779381960709
1.062	-2.44458938196071
1.063	-2.454399381960709
1.064	-2.46420938196071
1.065	-2.474019381960709
1.066	-2.48382938196071
1.067	-2.493639381960709
1.068	-2.50344938196071
1.069	-2.513259381960709
1.07	-2.52306938196071
1.071	-2.532879381960709
1.072	-2.54268938196071
1.073	-2.552499381960709
1.074	-2.56230938196071
1.075	-2.572119381960709
1.076	-2.58192938196071
1.077	-2.591739381960709
1.078	-2.601549381960711
1.079	-2.611359381960709
1.08	-2.62116938196071
1.081	-2.630979381960709
1.082	-2.64078938196071
1.083	-2.650599381960709
1.084	-2.66040938196071
1.085	-2.670219381960709
1.086	-2.68002938196071
1.087	-2.689839381960709
1.088	-2.699649381960711
1.089	-2.709459381960709
1.09	-2.71926938196071
1.091	-2.729079381960709
1.092	-2.738889381960711
1.093	-2.74869938196071
1.094	-2.75850938196071
1.095	-2.768319381960709
1.096	-2.77812938196071
1.097	-2.787939381960709
1.098	-2.797749381960711
1.099	-2.807559381960709
1.1	-2.81736938196071
1.101	-2.827179381960709
1.102	-2.836989381960711
1.103	-2.84679938196071
1.104	-2.85660938196071
1.105	-2.866419381960709
1.106	-2.876229381960711
1.107	-2.88603938196071
1.108	-2.895849381960711
1.109	-2.905659381960709
1.11	-2.91546938196071
1.111	-2.925279381960709
1.112	-2.935089381960711
1.113	-2.94489938196071
1.114	-2.95470938196071
1.115	-2.964519381960709
1.116	-2.974329381960711
1.117	-2.98413938196071
1.118	-2.993949381960711
1.119	-3.00375938196071
1.12	-3.013569381960711
1.121	-3.02337938196071
1.122	-3.033189381960711
1.123	-3.04299938196071
1.124	-3.052809381960711
1.125	-3.062619381960709
1.126	-3.072429381960711
1.127	-3.08223938196071
1.128	-3.092049381960711
1.129	-3.10185938196071
1.13	-3.111669381960711
1.131	-3.12147938196071
1.132	-3.131289381960711
1.133	-3.14109938196071
1.134	-3.150909381960711
1.135	-3.16071938196071
1.136	-3.170529381960711
1.137	-3.18033938196071
1.138	-3.190149381960711
1.139	-3.19995938196071
1.14	-3.209769381960711
1.141	-3.21957938196071
1.142	-3.229389381960711
1.143	-3.23919938196071
1.144	-3.249009381960711
1.145	-3.25881938196071
1.146	-3.268629381960711
1.147	-3.27843938196071
1.148	-3.288249381960711
1.149	-3.29805938196071
1.15	-3.307869381960711
1.151	-3.31767938196071
1.152	-3.327489381960711
1.153	-3.33729938196071
1.154	-3.347109381960709
1.155	-3.35691938196071
1.156	-3.366729381960709
1.157	-3.37653938196071
1.158	-3.386349381960709
1.159	-3.39615938196071
1.16	-3.405969381960709
1.161	-3.41577938196071
1.162	-3.425589381960709
1.163	-3.43539938196071
1.164	-3.445209381960709
1.165	-3.45501938196071
1.166	-3.464829381960709
1.167	-3.47463938196071
1.168	-3.484449381960709
1.169	-3.49425938196071
1.17	-3.504069381960709
1.171	-3.51387938196071
1.172	-3.523689381960709
1.173	-3.53349938196071
1.174	-3.543309381960709
1.175	2.827206311209732
1.176	2.817396311209733
1.177	2.807586311209731
1.178	2.797776311209733
1.179	2.787966311209732
1.18	2.778156311209733
1.181	2.768346311209732
1.182	2.758536311209733
1.183	2.748726311209732
1.184	2.738916311209733
1.185	2.729106311209732
1.186	2.719296311209733
1.187	2.709486311209731
1.188	2.699676311209733
1.189	2.689866311209732
1.19	2.680056311209733
1.191	2.670246311209731
1.192	2.660436311209732
1.193	2.650626311209732
1.194	2.640816311209733
1.195	2.631006311209731
1.196	2.621196311209733
1.197	2.611386311209731
1.198	2.601576311209732
1.199	2.591766311209732
1.2	2.581956311209733
1.201	2.572146311209731
1.202	2.562336311209732
1.203	2.552526311209732
1.204	2.542716311209733
1.205	2.532906311209731
1.206	2.523096311209732
1.207	2.513286311209731
1.208	2.503476311209732
1.209	2.493666311209731
1.21	2.483856311209732
1.211	2.474046311209731
1.212	2.464236311209732
1.213	2.454426311209731
1.214	2.444616311209733
1.215	2.434806311209731
1.216	2.424996311209732
1.217	2.415186311209731
1.218	2.405376311209732
1.219	2.395566311209731
1.22	2.385756311209732
1.221	2.375946311209731
1.222	2.366136311209732
1.223	2.356326311209731
1.224	2.346516311209732
1.225	2.336706311209731
1.226	2.326896311209732
1.227	2.317086311209731
1.228	2.307276311209732
1.229	2.297466311209731
1.23	2.287656311209732
1.231	2.277846311209731
1.232	2.268036311209732
1.233	2.258226311209731
1.234	2.248416311209732
1.235	2.238606311209731
1.236	2.228796311209732
1.237	2.218986311209731
1.238	2.209176311209732
1.239	2.199366311209731
1.24	2.189556311209732
1.241	2.179746311209731
1.242	2.169936311209732
1.243	2.160126311209731
1.244	2.150316311209732
1.245	2.140506311209731
1.246	2.130696311209732
1.247	2.120886311209731
1.248	2.111076311209732
1.249	2.101266311209731
1.25	2.091456311209732
1.251	2.081646311209731
1.252	2.071836311209732
1.253	2.062026311209731
1.254	2.052216311209732
1.255	2.042406311209731
1.256	2.032596311209732
1.257	2.022786311209731
1.258	2.012976311209732
1.259	2.003166311209731
1.26	1.993356311209732
1.261	1.983546311209731
1.262	1.973736311209732
1.263	1.963926311209731
1.264	1.954116311209732
1.265	1.944306311209731
1.266	1.934496311209732
1.267	1.924686311209731
1.268	1.914876311209732
1.269	1.905066311209731
1.27	1.895256311209732
1.271	1.885446311209731
1.272	1.875636311209732
1.273	1.865826311209731
1.274	1.856016311209732
1.275	1.846206311209731
1.276	1.836396311209732
1.277	1.826586311209731
1.278	1.816776311209732
1.279	1.806966311209731
1.28	1.797156311209732
1.281	1.787346311209733
1.282	1.777536311209732
1.283	1.767726311209733
1.284	1.757916311209732
1.285	1.748106311209733
1.286	1.738296311209732
1.287	1.728486311209733
1.288	1.718676311209732
1.289	1.708866311209733
1.29	1.699056311209732
1.291	1.689246311209733
1.292	1.679436311209732
1.293	1.669626311209733
1.294	1.659816311209732
1.295	1.650006311209733
1.296	1.640196311209732
1.297	1.630386311209733
1.298	1.620576311209732
1.299	1.610766311209733
1.3	1.600956311209732
1.301	1.591146311209733
1.302	1.581336311209732
1.303	1.571526311209733
1.304	1.561716311209732
1.305	1.551906311209733
1.306	1.542096311209731
1.307	1.532286311209733
1.308	1.522476311209731
1.309	1.512666311209732
1.31	1.502856311209732
1.311	1.493046311209733
1.312	1.483236311209732
1.313	1.473426311209733
1.314	1.463616311209732
1.315	1.453806311209733
1.316	1.443996311209731
1.317	1.434186311209733
1.318	1.424376311209731
1.319	1.414566311209732
1.32	1.404756311209731
1.321	1.394946311209732
1.322	1.385136311209731
1.323	1.375326311209732
1.324	1.365516311209731
1.325	1.355706311209733
1.326	1.345896311209731
1.327	1.336086311209733
1.328	1.326276311209731
1.329	1.316466311209732
1.33	1.306656311209731
1.331	1.296846311209732
1.332	1.287036311209731
1.333	1.277226311209732
1.334	1.267416311209731
1.335	1.257606311209732
1.336	1.247796311209731
1.337	1.237986311209732
1.338	1.228176311209731
1.339	1.218366311209732
1.34	1.208556311209731
1.341	1.198746311209732
1.342	1.188936311209731
1.343	1.179126311209732
1.344	1.169316311209731
1.345	1.159506311209732
1.346	1.149696311209731
1.347	1.139886311209732
1.348	1.130076311209731
1.349	1.120266311209732
1.35	1.110456311209731
1.351	1.100646311209732
1.352	1.090836311209731
1.353	1.081026311209732
1.354	1.071216311209731
1.355	1.061406311209732
1.356	1.051596311209731
1.357	1.041786311209732
1.358	1.031976311209731
1.359	1.022166311209732
1.36	1.012356311209731
1.361	1.002546311209732
1.362	0.992736311209731
1.363	0.9829263112097321
1.364	0.973116311209731
1.365	0.9633063112097321
1.366	0.953496311209731
1.367	0.9436863112097321
1.368	0.933876311209731
1.369	0.924066311209732
1.37	0.9142563112097309
1.371	0.9044463112097321
1.372	0.894636311209731
1.373	0.884826311209732
1.374	0.8750163112097309
1.375	0.865206311209732
1.376	0.8553963112097309
1.377	0.8455863112097319
1.378	0.8357763112097308
1.379	0.825966311209732
1.38	0.8161563112097309
1.381	0.806346311209732
1.382	0.7965363112097309
1.383	0.7867263112097319
1.384	0.7769163112097308
1.385	0.7671063112097319
1.386	0.7572963112097308
1.387	0.7474863112097319
1.388	0.7376763112097308
1.389	0.7278663112097319
1.39	0.7180563112097308
1.391	0.7082463112097318
1.392	0.6984363112097307
1.393	0.6886263112097318
1.394	0.6788163112097307
1.395	0.6690063112097319
1.396	0.6591963112097308
1.397	0.6493863112097318
1.398	0.6395763112097307
1.399	0.6297663112097318
1.4	0.6199563112097307
1.401	0.6101463112097317
1.402	0.6003363112097306
1.403	0.5905263112097318
1.404	0.5807163112097307
1.405	0.5709063112097317
1.406	0.5610963112097306
1.407	0.5512863112097317
1.408	0.5414763112097328
1.409	0.5316663112097317
1.41	0.5218563112097327
1.411	0.5120463112097317
1.412	0.5022363112097328
1.413	0.4924263112097316
1.414	0.4826163112097328
1.415	0.4728063112097317
1.416	0.4629963112097327
1.417	0.4531863112097316
1.418	0.4433763112097327
1.419	0.4335663112097316
1.42	0.4237563112097327
1.421	0.4139463112097316
1.422	0.4041363112097326
1.423	0.3943263112097316
1.424	0.3845163112097326
1.425	0.3747063112097315
1.426	0.3648963112097326
1.427	0.3550863112097315
1.428	0.3452763112097326
1.429	0.3354663112097315
1.43	0.3256563112097326
1.431	0.3158463112097315
1.432	0.3060363112097326
1.433	0.2962263112097315
1.434	0.2864163112097325
1.435	0.2766063112097314
1.436	0.2667963112097325
1.437	0.2569863112097314
1.438	0.2471763112097325
1.439	0.2373663112097314
1.44	0.2275563112097325
1.441	0.2177463112097314
1.442	0.2079363112097325
1.443	0.1981263112097314
1.444	0.1883163112097324
1.445	0.1785063112097313
1.446	0.1686963112097324
1.447	0.1588863112097313
1.448	0.1490763112097324
1.449	0.1392663112097313
1.45	0.1294563112097324
1.451	0.1196463112097313
1.452	0.1098363112097324
1.453	0.1000263112097313
1.454	0.09021631120973236
1.455	0.08040631120973125
1.456	0.07059631120973234
1.457	0.06078631120973124
1.458	0.05097631120973233
1.459	0.04116631120973122
1.46	0.03135631120973231
1.461	0.02154631120973121
1.462	0.01173631120973228
1.463	0.001926311209731187
1.464	-0.007883688790267733
1.465	-0.01769368879026883
1.466	-0.02750368879026775
1.467	-0.03731368879026885
1.468	-0.04712368879026777
1.469	-0.05693368879026887
1.47	-0.06674368879026779
1.471	-0.07655368879026889
1.472	-0.0863636887902678
1.473	-0.0961736887902689
1.474	-0.1059836887902678
1.475	-0.1157936887902689
1.476	-0.1256036887902678
1.477	-0.1354136887902689
1.478	-0.1452236887902679
1.479	-0.155033688790269
1.48	-0.1648436887902679
1.481	-0.174653688790269
1.482	-0.1844636887902679
1.483	-0.194273688790269
1.484	-0.2040836887902679
1.485	-0.213893688790269
1.486	-0.2237036887902679
1.487	-0.233513688790269
1.488	-0.2433236887902679
1.489	-0.253133688790269
1.49	-0.262943688790268
1.491	-0.2727536887902691
1.492	-0.282563688790268
1.493	-0.2923736887902691
1.494	-0.302183688790268
1.495	-0.3119936887902691
1.496	-0.321803688790268
1.497	-0.3316136887902691
1.498	-0.341423688790268
1.499	-0.3512336887902692
1.5	-0.361043688790268
1.501	-0.3708536887902691
1.502	-0.3806636887902681
1.503	-0.3904736887902692
1.504	-0.4002836887902681
1.505	-0.4100936887902692
1.506	-0.4199036887902681
1.507	-0.4297136887902692
1.508	-0.4395236887902682
1.509	-0.4493336887902692
1.51	-0.4591436887902682
1.511	-0.4689536887902693
1.512	-0.4787636887902681
1.513	-0.4885736887902693
1.514	-0.4983836887902682
1.515	-0.5081936887902693
1.516	-0.5180036887902683
1.517	-0.5278136887902694
1.518	-0.5376236887902682
1.519	-0.5474336887902693
1.52	-0.5572436887902682
1.521	-0.5670536887902693
1.522	-0.5768636887902683
1.523	-0.5866736887902694
1.524	-0.5964836887902683
1.525	-0.6062936887902693
1.526	-0.6161036887902683
1.527	-0.6259136887902694
1.528	-0.6357236887902683
1.529	-0.6455336887902694
1.53	-0.6553436887902684
1.531	-0.6651536887902695
1.532	-0.6749636887902684
1.533	-0.6847736887902695
1.534	-0.6945836887902683
1.535	-0.7043936887902694
1.536	-0.7142036887902684
1.537	-0.7240136887902673
1.538	-0.7338236887902684
1.539	-0.7436336887902674
1.54	-0.7534436887902685
1.541	-0.7632536887902673
1.542	-0.7730636887902684
1.543	-0.7828736887902674
1.544	-0.7926836887902685
1.545	-0.8024936887902674
1.546	-0.8123036887902685
1.547	-0.8221136887902674
1.548	-0.8319236887902685
1.549	-0.8417336887902674
1.55	-0.8515436887902685
1.551	-0.8613536887902674
1.552	-0.8711636887902685
1.553	-0.8809736887902675
1.554	-0.8907836887902686
1.555	-0.9005936887902675
1.556	-0.9104036887902686
1.557	-0.9202136887902675
1.558	-0.9300236887902686
1.559	-0.9398336887902675
1.56	-0.9496436887902686
1.561	-0.9594536887902675
1.562	-0.9692636887902686
1.563	-0.9790736887902676
1.564	-0.9888836887902687
1.565	-0.9986936887902675
1.566	-1.008503688790269
1.567	-1.018313688790268
1.568	-1.028123688790269
1.569	-1.037933688790268
1.57	-1.047743688790269
1.571	-1.057553688790268
1.572	-1.067363688790269
1.573	-1.077173688790268
1.574	-1.086983688790269
1.575	-1.096793688790268
1.576	-1.106603688790269
1.577	-1.116413688790268
1.578	-1.126223688790269
1.579	-1.136033688790268
1.58	-1.145843688790269
1.581	-1.155653688790268
1.582	-1.165463688790269
1.583	-1.175273688790268
1.584	-1.185083688790269
1.585	-1.194893688790268
1.586	-1.204703688790269
1.587	-1.214513688790268
1.588	-1.224323688790269
1.589	-1.234133688790268
1.59	-1.243943688790269
1.591	-1.253753688790268
1.592	-1.263563688790269
1.593	-1.273373688790268
1.594	-1.283183688790269
1.595	-1.292993688790268
1.596	-1.302803688790269
1.597	-1.312613688790268
1.598	-1.322423688790269
1.599	-1.332233688790268
1.6	-1.342043688790269
1.601	-1.351853688790268
1.602	-1.361663688790269
1.603	-1.371473688790268
1.604	-1.381283688790269
1.605	-1.391093688790268
1.606	-1.400903688790269
1.607	-1.410713688790268
1.608	-1.420523688790269
1.609	-1.430333688790268
1.61	-1.440143688790269
1.611	-1.449953688790268
1.612	-1.459763688790269
1.613	-1.469573688790268
1.614	-1.479383688790269
1.615	-1.489193688790268
1.616	-1.499003688790269
1.617	-1.508813688790268
1.618	-1.518623688790269
1.619	-1.528433688790268
1.62	-1.538243688790269
1.621	-1.548053688790268
1.622	-1.557863688790269
1.623	-1.567673688790268
1.624	-1.577483688790269
1.625	-1.587293688790268
1.626	-1.597103688790269
1.627	-1.606913688790268
1.628	-1.616723688790269
1.629	-1.626533688790268
1.63	-1.636343688790269
1.631	-1.646153688790268
1.632	-1.655963688790269
1.633	-1.665773688790268
1.634	-1.675583688790269
1.635	-1.685393688790268
1.636	-1.695203688790269
1.637	-1.705013688790268
1.638	-1.714823688790269
1.639	-1.724633688790268
1.64	-1.734443688790269
1.641	-1.744253688790268
1.642	-1.754063688790269
1.643	-1.763873688790268
1.644	-1.773683688790269
1.645	-1.783493688790268
1.646	-1.793303688790269
1.647	-1.803113688790268
1.648	-1.812923688790269
1.649	-1.822733688790268
1.65	-1.83254368879027
1.651	-1.842353688790268
1.652	-1.852163688790269
1.653	-1.861973688790268
1.654	-1.871783688790269
1.655	-1.881593688790268
1.656	-1.891403688790269
1.657	-1.901213688790268
1.658	-1.91102368879027
1.659	-1.920833688790268
1.66	-1.93064368879027
1.661	-1.940453688790268
1.662	-1.95026368879027
1.663	-1.960073688790269
1.664	-1.96988368879027
1.665	-1.979693688790269
1.666	-1.989503688790268
1.667	-1.999313688790268
1.668	-2.009123688790267
1.669	-2.018933688790268
1.67	-2.028743688790267
1.671	-2.038553688790269
1.672	-2.048363688790268
1.673	-2.058173688790268
1.674	-2.067983688790267
1.675	-2.077793688790269
1.676	-2.087603688790268
1.677	-2.097413688790269
1.678	-2.107223688790267
1.679	-2.117033688790269
1.68	-2.126843688790268
1.681	-2.136653688790269
1.682	-2.146463688790268
1.683	-2.156273688790268
1.684	-2.166083688790267
1.685	-2.175893688790269
1.686	-2.185703688790268
1.687	-2.195513688790269
1.688	-2.205323688790267
1.689	-2.215133688790269
1.69	-2.224943688790268
1.691	-2.234753688790269
1.692	-2.244563688790268
1.693	-2.254373688790269
1.694	-2.264183688790268
1.695	-2.273993688790269
1.696	-2.283803688790268
1.697	-2.293613688790269
1.698	-2.303423688790268
1.699	-2.313233688790269
1.7	-2.323043688790268
1.701	-2.332853688790269
1.702	-2.342663688790268
1.703	-2.352473688790269
1.704	-2.362283688790268
1.705	-2.372093688790269
1.706	-2.381903688790268
1.707	-2.391713688790269
1.708	-2.401523688790268
1.709	-2.411333688790269
1.71	-2.421143688790268
1.711	-2.430953688790269
1.712	-2.440763688790268
1.713	-2.450573688790269
1.714	-2.460383688790268
1.715	-2.470193688790269
1.716	-2.480003688790268
1.717	-2.489813688790269
1.718	-2.499623688790268
1.719	-2.509433688790269
1.72	-2.519243688790268
1.721	-2.529053688790269
1.722	-2.538863688790268
1.723	-2.548673688790269
1.724	-2.558483688790268
1.725	-2.568293688790269
1.726	-2.578103688790268
1.727	-2.587913688790269
1.728	-2.597723688790268
1.729	-2.607533688790269
1.73	-2.617343688790268
1.731	-2.627153688790269
1.732	-2.636963688790268
1.733	-2.646773688790269
1.734	-2.656583688790268
1.735	-2.666393688790269
1.736	-2.676203688790268
1.737	-2.686013688790269
1.738	-2.695823688790268
1.739	-2.705633688790269
1.74	-2.715443688790268
1.741	-2.725253688790269
1.742	-2.735063688790268
1.743	-2.744873688790269
1.744	-2.754683688790268
1.745	-2.764493688790269
1.746	-2.774303688790268
1.747	-2.784113688790269
1.748	-2.793923688790268
1.749	-2.803733688790269
1.75	-2.813543688790268
1.751	-2.823353688790269
1.752	-2.833163688790268
1.753	2.25980398606096
1.754	2.249993986060961
1.755	2.24018398606096
1.756	2.230373986060961
1.757	2.22056398606096
1.758	2.210753986060961
1.759	2.20094398606096
1.76	2.191133986060961
1.761	2.18132398606096
1.762	2.171513986060961
1.763	2.16170398606096
1.764	2.151893986060961
1.765	2.14208398606096
1.766	2.132273986060961
1.767	2.12246398606096
1.768	2.112653986060961
1.769	2.10284398606096
1.77	2.093033986060961
1.771	2.08322398606096
1.772	2.073413986060961
1.773	2.06360398606096
1.774	2.053793986060961
1.775	2.04398398606096
1.776	2.034173986060961
1.777	2.02436398606096
1.778	2.014553986060961
1.779	2.00474398606096
1.78	1.994933986060961
1.781	1.98512398606096
1.782	1.975313986060961
1.783	1.96550398606096
1.784	1.955693986060961
1.785	1.94588398606096
1.786	1.936073986060961
1.787	1.92626398606096
1.788	1.916453986060961
1.789	1.90664398606096
1.79	1.896833986060961
1.791	1.88702398606096
1.792	1.877213986060961
1.793	1.867403986060962
1.794	1.857593986060961
1.795	1.847783986060962
1.796	1.837973986060961
1.797	1.828163986060962
1.798	1.818353986060961
1.799	1.808543986060962
1.8	1.798733986060961
1.801	1.788923986060962
1.802	1.779113986060961
1.803	1.769303986060962
1.804	1.759493986060961
1.805	1.749683986060962
1.806	1.739873986060961
1.807	1.730063986060962
1.808	1.720253986060961
1.809	1.710443986060962
1.81	1.700633986060961
1.811	1.690823986060962
1.812	1.681013986060961
1.813	1.671203986060962
1.814	1.661393986060961
1.815	1.651583986060962
1.816	1.641773986060961
1.817	1.631963986060962
1.818	1.622153986060961
1.819	1.612343986060962
1.82	1.602533986060961
1.821	1.592723986060962
1.822	1.582913986060961
1.823	1.573103986060962
1.824	1.56329398606096
1.825	1.553483986060962
1.826	1.543673986060961
1.827	1.533863986060962
1.828	1.524053986060961
1.829	1.514243986060962
1.83	1.504433986060961
1.831	1.494623986060962
1.832	1.484813986060961
1.833	1.475003986060962
1.834	1.46519398606096
1.835	1.455383986060962
1.836	1.44557398606096
1.837	1.435763986060961
1.838	1.42595398606096
1.839	1.416143986060961
1.84	1.40633398606096
1.841	1.396523986060962
1.842	1.386713986060961
1.843	1.376903986060962
1.844	1.36709398606096
1.845	1.357283986060962
1.846	1.34747398606096
1.847	1.337663986060961
1.848	1.32785398606096
1.849	1.318043986060961
1.85	1.30823398606096
1.851	1.298423986060961
1.852	1.28861398606096
1.853	1.278803986060961
1.854	1.26899398606096
1.855	1.259183986060961
1.856	1.24937398606096
1.857	1.239563986060961
1.858	1.22975398606096
1.859	1.219943986060961
1.86	1.21013398606096
1.861	1.200323986060961
1.862	1.19051398606096
1.863	1.180703986060961
1.864	1.17089398606096
1.865	1.161083986060961
1.866	1.15127398606096
1.867	1.141463986060961
1.868	1.13165398606096
1.869	1.121843986060961
1.87	1.11203398606096
1.871	1.102223986060961
1.872	1.09241398606096
1.873	1.082603986060961
1.874	1.07279398606096
1.875	1.062983986060961
1.876	1.05317398606096
1.877	1.043363986060961
1.878	1.03355398606096
1.879	1.023743986060961
1.88	1.01393398606096
1.881	1.004123986060961
1.882	0.99431398606096
1.883	0.9845039860609611
1.884	0.97469398606096
1.885	0.9648839860609612
1.886	0.9550739860609601
1.887	0.9452639860609611
1.888	0.93545398606096
1.889	0.9256439860609611
1.89	0.91583398606096
1.891	0.906023986060961
1.892	0.8962139860609599
1.893	0.886403986060961
1.894	0.87659398606096
1.895	0.8667839860609611
1.896	0.8569739860609599
1.897	0.847163986060961
1.898	0.8373539860609599
1.899	0.827543986060961
1.9	0.8177339860609599
1.901	0.8079239860609609
1.902	0.7981139860609598
1.903	0.788303986060961
1.904	0.7784939860609599
1.905	0.7686839860609609
1.906	0.7588739860609598
1.907	0.7490639860609609
1.908	0.7392539860609598
1.909	0.7294439860609609
1.91	0.7196339860609597
1.911	0.7098239860609609
1.912	0.7000139860609598
1.913	0.6902039860609609
1.914	0.6803939860609598
1.915	0.6705839860609608
1.916	0.6607739860609597
1.917	0.6509639860609608
1.918	0.6411539860609597
1.919	0.6313439860609608
1.92	0.6215339860609619
1.921	0.6117239860609608
1.922	0.6019139860609619
1.923	0.5921039860609608
1.924	0.5822939860609618
1.925	0.5724839860609607
1.926	0.5626739860609619
1.927	0.5528639860609608
1.928	0.5430539860609618
1.929	0.5332439860609607
1.93	0.5234339860609618
1.931	0.5136239860609607
1.932	0.5038139860609617
1.933	0.4940039860609607
1.934	0.4841939860609618
1.935	0.4743839860609607
1.936	0.4645739860609617
1.937	0.4547639860609606
1.938	0.4449539860609617
1.939	0.4351439860609606
1.94	0.4253339860609617
1.941	0.4155239860609606
1.942	0.4057139860609617
1.943	0.3959039860609606
1.944	0.3860939860609617
1.945	0.3762839860609606
1.946	0.3664739860609617
1.947	0.3566639860609606
1.948	0.3468539860609616
1.949	0.3370439860609605
1.95	0.3272339860609616
1.951	0.3174239860609605
1.952	0.3076139860609616
1.953	0.2978039860609605
1.954	0.2879939860609615
1.955	0.2781839860609605
1.956	0.2683739860609615
1.957	0.2585639860609604
1.958	0.2487539860609615
1.959	0.2389439860609604
1.96	0.2291339860609615
1.961	0.2193239860609604
1.962	0.2095139860609615
1.963	0.1997039860609604
1.964	0.1898939860609615
1.965	0.1800839860609604
1.966	0.1702739860609614
1.967	0.1604639860609604
1.968	0.1506539860609614
1.969	0.1408439860609604
1.97	0.1310339860609614
1.971	0.1212239860609603
1.972	0.1114139860609614
1.973	0.1016039860609603
1.974	0.09179398606096138
1.975	0.08198398606096029
1.976	0.07217398606096137
1.977	0.06236398606096027
1.978	0.05255398606096134
1.979	0.04274398606096025
1.98	0.03293398606096133
1.981	0.02312398606096023
1.982	0.01331398606096131
1.983	0.003503986060960212
1.984	-0.006306013939038708
1.985	-0.01611601393903981
1.986	-0.02592601393903873
1.987	-0.03573601393903982
1.988	-0.04554601393903875
1.989	-0.05535601393903984
1.99	-0.06516601393903876
1.991	-0.07497601393903987
1.992	-0.08478601393903878
1.993	-0.09459601393903988
1.994	-0.1044060139390388
1.995	-0.1142160139390399
1.996	-0.1240260139390388
1.997	-0.1338360139390399
1.998	-0.1436460139390388
1.999	-0.1534560139390399
2	-0.1632660139390389
2.001	-0.1730760139390378
2.002	-0.1828860139390411
2.003	-0.19269601393904
2.004	-0.2025060139390389
2.005	-0.2123160139390378
2.006	-0.2221260139390411
2.007	-0.23193601393904
2.008	-0.2417460139390389
2.009	-0.2515560139390379
2.01	-0.2613660139390411
2.011	-0.2711760139390401
2.012	-0.280986013939039
2.013	-0.2907960139390379
2.014	-0.3006060139390412
2.015	-0.3104160139390401
2.016	-0.320226013939039
2.017	-0.3300360139390379
2.018	-0.3398460139390412
2.019	-0.3496560139390401
2.02	-0.359466013939039
2.021	-0.369276013939038
2.022	-0.3790860139390412
2.023	-0.3888960139390402
2.024	-0.3987060139390391
2.025	-0.408516013939038
2.026	-0.4183260139390413
2.027	-0.4281360139390402
2.028	-0.4379460139390391
2.029	-0.447756013939038
2.03	-0.4575660139390413
2.031	-0.4673760139390402
2.032	-0.4771860139390391
2.033	-0.4869960139390381
2.034	-0.4968060139390413
2.035	-0.5066160139390403
2.036	-0.5164260139390392
2.037	-0.5262360139390381
2.038	-0.5360460139390414
2.039	-0.5458560139390403
2.04	-0.5556660139390392
2.041	-0.5654760139390381
2.042	-0.5752860139390414
2.043	-0.5850960139390403
2.044	-0.5949060139390393
2.045	-0.6047160139390382
2.046	-0.6145260139390415
2.047	-0.6243360139390404
2.048	-0.6341460139390392
2.049	-0.6439560139390382
2.05	-0.6537660139390371
2.051	-0.6635760139390404
2.052	-0.6733860139390393
2.053	-0.6831960139390383
2.054	-0.6930060139390372
2.055	-0.7028160139390405
2.056	-0.7126260139390393
2.057	-0.7224360139390383
2.058	-0.7322460139390372
2.059	-0.7420560139390405
2.06	-0.7518660139390394
2.061	-0.7616760139390383
2.062	-0.7714860139390373
2.063	-0.7812960139390406
2.064	-0.7911060139390395
2.065	-0.8009160139390383
2.066	-0.8107260139390373
2.067	-0.8205360139390405
2.068	-0.8303460139390395
2.069	-0.8401560139390384
2.07	-0.8499660139390374
2.071	-0.8597760139390406
2.072	-0.8695860139390396
2.073	-0.8793960139390384
2.074	-0.8892060139390373
2.075	-0.8990160139390406
2.076	-0.9088260139390395
2.077	-0.9186360139390385
2.078	-0.9284460139390374
2.079	-0.9382560139390407
2.08	-0.9480660139390396
2.081	-0.9578760139390385
2.082	-0.9676860139390374
2.083	-0.9774960139390407
2.084	-0.9873060139390396
2.085	-0.9971160139390386
2.086	-1.006926013939037
2.087	-1.016736013939041
2.088	-1.02654601393904
2.089	-1.036356013939039
2.09	-1.046166013939037
2.091	-1.055976013939041
2.092	-1.06578601393904
2.093	-1.075596013939039
2.094	-1.085406013939038
2.095	-1.095216013939041
2.096	-1.10502601393904
2.097	-1.114836013939039
2.098	-1.124646013939038
2.099	-1.134456013939041
2.1	-1.14426601393904
2.101	-1.154076013939039
2.102	-1.163886013939038
2.103	-1.173696013939041
2.104	-1.18350601393904
2.105	-1.193316013939039
2.106	-1.203126013939038
2.107	-1.212936013939041
2.108	-1.22274601393904
2.109	-1.232556013939039
2.11	-1.242366013939038
2.111	-1.252176013939041
2.112	-1.26198601393904
2.113	-1.271796013939039
2.114	-1.281606013939038
2.115	-1.291416013939041
2.116	-1.30122601393904
2.117	-1.311036013939039
2.118	-1.320846013939038
2.119	-1.330656013939041
2.12	-1.34046601393904
2.121	-1.350276013939039
2.122	-1.360086013939038
2.123	-1.369896013939041
2.124	-1.37970601393904
2.125	-1.389516013939039
2.126	-1.399326013939038
2.127	-1.409136013939041
2.128	-1.41894601393904
2.129	-1.428756013939039
2.13	-1.438566013939038
2.131	-1.448376013939041
2.132	-1.45818601393904
2.133	-1.467996013939039
2.134	-1.477806013939038
2.135	-1.487616013939041
2.136	-1.49742601393904
2.137	-1.507236013939039
2.138	-1.517046013939038
2.139	-1.526856013939041
2.14	-1.53666601393904
2.141	-1.546476013939039
2.142	-1.556286013939038
2.143	-1.566096013939041
2.144	-1.57590601393904
2.145	-1.585716013939039
2.146	-1.595526013939038
2.147	-1.605336013939041
2.148	-1.61514601393904
2.149	-1.624956013939039
2.15	-1.634766013939038
2.151	-1.644576013939041
2.152	-1.65438601393904
2.153	-1.664196013939039
2.154	-1.674006013939038
2.155	-1.683816013939041
2.156	-1.69362601393904
2.157	-1.703436013939039
2.158	-1.713246013939038
2.159	-1.723056013939041
2.16	-1.73286601393904
2.161	-1.742676013939039
2.162	-1.752486013939038
2.163	-1.762296013939041
2.164	-1.77210601393904
2.165	-1.781916013939039
2.166	-1.791726013939038
2.167	-1.801536013939042
2.168	-1.81134601393904
2.169	-1.821156013939039
2.17	-1.830966013939038
2.171	-1.840776013939041
2.172	-1.85058601393904
2.173	-1.860396013939039
2.174	-1.870206013939038
2.175	-1.880016013939042
2.176	-1.88982601393904
2.177	-1.899636013939039
2.178	-1.909446013939038
2.179	-1.919256013939037
2.18	-1.929066013939041
2.181	-1.93887601393904
2.182	-1.948686013939038
2.183	-1.958496013939037
2.184	-1.96830601393904
2.185	-1.978116013939039
2.186	-1.987926013939038
2.187	-1.997736013939037
2.188	-2.007546013939041
2.189	-2.01735601393904
2.19	-2.027166013939039
2.191	-2.036976013939037
2.192	-2.046786013939041
2.193	-2.05659601393904
2.194	-2.066406013939039
2.195	-2.076216013939038
2.196	-2.086026013939041
2.197	-2.09583601393904
2.198	-2.105646013939038
2.199	-2.115456013939037
2.2	-2.125266013939041
2.201	-2.135076013939039
2.202	-2.144886013939038
2.203	-2.154696013939037
2.204	-2.164506013939041
2.205	-2.17431601393904
2.206	-2.184126013939038
2.207	-2.193936013939037
2.208	-2.203746013939041
2.209	-2.21355601393904
2.21	-2.223366013939039
2.211	-2.233176013939038
2.212	-2.242986013939041
2.213	-2.25279601393904
2.214	-2.262606013939039
2.215	1.81016748180351
2.216	1.800357481803506
2.217	1.790547481803507
2.218	1.780737481803508
2.219	1.77092748180351
2.22	1.761117481803506
2.221	1.751307481803507
2.222	1.741497481803508
2.223	1.73168748180351
2.224	1.721877481803506
2.225	1.712067481803507
2.226	1.702257481803509
2.227	1.69244748180351
2.228	1.682637481803506
2.229	1.672827481803507
2.23	1.663017481803508
2.231	1.653207481803509
2.232	1.643397481803506
2.233	1.633587481803507
2.234	1.623777481803508
2.235	1.613967481803509
2.236	1.604157481803506
2.237	1.594347481803507
2.238	1.584537481803508
2.239	1.57472748180351
2.24	1.564917481803506
2.241	1.555107481803507
2.242	1.545297481803508
2.243	1.535487481803509
2.244	1.525677481803506
2.245	1.515867481803507
2.246	1.506057481803508
2.247	1.496247481803509
2.248	1.486437481803506
2.249	1.476627481803507
2.25	1.466817481803508
2.251	1.457007481803509
2.252	1.447197481803506
2.253	1.437387481803507
2.254	1.427577481803508
2.255	1.417767481803509
2.256	1.407957481803506
2.257	1.398147481803507
2.258	1.388337481803508
2.259	1.378527481803509
2.26	1.368717481803506
2.261	1.358907481803507
2.262	1.349097481803508
2.263	1.339287481803509
2.264	1.329477481803506
2.265	1.319667481803507
2.266	1.309857481803508
2.267	1.300047481803509
2.268	1.290237481803506
2.269	1.280427481803507
2.27	1.270617481803508
2.271	1.260807481803509
2.272	1.250997481803506
2.273	1.241187481803507
2.274	1.231377481803508
2.275	1.221567481803509
2.276	1.211757481803506
2.277	1.201947481803507
2.278	1.192137481803508
2.279	1.182327481803509
2.28	1.172517481803506
2.281	1.162707481803507
2.282	1.152897481803508
2.283	1.143087481803509
2.284	1.133277481803506
2.285	1.123467481803507
2.286	1.113657481803508
2.287	1.103847481803509
2.288	1.094037481803506
2.289	1.084227481803507
2.29	1.074417481803508
2.291	1.064607481803509
2.292	1.054797481803506
2.293	1.044987481803507
2.294	1.035177481803508
2.295	1.025367481803509
2.296	1.015557481803506
2.297	1.005747481803507
2.298	0.9959374818035078
2.299	0.9861274818035088
2.3	0.9763174818035056
2.301	0.9665074818035067
2.302	0.9566974818035078
2.303	0.9468874818035088
2.304	0.9370774818035056
2.305	0.9272674818035066
2.306	0.9174574818035077
2.307	0.9076474818035088
2.308	0.8978374818035099
2.309	0.8880274818035065
2.31	0.8782174818035077
2.311	0.8684074818035088
2.312	0.8585974818035098
2.313	0.8487874818035066
2.314	0.8389774818035076
2.315	0.8291674818035087
2.316	0.8193574818035098
2.317	0.8095474818035066
2.318	0.7997374818035076
2.319	0.7899274818035087
2.32	0.7801174818035098
2.321	0.7703074818035065
2.322	0.7604974818035075
2.323	0.7506874818035086
2.324	0.7408774818035098
2.325	0.7310674818035064
2.326	0.7212574818035076
2.327	0.7114474818035086
2.328	0.7016374818035097
2.329	0.6918274818035064
2.33	0.6820174818035075
2.331	0.6722074818035085
2.332	0.6623974818035097
2.333	0.6525874818035063
2.334	0.6427774818035075
2.335	0.6329674818035086
2.336	0.6231574818035096
2.337	0.6133474818035063
2.338	0.6035374818035074
2.339	0.5937274818035085
2.34	0.5839174818035096
2.341	0.5741074818035063
2.342	0.5642974818035074
2.343	0.5544874818035085
2.344	0.5446774818035095
2.345	0.5348674818035063
2.346	0.5250574818035073
2.347	0.5152474818035084
2.348	0.5054374818035096
2.349	0.4956274818035062
2.35	0.4858174818035073
2.351	0.4760074818035084
2.352	0.4661974818035095
2.353	0.4563874818035062
2.354	0.4465774818035073
2.355	0.4367674818035083
2.356	0.4269574818035095
2.357	0.4171474818035061
2.358	0.4073374818035073
2.359	0.3975274818035083
2.36	0.3877174818035094
2.361	0.3779074818035061
2.362	0.3680974818035072
2.363	0.3582874818035083
2.364	0.3484774818035093
2.365	0.3386674818035061
2.366	0.3288574818035072
2.367	0.3190474818035082
2.368	0.3092374818035093
2.369	0.299427481803506
2.37	0.2896174818035071
2.371	0.2798074818035082
2.372	0.2699974818035093
2.373	0.260187481803506
2.374	0.2503774818035071
2.375	0.2405674818035082
2.376	0.2307574818035092
2.377	0.220947481803506
2.378	0.2111374818035071
2.379	0.2013274818035081
2.38	0.1915174818035092
2.381	0.1817074818035059
2.382	0.171897481803507
2.383	0.1620874818035081
2.384	0.1522774818035092
2.385	0.1424674818035059
2.386	0.132657481803507
2.387	0.1228474818035081
2.388	0.1130374818035091
2.389	0.1032274818035059
2.39	0.09341748180350694
2.391	0.08360748180350802
2.392	0.0737974818035091
2.393	0.06398748180350583
2.394	0.05417748180350691
2.395	0.04436748180350798
2.396	0.03455748180350907
2.397	0.02474748180350579
2.398	0.01493748180350687
2.399	0.005127481803507947
2.4	-0.004682518196490974
2.401	-0.01449251819649425
2.402	-0.02430251819649317
2.403	-0.03411251819649209
2.404	-0.04392251819649101
2.405	-0.05373251819649429
2.406	-0.0635425181964932
2.407	-0.07335251819649213
2.408	-0.08316251819649105
2.409	-0.09297251819649432
2.41	-0.1027825181964932
2.411	-0.1125925181964922
2.412	-0.1224025181964911
2.413	-0.1322125181964943
2.414	-0.1420225181964933
2.415	-0.1518325181964922
2.416	-0.1616425181964911
2.417	-0.1714525181964944
2.418	-0.1812625181964933
2.419	-0.1910725181964922
2.42	-0.2008825181964912
2.421	-0.2106925181964944
2.422	-0.2205025181964934
2.423	-0.2303125181964923
2.424	-0.2401225181964912
2.425	-0.2499325181964945
2.426	-0.2597425181964934
2.427	-0.2695525181964923
2.428	-0.2793625181964912
2.429	-0.2891725181964945
2.43	-0.2989825181964934
2.431	-0.3087925181964923
2.432	-0.3186025181964913
2.433	-0.3284125181964902
2.434	-0.3382225181964935
2.435	-0.3480325181964924
2.436	-0.3578425181964913
2.437	-0.3676525181964903
2.438	-0.3774625181964935
2.439	-0.3872725181964924
2.44	-0.3970825181964913
2.441	-0.4068925181964902
2.442	-0.4167025181964936
2.443	-0.4265125181964924
2.444	-0.4363225181964914
2.445	-0.4461325181964903
2.446	-0.4559425181964936
2.447	-0.4657525181964925
2.448	-0.4755625181964914
2.449	-0.4853725181964904
2.45	-0.4951825181964936
2.451	-0.5049925181964925
2.452	-0.5148025181964915
2.453	-0.5246125181964904
2.454	-0.5344225181964937
2.455	-0.5442325181964925
2.456	-0.5540425181964915
2.457	-0.5638525181964904
2.458	-0.5736625181964937
2.459	-0.5834725181964926
2.46	-0.5932825181964915
2.461	-0.6030925181964905
2.462	-0.6129025181964938
2.463	-0.6227125181964926
2.464	-0.6325225181964915
2.465	-0.6423325181964905
2.466	-0.6521425181964937
2.467	-0.6619525181964927
2.468	-0.6717625181964916
2.469	-0.6815725181964906
2.47	-0.6913825181964938
2.471	-0.7011925181964928
2.472	-0.7110025181964916
2.473	-0.7208125181964905
2.474	-0.7306225181964938
2.475	-0.7404325181964928
2.476	-0.7502425181964917
2.477	-0.7600525181964906
2.478	-0.7698625181964939
2.479	-0.7796725181964927
2.48	-0.7894825181964917
2.481	-0.7992925181964906
2.482	-0.8091025181964939
2.483	-0.8189125181964928
2.484	-0.8287225181964918
2.485	-0.8385325181964907
2.486	-0.848342518196494
2.487	-0.8581525181964929
2.488	-0.8679625181964918
2.489	-0.8777725181964907
2.49	-0.887582518196494
2.491	-0.8973925181964929
2.492	-0.9072025181964918
2.493	-0.9170125181964908
2.494	-0.926822518196494
2.495	-0.936632518196493
2.496	-0.9464425181964918
2.497	-0.9562525181964908
2.498	-0.966062518196494
2.499	-0.975872518196493
2.5	-0.9856825181964919
2.501	-0.9954925181964908
2.502	-1.005302518196494
2.503	-1.015112518196493
2.504	-1.024922518196492
2.505	-1.034732518196491
2.506	-1.044542518196494
2.507	-1.054352518196493
2.508	-1.064162518196492
2.509	-1.073972518196491
2.51	-1.083782518196494
2.511	-1.093592518196493
2.512	-1.103402518196492
2.513	-1.113212518196491
2.514	-1.123022518196494
2.515	-1.132832518196493
2.516	-1.142642518196492
2.517	-1.152452518196491
2.518	-1.162262518196494
2.519	-1.172072518196493
2.52	-1.181882518196492
2.521	-1.191692518196491
2.522	-1.201502518196494
2.523	-1.211312518196493
2.524	-1.221122518196492
2.525	-1.230932518196491
2.526	-1.240742518196494
2.527	-1.250552518196493
2.528	-1.260362518196492
2.529	-1.270172518196491
2.53	-1.279982518196494
2.531	-1.289792518196493
2.532	-1.299602518196492
2.533	-1.309412518196491
2.534	-1.319222518196494
2.535	-1.329032518196493
2.536	-1.338842518196492
2.537	-1.348652518196491
2.538	-1.358462518196494
2.539	-1.368272518196493
2.54	-1.378082518196492
2.541	-1.387892518196491
2.542	-1.397702518196494
2.543	-1.407512518196493
2.544	-1.417322518196492
2.545	-1.427132518196491
2.546	-1.436942518196495
2.547	-1.446752518196493
2.548	-1.456562518196492
2.549	-1.466372518196491
2.55	-1.476182518196494
2.551	-1.485992518196493
2.552	-1.495802518196492
2.553	-1.505612518196491
2.554	-1.515422518196495
2.555	-1.525232518196493
2.556	-1.535042518196492
2.557	-1.544852518196491
2.558	-1.554662518196495
2.559	-1.564472518196494
2.56	-1.574282518196492
2.561	-1.584092518196491
2.562	-1.59390251819649
2.563	-1.603712518196494
2.564	-1.613522518196493
2.565	-1.623332518196491
2.566	-1.63314251819649
2.567	-1.642952518196494
2.568	-1.652762518196492
2.569	-1.662572518196491
2.57	-1.67238251819649
2.571	-1.682192518196494
2.572	-1.692002518196493
2.573	-1.701812518196491
2.574	-1.71162251819649
2.575	-1.721432518196494
2.576	-1.731242518196493
2.577	-1.741052518196492
2.578	-1.750862518196491
2.579	-1.760672518196494
2.58	-1.770482518196493
2.581	-1.780292518196491
2.582	-1.79010251819649
2.583	-1.799912518196494
2.584	-1.809722518196493
2.585	1.444857686845
2.586	1.435047686845001
2.587	1.425237686844998
2.588	1.415427686844999
2.589	1.405617686845
2.59	1.395807686845001
2.591	1.385997686844998
2.592	1.376187686844999
2.593	1.366377686845
2.594	1.356567686845001
2.595	1.346757686844998
2.596	1.336947686844999
2.597	1.327137686845
2.598	1.317327686845001
2.599	1.307517686844998
2.6	1.297707686844999
2.601	1.287897686845
2.602	1.278087686845001
2.603	1.268277686844998
2.604	1.258467686844999
2.605	1.248657686845
2.606	1.238847686845001
2.607	1.229037686844998
2.608	1.219227686844999
2.609	1.209417686845
2.61	1.199607686845001
2.611	1.189797686844998
2.612	1.179987686844999
2.613	1.170177686845
2.614	1.160367686845001
2.615	1.150557686844998
2.616	1.140747686844999
2.617	1.130937686845
2.618	1.121127686845001
2.619	1.111317686844998
2.62	1.101507686844999
2.621	1.091697686845
2.622	1.081887686845001
2.623	1.072077686844998
2.624	1.062267686844999
2.625	1.052457686845
2.626	1.042647686845001
2.627	1.032837686844998
2.628	1.023027686844999
2.629	1.013217686845
2.63	1.003407686845001
2.631	0.9935976868449977
2.632	0.9837876868449987
2.633	0.9739776868449999
2.634	0.9641676868450009
2.635	0.9543576868449977
2.636	0.9445476868449987
2.637	0.9347376868449998
2.638	0.9249276868450009
2.639	0.9151176868449976
2.64	0.9053076868449987
2.641	0.8954976868449998
2.642	0.8856876868450009
2.643	0.8758776868449976
2.644	0.8660676868449987
2.645	0.8562576868449997
2.646	0.8464476868450008
2.647	0.8366376868449975
2.648	0.8268276868449986
2.649	0.8170176868449996
2.65	0.8072076868450008
2.651	0.7973976868449975
2.652	0.7875876868449986
2.653	0.7777776868449997
2.654	0.7679676868450007
2.655	0.7581576868449975
2.656	0.7483476868449985
2.657	0.7385376868449997
2.658	0.7287276868450007
2.659	0.7189176868449975
2.66	0.7091076868449985
2.661	0.6992976868449996
2.662	0.6894876868450006
2.663	0.6796776868449974
2.664	0.6698676868449984
2.665	0.6600576868449995
2.666	0.6502476868450007
2.667	0.6404376868449974
2.668	0.6306276868449985
2.669	0.6208176868449995
2.67	0.6110076868450006
2.671	0.6011976868449973
2.672	0.5913876868449984
2.673	0.5815776868449994
2.674	0.5717676868450006
2.675	0.5619576868449973
2.676	0.5521476868449984
2.677	0.5423376868449994
2.678	0.5325276868450005
2.679	0.5227176868449972
2.68	0.5129076868449983
2.681	0.5030976868449994
2.682	0.4932876868450005
2.683	0.4834776868449972
2.684	0.4736676868449983
2.685	0.4638576868449993
2.686	0.4540476868450005
2.687	0.4442376868449971
2.688	0.4344276868449983
2.689	0.4246176868449993
2.69	0.4148076868450004
2.691	0.4049976868450015
2.692	0.3951876868449982
2.693	0.3853776868449993
2.694	0.3755676868450004
2.695	0.3657576868450014
2.696	0.3559476868449982
2.697	0.3461376868449992
2.698	0.3363276868450004
2.699	0.3265176868450014
2.7	0.3167076868449981
2.701	0.3068976868449992
2.702	0.2970876868450003
2.703	0.2872776868450014
2.704	0.2774676868449981
2.705	0.2676576868449992
2.706	0.2578476868450003
2.707	0.2480376868450014
2.708	0.2382276868449981
2.709	0.2284176868449991
2.71	0.2186076868450002
2.711	0.2087976868450013
2.712	0.198987686844998
2.713	0.1891776868449991
2.714	0.1793676868450002
2.715	0.1695576868450013
2.716	0.159747686844998
2.717	0.1499376868449991
2.718	0.1401276868450002
2.719	0.1303176868450012
2.72	0.1205076868449979
2.721	0.110697686844999
2.722	0.1008876868450001
2.723	0.0910776868450012
2.724	0.08126768684499792
2.725	0.07145768684499899
2.726	0.06164768684500008
2.727	0.05183768684500116
2.728	0.04202768684499788
2.729	0.03221768684499896
2.73	0.02240768684500004
2.731	0.01259768684500112
2.732	0.002787686844997845
2.733	-0.007022313155001075
2.734	-0.01683231315499999
2.735	-0.02664231315499891
2.736	-0.03645231315500219
2.737	-0.04626231315500111
2.738	-0.05607231315500003
2.739	-0.06588231315499896
2.74	-0.07569231315500223
2.741	-0.08550231315500115
2.742	-0.09531231315500006
2.743	-0.105122313154999
2.744	-0.1149323131550023
2.745	-0.1247423131550012
2.746	-0.1345523131550001
2.747	-0.144362313154999
2.748	-0.1541723131550023
2.749	-0.1639823131550012
2.75	-0.1737923131550002
2.751	-0.1836023131549991
2.752	-0.1934123131550023
2.753	-0.2032223131550012
2.754	-0.2130323131550002
2.755	-0.2228423131549991
2.756	-0.2326523131550024
2.757	-0.2424623131550013
2.758	-0.2522723131550002
2.759	-0.2620823131549991
2.76	-0.2718923131550024
2.761	-0.2817023131550013
2.762	-0.2915123131550003
2.763	-0.3013223131549992
2.764	-0.3111323131550024
2.765	-0.3209423131550014
2.766	-0.3307523131550003
2.767	-0.3405623131549992
2.768	-0.3503723131550025
2.769	-0.3601823131550014
2.77	-0.3699923131550003
2.771	-0.3798023131549992
2.772	-0.3896123131550025
2.773	-0.3994223131550014
2.774	-0.4092323131550004
2.775	-0.4190423131549993
2.776	-0.4288523131550026
2.777	-0.4386623131550015
2.778	-0.4484723131550004
2.779	-0.4582823131549993
2.78	-0.4680923131550026
2.781	-0.4779023131550015
2.782	-0.4877123131550004
2.783	-0.4975223131549993
2.784	-0.5073323131550026
2.785	-0.5171423131550016
2.786	-0.5269523131550005
2.787	-0.5367623131549994
2.788	-0.5465723131550027
2.789	-0.5563823131550016
2.79	-0.5661923131550005
2.791	-0.5760023131549994
2.792	-0.5858123131550027
2.793	-0.5956223131550016
2.794	-0.6054323131550006
2.795	-0.6152423131549994
2.796	-0.6250523131550028
2.797	-0.6348623131550016
2.798	-0.6446723131550006
2.799	-0.6544823131549995
2.8	-0.6642923131550028
2.801	-0.6741023131550017
2.802	-0.6839123131550007
2.803	-0.6937223131549995
2.804	-0.7035323131550029
2.805	-0.7133423131550017
2.806	-0.7231523131550006
2.807	-0.7329623131549996
2.808	-0.7427723131550028
2.809	-0.7525823131550018
2.81	-0.7623923131550007
2.811	-0.7722023131549997
2.812	-0.7820123131550029
2.813	-0.7918223131550018
2.814	-0.8016323131550007
2.815	-0.8114423131549997
2.816	-0.8212523131549986
2.817	-0.8310623131550019
2.818	-0.8408723131550008
2.819	-0.8506823131549996
2.82	-0.8604923131549986
2.821	-0.8703023131550018
2.822	-0.8801123131550008
2.823	-0.8899223131549997
2.824	-0.8997323131549987
2.825	-0.9095423131550019
2.826	-0.9193523131550009
2.827	-0.9291623131549998
2.828	-0.9389723131549986
2.829	-0.9487823131550019
2.83	-0.9585923131550009
2.831	-0.9684023131549998
2.832	-0.9782123131549987
2.833	-0.988022313155002
2.834	-0.9978323131550009
2.835	-1.007642313155
2.836	-1.017452313154999
2.837	-1.027262313155002
2.838	-1.037072313155001
2.839	-1.046882313155
2.84	-1.056692313154999
2.841	-1.066502313155002
2.842	-1.076312313155001
2.843	-1.086122313155
2.844	-1.095932313154999
2.845	-1.105742313155002
2.846	-1.115552313155001
2.847	-1.125362313155
2.848	-1.135172313154999
2.849	-1.144982313155002
2.85	-1.154792313155001
2.851	-1.164602313155
2.852	-1.174412313154999
2.853	-1.184222313155002
2.854	-1.194032313155001
2.855	-1.203842313155
2.856	-1.213652313154999
2.857	-1.223462313155002
2.858	-1.233272313155001
2.859	-1.243082313155
2.86	-1.252892313154999
2.861	-1.262702313155002
2.862	-1.272512313155001
2.863	-1.282322313155
2.864	-1.292132313154999
2.865	-1.301942313155002
2.866	-1.311752313155001
2.867	-1.321562313155
2.868	-1.331372313154999
2.869	-1.341182313155002
2.87	-1.350992313155001
2.871	-1.360802313155
2.872	-1.370612313154999
2.873	-1.380422313155002
2.874	-1.390232313155001
2.875	-1.400042313155
2.876	-1.409852313154999
2.877	-1.419662313155002
2.878	-1.429472313155001
2.879	-1.439282313155
2.88	-1.449092313154999
2.881	1.155722894319756
2.882	1.145912894319757
2.883	1.136102894319758
2.884	1.126292894319759
2.885	1.116482894319756
2.886	1.106672894319757
2.887	1.096862894319758
2.888	1.087052894319759
2.889	1.077242894319756
2.89	1.067432894319757
2.891	1.057622894319758
2.892	1.047812894319759
2.893	1.038002894319756
2.894	1.028192894319757
2.895	1.018382894319758
2.896	1.008572894319759
2.897	0.9987628943197561
2.898	0.9889528943197572
2.899	0.9791428943197582
2.9	0.9693328943197593
2.901	0.959522894319756
2.902	0.9497128943197571
2.903	0.9399028943197582
2.904	0.9300928943197593
2.905	0.920282894319756
2.906	0.9104728943197571
2.907	0.9006628943197582
2.908	0.8908528943197592
2.909	0.881042894319756
2.91	0.871232894319757
2.911	0.8614228943197582
2.912	0.8516128943197592
2.913	0.841802894319756
2.914	0.831992894319757
2.915	0.8221828943197581
2.916	0.8123728943197591
2.917	0.8025628943197559
2.918	0.7927528943197569
2.919	0.7829428943197581
2.92	0.7731328943197592
2.921	0.7633228943197559
2.922	0.753512894319757
2.923	0.743702894319758
2.924	0.7338928943197591
2.925	0.7240828943197558
2.926	0.7142728943197569
2.927	0.7044628943197579
2.928	0.6946528943197591
2.929	0.6848428943197558
2.93	0.6750328943197569
2.931	0.6652228943197579
2.932	0.655412894319759
2.933	0.6456028943197557
2.934	0.6357928943197568
2.935	0.625982894319758
2.936	0.616172894319759
2.937	0.6063628943197558
2.938	0.5965528943197568
2.939	0.5867428943197579
2.94	0.5769328943197589
2.941	0.5671228943197557
2.942	0.5573128943197567
2.943	0.5475028943197578
2.944	0.5376928943197589
2.945	0.52788289431976
2.946	0.5180728943197567
2.947	0.5082628943197578
2.948	0.4984528943197589
2.949	0.4886428943197599
2.95	0.4788328943197567
2.951	0.4690228943197577
2.952	0.4592128943197589
2.953	0.4494028943197599
2.954	0.4395928943197566
2.955	0.4297828943197577
2.956	0.4199728943197588
2.957	0.4101628943197599
2.958	0.4003528943197566
2.959	0.3905428943197577
2.96	0.3807328943197588
2.961	0.3709228943197598
2.962	0.3611128943197566
2.963	0.3513028943197576
2.964	0.3414928943197587
2.965	0.3316828943197598
2.966	0.3218728943197565
2.967	0.3120628943197576
2.968	0.3022528943197587
2.969	0.2924428943197598
2.97	0.2826328943197565
2.971	0.2728228943197576
2.972	0.2630128943197587
2.973	0.2532028943197597
2.974	0.2433928943197565
2.975	0.2335828943197575
2.976	0.2237728943197586
2.977	0.2139628943197597
2.978	0.2041528943197564
2.979	0.1943428943197575
2.98	0.1845328943197586
2.981	0.1747228943197597
2.982	0.1649128943197564
2.983	0.1551028943197575
2.984	0.1452928943197586
2.985	0.1354828943197596
2.986	0.1256728943197563
2.987	0.1158628943197574
2.988	0.1060528943197585
2.989	0.09624289431975959
2.99	0.08643289431975631
2.991	0.0766228943197574
2.992	0.06681289431975847
2.993	0.05700289431975955
2.994	0.04719289431975628
2.995	0.03738289431975736
2.996	0.02757289431975844
2.997	0.01776289431975952
2.998	0.007952894319756241
2.999	-0.00185710568024268
3	-0.0116671056802416
