0	1
0.001	1
0.002	1
0.003	1
0.004	1
0.005	0.999878527654096
0.006	0.999834233184916
0.007	0.999789938715735
0.008	0.999745644246554
0.009	0.999701349777374
0.01	0.999514112763924
0.011	0.999425526040342
0.012	0.999336939316759
0.013	0.999248352593177
0.014	0.99903963733153
0.015	0.998906764998103
0.016	0.998773892664677
0.017	0.998641020331251
0.018	0.998508147997824
0.019	0.998233649509273
0.02	0.99805650264034
0.021	0.997879355771407
0.022	0.997702208902474
0.023	0.997406164429886
0.024	0.997184758529121
0.025	0.996963352628357
0.026	0.996741946727592
0.027	0.996520540826828
0.028	0.996158640612463
0.029	0.995892995611993
0.03	0.995627350611524
0.031	0.995361705611054
0.032	0.994978120249938
0.033	0.994668260509015
0.034	0.994358400768092
0.035	0.994048541027168
0.036	0.993738681286245
0.037	0.993289114285838
0.038	0.992935068589068
0.039	0.992581022892299
0.04	0.992226977195529
0.041	0.991755515212772
0.042	0.991357316767906
0.043	0.99095911832304
0.044	0.990560919878174
0.045	0.990162721433308
0.046	0.989625099444658
0.047	0.989182785879937
0.048	0.988740472315215
0.049	0.988298158750494
0.05	0.987738362372029
0.051	0.98725197573309
0.052	0.98676558909415
0.053	0.98627920245521
0.054	0.98579281581627
0.055	0.985166629848811
0.056	0.984636216595151
0.057	0.984105803341491
0.058	0.983575390087831
0.059	0.982926682197239
0.06	0.98235229319824
0.061	0.981777904199242
0.062	0.981203515200244
0.063	0.980629126201246
0.064	0.97991374951131
0.065	0.979295440041825
0.066	0.97867713057234
0.067	0.978058821102855
0.068	0.977320508618889
0.069	0.976658338354382
0.07	0.975996168089875
0.071	0.975333997825367
0.072	0.974572486351526
0.073	0.97386651936278
0.074	0.973160552374033
0.075	0.972454585385287
0.076	0.97174861839654
0.077	0.970919896323031
0.078	0.970170201070415
0.079	0.969420505817798
0.08	0.968670810565181
0.081	0.967818375831052
0.082	0.967025025158351
0.083	0.966231674485649
0.084	0.965438323812947
0.085	0.964644973140245
0.086	0.963724929280405
0.087	0.96288800040821
0.088	0.962051071536016
0.089	0.961214142663822
0.09	0.960269812091878
0.091	0.959389386610548
0.092	0.958508961129219
0.093	0.957628535647889
0.094	0.956748110166559
0.095	0.955735730492326
0.096	0.954811894354502
0.097	0.953888058216679
0.098	0.952964222078856
0.099	0.951926924216345
0.1	0.950959767729042
0.101	0.949992611241739
0.102	0.949025454754436
0.103	0.947962855116534
0.104	0.946952472932789
0.105	0.945942090749044
0.106	0.944931708565299
0.107	0.943921326381554
0.108	0.942789897235258
0.109	0.941736388345352
0.11	0.940682879455446
0.111	0.93962937056554
0.112	0.938471923941317
0.113	0.937375391663563
0.114	0.93627885938581
0.115	0.935182327108056
0.116	0.934085794830303
0.117	0.932858984826861
0.118	0.931719536797962
0.119	0.930580088769063
0.12	0.929440640740164
0.121	0.928187048931393
0.122	0.927004797096367
0.123	0.925822545261341
0.124	0.924640293426315
0.125	0.923359462547236
0.126	0.922134523148918
0.127	0.920909583750599
0.128	0.919684644352281
0.129	0.918459704953962
0.13	0.917108595805499
0.131	0.91584108937361
0.132	0.91457358294172
0.133	0.913306076509831
0.134	0.911926894434307
0.135	0.9106169457741
0.136	0.909306997113894
0.137	0.907997048453687
0.138	0.906589297475636
0.139	0.90523703565612
0.14	0.903884773836604
0.141	0.902532512017088
0.142	0.901180250197572
0.143	0.899701241354588
0.144	0.89830679969632
0.145	0.896912358038052
0.146	0.895517916379783
0.147	0.894009445422724
0.148	0.892572961485186
0.149	0.891136477547648
0.15	0.889699993610111
0.151	0.888161531236054
0.152	0.886683146804608
0.153	0.885204762373163
0.154	0.883726377941717
0.155	0.882157383612668
0.156	0.88063724468509
0.157	0.879117105757512
0.158	0.877596966829934
0.159	0.876076827902356
0.16	0.874435146221999
0.161	0.872873402994594
0.162	0.871311659767189
0.163	0.869749916539784
0.164	0.868076745226924
0.165	0.866473552080229
0.166	0.864870358933534
0.167	0.863267165786839
0.168	0.861561938894276
0.169	0.859917454378344
0.17	0.858272969862412
0.171	0.85662848534648
0.172	0.854890628482775
0.173	0.853205015302049
0.174	0.851519402121324
0.175	0.849833788940599
0.176	0.848148175759874
0.177	0.846336145009247
0.178	0.844609570007024
0.179	0.8428829950048
0.18	0.841156420002576
0.181	0.839310759112393
0.182	0.837543393254868
0.183	0.835776027397344
0.184	0.834008661539819
0.185	0.832128779402039
0.186	0.830320797761959
0.187	0.828512816121879
0.188	0.826704834481799
0.189	0.824790134583764
0.19	0.822941716323661
0.191	0.821093298063558
0.192	0.819244879803455
0.193	0.817294761028112
0.194	0.815406089383137
0.195	0.813517417738163
0.196	0.811628746093189
0.197	0.809642603533103
0.198	0.807713865793463
0.199	0.805785128053823
0.2	0.803856390314183
0.201	0.80183361609895
0.202	0.799865003591936
0.203	0.797896391084921
0.204	0.795927778577907
0.205	0.79386776271453
0.206	0.791859470786152
0.207	0.789851178857775
0.208	0.787842886929398
0.209	0.7857450181552
0.21	0.783697246151429
0.211	0.781649474147659
0.212	0.779601702143888
0.213	0.777465368791524
0.214	0.775378320039135
0.215	0.773291271286746
0.216	0.771204222534357
0.217	0.769028813408482
0.218	0.766902695195507
0.219	0.764776576982531
0.22	0.762650458769555
0.221	0.760435364034697
0.222	0.758270387590489
0.223	0.756105411146282
0.224	0.753940434702075
0.225	0.75168504678125
0.226	0.749481427256167
0.227	0.747277807731083
0.228	0.745074188206
0.229	0.742777902689622
0.23	0.740535859134312
0.231	0.738293815579002
0.232	0.736051772023691
0.233	0.733713988588292
0.234	0.73143374393261
0.235	0.729153499276928
0.236	0.726873254621246
0.237	0.724493377957535
0.238	0.722175158989075
0.239	0.719856940020614
0.24	0.717538721052153
0.241	0.715116161801944
0.242	0.71276019914419
0.243	0.710404236486437
0.244	0.707975921440076
0.245	0.70558244953019
0.246	0.703188977620304
0.247	0.700795505710419
0.248	0.698323112775334
0.249	0.69589236984156
0.25	0.693461626907787
0.251	0.691030883974013
0.252	0.688513843580051
0.253	0.686046071618759
0.254	0.683578299657466
0.255	0.681110527696173
0.256	0.678548280074141
0.257	0.676043724826498
0.258	0.673539169578856
0.259	0.671034614331213
0.26	0.6684266104871
0.261	0.665885521415387
0.262	0.663344432343675
0.263	0.660726415703477
0.264	0.658149045967039
0.265	0.655571676230601
0.266	0.652994306494162
0.267	0.650329215063169
0.268	0.647715821494007
0.269	0.645102427924844
0.27	0.642489034355681
0.271	0.639776353719078
0.272	0.63712719679709
0.273	0.634478039875103
0.274	0.631752769619038
0.275	0.629068113446913
0.276	0.626383457274789
0.277	0.623698801102665
0.278	0.620924690362634
0.279	0.618204802640392
0.28	0.615484914918149
0.281	0.61269645323859
0.282	0.609941605237775
0.283	0.60718675723696
0.284	0.604431909236145
0.285	0.60159340857016
0.286	0.598803875107705
0.287	0.596014341645249
0.288	0.593159771438522
0.289	0.590335830850261
0.29	0.587511890262
0.291	0.584687949673739
0.292	0.581782203118538
0.293	0.578924137232397
0.294	0.576066071346256
0.295	0.573142587965392
0.296	0.570250682074241
0.297	0.567358776183091
0.298	0.56446687029194
0.299	0.56149114274335
0.3	0.558565685577534
0.301	0.555640228411718
0.302	0.552645156700822
0.303	0.549686440400364
0.304	0.546727724099907
0.305	0.543712381980836
0.306	0.540720702067329
0.307	0.537729022153821
0.308	0.534737342240313
0.309	0.531668153606587
0.31	0.528643808954759
0.311	0.525619464302931
0.312	0.522528500725583
0.313	0.519471793534567
0.314	0.516415086343552
0.315	0.513301472876792
0.316	0.510212708641077
0.317	0.507123944405362
0.318	0.504035180169647
0.319	0.500866311801869
0.32	0.497745799281954
0.321	0.49462528676204
0.322	0.491432386385822
0.323	0.488280437578575
0.324	0.485128488771327
0.325	0.481910742661891
0.326	0.478727672770606
0.327	0.475544602879321
0.328	0.472301218854566
0.329	0.469087346258745
0.33	0.465873473662924
0.331	0.462603682195483
0.332	0.459359328420325
0.333	0.456114974645167
0.334	0.452818029970627
0.335	0.449543519656241
0.336	0.446269009341856
0.337	0.442944190562594
0.338	0.439639851432944
0.339	0.436335512303294
0.34	0.432982124487387
0.341	0.429648287318961
0.342	0.426314450150535
0.343	0.422931825425189
0.344	0.419568824015415
0.345	0.41620582260564
0.346	0.412793321244614
0.347	0.409401492380013
0.348	0.406009663515411
0.349	0.402566675019884
0.35	0.399146358443979
0.351	0.395726041868074
0.352	0.392251986040435
0.353	0.388803524421413
0.354	0.385355062802391
0.355	0.381849390812425
0.356	0.378373129710562
0.357	0.3748968686087
0.358	0.371359064051643
0.359	0.367855351886501
0.36	0.364312031649919
0.361	0.360781219667317
0.362	0.357250407684714
0.363	0.353673669497558
0.364	0.350116111736328
0.365	0.346558553975099
0.366	0.342947982208809
0.367	0.33936403546735
0.368	0.335745280549184
0.369	0.332135304351806
0.37	0.328525328154428
0.371	0.324871656993379
0.372	0.321236013556464
0.373	0.31760037011955
0.374	0.313911477247774
0.375	0.310250531445754
0.376	0.306551085892734
0.377	0.302865205223891
0.378	0.299179324555048
0.379	0.295443796134892
0.38	0.291733350687004
0.381	0.287985745318852
0.382	0.284251107734683
0.383	0.280516470150515
0.384	0.27673207687184
0.385	0.272973622314491
0.386	0.269175777792152
0.387	0.265393883910281
0.388	0.26158176973725
0.389	0.257776816630184
0.39	0.253971863523117
0.391	0.250122022693836
0.392	0.246294392876574
0.393	0.242429145848415
0.394	0.238579224216552
0.395	0.23469787235436
0.396	0.230826046148937
0.397	0.226927931956237
0.398	0.223034590728538
0.399	0.21914124950084
0.4	0.215204634414666
0.401	0.211290169990986
0.402	0.207335999011151
0.403	0.203400805457543
0.404	0.199428552590467
0.405	0.195473026177504
0.406	0.191482210401665
0.407	0.187506749569231
0.408	0.183496935761855
0.409	0.179501941083998
0.41	0.175472740931
0.411	0.171458615080874
0.412	0.167409687969826
0.413	0.163359061534017
0.414	0.159307889580695
0.415	0.155236592791411
0.416	0.151167509931343
0.417	0.147075348506286
0.418	0.142988765461425
0.419	0.13887559625319
0.42	0.134771925671884
0.421	0.130637657473958
0.422	0.126498508404392
0.423	0.122361908232674
0.424	0.118201218493661
0.425	0.114034473917693
0.426	0.109866617031166
0.427	0.105678099999051
0.428	0.101482560085171
0.429	0.0972851335886807
0.43	0.093067805539774
0.431	0.0888426988089921
0.432	0.084617403543869
0.433	0.0803707150520901
0.434	0.0761157103720097
0.435	0.0718519885571423
0.436	0.0675792038199098
0.437	0.0633033262186913
0.438	0.0590096263409195
0.439	0.0547067767219343
0.44	0.0503946028503311
0.441	0.0460729881746469
0.442	0.0417418747847016
0.443	0.0374012640893669
0.444	0.0330512174955741
0.445	0.0286874677056105
0.446	0.0243176726089867
0.447	0.0199388511063133
0.448	0.0155473905506729
0.449	0.0111472778612762
0.45	0.00673779923182466
0.451	0.0023186752544124
0.452	0.00168381180202577
0.453	0.00521459726826162
0.454	0.0087356649468252
0.455	0.0122470148377165
0.456	0.0157483398960091
0.457	0.0192394894217269
0.458	0.0227226464443836
0.459	0.0261931283247802
0.46	0.0296562652449609
0.461	0.0331100995211668
0.462	0.0365496683033033
0.463	0.0399826310480268
0.464	0.0434058372282068
0.465	0.0468191764759548
0.466	0.0502225732257
0.467	0.0536159865182344
0.468	0.0569994097784383
0.469	0.0603728705681646
0.47	0.0637364303155415
0.471	0.0670901840217848
0.472	0.0704342599464726
0.473	0.0737744232023129
0.474	0.0770972481226994
0.475	0.0804104213716909
0.476	0.0837141699284438
0.477	0.0870087526121756
0.478	0.0903000094969665
0.479	0.0935726732372429
0.48	0.0968364581590426
0.481	0.100091717253874
0.482	0.103342872063821
0.483	0.106575975435995
0.484	0.109801028121278
0.485	0.113023836158914
0.486	0.116226628184855
0.487	0.119421966554024
0.488	0.122615150103705
0.489	0.12578824824031
0.49	0.128966143781412
0.491	0.132116900161033
0.492	0.13526116186543
0.493	0.138407536931428
0.494	0.141529660096392
0.495	0.144659805630082
0.496	0.147759780238132
0.497	0.150854476026789
0.498	0.153951231501883
0.499	0.157024156168603
0.5	0.160103754258195
0.501	0.16315498496843
0.502	0.166217119585138
0.503	0.169246762092096
0.504	0.172273020876821
0.505	0.175299316935703
0.506	0.178304583753094
0.507	0.181312508134293
0.508	0.184296969627968
0.509	0.187286223058033
0.51	0.190250092306295
0.511	0.193220377296319
0.512	0.196163893252691
0.513	0.199114914130165
0.514	0.202038341052885
0.515	0.204969803993286
0.516	0.207873430864135
0.517	0.210785043922233
0.518	0.213669183855077
0.519	0.216560656995983
0.52	0.219425646635396
0.521	0.222296691765335
0.522	0.225142890675687
0.523	0.227993221672511
0.524	0.230821011717886
0.525	0.233650344461321
0.526	0.236479677204756
0.527	0.239268181578278
0.528	0.242076233979911
0.529	0.244846877565027
0.53	0.247633369598029
0.531	0.250386599442469
0.532	0.253151253171061
0.533	0.255887536086953
0.534	0.258630075695607
0.535	0.261372615304261
0.536	0.264070049421285
0.537	0.26679020124367
0.538	0.269471407211918
0.539	0.272168899759583
0.54	0.274834401899899
0.541	0.277508965890697
0.542	0.280183529881494
0.543	0.282810674020376
0.544	0.285462042406623
0.545	0.28807431721826
0.546	0.290702225214644
0.547	0.293300206576181
0.548	0.295904391687395
0.549	0.298508576798609
0.55	0.301068872586886
0.551	0.30364907463501
0.552	0.306196015380693
0.553	0.308751976532307
0.554	0.311307937683921
0.555	0.313817648355825
0.556	0.31634911314886
0.557	0.318846471340516
0.558	0.321353186710836
0.559	0.323859902081156
0.56	0.326320556711236
0.561	0.328802272018961
0.562	0.331283987326687
0.563	0.333708102564348
0.564	0.336164569619903
0.565	0.33857782187527
0.566	0.341008794965166
0.567	0.343439768055062
0.568	0.345817106673756
0.569	0.348222342586104
0.57	0.350589960034424
0.571	0.352969218084175
0.572	0.355348476133926
0.573	0.357680863665582
0.574	0.360033905719495
0.575	0.362386947773408
0.576	0.364684349545117
0.577	0.367010940046452
0.578	0.369300299817548
0.579	0.371600205810486
0.58	0.373900111803423
0.581	0.376155249108249
0.582	0.378428240262028
0.583	0.380701231415808
0.584	0.382922431143716
0.585	0.3851682797765
0.586	0.387414128409284
0.587	0.389601688616385
0.588	0.391820169718839
0.589	0.394038650821292
0.59	0.396192882093931
0.591	0.398383773352523
0.592	0.400532807608844
0.593	0.402695889428861
0.594	0.404858971248878
0.595	0.406975549639132
0.596	0.409110605167412
0.597	0.411245660695693
0.598	0.413330124810739
0.599	0.415436939958115
0.6	0.417543755105491
0.601	0.419596456496909
0.602	0.421674819960363
0.603	0.423753183423817
0.604	0.425774482968827
0.605	0.427824186253357
0.606	0.429873889537888
0.607	0.431864156805564
0.608	0.433884994245762
0.609	0.435905831685959
0.61	0.437865444305093
0.611	0.43985721308642
0.612	0.441848981867747
0.613	0.44377832489671
0.614	0.445740825076487
0.615	0.447703325256264
0.616	0.449602790555205
0.617	0.451535825083301
0.618	0.453468859611397
0.619	0.455338845217134
0.62	0.45724221995636
0.621	0.459145594695586
0.622	0.460986504199521
0.623	0.462860027945719
0.624	0.464733551691918
0.625	0.466545793621324
0.626	0.468389278123162
0.627	0.470232762624999
0.628	0.472016749828007
0.629	0.473830009806462
0.63	0.475643269784918
0.631	0.477399418819541
0.632	0.479182271987089
0.633	0.480965125154637
0.634	0.482693855682166
0.635	0.484446122761654
0.636	0.486198389841143
0.637	0.487900124024238
0.638	0.489621628767457
0.639	0.491343133510676
0.64	0.493064638253895
0.641	0.494708864622417
0.642	0.496399433828362
0.643	0.498090003034307
0.644	0.49970791236974
0.645	0.501367375902561
0.646	0.503026839435382
0.647	0.504618860927614
0.648	0.506247051734253
0.649	0.507875242540892
0.65	0.509441805544252
0.651	0.511038559671769
0.652	0.512635313799286
0.653	0.514176847258589
0.654	0.515742003871169
0.655	0.51730716048375
0.656	0.51887231709633
0.657	0.520357493762583
0.658	0.521890895158233
0.659	0.523424296553882
0.66	0.524885143522802
0.661	0.52638663514972
0.662	0.527888126776638
0.663	0.529325071554421
0.664	0.530794502027056
0.665	0.532263932499691
0.666	0.533677399971824
0.667	0.535114621086609
0.668	0.536551842201393
0.669	0.537989063316178
0.67	0.539347120845064
0.671	0.540751987595827
0.672	0.54215685434659
0.673	0.543492132539626
0.674	0.544864503132681
0.675	0.546236873725736
0.676	0.547549789635907
0.677	0.548889525504817
0.678	0.550229261373727
0.679	0.551568997242637
0.68	0.552827193163799
0.681	0.554134158983812
0.682	0.555441124803826
0.683	0.556677645843647
0.684	0.55795170954581
0.685	0.559225773247973
0.686	0.56044102409309
0.687	0.561682056878026
0.688	0.562923089662963
0.689	0.564164122447899
0.69	0.565325345167929
0.691	0.566533221519294
0.692	0.567741097870659
0.693	0.568881718521826
0.694	0.570056316219424
0.695	0.571230913917023
0.696	0.572405511614621
0.697	0.573492520656374
0.698	0.57463372078895
0.699	0.575774920921527
0.7	0.576841980781818
0.701	0.577949667759511
0.702	0.579057354737204
0.703	0.580104841183921
0.704	0.581178902750383
0.705	0.582252964316845
0.706	0.583327025883306
0.707	0.584321571919318
0.708	0.5853618991635
0.709	0.586402226407682
0.71	0.587377819257794
0.711	0.588384306625395
0.712	0.589390793992996
0.713	0.590397281360597
0.714	0.591320331503667
0.715	0.592292876808242
0.716	0.593265422112818
0.717	0.594170115670725
0.718	0.595108620104461
0.719	0.596047124538196
0.72	0.596985628971931
0.721	0.5978381658436
0.722	0.59874253398774
0.723	0.59964690213188
0.724	0.600481652338423
0.725	0.601351792173366
0.726	0.60222193200831
0.727	0.603092071843253
0.728	0.603875036818704
0.729	0.604710859733749
0.73	0.605546682648795
0.731	0.606312401321332
0.732	0.607113822124087
0.733	0.607915242926843
0.734	0.608716663729598
0.735	0.609430951352078
0.736	0.610197888277525
0.737	0.610964825202972
0.738	0.611662374632652
0.739	0.612394749351865
0.74	0.613127124071078
0.741	0.613859498790292
0.742	0.614505951548711
0.743	0.615203689177232
0.744	0.615901426805754
0.745	0.616531614723803
0.746	0.617194643829672
0.747	0.617857672935542
0.748	0.618520702041411
0.749	0.619100105522573
0.75	0.619728358134011
0.751	0.620356610745448
0.752	0.62092018566951
0.753	0.621513597282251
0.754	0.622107008894992
0.755	0.622700420507733
0.756	0.623213498933799
0.757	0.623772008518084
0.758	0.62433051810237
0.759	0.624889027686655
0.76	0.625351715080299
0.761	0.625875265087514
0.762	0.626398815094729
0.763	0.626846227255705
0.764	0.62733476362467
0.765	0.627823299993635
0.766	0.6283118363626
0.767	0.628709108873743
0.768	0.629162581036654
0.769	0.629616053199566
0.77	0.629998388789761
0.771	0.630416749677784
0.772	0.630835110565808
0.773	0.631253471453832
0.774	0.631585889981341
0.775	0.63196909602985
0.776	0.63235230207836
0.777	0.632670078444893
0.778	0.633018089598361
0.779	0.633366100751829
0.78	0.633714111905298
0.781	0.633982163552169
0.782	0.634294943268706
0.783	0.634607722985244
0.784	0.634920502701781
0.785	0.635138897551346
0.786	0.635416412806886
0.787	0.635693928062427
0.788	0.635898023512792
0.789	0.636140244804927
0.79	0.636382466097063
0.791	0.636624687389198
0.792	0.636779274284723
0.793	0.636986175636187
0.794	0.63719307698765
0.795	0.637333548312178
0.796	0.637505107273971
0.797	0.637676666235765
0.798	0.637848225197558
0.799	0.637939303271625
0.8	0.638075500925796
0.801	0.638211698579967
0.802	0.638347896234137
0.803	0.638389618436694
0.804	0.638490439398758
0.805	0.638591260360822
0.806	0.638619047664915
0.807	0.638684480085926
0.808	0.638749912506936
0.809	0.638815344927947
0.81	0.638793844537466
0.811	0.63882388010573
0.812	0.638853915673995
0.813	0.638818548071808
0.814	0.638813182014249
0.815	0.638807815956689
0.816	0.638802449899129
0.817	0.638717828485436
0.818	0.638677059568599
0.819	0.638636290651761
0.82	0.638595521734923
0.821	0.638461651685008
0.822	0.638385482215716
0.823	0.638309312746424
0.824	0.638161588863784
0.825	0.63805002468944
0.826	0.637938460515096
0.827	0.637826896340752
0.828	0.637629909567849
0.829	0.63748296007638
0.83	0.637336010584911
0.831	0.63712511976998
0.832	0.636942797889431
0.833	0.636760476008882
0.834	0.636578154128334
0.835	0.636317951878479
0.836	0.636100274076253
0.837	0.635882596274026
0.838	0.635664918471799
0.839	0.635355377769972
0.84	0.635102364051711
0.841	0.63484935033345
0.842	0.634525751661421
0.843	0.634237425569545
0.844	0.633949099477669
0.845	0.633660773385793
0.846	0.633287740605351
0.847	0.632964129217231
0.848	0.632640517829112
0.849	0.632253260703277
0.85	0.631894394629065
0.851	0.631535528554853
0.852	0.631176662480641
0.853	0.630739842664455
0.854	0.630345756044554
0.855	0.629951669424654
0.856	0.629557582804753
0.857	0.629071142775296
0.858	0.628641873277484
0.859	0.628212603779672
0.86	0.627711623357206
0.861	0.627247212173402
0.862	0.626782800989598
0.863	0.626318389805795
0.864	0.625767616527371
0.865	0.625268108370054
0.866	0.624768600212738
0.867	0.624203009199584
0.868	0.623668452297859
0.869	0.623133895396135
0.87	0.62259933849441
0.871	0.621983751768881
0.872	0.621414197864193
0.873	0.620844643959505
0.874	0.620275090054817
0.875	0.619609422930775
0.876	0.619004927272275
0.877	0.618400431613774
0.878	0.617719478919675
0.879	0.617080100259234
0.88	0.616440721598793
0.881	0.615801342938352
0.882	0.615070067969063
0.883	0.61439586855594
0.884	0.613721669142816
0.885	0.612974728903001
0.886	0.612265774478158
0.887	0.611556820053314
0.888	0.61084786562847
0.889	0.610050335048377
0.89	0.609306694838449
0.891	0.608563054628522
0.892	0.607749439895562
0.893	0.606971186606484
0.894	0.606192933317405
0.895	0.605414680028326
0.896	0.60455018267385
0.897	0.603737392484124
0.898	0.602924602294398
0.899	0.60204356484634
0.9	0.601196317399972
0.901	0.600349069953604
0.902	0.599501822507237
0.903	0.598569588111902
0.904	0.597687966510985
0.905	0.596806344910068
0.906	0.595857079748282
0.907	0.594941170545235
0.908	0.594025261342189
0.909	0.593109352139142
0.91	0.592108556026342
0.911	0.59115844921581
0.912	0.590208342405279
0.913	0.589189992645283
0.914	0.588205781655691
0.915	0.587221570666099
0.916	0.586237359676507
0.917	0.585167127840383
0.918	0.58414890952515
0.919	0.583130691209916
0.92	0.582042353355207
0.921	0.580990227983616
0.922	0.579938102612026
0.923	0.578885977240435
0.924	0.57774539180449
0.925	0.576659463052229
0.926	0.575573534299968
0.927	0.574414263888084
0.928	0.573294638827434
0.929	0.572175013766784
0.93	0.570996704658701
0.931	0.569843493748399
0.932	0.568690282838097
0.933	0.567537071927794
0.934	0.566305889537021
0.935	0.565119206611779
0.936	0.563932523686536
0.937	0.562681686234377
0.938	0.56146164849407
0.939	0.560241610753762
0.94	0.559021573013455
0.941	0.557717470617817
0.942	0.556464198616336
0.943	0.555210926614855
0.944	0.553886534271038
0.945	0.552600151904812
0.946	0.551313769538586
0.947	0.549968700335585
0.948	0.548649334831769
0.949	0.547329969327952
0.95	0.546010603824136
0.951	0.544611611640003
0.952	0.543259393544336
0.953	0.541907175448671
0.954	0.540486847060367
0.955	0.539101910224709
0.956	0.53771697338905
0.957	0.536274906779
0.958	0.534857388348527
0.959	0.533439869918055
0.96	0.532022351487582
0.961	0.530525698313795
0.962	0.529075738713885
0.963	0.527625779113975
0.964	0.526106712422012
0.965	0.524624455344795
0.966	0.523142198267578
0.967	0.521600305371783
0.968	0.520085897762374
0.969	0.518571490152965
0.97	0.517057082543557
0.971	0.515459946803212
0.972	0.513913538845622
0.973	0.512367130888031
0.974	0.510746486698696
0.975	0.509168231801418
0.976	0.507589976904141
0.977	0.50594540559265
0.978	0.504335460373941
0.979	0.502725515155232
0.98	0.501056596066567
0.981	0.499415120339398
0.982	0.497773644612228
0.983	0.496079955672138
0.984	0.494407112428838
0.985	0.492734269185537
0.986	0.491061425942236
0.987	0.489311342867382
0.988	0.487607298263969
0.989	0.485903253660556
0.99	0.484127723920198
0.991	0.4823926472604
0.992	0.480657570600602
0.993	0.478856174444911
0.994	0.477090238163875
0.995	0.475324301882838
0.996	0.473496620450171
0.997	0.471700000097865
0.998	0.46990337974556
0.999	0.468048995660065
1	0.466221869884381
1.001	0.464394744108697
1.002	0.462513242084087
1.003	0.460655792613633
1.004	0.45879834314318
1.005	0.456889310592347
1.006	0.455001722218944
1.007	0.453114133845541
1.008	0.451177161495718
1.009	0.449259622056594
1.01	0.447342082617471
1.011	0.445376765130606
1.012	0.443429465490299
1.013	0.441482165849992
1.014	0.439488102448038
1.015	0.437511236479998
1.016	0.435534370511959
1.017	0.433511165606734
1.018	0.431504930174639
1.019	0.429498694742543
1.02	0.427445958569859
1.021	0.425410553508632
1.022	0.423375148447406
1.023	0.421292497705121
1.024	0.419228125801675
1.025	0.417163753898229
1.026	0.415050812387903
1.027	0.412957679361583
1.028	0.410864546335263
1.029	0.408720945607085
1.03	0.406599260089841
1.031	0.404477574572598
1.032	0.402302954573248
1.033	0.400152928089523
1.034	0.398002901605798
1.035	0.395796911328911
1.036	0.393618758275248
1.037	0.391440605221586
1.038	0.389202903360476
1.039	0.386996840984858
1.04	0.38479077860924
1.041	0.382521034211558
1.042	0.380287282592469
1.043	0.378012642072121
1.044	0.375751424097341
1.045	0.373490206122561
1.046	0.371182669174519
1.047	0.368894210519653
1.048	0.366605751864786
1.049	0.364265019775657
1.05	0.361949548882397
1.051	0.359634077989138
1.052	0.357259865052892
1.053	0.354917613107025
1.054	0.352536194429393
1.055	0.350167395338544
1.056	0.347798596247694
1.057	0.345382930363537
1.058	0.342987820734661
1.059	0.340592711105785
1.06	0.338142552610188
1.061	0.335721371726814
1.062	0.33326232019811
1.063	0.330815309997333
1.064	0.328368299796555
1.065	0.325874067933766
1.066	0.323401472982994
1.067	0.320928878032223
1.068	0.318399266790816
1.069	0.315901334264284
1.07	0.313361250074048
1.071	0.310838229729081
1.072	0.308315209384113
1.073	0.305739149029127
1.074	0.303191293182183
1.075	0.300603690653874
1.076	0.298031254156353
1.077	0.295458817658832
1.078	0.292834707913107
1.079	0.290237948126928
1.08	0.287601285358049
1.081	0.284980462131015
1.082	0.282330633410248
1.083	0.279686009051186
1.084	0.277041384692124
1.085	0.27435425496724
1.086	0.271686094220934
1.087	0.268984883366399
1.088	0.266293453388311
1.089	0.263602023410225
1.09	0.260863166178083
1.091	0.258148736508872
1.092	0.255394955359716
1.093	0.252657797899552
1.094	0.249888563183607
1.095	0.2471289521663
1.096	0.244343752071617
1.097	0.241561964038554
1.098	0.23878017600549
1.099	0.235956619076399
1.1	0.233152932850295
1.101	0.230312724350397
1.102	0.227487421008874
1.103	0.224630109115658
1.104	0.221783471964645
1.105	0.21890862547982
1.106	0.216040940026795
1.107	0.213148149064637
1.108	0.210259702991709
1.109	0.207348579660844
1.11	0.204439662797679
1.111	0.201509841875995
1.112	0.198580746172604
1.113	0.195651650469215
1.114	0.192682905274354
1.115	0.189733924773743
1.116	0.186746118323525
1.117	0.18375824995988
1.118	0.180770390228285
1.119	0.177762603318271
1.12	0.174755753201031
1.121	0.171727805730453
1.122	0.168702267366592
1.123	0.165653943878683
1.124	0.162610021361716
1.125	0.159541133575634
1.126	0.156479132925589
1.127	0.153389520345778
1.128	0.150309749481147
1.129	0.147199279997332
1.13	0.144084999269556
1.131	0.140970619184547
1.132	0.137834991394676
1.133	0.134703775960156
1.134	0.13154675587081
1.135	0.128384532089793
1.136	0.125220593407048
1.137	0.12203666082987
1.138	0.118856837735719
1.139	0.115651243209591
1.14	0.112439307842139
1.141	0.109228678858188
1.142	0.105994949102129
1.143	0.102754161620172
1.144	0.0995140216743272
1.145	0.0962514344896476
1.146	0.0929811955566669
1.147	0.0897028902943852
1.148	0.0864209398462497
1.149	0.0831209087666336
1.15	0.0798124083113634
1.151	0.0764951195440896
1.152	0.0731743424201872
1.153	0.0698357065680551
1.154	0.0664880797628204
1.155	0.0631312433913958
1.156	0.0597650128168187
1.157	0.0563892378694269
1.158	0.0530038033271143
1.159	0.0496086293851036
1.16	0.0462036721158623
1.161	0.0427889239199112
1.162	0.0393644139685355
1.163	0.0359302086396312
1.164	0.0324864119483054
1.165	0.0290331659742393
1.166	0.0255706512884368
1.167	0.0220946529341481
1.168	0.0186125273187202
1.169	0.0151181312848599
1.17	0.0116147832965476
1.171	0.00810199407278717
1.172	0.00457959497894471
1.173	0.00104747809742918
1.174	0.00199030326408001
1.175	0.00480882413998223
1.176	0.00761762722821155
1.177	0.0104153061132759
1.178	0.0132041857395088
1.179	0.0159831189167004
1.18	0.0187536793838734
1.181	0.0215121453303047
1.182	0.0242611883064372
1.183	0.0270013812559025
1.184	0.0297324718282693
1.185	0.0324510254390783
1.186	0.0351615685759989
1.187	0.0378625434411012
1.188	0.0405538221225751
1.189	0.043235298754298
1.19	0.0459068893547853
1.191	0.0485685316517302
1.192	0.0512201848927308
1.193	0.0538618296427733
1.194	0.0564934675689448
1.195	0.0591151212128398
1.196	0.0617268337510499
1.197	0.064328668744131
1.198	0.06692070987438
1.199	0.0695030606727679
1.2	0.0720758442353206
1.201	0.0746440943089762
1.202	0.0771955649715297
1.203	0.0797375185728567
1.204	0.082270136223072
1.205	0.0847936173915323
1.206	0.0873127986913203
1.207	0.0898144655769269
1.208	0.0923071997868776
1.209	0.094800341620258
1.21	0.0972710050973408
1.211	0.0997330140260096
1.212	0.102186657086156
1.213	0.104638885649113
1.214	0.107070340756666
1.215	0.109493813405301
1.216	0.111917545424904
1.217	0.114318762815228
1.218	0.116712448735184
1.219	0.119106719959314
1.22	0.121478154979274
1.221	0.123842574199402
1.222	0.126206431620328
1.223	0.128548673213411
1.224	0.130896969980632
1.225	0.133216978610067
1.226	0.135530743440003
1.227	0.137847218867577
1.228	0.140138923506151
1.229	0.142425049865941
1.23	0.14470878082948
1.231	0.146973081374619
1.232	0.149240097870683
1.233	0.151482598915494
1.234	0.153732674934733
1.235	0.155953418658691
1.236	0.158169850288592
1.237	0.160385373911969
1.238	0.162580399714722
1.239	0.164778314770816
1.24	0.166952020580597
1.241	0.169132107763149
1.242	0.171284593752312
1.243	0.173446635488845
1.244	0.175578015779733
1.245	0.177721796254334
1.246	0.179832198526613
1.247	0.181957503702515
1.248	0.184047068796261
1.249	0.186134848256574
1.25	0.188222567952986
1.251	0.19029003835466
1.252	0.192358651539582
1.253	0.194405988916215
1.254	0.19645528889106
1.255	0.198482680789811
1.256	0.200512462744887
1.257	0.20252010781213
1.258	0.204530168847962
1.259	0.206518276412133
1.26	0.208508415560564
1.261	0.21047720521243
1.262	0.212447223457517
1.263	0.214417241702605
1.264	0.216346624926797
1.265	0.218296325225488
1.266	0.220206663765828
1.267	0.222135851068421
1.268	0.224027394775703
1.269	0.225935876046095
1.27	0.227808883353561
1.271	0.229696467589273
1.272	0.231551205083353
1.273	0.233417703335339
1.274	0.235254445325249
1.275	0.237099670717486
1.276	0.238918698803896
1.277	0.24074246655275
1.278	0.242566234301603
1.279	0.244346196629157
1.28	0.246148324062528
1.281	0.247910975292195
1.282	0.249691281868438
1.283	0.251436925030845
1.284	0.253195232357469
1.285	0.254924176063417
1.286	0.25666030791555
1.287	0.258396439767683
1.288	0.260086648262046
1.289	0.261800430600681
1.29	0.263474400035635
1.291	0.265165661025644
1.292	0.266823716380695
1.293	0.26849228640861
1.294	0.270160856436525
1.295	0.271780468225952
1.296	0.27342617991752
1.297	0.27503037365218
1.298	0.27665306188968
1.299	0.278242175148903
1.3	0.279841677088235
1.301	0.281441179027566
1.302	0.282992205142722
1.303	0.284568360230253
1.304	0.286104830168725
1.305	0.287657480157907
1.306	0.289179740361441
1.307	0.290708729329185
1.308	0.29223771829693
1.309	0.293722301954123
1.31	0.295227476316936
1.311	0.296698395531796
1.312	0.298179604061677
1.313	0.299660812591558
1.314	0.301094304290563
1.315	0.302551398130659
1.316	0.303971782270466
1.317	0.30540461495048
1.318	0.306837447630494
1.319	0.308220672832608
1.32	0.309629100283972
1.321	0.3109997832952
1.322	0.312383663865992
1.323	0.313767544436783
1.324	0.315101353674356
1.325	0.316460548143978
1.326	0.317782385984914
1.327	0.319116757578519
1.328	0.320451129172124
1.329	0.321736392073025
1.33	0.323045806475695
1.331	0.324319671193632
1.332	0.325603996564304
1.333	0.326888321934975
1.334	0.328125921351783
1.335	0.329385028336927
1.336	0.330644135322072
1.337	0.33184556400359
1.338	0.333079325750635
1.339	0.33427015200737
1.34	0.335478444177866
1.341	0.336686736348363
1.342	0.337841714996016
1.343	0.339024415778557
1.344	0.340169361047478
1.345	0.341326351170357
1.346	0.342483341293236
1.347	0.343592766017949
1.348	0.344723928761559
1.349	0.345855091505169
1.35	0.346929102791173
1.351	0.348034324000149
1.352	0.349099084645793
1.353	0.3501782527409
1.354	0.351257420836007
1.355	0.352287098682951
1.356	0.353340104672703
1.357	0.354393110662454
1.358	0.355387817060556
1.359	0.356414554552579
1.36	0.35740077481573
1.361	0.358401140027862
1.362	0.359401505239994
1.363	0.360353082683258
1.364	0.361326974454386
1.365	0.362300866225514
1.366	0.363217913771922
1.367	0.364165233572551
1.368	0.365074532840117
1.369	0.365995184782678
1.37	0.36691583672524
1.371	0.367790927420626
1.372	0.368684818269517
1.373	0.369578709118408
1.374	0.370419703216192
1.375	0.371286742397548
1.376	0.372153781578905
1.377	0.372960791095251
1.378	0.373800890706451
1.379	0.374601052241608
1.38	0.375414127060511
1.381	0.376227201879414
1.382	0.376993684529903
1.383	0.377779652023813
1.384	0.378565619517724
1.385	0.37929853125239
1.386	0.380057311586754
1.387	0.380816091921117
1.388	0.381515539780389
1.389	0.382247055827218
1.39	0.382978571874047
1.391	0.383644661745929
1.392	0.384348839091953
1.393	0.3850090858862
1.394	0.385685852840747
1.395	0.386362619795293
1.396	0.386989785018967
1.397	0.387639072621569
1.398	0.388288360224171
1.399	0.388882542294071
1.4	0.389504284321796
1.401	0.390126026349522
1.402	0.390687321695181
1.403	0.391281454669691
1.404	0.391875587644201
1.405	0.39240409051886
1.406	0.392970553713189
1.407	0.393494083761312
1.408	0.394032819206376
1.409	0.39457155465144
1.41	0.395062528691521
1.411	0.395573481182343
1.412	0.396084433673165
1.413	0.396542935598623
1.414	0.397026052700287
1.415	0.397509169801951
1.416	0.397935280641902
1.417	0.398390512695225
1.418	0.398845744748548
1.419	0.399239542516426
1.42	0.399666842643354
1.421	0.400094142770281
1.422	0.400455702320205
1.423	0.400855026428929
1.424	0.401212436638825
1.425	0.40158374342862
1.426	0.401955050218415
1.427	0.40228040041042
1.428	0.4026236513762
1.429	0.40296690234198
1.43	0.403260254309222
1.431	0.403575413745819
1.432	0.403890573182416
1.433	0.404151985059216
1.434	0.404439020065378
1.435	0.404726055071539
1.436	0.404955581229938
1.437	0.405214461712042
1.438	0.405473342194146
1.439	0.405671033148595
1.44	0.405901731824086
1.441	0.406132430499577
1.442	0.406298332819857
1.443	0.4065008252204
1.444	0.406703317620942
1.445	0.406837473853363
1.446	0.407011738327712
1.447	0.407142433682388
1.448	0.407288451398983
1.449	0.407434469115577
1.45	0.407533507140618
1.451	0.407651262089885
1.452	0.407769017039151
1.453	0.40783642499706
1.454	0.407925903993442
1.455	0.408015382989823
1.456	0.408051183886305
1.457	0.408112376570001
1.458	0.408173569253698
1.459	0.408177781801131
1.46	0.408210680639562
1.461	0.408243579477993
1.462	0.408216218067385
1.463	0.408220818356365
1.464	0.408225418645345
1.465	0.408166493326794
1.466	0.408142793191429
1.467	0.408119093056064
1.468	0.408028609527737
1.469	0.407976609923036
1.47	0.407882865212779
1.471	0.407802569923981
1.472	0.407722274635183
1.473	0.407596963438756
1.474	0.40748837908138
1.475	0.407379794724003
1.476	0.407222906872946
1.477	0.407086042892551
1.478	0.406949178912155
1.479	0.406760699927843
1.48	0.406595568599509
1.481	0.406430437271175
1.482	0.406210348396734
1.483	0.406016964824262
1.484	0.40582358125179
1.485	0.405571859492522
1.486	0.405350241607348
1.487	0.405128623722174
1.488	0.40484524189447
1.489	0.404595410454297
1.49	0.404345579014124
1.491	0.40403050580285
1.492	0.40375248439
1.493	0.403433847981985
1.494	0.403127663001468
1.495	0.40282147802095
1.496	0.40247104625074
1.497	0.402136726928038
1.498	0.401802407605336
1.499	0.401420134373784
1.5	0.401057712752361
1.501	0.400695291130938
1.502	0.400281126523754
1.503	0.399890637462277
1.504	0.399500148400799
1.505	0.399054038788059
1.506	0.398635519957341
1.507	0.398217001126623
1.508	0.397738889270509
1.509	0.397292381150175
1.51	0.396845873029841
1.511	0.396335698200577
1.512	0.395861244075444
1.513	0.395346842094032
1.514	0.394844488050213
1.515	0.394342134006394
1.516	0.39379548873744
1.517	0.393265283658167
1.518	0.392735078578894
1.519	0.392156116800577
1.52	0.391598112361748
1.521	0.391040107922919
1.522	0.390428753470502
1.523	0.389843004135943
1.524	0.389257254801385
1.525	0.388613428723371
1.526	0.387999991739832
1.527	0.387386554756293
1.528	0.386710175478344
1.529	0.386069110870204
1.53	0.385387659194904
1.531	0.38471902975861
1.532	0.384050400322315
1.533	0.383336159561221
1.534	0.382640030859444
1.535	0.381943902157667
1.536	0.381196781167704
1.537	0.380473221523226
1.538	0.379749661878749
1.539	0.378969567631974
1.54	0.378218648121297
1.541	0.37746772861062
1.542	0.376654566395895
1.543	0.375876360842573
1.544	0.375057243953396
1.545	0.3742518289211
1.546	0.373446413888803
1.547	0.37259395610576
1.548	0.371761410891065
1.549	0.370928865676371
1.55	0.3700429657947
1.551	0.369183372419608
1.552	0.368323779044515
1.553	0.36740433506151
1.554	0.36651777826569
1.555	0.365591563588881
1.556	0.364678130821652
1.557	0.363764698054424
1.558	0.362804643680059
1.559	0.361864425092098
1.56	0.360924206504136
1.561	0.359930206789824
1.562	0.3589632952246
1.563	0.357996383659378
1.564	0.356968333159832
1.565	0.35597482414479
1.566	0.354939117122016
1.567	0.353919108859474
1.568	0.352899100596931
1.569	0.351829032678644
1.57	0.350782626036439
1.571	0.349736219394234
1.572	0.348631684670815
1.573	0.347558983172682
1.574	0.346446065714273
1.575	0.345347175529958
1.576	0.344248285345642
1.577	0.343100584624342
1.578	0.341975614559454
1.579	0.340850644494567
1.58	0.339668056720576
1.581	0.338517118206184
1.582	0.337325396172938
1.583	0.336148603254897
1.584	0.334971810336856
1.585	0.333744883862935
1.586	0.332542353190968
1.587	0.331305741856894
1.588	0.330077592673404
1.589	0.328849443489913
1.59	0.327577311143096
1.591	0.326323665271729
1.592	0.325070019400361
1.593	0.323762271084729
1.594	0.322483252918682
1.595	0.321165042786701
1.596	0.319860779276778
1.597	0.318556515766854
1.598	0.317202381878078
1.599	0.315873002520487
1.6	0.314507843481666
1.601	0.313153480305577
1.602	0.311799117129488
1.603	0.310397734129705
1.604	0.30901852168455
1.605	0.307605549093081
1.606	0.306201624435611
1.607	0.304797699778142
1.608	0.303348213451324
1.609	0.30191971613242
1.61	0.300458077647281
1.611	0.299005149698516
1.612	0.297552221749752
1.613	0.296053793095986
1.614	0.294576579015954
1.615	0.293065440561411
1.616	0.291564087301804
1.617	0.290062734042197
1.618	0.288514545297405
1.619	0.286989202248859
1.62	0.28542775409418
1.621	0.283878573071878
1.622	0.282329392049575
1.623	0.2807306528182
1.624	0.279157788047242
1.625	0.277545250992977
1.626	0.275948859093516
1.627	0.274322180709767
1.628	0.27270242068191
1.629	0.271082660654053
1.63	0.269418292311976
1.631	0.267775325520459
1.632	0.266096297904589
1.633	0.264430288063218
1.634	0.262736266219562
1.635	0.261047379375432
1.636	0.259358492531301
1.637	0.257626435792874
1.638	0.255914840310362
1.639	0.254167299315411
1.64	0.252433165859947
1.641	0.250669818030113
1.642	0.248913319551728
1.643	0.247156821073343
1.644	0.245355158252492
1.645	0.243576469969153
1.646	0.241758545749761
1.647	0.239957845130484
1.648	0.238123353178437
1.649	0.236300819926191
1.65	0.234449459448261
1.651	0.232605275482659
1.652	0.230736751671865
1.653	0.228871101111646
1.654	0.227005450551426
1.655	0.225098194738491
1.656	0.223211263883793
1.657	0.221286463330471
1.658	0.219378440644906
1.659	0.217435823325081
1.66	0.215506899417601
1.661	0.213546201058014
1.662	0.211596568664585
1.663	0.209617533190623
1.664	0.207647387155698
1.665	0.205649767136632
1.666	0.203659304394433
1.667	0.201642861487888
1.668	0.199632281043495
1.669	0.197596786438912
1.67	0.195566289349168
1.671	0.193511524210053
1.672	0.191461313564282
1.673	0.189387069469004
1.674	0.187317350369548
1.675	0.185223429750461
1.676	0.18313440929304
1.677	0.181020625873729
1.678	0.178912513127623
1.679	0.176778692358027
1.68	0.174651698346091
1.681	0.172497677835298
1.682	0.170352015513805
1.683	0.168177645460304
1.684	0.166013529698629
1.685	0.16381867331779
1.686	0.161636320877925
1.687	0.159420854826511
1.688	0.157202467183032
1.689	0.154984299139919
1.69	0.152744874830004
1.691	0.15050913154329
1.692	0.14824858825281
1.693	0.145995493847113
1.694	0.143713764388611
1.695	0.141427694635148
1.696	0.139140577495845
1.697	0.136833004777476
1.698	0.134529219535297
1.699	0.132200122743846
1.7	0.129865701625392
1.701	0.127529275322855
1.702	0.125173104020825
1.703	0.1228207081426
1.704	0.12044281529887
1.705	0.118058743041803
1.706	0.115675118211314
1.707	0.1132691963988
1.708	0.110856522059999
1.709	0.108442626005442
1.71	0.106008042424389
1.711	0.103566196792137
1.712	0.101122999885893
1.713	0.0986592567953504
1.714	0.0961878089935606
1.715	0.0937162938947052
1.716	0.0912230349404343
1.717	0.0887216986621858
1.718	0.0862120002167761
1.719	0.0836998763078892
1.72	0.0811685158523128
1.721	0.0786285300359193
1.722	0.0760796883286449
1.723	0.0735292320817413
1.724	0.0709590572370062
1.725	0.0683798794462396
1.726	0.0657915258618582
1.727	0.0631938431540573
1.728	0.0605866978718331
1.729	0.0579699767967048
1.73	0.0553435872891224
1.731	0.0527127458540007
1.732	0.0500661862610245
1.733	0.0474101030660031
1.734	0.0447444685210939
1.735	0.0420692767497263
1.736	0.039379702208959
1.737	0.0366848377730298
1.738	0.033980343803189
1.739	0.0312663272723096
1.74	0.0285429188098786
1.741	0.0258067022192259
1.742	0.0230632963212878
1.743	0.0203109833838477
1.744	0.0175457374060061
1.745	0.0147717691903691
1.746	0.0119883999535746
1.747	0.00919534242370914
1.748	0.00639259178256332
1.749	0.0035801233537446
1.75	0.000757937137254224
1.751	0.00165417084784921
1.752	0.00390478018063499
1.753	0.00614457042622227
1.754	0.00837531473674542
1.755	0.0105963412595968
1.756	0.0128075697617143
1.757	0.0150087661064887
1.758	0.017199978414247
1.759	0.0193831021318194
1.76	0.0215538535051886
1.761	0.0237153003493247
1.762	0.0258679930785771
1.763	0.0280116589552819
1.764	0.0301425120346743
1.765	0.0322657373675235
1.766	0.0343795116815399
1.767	0.0364837111884532
1.768	0.0385782259818713
1.769	0.0406582390570478
1.77	0.0427320859927375
1.771	0.0447961498758074
1.772	0.0468503873011863
1.773	0.0488947678395071
1.774	0.0509292738656433
1.775	0.0529539003807591
1.776	0.0549686548280473
1.777	0.0569735569023481
1.778	0.0589686383538096
1.779	0.0609539427857736
1.78	0.0629353179576901
1.781	0.0648999803017323
1.782	0.0668547917206155
1.783	0.068799831161598
1.784	0.070735188583243
1.785	0.0726609647266385
1.786	0.0745772708817887
1.787	0.0764902079812521
1.788	0.0783850866242226
1.789	0.0802705593402383
1.79	0.0821467687949529
1.791	0.0840138672434209
1.792	0.0858773573230677
1.793	0.0877226775366776
1.794	0.0895590346135277
1.795	0.0913866092834404
1.796	0.0932110610186315
1.797	0.0950166643960449
1.798	0.0968136916885634
1.799	0.098611206508033
1.8	0.100386126653239
1.801	0.10215271440019
1.802	0.103911193261025
1.803	0.105666961749384
1.804	0.107403294804734
1.805	0.109131813557872
1.806	0.110858872944862
1.807	0.112565209252048
1.808	0.114264058068578
1.809	0.115961718776312
1.81	0.117638385338586
1.811	0.119307921329462
1.812	0.120975505242371
1.813	0.122622894005925
1.814	0.124275188887642
1.815	0.125900377814518
1.816	0.127518941474155
1.817	0.129140164497582
1.818	0.130736613292529
1.819	0.132326861029636
1.82	0.133916363962259
1.821	0.135484611524014
1.822	0.137058015198017
1.823	0.138604251725864
1.824	0.140144887007544
1.825	0.141685621630912
1.826	0.14320440277964
1.827	0.144728570817135
1.828	0.146225509307583
1.829	0.147717494124067
1.83	0.149208073004278
1.831	0.150678409549541
1.832	0.15215196915992
1.833	0.15360068893655
1.834	0.155057081709919
1.835	0.156484222943299
1.836	0.157907287220744
1.837	0.159328910391143
1.838	0.16073063420184
1.839	0.162134658030161
1.84	0.163515096537718
1.841	0.16490138030419
1.842	0.16626059438187
1.843	0.167628999115447
1.844	0.168967055096145
1.845	0.170317443588882
1.846	0.171634413015167
1.847	0.172948657700321
1.848	0.174262609210797
1.849	0.175556056891222
1.85	0.176851591256744
1.851	0.178124325788305
1.852	0.179401312993499
1.853	0.180653422431976
1.854	0.181911734293715
1.855	0.183143310647509
1.856	0.184382820828172
1.857	0.18559395981193
1.858	0.186814543832478
1.859	0.188005344621772
1.86	0.189206879874636
1.861	0.190377444861843
1.862	0.191559810623606
1.863	0.192710245175116
1.864	0.193873322619017
1.865	0.195003734833913
1.866	0.196147407042145
1.867	0.197257907512483
1.868	0.198382059488302
1.869	0.199472761061127
1.87	0.200577279740764
1.871	0.201648297281991
1.872	0.202733071546365
1.873	0.203784521706664
1.874	0.204849442392899
1.875	0.205881443375702
1.876	0.206926403288439
1.877	0.207939074620205
1.878	0.208963968542722
1.879	0.209957430845579
1.88	0.210962155550704
1.881	0.211936530317603
1.882	0.212920984578428
1.883	0.213876393950919
1.884	0.214840478551309
1.885	0.215777045100073
1.886	0.21672066284497
1.887	0.217638509353219
1.888	0.218561565078745
1.889	0.219460814328607
1.89	0.22036321491196
1.891	0.221265615495313
1.892	0.222125643843114
1.893	0.223007298212255
1.894	0.22384888501207
1.895	0.224709704155203
1.896	0.225532973005371
1.897	0.226372869980221
1.898	0.227177943664787
1.899	0.227996833607657
1.9	0.228783833899201
1.901	0.229581634033831
1.902	0.230350681499944
1.903	0.231127311146154
1.904	0.231878524959679
1.905	0.232633905541799
1.906	0.233389286123919
1.907	0.234101458350026
1.908	0.234835513405117
1.909	0.235530011058252
1.91	0.236242666244114
1.911	0.236919605341977
1.912	0.237610788444939
1.913	0.238270282898641
1.914	0.238939923841144
1.915	0.239582085285528
1.916	0.240230116133487
1.917	0.240878146981445
1.918	0.24148140873174
1.919	0.242107763701689
1.92	0.242693844600714
1.921	0.243298460066747
1.922	0.243867466110586
1.923	0.24445028061106
1.924	0.245002314891594
1.925	0.245563269135637
1.926	0.246098431693221
1.927	0.246637468567006
1.928	0.24717650544079
1.929	0.247672920820702
1.93	0.248189985393508
1.931	0.248669666669391
1.932	0.249164706199446
1.933	0.249627745615664
1.934	0.250100709555766
1.935	0.250547195769611
1.936	0.250998035772528
1.937	0.251448875775444
1.938	0.251856723654869
1.939	0.25228539357852
1.94	0.252676810390077
1.941	0.253083266302495
1.942	0.253458331439624
1.943	0.253842531623688
1.944	0.254201320436219
1.945	0.254563225394173
1.946	0.254925130352127
1.947	0.255245381543689
1.948	0.255584954001434
1.949	0.255889031986675
1.95	0.25620623689784
1.951	0.256494206534504
1.952	0.256789011084292
1.953	0.257083815634079
1.954	0.257333306421747
1.955	0.257605680030556
1.956	0.257839150511694
1.957	0.258089064838521
1.958	0.258306568623992
1.959	0.258533997569604
1.96	0.258735583630074
1.961	0.258940503339961
1.962	0.259145423049849
1.963	0.259308604808658
1.964	0.259490993675759
1.965	0.259638322121493
1.966	0.259798160788694
1.967	0.259929672860289
1.968	0.2600669442227
1.969	0.260204215585111
1.97	0.260297361204694
1.971	0.260412050411699
1.972	0.260489426314554
1.973	0.260581520771638
1.974	0.260643151450765
1.975	0.260712640821109
1.976	0.260782130191454
1.977	0.260805422007491
1.978	0.260852298213347
1.979	0.260859873045932
1.98	0.260884130269769
1.981	0.260875999901537
1.982	0.260877634586964
1.983	0.260879269272391
1.984	0.260832816629619
1.985	0.260811827482076
1.986	0.26074967909406
1.987	0.260706067081292
1.988	0.260628221907079
1.989	0.260561990259375
1.99	0.260468442230389
1.991	0.260379596440598
1.992	0.260290750650807
1.993	0.260158882294038
1.994	0.260047430117362
1.995	0.25989984174907
1.996	0.259765793202626
1.997	0.259602466016482
1.998	0.259445833378643
1.999	0.259289200740805
2	0.25908754142472
2.001	0.258908339234225
2.002	0.258690905459538
2.003	0.258489150514379
2.004	0.258255910978854
2.005	0.258031622334938
2.006	0.257807333691023
2.007	0.257535739868356
2.008	0.257288938837943
2.009	0.257001485754466
2.01	0.256732195904373
2.011	0.256428840154603
2.012	0.256137087304196
2.013	0.255817780811229
2.014	0.255503593030182
2.015	0.255189405249134
2.016	0.254831690718856
2.017	0.254495098324684
2.018	0.254121355720813
2.019	0.253762391276188
2.02	0.253372561176424
2.021	0.252991259486263
2.022	0.252609957796102
2.023	0.252181676205245
2.024	0.25177807431357
2.025	0.251333612637373
2.026	0.250907749823958
2.027	0.250447038032245
2.028	0.24999895580903
2.029	0.249521919781514
2.03	0.249051661888804
2.031	0.248581403996094
2.032	0.248065835923208
2.033	0.247573448325645
2.034	0.247041444118866
2.035	0.246526975001184
2.036	0.245978451140975
2.037	0.245441950903527
2.038	0.244876820230188
2.039	0.244318341484261
2.04	0.243759862738334
2.041	0.243156110887372
2.042	0.242575708450276
2.043	0.241955222075773
2.044	0.241352952965713
2.045	0.240715636962667
2.046	0.240091560393394
2.047	0.239437316547669
2.048	0.238791493922914
2.049	0.238120221057625
2.05	0.237452715965317
2.051	0.236785210873009
2.052	0.23607518829831
2.053	0.235386066504575
2.054	0.234658872216033
2.055	0.233948201658974
2.056	0.233203728683287
2.057	0.232471579466555
2.058	0.231709718494152
2.059	0.230956162880295
2.06	0.230176802434901
2.061	0.229401914838504
2.062	0.228627027242106
2.063	0.227808798431744
2.064	0.227012655412351
2.065	0.226176777073884
2.066	0.225359457328712
2.067	0.224505814677179
2.068	0.223667399033618
2.069	0.222795875831315
2.07	0.221936447239215
2.071	0.221046925986284
2.072	0.220166569510036
2.073	0.219258931639036
2.074	0.218357734449438
2.075	0.217431860523763
2.076	0.216509911889686
2.077	0.21556568180576
2.078	0.214623073085598
2.079	0.213680464365436
2.08	0.212697190911638
2.081	0.211734015544557
2.082	0.21073224006236
2.083	0.209748593559339
2.084	0.20872819725609
2.085	0.20772417719076
2.086	0.206685041441737
2.087	0.205660747441015
2.088	0.204602754008627
2.089	0.203558287743148
2.09	0.202481318999246
2.091	0.201416784173593
2.092	0.20032072332477
2.093	0.199236225667506
2.094	0.198120956983279
2.095	0.197016604236779
2.096	0.195882013280527
2.097	0.194757915190613
2.098	0.193603889053151
2.099	0.192460157358528
2.1	0.191286584894205
2.101	0.190123333315707
2.102	0.188930105380887
2.103	0.187747449610523
2.104	0.186534459304341
2.105	0.185332516994155
2.106	0.18409965990141
2.107	0.182878550652143
2.108	0.181625725088208
2.109	0.180385570437776
2.11	0.179112677695395
2.111	0.177853601107172
2.112	0.176560545705009
2.113	0.175282672555933
2.114	0.173969362488749
2.115	0.172654249593892
2.116	0.171339167047548
2.117	0.170003495869142
2.118	0.168670004252341
2.119	0.167313692864629
2.12	0.165961925085862
2.121	0.164584896066295
2.122	0.163214986885358
2.123	0.161817167571069
2.124	0.160429253586078
2.125	0.159010576331183
2.126	0.15758870491047
2.127	0.15616519839898
2.128	0.154722207795922
2.129	0.153281117172098
2.13	0.151816954557053
2.131	0.150358423638884
2.132	0.148873042247672
2.133	0.147397216623912
2.134	0.145890576017312
2.135	0.144379640612582
2.136	0.142869669356685
2.137	0.141337263054513
2.138	0.139810444342842
2.139	0.138256545521338
2.14	0.136697680631521
2.141	0.135137626297249
2.142	0.13355709211764
2.143	0.131980652999791
2.144	0.130378449141517
2.145	0.12877065134388
2.146	0.127161917060352
2.147	0.125532312677595
2.148	0.123907671304895
2.149	0.122256283581964
2.15	0.120598725190754
2.151	0.118942758743892
2.152	0.117263324885406
2.153	0.115577312323007
2.154	0.113890683581031
2.155	0.112182734933745
2.156	0.110467825875589
2.157	0.108751210163385
2.158	0.107014338090328
2.159	0.105270152522424
2.16	0.103524237452754
2.161	0.101758097778952
2.162	0.0999843224167986
2.163	0.0982098076281978
2.164	0.0964141250285412
2.165	0.0946105176737493
2.166	0.092808114564491
2.167	0.0909826868850186
2.168	0.0891490807110196
2.169	0.0873070913322156
2.17	0.085464214673469
2.171	0.0836005224319029
2.172	0.0817282489077088
2.173	0.0798472163847775
2.174	0.0779572562512839
2.175	0.0760630096939598
2.176	0.0741515925536285
2.177	0.0722311305360361
2.178	0.070301485282284
2.179	0.0683625286217282
2.18	0.0664199556085451
2.181	0.0644599733134403
2.182	0.0624906514005467
2.183	0.0605118950493196
2.184	0.0585236206543187
2.185	0.0565257560767273
2.186	0.0545182408918074
2.187	0.0525010266322234
2.188	0.0504740770271407
2.189	0.0484373682370356
2.19	0.0463908890841411
2.191	0.04433464127849
2.192	0.0422686396394989
2.193	0.0401929123130715
2.194	0.0381075009841893
2.195	0.0360124610850064
2.196	0.0339078619984499
2.197	0.0317937872573743
2.198	0.0296658292355113
2.199	0.0275316483619233
2.2	0.0253882550445482
2.201	0.0232320837083964
2.202	0.0210688568871152
2.203	0.0188938442667316
2.204	0.0167112853819864
2.205	0.0145168560870315
2.206	0.0123131372214063
2.207	0.010099879780281
2.208	0.00787705321233997
2.209	0.00564454404003418
2.21	0.00340097596086474
2.211	0.00114860176629632
2.212	0.000887593640520705
2.213	0.00268604767129359
2.214	0.0044747839143942
2.215	0.00625380236982253
2.216	0.00802310303757937
2.217	0.00978136211968576
2.218	0.011530781690576
2.219	0.0132703334352543
2.22	0.0149999617894104
2.221	0.0167197591272844
2.222	0.0184307957059066
2.223	0.0201303534702819
2.224	0.0218222739624569
2.225	0.0235015734604548
2.226	0.0251737315551742
2.227	0.026833216261296
2.228	0.0284852005399581
2.229	0.0301279473666239
2.23	0.0317573862028406
2.231	0.0333796002365882
2.232	0.0349923066845067
2.233	0.0365954185419669
2.234	0.0381888571659156
2.235	0.0397681851642974
2.236	0.0413410364335674
2.237	0.0429041372621534
2.238	0.0444574482392783
2.239	0.0460009375839229
2.24	0.047534581013652
2.241	0.0490583616102388
2.242	0.0505722696821993
2.243	0.052076302624324
2.244	0.0535704647743164
2.245	0.0550547672666309
2.246	0.0565292278836177
2.247	0.05799387090406
2.248	0.0594487269492129
2.249	0.0608938328264321
2.25	0.0623347072281107
2.251	0.0637591828780454
2.252	0.0651738572858275
2.253	0.0665787859299592
2.254	0.0679740298423361
2.255	0.0693596554411802
2.256	0.0707357343621563
2.257	0.0721089539390033
2.258	0.0734638007083516
2.259	0.074809123091231
2.26	0.0761450085064121
2.261	0.0774715489123806
2.262	0.0787888406306852
2.263	0.0801019016227486
2.264	0.0813976150111342
2.265	0.0826841547266957
2.266	0.0839616303381878
2.267	0.0852370120989048
2.268	0.086492720373159
2.269	0.0877394681989774
2.27	0.0889773768433774
2.271	0.090213931666645
2.272	0.0914299340554312
2.273	0.0926372265550269
2.274	0.0938359405579347
2.275	0.0950325550122112
2.276	0.0962092696822412
2.277	0.097377557736656
2.278	0.0985469441026181
2.279	0.0996931550727769
2.28	0.100831105560915
2.281	0.101960940756868
2.282	0.103088610009009
2.283	0.104196343214401
2.284	0.105296144739826
2.285	0.106395435237763
2.286	0.10747310075737
2.287	0.108543029085307
2.288	0.109613499980676
2.289	0.110661274134057
2.29	0.111701515120162
2.291	0.112742736936977
2.292	0.113760820178472
2.293	0.114771582478098
2.294	0.115783137290516
2.295	0.116771751630321
2.296	0.117753264127428
2.297	0.11873474573273
2.298	0.11969413217269
2.299	0.120646641426374
2.3	0.121597655513097
2.301	0.122528071502973
2.302	0.123463707724398
2.303	0.124372003528509
2.304	0.125273720448379
2.305	0.126178320335883
2.306	0.127057965462781
2.307	0.127931266137176
2.308	0.128804465810788
2.309	0.129655750987388
2.31	0.130513117981081
2.311	0.13134237525722
2.312	0.132165599034262
2.313	0.132991043366437
2.314	0.133792306783359
2.315	0.134587773151321
2.316	0.135380962315732
2.317	0.136154540895712
2.318	0.136931481779741
2.319	0.137683171237022
2.32	0.138429375995577
2.321	0.139173586985727
2.322	0.139897982287774
2.323	0.140625714912693
2.324	0.14132830480991
2.325	0.142039485636042
2.326	0.142720276272146
2.327	0.143395969493055
2.328	0.144073833002705
2.329	0.144727813538237
2.33	0.145388914839599
2.331	0.146021192746063
2.332	0.14664867387168
2.333	0.147276051983716
2.334	0.147881918824275
2.335	0.148492339307028
2.336	0.149076604783523
2.337	0.149670005859593
2.338	0.150232684189454
2.339	0.15079092866138
2.34	0.151350112367714
2.341	0.151886858288143
2.342	0.15242884743491
2.343	0.15294411058966
2.344	0.153468850206088
2.345	0.153962647272561
2.346	0.154452350042726
2.347	0.154942432557926
2.348	0.155410754701661
2.349	0.155883433095705
2.35	0.156330391680256
2.351	0.156785617881485
2.352	0.157211230501001
2.353	0.157633058310684
2.354	0.158053242867958
2.355	0.158453803994532
2.356	0.158856402591093
2.357	0.159235713968471
2.358	0.159620685513167
2.359	0.159978764281018
2.36	0.160346069439229
2.361	0.160682932870903
2.362	0.161016338073685
2.363	0.16134819950207
2.364	0.161660458082947
2.365	0.161974545701395
2.366	0.162265673158831
2.367	0.162561954699181
2.368	0.162831966402542
2.369	0.163110411372444
2.37	0.163359322504798
2.371	0.163619902191039
2.372	0.16384772769501
2.373	0.164072399581987
2.374	0.164297169693348
2.375	0.164500808272324
2.376	0.164707637665747
2.377	0.164890255073399
2.378	0.165079122181872
2.379	0.165240730126479
2.38	0.165411615176061
2.381	0.165552224899214
2.382	0.165705109911284
2.383	0.165824732152803
2.384	0.165941407719577
2.385	0.166058245912214
2.386	0.166153966428495
2.387	0.16625276143948
2.388	0.166327534159186
2.389	0.16640827521008
2.39	0.166462106776192
2.391	0.166524784892421
2.392	0.166557681318424
2.393	0.166602289330453
2.394	0.166614255985077
2.395	0.16662337660476
2.396	0.16663183012469
2.397	0.166620031481023
2.398	0.166610404227345
2.399	0.166577687888635
2.4	0.166549979920037
2.401	0.166496346781842
2.402	0.166450559965181
2.403	0.166376010251914
2.404	0.166312148262303
2.405	0.166216681532169
2.406	0.16613474985288
2.407	0.166018365006158
2.408	0.165899113596765
2.409	0.165781066219008
2.41	0.165640881664262
2.411	0.165504791891928
2.412	0.165343669395423
2.413	0.165189549939846
2.414	0.165007484114717
2.415	0.164835349492203
2.416	0.164632334386215
2.417	0.16444220091686
2.418	0.164218230040799
2.419	0.163991257201039
2.42	0.16376518220648
2.421	0.163517217414645
2.422	0.163273203341789
2.423	0.163004236903538
2.424	0.162742307272258
2.425	0.162452329104561
2.426	0.162172509229927
2.427	0.161861508905877
2.428	0.161547309939495
2.429	0.161231792692698
2.43	0.160896519193208
2.431	0.160563198396003
2.432	0.160206837420301
2.433	0.159855745544203
2.434	0.159478284019081
2.435	0.159109455317734
2.436	0.15871088010052
2.437	0.158324350606555
2.438	0.157904648548788
2.439	0.1574814299668
2.44	0.15705961408462
2.441	0.156615201268608
2.442	0.156175803331468
2.443	0.155710181762977
2.444	0.155253244884429
2.445	0.154766400327688
2.446	0.154275766344859
2.447	0.153783887962327
2.448	0.153271955302125
2.449	0.152762677865421
2.45	0.152229431875035
2.451	0.151702805514165
2.452	0.151148232159005
2.453	0.150604308746709
2.454	0.150028394700087
2.455	0.149448315533067
2.456	0.148869960582383
2.457	0.148268459495242
2.458	0.147672973517866
2.459	0.147050038149684
2.46	0.146422668961876
2.461	0.145793099026425
2.462	0.145144212012075
2.463	0.1444976925725
2.464	0.143827277269729
2.465	0.143163872251044
2.466	0.142471919616566
2.467	0.141775174774427
2.468	0.141078197161213
2.469	0.140359832594819
2.47	0.139646171344678
2.471	0.138906181253204
2.472	0.138161102313261
2.473	0.137414287506937
2.474	0.136647503167832
2.475	0.135884221780656
2.476	0.135095730568708
2.477	0.13430184682609
2.478	0.133505860964742
2.479	0.132690195283179
2.48	0.131877974823861
2.481	0.131040531198077
2.482	0.130197387999518
2.483	0.129352941804232
2.484	0.128487952804923
2.485	0.127627518721009
2.486	0.126740694576361
2.487	0.125847864308971
2.488	0.124955712469705
2.489	0.124040988912209
2.49	0.123120027023831
2.491	0.122196512112685
2.492	0.121253605642845
2.493	0.120314546165403
2.494	0.119349719116778
2.495	0.118378355404145
2.496	0.117408488583233
2.497	0.116415167091081
2.498	0.115415083475099
2.499	0.114414795390299
2.5	0.113392726665268
2.501	0.112363674698414
2.502	0.111333363731572
2.503	0.110282310445012
2.504	0.109224058472907
2.505	0.108164135154541
2.506	0.107083878033899
2.507	0.105996213806991
2.508	0.104907100657992
2.509	0.103797441111066
2.51	0.102680174422398
2.511	0.101562305791104
2.512	0.100423068553633
2.513	0.0992760338971281
2.514	0.0981298557918711
2.515	0.0969608915928588
2.516	0.095783950836526
2.517	0.0945988899613705
2.518	0.0934111089928861
2.519	0.0922041540612773
2.52	0.0909889177888324
2.521	0.0897739922408091
2.522	0.0885369478010478
2.523	0.0872914754282208
2.524	0.0860374457081672
2.525	0.0847827168824655
2.526	0.0835069845189193
2.527	0.0822225714256468
2.528	0.0809293585889732
2.529	0.0796272303918744
2.53	0.0783211923755941
2.531	0.076997532868066
2.532	0.0756648696379189
2.533	0.0743230996568511
2.534	0.0729721240343823
2.535	0.0716168669381071
2.536	0.0702446224264837
2.537	0.0688631245584937
2.538	0.0674722891859931
2.539	0.066072037025982
2.54	0.064662293842908
2.541	0.0632485744759836
2.542	0.0618179991167806
2.543	0.0603779429691647
2.544	0.0589283491671641
2.545	0.0574691665943628
2.546	0.0560003500589371
2.547	0.0545218604670059
2.548	0.0530336649942028
2.549	0.0515357372554025
2.55	0.0500280574725117
2.551	0.0485106126402551
2.552	0.0469833966898724
2.553	0.0454464106506647
2.554	0.043899662809311
2.555	0.042343168866894
2.556	0.04077695209356
2.557	0.0392010434807653
2.558	0.0376154818910387
2.559	0.036020314205216
2.56	0.0344155954670838
2.561	0.0327967627565213
2.562	0.0311718551281361
2.563	0.0295375370802514
2.564	0.0278939056986493
2.565	0.0262367355886457
2.566	0.0245730592821868
2.567	0.022897603713698
2.568	0.0212140741270183
2.569	0.0195194329818358
2.57	0.0178164802969764
2.571	0.0161022206752386
2.572	0.0143786119148628
2.573	0.0126467011043783
2.574	0.0109034957840201
2.575	0.00914949808537827
2.576	0.00738695576922101
2.577	0.00561469566539148
2.578	0.00383271777388967
2.579	0.00203997101616227
2.58	0.000238128102397832
2.581	0.00125096148794444
2.582	0.00268130363335553
2.583	0.0041027715654803
2.584	0.00551452170993216
2.585	0.00691655406671174
2.586	0.00830886863581904
2.587	0.00969004516136093
2.588	0.0110624871523348
2.589	0.0124250890539059
2.59	0.0137777658662248
2.591	0.0151205297756636
2.592	0.0164534796794488
2.593	0.0177778267921149
2.594	0.0190905593023103
2.595	0.020393830419469
2.596	0.0216883815392873
2.597	0.0229716983789233
2.598	0.0242465774318601
2.599	0.0255125441857071
2.6	0.026765188868457
2.601	0.0280109582178423
2.602	0.0292446491422304
2.603	0.0304700775648853
2.604	0.0316861503336
2.605	0.0328927892699928
2.606	0.0340864440091432
2.607	0.0352725378416684
2.608	0.036449053164179
2.609	0.0376159356843267
2.61	0.0387731357827686
2.611	0.0399206084253431
2.612	0.0410583130736562
2.613	0.0421818967949799
2.614	0.0432991923621318
2.615	0.0444067120036516
2.616	0.0455044353716352
2.617	0.0465923460361414
2.618	0.0476704313865285
2.619	0.0487386825317082
2.62	0.049797094199369
2.621	0.0508456646342426
2.622	0.0518843954954628
2.623	0.0529132917530876
2.624	0.0539323615838418
2.625	0.0549416162661468
2.626	0.0559410700744937
2.627	0.0569307401732252
2.628	0.0579160248433392
2.629	0.0588853667967455
2.63	0.0598448700614431
2.631	0.0607945608766838
2.632	0.0617344679520117
2.633	0.062664622358898
2.634	0.0635850574221461
2.635	0.0644958086111375
2.636	0.0653969134309716
2.637	0.066288411313569
2.638	0.0671751939899102
2.639	0.0680457223950571
2.64	0.0689066403015095
2.641	0.0697579934023224
2.642	0.0705998288915241
2.643	0.0714321953557916
2.644	0.0722610927592117
2.645	0.0730722088531419
2.646	0.0738738748278495
2.647	0.0746661439786717
2.648	0.0754490705723994
2.649	0.0762301557426782
2.65	0.0769916427355334
2.651	0.0777438209393681
2.652	0.0784867481100508
2.653	0.0792204825614954
2.654	0.0799525003444324
2.655	0.0806646469388893
2.656	0.0813676463334744
2.657	0.0820615591383828
2.658	0.0827464461198057
2.659	0.0834282190357292
2.66	0.0840914051078687
2.661	0.0847456195950257
2.662	0.0853909244041686
2.663	0.0860342887789091
2.664	0.086657811405943
2.665	0.0872724838457013
2.666	0.0878783683149067
2.667	0.0884827408387116
2.668	0.0890667781401052
2.669	0.0896420906416981
2.67	0.0902087400690981
2.671	0.0907735722476776
2.672	0.0913183236416982
2.673	0.0918544773007872
2.674	0.0923820936926223
2.675	0.0929068723603813
2.676	0.0934125518943557
2.677	0.0939097602256402
2.678	0.094407569125872
2.679	0.0948828036360515
2.68	0.0953496336239727
2.681	0.0958081163120763
2.682	0.0962650962255994
2.683	0.0967015833432868
2.684	0.0971297883428404
2.685	0.0975593151640635
2.686	0.0979654995773775
2.687	0.0983634662809181
2.688	0.0987532674401847
2.689	0.0991412912825618
2.69	0.0995090622535742
2.691	0.0998687286035388
2.692	0.100228884297586
2.693	0.100566504333228
2.694	0.100896078674127
2.695	0.101217652834346
2.696	0.101535734811182
2.697	0.101835260857295
2.698	0.102126840442554
2.699	0.102416708577606
2.7	0.102686230159441
2.701	0.102947855962335
2.702	0.103209391611643
2.703	0.103448951936786
2.704	0.103680663767493
2.705	0.10391375958521
2.706	0.104123400559557
2.707	0.104325236598987
2.708	0.104519298570078
2.709	0.104709558194754
2.71	0.104881554410372
2.711	0.105045812559082
2.712	0.105207413710417
2.713	0.105349603336103
2.714	0.105484086492577
2.715	0.105616961704021
2.716	0.105729374785174
2.717	0.105834108381106
2.718	0.10593820165733
2.719	0.10602086466229
2.72	0.106095870377005
2.721	0.10617113721977
2.722	0.106224072718469
2.723	0.10626936819264
2.724	0.106315775622069
2.725	0.106339002032691
2.726	0.106354600650398
2.727	0.106372127221633
2.728	0.106365658625897
2.729	0.106351569365562
2.73	0.106340205180809
2.731	0.10630405120835
2.732	0.10626027856295
2.733	0.106208884661826
2.734	0.106154191061064
2.735	0.106080735027856
2.736	0.105999650597186
2.737	0.105916092051709
2.738	0.105812948191562
2.739	0.105702163730201
2.74	0.105589770785089
2.741	0.105456930351357
2.742	0.105316432143569
2.743	0.105175246887997
2.744	0.10501269702471
2.745	0.104842467374042
2.746	0.104672543427931
2.747	0.104480267436939
2.748	0.104280284968811
2.749	0.104081687464871
2.75	0.103859665141424
2.751	0.103629905173828
2.752	0.103402710735003
2.753	0.103150918771089
2.754	0.102891353752651
2.755	0.102623984025753
2.756	0.102354062919602
2.757	0.102064662934117
2.758	0.10176741555368
2.759	0.10146913915045
2.76	0.10114987248684
2.761	0.10082271223694
2.762	0.100496197131723
2.763	0.100147030918236
2.764	0.0997899217741016
2.765	0.0994248265615885
2.766	0.0990561967955095
2.767	0.0986691026526593
2.768	0.0982739676929829
2.769	0.0978774401857415
2.77	0.0974603256497648
2.771	0.0970351134205392
2.772	0.0966108442119499
2.773	0.0961636754472467
2.774	0.0957083504457861
2.775	0.0952448171785128
2.776	0.0947792523573893
2.777	0.094293782035558
2.778	0.0938000419540774
2.779	0.093307174155675
2.78	0.0927915299089166
2.781	0.092267554027247
2.782	0.0917351898940037
2.783	0.0912017362248572
2.784	0.0906475010998408
2.785	0.0900848149768719
2.786	0.0895136191104929
2.787	0.0889400545136573
2.788	0.0883470306876039
2.789	0.0877454348713193
2.79	0.0871352069201294
2.791	0.0865220426700221
2.792	0.0858900416496216
2.793	0.0852493481985425
2.794	0.0845999015429761
2.795	0.0839476848049397
2.796	0.0832765339359751
2.797	0.0825965730432363
2.798	0.0819077415308076
2.799	0.0812170548887873
2.8	0.0805066041878569
2.801	0.0797872311165753
2.802	0.0790588760971516
2.803	0.078321479660861
2.804	0.0775804663255215
2.805	0.0768215686221303
2.806	0.0760535862496616
2.807	0.0752764619297907
2.808	0.0744901389011864
2.809	0.0736999778554817
2.81	0.0728923066208939
2.811	0.07207540501567
2.812	0.0712492196844964
2.813	0.0704136982104047
2.814	0.0695756478895728
2.815	0.0687189723424736
2.816	0.0678529437684352
2.817	0.0669775144053311
2.818	0.0660926378606937
2.819	0.0651982692227807
2.82	0.0642943651720451
2.821	0.063387009501862
2.822	0.0624622876332755
2.823	0.0615280406082972
2.824	0.0605842316878517
2.825	0.0596308261648485
2.826	0.0586677914766834
2.827	0.0576950973177903
2.828	0.0567127157521935
2.829	0.0557206213259951
2.83	0.0547187911797445
2.831	0.0537072051606255
2.832	0.0526858459344105
2.833	0.0516546990971168
2.834	0.0506187487853313
2.835	0.0495677349322814
2.836	0.048507018537968
2.837	0.0474365956733027
2.838	0.0463564657718606
2.839	0.0452618687844082
2.84	0.0441620747572476
2.841	0.043052496631958
2.842	0.041933151324242
2.843	0.040804059767799
2.844	0.0396652470189849
2.845	0.0385167423605038
2.846	0.0373585794040829
2.847	0.0361907961920741
2.848	0.0350134352979386
2.849	0.0338223820159152
2.85	0.0326247480535431
2.851	0.0314176334627812
2.852	0.0302011041016256
2.853	0.0289718734256319
2.854	0.027735093453347
2.855	0.0264890896560283
2.856	0.0252310027058849
2.857	0.0239649431896637
2.858	0.0226899322785422
2.859	0.0214021440009758
2.86	0.0201075134357103
2.861	0.0188004368011173
2.862	0.0174843981357903
2.863	0.0161599819037039
2.864	0.0148241515863748
2.865	0.0134788441990648
2.866	0.012123897378184
2.867	0.0107592381858462
2.868	0.00938488574856865
2.869	0.00800086026546557
2.87	0.00660711699469082
2.871	0.00520231876341156
2.872	0.00378871047037418
2.873	0.0023653843896639
2.874	0.000932340521281965
2.875	0.000408275961177188
2.876	0.00155509321085062
2.877	0.002690769346076
2.878	0.00381772157348681
2.879	0.00493495601322533
2.88	0.00604247266529158
2.881	0.00713913041523748
2.882	0.00822678204504109
2.883	0.00930471588717243
2.884	0.0103729319416315
2.885	0.0114313814290761
2.886	0.0124798942555154
2.887	0.013518418890765
2.888	0.0145469569746855
2.889	0.0155655617905244
2.89	0.0165743366364491
2.891	0.0175734331009791
2.892	0.0185638322572947
2.893	0.0195427829250846
2.894	0.0205140811901197
2.895	0.0214728985680109
2.896	0.022424705502374
2.897	0.0233635569650585
2.898	0.0242955653509039
2.899	0.0252147634751919
2.9	0.0261267447589507
2.901	0.0270267371391011
2.902	0.0279185366188026
2.903	0.0288011311466836
2.904	0.0296714270074479
2.905	0.0305336522898198
2.906	0.0313865136310341
2.907	0.0322299565023845
2.908	0.033060355337816
2.909	0.0338832934187496
2.91	0.0346967048499032
2.911	0.0355005479931255
2.912	0.0362947837641342
2.913	0.0370793755729978
2.914	0.0378495057931142
2.915	0.0386135766239619
2.916	0.0393679571022097
2.917	0.0401126213487469
2.918	0.0408475456059579
2.919	0.0415727081760129
2.92	0.0422880893589813
2.921	0.0429936713908133
2.922	0.0436894383812227
2.923	0.0443708757576496
2.924	0.0450464494520411
2.925	0.0457122293880384
2.926	0.04636820718373
2.927	0.0470143759514705
2.928	0.0476507302362287
2.929	0.0482772659541371
2.93	0.0488939803312768
2.931	0.0495008718427361
2.932	0.0500979401519736
2.933	0.050685186050526
2.934	0.0512626113980909
2.935	0.0518302190630244
2.936	0.0523880128632817
2.937	0.0529359975078396
2.938	0.0534741785386305
2.939	0.0540025622730251
2.94	0.0545263390717767
2.941	0.0550346406044087
2.942	0.0555331078414896
2.943	0.0560217501135947
2.944	0.0565005773080429
2.945	0.0569695998144884
2.946	0.0574288284712488
2.947	0.057878274512399
2.948	0.0583179495156625
2.949	0.0587478653511259
2.95	0.0591680341308082
2.951	0.0595784681591117
2.952	0.0599791798841836
2.953	0.0603701818502126
2.954	0.0607564253147209
2.955	0.0611268471070439
2.956	0.0614875463170542
2.957	0.0618385365868575
2.958	0.0621798314775574
2.959	0.0625114444265138
2.96	0.0628333887056894
2.961	0.0631456773811059
2.962	0.0634483232734338
2.963	0.0637464993808912
2.964	0.0640283585327259
2.965	0.0643005704333916
2.966	0.0645631480568462
2.967	0.0648161039887967
2.968	0.0650594503931555
2.969	0.0652931989797498
2.97	0.065517360973303
2.971	0.0657368670653216
2.972	0.0659401156285707
2.973	0.0661337771116973
2.974	0.0663178622436847
2.975	0.0664923811595874
2.976	0.0666573433760023
2.977	0.0668127577679027
2.978	0.0669639408094611
2.979	0.0670983668925586
2.98	0.0672232463538154
2.981	0.0673385871623669
2.982	0.067444396568468
2.983	0.0675406810872141
2.984	0.0676274464836924
2.985	0.0677097422063633
2.986	0.0677754747579533
2.987	0.0678316897641419
2.988	0.0678783918168796
2.989	0.0679155847140047
2.99	0.0679432714515467
2.991	0.0679679085612785
2.992	0.0679745458705838
2.993	0.0679716786972174
2.994	0.0679593087548265
2.995	0.0679374369394431
2.996	0.0679060633290543
2.997	0.0678651871846544
2.998	0.0678205463534333
2.999	0.0677586266680392
3	0.0676872055734188
