0	1
0.00451523640985731	0.999900000706977
0.00903024705225003	0.99960001957569
0.0135445803696648	0.999100149575988
0.0180577848045607	0.998400559556696
0.0225694088444934	0.997501500558293
0.0270790010672275	0.996403298950634
0.0315861101858337	0.995106367617182
0.0360902850937648	0.993611194511016
0.0405910749098942	0.991918349250224
0.0450880290235881	0.990028477279339
0.049580697139604	0.987942305260491
0.05406862932314	0.985660640780395
0.0585513760446507	0.983184367558752
0.0630284882247542	0.980514444024155
0.0674995172790227	0.977651912978267
0.0719640151627285	0.974597891149902
0.076421534415527	0.971353569914484
0.0808716282060735	0.967920219267611
0.085313850376568	0.96429918839515
0.0897477554872234	0.960491895270138
0.0941728988606525	0.956499836006416
0.0985888366261697	0.952324584216958
0.102995125764001	0.94796777955332
0.107391324149426	0.943431142252225
0.111776990596713	0.938716461617258
0.116151684903112	0.933825596455539
0.120514967892571	0.928760478633914
0.124866401459578	0.923523112268402
0.129205548612622	0.918115567656625
0.133531973517539	0.912539984708076
0.137845241540922	0.906798572076225
0.142144919293399	0.900893602154122
0.146430574672571	0.894827416396178
0.150701776905808	0.888602419235594
0.15495809659315	0.882221083240909
0.15919910574984	0.875685937018377
0.163424377848717	0.868999579334035
0.167633487862672	0.862164663043437
0.171826012306465	0.855183904066009
0.176001529278792	0.848060079233575
0.180159618504176	0.840796020315105
0.184299861374196	0.833394616826002
0.188421840989193	0.825858814845833
0.19252514219926	0.818191612075565
0.196609351645311	0.810396062336195
0.200674057799669	0.802475270564056
0.204718851006955	0.794432392535293
0.208743323524109	0.786270632719165
0.212747069560697	0.777993246615238
0.216729685318765	0.76960353492558
0.220690769032504	0.761104841468227
0.224629921007671	0.752500560612576
0.228546743660777	0.743794123675923
0.232440841558016	0.734989006321391
0.236311821453941	0.726088726204438
0.240159292329877	0.717096838192206
0.243982865432072	0.708016933054139
0.247782154309563	0.698852640148578
0.251556774851682	0.689607621876819
0.255306345325708	0.680285577016508
0.259030486413355	0.670890230578287
0.262728821247832	0.66142534332773
0.266400975450236	0.651894701688677
0.270046577165396	0.642302120882063
0.273665257097799	0.632651439671806
0.277256648547197	0.622946522583864
0.280820387443452	0.613191258971669
0.284356112381376	0.603389554368106
0.287863464655125	0.593545338884636
0.291342088292322	0.583662557874481
0.294791630087399	0.573745174556116
0.298211739635441	0.563797165081263
0.301602069364525	0.55382252095737
0.304962274568458	0.543825244788388
0.308292013439005	0.533809348745296
0.311590947097325	0.523778855448217
0.314858739625274	0.513737792647896
0.318095058096189	0.503690194124544
0.321299572605205	0.493640098033853
0.324471956299115	0.483591542458073
0.3276118854058	0.4735485697815
0.330719039262804	0.463515218291
0.333793100346114	0.45349552482476
0.336833754297674	0.443493522806203
0.339840689952787	0.433513238306994
0.342813599366584	0.423558691079607
0.345752177840324	0.413633891659128
0.348656123946788	0.403742840043423
0.351525139555047	0.393889524116539
0.354358929854882	0.384077918077329
0.35715720337979	0.374311980877133
0.359919672030179	0.364595654449619
0.362646051095085	0.354932863223034
0.365336059273418	0.345327510462809
0.367989418694311	0.335783478664481
0.370605854936643	0.326304627953902
0.373185097047409	0.316894792837466
0.375726877559402	0.307557782661819
0.378230932507865	0.298297379153901
0.380697001445749	0.289117335149897
0.383124827458102	0.280021373141463
0.385514157174936	0.271013183839609
0.387864740783103	0.262096424600039
0.39017633203648	0.253274718639511
0.392448688264947	0.244551652859121
0.394681570381153	0.235930776532017
0.396874742886247	0.227415600608124
0.399027973873126	0.219009596139596
0.401141035027855	0.210716192401545
0.403213701628789	0.202538776596287
0.405245752543218	0.194480691595629
0.407236970221302	0.186545235639489
0.409187140687086	0.178735660538086
0.411096053526002	0.171055170547999
0.41296350186919	0.163506921762319
0.41478928237334	0.156094020297699
0.416573195196336	0.148819521758527
0.41831504396742	0.141686430194842
0.420014635752523	0.134697696742038
0.421671781012391	0.127856219106052
0.423286293553908	0.121164840664774
0.424857990473123	0.114626349302452
0.426386692088888	0.108243477110781
0.427872221865728	0.102018899411836
0.429314406324282	0.0959552342627251
0.430713074937345	0.0900550419178678
0.432068060009179	0.0843208244053266
0.433379196534836	0.0787550252132662
0.434646322036909	0.073360029098845
0.435869276374173	0.0681381620437224
0.43704790151739	0.0630916913773797
0.438182041286044	0.0582228260961947
0.439271541036552	0.0535337174196875
0.440316247292134	0.0490264596278357
0.441316007300321	0.044703091241138
0.442270668500415	0.0405655966216575
0.44318007787761	0.0366159080977692
0.444044081172869	0.0328559087492186
0.444862521906487	0.0292874360378807
0.44563524015864	0.0259122865346837
0.446362071026025	0.022732222099754
0.447042842641064	0.0197489780170096
0.447677373586919	0.0169642738197956
0.448265469458983	0.0143798279091118
0.448806918187837	0.0119973776660781
0.449301483507668	0.00981870778198583
0.449753007148656	0.00782755071056272
0.450204530789644	0.00583439363914369
0.450656054430633	0.00383923656772542
0.451107578071621	0.00184207949630653
0.451523640985759	9.86685940845998e-17
0.451523640985759	9.86685940845998e-17
0.451523640985759	-4.62026078427551e-14
0.451523640985772	-1.89660239210518e-17
0.451523873119122	8.21821463215825e-07
0.451523873119122	8.21821463237813e-07
0.45197539676011	0.00159834999389073
0.452426920401099	0.00319387816635736
0.452878444042087	0.00478740633882759
0.453329967683075	0.00637893451129788
0.453781491324064	0.00796846268376815
0.454233014965052	0.00955599085623841
0.454684538606051	0.0111415190287441
0.455161137134764	0.0128129281450593
0.455672235732565	0.0146028513205582
0.45621786709579	0.0165108838670853
0.45679805097237	0.0185365401516812
0.457412795727717	0.0206792593294665
0.458062099586566	0.0229384099560673
0.458745951630409	0.0253132937599225
0.45946433260771	0.0278031487758123
0.4602172155991	0.0304071519878242
0.461004566568635	0.0331244215910351
0.461826344824842	0.0359540189551014
0.462682503409489	0.0388949503525849
0.463572989427733	0.041946168499826
0.464497744330935	0.045106573949749
0.465456704160196	0.0483750163646994
0.46644979975771	0.0517502956939278
0.467476956951152	0.0552311632739078
0.468538096715693	0.058816322867201
0.46963313531711	0.0625044316519282
0.470761984438785	0.0662941011712703
0.471924551295237	0.0701838982521432
0.473120738733911	0.0741723458987526
0.474350445327292	0.0782579241679085
0.475613565456256	0.0824390710293382
0.47690998938604	0.0867141832151983
0.478239603336131	0.0910816170632923
0.479602289544184	0.0955396893540901
0.480997926325615	0.100086678146889
0.482426388128495	0.104720823613721
0.483887545585259	0.109440328875776
0.485381265560887	0.114243360841057
0.48690741119826	0.119128051045358
0.488465841961355	0.124092496498457
0.490056413675966	0.12913476053435
0.491678978568505	0.134252873648735
0.493333385303447	0.139444834434224
0.49501947901898	0.144708610380645
0.496737101361337	0.150042138664676
0.498486090518369	0.15544332720525
0.500266281251576	0.160910055567061
0.502077504927592	0.166440175691172
0.503919589549076	0.172031512783042
0.50579235978426	0.177681866403283
0.507695636996657	0.183389011451556
0.509629239273743	0.18915069864911
0.511592981455421	0.1949646559046
0.51358667516204	0.200828589277547
0.515610128822106	0.206740183381009
0.51766314769975	0.212697103153545
0.519745533921735	0.218696993921351
0.521857086504737	0.224737483286718
0.523997601382056	0.230816181148561
0.526166871430193	0.236930681654994
0.528364686495769	0.243078563181574
0.530590833421902	0.249257390348713
0.532845096074782	0.255464713953944
0.535127255370176	0.261698073054242
0.537437089299934	0.267954994924975
0.539774372958519	0.274232996835771
0.542138878569567	0.280529586704612
0.5445303755125	0.286842264177985
0.546948630349199	0.293168521643798
0.549393406850758	0.299505845246149
0.551864466024318	0.305851715732689
0.554361566140003	0.312203610320633
0.556884462757958	0.318559002022102
0.559432908755499	0.324915362359257
0.56200665435439	0.331270161355061
0.564605447148238	0.337620869642821
0.567229032130027	0.343964957649155
0.569877151719786	0.350299898259129
0.572549545792405	0.35662316788899
0.575245951705593	0.362932245742806
0.577966104327982	0.369224616774869
0.58070973606746	0.375497771731657
0.583476576899333	0.381749208357513
0.58626635439528	0.387976432188771
0.589078793751835	0.394176958638855
0.591913617819356	0.40034831184051
0.594770547131078	0.406488027804038
0.597649299932344	0.412593654330751
0.600549592209995	0.418662752217534
0.603471137721926	0.424692896240892
0.606413648026808	0.430681676134444
0.609376832513976	0.436626697561082
0.612360398433481	0.442525583078276
0.615364050926311	0.448375973097466
0.618387493054775	0.45417552683536
0.62143042583305	0.45992192300115
0.624492548257891	0.465612862018207
0.627573557339543	0.471246064382027
0.630673148132669	0.476819274149843
0.633791013767615	0.4823302582961
0.636926845481834	0.487776809220349
0.640080332651293	0.493156742940446
0.643251162822174	0.498467902671894
0.646439021742696	0.50370815835086
0.649643593395086	0.508875408048363
0.652864560027737	0.513967577683542
0.656101602187339	0.518982623562022
0.659354398751548	0.523918531484629
0.662622626961293	0.528773320186756
0.665905962453626	0.533545039231
0.669204079294492	0.538231769741715
0.672516650011822	0.542831627563228
0.675843345628536	0.547342764077499
0.679183835695831	0.551763364526204
0.682537788326593	0.556091648068883
0.685904870228755	0.560325874725097
0.689284746739153	0.564464337372649
0.692677081857128	0.568505369298358
0.696081538278433	0.572447341109409
0.699497777429264	0.576288664587968
0.702925459500203	0.58002778948937
0.706364243480669	0.583663207388282
0.709813787193078	0.587193448372693
0.713273747327352	0.590617088867981
0.716743779475287	0.593932742332071
0.720223538165437	0.597139070417664
0.723712676897623	0.600234772857593
0.727210848177824	0.60321859803735
0.730717703553125	0.606089336121383
0.734232893646651	0.6088458235944
0.737756068192661	0.611486939634705
0.741286876071709	0.61401161343243
0.744824965345873	0.616418818465243
0.748369983294066	0.618707572873779
0.751921576447413	0.620876946828804
0.755479390624718	0.622926052464667
0.759043070967912	0.624854055425412
0.762612261977664	0.626660163989641
0.76618660754906	0.62834363994747
0.769765751007193	0.629903791868475
0.773349335142948	0.631339976072306
0.776937002248765	0.632651600452916
0.78052839415447	0.633838121171914
0.784123152263132	0.634899046458777
0.787720917586966	0.63583393324608
0.791321330783265	0.636642386626107
0.794924032190363	0.637324066488816
0.798528661863627	0.637878680485291
0.802134859611457	0.63830598847085
0.805742265031346	0.638605799006242
0.809350517545888	0.638777973053278
0.812959256438865	0.638822424046029
0.816568120891302	0.638739114323034
0.820176750017544	0.638528058767156
0.823784782901327	0.638189321196753
0.827391858631848	0.63772301796693
0.830997616339838	0.637129317931783
0.834601695233602	0.636408438777608
0.838203734635073	0.635560649835818
0.841803374015834	0.6345862719858
0.845400253033122	0.633485673939395
0.848994011565809	0.632259279298471
0.852584289750351	0.630907559919994
0.856170728016714	0.629431035756641
0.859752967124254	0.62783028180952
0.863330648197564	0.626105917191783
0.866903412762279	0.624258616302163
0.87047090278082	0.622289097185042
0.87403276068815	0.620198131900711
0.877588629427318	0.617986539133679
0.881138152485203	0.61565518390779
0.884680973927903	0.613204984259742
0.888216738436265	0.610636900379615
0.891745091341341	0.607951944714314
0.895265678659594	0.60515117390572
0.898778147128205	0.602235692546527
0.902282144240301	0.599206649309845
0.905777318279894	0.596065240619514
0.909263318357042	0.592812706758969
0.912739794442602	0.589450335445893
0.916206397403125	0.585979453916177
0.919662779035554	0.582401437820304
0.923108592101732	0.578717703956481
0.926543490363072	0.574929710428614
0.929967128614839	0.571038959368262
0.933379162720303	0.567046993050053
0.936779249645156	0.562955397178499
0.940167047491228	0.558765793166261
0.943542215530648	0.554479846508535
0.94690441423946	0.550099259688391
0.950253305331324	0.54562577219905
0.953588551790853	0.541061162995197
0.956909817907189	0.536407246654941
0.960216769307042	0.531665875749652
0.963509072987779	0.526838937025868
0.966786397350343	0.52192835071197
0.970048412231875	0.516936072768728
0.973294788938348	0.51186409110818
0.976525200277038	0.506714427760122
0.979739320588629	0.501489134546525
0.982936825779296	0.496190295193787
0.986117393352564	0.490820021080256
0.98928070244102	0.485380456353205
0.992426433837648	0.479873770291945
0.995554270027333	0.474302160960942
0.998663895217842	0.468667852652877
1.00175499537063	0.462973095287741
1.00482725823175	0.457220163522608
1.00788037336188	0.451411355848146
1.01091403216698	0.445548993425646
1.01392792792808	0.439635420442324
1.01692175583112	0.433673000628585
1.01989521299654	0.427664118629329
1.02284799850864	0.421611178766945
1.02577981344436	0.415516602861194
1.02869036090236	0.409382830495736
1.03157934603137	0.40321231685827
1.03444647605872	0.39700753318757
1.03729146031814	0.390770964843097
1.04011401027761	0.384505110337297
1.04291383956665	0.378212481449982
1.04569066400356	0.37189560002191
1.04844420162253	0.365556998954586
1.05117417269971	0.359199221153652
1.0538802997799	0.352824816637222
1.05656230770225	0.346436343629056
1.05921992362594	0.340036366297178
1.06185287705521	0.333627454927934
1.06446089986469	0.327212182758441
1.06704372632353	0.320793127861854
1.06960109311974	0.314372869077001
1.07213273938418	0.307953987977793
1.07463840671362	0.301539064919653
1.07711783919393	0.295130680722063
1.07957078342281	0.28873141385099
1.08199698853159	0.28234383961804
1.08439620620737	0.275970529996861
1.08676819071389	0.269614051929324
1.08911269891254	0.263276966329946
1.09142949028251	0.256961827689958
1.09371832694079	0.250671182289153
1.09597897366105	0.244407567229899
1.09821119789251	0.23817351016533
1.10041476977814	0.231971527712899
1.10258946217179	0.225804124550851
1.1047350506554	0.219673792762896
1.10685131355485	0.213583010206941
1.10893803195558	0.207534240201925
1.11099498971724	0.201529930238068
1.1130219734876	0.195572511089089
1.11501877271576	0.189664395810951
1.11698517966413	0.183807979083185
1.11892098941984	0.178005635676354
1.12082599990492	0.172259720298906
1.12270001188563	0.166572566097348
1.12454282898037	0.160946484030771
1.12635425766654	0.155383761934739
1.12813410728603	0.149886663651947
1.1298821900493	0.144457428176065
1.13159832103791	0.139098268850872
1.13328231820525	0.133811372378745
1.13493400237567	0.128598898221594
1.1365531972414	0.123462977828171
1.1381397293575	0.118405713503955
1.13969342813399	0.113429178103837
1.14121412582592	0.108535413997941
1.14270165751981	0.103726432466698
1.14415586111749	0.0990042129890993
1.14557657731567	0.0943707025752176
1.14696364958184	0.0898278151240076
1.14831692412548	0.0853774308095099
1.14963624986386	0.0810213954989242
1.15092147838233	0.076761520202561
1.15217246388751	0.0725995805619965
1.15338906315311	0.0685373163771688
1.15457113545687	0.0645764311786435
1.15571854250735	0.0607185918489318
1.15683114835891	0.0569654282995114
1.1579088193129	0.0533185332106313
1.15895142380291	0.0497794618412521
1.15995883226086	0.0463497319214021
1.16093091696042	0.0430308236386271
1.16186755183361	0.0398241797339807
1.16276861225472	0.0367312057280641
1.16363397478481	0.0337532703007778
1.16446351686775	0.0308917058573183
1.16525711646661	0.0281478093191346
1.16601465162571	0.0255228431927422
1.16673599993842	0.0230180369853844
1.16742103789561	0.0206345890574192
1.16806964007895	0.0183736690364167
1.16868167815146	0.0162364209620918
1.1692570195776	0.014223967399984
1.16979552597656	0.012337414864546
1.17029705096729	0.0105778610507525
1.17076143729305	0.00894640462376912
1.17121296093405	0.00735810818419188
1.17166448457505	0.00576781174461717
1.17211600821606	0.00417551530500669
1.17256753185705	0.00258121886543218
1.17301905549806	0.000984922425821342
1.17329736590034	-2.78151108726372e-16
1.17329736590034	-2.78151108726372e-16
1.17329736590034	-7.99153729153375e-14
1.17329736590037	-1.08523327492435e-16
1.17329758260961	6.13300743641121e-07
1.17329758260961	6.13300743691575e-07
1.17374910625062	0.00127745303598303
1.17420062989162	0.00255229277129467
1.17465215353262	0.00382513250660997
1.17510367717363	0.00509597224195388
1.17555520081463	0.0063648119772688
1.17600672445564	0.00763165171261235
1.17645824809664	0.0088964914479272
1.17690977173763	0.0101593311832418
1.17736487825325	0.0114301677802308
1.17784761104015	0.0127759271849584
1.17835797113342	0.0141962197937793
1.17889595202646	0.0156906125906691
1.17946154036172	0.0172586312666457
1.18005471649573	0.018899761998428
1.1806754549662	0.0206134529640305
1.1813237248815	0.0223991156526227
1.18199949024823	0.0242561260122727
1.18270271024887	0.0261838254695573
1.1834333394789	0.0281815218469534
1.18419132815079	0.0302484901985763
1.18497662227038	0.0323839735802172
1.1857891637908	0.0345871837670117
1.18662889074718	0.0368573019286581
1.18749573737554	0.039193479270714
1.18838963421815	0.0415948376490671
1.18931050821744	0.0440604701622506
1.19025828280026	0.0465894417275751
1.19123287795372	0.0491807896434224
1.19223421029397	0.0518335241418328
1.19326219312863	0.054546628933235
1.19431673651421	0.0573190617465429
1.19539774730855	0.0601497548648694
1.19650512921948	0.0630376156599354
1.19763878284991	0.0659815271253532
1.19879860573994	0.0689803484106174
1.19998449240606	0.0720329153556798
1.20119633437827	0.0751380410280563
1.20243402023504	0.0782945162621784
1.20369743563642	0.0815011102018276
1.20498646335563	0.0847565708460533
1.20630098330926	0.0880596255989733
1.20764087258614	0.0914089818234055
1.20900600547523	0.0948033273989547
1.2103962534925	0.0982413312843537
1.21181148540702	0.101721644084395
1.21325156726625	0.105242898621599
1.21471636242073	0.108803710512192
1.21620573154823	0.112402678746969
1.2177195326773	0.116038386276683
1.21925762121057	0.119709400602057
1.22081984994736	0.123414274367971
1.22240606910647	0.12715154596265
1.22401612634819	0.130919740138778
1.22564986679633	0.134717368512122
1.22730713305999	0.138542930464643
1.22898776525537	0.142394913319433
1.23069160102696	0.146271793306664
1.23241847556927	0.150172036203339
1.23416822164782	0.154094097550441
1.23594066962062	0.158036423854457
1.23773564745922	0.161997452811203
1.23955298077015	0.165975613924973
1.24139249281575	0.169969329598529
1.2432540045357	0.173977015092273
1.24513733456804	0.177997079859642
1.24704229927057	0.182027927728221
1.24896871274194	0.186067957528723
1.25091638684327	0.190115564253054
1.25288513121949	0.194169138936535
1.25487475332067	0.198227070141642
1.25688505842395	0.20228774381446
1.25891584965487	0.206349544525774
1.26096692800934	0.210410855854951
1.26303809237551	0.214470061036982
1.26512913955567	0.218525543852047
1.26723986428832	0.222575688985925
1.26937005927049	0.226618882607607
1.27151951517994	0.230653513580077
1.27368802069758	0.234677973557193
1.27587536253013	0.238690657681954
1.27808132543272	0.242689965492364
1.28030569223169	0.246674301646736
1.28254824384758	0.250642075886341
1.28480875931813	0.254591704700719
1.28708701582147	0.258521610930616
1.28938278869947	0.262430225169283
1.29169585148122	0.266315986046737
1.29402597590655	0.270177340928476
1.2963729319498	0.274012746389301
1.29873648784365	0.277820669599504
1.30111641010308	0.281599587414912
1.30351246354952	0.285347988519203
1.30592441133509	0.289064373269606
1.30835201496698	0.292747254454678
1.31079503433192	0.296395157893909
1.31325322772088	0.300006623032949
1.31572635185381	0.303580203532479
1.31821416190452	0.307114467680659
1.32071641152573	0.310607999829454
1.32323285287421	0.314059399248833
1.32576323663607	0.31746728240964
1.32830731205215	0.320830282683795
1.33086482694346	0.324147051067961
1.33343552773698	0.327416256728584
1.3360191594913	0.330636587539777
1.33861546592257	0.333806750613669
1.34122418943043	0.33692547263401
1.34384507112411	0.339991501315946
1.34647785084874	0.34300360383122
1.34912226721163	0.345960570157778
1.35177805760862	0.348861210701472
1.3544449582508	0.351704358890073
1.35712270419104	0.354488870485342
1.35981102935076	0.357213625233772
1.3625096665468	0.359877525128975
1.36521834751836	0.362479497653203
1.36793680295406	0.365018494215217
1.37066476251905	0.36749349075945
1.37340195488231	0.369903489207651
1.37614810774387	0.372247516838661
1.37890294786229	0.374524627934746
1.38166620108214	0.376733902072583
1.3844375923616	0.378874446591551
1.38721684580006	0.380945395910067
1.3900036846659	0.382945912088056
1.39279783142428	0.384875184952097
1.395599007765	0.386732433291734
1.39840693463052	0.388516904100565
1.40122133224389	0.390227872873414
1.40404192013691	0.391864644997374
1.40686841717822	0.393426555163667
1.40970054160153	0.394912967859469
1.41253801103389	0.396323277627752
1.41538054252401	0.397656909317673
1.4182278525706	0.398913318320682
1.42107965715085	0.400091990795695
1.42393567174881	0.401192443882002
1.42679561138397	0.402214225898871
1.42965919063981	0.403156916306306
1.43252612369233	0.404020127018063
1.43539612433873	0.404803500288202
1.43826890602607	0.405506711137425
1.44114418187993	0.40612946635215
1.44402166473312	0.406671504836725
1.44690106715446	0.407132597724985
1.44978210147752	0.407512548479404
1.45266447982941	0.407811192745863
1.45554791415955	0.408028399580319
1.45843211626852	0.408164069202192
1.46131679783688	0.408218135347467
1.46420167045396	0.408190564149738
1.46708644564674	0.408081354391796
1.46997083490865	0.407890537282151
1.47285454972844	0.407618177374089
1.47573730161898	0.407264371391864
1.4786188021461	0.406829248200451
1.48149876295742	0.406312969915089
1.48437689581113	0.405715730920099
1.48725291260476	0.405037757800353
1.49012652540401	0.404279310175939
1.49299744647143	0.403440679227718
1.49586538829518	0.40252218850713
1.49873006361772	0.40152419358438
1.50159118546448	0.400447081913166
1.50444846717247	0.399291272909803
1.50730162241887	0.398057216885715
1.51015036524964	0.396745396235539
1.51299441010798	0.395356324343647
1.5158334718628	0.39389054561261
1.51866726583718	0.39234863525318
1.52149550783671	0.390731199060531
1.52431791417782	0.389038873179936
1.52713420171598	0.387272323858276
1.52994408787397	0.385432246966358
1.53274729066999	0.383519368822643
1.53554352874573	0.381534443718604
1.53833252139432	0.379478255598965
1.54111398858828	0.377351617739169
1.54388765100744	0.375155370487033
1.54665323006659	0.372890383091848
1.54941044794324	0.370557552284436
1.55215902760522	0.368157802140995
1.55489869283816	0.365692083719741
1.55762916827292	0.363161374480563
1.56035017941295	0.360566678934661
1.56306145266148	0.357909026180813
1.56576271534866	0.355189471568588
1.5684536957586	0.352409095248534
1.57113412315627	0.349569001953136
1.57380372781433	0.346670320561298
1.57646224103973	0.343714203652842
1.57910939520042	0.340701827054321
1.58174492375174	0.337634389373751
1.58436856126272	0.334513111528512
1.58698004344234	0.331339236261954
1.58957910716555	0.328114027465568
1.59216549049926	0.324838770616352
1.59473893272808	0.32151477039406
1.59729917438005	0.318143352039694
1.5998459572521	0.314725859894129
1.60237902443542	0.311263657053226
1.60489812034072	0.307758124652621
1.60740299072324	0.304210662201414
1.60989338270767	0.300622685266691
1.6123690448129	0.296995626504471
1.61482972697657	0.293330935061353
1.61727518057948	0.289630074476449
1.61970515846983	0.285894523801773
1.62211941498722	0.282125776166024
1.62451770598657	0.278325338352904
1.62689978886178	0.274494730046218
1.62926542256919	0.270635484014968
1.63161436765093	0.266749143777723
1.6339463862579	0.262837265331421
1.63626124217275	0.258901414215383
1.63855870083256	0.254943166579547
1.64083852935126	0.250964107793547
1.64310049654187	0.246965831971747
1.64534437293854	0.242949941340637
1.64756993081829	0.238918045535132
1.64977694422263	0.234871761236293
1.6519651889788	0.230812711181027
1.65413444272087	0.226742523464944
1.65628448491051	0.222662831491488
1.65841509685759	0.218575272660073
1.66052606174035	0.214481488111424
1.66261716462548	0.210383121701596
1.66468819248785	0.206281819968919
1.66673893422986	0.202179230922233
1.66876918070066	0.198077003405476
1.67077872471482	0.193976786966959
1.67276736107089	0.189880230677964
1.67473488656968	0.185788982497492
1.67668110003198	0.181704689111312
1.67860580231589	0.177628994732838
1.68050879633427	0.173563540777447
1.68238988707107	0.169509964958358
1.68424888159802	0.165469900896829
1.68608558909037	0.16144497751384
1.68789982084246	0.157436817914356
1.68969139028269	0.153447039412226
1.69146011298825	0.149477252420187
1.69320580669919	0.145529059834345
1.69492829133197	0.141604056792777
1.69662738899276	0.137703829616046
1.69830292398966	0.133829955443355
1.69995472284499	0.129984001415272
1.70158261430629	0.126167524300516
1.7031864293572	0.12238206969496
1.70476600122738	0.118629171622765
1.70632116540176	0.114910351655227
1.70785175962895	0.111227118574486
1.70935762392902	0.107580967684757
1.71083860059997	0.103973380256812
1.71229453422376	0.100405822961275
1.71372527167086	0.0968797473107612
1.71513066210399	0.0933965891098036
1.71651055698039	0.0899577679144697
1.71786481005304	0.0865646865006417
1.71919327737027	0.0832187303427923
1.72049581727401	0.0799212671029173
1.72177229039599	0.0766736461313892
1.7230225596525	0.0734771979787542
1.72424649023676	0.0703332339207987
1.72544394960914	0.0672430454968462
1.72661480748486	0.0642079040623417
1.72775893581885	0.0612290603567726
1.72887620878733	0.0583077440881953
1.72996650276609	0.0554451635352458
1.73102969630459	0.0526425051684667
1.73206567009562	0.0499009332924357
1.73307430693972	0.0472215897106792
1.73405549170397	0.0446055934151769
1.73500911127371	0.0420540403040441
1.73593505449676	0.0395680029291528
1.73683321211868	0.0371485302779406
1.73770347670734	0.0347966475941746
1.73854574256542	0.0325133562416817
1.73935990562849	0.0302996336183082
1.7401458633459	0.0281564331271723
1.74090351454134	0.0260846842149351
1.74163275924881	0.0240852924885197
1.74233349851898	0.0221591399251382
1.74300563418933	0.0203070851938087
1.74364906860953	0.0185299641125937
1.74426370431151	0.0168285902716798
1.74484944360969	0.0152037558626771
1.74540618811274	0.0136562327672775
1.74593383812124	0.012186773977105
1.7464322918767	0.0107961154424156
1.74690144461342	0.00948497848637516
1.74735296825443	0.00822107036284027
1.74780449189544	0.00695516223930881
1.74825601553644	0.00568725411580624
1.74870753917744	0.00441734599230346
1.74915906281845	0.00314543786877178
1.74961058645945	0.00187152974526882
1.75006211010045	0.000595621621758826
1.75027264918853	2.90786971666518e-16
1.75027264918853	2.90786971666518e-16
1.75027264918853	-5.03176977720009e-14
1.75027264918855	-8.21809439871096e-17
1.75027288834883	5.41077503575799e-07
1.75027288834883	5.41077503620311e-07
1.75072441198983	0.0010210700604322
1.75117593563083	0.00203959904344104
1.75162745927184	0.00305612802647646
1.75207898291284	0.00407065700948865
1.75253050655385	0.00508318599252372
1.75298203019485	0.00609371497553583
1.75343355383584	0.00710224395854774
1.75388507747685	0.00810877294158228
1.75433660111785	0.00911330192459401
1.75478812475886	0.0101158309076278
1.75524225589056	0.0111221320080467
1.7557184395814	0.0121751260635306
1.75621665507307	0.013274458274277
1.75673687729241	0.0144197504637592
1.75727907710934	0.0156106018040089
1.75784322155563	0.016846589460728
1.7584292740118	0.0181272691742693
1.75903719436805	0.0194521757896941
1.75966693916356	0.0208208237455508
1.76031846170794	0.022232707529647
1.76099171218778	0.0236873021086518
1.76168663776054	0.0251840633359798
1.76240318263802	0.0267224283432314
1.76314128816055	0.0283018159176105
1.7639008928638	0.0299216268692865
1.76468193253881	0.0315812443899419
1.76548434028649	0.0332800344056373
1.76630804656718	0.0350173459244443
1.76715297924614	0.0367925113813573
1.76801906363515	0.0386048469804946
1.76890622253123	0.0404536530366493
1.76981437625237	0.0423382143160379
1.77074344267099	0.0442578003774988
1.77169333724513	0.0462116659143208
1.77266397304797	0.0481990510976243
1.77365526079561	0.0502191819211739
1.77466710887346	0.0522712705482843
1.77569942336133	0.0543545156607886
1.77675210805755	0.0564681028108142
1.77782506450188	0.0586112047746194
1.77891819199779	0.0607829819095689
1.7800313876339	0.0629825825138985
1.78116454630473	0.0652091431891675
1.7823175607309	0.067461789205859
1.78349032147884	0.0697396348717812
1.78468271697999	0.0720417839035157
1.78589463354968	0.0743673298008014
1.78712595540561	0.0767153562237739
1.78837656468611	0.0790849373731869
1.78964634146808	0.0814751383733326
1.79093516378476	0.0838850156577846
1.79224290764319	0.086313617357668
1.79356944704179	0.0887599836928181
1.79491465398753	0.0912231473651426
1.79627839851307	0.0937021339544623
1.79766054869397	0.0961959623167266
1.79906097066565	0.098703644984378
1.8004795286404	0.101224188568699
1.80191608492427	0.103756594164128
1.80337049993411	0.106299857754534
1.80484263221445	0.10885297062103
1.80633233845447	0.111414919751335
1.80783947350494	0.113984688250757
1.80936389039525	0.116561255754117
1.81090544035042	0.119143598839243
1.81246397280823	0.121730691441066
1.81403933543626	0.124321505266752
1.81563137414922	0.126915010211716
1.8172399331261	0.129510174793753
1.81886485482757	0.13210596646185
1.82050598001336	0.134701352265743
1.82216314775978	0.13729529902265
1.82383619547725	0.139886773744818
1.825524958928	0.142474744246829
1.82722927224382	0.145058179371707
1.82894896794387	0.147636049604676
1.83068387695268	0.150207327290727
1.83243382861814	0.152770987041787
1.83419865072965	0.155326006315789
1.83597816953637	0.157871365836428
1.83777220976557	0.160406049832677
1.83958059464102	0.162929046395759
1.84140314590161	0.165439348291333
1.84323968381996	0.167935952965769
1.84509002722119	0.170417862987201
1.84695399350179	0.172884086681819
1.84883139864854	0.175333638348427
1.85072205725768	0.177765538702355
1.85262578255402	0.180178815270102
1.85454238641024	0.182572502730708
1.85647167936631	0.184945643508253
1.85841347064894	0.187297287906682
1.86036756819125	0.189626494486228
1.86233377865239	0.191932330704696
1.86431190743744	0.19421387303238
1.86630175871724	0.196470207647793
1.86830313544849	0.198700430208088
1.87031583939376	0.20090364703492
1.87233967114181	0.203078974591228
1.87437443012783	0.205225540732325
1.8764199146539	0.207342484212047
1.87847592190945	0.209428955654422
1.88054224799188	0.211484117612949
1.88261868792727	0.213507144906077
1.88470503569117	0.215497225249874
1.88680108422943	0.217453558988458
1.88890662547924	0.219375359954126
1.89102145039013	0.221261855793909
1.89314534894514	0.223112287726994
1.89527811018206	0.224925911403977
1.89741952221469	0.226701997216384
1.89956937225428	0.228439829958463
1.90172744663101	0.230138710004461
1.90389353081551	0.231797952893425
1.90606740944049	0.233416889924939
1.90824886632247	0.234994868367163
1.91043768448355	0.236531251721681
1.91263364617326	0.238025420049133
1.9148365328904	0.239476769886773
1.91704612540518	0.240884715230655
1.91926220378113	0.242248686834517
1.92148454739727	0.243568133113032
1.92371293497031	0.244842520372456
1.92594714457685	0.246071332410423
1.92818695367566	0.247254071412018
1.93043213913007	0.248390257740531
1.93268247723038	0.249479430551886
1.93493774371624	0.250521147283951
1.93719771379926	0.251514984537236
1.93946216218547	0.252460537756709
1.94173086309799	0.253357422036602
1.94400359029962	0.254205271570104
1.94628011711555	0.255003739794562
1.94856021645607	0.255752500251876
1.95084366083935	0.256451246151191
1.95313022241421	0.257099690639307
1.95541967298295	0.257697566774307
1.95771178402424	0.258244628364577
1.96000632671595	0.258740648616713
1.96230307195813	0.259185421539528
1.96460179039589	0.259578762035586
1.96690225244238	0.259920504514282
1.96920422830176	0.260210505161477
1.97150748799224	0.260448639800431
1.973811801369	0.260634805561816
1.97611693814731	0.260768920194715
1.97842266792548	0.260850922103802
1.98072876020799	0.26088077111621
1.98303498442843	0.260858447027146
1.98534110997265	0.260783950940027
1.98764690620177	0.260657305271384
1.98995214247521	0.260478552418173
1.99225658817377	0.260247756221061
1.99456001272268	0.259965001059105
1.9968621856146	0.259630392703557
1.99916287643266	0.259244056661823
2.0014618548735	0.258806140338239
2.00375889076995	0.258316810774804
2.00605375411483	0.257776256205429
2.00834621508314	0.25718468525066
2.01063604405519	0.256542326985405
2.01292301163961	0.255849430852727
2.01520688869616	0.255106266423349
2.01748744635859	0.254313123871925
2.01976445605754	0.253470313140011
2.02203768954324	0.252578163820639
2.02430691890831	0.251637025750671
2.02657191661048	0.2506472682986
2.02883245549524	0.249609280365247
2.03108830881849	0.248523470233356
2.03333925026911	0.247390265337965
2.03558505399153	0.246210112381659
2.03782549460815	0.244983476807179
2.04006034724186	0.243710842618841
2.04228938753832	0.242392712472735
2.04451239168834	0.241029607476598
2.04672913645015	0.239622066640757
2.04893939917151	0.238170647011844
2.05114295781194	0.23667592304563
2.05333959096471	0.23513848705972
2.05552907787885	0.233558948389266
2.05771119848106	0.23193793322
2.05988573339756	0.230276084608905
2.06205246397583	0.228574062291873
2.06421117230629	0.226832541834655
2.06636164124394	0.225052214958773
2.06850365442982	0.223233789197943
2.07063699631244	0.22137798736141
2.07276145216913	0.21948554725369
2.07487680812726	0.217557221637343
2.07698285118539	0.215593777930356
2.07907936923426	0.213595997592732
2.08116615107784	0.211564676067576
2.08324298645403	0.209500622404298
2.08530966605549	0.207404658938644
2.08736598155016	0.205277621026398
2.0894117256019	0.203120356477448
2.09144669189069	0.200933725517038
2.09347067513308	0.198718600439067
2.09548347110223	0.196475864973641
2.09748487664798	0.194206414224537
2.09947468971666	0.191911153978661
2.101452709371	0.189591000903244
2.10341873580962	0.187246881680507
2.10537257038656	0.184879732703363
2.10731401563072	0.182490499972396
2.10924287526498	0.180080138452994
2.11115895422529	0.17764961195834
2.11306205867956	0.175199892505824
2.11495199604648	0.172731959938527
2.11682857501407	0.170246801739293
2.11869160555816	0.167745412680335
2.1205408989606	0.165228793991282
2.12237626782749	0.162697953450695
2.12419752610702	0.160153904696135
2.12600448910731	0.15759766710126
2.12779697351386	0.155030264911494
2.12957479740712	0.15245272725407
2.13133778027959	0.149866087719272
2.13308574305288	0.14727138355816
2.13481850809451	0.14466965570986
2.13653589923446	0.142061948128741
2.13823774178171	0.139449307578987
2.13992386254034	0.136832783011378
2.14159408982547	0.134213425155201
2.14324825347906	0.131592286299131
2.14488618488537	0.128970419677293
2.14650771698628	0.126348879242089
2.14811268429627	0.123728719057105
2.14970092291717	0.121110992870071
2.15127227055264	0.118496753945131
2.15282656652247	0.115887054394985
2.15436365177648	0.113282944872743
2.15588336890811	0.110685474139249
2.15738556216788	0.108095688648835
2.15887007747631	0.105514632136657
2.16033676243673	0.102943345207219
2.16178546634758	0.100382864924416
2.16321604021438	0.0978342244035749
2.16462833676151	0.0952984524050508
2.16602221044331	0.0927765729303786
2.16739751745505	0.0902696048204101
2.16875411574325	0.0877785613563918
2.17009186501575	0.0853044498634156
2.17141062675118	0.0828482713170914
2.17271026420793	0.0804110199533935
2.17399064243269	0.0779936828816821
2.17525162826833	0.075597239701786
2.17649309036129	0.0732226621243977
2.17771489916824	0.0708709135960919
2.17891692696211	0.0685429489282866
2.18009904783744	0.066239713931109
2.18126113771487	0.0639621450518867
2.18240307434486	0.0617111690189355
2.18352473731055	0.0594877024906749
2.18462600802949	0.0572926517106687
2.18570676975452	0.055126912168464
2.18676690757334	0.0529913682670605
2.18780630840696	0.0508868929969997
2.18882486100667	0.0488143476178069
2.18982245594949	0.0467745813471362
2.1907989856321	0.0447684310575316
2.19175434426277	0.0427967209825217
2.19268842785133	0.0408602624313376
2.19360113419683	0.0389598535138113
2.19449236287268	0.037096278875794
2.19536201520892	0.0352703094458022
2.19620999427124	0.0334827021942886
2.19703620483634	0.0317341999062314
2.19784055336313	0.0300255309682165
2.19862294795927	0.0283574091717346
2.19938329834216	0.026730533534167
2.20012151579368	0.0251455881395154
2.20083751310768	0.0236032420011599
2.20153120452894	0.0221041489494329
2.20220250568228	0.0206489475474276
2.20285133348982	0.0192382610390483
2.20347760607455	0.0178726973341445
2.20408124264714	0.0165528490373291
2.20466216337289	0.0152792935274369
2.20522028921458	0.0140525930975374
2.20575554174571	0.0128732951677969
2.20626784292748	0.0117419325861671
2.20675711484041	0.0106590240373759
2.20722327935915	0.00962507458621974
2.20767480300011	0.00862156606809823
2.20812632664106	0.0076160575499951
2.20857785028202	0.0066085490318694
2.20902937392297	0.00559904051374443
2.20948089756392	0.00458753199564222
2.20993242120488	0.00357402347751731
2.21038394484584	0.00255851495939294
2.21083546848678	0.00154100644133597
2.21128699212774	0.000521497923189891
2.21151761327821	4.35043238134983e-16
2.21151761327821	4.35043238134983e-16
2.21151761327821	7.41649936984154e-14
2.21151792320828	5.60391338919035e-07
2.21196944684924	0.000815969376690168
2.21242097049019	0.00162937836191491
2.21287249413114	0.00244078734714307
2.2133240177721	0.00325019633237137
2.21377554141305	0.00405760531760017
2.214227065054	0.00486301430282907
2.21467858869495	0.00566642328805865
2.2151301123359	0.00646783227328814
2.21558163597686	0.00726724125851793
2.21603315961781	0.0080646502437484
2.21648468325876	0.00886005922897838
2.21693620689971	0.00965346821420984
2.21738773054067	0.0104448771994408
2.21784918852346	0.0112516321331164
2.21832813640478	0.0120867549609149
2.21882454049684	0.0129499406582067
2.21933836449397	0.0138408713444962
2.2198695695622	0.0147592165639625
2.22041811441812	0.0157046335510789
2.22098395539867	0.0166767674845486
2.22156704652326	0.0176752517316271
2.22216733954938	0.018699708085106
2.22278478402261	0.0197497469944651
2.22341932732185	0.0208249677924423
2.22407091470043	0.0219249589183705
2.22473948932366	0.023049298139025
2.22542499230329	0.024197552767845
2.22612736272933	0.025369279883149
2.22684653769949	0.0265640265459539
2.2275824523466	0.0277813300177227
2.22833503986426	0.0290207179785194
2.22910423153093	0.030281708745957
2.22988995673263	0.0315638114949415
2.23069214298449	0.0328665264788009
2.23151071595119	0.0341893452516071
2.23234559946649	0.0355317508921127
2.23319671555198	0.03689321822926
2.23406398443501	0.0382732140693693
2.23494732456613	0.039671197425268
2.23584665263584	0.0410866197470365
2.23676188359093	0.0425189251547767
2.23769293065036	0.0439675506731937
2.2386397053208	0.0454319264681283
2.23960211741178	0.0469114760849162
2.24058007505058	0.0484056166885683
2.2415734846969	0.0499137593059751
2.24258225115731	0.0514353090697529
2.24360627759945	0.0529696654638978
2.24464546556613	0.0545162225712061
2.24569971498934	0.0560743693224194
2.24676892420405	0.0576434897468156
2.247852989962	0.0592229632245258
2.24895180744535	0.0608121647402957
2.25006527028031	0.062410465138542
2.25119327055079	0.0640172313800255
2.25233569881187	0.0656318267994821
2.25349244410341	0.0672536113647616
2.25466339396358	0.0688819419367653
2.25584843444234	0.0705161725306979
2.2570474501151	0.0721556545780676
2.25826032409617	0.0737997371895933
2.25948693805245	0.0754477674189234
2.26072717221704	0.0770990905270125
2.26198090540296	0.0787530502470959
2.26324801501678	0.0804089890499956
2.26452837707248	0.0820662484100666
2.26582186620524	0.083724169071325
2.26712835568535	0.0853820913137035
2.26844771743217	0.0870393552195893
2.26977982202813	0.0886953009401724
2.27112453873281	0.0903492689618287
2.27248173549712	0.0920006003722735
2.27385127897752	0.0936486371264645
2.27523303455035	0.0952927223119777
2.27662686632618	0.0969322004140829
2.27803263716431	0.0985664175800929
2.27945020868728	0.100194721882998
2.28087944129553	0.101816463584464
2.28232019418208	0.103430995396755
2.28377232534736	0.10503767274378
2.285235691614	0.106635854020851
2.2867101486419	0.108224900853662
2.28819555094319	0.109804178355392
2.28969175189741	0.111373055382939
2.29119860376667	0.112930904791278
2.29271595771101	0.114477103686458
2.29424366380368	0.116011033676695
2.29578157104675	0.117532081121981
2.29732952738653	0.119039637381349
2.29888737972927	0.120533099058613
2.30045497395688	0.12201186824575
2.30203215494267	0.123475352764042
2.30361876656731	0.124922966403244
2.30521465173472	0.126354129158005
2.30681965238819	0.127768267444313
2.30843360952644	0.129164814438367
2.31005636321986	0.130543210054748
2.31168775262674	0.131902901422234
2.31332761600972	0.133243343130808
2.31497579075212	0.134563997080728
2.31663211337455	0.135864333257831
2.31829641955142	0.137143829347795
2.31996854412762	0.138401971514576
2.32164832113527	0.139638254229452
2.32333558381049	0.140852180509619
2.32503016461028	0.142043262315151
2.32673189522951	0.143211020550853
2.32844060661784	0.144354985500038
2.33015612899683	0.145474696572167
2.33187829187709	0.146569703095484
2.3336069240755	0.1476395638906
2.33534185373238	0.148683847856169
2.33708290832894	0.149702134106402
2.33882991470454	0.150694011975472
2.3405826990742	0.151659081138843
2.3423410870461	0.152596952200766
2.34410490363908	0.1535072462579
2.34587397330028	0.154389595521886
2.34764811992277	0.155243643212173
2.34942716686328	0.15606904396249
2.35121093695995	0.156865463524924
2.3529992525501	0.157632579298651
2.3547919354881	0.158370080465319
2.35658880716324	0.159077667671039
2.35838968851769	0.159755053771895
2.36019440006445	0.160401963506553
2.36200276190536	0.161018133651483
2.36381459374912	0.161603313309734
2.36562971492945	0.16215726406142
2.36744794442312	0.162679759605766
2.36926910086815	0.163170586493177
2.37109300258196	0.163629543757275
2.3729194675796	0.1640564430421
2.37474831359196	0.164451108911237
2.37657935808405	0.164813378690239
2.37841241827327	0.165143102813134
2.38024731114771	0.165440144419989
2.38208385348449	0.165704379833114
2.3839218618681	0.16593569861076
2.38576115270873	0.166134003172804
2.38760154226066	0.166299209310806
2.38944284664068	0.166431245990641
2.39128488184641	0.166530055430651
2.39312746377479	0.166595593127774
2.39497040824041	0.166627827878356
2.39681353099401	0.166626741793602
2.39865664774084	0.166592330309706
2.40049957415911	0.166524602145641
2.40234212591839	0.166423579538173
2.40418411869809	0.166289297717744
2.40602536820579	0.166121805556854
2.40786569019573	0.165921165035477
2.40970490048717	0.165687451501639
2.4115428149828	0.165420753362426
2.41337924968714	0.165121172521128
2.41521402072487	0.164788823916689
2.41704694435922	0.16442383548182
2.41887783701028	0.164026348561623
2.42070651527338	0.163596517160211
2.4225327959373	0.163134508580786
2.42435649600262	0.16264050289603
2.42617743269995	0.162114692926806
2.42799542350812	0.161557284352856
2.42981028617245	0.160968495632122
2.43162183872285	0.160348557686882
2.43342989949199	0.159697713998203
2.43523428713339	0.159016220510572
2.43703482063947	0.158304345306596
2.43883131935963	0.157562368999029
2.44062360301816	0.156790583990381
2.44241149173224	0.155989294853982
2.44419480602983	0.155158817945877
2.44597336686752	0.154299481546692
2.44774699564831	0.153411625291877
2.44951551423942	0.152495600479934
2.45127874498997	0.151551769713859
2.4530365107486	0.150580506760228
2.45478863488112	0.149582196574119
2.45653494128802	0.148557234932083
2.45827525442194	0.147506028237211
2.46000939930511	0.146428993781085
2.46173720154667	0.145326558988924
2.46345848735998	0.144199161673191
2.46517308357985	0.143047249815509
2.46688081767967	0.141871281225047
2.46858151778847	0.14067172332099
2.47027501270793	0.139449053311318
2.47196113192933	0.138203757599775
2.47363970565039	0.136936331796146
2.47531056479198	0.135647280518809
2.47697354101493	0.134337117039962
2.47862846673646	0.133006363316269
2.48027517514683	0.131655549626557
2.48191350022568	0.130285214363778
2.48354327675842	0.128895903971582
2.48516434035242	0.127488172503397
2.48677652745316	0.126062581589321
2.48837967536028	0.124619699995936
2.48997362224352	0.123160103779317
2.49155820715854	0.121684375625585
2.4931332700627	0.120193104906769
2.49469865183061	0.118686887340213
2.4962541942697	0.117166324770409
2.49779974013558	0.115632024930398
2.49933513314734	0.114084601200977
2.50086021800275	0.112524672367642
2.50237484039325	0.110952862375173
2.50387884701887	0.109369800080475
2.50537208560302	0.10777611900314
2.50685440490723	0.106172457074196
2.50832565474559	0.104559456383323
2.50978568599914	0.102937762924231
2.51123435063018	0.101308026338445
2.51267150169636	0.099670899657734
2.51409699336465	0.0980270390451723
2.51551068092506	0.0963771035350493
2.51691242080447	0.0947217547714982
2.51830207058	0.0930616567461422
2.5196794889924	0.0913974755350471
2.52104453595925	0.0897298790345271
2.52239707258786	0.0880595366966115
2.52373696118826	0.0863871192636261
2.5250640652857	0.0847132985026417
2.52637824963325	0.0830387469392042
2.52767938022393	0.0813641375911608
2.52896732430295	0.0796901437021987
2.53024195037945	0.0780174384753976
2.53150312823826	0.0763466948069258
2.53275072895131	0.074678585019964
2.53398462488886	0.0730137805989255
2.53520468973054	0.0713529519241911
2.53641079847609	0.0696967680074366
2.53760282745587	0.0680458962276334
2.53878065434112	0.0664010020678944
2.53994415815396	0.0647627488532131
2.54109321927711	0.06313179748937
2.54222771946326	0.0615088062030228
2.54334754184428	0.0598944302829583
2.54445257093993	0.0582893218230229
2.54554269266639	0.056694129466485
2.54661779434433	0.0551094981521906
2.5476777647067	0.0535360688624498
2.54872249390607	0.0519744783730152
2.54975187352156	0.0504253590051977
2.55076579656538	0.0488893383800714
2.55176415748891	0.0473670391752942
2.55274685218816	0.0458590788843785
2.55371377800894	0.0443660695786234
2.55466483375123	0.0428886176721017
2.55559991967309	0.0414273236894924
2.55651893749394	0.0399827820371731
2.55742179039699	0.0385555807778567
2.55830838303114	0.0371463014085787
2.55917862151186	0.0357555186426817
2.5600324134213	0.0343838001956773
2.5608696678074	0.033031706575427
2.56169029518197	0.0316997908767248
2.56249420751754	0.0303885985807898
2.56328131824299	0.0290986673596326
2.56405154223779	0.0278305268858749
2.56480479582457	0.0265846986483891
2.56554099676007	0.0253616957738875
2.56626006422404	0.0241620228552397
2.56696191880604	0.0229861757867804
2.56764648248969	0.0218346416072605
2.56831367863424	0.0207078983511475
2.56896343195289	0.0196064149088217
2.56959566848759	0.01853065089677
2.57021031557966	0.0174810565386726
2.57080730183573	0.0164580725584463
2.57138655708813	0.0154621300868996
2.57194801234893	0.0144936505833686
2.57249159975658	0.0135530457745603
2.57301725251369	0.0126407176128569
2.57352490481452	0.0117570582571216
2.57401449176009	0.0109024500794422
2.57448594925854	0.0100772657024821
2.57493921390753	0.00928186807283709
2.57539073754848	0.00848752174213494
2.57584226118944	0.00769117541143362
2.57629378483039	0.00689282908073181
2.57674530847134	0.0060924827500303
2.57719683211229	0.00529013641932908
2.57764835575325	0.00448579008862816
2.5780998793942	0.00367944375792793
2.57855140303515	0.0028710974272276
2.5790029266761	0.00206075109652776
2.57945445031706	0.00124840476582802
2.57990597395801	0.000434058435128776
2.58014619070894	-3.90776593465122e-16
2.58014619070894	-3.90776593465122e-16
2.58014619070894	5.96310394366099e-14
2.58014658535452	5.70400776938276e-07
2.58059810899548	0.000652178904054617
2.58104963263643	0.0013017874072384
2.58150115627738	0.00194939591042559
2.58195267991833	0.00259500441361302
2.58240420355929	0.00323861291680084
2.58285572720024	0.00388022141998877
2.58330725084119	0.00451982992317718
2.58375877448214	0.0051574384263657
2.5842102981231	0.0057930469295549
2.58466182176405	0.00642665543274401
2.585113345405	0.00705826393593341
2.58556486904595	0.00768787243912311
2.58601639268691	0.00831548094231349
2.58646791632786	0.00894108944551155
2.58691943996882	0.00956469794870216
2.58737096360977	0.010186306451893
2.58782667392895	0.0108116508140735
2.5882961640945	0.0114537738484954
2.58877939510438	0.0121124320892185
2.58927632619766	0.0127873748579467
2.58978691488981	0.0134783444082705
2.59031111700486	0.0141850760678892
2.5908488867047	0.0149072983794575
2.59140017651616	0.0156447332404327
2.59196493735587	0.0163970960424744
2.59254311855346	0.0171640958105377
2.59313466787305	0.0179454353420924
2.59373953153347	0.0187408113466169
2.5943576542272	0.019549914585595
2.5949889791383	0.0203724300131758
2.5956334479594	0.0212080369175989
2.59629100090784	0.0220564090635382
2.59696157674115	0.0229172148354201
2.59764511277183	0.0237901173817816
2.59834154488162	0.0246747747607574
2.59905080753528	0.0255708400867074
2.59977283379388	0.0264779616780204
2.6005075553278	0.0273957832060912
2.60125490242932	0.0283239438455376
2.60201480402499	0.0292620784256392
2.60278718768766	0.0302098175829371
2.60357197964836	0.0311667879149924
2.60436910480798	0.0321326121354551
2.60517848674872	0.0331069092301057
2.60600004774552	0.0340892946141843
2.60683370877723	0.0350793802907196
2.60767938953776	0.0360767750099224
2.60853700844716	0.0370810844296575
2.6094064826626	0.0380919112768678
2.61028772808924	0.0391088555098785
2.61118065939118	0.0401315144817803
2.61208519000228	0.0411594831043999
2.61300123213702	0.0421923540133452
2.61392869680131	0.0432297177335959
2.6148674938033	0.044271162845874
2.61581753176424	0.0453162761536834
2.61677871812925	0.0463646428508417
2.61775095917825	0.0474158466897021
2.61873416003682	0.0484694701496735
2.61972822468708	0.0495250946062833
2.62073305597866	0.0505823005005735
2.62174855563968	0.051640667508712
2.62277462428775	0.0526997747119873
2.62381116144108	0.053759200766847
2.62485806552953	0.0548185240750974
2.62591523390584	0.0558773229542072
2.62698256285684	0.0569351758075053
2.62805994761467	0.0579916612943505
2.62914728236817	0.0590463585001858
2.63024446027427	0.0600988471063472
2.6313513734694	0.0611487075596337
2.63246791308106	0.0621955212415349
2.63359396923935	0.0632388706370634
2.63472943108863	0.0642783395031094
2.63587418679924	0.0653135130363235
2.63702812357926	0.0663439780403905
2.63819112768637	0.0673693230925606
2.63936308443969	0.0683891387096066
2.64054387823185	0.069403017512948
2.64173339254097	0.0704105543928658
2.64293150994279	0.0714113466718177
2.64413811212281	0.0724049942669382
2.64535307988859	0.0733910998512845
2.64657629318204	0.0743692690141055
2.64780763109179	0.0753391104199165
2.64904697186562	0.0763002359663532
2.65029419292304	0.0772522609407909
2.65154917086778	0.0781948041754008
2.6528117815005	0.0791274882011934
2.65408189983149	0.0800499394001428
2.65535940009343	0.0809617881561054
2.65664415575422	0.0818626690040335
2.65793603952994	0.0827522207774707
2.65923492339775	0.0836300867544656
2.66054067860896	0.0844959148016624
2.66185317570212	0.0853493575165659
2.66317228451617	0.0861900723678887
2.66449787420362	0.0870177218340682
2.66582981324388	0.0878319735396963
2.66716796945655	0.0886325003899311
2.66851221001479	0.0894189807028199
2.66986240145883	0.090191098339486
2.67121840970943	0.090948542832096
2.67258010008139	0.0916910095095551
2.67394733729725	0.0924181996209202
2.67531998550086	0.0931298204564392
2.67669790827117	0.0938255854662505
2.67808096863592	0.0945052143765397
2.6794690290855	0.0951684333032527
2.68086195158679	0.095814974863299
2.68225959759706	0.0964445782831028
2.68366182807793	0.0970569895045502
2.68506850350938	0.0976519612882456
2.68647948390374	0.098229253314132
2.68789462881984	0.0987886322792613
2.68931379737705	0.0993298719928235
2.69073684826954	0.0998527534683414
2.69216363978037	0.100357065012935
2.69359402979582	0.100842602313822
2.69502787581962	0.101309168521666
2.69646503498726	0.101756574331214
2.69790536408034	0.10218463805867
2.69934871954093	0.102593185716238
2.70079495748598	0.1029820510834
2.70224393372177	0.103351075775361
2.70369550375834	0.103700109308048
2.705149522824	0.104029009160238
2.70660584587983	0.104337640832357
2.70806432763422	0.104625877902145
2.70952482255744	0.104893602076977
2.7109871848962	0.105140703243207
2.71245126868828	0.105367079511894
2.71391692777711	0.1055726372616
2.71538401582644	0.105757291177521
2.71685238633497	0.1059209642877
2.71832189265101	0.106063587995533
2.7197923879872	0.106185102109252
2.72126372543514	0.106285454867716
2.72273575798014	0.10636460296324
2.72420833851587	0.106422511560618
2.72568131985914	0.106459154313105
2.72715455476458	0.106474513374766
2.72862789593937	0.106468579409662
2.73010119605797	0.106441351597325
2.73157430777682	0.106392837635152
2.73304708374914	0.106323053737169
2.73451937663957	0.106232024629472
2.73599103913893	0.106119783542282
2.73746192397894	0.105986372198514
2.73893188394694	0.105831840799031
2.74040077190055	0.105656248004523
2.74186844078242	0.105459660913843
2.74333474363484	0.105242155039196
2.7447995336145	0.105003814277752
2.74626266400706	0.104744730879986
2.74772398824184	0.104465005414768
2.74918335990645	0.104164746730904
2.75064063276135	0.103844071915552
2.75209566075447	0.103503106249213
2.75354829803578	0.103141983157596
2.7549983989718	0.102760844159957
2.75644581816012	0.102359838814539
2.75789041044394	0.101939124660382
2.75933203092646	0.101498867156356
2.76077053498536	0.101039239616676
2.76220577828718	0.100560423143444
2.76363761680171	0.100062606556033
2.7650659068163	0.0995459863173625
2.76649050495019	0.0990107664570974
2.76791126816875	0.0984571584918629
2.76932805379771	0.0978853813423142
2.77074071953734	0.0972956612474803
2.77214912347661	0.096688231675893
2.77355312410727	0.0960633332340074
2.77495258033792	0.0954212135716731
2.776347351508	0.0947621272847613
2.77773729740177	0.0940863358151406
2.77912227826219	0.0933941073476476
2.78050215480482	0.0926857167046113
2.78187678823157	0.0919614452375302
2.78324604024451	0.091221580716184
2.7846097730595	0.0904664172152411
2.7859678494199	0.0896962549981804
2.78732013261006	0.0889114003988605
2.78866648646893	0.0881121657004989
2.79000677540341	0.0872988690125052
2.79134086440181	0.0864718341446507
2.79266861904714	0.0856313904792689
2.79398990553038	0.0847778728409119
2.79530459066362	0.0839116213640445
2.79661254189322	0.0830329813585406
2.79791362731281	0.0821423031730058
2.79920771567625	0.0812399420562088
2.80049467641054	0.0803262580164689
2.8017743796286	0.079401615679069
2.803046696142	0.0784663841420098
2.80431149747358	0.0775209368297181
2.80556865587005	0.0765656513452258
2.80681804431441	0.075600909320506
2.80805953653834	0.0746270962653267
2.80929300703452	0.0736446014144223
2.81051833106876	0.0726538175733146
2.81173538469214	0.0716551409625606
2.81294404475303	0.0706489710606902
2.81414418890892	0.0696357104458803
2.8153356956383	0.0686157646362944
2.81651844425231	0.067589541929349
2.81769231490631	0.0665574532397875
2.81885718861141	0.0655199119367571
2.82001294724579	0.0644773336799436
2.82115947356597	0.0634301362546691
2.82229665121794	0.0623787394063264
2.82342436474818	0.0613235646739041
2.82454249961451	0.0602650352228449
2.82565094219693	0.0592035756773321
2.82674957980815	0.0581396119519589
2.82783830070419	0.0570735710828617
2.82891699409468	0.0560058810585806
2.82998555015309	0.0549369706503897
2.83104386002682	0.0538672692424933
2.83209181584713	0.0527972066619517
2.8331293107389	0.0517272130084775
2.83415623883026	0.0506577184841989
2.83517249526202	0.0495891532234141
2.83617797619701	0.0485219471224581
2.83717257882914	0.0474565296697225
2.83815620139234	0.0463933297758883
2.83912874316936	0.0453327756045537
2.84009010450024	0.0442752944031456
2.84104018679076	0.0432213123344103
2.84197889252052	0.0421712543083469
2.84290612525087	0.0411255438148803
2.84382178963268	0.0400846027571056
2.84472579141377	0.0390488512854324
2.84561803744613	0.0380187076325346
2.84649843569292	0.0369945879492543
2.84736689523511	0.035976906141557
2.848223326278	0.0349660737085775
2.84906764015724	0.0339624995818442
2.8498997493447	0.0329665899658634
2.85071956745388	0.0319787481800368
2.85152700924508	0.0309993745019992
2.85232199063015	0.0300288660125972
2.85310442867677	0.0290676164424974
2.85387424161245	0.0281160160205374
2.85463134882792	0.0271744513239464
2.85537567088015	0.0262433051305714
2.85610712949479	0.0253229562731008
2.85682564756806	0.0244137794955673
2.85753114916797	0.0235161453121708
2.85822355953501	0.0226304198684783
2.85890280508197	0.0217569648053034
2.85956881339302	0.020896137125339
2.86022151322197	0.0200482890625968
2.86086083448955	0.0192137679550434
2.8614867082796	0.0183929161204737
2.86209906683417	0.0175860707358377
2.86269784354728	0.0167935637203784
2.86328297295729	0.0160157216226542
2.86385439073766	0.0152528655118781
2.86441203368587	0.0145053108738745
2.86495583971038	0.0137733675119969
2.86548574781524	0.0130573394534426
2.86600169808214	0.0123575248614735
2.86650363164947	0.0116742159540935
2.86699149068796	0.0110076989298647
2.86746521837243	0.0103582539016623
2.86792475884894	0.00972615483920143
2.86837628248989	0.00910306519881135
2.86882780613084	0.00847797555841967
2.86927932977179	0.00785088591802829
2.86973085341275	0.00722179627763798
2.8701823770537	0.0065907066372468
2.87063390069465	0.00595761699685669
2.8710854243356	0.00532252735646649
2.87153694797655	0.00468543771607659
2.87198847161751	0.00404634807568737
2.87243999525846	0.00340525843529806
2.87289151889941	0.00276216879490904
2.87334304254036	0.00211707915452052
2.87379456618132	0.00146998951413229
2.87424608982227	0.000820899873766309
2.87469761346322	0.000169810233356468
2.87481514751892	-2.64551987698993e-17
2.87481514751892	-2.64551987698993e-17
2.87481514751892	2.37400049279686e-14
2.87481555826452	4.74560873398921e-07
2.87526708190548	0.000521147997443555
2.87571860554643	0.00103982143393185
2.87617012918738	0.00155649487042358
2.87662165282834	0.00207116830691555
2.87707317646929	0.00258384174340792
2.87752470011024	0.00309451517990039
2.87797622375119	0.00360318861639335
2.87842774739215	0.00410986205288641
2.8788792710331	0.00461453548938015
2.87933079467405	0.0051172089258738
2.879782318315	0.00561788236236775
2.88023384195596	0.00611655579886199
2.88068536559691	0.00661322923535692
2.88113688923786	0.00710790267185176
2.88158841287881	0.00760057610834689
2.88203993651977	0.0080912495448427
2.88249146016072	0.00857992298151526
2.88294298380167	0.00906659641783483
2.88339450744262	0.00955126985433115
2.88384603108357	0.0100339432908278
2.88429832038526	0.010515430119548
2.88476133427021	0.0110062551271878
2.88523503088588	0.0115062280983495
2.8857193671457	0.0120151549344548
2.88621429874412	0.0125328377432032
2.88671978017089	0.0130590749285254
2.8872357647246	0.0135936612809608
2.88776220452553	0.0141363880686739
2.88829905052794	0.0146870431290982
2.88884625253194	0.0152454109612057
2.88940375919475	0.01581127281854
2.88997151804179	0.0163844068029879
2.89054947547721	0.0169645879592328
2.8911375767943	0.0175515883700802
2.89173576618551	0.0181451772524416
2.89234398675232	0.0187451210541884
2.89296218051488	0.0193511835517106
2.89359028842144	0.0199631259482672
2.8942282503577	0.0205807069730546
2.89487600515598	0.0212036829810446
2.89553349060429	0.0218318080535359
2.8962006434553	0.0224648340993767
2.89687739943525	0.0231025109568805
2.89756369325276	0.0237445864964069
2.89825945860761	0.0243908067235506
2.89896462819949	0.0250409158829388
2.89967913373668	0.0256946565625972
2.90040290594474	0.0263517697988672
2.90113587457514	0.0270119951818036
2.90187796841395	0.0276750709610912
2.90262911529048	0.0283407341523606
2.90338924208591	0.0290087206439501
2.90415827474197	0.0296787653040146
2.90493613826964	0.0303506020880016
2.90572275675782	0.0310239641463838
2.90651805338206	0.0316985839327022
2.90732195041332	0.0323741933117999
2.90813436922673	0.0330505236682656
2.90895523031043	0.033727306015014
2.9097844532744	0.0344042711019769
2.91062195685933	0.0350811495273107
2.91146765894562	0.035757671833994
2.91232147656227	0.0364335686429718
2.91318332589595	0.0371085707375301
2.91405312230003	0.0377824091841256
2.91493078030372	0.0384548154384221
2.91581621362119	0.0391255214536513
2.91670933516084	0.0397942597887259
2.91761005703447	0.0404607637160885
2.91851829056669	0.0411247673292898
2.91943394630419	0.0417860056502063
2.92035693402525	0.0424442147358896
2.92128716274911	0.0430991317849985
2.92222454074556	0.0437504952437487
2.9231689755445	0.0443980449113959
2.92412037394556	0.0450415220451321
2.92507864202778	0.0456806694644241
2.92604368515937	0.0463152316547412
2.92701540800749	0.0469449548705647
2.92799371454806	0.0475695872377526
2.92897850807575	0.0481888788551135
2.92996969121383	0.0488025818952055
2.93096716592425	0.0494104507043354
2.93197083351766	0.0500122419016632
2.93298059466356	0.0506077144773843
2.93399634940041	0.0511966298900429
2.9350179971459	0.0517787521627703
2.93604543670718	0.0523538479785933
2.93707856629123	0.0529216867746094
2.93811728351517	0.0534820408351221
2.9391614854167	0.0540346853836048
2.9402110684646	0.0545793986735411
2.94126592856921	0.0551159620780051
2.942325961093	0.0556441601780699
2.94339106086119	0.0561637808498738
2.94446112217244	0.0566746153504276
2.94553603880948	0.0571764584020492
2.94661570404996	0.0576691082754423
2.94770001067713	0.0581523668713518
2.94878885099077	0.058626039800748
2.94988211681803	0.0590899364636334
2.95097969952437	0.0595438701262174
2.9520814900245	0.0599876579966305
2.9531873787934	0.0604211212990501
2.95429725587736	0.0608440853462702
2.95541101090506	0.0612563796105369
2.95652853309868	0.0616578377928659
2.95764971128509	0.06204829789057
2.95877443390697	0.0624276022631244
2.95990258903412	0.0627955976963267
2.96103406437465	0.0631521354645873
2.96216874728631	0.0634970713915801
2.96330652478779	0.063830265908928
2.96444728357008	0.0641515841132288
2.96559091000789	0.0644608958210127
2.96673729017098	0.0647580756220083
2.96788630983568	0.0650430029304138
2.96903785449631	0.0653155620342519
2.97019180937669	0.0655756421428079
2.97134805944165	0.0658231374320446
2.97250648940856	0.0660579470881504
2.9736669837589	0.0662799753490103
2.97482942674986	0.0664891315436126
2.97599370242591	0.0666853301295542
2.97715969463043	0.0668684907284049
2.97832728701737	0.0670385381590757
2.97949636306289	0.0671954024689836
2.98066680607702	0.0673390189633409
2.98183849921538	0.0674693282321678
2.98301132549084	0.0675862761752429
2.98418516778529	0.0676898140249682
2.98535990886128	0.0677798983670868
2.98653543137384	0.0678564911592802
2.98771161788215	0.0679195597475051
2.98888835086136	0.0679690768804055
2.99006551271427	0.0680050207213226
2.99124298578316	0.0680273748582864
2.99242065236153	0.0680361283118403
2.99359839470585	0.0680312755405623
2.99477609504737	0.0680128164446257
2.99595363560386	0.0679807563669537
2.99713089859141	0.0679351060923777
2.99830776623616	0.067875881844505
2.99948412078612	0.0678031052804748
3	0.0677669077962218
