0	1
0.00451523640985731	0.9999
0.0090302470522498	0.99960002000025
0.0135445803696643	0.999100150000501
0.01805778480456	0.998400559981006
0.0225694088444924	0.997501499852532
0.0270790010672263	0.996403299374392
0.0315861101858323	0.995106368040526
0.0360902850937632	0.993611194933679
0.040591074909905	0.991918348547715
0.0450880290235988	0.990028476578153
0.0495806971396271	0.987942305680984
0.0540686293231629	0.985660641199876
0.0585513760446733	0.983184366861865
0.0630284882247766	0.980514444441647
0.0674995172790448	0.977651913394606
0.0719640151627503	0.97459789045872
0.0764215344155485	0.971353569225496
0.0808716282060948	0.967920219680103
0.085313850376589	0.964299187710883
0.0897477554872441	0.960491894588434
0.094172898860673	0.956499836414471
0.0985888366261899	0.952324583540666
0.102995125764021	0.947967779957726
0.10739132414942	0.943431142654914
0.111776990596683	0.938716460950296
0.116151684903056	0.933825595791958
0.12051496789254	0.928760479030483
0.124866401459572	0.923523112662964
0.129205548612591	0.918115568048864
0.133531973517483	0.912539985098021
0.137845241540891	0.906798571431136
0.142144919293393	0.900893601513063
0.146430574672539	0.894827415759248
0.150701776905753	0.888602419615686
0.15495809659307	0.88222108261274
0.159199105749736	0.875685937393216
0.163424377848637	0.868999578715075
0.167633487862569	0.862164662429182
0.171826012306338	0.855183904432495
0.176001529278689	0.848060079597115
0.180159618504049	0.840796020675632
0.184299861374093	0.833394617183189
0.188421840989114	0.825858814256729
0.192525142199205	0.818191611491868
0.196609351645232	0.810396061757872
0.200674057799613	0.802475269991195
0.204718851006877	0.794432391968091
0.208743323524008	0.786270633056763
0.212747069560574	0.77799324694957
0.21672968531862	0.769603534375799
0.220690769032337	0.761104841795507
0.224629921007482	0.752500560074985
0.228546743660567	0.743794123144351
0.232440841557785	0.734989006637833
0.236311821453689	0.726088726517282
0.240159292329605	0.717096837679481
0.24398286543178	0.708016932547798
0.24778215430925	0.698852639648777
0.251556774851436	0.689607622174217
0.255306345325442	0.680285576529358
0.259030486413069	0.670890230867726
0.262728821247527	0.661425343613266
0.26640097544983	0.651894701970355
0.270046577164888	0.642302120422295
0.273665257097274	0.632651439218915
0.277256648546656	0.622946522853897
0.280820387442895	0.613191258532451
0.284356112380803	0.603389554629972
0.287863464654537	0.593545339142307
0.29134208829164	0.583662558128294
0.294791630086703	0.573745174145194
0.298211739634654	0.56379716467768
0.301602069363649	0.553822520561045
0.30496227456757	0.543825244399266
0.308292013438106	0.533809348978617
0.311590947096416	0.523778855677475
0.314858739624355	0.513737792873007
0.31809505809526	0.503690194345407
0.321299572604267	0.493640097680367
0.324471956298168	0.483591542670473
0.327611885404773	0.473548569716202
0.330719039261771	0.463515218227228
0.333793100345074	0.453495525024725
0.336833754296628	0.443493522745381
0.339840689951667	0.433513238247822
0.342813599365393	0.423558691022155
0.345752177839063	0.413633891603369
0.348656123945459	0.403742839989286
0.351525139553718	0.393889524063829
0.354358929853489	0.384077918026306
0.357157203378399	0.374311980827488
0.35991967202879	0.364595654613206
0.362646051093698	0.354932863176251
0.365336059272034	0.345327510417323
0.367989418692931	0.335783478815841
0.370605854935208	0.32630462791138
0.373185097045922	0.316894792796562
0.375726877557922	0.307557782622218
0.378230932506392	0.298297379115668
0.380697001444284	0.289117335112978
0.383124827456591	0.280021373106083
0.385514157173381	0.271013183805693
0.387864740781507	0.262096424720914
0.390176332034897	0.253274718756587
0.392448688263327	0.244551652829334
0.394681570379548	0.23593077650341
0.396874742884659	0.227415600647457
0.399027973871554	0.219009596113357
0.4011410350263	0.210716192438431
0.403213701627252	0.202538776572341
0.4052457525417	0.194480691630101
0.407236970219803	0.186545235672786
0.409187140685563	0.178735660517597
0.4110960535245	0.171055170579133
0.41296350186771	0.163506921743898
0.414789282371883	0.156094020280297
0.416573195194821	0.148819521786596
0.418315043965931	0.141686430179685
0.420014635751061	0.134697696727803
0.421671781010955	0.127856219130834
0.4232862935525	0.121164840652326
0.424857990471744	0.114626349307988
0.426386692087538	0.108243477116222
0.427872221864408	0.102018899417177
0.429314406322992	0.0959552342679475
0.430713074936086	0.0900550419229913
0.43206806000789	0.0843208244105939
0.433379196533582	0.0787550252184035
0.43464632203569	0.0733600291038571
0.435869276372934	0.0681381620488295
0.43704790151619	0.0630916913823445
0.438182041284883	0.0582228261010011
0.43927154103543	0.0535337174243375
0.440316247291053	0.0490264596323272
0.441316007299282	0.0447030912454672
0.442270668499417	0.0405655966258133
0.443180077876655	0.0366159081017524
0.444044081171918	0.0328559087531982
0.444862521905581	0.0292874360416685
0.445635240157781	0.0259122865382817
0.446362071025213	0.0227322221031546
0.447042842640301	0.0197489780202073
0.447677373586204	0.0169642738227884
0.448265469458318	0.0143798279118942
0.448806918187223	0.0119973776686457
0.449301483507105	0.00981870778433525
0.44975300714809	0.00782755071293047
0.450204530789076	0.00583439364152569
0.450656054430062	0.00383923657012092
0.451107578071047	0.00184207949871614
0.451523832856093	-8.49879766022656e-07
0.451524065088022	-2.77111281475134e-08
0.451524072915383	-2.88453870028468e-16
0.451975596556301	0.00159752462822468
0.452427120197287	0.0031930492566898
0.452878643838272	0.00478657388515492
0.453330167479258	0.00637809851362004
0.453781691120244	0.00796762314208516
0.454233214761229	0.00955514777055028
0.454684738402215	0.0111406723990154
0.455161318822526	0.0128120143116626
0.455672399193904	0.0146018697812657
0.456218012219337	0.0165098341629494
0.456798177652578	0.0185354218643482
0.457412903864218	0.0206780720791235
0.458062189083679	0.0229371533998742
0.4587460223967	0.0253119675906419
0.459464384555677	0.0278017527208196
0.460217248644883	0.030405685808219
0.461004580631824	0.0331228850810704
0.461826339828294	0.0359524119416256
0.462682479279119	0.0388932726943736
0.463572946092456	0.0419444200874412
0.4644976817225	0.0451047547049959
0.465456622213107	0.0483731262403756
0.466449698409126	0.0517483346735046
0.467476836140858	0.055229131371419
0.468537956386047	0.0588142201270426
0.469632975412939	0.0625022581484778
0.470761804907368	0.0662918570088002
0.471924352086236	0.070181583564538
0.473120519799416	0.0741699608495673
0.474350206621712	0.0782554689499838
0.475613306936291	0.082436545864565
0.476909711010742	0.0867115883546579
0.478239305066766	0.0910789527866902
0.479601971344338	0.0955369559699776
0.480997588161047	0.100083875992061
0.482426029967255	0.104717953053443
0.483887167397575	0.109437390303277
0.485380867319154	0.114240354677327
0.486906992877128	0.119124977739266
0.48846540353762	0.124089356526222
0.490055955128556	0.129131554399298
0.491678499878582	0.134249601899685
0.493332886454292	0.13944149761083
0.495018959995982	0.144705209027063
0.496736562152102	0.150038673428965
0.498485531112561	0.155439798765692
0.500265701641025	0.160906464544421
0.502076905106335	0.166436522726993
0.503918969513145	0.172027798633803
0.505791719531887	0.17767809185493
0.507694976528139	0.183385177168456
0.509628558591483	0.189146805465904
0.51159228056392	0.194960704684668
0.513585954067898	0.200824580747305
0.515609387534012	0.206736118507509
0.517662386228434	0.212692982702593
0.519744752280102	0.218692818912256
0.521856284707727	0.224733254523404
0.523996779446633	0.230811899700794
0.526166029375489	0.236926348363228
0.528363824342933	0.24307417916502
0.530589951194147	0.249252956482464
0.532844193797378	0.255460231404987
0.535126333070444	0.261693542730696
0.537436147007246	0.267950417965985
0.53977341070429	0.274228374328893
0.542137896387252	0.280524919755866
0.544529373437587	0.286837553911586
0.546947608419208	0.293163769201529
0.549392365105231	0.29950105178689
0.551863404504817	0.30584688260152
0.554360484890106	0.312198738370514
0.556883361823249	0.318554092630087
0.559431788183568	0.324910416748365
0.562005514194822	0.33126518094671
0.56460428745261	0.337615855321231
0.567227852951903	0.343959910864058
0.569875953114709	0.350294820484048
0.572548327817891	0.356618060026498
0.575244714421125	0.362927109291511
0.577964847795004	0.369219453050614
0.580708460349307	0.375492582061248
0.583475282061411	0.381743994078739
0.586265040504871	0.387971194865374
0.589077460878157	0.394171699196177
0.591912266033549	0.400343031861015
0.594769176506201	0.406482728662639
0.597647910543365	0.41258833741027
0.600548184133786	0.418657418908362
0.603469711037252	0.424687547940131
0.606412202814319	0.430676314245496
0.609375368856199	0.436621323493026
0.612358916414814	0.44252019824553
0.615362550633012	0.448370578918903
0.618385974574952	0.454170124733855
0.621428889256654	0.459916514660154
0.624490993676708	0.465607448352997
0.627571984847145	0.471240647081162
0.630671557824479	0.476813854646556
0.633789405740895	0.482324838294807
0.636925219835606	0.487771389616535
0.640078689486365	0.493151325438952
0.643249502241128	0.498462488707429
0.646437343849878	0.503702749356687
0.649641898296595	0.508870005171269
0.65286284783138	0.513962182634943
0.656099873002727	0.518977237768704
0.659352652689941	0.523913156957041
0.662620864135697	0.528767957762145
0.665904182978746	0.533539689725722
0.669202283286758	0.538226435158102
0.672514837589302	0.542826309914327
0.675841516910962	0.547337464156907
0.679181990804586	0.551758083104936
0.682535927384663	0.556086387769279
0.685902993360829	0.560320635673522
0.689282854071497	0.564459121560412
0.692675173517609	0.568500178083491
0.69607961439651	0.57244217648365
0.699495838135932	0.576283527250341
0.7029235049281	0.58002268076717
0.706362273763943	0.583658127941618
0.709811802467415	0.587188400818634
0.713271747729922	0.590612073177856
0.716741765144849	0.593927761114221
0.720221509242187	0.597134123601726
0.723710633523258	0.600229863040113
0.72720879049553	0.603213725784267
0.730715631707522	0.606084502656095
0.734230807783797	0.608841029438705
0.737753968460041	0.611482187352657
0.741284762618218	0.614006903514116
0.744822838321801	0.616414151374712
0.748367842851084	0.618702951142928
0.751919422738557	0.620872370186846
0.755477223804354	0.622921523418094
0.759040891191762	0.624849573656826
0.76261006940279	0.626655731977596
0.766184402333797	0.628339258035984
0.769763533311176	0.629899460375836
0.773347105127081	0.631335696716998
0.776934760075213	0.632647374223415
0.780526139986634	0.63383394975151
0.78412088626564	0.634894930078706
0.787718639925654	0.635829872112028
0.791319041625159	0.636638383076678
0.794921731703665	0.637320120684517
0.798526350217696	0.637874793282377
0.8021325369768	0.63830215998014
0.805739931579582	0.638602030758539
0.809348173449753	0.63877426655662
0.812956901872181	0.638818779338843
0.816565756028967	0.638735532141779
0.820174375035511	0.638524539100387
0.823782397976587	0.638185865453862
0.827389463942414	0.637719627531034
0.830995212064723	0.637125992715343
0.834599281552806	0.636405179389376
0.838201311729564	0.635557456859006
0.841800942067531	0.634583145257147
0.845397812224875	0.633482615427168
0.84899156208138	0.632256288786006
0.852581831774401	0.630904637167031
0.856168261734779	0.629428182642719
0.859750492722728	0.627827497327211
0.863328165863683	0.626103203158825
0.8669009226841	0.624255971662603
0.870468405147213	0.622286523692997
0.874030255688741	0.620195629156786
0.877586117252539	0.617984106716327
0.881135633326191	0.615652823473269
0.884678447976543	0.613202694632848
0.888214205885173	0.610634683148886
0.891742552383782	0.607949799349649
0.895263133489525	0.605149100544702
0.898775595940254	0.602233690612914
0.902279587229688	0.599204719571785
0.905774755642495	0.596063383128255
0.909260750289283	0.592810922211178
0.912737221141507	0.589448622485644
0.916203819066272	0.585977813849346
0.919660195861036	0.582399869911182
0.923106004288219	0.578716207452312
0.92654089810969	0.574928285869867
0.929964532121152	0.571037606603554
0.933376562186411	0.567045712545358
0.936776645271518	0.562954187432601
0.940164439478798	0.558764655224582
0.943539604080741	0.554478779463056
0.946901799553767	0.550098262616804
0.950250687611858	0.545624845410555
0.953585931240041	0.54106030613853
0.956907194727738	0.536406459962876
0.960214143701959	0.531665158197289
0.963506445160348	0.52683828757608
0.966783767504072	0.521927769509017
0.970045780570547	0.516935559322207
0.973292155666002	0.511863645485338
0.976522565597874	0.506714048825599
0.979736684707027	0.501488821728575
0.982934188899794	0.496190047326452
0.98611475567984	0.490819838673852
0.989278064179834	0.48538033791164
0.992423795192931	0.479873715419022
0.995551631204061	0.474302168954294
0.998661256421011	0.468667922784583
1.00175235680531	0.462973226804923
1.0048246201029	0.457220355647038
1.00787773587459	0.45141160777818
1.01091139552629	0.445549304590397
1.01392529233901	0.439635789480594
1.01691912149869	0.43367342692176
1.01989258012567	0.427664601525751
1.02284536730405	0.421611717097998
1.02577718411073	0.415517195684526
1.02868773364421	0.40938347661169
1.03157672105314	0.403213015519001
1.03444385356461	0.397008283385447
1.03728884051213	0.390771765549719
1.04011139336343	0.384505960724726
1.04291122574783	0.378213380006825
1.04568805348345	0.371896545880164
1.04844159460408	0.365557991216556
1.05117156938568	0.3592002582713
1.05387770037269	0.352825897675365
1.05655971240393	0.346437467424361
1.05921733263815	0.340037531864729
1.06185029057936	0.333628660677558
1.06445831810168	0.327213427860485
1.06704114947388	0.320794410708086
1.06959852138363	0.314374188791213
1.07213017296122	0.307955342935703
1.07463584580302	0.301540454200906
1.07711528399446	0.295132102858474
1.07956823413264	0.288732867371859
1.08199444534848	0.282345323376965
1.08439366932843	0.275972042664414
1.08676566033573	0.269615592163873
1.0891101752312	0.263278532930915
1.0914269734935	0.256963419136857
1.0937158172389	0.250672797062066
1.09597647124052	0.244409204093178
1.09820870294697	0.238175167724731
1.10041228250047	0.231973204565677
1.1025869827543	0.225805819351269
1.10473257928962	0.219675503960804
1.10684885043166	0.213584736441743
1.10893557726512	0.2075359800407
1.11099254364895	0.201531682241819
1.11301953623019	0.195574273813083
1.1150163444571	0.189666167861074
1.11698276059136	0.183809758894752
1.11891857971931	0.178007421898822
1.12082359976222	0.172261511417262
1.12269762148549	0.166574360647638
1.12454044850671	0.160948280546819
1.12635188730243	0.155385558948754
1.1281317472137	0.149888459695006
1.12987984045011	0.144459221778744
1.13159598209233	0.139100058502981
1.13327999009292	0.133813156653844
1.13493168527533	0.128600675689762
1.13655089133095	0.123464746947484
1.13813743481387	0.118407472865931
1.1396911451333	0.113430926228999
1.1412118545433	0.108537149428462
1.14269939812958	0.103728153748328
1.14415361379298	0.09900591867209
1.14557434222936	0.0943723912144936
1.14696142690535	0.0898294852796569
1.14831471402949	0.0853790810476058
1.14963405251823	0.0810230243915785
1.15091929395599	0.0767631263288008
1.15217029254858	0.0726011625078499
1.15338690506891	0.0685388727362307
1.15456899079393	0.0645779605524099
1.15571641143141	0.0607200928473139
1.15682903103496	0.0569668995412311
1.15790671590529	0.0533199733232364
1.15894933447535	0.0497808694616972
1.15995675717646	0.0463511056962801
1.16092885628184	0.0430321622241886
1.1618655057231	0.0398254817963773
1.16276658087428	0.0367324699433291
1.16363195829623	0.0337544953550297
1.16446151543285	0.0308928904464219
1.16525513024744	0.0281489521484814
1.16601268078469	0.0255239429770251
1.16673404463874	0.0230190924477576
1.16741909830149	0.0206355989288375
1.16806771635613	0.0183746320544515
1.16867977046776	0.0162373358692341
1.16925512810364	0.0142248329414933
1.16979365088663	0.0123382297856561
1.17029519244063	0.0105786240925227
1.17075959551551	0.00894711451754908
1.17121111915649	0.00735882357706659
1.17166264279748	0.00576853263658411
1.17211416643846	0.00417624169610162
1.17256569007945	0.00258195075561914
1.17301721372043	0.000985659815136653
1.1732958409243	-3.80790447624014e-07
1.17329597547703	-8.87722730591224e-14
1.17329605777048	2.32894127610341e-07
1.17374758141146	0.00127706528199915
1.17419910505245	0.00255189766987069
1.17465062869343	0.00382473005774223
1.17510215233442	0.00509556244561377
1.1755536759754	0.00636439483348532
1.17600519961639	0.00763122722135686
1.17645672325738	0.0088960596092284
1.17690824689836	0.0101588919970999
1.17736334357676	0.0114296937411079
1.17784606635344	0.0127754174546093
1.17835641626547	0.0141956735500551
1.17889438680815	0.0156900290275963
1.17945996462564	0.0172580095943194
1.18005313007615	0.0188991014431865
1.18067385769895	0.0206127527685777
1.18132211660396	0.0223983750760991
1.18199787079924	0.0242553443304623
1.18270107946872	0.0261830019750677
1.18343169720932	0.0281806558494133
1.18418967423486	0.0302475810247964
1.18497495655259	0.0323830205744855
1.18578748611701	0.0345861862912633
1.18662720096463	0.0368562593626893
1.18749403533282	0.039192391012453
1.18838791976519	0.0415937031146196
1.18930878120555	0.0440592887863337
1.1902565430821	0.0465882129635483
1.19123112538332	0.0491795129635536
1.19223244472668	0.0518321990374314
1.19326041442123	0.0545452549150275
1.19431494452481	0.0573176383446094
1.19539594189665	0.0601482816290142
1.196503310246	0.0630360921597954
1.19763695017719	0.0659799529506356
1.19879675923165	0.0689787231710748
1.19998263192734	0.0720312386814389
1.20119445979569	0.0751363125697039
1.20243213141659	0.078292735690902
1.20369553245155	0.0814992772095706
1.20498454567527	0.0847546851456606
1.20629905100577	0.088057686924228
1.20763892553338	0.0914069899291773
1.20900404354853	0.0948012820612622
1.2103942765687	0.0982392323004943
1.21180949336447	0.101719491273072
1.21324955998481	0.105240691822898
1.2147143397818	0.108801449587719
1.21620369343474	0.112400363579901
1.21771747897374	0.116036016771804
1.21925555180296	0.119706976685731
1.22081776472336	0.123411795988365
1.22240396795528	0.127149013089623
1.22401400916058	0.130917152745814
1.22564773346469	0.134714726666998
1.22730498347838	0.138540234128401
1.2289855993194	0.142392162585751
1.23068941863393	0.146268988294378
1.23241627661806	0.150169176931919
1.234166006039	0.154091184224453
1.23593843725642	0.158033456575876
1.2377333982436	0.161994431700346
1.23955071460864	0.165972539257586
1.24139020961567	0.169966201490855
1.24325170420602	0.173973833867374
1.24513501701946	0.177993845721003
1.24703996441544	0.182024640896937
1.24896636049443	0.186064618398226
1.25091401711925	0.190112173033867
1.25288274393652	0.194165696068269
1.25487234839814	0.198223575871826
1.25688263578294	0.202284198572409
1.25891340921826	0.206345948707498
1.26096446970181	0.210407209876744
1.26303561612349	0.214466365394713
1.26512664528737	0.218521798943571
1.2672373519338	0.222571895225462
1.26936752876157	0.22661504061435
1.27151696645023	0.23064962380706
1.27368545368257	0.234674036473286
1.27587277716709	0.238686673904322
1.27807872166076	0.24268593566025
1.28030306999177	0.246670226215367
1.28254560308248	0.250637955601569
1.28480609997246	0.25458754004948
1.28708433784173	0.258517402627052
1.28938009203403	0.262425973875399
1.29169313608029	0.266311692441626
1.29402324172223	0.270173005708391
1.29637017893605	0.274008370419972
1.29873371595629	0.277816253304579
1.30111361929985	0.281595131692685
1.30350965379003	0.285343494131115
1.30592158258084	0.289059840992672
1.30834916718137	0.292742685081045
1.31079216748026	0.296390552230769
1.31325034177037	0.300001981902
1.31572344677357	0.303575527769871
1.31821123766557	0.307109758308194
1.32071346810101	0.310603257367277
1.32322989023858	0.314054624745635
1.3257602547663	0.317462476755363
1.32830431092691	0.320825446780938
1.3308618065434	0.324142185831255
1.33343248804464	0.327411363084642
1.33601610049118	0.330631666426674
1.33861238760106	0.333801802980541
1.34122109177585	0.336920499629784
1.34384195412675	0.339986503533167
1.34647471450081	0.342998582631509
1.34911911150725	0.345955526146241
1.3517748825439	0.348856145069517
1.35444176382375	0.351699272645669
1.35711949040162	0.354483764843813
1.35980779620086	0.357208500821427
1.36250641404024	0.359872383378705
1.36521507566091	0.36247433940351
1.36793351175342	0.365013320306749
1.37066145198487	0.367488302447994
1.37339862502614	0.369898287551172
1.37614475857923	0.372242303110175
1.37889957940462	0.374519402784204
1.38166281334883	0.376728666782706
1.38443418537196	0.378869202239739
1.38721341957533	0.380940143577623
1.39000023922924	0.38294065285972
1.39279436680078	0.384869920132212
1.39559552398169	0.386727163754727
1.39840343171631	0.388511630719695
1.40121781022965	0.390222596960289
1.40403837905538	0.391859367646838
1.40686485706408	0.393421277471584
1.40969696249138	0.394907690921678
1.41253441296622	0.396318002540291
1.41537692553921	0.397651637175745
1.41822421671098	0.398908050218561
1.42107600246059	0.400086727826315
1.42393199827399	0.401187187136239
1.42679191917256	0.402208976465442
1.42965547974165	0.403151675498704
1.43252239415914	0.404014895463744
1.43539237622412	0.404798279293901
1.43826513938549	0.405501501778157
1.44114039677069	0.406124269698441
1.44401786121441	0.406666321954154
1.4468972452873	0.407127429673871
1.44977826132478	0.407507396314168
1.4526606214558	0.407806057745532
1.45554403763161	0.408023282325318
1.45842822165462	0.408158970957728
1.4613128852072	0.408213057140776
1.4641977398805	0.408185507000225
1.46708249720329	0.408076319310479
1.46996686867082	0.407885525502424
1.47285056577362	0.407613189658198
1.47573330002634	0.407259408492913
1.4786147829966	0.40682431132331
1.48149472633378	0.406308060023383
1.48437284179782	0.405710848966959
1.48724884128802	0.405032904957283
1.4901224368718	0.404274487143616
1.49299334081347	0.403435886924884
1.4958612656029	0.402517427840412
1.49872592398428	0.401519465447793
1.50158702898473	0.400442387187923
1.50444429394297	0.399286612237271
1.50729743253787	0.398052591347431
1.51014615881707	0.396740806672025
1.51299018722544	0.395351771581012
1.51582923263356	0.393886030462498
1.51866301036616	0.392344158512099
1.52149123623046	0.390726761509956
1.52431362654451	0.389034475585491
1.52712989816541	0.387267966969977
1.52993976851757	0.385427931737051
1.53274295562076	0.38351509553124
1.53553917811825	0.381530213284628
1.53832815530476	0.379474068921771
1.54110960715441	0.377347475052973
1.54388325434853	0.375151272656047
1.54664881830348	0.372886330746689
1.54940602119829	0.370553546037592
1.55215458600232	0.368153842586438
1.55489423650268	0.365688171432909
1.55762469733175	0.363157510224856
1.56034569399445	0.360562862833781
1.56305695289548	0.357905258959777
1.56575820136646	0.355185753726101
1.56844916769292	0.352405427263514
1.57112958114127	0.349565384284578
1.57379917198556	0.346666753648073
1.5764576715342	0.343710687913701
1.57910481215651	0.340698362887262
1.5817403273092	0.337630977156484
1.58436395156266	0.33450975161769
1.58697542062723	0.331335928993495
1.58957447137919	0.328110773341721
1.59216084188677	0.324835569555733
1.59473427143591	0.321511622856393
1.59729450055591	0.318140258275842
1.599841271045	0.314722820133303
1.60237432599563	0.311260671503138
1.60489340981977	0.307755193675356
1.60739826827388	0.304207785608791
1.60988864848388	0.300619863377183
1.61236429896988	0.296992859608376
1.61482496967069	0.293328222916857
1.61727041196829	0.289627417329873
1.61970037871204	0.28589192170736
1.6221146242427	0.282123229155912
1.62451290441632	0.278322846437032
1.62689497662789	0.274492293369903
1.62926059983487	0.270633102228933
1.63160953458043	0.266746817136307
1.63394154301659	0.262834993449795
1.63625638892705	0.25889919714608
1.63855383774992	0.254941004199841
1.64083365660014	0.250961999958863
1.64309561429173	0.246963778515416
1.64533948135982	0.242947942074176
1.64756503008243	0.238916100316937
1.649772034502	0.23486986976439
1.65196027044671	0.23081087313522
1.65412951555155	0.226740738702806
1.6562795492791	0.222661099649773
1.6584101529401	0.218573593420683
1.66052110971368	0.214479861073131
1.66261220466739	0.21038154662752
1.66468322477694	0.206280296415789
1.66673395894554	0.202177758429381
1.66876419802312	0.19807558166672
1.67077373482506	0.193975415480484
1.67276236415073	0.189878908924955
1.67472988280164	0.185787710103732
1.67667608959928	0.18170346551809
1.67860078540255	0.177627819416285
1.68050377312492	0.173562413144078
1.68238485775112	0.169508884496785
1.6842438463535	0.165468867073144
1.68608054810796	0.161443989631293
1.68789477430943	0.157435875447167
1.68968633838698	0.153446141675604
1.6914550559184	0.14947639871449
1.69320074464429	0.145528249572216
1.69492322448175	0.14160328923881
1.69662231753742	0.137703104061009
1.69829784811999	0.133829271121642
1.69994964275222	0.129983357623621
1.7015775301822	0.126166920278889
1.70318134139405	0.122381504702666
1.70476090961788	0.118628644813348
1.70631607033909	0.114909862238406
1.70784666130674	0.11122666572667
1.70935252254126	0.107580550567382
1.71083349634112	0.103972998016395
1.71228942728862	0.100405474729962
1.71372016225461	0.0968794322065239
1.71512555040213	0.0933963062369561
1.71650544318879	0.08995751636376
1.71785969436791	0.0865644653496967
1.71918815998816	0.0832185386564103
1.72049069839169	0.0799211039336171
1.7217671702106	0.0766735105194895
1.7230174383614	0.0734770889529107
1.72424136803759	0.0703331504983402
1.72543882669979	0.0672429866841078
1.72660968406345	0.0642078688550351
1.72775381208369	0.0612290477403855
1.72887108493701	0.0583077530382714
1.72996137899939	0.0554451930177855
1.73102457282052	0.0526425541403008
1.73206054709336	0.0499010007015896
1.7330691846187	0.047221674496665
1.73405037026376	0.0446056945095515
1.73500399091409	0.0420541566305667
1.73592993541775	0.0395681334041468
1.73682809452047	0.0371486738108103
1.73769836079032	0.0347968030875551
1.73854062853025	0.0325135225918463
1.73935479367605	0.0302998097154466
1.74014075367736	0.0281566178557262
1.74089840735815	0.0260848764538485
1.74162765475278	0.0240854911115095
1.7423283969123	0.0221593438008677
1.74300053567463	0.0203072931861808
1.74364397338995	0.0185301750808463
1.74425861259079	0.0168288030704788
1.74484435559231	0.0152039693421437
1.745401104004	0.013656445772964
1.74592875812752	0.0121869853497411
1.74642721620565	0.0107963240175949
1.74689637347423	0.00948518309410531
1.74734789711522	0.00822128333137923
1.7477994207562	0.00695538356865316
1.74825094439719	0.00568748380592708
1.74870246803818	0.00441758404320101
1.74915399167916	0.00314568428047493
1.74960551532015	0.00187178451774886
1.75005703896113	0.000595884755022788
1.75026774935677	-2.17776461272321e-07
1.7502678456165	-4.56413254324626e-14
1.75026798858852	3.23457440467807e-07
1.7507195122295	0.00102084263433437
1.75117103587049	0.00203936181122827
1.75162255951148	0.00305588098812217
1.75207408315246	0.00407040016501607
1.75252560679345	0.00508291934190998
1.75297713043443	0.00609343851880388
1.75342865407542	0.00710195769569779
1.7538801777164	0.00810847687259169
1.75433170135739	0.0091129960494856
1.75478322499837	0.0101155152263795
1.75523734904404	0.0111217907782175
1.75571352543009	0.0121747583891324
1.75621173339892	0.0132740632692059
1.75673194787812	0.0144193272521094
1.75727413973834	0.0156101495204701
1.75783827601211	0.0168461072509306
1.75842432008074	0.0181267561952286
1.75903223183522	0.0194516312100938
1.75966196781552	0.0208202467460902
1.76031348133212	0.0222320973034828
1.76098672257243	0.0236866578616149
1.76168163869482	0.0251833842870451
1.76239817391194	0.0267217137247128
1.76313626956507	0.0283010649756235
1.76389586419079	0.0299208388639228
1.76467689358111	0.031580418595732
1.7654792908379	0.0332791701117078
1.76630298642253	0.0350164424349552
1.76714790820124	0.036791568015657
1.76801398148688	0.0386038630735557
1.76890112907751	0.0404526279392361
1.76980927129223	0.0423371473950006
1.77073832600451	0.0442566910160065
1.77168820867354	0.0462105135122144
1.77265883237366	0.0481978550716098
1.77365010782211	0.0502179417050836
1.7746619434055	0.052269985593283
1.77569424520486	0.0543531854356914
1.7767469170197	0.0564667268021461
1.77781986039105	0.0586097824869579
1.77891297462366	0.0607815128657592
1.78002615680741	0.062981066255181
1.78115930183813	0.0652075792754193
1.78231230243778	0.0674601772157388
1.7834850491741	0.0697379744029325
1.78467743047991	0.07204007457274
1.78588933267192	0.0743655712442086
1.78712063996924	0.0767135480969666
1.78837123451162	0.0790830793513676
1.78964099637738	0.0814732301514477
1.7909298036012	0.0838830569506299
1.79223753219165	0.0863116079001032
1.7935640561486	0.0887579232397865
1.79490924748051	0.0912210356917908
1.79627297622163	0.0936999708562787
1.79765511044903	0.0961937476096143
1.7990555162997	0.0987013785046962
1.80047405798748	0.101221870173353
1.80191059782006	0.103754223730688
1.80336499621589	0.106297435181237
1.80483711172113	0.10885049582682
1.80632680102661	0.111412392675958
1.80783391898475	0.113982108854696
1.80935831862664	0.116558624018728
1.810899851179	0.119140914766659
1.81245836608128	0.121727955054262
1.81403371100285	0.124318716609598
1.81562573186012	0.126912169348841
1.81723427283386	0.129507281792657
1.8188591763865	0.132103021482999
1.82050028327958	0.13469835540015
1.8221574325912	0.137292250379873
1.82383046173359	0.139883673530507
1.82551920647084	0.142471592649859
1.82722350093656	0.145054976641728
1.8289431776518	0.147632795931914
1.83067806754294	0.15020402288355
1.83242799995977	0.152767632211596
1.8341928026936	0.155322601396346
1.8359723019955	0.157867911095778
1.83776632259466	0.160402545556607
1.83957468771682	0.162925493023858
1.8413972191028	0.165435746148827
1.84323373702719	0.167932302395251
1.8450840603171	0.170414164443547
1.84694800637099	0.172880340592946
1.84882539117768	0.175329845161382
1.85071602933541	0.177761698882968
1.85261973407101	0.180174929302909
1.85453631725921	0.182568571169697
1.85646558944201	0.184941666824435
1.85840735984821	0.187293266587132
1.86036143641297	0.189622429139826
1.86232762579754	0.191928221906378
1.86430573340909	0.194209721428787
1.86629556342057	0.196466013739881
1.86829691879077	0.198696194732235
1.87030960128442	0.200899370523173
1.87233341149239	0.2030746578157
1.87436814885201	0.205221184255234
1.8764136116675	0.207338088781993
1.87846959713046	0.209424521978882
1.88053590134046	0.211479646414773
1.88261231932575	0.213502636983004
1.88469864506405	0.215492681234998
1.88679467150342	0.21744897970884
1.88890019058324	0.219370746252703
1.89101499325526	0.221257208342977
1.89313886950471	0.223107607396988
1.8952716083716	0.224921199080174
1.89741299797198	0.226697253607595
1.89956282551933	0.228435056039662
1.90172087734605	0.23013390657196
1.90388693892504	0.231793120819059
1.90606079489125	0.233412030092183
1.90824222906348	0.234989981670645
1.91043102446607	0.236526339066923
1.9126269633508	0.238020482285279
1.91482982721879	0.239471808073819
1.91703939684249	0.240879730169884
1.91925545228773	0.242243679538679
1.92147777293583	0.243563104605049
1.92370613750578	0.244837471478294
1.92594032407645	0.24606626416995
1.92818011010894	0.247248984804436
1.93042527246889	0.248385153822481
1.93267558744887	0.249474310177263
1.93493083079087	0.250516011523167
1.9371907777088	0.251509834397081
1.939455202911	0.252455374392184
1.9417238806229	0.253352246324119
1.94399658460963	0.254200084389512
1.9462730881987	0.254998542316756
1.94855316430271	0.255747293509011
1.95083658544216	0.256446031179352
1.95312312376819	0.25709446847801
1.95541255108543	0.257692338611665
1.95770463887487	0.258239394954729
1.95999915831671	0.258735411152579
1.96229588031332	0.259180181216702
1.96459457551214	0.259573519611703
1.96689501432864	0.259915261334148
1.96919696696932	0.260205261983205
1.97150020345468	0.26044339782306
1.97380449364226	0.260629565837067
1.97610960724962	0.260763683773631
1.97841531387742	0.260845690183782
1.98072138303243	0.260875544450441
1.98302758415058	0.260853226809355
1.98533368662003	0.260778738361695
1.98763945980419	0.260652101078311
1.9899446730648	0.260473357795643
1.99224909578499	0.260242572203276
1.99455249739226	0.259959828823166
1.99685464738159	0.25962523298052
1.9991553153384	0.259238910766356
2.00145427096162	0.258801008991748
2.00375128408663	0.258311695133783
2.00604612470828	0.257771157273239
2.00833856300383	0.25717960402401
2.01062836935589	0.256537264454319
2.01291531437535	0.255844387999725
2.01519916892422	0.25510124436798
2.01747970413854	0.254308123435761
2.01975669145118	0.253465335137318
2.02202990261463	0.252573209345088
2.02429910972375	0.251632095742311
2.0265640852385	0.250642363687709
2.0288246020066	0.249604402072274
2.03108043328618	0.248518619168223
2.03333135276834	0.24738544247018
2.0355771345997	0.246205318528648
2.03781755340487	0.244978712775832
2.04005238430893	0.243706109343896
2.04228140295974	0.242388010875702
2.04450438555029	0.241024938328126
2.04672110884095	0.239617430768028
2.04893135018168	0.23816604516094
2.05113488753412	0.236671356152576
2.0533314994937	0.235133955843236
2.05552096531158	0.2335544535552
2.05770306491658	0.231933475593213
2.05987757893703	0.230271664998132
2.06204428872253	0.228569681293859
2.0642029763656	0.226828200227649
2.06635342472331	0.225047913503894
2.06849541743879	0.223229528511495
2.07062873896261	0.221373768044933
2.07275317457415	0.219481370019136
2.07486851040282	0.217553087178277
2.07697453344921	0.215589686798604
2.07907103160611	0.213591950385426
2.08115779367946	0.211560673364377
2.08323460940918	0.209496664767082
2.0853012694899	0.207400746911349
2.08735756559157	0.205273755076015
2.08940329037995	0.203116537170588
2.09143823753704	0.200929953399793
2.09346220178128	0.198714875923186
2.09547497888776	0.196472188509955
2.09747636570822	0.19420278618905
2.09946616019092	0.191907574894787
2.10144416140042	0.189587471108068
2.10341016953724	0.187243401493365
2.10536398595731	0.184876302531599
2.10730541319134	0.182487120149096
2.10923425496403	0.18007680934273
2.11115031621314	0.177646333801438
2.11305340310841	0.175196665524244
2.11494332307027	0.172728784434955
2.11681988478854	0.17024367799368
2.11868289824078	0.167742340805336
2.12053217471061	0.165225774225301
2.12236752680584	0.162694985962373
2.12418876847637	0.160150989679201
2.12599571503198	0.157594804590347
2.1277881831599	0.155027455058157
2.12956599094222	0.152449970186593
2.13132895787308	0.149863383413201
2.13307690487572	0.147268732099396
2.13480965431924	0.144667057119212
2.13652703003528	0.142059402446708
2.13822885733436	0.139446814742194
2.13991496302211	0.136830342937455
2.14158517541521	0.134211037820147
2.14323932435715	0.131589951617542
2.14487724123372	0.128968137579799
2.14649875898827	0.126346649562941
2.14810371213676	0.123726541611713
2.14969193678246	0.121108867542515
2.15126327063051	0.118494680526572
2.1528175530021	0.115885032673545
2.15435462484845	0.11328097461575
2.1558743287644	0.110683555093187
2.15737650900183	0.10809382053955
2.15886101148262	0.105512814669423
2.16032768381142	0.102941578066835
2.16177637528797	0.100381147775386
2.16320693691913	0.0978325568901163
2.16461922143051	0.0952968341513372
2.16601308327774	0.0927750035405998
2.1673883786573	0.090268083879021
2.16874496551697	0.0877770884281603
2.17008270356578	0.0853030244936572
2.17140145428351	0.0828468930318398
2.17270108092975	0.0804096882595182
2.17398144855232	0.0779923972671865
2.17524242399523	0.0755959996358533
2.17648387590602	0.0732214670577318
2.17770567474245	0.0708697629610317
2.17890769277852	0.0685418421390959
2.18008980410981	0.066238650384133
2.18125188465801	0.0639611241258193
2.18239381217459	0.061710190075042
2.18351546624366	0.0594867648730735
2.18461672828378	0.0572917547464895
2.18569748154873	0.0551260551681552
2.18675761112718	0.0529905505246225
2.18779700394104	0.0508861137903194
2.18881554874248	0.04881360620893
2.18981313610944	0.0467738769823972
2.19078965843945	0.0447677629680363
2.19174500994163	0.0427960883842766
2.19267908662665	0.0408596645256133
2.1935917862944	0.0389592894874184
2.19448300851908	0.0370957479013369
2.19535265463152	0.0352698106820912
2.19620062769817	0.033482234786619
2.19702683249647	0.0317337629866254
2.19783117548611	0.0300251236557718
2.19861356477548	0.0283570305729332
2.19937391008269	0.0267301827432025
2.20011212269034	0.0251452642386026
2.20082811539297	0.0236029440608461
2.20152180243608	0.0221038760289267
2.20219309944516	0.0206486986948993
2.20284192334303	0.0192380352919144
2.20346819225337	0.017872493719475
2.20407182538752	0.0165526665720438
2.20465274291149	0.0152791312186051
2.20521086578878	0.0140524499427455
2.20574611559361	0.0128731701553329
2.20625841428793	0.0117418246952962
2.20674768395305	0.0106589322385499
2.20721384646444	0.00962499784135314
2.20766537010542	0.008621499596354
2.20811689374641	0.00761600135135486
2.20856841738739	0.00660850310635573
2.20901994102838	0.00559900486135659
2.20947146466936	0.00458750661635745
2.20992298831035	0.00357400837135832
2.21037451195134	0.00255851012635918
2.21082603559232	0.00154101188136005
2.21127755923331	0.000521513636360917
2.21150830508424	-2.61160091653959e-07
2.21150844952343	-1.0224810854058e-13
2.21150861508733	2.99355373534174e-07
2.21196013872831	0.000815697218016336
2.2124116623693	0.00162909508065914
2.21286318601029	0.00244049294330194
2.21331470965127	0.00324989080594475
2.21376623329226	0.00405728866858755
2.21421775693324	0.00486268653123036
2.21466928057423	0.00566608439387316
2.21512080421521	0.00646748225651597
2.2155723278562	0.00726688011915878
2.21602385149719	0.00806427798180158
2.21647537513817	0.00885967584444439
2.21692689877916	0.0096530737070872
2.21737842242014	0.01044447156973
2.21783987144246	0.011251199491175
2.21831881011559	0.0120862945287705
2.21881520475261	0.0129494516684022
2.21932901904868	0.0138403530404244
2.21986021417075	0.014758668200159
2.2204087488363	0.0157040543935875
2.22097457938321	0.0166761568111897
2.22155765983187	0.0176746088323418
2.22215794194075	0.0186990322622574
2.22277537525645	0.0197490375630992
2.2234099071589	0.0208242240806168
2.2240614829025	0.0219241802674252
2.22473004565367	0.0230484839038611
2.22541553652526	0.0241967023171979
2.22611789460844	0.0253683925998672
2.22683705700208	0.026563101827229
2.22757295884019	0.0277803672753531
2.22832553331759	0.0290197166391843
2.22909471171399	0.0302806682514109
2.22988042341668	0.0315627313023052
2.23068259594208	0.0328654060607415
2.23150115495617	0.0341881840965817
2.23233602429406	0.0355305485045682
2.23318712597868	0.0368919741298383
2.23405438023879	0.0382719277951543
2.23493770552633	0.0396698685299151
2.23583701853324	0.0410852478010017
2.23675223420777	0.0425175097454883
2.23768326577037	0.0439660914052368
2.23863002472919	0.0454304229633844
2.23959242089527	0.0469099279827141
2.24057036239746	0.0484040236458937
2.24156375569703	0.0499121209975613
2.24257250560211	0.0514336251882229
2.24359651528196	0.0529679357199201
2.24463568628104	0.054514446693629
2.245689918533	0.0560725470583289
2.24675911037446	0.0576416208616925
2.24784315855885	0.0592210475023308
2.24894195827006	0.060810201983531
2.25005540313605	0.0624084551684137
2.25118338524246	0.0640151740364416
2.25232579514617	0.0656297219411963
2.25348252188884	0.0672514588693555
2.25465345301044	0.0688797417007771
2.25583847456279	0.0705139244696159
2.25703747112311	0.0721533586263813
2.25825032580763	0.0737973933008534
2.25947692028514	0.0754453755657625
2.26071713479065	0.0770966507011455
2.2619708481391	0.0787505624592857
2.26323793773901	0.0804064533301392
2.26451827960635	0.0820636648071591
2.26581174837828	0.0837215376534167
2.2671182173271	0.0853794121679234
2.26843755837419	0.0870366284520593
2.269769642104	0.0886925266760062
2.2711143377782	0.0903464473450864
2.27247151334974	0.0919977315659134
2.27384103547721	0.0936457213122449
2.27522276953902	0.0952897596904475
2.27661657964789	0.0969291912044663
2.27802232866524	0.0985633620202019
2.27943987821578	0.10019162022919
2.28086908870212	0.101813316111492
2.28230981931946	0.103427802397676
2.28376192807043	0.105034434529821
2.28522527177989	0.106632570921396
2.28669970610997	0.108221573215969
2.28818508557504	0.10980080654459
2.2896812635569	0.111369639781796
2.29118809231995	0.112927445800104
2.29270542302648	0.114473601722908
2.2942331057521	0.116007489175683
2.29577098950115	0.117528494535388
2.29731892222229	0.11903600917798
2.29887675082412	0.120529429723932
2.30044432119087	0.122008158281671
2.30202147819825	0.123471602688822
2.30360806572929	0.124919176751186
2.30520392669032	0.126350300479334
2.30680890302703	0.127764400322747
2.30842283574053	0.129160909401381
2.31004556490365	0.1305392677346
2.31167692967713	0.131898922467353
2.31331676832603	0.133239328093527
2.31496491823617	0.134559946676379
2.31662121593058	0.135860248065961
2.31828549708617	0.137139710113451
2.31995759655032	0.138397818882306
2.32163734835764	0.139634068856149
2.32332458574677	0.140847963143313
2.32501914117722	0.14203901367796
2.32672084634638	0.143206741417681
2.32842953220644	0.144350676537525
2.3301450289815	0.145470358620353
2.33186716618475	0.146565336843453
2.33359577263558	0.147635170161342
2.33533067647691	0.14867942748468
2.33707170519249	0.149697687855225
2.33881868562428	0.150689540616752
2.34057144398989	0.151654585581879
2.34232980590007	0.152592433194727
2.34409359637626	0.153502704689349
2.34586263986822	0.154385032243856
2.34763676027163	0.155239059130202
2.34941578094583	0.15606443985954
2.35119952473157	0.156860840323102
2.3529878139688	0.157627937928557
2.35478047051451	0.158365421731771
2.35657731576065	0.159072992563929
2.35837817065201	0.159750363153973
2.36018285570423	0.160397258246285
2.36199119102178	0.161013414713591
2.36380299631605	0.16159858166503
2.36561809092337	0.162152520549335
2.36743629382319	0.162675005253106
2.36925742365617	0.163165822194113
2.37108129874239	0.163624770409605
2.37290773709957	0.164051661639583
2.37473655646126	0.164446320405006
2.37656757429513	0.164808584080891
2.37840060782125	0.165138302964295
2.38023547403037	0.16543534033712
2.38207198970229	0.165699572523754
2.38390997142414	0.165930888943488
2.38574923560879	0.166129192157711
2.3875895985132	0.166294397911854
2.38943087625681	0.166426435172068
2.39127288483991	0.166525246156617
2.3931154401621	0.166590786361977
2.39495835804065	0.166623024583627
2.39680145422894	0.166621942931528
2.39864454443489	0.166587536840271
2.40048744433936	0.166519815073904
2.4023299696146	0.166418799725426
2.40417193594264	0.166284526210948
2.40601315903373	0.166117043258528
2.40785345464475	0.165916412891674
2.40969263859762	0.165682710407537
2.41153052679765	0.165416024349777
2.413366935252	0.16511645647614
2.41520168008799	0.164784121720741
2.41703457757146	0.164419148151063
2.41886544412516	0.164021676919713
2.42069409634699	0.163591862210918
2.42252035102838	0.16312987118182
2.4243440251725	0.162635883898557
2.42616493601255	0.162110093267183
2.42798290102999	0.161552704959435
2.4297977379727	0.160963937333391
2.43160926487319	0.160344021349031
2.43341730006669	0.159693200478759
2.43522166220929	0.159011730612896
2.437022170296	0.1582998799602
2.43881864367874	0.157557928943442
2.44061090208436	0.156786170090085
2.44239876563259	0.155984907918098
2.4441820548539	0.155154458816972
2.4459605907074	0.154295150923957
2.44773419459863	0.153407323995597
2.4495026883973	0.152491329274585
2.451265894455	0.151547529352026
2.45302363562289	0.15057629802512
2.45477573526924	0.149578020150364
2.45652201729701	0.148553091492302
2.45826230616129	0.147501918567891
2.45999642688675	0.146424918486554
2.46172420508498	0.145322518785973
2.46344546697176	0.144195157263688
2.46516003938431	0.143043281804578
2.4668677497984	0.141867350204283
2.46856842634546	0.140667829988643
2.47026189782956	0.139445198229224
2.47194799374434	0.13819994135501
2.47362654428985	0.136932554960322
2.47529738038934	0.135643543609063
2.47696033370592	0.13433342063535
2.47861523665915	0.133002707940612
2.48026192244158	0.131651935787258
2.48190022503516	0.130281642588962
2.48352997922755	0.128892374697689
2.48515102062837	0.127484686187512
2.48676318568537	0.126059138635332
2.48836631170041	0.124616300898579
2.48996023684544	0.123156748889982
2.49154480017834	0.121681065349507
2.49311984165862	0.120189839613547
2.49468520216309	0.118683667381462
2.49624072350131	0.11716315047956
2.49778624843105	0.115628896622626
2.49932162067354	0.114081519173074
2.50084668492861	0.112521636897844
2.50236128688982	0.11094987372313
2.50386527325925	0.109366858487032
2.50535849176242	0.10777322469026
2.50684079116286	0.106169610244956
2.50831202127668	0.104556657221767
2.50977203298695	0.102935011595257
2.51122067825796	0.101305322987768
2.51265781014931	0.0996682444118312
2.51408328282991	0.098024432011245
2.51549695159176	0.0963745448009135
2.51689867286361	0.0947192444055638
2.5182883042245	0.0930591947974466
2.51966570441706	0.0913950620331316
2.52103073336071	0.0897275139895041
2.52238325216463	0.0880572200990809
2.52372312314066	0.0863848510847495
2.52505020981587	0.0847110786940491
2.52636437694509	0.0830365754331032
2.52766549052313	0.0813620143003177
2.52895341779693	0.0796880685199624
2.53022802727737	0.0780154112757469
2.53148918875097	0.0763447154445094
2.53273677329136	0.0746766533301359
2.53397065327048	0.0730118963978231
2.53519070236958	0.0713511150088112
2.53639679559005	0.0696949781556967
2.53758880926383	0.068044153198451
2.53876662106376	0.0663993056012663
2.53993011001352	0.0647610986703482
2.54107915649736	0.0631301932927797
2.54221364226952	0.0615072476765816
2.54333345046335	0.0598929170920946
2.54443846560009	0.0582878536148125
2.54552857359739	0.0566927058697915
2.54660366177735	0.0551081187777748
2.54766361887434	0.0535347333031579
2.54870833504231	0.0519731862039357
2.54973770186177	0.0504241097837676
2.55075161234629	0.0488881316463074
2.55174996094855	0.0473658744519367
2.5527326435659	0.0458579556770589
2.55369955754541	0.0443649873761042
2.55465060168834	0.0428875759464057
2.555585676254	0.0414263218961196
2.55650468296302	0.0399818196153541
2.55740752499983	0.0385546571506983
2.55829410701449	0.0371454159833346
2.55916433512363	0.0357546708109467
2.56001811691055	0.0343829893336331
2.5608553614243	0.0330309320440621
2.56167597917779	0.0316990520221121
2.56247988214461	0.0303878947342748
2.56326698375471	0.0290979978381067
2.5640371988886	0.0278298909920614
2.56479044386991	0.0265840956710501
2.56552663645639	0.0253611249881312
2.56624569582876	0.0241614835227709
2.56694754257754	0.0229856671561755
2.5676320986873	0.0218341629142558
2.56829928751819	0.020707448818879
2.56894903378434	0.0196059937481414
2.56958126352858	0.0185302573065321
2.57019590409312	0.0174806897059849
2.57079288408545	0.0164577316589975
2.57137213333873	0.0154618142852104
2.57193358286591	0.0144933590331066
2.57247716480624	0.0135527776188187
2.57300281236316	0.0126404719844499
2.57351045973177	0.0117568342788361
2.57400004201391	0.0109022468643496
2.57447149511853	0.0100770823542012
2.57492475564413	0.00928170368580765
2.57537627928511	0.00848736904468449
2.5758278029261	0.00769103440356133
2.57627932656708	0.00689269976243817
2.57673085020807	0.00609236512131502
2.57718237384905	0.00529003048019186
2.57763389749004	0.00448569583906871
2.57808542113102	0.00367936119794555
2.57853694477201	0.0028710265568224
2.578988468413	0.00206069191569925
2.57943999205398	0.0012483572745761
2.57989151569497	0.000434022633452945
2.58013187280706	-2.83369410251688e-07
2.58013206896576	-1.89002959688099e-13
2.58013226764957	2.87016781801524e-07
2.58058379129056	0.000651553849620928
2.58103531493154	0.00130082068246005
2.58148683857253	0.00194808751529918
2.58193836221351	0.00259335434813831
2.5823898858545	0.00323662118097744
2.58284140949548	0.00387788801381657
2.58329293313647	0.0045171548466557
2.58374445677746	0.00515442167949483
2.58419598041844	0.00578968851233396
2.58464750405943	0.00642295534517309
2.58509902770041	0.00705422217801222
2.5855505513414	0.00768348901085136
2.58600207498238	0.00831075584369049
2.58645359862337	0.00893602267652962
2.58690512226435	0.00955928950936876
2.58735664590534	0.0101805563422079
2.58781222758352	0.0108053797242535
2.58828158156998	0.0114469622492552
2.58876466886894	0.0121050606484612
2.58926144872691	0.0127794244494946
2.589771878668	0.0134697961204153
2.59029591452597	0.014175911211801
2.59083351047358	0.0148974984974188
2.59138461904958	0.0156342801139574
2.59194919118357	0.0163859717002216
2.59252717621913	0.0171522825361202
2.59311852193534	0.0179329156817221
2.59372317456697	0.0187275681166158
2.59434107882335	0.019535930879764
2.59497217790638	0.0203576892100119
2.59561641352739	0.0211925226873847
2.59627372592334	0.0220401053752785
2.59694405387228	0.0229001059636364
2.59762733470809	0.023772187913175
2.59832350433476	0.0246560096007178
2.59903249724013	0.0255512244656767
2.59975424650924	0.0264574811577091
2.60048868383723	0.0273744236855689
2.60123573954198	0.0283016915671651
2.60199534257645	0.0292389199808233
2.60276742054071	0.0301857399177528
2.6035518996938	0.0311417783356971
2.60434870496543	0.0321066583137648
2.60515775996739	0.0330799992084038
2.60597898700498	0.0340614168105057
2.60681230708819	0.0350505235036009
2.60765763994283	0.0360469284231153
2.60851490402162	0.0370502376166503
2.6093840165151	0.0380600542052444
2.61026489336262	0.0390759785455779
2.61115744926316	0.0400976083930715
2.61206159768621	0.0411245390658352
2.6129772508826	0.0421563636094152
2.61390431989531	0.043192672962291
2.61484271457027	0.0442330561220701
2.61579234356722	0.0452771003123247
2.61675311437051	0.046324391150016
2.61772493329994	0.0473745128134525
2.61870770552168	0.048427048210719
2.61970133505914	0.0494815791485263
2.62070572480391	0.0505376865014141
2.62172077652674	0.0515949503812529
2.62274639088857	0.0526529503069813
2.62378246745156	0.0537112653745194
2.62482890469024	0.0547694744267931
2.62588560000262	0.0558271562238113
2.62695244972147	0.0568838896127301
2.62802934912553	0.0579392536978407
2.62911619245086	0.0589928280104197
2.63021287290224	0.0600441926783756
2.6313192826646	0.0610929285956286
2.63243531291454	0.0621386175911594
2.63356085383188	0.0631808425976634
2.63469579461132	0.0642191878197438
2.63584002347414	0.0652532389015815
2.63699342767996	0.0662825830940147
2.63815589353858	0.0673068094209678
2.63932730642187	0.0683255088451609
2.64050755077575	0.0693382744330385
2.64169651013222	0.0703447015188525
2.64289406712146	0.0713443878678354
2.64410010348402	0.0723369338384008
2.64531450008302	0.0733219425433072
2.64653713691649	0.0742990200097226
2.64776789312975	0.0752677753381262
2.6490066470278	0.076227820859987
2.65025327608789	0.0771787722941536
2.65150765697204	0.078120248901899
2.65276966553973	0.0790518736405537
2.65403917686055	0.0799732733156702
2.65531606522702	0.0808840787316572
2.65660020416739	0.0817839248408253
2.65789146645856	0.0826724508907839
2.65918972413904	0.0835493005701311
2.66049484852194	0.0844141221523801
2.66180671020811	0.0852665686380628
2.66312517909924	0.0861062978949564
2.66445012441109	0.0869329727963759
2.66578141468676	0.0877462613574784
2.66711891780999	0.0885458368695228
2.66846250101854	0.0893313780320361
2.66981203091768	0.0901025690828269
2.67116737349361	0.0908590999258008
2.67252839412705	0.0916006662565225
2.67389495760683	0.0923269696854755
2.67526692814355	0.0930377178589712
2.67664416938327	0.0937326245776579
2.67802654442128	0.0944114099125814
2.6794139158159	0.0950738003187541
2.68080614560231	0.0957195287461827
2.68220309530647	0.0963483347483137
2.68360462595908	0.0969599645878502
2.68501059810953	0.0975541713399002
2.68642087183994	0.0981307149924131
2.68783530677927	0.0986893625438643
2.6892537621174	0.0992298880981496
2.69067609661928	0.0997520729566498
2.69210216863914	0.100255705707429
2.69353183613474	0.100740582311533
2.69496495668157	0.101206506186346
2.69640138748723	0.10165328828598
2.69784098540571	0.102080747178662
2.69928360695177	0.102488709121086
2.70072910831534	0.102877008129694
2.70217734537593	0.103245486048877
2.70362817371713	0.103593992616039
2.70508144864102	0.103922385523529
2.70653702518273	0.104230530477385
2.70799475812495	0.104518301252898
2.70945450201248	0.104785579746937
2.71091611116681	0.105032256027054
2.7123794397007	0.10525822837731
2.71384434153281	0.105463403340836
2.71531067040231	0.105647695759085
2.71677827988354	0.105811028807779
2.71824702340064	0.105953334029526
2.71971675424225	0.106074551363092
2.72118732557618	0.106174629169322
2.7226585904641	0.106253524253696
2.72413040187623	0.106311201885512
2.72560261270609	0.106347635813683
2.72707507578513	0.106362808279148
2.72854764389752	0.106356710023885
2.73002016979486	0.106329340296532
2.73149250621085	0.106280706854596
2.73296450587605	0.106210825963271
2.73443602153261	0.106119722390839
2.73590690594893	0.106007429400686
2.73737701193442	0.105873988739901
2.73884619235418	0.105719450624496
2.7403143001437	0.105543873721227
2.74178118832353	0.105347325126033
2.74324671001399	0.105129880339107
2.74471071844979	0.104891623236591
2.7461730669947	0.104632646038927
2.74763360915618	0.10435304927586
2.74909219860002	0.104052941748113
2.75054868916487	0.103732440485751
2.7520029348769	0.103391670703245
2.75345478996428	0.103030765751254
2.75490410887178	0.102649867065151
2.75635074627523	0.102249124110306
2.75779455709603	0.101828694324145
2.75923539651557	0.101388743055019
2.76067311998971	0.100929443497895
2.7621075832631	0.100450976626901
2.76353864238364	0.0999535311247534
2.7649661537167	0.0994373033090855
2.76638997395948	0.098902497055717
2.76780996015528	0.0983493237188873
2.76922596970764	0.0977780020484883
2.77063786039459	0.0971887581043265
2.77204549038275	0.0965818251674521
2.77344871824144	0.0959574436485858
2.77484740295669	0.095315860993684
2.7762414039453	0.0946573315866773
2.77763058106873	0.0939821166494205
2.77901479464704	0.0932904841388973
2.78039390547271	0.0925827086417171
2.78176777482449	0.0918590712659475
2.78313626448108	0.0911198595303263
2.78449923673484	0.0903653672508946
2.78585655440545	0.089595894425101
2.78720808085341	0.0888117471134178
2.78855367999363	0.0880132373185206
2.78989321630878	0.0872006828620779
2.79122655486276	0.0863744072592006
2.79255356131395	0.0855347395906014
2.79387410192847	0.0846820143725155
2.79518804359336	0.0838165714244353
2.79649525382967	0.0829387557347124
2.79779560080551	0.0820489173240785
2.79908895334899	0.0811474111071447
2.80037518096107	0.0802345967519309
2.80165415382839	0.0793108385374837
2.80292574283598	0.0783765052096406
2.80418981957988	0.0774319698349979
2.80544625637969	0.0764776096531415
2.80669492629102	0.0755138059272017
2.80793570311789	0.0745409437927904
2.80916846142497	0.0735594121053839
2.81039307654981	0.0725696032862127
2.81160942461489	0.0715719131667206
2.81281738253963	0.0705667408316562
2.8140168280523	0.0695544884608635
2.81520763970177	0.0685355611698323
2.81638969686925	0.0675103668490758
2.81756287977983	0.0664793160024022
2.81872706951396	0.065442821584144
2.81988214801881	0.0644012988354161
2.82102799811953	0.0633551651194641
2.82216450353035	0.0623048397561789
2.82329154886559	0.0612507438558375
2.82440901965057	0.0601933001521478
2.82551680233231	0.0591329328346597
2.82661478429023	0.0580700673806157
2.82770285384657	0.057005130386314
2.8287809002768	0.0559385493980491
2.82984881381981	0.0548707527427078
2.83090648568796	0.053802169358087
2.83195380807706	0.0527332286230098
2.83299067417608	0.0516643601873114
2.8340169781768	0.0505959938017658
2.83503261528322	0.0495285591480311
2.83603748172089	0.0484624856686839
2.83703147474597	0.0473982023974195
2.8380144926542	0.0463361377894929
2.8389864347896	0.045276719552477
2.83994720155305	0.0442203744774102
2.84089669441063	0.0431675282704164
2.84183481590176	0.0421186053848712
2.84276146964713	0.0410740288541919
2.84367656035641	0.0400342201253329
2.84457999383569	0.0389995988930641
2.84547167699474	0.0379705829351149
2.84635151785393	0.0369475879482629
2.84721942555099	0.0359310273854543
2.84807531034734	0.0349213122940352
2.84891908363425	0.0339188511551841
2.84975065793866	0.0329240497246297
2.85056994692859	0.031937310874745
2.8513768654183	0.0309590344381091
2.85217132937298	0.029989617052628
2.85295325591315	0.0290294520083144
2.85372256331853	0.0280789290958244
2.85447917103149	0.0271384344568536
2.85522299966006	0.0262083504365024
2.85595397098034	0.0252890554377211
2.85667200793841	0.0243809237779533
2.85737703465153	0.023484325548102
2.85806897640882	0.0225996264739502
2.85874775967106	0.0217271877801765
2.85941331206984	0.0208673660571152
2.86006556240572	0.0200205131304267
2.86070444064553	0.0191869759338481
2.8613298779186	0.018367096385224
2.86194180651179	0.0175612112660206
2.86254015986329	0.0167696521045628
2.86312487255496	0.0159927450632504
2.86369588030306	0.0152308108300472
2.86425311994719	0.0144841645145709
2.86479652943726	0.013753115549155
2.86532604781804	0.0130379675953145
2.86584161521121	0.0123390184561026
2.86634317279445	0.0116565599949355
2.86683066277699	0.0109908780615436
2.86730402837139	0.0103422524258414
2.86776321376067	0.00971095672063976
2.86821473740166	0.00908817754568569
2.86866626104264	0.00846339837073162
2.86911778468363	0.00783661919577756
2.86956930832462	0.00720784002082349
2.8700208319656	0.00657706084586942
2.87047235560659	0.00594428167091535
2.87092387924757	0.00530950249596129
2.87137540288856	0.00467272332100722
2.87182692652954	0.00403394414605316
2.87227845017053	0.00339316497109909
2.87272997381152	0.00275038579614503
2.8731814974525	0.00210560662119096
2.87363302109349	0.0014588274462369
2.87408454473447	0.00081004827128284
2.87453606837546	0.000159269096328778
2.87464640292592	-5.97120626160569e-08
2.87464645463325	-1.29428017340251e-14
2.8746468107714	4.11270723287753e-07
2.87509833441238	0.000520833033191527
2.87554985805337	0.00103925479565977
2.87600138169435	0.00155567655812801
2.87645290533534	0.00207009832059625
2.87690442897632	0.00258252008306449
2.87735595261731	0.00309294184553273
2.8778074762583	0.00360136360800098
2.87825899989928	0.00410778537046922
2.87871052354027	0.00461220713293747
2.87916204718125	0.00511462889540571
2.87961357082224	0.00561505065787396
2.88006509446322	0.0061134724203422
2.88051661810421	0.00660989418281045
2.8809681417452	0.0071043159452787
2.88141966538618	0.00759673770774695
2.88187118902717	0.00808715947021519
2.88232271266815	0.00857558123268344
2.88277423630914	0.00906200299515169
2.88322575995012	0.00954642475761994
2.88367728359111	0.0100288465200882
2.88412945800741	0.0105099592650006
2.88459235143079	0.0110003993592451
2.88506592201696	0.0114999767332696
2.88555012668833	0.0120084974389428
2.88604492114908	0.0125257637389564
2.8865502598994	0.0130515741966536
2.88706609624902	0.0135857237663672
2.88759238233003	0.0141280038843341
2.88812906910923	0.0146782025602412
2.88867610639987	0.0152361044694484
2.88923344287305	0.0158014910459208
2.88980102606864	0.0163741405758943
2.89037880240593	0.0169538282922959
2.89096671719398	0.0175403264699273
2.89156471464164	0.0181334045214193
2.89217273786738	0.0187328290939556
2.89279072890898	0.0193383641667653
2.89341862873294	0.0199497711493751
2.89405637724379	0.0205668089806083
2.89470391329327	0.0211892342283192
2.89536117468943	0.0218168011898446
2.89602809820555	0.022449261993152
2.89670461958904	0.023086366698664
2.89739067357031	0.0237278634017353
2.89808619387148	0.0243734983357547
2.89879111321513	0.0250230159758459
2.89950536333302	0.0256761591431407
2.90022887497472	0.0263326691095884
2.9009615779163	0.0269922857032777
2.90170340096896	0.0276547474142323
2.90245427198767	0.0283197915006492
2.90321411787982	0.0289871540955459
2.90398286461393	0.0296565703137813
2.90476043722823	0.0303277743594106
2.90554675983945	0.0310004996333445
2.90634175565148	0.0316744788412682
2.90714534696414	0.0323494441017863
2.90795745518195	0.0330251270547553
2.90877800082293	0.0337012589697634
2.90960690352745	0.0343775708547181
2.91044408206715	0.035053793564505
2.91128945435381	0.0357296579096731
2.91214293744834	0.0364048947651116
2.91300444756982	0.0370792351786733
2.9138739001045	0.0377524104797074
2.91475120961497	0.0384241523874578
2.91563628984927	0.0390941931192901
2.91652905375012	0.0397622654987013
2.91742941346415	0.0404281030630747
2.91833728035124	0.041091440171137
2.91925256499384	0.0417520121100789
2.92017517720642	0.0424095552022939
2.9211050260449	0.0430638069116974
2.9220420198162	0.043714505949585
2.92298606608779	0.0443613923799863
2.92393707169729	0.0450042077244767
2.92489494276224	0.045642695066403
2.92585958468971	0.0462765991544865
2.9268309021862	0.046905666505757
2.92780879926742	0.0475296455077846
2.92879317926817	0.0481482865201633
2.92978394485236	0.0487613419752096
2.93078099802295	0.0493685664778362
2.93178424013202	0.0499697169045607
2.9327935718909	0.0505645525016103
2.9338088933803	0.0511528349820852
2.93483010406055	0.0517343286221409
2.93585710278185	0.0523088003561516
2.93688978779457	0.0528760198708182
2.93792805675965	0.0534357596981806
2.93897180675899	0.0539877953075025
2.94002093430592	0.0545319051959868
2.94107533535573	0.0550678709782894
2.94213490531617	0.055595477474794
2.94319953905816	0.0561145127986127
2.94426913092635	0.05662476844128
2.94534357474987	0.0571260393571025
2.94642276385305	0.0576181240461332
2.94750659106625	0.0581008246357375
2.94859494873662	0.0585739469607164
2.94968772873907	0.0590373006419563
2.95078482248711	0.059490699163574
2.95188612094384	0.0599339599485251
2.95299151463295	0.0603669044326465
2.95410089364975	0.0607893581371032
2.95521414767224	0.0612011507392095
2.95633116597225	0.0616021161415967
2.95745183742655	0.0619920925397012
2.95857605052808	0.0623709224875421
2.95970369339713	0.0627384529617662
2.96083465379261	0.0630945354239311
2.96196881912334	0.0634390258810037
2.96310607645936	0.0637717849440484
2.96424631254329	0.064092677885082
2.96538941380169	0.0644015746920722
2.96653526635648	0.0646983501220572
2.96768375603636	0.0649828837523661
2.96883476838829	0.065255060029917
2.96998818868896	0.065514768318576
2.97114390195632	0.0657619029445554
2.97230179296107	0.0659963632398339
2.97346174623828	0.0662180535835803
2.9746236460989	0.0664268834415657
2.97578737664141	0.0666227674035455
2.9769528217634	0.0668056252185987
2.97811986517325	0.0669753818284078
2.97928839040171	0.067131967398467
2.98045828081363	0.0672753173472061
2.98162941961962	0.0674053723730169
2.98280168988774	0.0675220784791723
2.9839749745552	0.0676253869966273
2.98514915644009	0.0677152546046919
2.98632411825312	0.0677916433495687
2.98749974260932	0.0678545206607462
2.98867591203984	0.067903859365241
2.98985250900362	0.0679396376996845
2.99102941589925	0.0679618393202462
2.99220651507663	0.067970453310392
2.99338368884882	0.0679654741864722
2.99456081950373	0.0679469019011378
2.99573778931594	0.0679147418445826
2.99691448055846	0.0678690048436105
2.99809077551446	0.067809707158529
2.99926655648908	0.0677368704778678
3	0.0676845669807417
