0	2
4.76144881046695e-09	2
4.761924955348e-05	1.99999999319806
0.000523764130600175	1.99999947183359
0.00129707776441797	1.99999726078071
0.00269446482588752	1.99998879122953
0.00527751479873234	1.99995781837318
0.0100692286288862	1.99984763254353
0.0181868585061293	1.99950491176016
0.0263044883833724	1.99896648922086
0.057098685786557	1.99516335562759
0.0878928831897415	1.988603528349
0.118687080592926	1.97933473119789
0.149481277996111	1.96741214801512
0.204458638215594	1.93971601325044
0.259435998435077	1.90410122790297
0.31441335865456	1.86094022514405
0.369390718874043	1.81062979793899
0.478198141788463	1.6916515643952
0.587005564702883	1.54977920081587
0.695812987617303	1.388650600157
0.804620410531723	1.21206876251198
0.913427833446143	1.02391337785037
1.02223525636056	0.828052013772059
1.13104267927498	0.628272816433427
1.2398501021894	0.428229385486081
1.34865752510382	0.231387935991431
1.45746494801824	0.0409767472790041
1.56627237093266	-0.140057784182363
1.67507979384709	-0.309087420852827
1.78388721676151	-0.463830665727921
1.89269463967593	-0.602373589395463
2.00150206259035	-0.723183119971163
2.1705568072191	-0.873136803478443
2.33961155184785	-0.975162170687507
2.50866629647661	-1.02896400306548
2.67772104110536	-1.03625479015876
2.84677578573412	-1.00051252833187
3.01583053036287	-0.926688334622749
3.18488527499163	-0.820888988754043
3.35394001962038	-0.690039884684044
3.52299476424913	-0.541533867805672
3.69204950887789	-0.382885387173023
3.86110425350664	-0.221412560681702
4.0301589981354	-0.0639574780214329
4.19921374276415	0.0833542329970625
4.36826848739291	0.215309569893282
4.53732323202166	0.327749715522518
4.70637797665041	0.417652476839091
4.87543272127917	0.483161384580679
5.04448746590792	0.523568742408588
5.21354221053668	0.539254326805973
5.38259695516543	0.531581182976003
5.55165169979418	0.50275797975706
5.72070644442294	0.455679604282439
5.88976118905169	0.393754029931253
6.05881593368045	0.320721609123679
6.2278706783092	0.240474393761942
6.39692542293796	0.156883976342867
6.56598016756671	0.0736447856790812
6.73503491219546	-0.00586248275554936
6.90408965682422	-0.078683863971348
7.07314440145297	-0.142378730245211
7.24219914608173	-0.195078243759093
7.41125389071048	-0.235515460101459
7.58030863533924	-0.263028323301282
7.74936337996799	-0.277537748321693
7.91841812459674	-0.279503657302902
8.0874728692255	-0.269862466582583
8.25652761385425	-0.249950079263527
8.42558235848301	-0.221414759950655
8.59463710311176	-0.186124306008421
8.76369184774052	-0.146071764176284
8.93274659236927	-0.103283651040553
9.10180133699802	-0.0597342329387889
9.27085608162678	-0.0172688963139404
9.43991082625553	0.0224609846959428
9.60896557088429	0.0580499518587494
9.77802031551304	0.08837608888145
9.9470750601418	0.112623986171924
10	0.118878746065707
