0	0
1	0
1.00000066666667	1.00000000013978e-06
1.00163366010069	0.00244948933453511
1.00326732033763	0.00489697887327747
1.0049016479222	0.00734346861631071
1.0065366433998	0.00978895856371833
1.00817230731647	0.0122334487155843
1.00998217204286	0.0149359520166322
1.01198288424761	0.017920585457819
1.01417549473981	0.0211880627057178
1.01656093791507	0.0247388372025436
1.01914006111566	0.0285731458652154
1.02191364624804	0.032691041222921
1.02488242604722	0.037092415566174
1.02804709654956	0.0417770194414214
1.03140832682253	0.046744476057704
1.03496676667269	0.051994292682147
1.03872305283842	0.0575258697803347
1.04267781403037	0.0633385084426113
1.04683167508378	0.0694314164901689
1.05118526041836	0.0758037135520971
1.05573919695253	0.0824544353317109
1.06049411658344	0.0893825372279417
1.0654506583188	0.0965868974391726
1.07060947012717	0.104066319648452
1.07597121055919	0.111819535367686
1.08153655018149	0.119845206002237
1.08730617285639	0.128141924684965
1.0932807768944	0.136708217919181
1.09946107610139	0.145542547062476
1.10584780073825	0.154643309677544
1.11244169840791	0.164008840771419
1.11924353488199	0.173637413940839
1.12625409487727	0.183527242438444
1.13347418279086	0.193676480172104
1.14090462340108	0.20408322264766
1.14854626254065	0.214745507863794
1.15639996774729	0.225661317166357
1.1644666288965	0.236828576068428
1.17274715882056	0.248245155041414
1.18124249391721	0.25990887028178
1.18995359475112	0.271817484457293
1.19888144665103	0.283968707436193
1.20802706030484	0.296360197002173
1.217391472355	0.308989559557711
1.22697574599613	0.321854350817928
1.23678097157679	0.334952076496889
1.24680826720695	0.348280192987991
1.25705877937287	0.361836108039887
1.26753368356077	0.375617181429214
1.27823418489067	0.38962072563121
1.28916151876173	0.403844006489211
1.30031695151036	0.418284243883847
1.31170178108225	0.432938612402682
1.32331733771954	0.447804242010954
1.33516498466424	0.462878218723964
1.3472461188791	0.478157585281614
1.35956217178693	0.493639341825519
1.37211461002954	0.509320446579069
1.38490493624752	0.525197816530755
1.39793468988168	0.541268328121047
1.41120544799767	0.557528817933049
1.42471882613458	0.573976083387143
1.4384764791789	0.590606883439793
1.45248010226492	0.607417939286629
1.46673143170286	0.624405935069968
1.48123224593592	0.641567518590815
1.49598436652756	0.658899302025458
1.51098965918039	0.676397862646677
1.5262500347879	0.694059743549631
1.54176745052067	0.71188145438241
1.5575439109483	0.729859472081295
1.57358146919873	0.747990241610675
1.5898822281566	0.766270176707646
1.60644834170204	0.784695660631224
1.62328201599196	0.803263046916155
1.64038551078539	0.82196866013126
1.65776114081481	0.840808796642269
1.67541127720553	0.859779725379059
1.69333834894502	0.878877688607246
1.71154484440447	0.898098902704034
1.7300333129147	0.917439558938249
1.74880636639893	0.936895824254452
1.76786668106473	0.956463842061051
1.78721699915785	0.976139733022296
1.80686013078053	0.995919595854072
1.8267989557773	1.01579950812335
1.84703642569113	1.03577552705122
1.86757556579314	1.05584369031935
1.88841947718914	1.0760000168798
1.9095713390066	1.09624050776799
1.93103441066556	1.11656114691881
1.95281203423741	1.13695790198562
1.97490763689569	1.15742672516211
1.99732473346301	1.1779635540068
2	1.18039914052239
2.00007968330348	1.18059115987031
2.01407871097524	1.21420661961156
2.02832541228889	1.24817608336923
2.04282156489425	1.28249284808552
2.05756898954271	1.31715013942644
2.07256955110556	1.35214111322406
2.08782515962509	1.38745885692805
2.10333777140008	1.4230963910667
2.11910939010717	1.45904667071718
2.13514206795937	1.49530258698525
2.15143790690371	1.53185696849428
2.16799905985928	1.5687025828835
2.18482773199768	1.60583213831541
2.20192618206755	1.64323828499239
2.21929672376501	1.68091361668212
2.23694172715214	1.71885067225192
2.25486362012534	1.7570419372118
2.27306488993592	1.79547984526596
2.29154808476497	1.83415677987274
2.31031581535503	1.87306507581264
2.32937075670096	1.91219702076448
2.34871564980252	1.95154485688919
2.36835330348154	1.99110078242124
2.38828659626639	2.03085695326748
2.40851847834678	2.07080548461298
2.42905197360208	2.11093845253394
2.44989018170643	2.15124789561706
2.47103628031415	2.19172581658548
2.49249352732905	2.2323641839308
2.51426526326154	2.27315493355105
2.5363549136777	2.31408997039421
2.55876599174435	2.35516117010724
2.58150210087491	2.3963603806901
2.6045669374806	2.43767942415463
2.62796429383219	2.47911009818804
2.65169806103738	2.52064417782058
2.67577223213969	2.56227341709726
2.70019090534452	2.60398955075329
2.72495828737889	2.64578429589281
2.75007869699125	2.68764935367092
2.77555656859858	2.72957641097837
2.80139645608806	2.7715571421289
2.82760303678125	2.81358321054876
2.85418111556908	2.85564627046816
2.88113562922653	2.89773796861437
2.90847165091633	2.9398499459062
2.93619439489162	2.98197383914943
2.96430922140828	3.02410128273304
2.99282164185788	3.06622391032583
3	3.07673486131151
3.00021778878755	3.07737985222586
3.02060597571385	3.13744785757378
3.04129737648885	3.19778632075965
3.06229513101914	3.25838327141207
3.08360245835967	3.31922668663488
3.1052226590282	3.38030449345991
3.12715911740963	3.44160457130833
3.1494153042544	3.50311475446023
3.17199477927536	3.56482283453215
3.19490119384771	3.62671656296189
3.21813829381702	3.68878365350055
3.24170992242035	3.75101178471101
3.26562002332604	3.8133886024727
3.28987264379789	3.87590172249205
3.31447193798988	3.93853873281835
3.33942217037783	4.00128719636446
3.3647277193348	4.06413465343193
3.39039308085755	4.12706862424023
3.41642287245162	4.19007661145943
3.44282183718319	4.2531461027461
3.46959484790626	4.31626457328183
3.49674691167432	4.37941948831399
3.52428317434614	4.44259830569822
3.55220892539601	4.5057884784423
3.58052960293918	4.56897745725087
3.60925079898431	4.63215269307049
3.6383782649251	4.69530163963477
3.66791791728426	4.75841175600892
3.69787584372375	4.82147050913336
3.72825830933625	4.88446537636598
3.75907176323358	4.94738384802246
3.7903228454491	5.01021342991435
3.82201839417198	5.07294164588439
3.85416545333274	5.13555604033855
3.88677128056048	5.19804418077452
3.91984335553395	5.26039366030606
3.95338938874977	5.32259210018277
3.98741733073322	5.38462715230498
4	5.40730112287414
4.00040983292875	5.40865198485088
4.02603120547102	5.49255081117833
4.05201644008065	5.57655035303811
4.07837026433642	5.6606339295587
4.10509753508131	5.74478484282359
4.13220324281131	5.82898638125866
4.15969251625701	5.91322182302189
4.18757062716841	5.99747443939503
4.21584299531365	6.08172749817639
4.24451519370316	6.16596426707432
4.27359295405157	6.25016801710063
4.30308217249022	6.33432202596355
4.33298891554432	6.41840958145935
4.36331942638935	6.50241398486224
4.39408013140253	6.58631855431188
4.42527764702609	6.67010662819785
4.45691878696017	6.7537615685405
4.48901056970464	6.83726676436767
4.52156022646994	6.92060563508656
4.55457520947907	7.0037616338502
4.5880632006838	7.086718250918
4.6220321209202	7.16945901700967
4.6564901395302	7.25196750665208
4.69144568447778	7.33422734151832
4.72690745299063	7.4162221937585
4.76288442276013	7.49793578932175
4.79938586373516	7.57935191126875
4.83642135054775	7.66045440307428
4.87400077561157	7.74122717191933
4.91213436293729	7.82165419197214
4.95083268271224	7.90171950765763
4.99010666669569	7.98140723691483
5	8.00123670922474
5.00056874845687	8.00322680066466
5.03081897681349	8.1082534715043
5.06149817491512	8.21315927466412
5.09261292287458	8.31792337804155
5.12416999668211	8.42252497827712
5.15617637567994	8.52694330497631
5.18863925040204	8.63115762492562
5.2215660308007	8.735147246302
5.2549643548829	8.83889152287498
5.2888420977811	8.94236985820069
5.32320738128496	9.0455617098071
5.35806858386209	9.14844659336982
5.39343435119827	9.25100408687756
5.42931360728974	9.35321383478673
5.46571556612229	9.4550555521644
5.50264974397495	9.55650902881893
5.54012597238848	9.65755413341754
5.57815441184224	9.75817081759036
5.61674556618612	9.8583391200199
5.65591029787814	9.95803917051578
5.69565984408203	10.0572511940736
5.73600583368366	10.1559555149179
5.77696030528969	10.2541325605277
5.81853572627724	10.3517628656453
5.86074501296894	10.4488270762662
5.90360155201378	10.5453059536115
5.94711922306123	10.64118037808
5.99131242282346	10.7364313531817
6	10.7549111704441
6.00074739016934	10.7576183117969
6.0352190626184	10.8813710546191
6.07018849841742	11.0047501364549
6.10566440240222	11.1277310676957
6.14165576019058	11.2502894395691
6.17817184999293	11.3724009291074
6.2152222550561	11.4940413041009
6.25281687678104	11.6151864280357
6.29096594855863	11.7358122650146
6.32968005037127	11.855894884661
6.36897012421144	11.9754104670042
6.40884749037261	12.0943353073465
6.44932386467223	12.2126458211097
6.49041137667138	12.3303185486619
6.53212258896107	12.4473301601228
6.57447051759056	12.5636574601479
6.61746865371996	12.6792773926893
6.66113098658585	12.7941670457337
6.70547202787644	12.9083036560177
6.75050683762128	13.0216646137169
6.79625105170954	13.1342274671122
6.84272091116117	13.2459699272289
6.88993329328638	13.3568698724514
6.93790574488128	13.4669053531105
6.98665651762114	13.5760545960446
7	13.6054715551984
7.00098071335195	13.6090969314385
7.03936123683447	13.7495693861354
7.07831125294353	13.8893966238006
7.11784185748064	14.0285509091806
7.15796453152651	14.1670046438388
7.19869115906651	14.3047303718009
7.24003404564091	14.4417007851756
7.28200593809209	14.5778887297507
7.3246200454869	14.7132672105636
7.36789006129892	14.847809397445
7.41183018694257	14.9814886305352
7.45645515675897	15.1142784257732
7.5017802645621	15.2461524803561
7.5478213918635	15.3770846781705
7.59459503790419	15.5070490951926
7.64211835163426	15.6360200048597
7.69040916579342	15.7639718834086
7.73948603325993	15.8908794151846
7.7893682658514	16.0167174979179
7.84007597577813	16.1414612479674
7.89163011996926	16.2650860055329
7.94405254751363	16.3875673398342
7.99736605048119	16.5088810542579
8	16.514791849802
8.00110582644106	16.5189298316965
8.04313531290239	16.6744907073908
8.08580823380291	16.8291236976198
8.1291383276143	16.9827981566961
8.17313984294994	17.1354836341411
8.21782756368737	17.2871498809552
8.26321683566148	17.4377668558545
8.30932359504732	17.5873047314743
8.35616439856243	17.7357339005388
8.40375645563009	17.8830249819951
8.45211766265814	18.0291488271124
8.5012666396021	18.1740765255458
8.55122276899763	18.3177794113623
8.6020062376645	18.4602290690319
8.65363808130452	18.6013973393796
8.70614023223711	18.7412563255022
8.75953557054079	18.8797783986457
8.81384797889602	19.0169362040468
8.86910240145483	19.152702666736
8.92532490709686	19.2870509973033
8.98254275746922	19.419954697628
9	19.4597577043061
9.00143082809254	19.4651508026624
9.04689157821086	19.6344742358518
9.09307145344155	19.8025803188266
9.13998707470234	19.9694357687032
9.18765571896818	20.1350075577912
9.23609535377203	20.2992629204513
9.2853246740079	20.462169359912
9.33536314122262	20.6236946550458
9.3862310256008	20.7838068671038
9.43794945086699	20.942474346409
9.49054044235151	21.099665739007
9.54402697849065	21.2553499932749
9.59843304605944	21.4094963664881
9.6537836994659	21.5620744313445
9.71010512446992	21.7130540824476
9.76742470672811	21.8624055427472
9.8257711056094	22.0100993699395
9.88517433377445	22.1561064628267
9.94566584306641	22.300398067637
10	22.426338251135
10	22.426338251135
