0	293.15
63072	296.2895646153559
126144	264.5104538351154
189216	254.2901775222845
252288	258.2400599642806
315360	294.2618442859181
378432	280.6679067385646
441504	274.0979738110964
504576	288.524858339754
567648	321.0896860455362
630720	271.7385133361837
693792	275.5867819516629
756864	295.5588242859505
819936	313.295735640134
883008	277.2423835203776
946080	281.3093495294499
1009152	315.5803730279815
1072224	298.3472565981764
1135296	279.4719762255835
1198368	274.3345604421184
1261440	309.1731088208374
1324512	266.40239715627
1387584	278.2993662246612
1450656	288.8846833705854
1513728	322.1494021883085
1576800	274.5473650006862
1639872	271.26892366084
1702944	265.0781658632676
1766016	291.8077363256086
1829088	267.58349640391
1892160	281.5716007098681
1955232	318.1975028788185
2018304	287.2213556898547
2081376	281.5936753665445
2144448	292.4986027398313
2207520	280.5289964935826
2270592	267.5500052126317
2333664	275.8179358807564
2396736	300.8600828477722
2459808	304.0954392036757
2522880	267.9375427547293
2585952	277.4146259582066
2649024	301.4177224138628
2712096	290.1618476901839
2775168	273.2511397590656
2838240	288.6265795984312
2901312	316.4713597023638
2964384	269.725468461781
3027456	264.5423395664741
3090528	262.242801446287
3153600	302.6211528793181
3216672	271.4581021478905
3279744	284.3431321281608
3342816	271.3328036186667
3405888	280.6714303886465
3468960	276.316925296616
3532032	284.2107955543048
3595104	319.9514787861701
3658176	278.4776734470888
3721248	282.6619670530864
3784320	295.0467695309147
3847392	286.4618981756469
3910464	267.1997331503538
3973536	268.2609636692194
4036608	292.7994888876292
4099680	271.6733625179314
4162752	265.5101215643231
4225824	277.7991540349383
4288896	312.5697206044698
4351968	290.4328437714826
4415040	275.3916032073528
4478112	276.3262503095096
4541184	311.4419136516313
4604256	268.0577693902848
4667328	275.4874088591359
4730400	303.4949180083964
4793472	308.6989960083062
4856544	272.4204535849753
4919616	282.029318938956
4982688	308.0963328313762
5045760	298.6640802445037
5108832	276.0034276830468
5171904	274.0712680918836
5234976	305.9379835500295
5298048	275.2236910496162
5361120	278.3975968034849
5424192	295.9375486110909
5487264	275.8269061269155
5550336	265.0206879981259
5613408	269.4160455147983
5676480	299.1694123841444
5739552	299.1570502591969
5802624	271.5608684309366
5865696	285.1087575624908
5928768	311.3284505619512
5991840	283.5870064951991
6054912	276.7152226352897
6117984	296.0745340743496
6181056	324.3120799786027
6244128	276.6752763589727
6307200	279.7987410860969
6370272	296.2775633807869
6433344	306.8641787887395
6496416	277.5992738686828
6559488	277.9398693873768
6622560	295.3722457845232
6685632	290.9574998547584
6748704	276.5757103321615
6811776	293.2052002163065
6874848	319.3059164500917
6937920	273.7571376492359
7000992	272.5986384828977
7064064	288.3220004818088
7127136	308.9074516650745
7190208	274.5607537530827
7253280	285.0178973985738
7316352	320.6912546389421
7379424	309.8159560216078
7442496	282.8918381890186
7505568	284.9356892454796
7568640	319.9321696974757
7631712	290.5901965880331
7694784	286.6135045936217
7757856	295.2323123582401
7820928	313.6639342826309
7884000	280.7447435564869
7947072	278.487293147926
8010144	283.5158715435169
8073216	294.8240521740378
8136288	273.0613519333392
8199360	286.0167588573879
8262432	311.6609853556084
8325504	292.7502516326274
8388576	276.5966877835582
8451648	296.2187561888677
8514720	308.9074643918406
8577792	285.7953385469713
8640864	281.0879403913704
8703936	284.5187529085388
8767008	309.0160915236523
8830080	277.1611888879344
8893152	276.5329631855482
8956224	300.2329147932176
9019296	290.6371052159109
9082368	277.6584740319396
9145440	292.2642310467183
9208512	318.4239333166845
9271584	284.8004066575651
9334656	291.4032780320661
9397728	297.4872089625167
9460800	305.7381383930934
9523872	280.8695299977268
9586944	282.8679225472471
9650016	307.1022623386896
9713088	302.0262674244216
9776160	285.0420174306187
9839232	298.0003119172396
9902304	319.3401155311997
9965376	296.1268302734353
10028448	287.5533959026995
10091520	300.7459761711285
10154592	306.9396790317785
10217664	279.7528433676744
10280736	280.395763875247
10343808	300.7918178152487
10406880	301.1150980204778
10469952	275.2547020099678
10533024	287.3862512776554
10596096	310.2887680330753
10659168	297.3552887309361
10722240	287.6774848041333
10785312	292.1020212498495
10848384	290.828772247448
10911456	280.9947851688583
10974528	285.5502607942008
11037600	301.2293315627612
11100672	294.9081062977361
11163744	282.3652844902831
11226816	286.2001466978289
11289888	294.983427945646
11352960	297.4672747389365
11416032	280.3545069045427
11479104	289.5200463829863
11542176	312.9362649853517
11605248	290.0889135598447
11668320	290.2781861873213
11731392	304.1366591778518
11794464	312.9537495955877
11857536	288.195704166202
11920608	294.9101246954528
11983680	304.146691136164
12046752	306.3787187536819
12109824	290.7546359433185
12172896	295.0864790573875
12235968	301.2861527179289
12299040	290.811305047388
12362112	286.6988537372565
12425184	301.2861205624825
12488256	312.5181047812617
12551328	288.4917355922051
12614400	291.2607418302291
12677472	298.054186919379
12740544	298.7601954669638
12803616	284.9569004351321
12866688	290.5322483706769
12929760	306.5482510841535
12992832	299.3864851497585
13055904	286.9399064658675
13118976	293.1938967935456
13182048	310.8557731647199
13245120	291.2059708937938
13308192	292.8125730187508
13371264	301.2385548825293
13434336	307.9712702007799
13497408	288.3446703863715
13560480	296.6173560047253
13623552	308.1064432258172
13686624	297.8801096815196
13749696	286.6122298835796
13812768	284.9195699141009
13875840	291.5245348184029
13938912	284.7436229527748
14001984	287.2660709053753
14065056	299.4796270268607
14128128	313.0983364528008
14191200	297.1306464686672
14254272	292.2144196231065
14317344	308.1576229574542
14380416	301.3382080385317
14443488	284.9483589756821
14506560	290.4266983069465
14569632	306.4110683282831
14632704	296.0433151584674
14695776	286.5379115018325
14758848	299.9189741521451
14821920	306.76098089192
14884992	287.9087207669486
14948064	293.0226133323746
15011136	303.8917108182288
15074208	310.4504723946117
15137280	290.3519424570709
15200352	295.9237754314039
15263424	308.8118783676043
15326496	303.1007052781402
15389568	294.3503535082158
15452640	301.4580164301636
15515712	317.2551333744348
15578784	297.5385990194669
15641856	297.3173033288842
15704928	312.3415886692153
15768000	316.6244731426353
15831072	292.6605743398636
15894144	291.0338907183312
15957216	304.8885466718821
16020288	295.7449044570891
16083360	287.6617950815311
16146432	295.9130541018835
16209504	308.9547297616001
16272576	295.2109599130933
16335648	293.5445382572592
16398720	308.9660167509339
16461792	319.0790189275337
16524864	295.0037666430484
16587936	297.2492007886743
16651008	306.2457655903833
16714080	307.7066391496079
16777152	288.9755540089968
16840224	298.9552694959938
16903296	314.1973238868233
16966368	302.5791681701457
17029440	292.1483308338138
17092512	302.4273966389082
17155584	315.986287806085
17218656	293.2023728310825
17281728	297.2028933740984
17344800	312.2070615529232
17407872	318.1828560139081
17470944	293.7271934571045
17534016	301.6971477619035
17597088	315.4937502155088
17660160	307.7051590365743
17723232	291.767162760136
17786304	304.4572520277567
17849376	323.1564500706363
17912448	299.4907394390366
17975520	299.0292784558109
18038592	306.5459751399271
18101664	316.9548627236227
18164736	290.7849989361908
18227808	301.4265299651954
18290880	314.9081413159348
18353952	310.9093799869547
18417024	293.661490626893
18480096	298.8507686183834
18543168	310.0634788594643
18606240	300.4553203722201
18669312	292.2357041361338
18732384	306.8508050624391
18795456	323.0011452009991
18858528	291.9334340934803
18921600	294.6357874276065
18984672	298.2247748003812
19047744	309.9608877723267
19110816	288.2878538716268
19173888	299.7583100463073
19236960	316.1218273117311
19300032	295.3506087693738
19363104	287.6787459047053
19426176	304.9011856209705
19489248	320.0089730434393
19552320	293.0142739823477
19615392	298.3976220637746
19678464	313.5749300733555
19741536	321.9776829297394
19804608	288.8986567608179
19867680	299.3259345553512
19930752	311.5515692649048
19993824	307.7542770063563
20056896	289.3859043930792
20119968	296.3792223621857
20183040	320.594372417745
20246112	291.37620038717
20309184	289.3842512411069
20372256	305.1695599144947
20435328	323.4228684465802
20498400	290.1668555905289
20561472	301.3763041617039
20624544	316.111977038365
20687616	314.446176527341
20750688	291.8778109311051
20813760	304.6117363975225
20876832	323.604854846329
20939904	304.9055680978281
21002976	293.664932091568
21066048	308.3271024710895
21129120	329.7817774268324
21192192	286.12341254193
21255264	292.8391462492779
21318336	312.1645837828163
21381408	323.735956214235
21444480	289.5336799057557
21507552	301.1259493712308
21570624	322.7851730611544
21633696	304.2539037232837
21696768	290.8911239221605
21759840	304.4442474305221
21822912	315.5479372361303
21885984	288.6979232993089
21949056	290.5109532832054
22012128	304.9240340497711
22075200	324.1381185170825
22138272	286.2231120655825
22201344	292.2819407011138
22264416	296.9683637379833
22327488	314.8992468077787
22390560	285.6451951812397
22453632	300.2136606799654
22516704	325.3119691988245
22579776	288.0743387148711
22642848	279.3573786555619
22705920	302.0446242517463
22768992	321.2944524134594
22832064	283.9541706039378
22895136	291.7024251018076
22958208	310.8086707007063
23021280	317.9819756238528
23084352	285.5478811293942
23147424	301.3197302704936
23210496	293.4642184851307
23273568	293.8031609936375
23336640	285.0827781316747
23399712	304.1419404977751
23462784	327.7050524487437
23525856	287.6001316867192
23588928	287.6527805650813
23652000	283.4904816341305
23715072	312.2987125905766
23778144	278.8453606541686
23841216	290.5694040862075
23904288	321.3643154164803
23967360	305.174745383333
24030432	285.8304272371147
24093504	299.882831127964
24156576	319.2001619915706
24219648	280.9691570901283
24282720	278.5826755334627
24345792	292.7479877898212
24408864	311.6978231048075
24471936	279.6466824611591
24535008	289.6412724502531
24598080	302.2494996921269
24661152	310.6321781646836
24724224	281.9650037663773
24787296	292.7502497800126
24850368	331.0213874161345
24913440	295.0479137471605
24976512	286.9672165716079
25039584	303.6078078612338
25102656	323.1023630936733
25165728	274.6612882339993
25228800	287.7475649572399
25291872	309.423985794354
25354944	315.4606515069524
25418016	291.5524015752359
25481088	287.3973514685402
25544160	318.1744602386101
25607232	296.4481271093812
25670304	277.3083758913913
25733376	290.9214159231585
25796448	315.8046447636163
25859520	287.4037897038825
25922592	286.1504827929091
25985664	295.3451371148196
26048736	274.5687455995742
26111808	269.7337840815812
26174880	280.9232916303477
26237952	311.7228568279078
26301024	282.5105220953455
26364096	270.0671205987713
26427168	281.8602286616182
26490240	315.1865937844705
26553312	279.3227011644403
26616384	275.0200832698058
26679456	296.2981621584856
26742528	322.3359294843295
26805600	276.793455204639
26868672	283.6208922035651
26931744	299.3981194832435
26994816	307.1895081936148
27057888	278.1308236266779
27120960	286.097470457805
27184032	316.8021186955263
27247104	288.7775826836437
27310176	276.8358960481078
27373248	275.8166100220437
27436320	295.8926232886128
27499392	269.1557960333151
27562464	280.3092739651618
27625536	293.8340565320269
27688608	313.8035224557479
27751680	274.5011659989015
27814752	283.0483750255097
27877824	309.2151831809878
27940896	295.166059001114
28003968	279.9442980637264
28067040	291.3884295379663
28130112	309.0881196163516
28193184	268.6963654514681
28256256	273.5030446133708
28319328	290.9001598867866
28382400	327.1139048514709
28445472	280.5297072065503
28508544	274.0615017077179
28571616	295.5933921847918
28634688	306.2209190290682
28697760	284.9291103461463
28760832	285.5624854668333
28823904	314.9029875058013
28886976	272.868909961774
28950048	270.7186393379019
29013120	277.2196575829601
29076192	309.6103181247003
29139264	269.635471672424
29202336	276.2503089502879
29265408	295.2647386738049
29328480	285.1652025654372
29391552	273.1146630180069
29454624	260.0502576289684
29517696	297.8049271104322
29580768	277.1618289817679
29643840	275.1675825428331
29706912	283.5400853415261
29769984	311.3985603684346
29833056	265.9268946699719
29896128	272.4106509707445
29959200	281.8035410957158
30022272	307.8143758869431
30085344	266.5126477882897
30148416	275.3169749633164
30211488	301.0048464999068
30274560	289.8590024690928
30337632	275.7854573225734
30400704	286.0935591590184
30463776	308.58259906836
30526848	276.8149471605076
30589920	277.5748462732637
30652992	293.5454868551064
30716064	302.776702230056
30779136	277.1311787451407
30842208	284.2170182402573
30905280	299.4846383978872
30968352	307.5547153807444
31031424	281.2824385159424
31094496	284.3673100451186
31157568	314.508744451411
31220640	279.9346768711441
31283712	275.603478165933
31346784	285.8992570558817
31409856	310.281027663231
31472928	268.3758348855748
31536000	279.2831340638613
