0	284.9635898587949
63072	300.0774609345386
126144	265.1105415299365
189216	255.8427749416947
252288	260.5110068206636
315360	293.2967528912772
378432	276.9409560554223
441504	275.6293114618879
504576	292.492201027944
567648	313.3482309213524
630720	272.7817596007627
693792	277.4931611715111
756864	300.6119861922583
819936	307.7226100711754
883008	278.0875475690465
946080	283.3238872346626
1009152	315.610822269775
1072224	293.5027242960993
1135296	280.6777406224581
1198368	275.3895677232225
1261440	306.7007648972706
1324512	267.0188774903899
1387584	279.8849472017361
1450656	293.5634410715859
1513728	312.531959344847
1576800	275.5979564022505
1639872	272.2593855044564
1702944	266.362003066609
1766016	281.448559236826
1829088	268.9780994191407
1892160	284.402818027849
1955232	317.1352036713375
2018304	284.5973019683004
2081376	283.2169029239341
2144448	296.1672491271984
2207520	278.6107591574419
2270592	268.6624682588629
2333664	277.1718692572295
2396736	305.2476008306296
2459808	298.5707404117119
2522880	269.5121621209112
2585952	279.3412275337758
2649024	298.6913443595647
2712096	284.3736412577645
2775168	275.111590595771
2838240	292.105712291353
2901312	313.1661443766248
2964384	270.9914550516562
3027456	265.7735250071021
3090528	264.0123996075481
3153600	296.1164157111701
3216672	272.6446052138241
3279744	286.8489369905092
3342816	271.1543509991912
3405888	276.3287550482825
3468960	277.724858096887
3532032	286.0587310049023
3595104	315.3592103404468
3658176	277.4119701389156
3721248	283.8572851803302
3784320	297.6457200463156
3847392	285.965121544121
3910464	268.47760052576
3973536	269.6601678658811
4036608	294.9094260566028
4099680	271.812846368621
4162752	266.7552666088374
4225824	280.9777633021564
4288896	308.2116987935154
4351968	286.1655477728639
4415040	276.8965742444334
4478112	278.2017385700406
4541184	303.3367370149083
4604256	269.0790824575728
4667328	276.9014808406899
4730400	307.0876780480563
4793472	303.1645100944563
4856544	273.5946042982322
4919616	284.5221257228662
4982688	307.4734832905118
5045760	292.6425435840574
5108832	277.877791425726
5171904	276.7536706133185
5234976	300.4469506382407
5298048	273.4324619868827
5361120	280.1757894492012
5424192	299.4485486646676
5487264	275.4114955044927
5550336	266.4671746080526
5613408	271.8034402797026
5676480	299.5445764226104
5739552	289.8663434184554
5802624	274.2929936906817
5865696	287.7378465817167
5928768	307.5372301386296
5991840	281.526183878757
6054912	277.9145273692809
6117984	299.2122020674135
6181056	317.014874064316
6244128	277.5353052891766
6307200	281.8072854259061
6370272	297.8378786751175
6433344	298.514828800248
6496416	278.8357302047208
6559488	279.457832223668
6622560	293.9836452462348
6685632	284.6346687484896
6748704	278.0487967422296
6811776	297.7360351946264
6874848	313.6259513716611
6937920	274.6803334806214
7000992	273.7050434972543
7064064	290.364427567479
7127136	301.3845425408463
7190208	275.8570467441437
7253280	286.3336100029074
7316352	319.6809638415782
7379424	303.2208573733302
7442496	284.4114102722834
7505568	287.5591390085073
7568640	314.7761886836288
7631712	288.7808731064727
7694784	288.2364421664269
7757856	298.1718088934567
7820928	306.8700619215334
7884000	281.5433913672986
7947072	279.4571616204597
8010144	283.2023235114966
8073216	290.0573079690099
8136288	274.3230665172127
8199360	288.4182272556116
8262432	311.4912593337191
8325504	288.9450292266474
8388576	278.3069548693151
8451648	298.4956147075738
8514720	305.6666436336195
8577792	286.2206295621982
8640864	282.9249421098661
8703936	284.7985321730932
8767008	301.992131581201
8830080	278.0863837227925
8893152	277.8389243605436
8956224	300.2742354001734
9019296	287.4372605697151
9082368	279.0548261220881
9145440	294.4771111018911
9208512	313.2195758967303
9271584	283.781591261494
9334656	292.6141403747433
9397728	298.8287611145048
9460800	299.5778481621533
9523872	281.8947801916667
9586944	285.1771306167822
9650016	306.9614496084551
9713088	298.3039984713814
9776160	286.6565748338689
9839232	299.6843485274529
9902304	317.7505821217996
9965376	294.3973104887429
10028448	289.5790874627432
10091520	302.6106439040358
10154592	304.4770259201451
10217664	280.4383070311086
10280736	281.1618518176461
10343808	302.6371248588451
10406880	294.6599361581879
10469952	276.8233388254242
10533024	289.2312055139435
10596096	308.1892366610343
10659168	292.3395318721502
10722240	288.8139885036392
10785312	293.4938707791203
10848384	289.74381045571
10911456	280.9786725791744
10974528	287.0986543070613
11037600	302.2357619033461
11100672	292.1773857102635
11163744	283.1170047839647
11226816	287.4940677598692
11289888	294.3340464229895
11352960	292.5092140641809
11416032	281.4084431692995
11479104	290.7663739448375
11542176	308.9053966720749
11605248	289.7559972702103
11668320	291.786492768174
11731392	305.8443808217116
11794464	310.3348425656037
11857536	288.7524459595199
11920608	296.0072281391529
11983680	304.8700449805582
12046752	301.1544944667503
12109824	291.7955813662081
12172896	296.8883410969765
12235968	301.5005787335313
12299040	289.330694342679
12362112	288.0807925529784
12425184	302.8698878564225
12488256	310.4204270946328
12551328	288.4486456597161
12614400	293.0522965703441
12677472	298.537120135429
12740544	296.8981058892631
12803616	285.7410574551871
12866688	291.5910642202323
12929760	304.8434874202874
12992832	296.5617203187648
13055904	288.4819472947229
13118976	294.7014067627805
13182048	308.7779375317722
13245120	290.9171690565584
13308192	294.4936959502354
13371264	302.3460553375832
13434336	305.161825932606
13497408	289.0837411834478
13560480	297.9878701364811
13623552	308.1627261474429
13686624	296.0378605306299
13749696	287.5370889403061
13812768	285.7384718230911
13875840	288.6306623590133
13938912	284.3913240439213
14001984	288.3637089500917
14065056	300.8685256195175
14128128	309.1702043369652
14191200	297.3345207007303
14254272	293.4582249860099
14317344	308.9005336337318
14380416	300.1257568989152
14443488	285.5819974727258
14506560	291.2740253608094
14569632	304.2447701437591
14632704	294.941354098095
14695776	288.0735930309551
14758848	301.3929605742811
14821920	303.0900439976917
14884992	287.8183782651276
14948064	293.8450006882906
15011136	304.8872090347438
15074208	307.7134524375179
15137280	291.790735164947
15200352	297.8670125360057
15263424	309.1089302056491
15326496	300.8860280177885
15389568	295.2887470462968
15452640	303.3583578967716
15515712	315.2837641358684
15578784	297.2508386004484
15641856	298.3067953261518
15704928	313.5577461889033
15768000	314.638485954353
15831072	293.4131529368533
15894144	292.5146430742782
15957216	305.1265262390064
16020288	293.6253248246069
16083360	288.448337395433
16146432	296.9907034729847
16209504	306.1329546862651
16272576	294.5328182033567
16335648	294.7392117782331
16398720	310.4179536899807
16461792	316.645285218401
16524864	295.3437177239327
16587936	297.9899872131811
16651008	306.4564326811796
16714080	304.5899740941185
16777152	289.7480425231595
16840224	300.1929775382109
16903296	312.9159557805622
16966368	300.5764994967833
17029440	293.6566159826613
17092512	303.9300252066603
17155584	312.0406754240837
17218656	293.1466646711015
17281728	298.4151048586085
17344800	313.6836031215404
17407872	313.2745771544791
17470944	294.6628899188476
17534016	303.0733132281708
17597088	315.8537440846227
17660160	304.7770768022712
17723232	292.6351426868846
17786304	306.2866504801102
17849376	319.9819614957715
17912448	299.1319014760015
17975520	300.1250362846416
18038592	308.1251020890907
18101664	313.1947304891055
18164736	291.7295220678008
18227808	302.4157215793643
18290880	315.4762706309408
18353952	306.9433595667729
18417024	294.3268895383824
18480096	300.1126589818289
18543168	309.5431505591694
18606240	298.7406838129336
18669312	293.5675672495565
18732384	308.7791687542305
18795456	318.0926153887007
18858528	292.244677101319
18921600	295.9602943620872
18984672	298.1561435247438
19047744	304.2317910826008
19110816	289.2593889110156
19173888	301.0768598914054
19236960	316.6930895256478
19300032	294.3635629906608
19363104	288.7515975881652
19426176	306.7589475344462
19489248	317.962632982327
19552320	292.6567224430851
19615392	299.6354974581466
19678464	315.1011057232128
19741536	316.8066148409147
19804608	290.0986233201326
19867680	300.6966765879728
19930752	312.6662533292812
19993824	304.2354746038914
20056896	290.1060960062686
20119968	297.8600682080337
20183040	316.7034066810334
20246112	290.6934097811321
20309184	290.5254671858152
20372256	307.7446563510069
20435328	318.1983202049055
20498400	291.0218195504461
20561472	302.7411126076095
20624544	317.548421280984
20687616	310.9288321049453
20750688	292.9903014960273
20813760	306.134573390125
20876832	323.000750643148
20939904	300.0710699550281
21002976	294.6270270795252
21066048	310.1995173278408
21129120	324.4024937549416
21192192	286.8392115595921
21255264	294.9736947801276
21318336	314.0994736403102
21381408	315.978239026789
21444480	290.8918254402481
21507552	302.9976819208464
21570624	322.9107830409625
21633696	301.6506061881156
21696768	292.0710597546315
21759840	306.2197081160307
21822912	312.3481995060332
21885984	288.5525532041779
21949056	292.1831420644851
22012128	307.6360727262415
22075200	317.5013176457246
22138272	287.5493157591425
22201344	293.5165565087283
22264416	297.9723760744537
22327488	305.9421117528369
22390560	286.9797044491929
22453632	302.8570678036147
22516704	324.4158838376902
22579776	287.5201319453845
22642848	280.3337270908422
22705920	304.4628476403951
22768992	314.1400605299381
22832064	284.8184801562683
22895136	293.8419177766251
22958208	313.3722057333099
23021280	309.0087066439525
23084352	286.7240576161048
23147424	303.2705990438227
23210496	293.0159646377161
23273568	289.3803025744506
23336640	286.4741917346086
23399712	306.61340355377
23462784	321.508188786149
23525856	287.4282122414504
23588928	290.0719074295809
23652000	285.1759528691672
23715072	307.1265040869619
23778144	280.1502108168807
23841216	293.0464686287359
23904288	322.3578083074336
23967360	301.0607760426151
24030432	287.2470420905536
24093504	302.5962110287512
24156576	317.6962082249849
24219648	280.8455260144975
24282720	279.4277618099932
24345792	295.6511607236565
24408864	306.1756547970895
24471936	281.168734991291
24535008	291.9865934686756
24598080	303.0999168485471
24661152	304.732438348071
24724224	283.3804060410636
24787296	295.9339987640407
24850368	327.345418300627
24913440	292.207435459413
24976512	288.7679454912687
25039584	307.2859945921758
25102656	315.4000330939915
25165728	276.1290130041978
25228800	290.0075060285819
25291872	313.7289713180082
25354944	310.1191724358669
25418016	292.3667650922285
25481088	289.4347431512255
25544160	318.6776958482031
25607232	291.7922777828301
25670304	279.4259279481182
25733376	293.9921924719195
25796448	313.9105324224304
25859520	285.6578177708657
25922592	287.910373268542
25985664	298.4052096281815
26048736	274.5152132748129
26111808	270.4675111572951
26174880	283.5459039632211
26237952	313.525741024856
26301024	280.4131653304202
26364096	272.1865175472535
26427168	284.0863258363988
26490240	308.8794666192447
26553312	276.6610472180084
26616384	277.222413932554
26679456	299.8655285467478
26742528	316.9866400200178
26805600	279.0308434788801
26868672	284.6423852498592
26931744	302.1617150288272
26994816	301.1624882006423
27057888	279.5395890875274
27120960	288.3458249650672
27184032	316.5089975861949
27247104	285.7020104075962
27310176	277.9426542576598
27373248	277.1372299385496
27436320	288.4889649424366
27499392	269.9126143030969
27562464	281.7275343029677
27625536	296.1570572006926
27688608	307.0325507186652
27751680	276.034078345003
27814752	285.2979762903375
27877824	308.8940731683107
27940896	289.5560844179088
28003968	281.1392051385076
28067040	293.9372127713478
28130112	301.1124114910274
28193184	268.4375325353677
28256256	275.5638559635238
28319328	292.3743706518544
28382400	317.3133292817419
28445472	281.8432370755262
28508544	275.4260364903716
28571616	298.6119963434656
28634688	294.7035440177909
28697760	285.7021078012972
28760832	287.9356693342531
28823904	314.5706260368125
28886976	273.3759375610112
28950048	271.8544951270828
29013120	279.8356313933205
29076192	298.4062235990946
29139264	271.0744789398241
29202336	278.4092593784953
29265408	299.15862328905
29328480	281.1484433959096
29391552	273.978537876295
29454624	262.0722218799637
29517696	297.3146651807392
29580768	273.0439888790841
29643840	276.7200780864937
29706912	286.9045707813758
29769984	307.6824089169523
29833056	267.3853894020301
29896128	275.7667173057299
29959200	283.7162413375552
30022272	295.4186468547653
30085344	268.7613112305619
30148416	277.7515493830113
30211488	303.3155964362679
30274560	285.2027600218831
30337632	277.3888011863249
30400704	288.8792262310969
30463776	300.1485251823336
30526848	277.5249938690004
30589920	279.5906362621753
30652992	297.7982281391023
30716064	297.4184404144664
30779136	278.2067272588029
30842208	286.4555054952352
30905280	303.8268709469347
30968352	297.7342016354825
31031424	282.567312548148
31094496	286.6044604593746
31157568	313.0121686936789
31220640	274.9120860387983
31283712	277.5032084986414
31346784	290.7155647709191
31409856	302.3671042544073
31472928	269.4644430690396
31536000	281.6631257373132
