0	293.15
63072	278.3149938296867
126144	261.0800861196852
189216	252.194259994354
252288	250.5009434317247
315360	260.6178256169755
378432	272.0286545140655
441504	268.4369754234663
504576	274.3784806773974
567648	281.8230690906894
630720	267.6768700409972
693792	266.3649340968049
756864	276.0196507850351
819936	288.7657271286653
883008	273.866183651949
946080	270.9143415569621
1009152	284.2776847236655
1072224	281.1547214212547
1135296	273.0788193672477
1198368	267.5542180053525
1261440	271.4810041098822
1324512	263.9343879965196
1387584	270.982319217855
1450656	271.3956512117446
1513728	289.2503293483712
1576800	269.9362949106079
1639872	268.8359193459179
1702944	260.7429815695648
1766016	263.5083990416829
1829088	262.8967248462426
1892160	268.2305405083859
1955232	284.8534805756131
2018304	276.987983466969
2081376	273.6529168451016
2144448	276.253031908663
2207520	275.3400114625628
2270592	264.3535816237222
2333664	269.3910353520917
2396736	281.0398398455939
2459808	277.0637076515914
2522880	262.211556289983
2585952	268.8686233349831
2649024	270.3047181855154
2712096	272.9183142698323
2775168	265.405170891671
2838240	272.5783996550156
2901312	282.7322308687428
2964384	266.6306320193949
3027456	262.0994725911321
3090528	255.4301771661532
3153600	276.4624926370037
3216672	266.9859353710482
3279744	274.0971489826152
3342816	265.4962419341173
3405888	277.8580782739789
3468960	270.5378716158005
3532032	274.9502970826147
3595104	284.0745969870645
3658176	274.3309491858795
3721248	277.6008972307227
3784320	281.7981807840177
3847392	281.5660171316774
3910464	263.9938397202775
3973536	264.3418778149135
4036608	271.2868066074385
4099680	270.6095107363289
4162752	261.069193331205
4225824	264.7926156947435
4288896	279.7053691628658
4351968	278.1950273124381
4415040	268.5720790589655
4478112	267.4114391851281
4541184	273.511090110291
4604256	265.0547676471163
4667328	269.6124079322731
4730400	285.1051678671329
4793472	283.8877025878543
4856544	267.0825883625491
4919616	270.8817239735859
4982688	285.9538650041298
5045760	284.2044774254514
5108832	267.966308869388
5171904	264.2521356144822
5234976	273.3947378429831
5298048	270.5524513391339
5361120	270.3932075421084
5424192	279.6261175286814
5487264	273.1707596166164
5550336	263.4094720948943
5613408	258.9899592910073
5676480	270.9466302602794
5739552	280.370802184194
5802624	265.4512819309614
5865696	273.1073469216198
5928768	288.1466115323665
5991840	279.442753658048
6054912	271.8893105996638
6117984	280.6140885463226
6181056	293.6643232946607
6244128	271.622786863359
6307200	272.729516498249
6370272	279.9711872570257
6433344	282.3098086054534
6496416	272.3178698943778
6559488	269.6250448550369
6622560	278.5217835476343
6685632	278.0757770123646
6748704	270.1347632465677
6811776	279.1933888472357
6874848	292.2371834194464
6937920	270.5030170589566
7000992	268.4757642474365
7064064	277.5003725950951
7127136	286.9814295556762
7190208	269.7975528043673
7253280	278.6493651810757
7316352	300.1635858610719
7379424	294.5861554626866
7442496	275.556040424227
7505568	274.0045178246658
7568640	291.1889066280331
7631712	288.6535788742061
7694784	278.4658316930204
7757856	281.4482774258059
7820928	289.9851160841083
7884000	278.2550288893095
7947072	273.5336424735228
8010144	276.7363471539306
8073216	283.2512991454526
8136288	268.0205158588832
8199360	276.7025673683494
8262432	295.2815007429878
8325504	284.6541258350064
8388576	269.5109443671881
8451648	284.9234747578777
8514720	298.1358217527983
8577792	283.7666759881982
8640864	274.3686238132665
8703936	280.7503049230243
8767008	290.8283803996905
8830080	273.6227277007518
8893152	272.7375015646155
8956224	281.0913309574495
9019296	284.072177004851
9082368	271.6553793861182
9145440	281.6408601541993
9208512	295.3154261457937
9271584	283.356997699278
9334656	284.3843889507694
9397728	289.0871635818815
9460800	288.5004940427336
9523872	276.3467736112203
9586944	276.4152525272108
9650016	293.2277911545082
9713088	295.0133577181478
9776160	278.3483954617649
9839232	289.2541372600134
9902304	303.0737524538221
9965376	294.3202152721179
10028448	281.5258977575866
10091520	291.3837014767497
10154592	294.7300950187056
10217664	277.131629526602
10280736	277.195766928722
10343808	293.5207361403982
10406880	286.4834151174418
10469952	269.3506957728317
10533024	278.6560063585118
10596096	295.4644313818391
10659168	291.2457458575653
10722240	281.7185803327412
10785312	284.7774340100806
10848384	289.4525197813031
10911456	282.4883429524335
10974528	280.3776862151266
11037600	295.9887326211639
11100672	291.8331237830789
11163744	280.6910783418269
11226816	279.7858891878866
11289888	288.6531818969659
11352960	288.8668083656419
11416032	275.5835897176301
11479104	283.5922515485858
11542176	298.6208597124516
11605248	291.2004572564226
11668320	282.9708749828243
11731392	296.5925040724082
11794464	304.0723035338877
11857536	289.3542127691448
11920608	288.2268763076937
11983680	298.4711381807273
12046752	296.9235631206147
12109824	285.0140347822684
12172896	285.6774752147674
12235968	295.0535046514836
12299040	291.5223231634748
12362112	279.6639609009354
12425184	293.0783032718246
12488256	305.2916026189011
12551328	291.2339550646454
12614400	284.6925222597668
12677472	289.4925147397453
12740544	295.7531519973449
12803616	282.0739628576298
12866688	285.0355111802616
12929760	297.9139764808559
12992832	297.9205687627247
13055904	280.7198218482614
13118976	285.455047245939
13182048	302.5960372518421
13245120	295.9165958863871
13308192	284.9880755529302
13371264	300.540502123917
13434336	300.3390182526732
13497408	289.0393389497362
13560480	289.4017747905435
13623552	302.456780029803
13686624	297.0880345871492
13749696	282.3788769999258
13812768	280.5813960480667
13875840	288.3845622771146
13938912	287.9871328501297
14001984	281.3103045321216
14065056	291.6129184973811
14128128	303.9851622567732
14191200	296.9205545426904
14254272	286.412525081611
14317344	305.5346665524585
14380416	300.4742467332246
14443488	282.0862942131654
14506560	285.4312802432873
14569632	300.7449604076887
14632704	296.0582025716355
14695776	280.1328887140497
14758848	290.7193756076388
14821920	298.8210808996411
14884992	295.1352164462714
14948064	287.9218148047577
15011136	302.5724115485316
15074208	305.4526192984488
15137280	285.8202569741604
15200352	288.3085155999281
15263424	302.2980520120146
15326496	301.860616570749
15389568	288.6251243889457
15452640	293.4190817486222
15515712	308.7154976539379
15578784	303.1523914448525
15641856	291.0948166764147
15704928	309.5164863191782
15768000	308.9592530337412
15831072	289.2921146542958
15894144	283.7645399775052
15957216	299.2026873326572
16020288	293.5934006627761
16083360	284.3537907382683
16146432	289.4064437891412
16209504	301.5945879137477
16272576	296.3825371176582
16335648	287.4946970211707
16398720	302.263014571391
16461792	311.1180593434053
16524864	293.0218009048188
16587936	292.9749363775715
16651008	301.8115477892214
16714080	300.4321262910578
16777152	285.4297773135987
16840224	291.5691087526764
16903296	304.5749304646965
16966368	302.7958600358088
17029440	286.3028225412235
17092512	295.1428179446331
17155584	303.2622277354272
17218656	298.9749664357732
17281728	290.4323914118218
17344800	309.8539517609102
17407872	308.1385477720951
17470944	289.5151820137058
17534016	294.269359992763
17597088	307.7152401227547
17660160	304.0216659059502
17723232	287.0185655861026
17786304	295.4459692630582
17849376	309.6766084192353
17912448	301.885517770198
17975520	293.0736912211312
18038592	298.3878529479533
18101664	305.4801043024211
18164736	287.8448387616485
18227808	296.00284928808
18290880	305.9771276192544
18353952	302.9304655629721
18417024	290.090461295229
18480096	292.856059243452
18543168	303.6789602006698
18606240	298.839901561474
18669312	285.8389060972635
18732384	297.7946233662972
18795456	307.2969789945721
18858528	292.6998985862912
18921600	289.0213227006264
18984672	293.9284347409165
19047744	298.6235834679327
19110816	284.0244410464001
19173888	292.0247662564
19236960	303.7414546890298
19300032	293.8916652670242
19363104	282.6269074996661
19426176	295.2314206235071
19489248	309.8553002737236
19552320	294.5691108539393
19615392	291.3557641296463
19678464	304.2466135481032
19741536	308.0606551536898
19804608	283.7346665265005
19867680	291.8652951508922
19930752	300.540096088772
19993824	300.5157045775164
20056896	285.7358194827373
20119968	289.1853550749272
20183040	301.0905214122714
20246112	290.1418726595236
20309184	284.1980105932943
20372256	293.5115890598647
20435328	306.2326845981349
20498400	288.027129625672
20561472	293.5986321240137
20624544	305.5384797365066
20687616	304.2943138491499
20750688	286.2809640854524
20813760	296.1891099999085
20876832	309.220698002064
20939904	297.3829772883342
21002976	289.1970737402931
21066048	297.9761376224017
21129120	307.3648806332831
21192192	282.3078983448682
21255264	285.0467136583338
21318336	301.1865771409517
21381408	304.7446235176497
21444480	283.5069574616547
21507552	291.9316944250448
21570624	305.0191904166746
21633696	299.4670135005391
21696768	284.9266405355795
21759840	296.0996833967908
21822912	297.0868989671054
21885984	286.2813984798104
21949056	283.1387016578997
22012128	292.7565279292334
22075200	303.0384987264903
22138272	281.3798331955426
22201344	285.8255190936992
22264416	289.2157139071412
22327488	294.6592675606313
22390560	279.5237024648084
22453632	288.3621291641455
22516704	304.0604030730912
22579776	284.5079477539119
22642848	275.3082495181513
22705920	289.2369375827422
22768992	295.1385604654652
22832064	279.3046680995812
22895136	281.9993355293865
22958208	292.8257595435616
23021280	293.5527348387149
23084352	280.1314386375379
23147424	291.9522731104806
23210496	285.6592151098521
23273568	282.6315418990308
23336640	278.2822659535179
23399712	291.7655496889722
23462784	300.2870091282332
23525856	282.9124717858315
23588928	276.4124328901445
23652000	275.6195563675831
23715072	291.5158159253946
23778144	272.9832171110398
23841216	279.3279082354551
23904288	296.9773272119373
23967360	291.8062482803006
24030432	279.3221779549075
24093504	286.9481464925153
24156576	299.2912268381425
24219648	278.5284830765856
24282720	275.7598632205514
24345792	281.2105484273665
24408864	289.0984434086652
24471936	275.4224139141666
24535008	278.9565569567087
24598080	290.5932310459424
24661152	290.87654077671
24724224	275.122016729322
24787296	279.2487361690379
24850368	298.763104237981
24913440	284.2795787634424
24976512	278.6727088244947
25039584	287.1803367635159
25102656	289.7764852240445
25165728	269.6569372862238
25228800	277.7078875613628
25291872	292.1026398207483
25354944	295.6640166605093
25418016	286.9958006536816
25481088	276.3318410206977
25544160	290.5704036262402
25607232	282.0734810797837
25670304	268.7091665024923
25733376	276.314467976651
25796448	297.1352751832384
25859520	278.4357879483449
25922592	277.820984719824
25985664	278.1917599251059
26048736	272.0949311149841
26111808	267.562219998632
26174880	271.4021639349608
26237952	286.6975874564561
26301024	279.4453498661601
26364096	265.0554756305421
26427168	273.5121356089288
26490240	277.2596101805959
26553312	269.4680823626503
26616384	266.6367702427546
26679456	281.0320890660407
26742528	294.0787615392304
26805600	271.4274483122313
26868672	279.2968307941117
26931744	280.6366850394351
26994816	284.8255486482626
27057888	272.2335062248131
27120960	275.940428641909
27184032	284.8155347271486
27247104	277.5704955730204
27310176	273.0903558622845
27373248	271.9679213007302
27436320	277.446209100613
27499392	265.7167007454086
27562464	273.4602067928906
27625536	283.0047532108066
27688608	283.6848051926449
27751680	268.3510969523675
27814752	273.9470620352197
27877824	279.3924470815267
27940896	276.2500277593566
28003968	274.9988432728042
28067040	280.1416606601523
28130112	273.3857425011896
28193184	263.0532511702228
28256256	267.6532329001935
28319328	284.1267159419799
28382400	294.9035526868385
28445472	275.8902552970889
28508544	270.8039008836653
28571616	276.982566443821
28634688	277.2901704319037
28697760	281.3215079976535
28760832	275.0485651506286
28823904	284.9684762559206
28886976	269.7101572475224
28950048	268.8714413171211
29013120	268.3975329058505
29076192	274.8229582608117
29139264	264.7303605042474
29202336	267.6127833994149
29265408	277.3833341646344
29328480	277.3409689193635
29391552	270.1377257317448
29454624	255.9902656185637
29517696	265.2372970436609
29580768	267.7055367933785
29643840	270.7707181945216
29706912	269.7764079888076
29769984	278.6722240648826
29833056	261.0599188220349
29896128	264.0389618622126
29959200	271.8599930286177
30022272	271.6666270335162
30085344	262.2121702180878
30148416	264.9919887750164
30211488	273.8331175008954
30274560	274.1324152302134
30337632	269.6126692732349
30400704	275.4386590320532
30463776	283.4871559531651
30526848	273.5011557132215
30589920	268.9363871690769
30652992	275.9437381412106
30716064	286.649894886002
30779136	272.5587798618054
30842208	273.7936322173458
30905280	279.5120009428549
30968352	282.7785499442193
31031424	275.2713337054687
31094496	274.5351672693238
31157568	281.6325809612069
31220640	264.6544005333177
31283712	267.6368585306809
31346784	270.6013193143612
31409856	277.4527296067927
31472928	264.4496505065818
31536000	270.1584565231292
