0	283.2008361948866
63072	283.2008361948866
126144	283.2008361948866
189216	283.2008361948866
252288	283.2008361948866
315360	283.2008361948866
378432	283.2008361948866
441504	283.2002647747193
504576	283.1715087851645
567648	283.16432730939
630720	283.1590353338881
693792	283.1791649625334
756864	283.1703952435979
819936	283.1915908472768
883008	283.171326117282
946080	283.1971569197217
1009152	283.2093766740638
1072224	283.1791844482061
1135296	283.1933217076576
1198368	283.1956846980015
1261440	283.196432948599
1324512	283.2086578566388
1387584	283.2243819104426
1450656	283.2389014463475
1513728	283.2146517031483
1576800	283.2165439645046
1639872	283.2186371182153
1702944	283.1972296070745
1766016	283.1934056191312
1829088	283.1983008731343
1892160	283.2158976139775
1955232	283.2005364826281
2018304	283.1745766614267
2081376	283.1953431973542
2144448	283.1900166312126
2207520	283.2075389404625
2270592	283.1876624188553
2333664	283.182855344616
2396736	283.1769890390188
2459808	283.2015558664941
2522880	283.2114785825618
2585952	283.2020804640325
2649024	283.1879381794982
2712096	283.2203296086373
2775168	283.2005172988628
2838240	283.2042047463174
2901312	283.221984366474
2964384	283.2280855477402
3027456	283.2102967750236
3090528	283.2254137096319
3153600	283.2163793598456
3216672	283.2130966893305
3279744	283.192182822109
3342816	283.2058827243507
3405888	283.2186374917385
3468960	283.2354701406212
3532032	283.2065384663635
3595104	283.2199715121951
3658176	283.2216068528451
3721248	283.1833231618263
3784320	283.179553491415
3847392	283.1897835969525
3910464	283.1977619205284
3973536	283.2012017653557
4036608	283.1810779466115
4099680	283.1948579619012
4162752	283.1910287958885
4225824	283.1936025687023
4288896	283.1628197881103
4351968	283.155460786775
4415040	283.197801411069
4478112	283.1743496902392
4541184	283.1974945464074
4604256	283.1921542039847
4667328	283.1719197292237
4730400	283.1675531080273
4793472	283.191735735757
4856544	283.2039405923206
4919616	283.1990076655948
4982688	283.2074354380892
5045760	283.2026629867107
5108832	283.1818728817687
5171904	283.2037020195084
5234976	283.2048664615826
5298048	283.19224170189
5361120	283.1910830241675
5424192	283.2063226348422
5487264	283.212465801293
5550336	283.2033151831013
5613408	283.1985931145474
5676480	283.2036961136695
5739552	283.207415488821
5802624	283.2096607557583
5865696	283.1742313427708
5928768	283.2152159452419
5991840	283.2013032645204
6054912	283.1900185587688
6117984	283.2192872181996
6181056	283.2097827371609
6244128	283.1956437939302
6307200	283.1929185938616
6370272	283.1852820665179
6433344	283.2041382182518
6496416	283.1978324005865
6559488	283.1935437199055
6622560	283.2042402225271
6685632	283.2236021440044
6748704	283.2037078700191
6811776	283.1966998888759
6874848	283.1728321753426
6937920	283.1986964240572
7000992	283.2151325569718
7064064	283.2144292823548
7127136	283.2216247242401
7190208	283.2179247062116
7253280	283.2242447649876
7316352	283.2134441207671
7379424	283.2066183848108
7442496	283.2225613411375
7505568	283.2165589626486
7568640	283.1948667184094
7631712	283.1949683016292
7694784	283.1840936531762
7757856	283.1901163026128
7820928	283.2111846388754
7884000	283.2436582278273
7947072	283.2364524242512
8010144	283.2320443384627
8073216	283.2259559864958
8136288	283.1901005176924
8199360	283.2066402263236
8262432	283.2073864785148
8325504	283.1978212738804
8388576	283.2370703055872
8451648	283.2531364180001
8514720	283.2314673007979
8577792	283.1993296157216
8640864	283.2372216027535
8703936	283.2041790531963
8767008	283.202967025576
8830080	283.1990699061352
8893152	283.2215868751686
8956224	283.242360219904
9019296	283.2464371833674
9082368	283.2084398222777
9145440	283.2306890337598
9208512	283.2157361827152
9271584	283.1896218066601
9334656	283.2061094891786
9397728	283.213680644707
9460800	283.1921312167019
9523872	283.2384751409024
9586944	283.2355232992566
9650016	283.2358758103463
9713088	283.2275974165285
9776160	283.2233493951955
9839232	283.2525082999659
9902304	283.2087322559756
9965376	283.2117376257418
10028448	283.210930200671
10091520	283.2017382154192
10154592	283.1895024252739
10217664	283.208257228615
10280736	283.2071603670228
10343808	283.197918259251
10406880	283.2501364691027
10469952	283.2585962728229
10533024	283.243435456049
10596096	283.2304656897119
10659168	283.22612036799
10722240	283.2514443181612
10785312	283.2668267367068
10848384	283.2364658463853
10911456	283.2463681738146
10974528	283.2444960500788
11037600	283.2609060803886
11100672	283.2643918330118
11163744	283.2445080781999
11226816	283.2245857885562
11289888	283.2232771643586
11352960	283.1903385166751
11416032	283.2225314502118
11479104	283.2510902485121
11542176	283.2197930839403
11605248	283.1988239618209
11668320	283.2233622799976
11731392	283.2259460806057
11794464	283.2351316545689
11857536	283.2249792234854
11920608	283.2350521649941
11983680	283.2345651902642
12046752	283.2103570842395
12109824	283.2054389148886
12172896	283.2203033627356
12235968	283.2302630614724
12299040	283.2588536653381
12362112	283.227198919614
12425184	283.2285377213577
12488256	283.2453242460336
12551328	283.2122366877662
12614400	283.2546224731513
12677472	283.2723175657622
12740544	283.2531664699938
12803616	283.255613823804
12866688	283.2378589036918
12929760	283.217866629147
12992832	283.2167926200153
13055904	283.2427912238583
13118976	283.2217535716568
13182048	283.2177021908345
13245120	283.2247420183866
13308192	283.2396727979683
13371264	283.2360274037125
13434336	283.2426071466035
13497408	283.2293353838193
13560480	283.226601066387
13623552	283.2522263074275
13686624	283.2512631838543
13749696	283.2517217822973
13812768	283.2549696989612
13875840	283.2308269782538
13938912	283.2162980753395
14001984	283.2200547005327
14065056	283.2267670665228
14128128	283.2409188945012
14191200	283.2121866207435
14254272	283.2286280521585
14317344	283.2430603900228
14380416	283.2563242917625
14443488	283.260202624062
14506560	283.249660515384
14569632	283.2466043259541
14632704	283.2499236154457
14695776	283.2180496967638
14758848	283.234015948101
14821920	283.2340404655163
14884992	283.2410084987831
14948064	283.2513727277134
15011136	283.2650173528487
15074208	283.2621752218963
15137280	283.2320963780428
15200352	283.2291960879427
15263424	283.2460440495699
15326496	283.2322226160735
15389568	283.2623930016966
15452640	283.2419143806075
15515712	283.2270525318869
15578784	283.2431474170331
15641856	283.2357752368277
15704928	283.2518506869524
15768000	283.2509857061774
15831072	283.2486197479664
15894144	283.2803512858926
15957216	283.2618130480254
16020288	283.2545865281627
16083360	283.2695835868859
16146432	283.2667816058391
16209504	283.2763822405465
16272576	283.2390427665112
16335648	283.2211879636952
16398720	283.2475398304912
16461792	283.2513255884314
16524864	283.2634018370142
16587936	283.2695710199237
16651008	283.2608666241422
16714080	283.2633518219145
16777152	283.2538557274866
16840224	283.2796704380027
16903296	283.2593971374828
16966368	283.23828279557
17029440	283.2364759453411
17092512	283.2316631107228
17155584	283.2646192476619
17218656	283.2439504820009
17281728	283.2696367047236
17344800	283.2469556068197
17407872	283.2627798165112
17470944	283.2519712914025
17534016	283.2710294931051
17597088	283.2690679356672
17660160	283.2452619504372
17723232	283.2545443816423
17786304	283.2428866070283
17849376	283.2788129105183
17912448	283.270382212768
17975520	283.2843080821884
18038592	283.287130044929
18101664	283.2727693598786
18164736	283.2535457305804
18227808	283.2713579291262
18290880	283.2538241291098
18353952	283.2503694753884
18417024	283.2720278285215
18480096	283.2924137039715
18543168	283.2929241872911
18606240	283.2791369612242
18669312	283.288298156087
18732384	283.2802156017299
18795456	283.2820113543144
18858528	283.2700683457472
18921600	283.2604245235201
18984672	283.2800649685695
19047744	283.2771238838716
19110816	283.2946854900368
19173888	283.2756799284648
19236960	283.2486978369373
19300032	283.249929393985
19363104	283.265730143513
19426176	283.2690899559778
19489248	283.2523416196357
19552320	283.2690378680174
19615392	283.2866639227806
19678464	283.2734014672263
19741536	283.2785998366896
19804608	283.2420638139138
19867680	283.251260107753
19930752	283.2644196470838
19993824	283.2866257648994
20056896	283.2550151040992
20119968	283.2825812214198
20183040	283.2984523775312
20246112	283.2758258679394
20309184	283.2633308983707
20372256	283.2725177899271
20435328	283.250671147669
20498400	283.2545466849076
20561472	283.2644806016208
20624544	283.2749376116587
20687616	283.2559426406038
20750688	283.2551164226715
20813760	283.2491498148072
20876832	283.2393126316015
20939904	283.2542322019857
21002976	283.2757339542141
21066048	283.2833360033769
21129120	283.2701364285238
21192192	283.2610046546832
21255264	283.2683125983268
21318336	283.2939608595415
21381408	283.2821294904817
21444480	283.2834540201283
21507552	283.2827560686266
21570624	283.2850889868207
21633696	283.3087079826192
21696768	283.3006261053885
21759840	283.2925137653972
21822912	283.3020469493038
21885984	283.3185045524768
21949056	283.2906721174395
22012128	283.2608498265906
22075200	283.2857990741247
22138272	283.2947388528376
22201344	283.3216782334271
22264416	283.3005979050556
22327488	283.2764596927985
22390560	283.2957654066646
22453632	283.2638859161261
22516704	283.2932405596772
22579776	283.296964136127
22642848	283.300975281167
22705920	283.2875284693763
22768992	283.2921209962781
22832064	283.2943165844438
22895136	283.2572309122897
22958208	283.2474378857949
23021280	283.2672583614835
23084352	283.2599129678345
23147424	283.2659973451498
23210496	283.2668771169574
23273568	283.2708638517693
23336640	283.2698839906532
23399712	283.2353178762266
23462784	283.2620951969386
23525856	283.2629330686951
23588928	283.2913711070544
23652000	283.2659353299728
23715072	283.2895985156742
23778144	283.2965509099929
23841216	283.2603500664061
23904288	283.2707927279853
23967360	283.2856325916813
24030432	283.2912670911
24093504	283.3102588579713
24156576	283.2711103566435
24219648	283.2542932895306
24282720	283.2652252137308
24345792	283.2819929122797
24408864	283.2713483330957
24471936	283.3013599458002
24535008	283.281485628489
24598080	283.273802403363
24661152	283.2436598998804
24724224	283.2436478468917
24787296	283.2429678387176
24850368	283.2408042570522
24913440	283.2285818467857
24976512	283.2618488599281
25039584	283.2650733849196
25102656	283.2526613364431
25165728	283.2640558219932
25228800	283.262361572431
25291872	283.2694253871362
25354944	283.2744673036001
25418016	283.2886179191605
25481088	283.2509171241811
25544160	283.2812231292173
25607232	283.2525632861126
25670304	283.2747872318083
25733376	283.2640955530589
25796448	283.271820706163
25859520	283.2795159407825
25922592	283.2478055932237
25985664	283.2577036232276
26048736	283.2601877009122
26111808	283.2489285165831
26174880	283.2764135926071
26237952	283.2580596607729
26301024	283.2523728685868
26364096	283.2515339795873
26427168	283.2404428017798
26490240	283.2524270711725
26553312	283.261499829654
26616384	283.235428556831
26679456	283.2543751268576
26742528	283.2526405311519
26805600	283.2592606507438
26868672	283.2580163620677
26931744	283.2688648879448
26994816	283.2673504820635
27057888	283.2585382871569
27120960	283.2344986612868
27184032	283.2288984060133
27247104	283.2503237417621
27310176	283.2475484003397
27373248	283.2151909580544
27436320	283.2484154365181
27499392	283.2544380632777
27562464	283.2488095451131
27625536	283.2232720951582
27688608	283.2439780992229
27751680	283.2338472393145
27814752	283.2242702482316
27877824	283.2242744361716
27940896	283.2260406744892
28003968	283.2545139841847
28067040	283.2466677309738
28130112	283.2317137691734
28193184	283.2299966907874
28256256	283.2284582600925
28319328	283.2617949147547
28382400	283.2317689867893
28445472	283.2479816144137
28508544	283.243335791177
28571616	283.2472210394575
28634688	283.2270873354274
28697760	283.2136985601701
28760832	283.2489425975165
28823904	283.2416403708141
28886976	283.2223728791843
28950048	283.2249945800623
29013120	283.2606501638354
29076192	283.2330566603203
29139264	283.2571126490616
29202336	283.2198048631626
29265408	283.1853950047982
29328480	283.2012435721009
29391552	283.2083130452413
29454624	283.1967655294674
29517696	283.1871880028546
29580768	283.207110261527
29643840	283.1871971589563
29706912	283.2069958391517
29769984	283.20680539131
29833056	283.1902519226002
29896128	283.1933578820488
29959200	283.1944015518349
30022272	283.1760672903981
30085344	283.184610829087
30148416	283.1723840317068
30211488	283.2187108682032
30274560	283.1799330005894
30337632	283.1740504592414
30400704	283.1801637103292
30463776	283.1998717802912
30526848	283.198834136815
30589920	283.2206364626392
30652992	283.207150055904
30716064	283.2184096069019
30779136	283.1895133828502
30842208	283.2105539712593
30905280	283.2145972821768
30968352	283.2190563939125
31031424	283.2045518150111
31094496	283.1893287987174
31157568	283.1755076756175
31220640	283.2081801125108
31283712	283.2156121213529
31346784	283.2277127437012
31409856	283.2206136904624
31472928	283.1860779154485
31536000	283.2232789777153
