0	0.0001
63072	0.0001
126144	70.584068
189216	0.0001
252288	0.0001
315360	170.0858968449931
378432	239.8313237639717
441504	0.0001
504576	0.0001
567648	428.6084937142857
630720	0.0001
693792	0.0001
756864	0.0001
819936	464.2918098395782
883008	0.0001
946080	0.0001
1009152	79.84276428993667
1072224	354.7727601851852
1135296	0.0001
1198368	0.0001
1261440	381.1828125
1324512	50.39647790361447
1387584	0.0001
1450656	0.0001
1513728	489.5011047068357
1576800	0.0001
1639872	0.0001
1702944	2.320660859259258
1766016	467.6244535402727
1829088	0.0001
1892160	0.0001
1955232	270.4523081716637
2018304	218.1432686575342
2081376	0.0001
2144448	0.0001
2207520	232.8205448298884
2270592	0.02380329411764705
2333664	0.0001
2396736	0.0001
2459808	556.294566580303
2522880	0.0001
2585952	0.0001
2649024	215.9056050060606
2712096	360.0783600662158
2775168	0.0001
2838240	0.0001
2901312	496.7721550092944
2964384	8.571942037037038
3027456	0.0001
3090528	0.0001
3153600	623.7581595276436
3216672	0.0001
3279744	0.0001
3342816	71.57333333333332
3405888	345.0452244025702
3468960	0.0001
3532032	0.0001
3595104	453.4933890723404
3658176	147.0913200779922
3721248	0.0001
3784320	0.0001
3847392	190.1994376112078
3910464	0.0001
3973536	0.0001
4036608	33.76544429419354
4099680	98.87058373743763
4162752	0.0001
4225824	0.0001
4288896	403.9104544445278
4351968	358.2323031891892
4415040	0.0001
4478112	0.0001
4541184	642.3877569208917
4604256	12.28860776751038
4667328	0.0001
4730400	0.0001
4793472	703.7637276924626
4856544	0.0001
4919616	0.0001
4982688	224.5325216990808
5045760	507.2966916515895
5108832	0.0001
5171904	0.0001
5234976	579.4185779087837
5298048	194.3540746190226
5361120	0.0001
5424192	0.0001
5487264	119.7262847000726
5550336	0.0001
5613408	0.0001
5676480	205.7158697292574
5739552	601.2896754939842
5802624	0.0001
5865696	0.0001
5928768	448.4172944497069
5991840	285.6731135531135
6054912	0.0001
6117984	0.0001
6181056	709.6023409197861
6244128	36.63909657971016
6307200	0.0001
6370272	73.62996464179105
6433344	802.8211285839702
6496416	0.0001
6559488	0.0001
6622560	314.4981606407995
6685632	583.3441245353293
6748704	0.0001
6811776	0.0001
6874848	615.8036404687962
6937920	30.20307692307692
7000992	0.0001
7064064	12.71005969655172
7127136	813.8014523076923
7190208	0.0001
7253280	0.0001
7316352	362.4524026513063
7379424	739.8211253323433
7442496	0.0001
7505568	0.0001
7568640	739.8371521476105
7631712	399.021923568523
7694784	0.0001
7757856	0.2976729835390954
7820928	800.487749851695
7884000	27.06229684601113
7947072	0.0001
8010144	137.1822253127889
8073216	728.6058058844937
8136288	0.0001
8199360	0.0001
8262432	494.4786577414966
8325504	553.380761144517
8388576	0.0001
8451648	0.0001
8514720	743.7808346516008
8577792	214.1608529321133
8640864	0.0001
8703936	43.75211888593107
8767008	855.0900476470588
8830080	0.0001
8893152	0.0001
8956224	523.0668237837838
9019296	760.812218893617
9082368	0.0001
9145440	0.0001
9208512	861.8891765039631
9271584	406.8012144331817
9334656	0.0001
9397728	9.17174325586339
9460800	837.5161474961208
9523872	20.38197128376497
9586944	0.0001
9650016	406.8995528281475
9713088	745.6046596491228
9776160	0.0001
9839232	0.0001
9902304	717.3335084752475
9965376	585.4163479317575
10028448	0.0001
10091520	0.0001
10154592	797.692764242592
10217664	39.26804876304349
10280736	0.0001
10343808	268.6202108186196
10406880	964.2946682976554
10469952	0.0001
10533024	0.0001
10596096	645.6436305232838
10659168	743.7626454685446
10722240	0.0001
10785312	0.0001
10848384	351.7962515061728
10911456	368.5344226160957
10974528	0.0001
11037600	98.24164396654722
11100672	374.7564666102293
11163744	14.05787308960573
11226816	0.0001
11289888	216.4103304506388
11352960	827.634608525058
11416032	0.0001
11479104	0.0001
11542176	884.4687645946016
11605248	537.2500602800811
11668320	0.0001
11731392	29.26991974814815
11794464	909.7024087407408
11857536	130.0827016435124
11920608	0.0001
11983680	283.8230026065191
12046752	951.2655229629629
12109824	0.1986264560759106
12172896	0.0001
12235968	274.6337629263832
12299040	672.689660984694
12362112	0.0001
12425184	0.9885992620027435
12488256	843.7719156507095
12551328	288.6807456549232
12614400	0.0001
12677472	102.1573102811094
12740544	549.6790859649122
12803616	2.057086287671233
12866688	0.0001
12929760	662.3074817698259
12992832	816.5020713904762
13055904	0.0001
13118976	0.09206146666666692
13182048	892.0062720380461
13245120	441.3376298576376
13308192	0.0001
13371264	143.296846008815
13434336	1026.203299307889
13497408	68.33064474771241
13560480	0.0001
13623552	430.298676022307
13686624	652.0289003844581
13749696	0.0001
13812768	0.0001
13875840	477.2266758836611
13938912	605.0145030275214
14001984	0.0001
14065056	17.92196690879473
14128128	903.2799563017833
14191200	119.9268024970845
14254272	0.0001
14317344	387.0485784154087
14380416	486.0834860182529
14443488	0.391686608695652
14506560	0.0001
14569632	515.5267387300304
14632704	723.5852047811634
14695776	0.0001
14758848	0.7257925660856939
14821920	734.2353648148148
14884992	327.9978609481241
14948064	0.0001
15011136	236.4696797618834
15074208	996.4918093810836
15137280	10.58311111111111
15200352	0.0001
15263424	657.844138455967
15326496	839.3435964952381
15389568	0.0001
15452640	0.0001
15515712	935.3643074090909
15578784	490.0006512941177
15641856	0.0001
15704928	105.297859145145
15768000	977.5980729370032
15831072	12.5525867394619
15894144	0.0001
15957216	349.4615185614235
16020288	340.5662676735378
16083360	0.001385874246339362
16146432	0.0001
16209504	579.9351443084577
16272576	600.0596265328739
16335648	0.0001
16398720	8.475620789679255
16461792	879.728228887874
16524864	40.27495991177294
16587936	0.0001
16651008	299.9434403114223
16714080	855.0750283462124
16777152	0.5968434387694145
16840224	0.0001
16903296	617.6744756977513
16966368	739.0143672677596
17029440	0.0001
17092512	0.52532891954023
17155584	917.4580224
17218656	347.7865554788069
17281728	0.0001
17344800	187.2070885116463
17407872	947.4986059942834
17470944	8.765511910112361
17534016	0.0001
17597088	390.1153371953014
17660160	781
17723232	0.0001
17786304	0.0001
17849376	889.6782761992181
17912448	454.7358778181818
17975520	0.0001
18038592	29.04766881553398
18101664	944.5634822405619
18164736	75.3389677037037
18227808	0.0001
18290880	222.1221003131578
18353952	711.6091466986474
18417024	0.0001
18480096	0.0001
18543168	327.4285434587738
18606240	583.0533127572016
18669312	0.0001
18732384	0.0001
18795456	896.4459714643824
18858528	169.1332686046461
18921600	0.0001
18984672	88.11183507702629
19047744	836.6982382883183
19110816	0.0001
19173888	0.0001
19236960	388.2866722032812
19300032	185.0426307871236
19363104	0.0001
19426176	0.0001
19489248	604.9168473177778
19552320	333.3997314814815
19615392	0.0001
19678464	36.07095036653897
19741536	915.8141732620321
19804608	0.7774284318181804
19867680	0.0001
19930752	257.9594455084746
19993824	759.7050137939699
20056896	0.0001
20119968	0.0001
20183040	751.2043209876543
20246112	185.9369487262873
20309184	0.0001
20372256	0.3161887830687835
20435328	928.6438330219451
20498400	56.29395417451349
20561472	0.0001
20624544	174.2740884260841
20687616	868.5710922825275
20750688	0.0001
20813760	0.0001
20876832	556.7115110681318
20939904	566.9641478052341
21002976	0.0001
21066048	0.0001
21129120	844.2202529843894
21192192	185.1037631423218
21255264	0.0001
21318336	72.73745581838737
21381408	831.1653633580247
21444480	0.07685185185185177
21507552	0.0001
21570624	437.837121328753
21633696	539.61256476875
21696768	0.0001
21759840	0.0001
21822912	717.2248395406909
21885984	118.3929809200492
21949056	0.0001
22012128	0.9112680296296298
22075200	863.8908117402491
22138272	0.5396701428571429
22201344	0.0001
22264416	42.78903396763668
22327488	749.4169942593757
22390560	0.0001
22453632	0.0001
22516704	594.5727941356685
22579776	165.0266666666667
22642848	0.0001
22705920	0.0001
22768992	776.8161465353012
22832064	45.48529037466453
22895136	0.0001
22958208	79.88428596895264
23021280	795.614756097561
23084352	0.0001
23147424	0.0001
23210496	169.2821362857143
23273568	550.4895784043531
23336640	0.0001
23399712	0.0001
23462784	669.3624891950424
23525856	164.0375791216303
23588928	0.0001
23652000	5.260672499999998
23715072	790.6125046901196
23778144	0.0001
23841216	0.0001
23904288	260.4254328730964
23967360	628.2668522619424
24030432	0.0001
24093504	0.0001
24156576	459.033009130431
24219648	103.5886403220919
24282720	0.0001
24345792	0.0001
24408864	508.0304905820363
24471936	0.0001
24535008	0.0001
24598080	58.95470568351924
24661152	669.0018691709223
24724224	0.0001
24787296	0.0001
24850368	428.2941402497262
24913440	386.0600768645357
24976512	0.0001
25039584	0.0001
25102656	645.1240617048358
25165728	19.92658912109086
25228800	0.0001
25291872	0.3175189333333348
25354944	598.9994986188532
25418016	0.0001
25481088	0.0001
25544160	244.9108255578093
25607232	444.6325082840729
25670304	0.0001
25733376	0.0001
25796448	370.44269552376
25859520	113.38467003367
25922592	0.0001
25985664	0.0001
26048736	98.30717322101809
26111808	0.0001
26174880	0.0001
26237952	87.44926917521367
26301024	219.8410673673059
26364096	0.0001
26427168	0.0001
26490240	404.8272780933107
26553312	219.668547645543
26616384	0.0001
26679456	0.0001
26742528	547.8359182795574
26805600	0.0001
26868672	0.0001
26931744	2.534793049382714
26994816	513.1837571213991
27057888	0.0001
27120960	0.0001
27184032	240.9777129539295
27247104	269.6986850720509
27310176	0.0001
27373248	0.0001
27436320	349.6170108024691
27499392	11.42240505653022
27562464	0.0001
27625536	0.0001
27688608	548.6434288595608
27751680	0.0001
27814752	0.0001
27877824	103.6588432769231
27940896	366.589009099259
28003968	0.0001
28067040	0.0001
28130112	374.1921504080352
28193184	62.80593697152935
28256256	0.0001
28319328	0.0001
28382400	496.7154209220472
28445472	0.0001
28508544	0.0001
28571616	7.014606400759739
28634688	409.0235882148623
28697760	0.0001
28760832	0.0001
28823904	259.113166
28886976	61.98831782927621
28950048	0.0001
29013120	0.0001
29076192	442.2204236168608
29139264	0.0001
29202336	0.0001
29265408	0.0001
29328480	249.8470175438596
29391552	0.0001
29454624	0.0001
29517696	159.6225689539623
29580768	245.8428695859649
29643840	0.0001
29706912	0.0001
29769984	385.0611286055248
29833056	0.0001
29896128	0.0001
29959200	0.0001
30022272	476.6068276043956
30085344	0.0001
30148416	0.0001
30211488	63.36620424640667
30274560	331.0269054580897
30337632	0.0001
30400704	0.0001
30463776	326.3324347647908
30526848	39.59270075704698
30589920	0.0001
30652992	0.0001
30716064	364.4288702762637
30779136	0.0001
30842208	0.0001
30905280	0.0001
30968352	371.9050713503994
31031424	0.0001
31094496	0.0001
31157568	255.196236271777
31220640	145.6982416750335
31283712	0.0001
31346784	0.0001
31409856	432.4664344166839
31472928	0.0001
31536000	0.0001
