0	-1.279521853570697
63072	-0.1517848827269093
126144	0.4478485084160768
189216	-0.5481612486095448
252288	-1.040210250504444
315360	0.1816563371913706
378432	0.2625860963872624
441504	-0.9323053349159016
504576	-0.6571563784016972
567648	0.4182424204466766
630720	-0.04197185224776745
693792	-1.236535058573891
756864	-0.2682866642449335
819936	0.4880685193787888
883008	-0.4062939611789871
946080	-1.140858620809338
1009152	0.08915411729462441
1072224	0.3612847965431913
1135296	-0.7900674320259076
1198368	-0.7798930859389777
1261440	0.3719551474693563
1324512	0.08933457085494156
1387584	-1.135797362398097
1450656	-0.3866537741343039
1513728	0.5120096618127863
1576800	-0.2597455604947598
1639872	-1.203508185714877
1702944	-0.01071792335230559
1766016	0.4526204910216742
1829088	-0.6393856245918106
1892160	-0.8957972003862174
1955232	0.3105267880068552
2018304	0.2211678098852874
2081376	-1.003666773361017
2144448	-0.5061379533345809
2207520	0.5163247697916575
2270592	-0.1087464551220381
2333664	-1.202488482304518
2396736	-0.1175214407013219
2459808	0.5322721598726348
2522880	-0.4814363537094253
2585952	-0.9972788138378545
2649024	0.2342877177951888
2712096	0.3515476528512949
2775168	-0.8536512310030786
2838240	-0.6246808916588455
2901312	0.4982028788122608
2964384	0.04601083943579498
3027456	-1.132185641458665
3090528	-0.2302109299675308
3153600	0.5942841706488865
3216672	-0.3170454526772584
3279744	-1.069931230496038
3342816	0.1442476227950833
3405888	0.4769792968235242
3468960	-0.6916596536958783
3532032	-0.7380505057284439
3595104	0.4563154736574946
3658176	0.2031317366633985
3721248	-1.013056049146938
3784320	-0.3467538712713445
3847392	0.6317803112780839
3910464	-0.1471694304140752
3973536	-1.09342078880708
4036608	0.0422728690558245
4099680	0.5919461375613865
4162752	-0.5207272080620151
4225824	-0.8386399971108656
4288896	0.3913909676721483
4351968	0.3602593530766998
4415040	-0.8653126798834108
4478112	-0.4637231247931655
4541184	0.6387260654643818
4604256	0.02687832208063767
4667328	-1.054370148216948
4730400	-0.06882559731291438
4793472	0.6884859460832412
4856544	-0.3429361834371765
4919616	-0.9143326342537343
4982688	0.306167982970774
5045760	0.5136939400754732
5108832	-0.7004628660854828
5171904	-0.5758098854818519
5234976	0.6122677577018256
5298048	0.203288529734089
5361120	-0.9596514517280901
5424192	-0.1852402880269481
5487264	0.7565093053051886
5550336	-0.1601405961855278
5613408	-0.9496293307657995
5676480	0.20488757632636
5739552	0.6577711454733423
5802624	-0.5247963217952063
5865696	-0.6752986333360553
5928768	0.554099325236461
5991840	0.3796051415573429
6054912	-0.8269869910150049
6117984	-0.3020984857696143
6181056	0.786119714199724
6244128	0.02575449549809417
6307200	-0.9325795900011027
6370272	0.09269013099431134
6433344	0.783942839203166
6496416	-0.3422765045798708
6559488	-0.751914513577236
6622560	0.4697579676218813
6685632	0.5524588553419141
6748704	-0.6713263655927677
6811776	-0.4133679141441049
6874848	0.7721834356401985
6937920	0.212675715443954
7000992	-0.86363268828068
7064064	-0.02482870067049125
7127136	0.8800381260019789
7190208	-0.1558545710664916
7253280	-0.7941896661536996
7316352	0.3666463169541367
7379424	0.7170179381732315
7442496	-0.5023093167056043
7505568	-0.5118317559913588
7568640	0.7176812802060583
7631712	0.3982992009600621
7694784	-0.7543810996752462
7757856	-0.1418566982421359
7820928	0.9318592189678305
7884000	0.03199174845098196
7947072	-0.7935081661439267
8010144	0.2523023558669639
8073216	0.8658744226124522
8136288	-0.326048592888907
8199360	-0.589416224225392
8262432	0.63194416118755
8325504	0.5799080457404996
8388576	-0.6186638607587511
8451648	-0.2524836720394878
8514720	0.9301392749360705
8577792	0.2190403224287214
8640864	-0.748868400903985
8703936	0.1335288261555012
8767008	0.9871571197172355
8830080	-0.146682084122409
8893152	-0.6383303258669173
8956224	0.5259664332337053
9019296	0.7540464219284104
9082368	-0.4673687475640453
9145440	-0.3508365617306735
9208512	0.8784085099893217
9271584	0.4032243836534386
9334656	-0.667257182957262
9397728	0.01615532319353474
9460800	1.063382721956778
9523872	0.03279502819156455
9586944	-0.653193102061941
9650016	0.4092226438835123
9713088	0.9156615367321903
9776160	-0.3079504007806484
9839232	-0.4313808801440082
9902304	0.7904992637616234
9965376	0.5825396033602169
10028448	-0.5591895813183227
10091520	-0.09493844873820811
10154592	1.07795168741325
10217664	0.2101272538395449
10280736	-0.6331609646142571
10343808	0.2888151562574639
10406880	1.056053952417163
10469952	-0.1453517102909412
10533024	-0.4894965303265302
10596096	0.6812271052037971
10659168	0.754850951498072
10722240	-0.4344114962574057
10785312	-0.1957587311048241
10848384	1.031238317106334
10911456	0.3835947604103402
10974528	-0.5822140844387089
11037600	0.1697317710624415
11100672	1.1589348199527
11163744	0.01716924633685935
11226816	-0.5222633562236867
11289888	0.5614107193839615
11352960	0.9173950398865238
11416032	-0.3002519166901294
11479104	-0.2831701684732062
11542176	0.9416536289535015
11605248	0.5518727971170516
11668320	-0.5071809884144778
11731392	0.05533001475822386
11794464	1.199670967440637
11857536	0.1775136935602692
11920608	-0.5291000988812389
11983680	0.4377362341432187
12046752	1.065443054937417
12109824	-0.1616631473441743
12172896	-0.3548983558397898
12235968	0.8285763910201829
12299040	0.7138516327188019
12362112	-0.4151857358291906
12425184	-0.05222771322948327
12488256	1.166084343325808
12551328	0.3344145715084734
12614400	-0.5117722577318609
12677472	0.3139707528452296
12740544	1.188705823112532
12803616	-0.02173629628225227
12866688	-0.409512717081234
12929760	0.7041032859433141
12992832	0.8682748157478098
13055904	-0.3120600545444365
13118976	-0.1515974397051221
13182048	1.077812468080138
13245120	0.4871873736244423
13308192	-0.4736262464941214
13371264	0.1920380137988438
13434336	1.264122412781178
13497408	0.1177942460404704
13560480	-0.4463302832940275
13623552	0.5743625892302299
13686624	1.012873745156512
13749696	-0.2018753708667704
13812768	-0.2418855877807868
13875840	0.9608879369284398
13938912	0.6354555550161696
14001984	-0.4184586221625377
14065056	0.07278949893139441
14128128	1.261132190015617
14191200	0.2561333743718259
14254272	-0.4652137991389176
14317344	0.4420827519295536
14380416	1.142105247253391
14443488	-0.0871033507048089
14506560	-0.3222573254449423
14569632	0.8299336457101445
14632704	0.7787287499068336
14695776	-0.3495921281358381
14758848	-0.04340827945137726
14821920	1.184244221272948
14884992	0.3930468815902377
14948064	-0.4663055872196273
15011136	0.3082639083995056
15074208	1.241354104368744
15137280	0.03099064363361959
15200352	-0.3915338306552421
15263424	0.6911736496859358
15326496	0.9156122925644907
15389568	-0.2694418773149587
15452640	-0.1561652772093487
15515712	1.066441883721145
15578784	0.5284504146334836
15641856	-0.4497990933327047
15704928	0.1731633299747846
15768000	1.279651225594158
15831072	0.1518933255566484
15894144	-0.4478486506627983
15957216	0.5469628503166848
16020288	1.042125587636445
16083360	-0.1795286774403939
16146432	-0.2645845130628464
16209504	0.9286744475473633
16272576	0.6618773069646349
16335648	-0.4158517517711773
16398720	0.036932513200437
16461792	1.23378507213722
16524864	0.2753735757475761
16587936	-0.4884941191676808
16651008	0.3981123150408459
16714080	1.147981705098664
16777152	-0.08076715564944914
16840224	-0.3667900780440823
16903296	0.7793291846485939
16966368	0.7916749036711421
17029440	-0.364676371075435
17092512	-0.09990817768563387
17155584	1.1260080743997
17218656	0.4009895388076274
17281728	-0.5101237049958076
17344800	0.2449935443601408
17407872	1.210713753746318
17470944	0.02612812618060434
17534016	-0.4594966821314967
17597088	0.6216429533138551
17660160	0.9136228326461354
17723232	-0.2967599265585887
17786304	-0.236058545485188
17849376	0.9861444436697187
17912448	0.5275312115922959
17975520	-0.509413517067991
18038592	0.08811482126396264
18101664	1.201598852874527
18164736	0.1402158293124258
18227808	-0.5377405490784746
18290880	0.4571131322822541
18353952	1.018482799213701
18417024	-0.2131100734267988
18480096	-0.3690227452058259
18543168	0.8287643933191133
18606240	0.6523059472119379
18669312	-0.4840543350625888
18732384	-0.07152709399709201
18795456	1.119158623267895
18858528	0.2599174636435524
18921600	-0.5950643455504334
18984672	0.2868133068942498
19047744	1.088893982929917
19110816	-0.1154466618633407
19173888	-0.4946381171607497
19236960	0.6600846054039514
19300032	0.7701085550605523
19363104	-0.4336445083537996
19426176	-0.2321712468599531
19489248	0.9890973460733175
19552320	0.3826078382216667
19615392	-0.6246041465836596
19678464	0.1119328407245663
19741536	1.101984664364334
19804608	-0.006313736642085122
19867680	-0.606574465375247
19930752	0.4833089413955245
19993824	0.8717764201595352
20056896	-0.3600160002126536
20119968	-0.3909866381369074
20183040	0.8326357911220686
20246112	0.5041508381135011
20309184	-0.6212290090323287
20372256	-0.06597116163627192
20435328	1.047334372650178
20498400	0.1108579871452609
20561472	-0.6961026901960636
20624544	0.300666578373135
20687616	0.9430510337767923
20750688	-0.2669030809849873
20813760	-0.5436278555099738
20876832	0.6609677056043799
20939904	0.618328865220904
21002976	-0.5837919611722984
21066048	-0.2448125496278664
21129120	0.9380631556549728
21192192	0.2316859372950739
21255264	-0.753015419817515
21318336	0.1141540081425931
21381408	0.9670653156440423
21444480	-0.1592827905600278
21507552	-0.6835503314215456
21570624	0.4801101374793662
21633696	0.7162717540684342
21696768	-0.5157893779639564
21759840	-0.4217904801547687
21822912	0.7944877068509746
21885984	0.350731455936194
21949056	-0.7688361920045472
22012128	-0.07418360066431884
22075200	0.9340468104041695
22138272	-0.04277556601061105
22201344	-0.8011644274132075
22264416	0.2938975826050403
22327488	0.7865434472689322
22390560	-0.4239584136765753
22453632	-0.5930593072084505
22516704	0.631312209184307
22579776	0.4613814429081224
22642848	-0.7413888581779342
22705920	-0.2621302469127273
22768992	0.8494592528531971
22832064	0.07672205384711406
22895136	-0.8837430692663966
22958208	0.1052291139033819
23021280	0.8174293418160997
23084352	-0.3161715066667041
23147424	-0.7530712677164368
23210496	0.4574709698114718
23273568	0.5558781024001667
23336640	-0.6764456645694557
23399712	-0.4472011683933723
23462784	0.7281918017055486
23525856	0.1932075053653817
23588928	-0.9186630151749622
23652000	-0.08344070943106319
23715072	0.8021747885620265
23778144	-0.1999685386827987
23841216	-0.893349296991536
23904288	0.2785563642416011
23967360	0.6258854251648528
24030432	-0.5844640929295397
24093504	-0.6264624755052655
24156576	0.5845665952645913
24219648	0.3006738961336357
24282720	-0.9011695014622916
24345792	-0.2699069797654801
24408864	0.7432441384118257
24471936	-0.08195121511847181
24535008	-1.000857581470044
24598080	0.09836870956343424
24661152	0.6640825006435023
24724224	-0.476169627513908
24787296	-0.7961033734815688
24850368	0.4288179913891705
24913440	0.3932992155058566
24976512	-0.8390059835431738
25039584	-0.4521200525720332
25102656	0.6503687764756361
25165728	0.03232697412629393
25228800	-1.058723686295106
25291872	-0.08032980962083247
25354944	0.666625806482501
25418016	-0.3602807361320424
25481088	-0.9504180177572059
25544160	0.2676646841299677
25607232	0.4658701519863053
25670304	-0.7467400525847028
25733376	-0.6280837973350777
25796448	0.5349407567485922
25859520	0.1383166561515377
25922592	-1.05575803940739
25985664	-0.2554650144470807
26048736	0.6348785037981828
26111808	-0.2431527803986133
26174880	-1.079568775077958
26237952	0.1054796118417627
26301024	0.5144915595292328
26364096	-0.637740908869159
26427168	-0.7956337961673956
26490240	0.4063801282482224
26553312	0.2324385874101309
26616384	-0.9988345682057513
26679456	-0.4254741212221536
26742528	0.5746650097607363
26805600	-0.1291425583328765
26868672	-1.166301810946646
26931744	-0.05489765217145903
26994816	0.5373824413212684
27057888	-0.5212365690215255
27120960	-0.951873968157178
27184032	0.2713418996031376
27247104	0.3120947949446444
27310176	-0.9068620175321866
27373248	-0.5891768693711801
27436320	0.4936382709188583
27499392	-0.02106011035930799
27562464	-1.189362220041076
27625536	-0.2116867612236026
27688608	0.5352829204660972
27751680	-0.4027747864491007
27814752	-1.091707533773068
27877824	0.1341436637290565
27940896	0.3756858339377287
28003968	-0.7963287508661714
28067040	-0.7455984876542416
28130112	0.398875434659332
28193184	0.07944473960996912
28256256	-1.145467760445719
28319328	-0.3638784160274735
28382400	0.511070311288913
28445472	-0.2853547139723107
28508544	-1.20415076217749
28571616	-0.002631625768541035
28634688	0.4225597028467036
28697760	-0.6769952988267645
28760832	-0.8936083672112125
28823904	0.2957487713517559
28886976	0.1715378209137977
28950048	-1.056214889198318
29013120	-0.5110116350958189
29076192	0.4687093667324831
29139264	-0.1703450844117356
29202336	-1.266527149649255
29265408	-0.1376459779589372
29328480	0.452827523581153
29391552	-0.5536827614665385
29454624	-1.031067889602836
29517696	0.187784467333695
29580768	0.2548476478414916
29643840	-0.9434067352128044
29706912	-0.6529211072212364
29769984	0.4121047774687521
29833056	-0.05815117720955976
29896128	-1.254509190543304
29959200	-0.2704242563056813
30022272	0.4670424627739858
30085344	-0.4283947820089129
30148416	-1.152673731349299
30211488	0.07695708879908247
30274560	0.3290781204390847
30337632	-0.818673264949592
30400704	-0.7893465366811578
30463776	0.3443396238715004
30526848	0.05125903935708576
30589920	-1.177648419038893
30652992	-0.4010113942746489
30716064	0.4658239662016712
30779136	-0.3016756151270858
30842208	-1.244764912466061
30905280	-0.03589378398152787
30968352	0.3936021718477627
31031424	-0.6869026465027823
31094496	-0.9192138593474564
31157568	0.2674185442905019
31220640	0.1578881927671589
31283712	-1.064962051640227
31346784	-0.5295988546232708
31409856	0.4495615958368573
31472928	-0.1734408021148011
31536000	-1.279767636939126
