0	273.15
63072	279.3223018105263
126144	260.35539055
189216	253.454
252288	252.55
315360	259.5356104575163
378432	271.593
441504	271.5664639457385
504576	275.393094187615
567648	280.54058715
630720	269.8133
693792	268.3551637058866
756864	276.7856660824916
819936	286.6760586991691
883008	275.3857233699346
946080	272.6919299022131
1009152	284.4011023709091
1072224	279.382
1135296	273.6193586294117
1198368	267.9087875043478
1261440	269.1296875
1324512	265.306
1387584	273.1166685483213
1450656	272.1570992592592
1513728	287.2846336323232
1576800	272.05
1639872	269.8389437090082
1702944	261.529851292181
1766016	259.9631961518518
1829088	265.8213292000661
1892160	269.4109688464506
1955232	283.2151050689131
2018304	276.5297842285714
2081376	275.953608048867
2144448	277.0055264
2207520	273.75
2270592	267.5647736187586
2333664	271.5348880761904
2396736	280.6087434666666
2459808	272.6547600716412
2522880	264.4489583333333
2585952	269.1992947925926
2649024	269.252687412037
2712096	269.8373333333333
2775168	267.951
2838240	273.8858059829059
2901312	280.6158294453333
2964384	267.4723333333333
3027456	263.164244132871
3090528	257.2553333333333
3153600	272.0042188552188
3216672	270.0793333333333
3279744	275.6479154390123
3342816	264.7886666666666
3405888	274.7989451952566
3468960	272.8356678614098
3532032	276.0746666666666
3595104	282.902779333882
3658176	273.547520908642
3721248	279.2741816592592
3784320	281.9199066578483
3847392	277.9173333333333
3910464	264.946
3973536	265.3905385869732
4036608	270.9143517481481
4099680	269.12
4162752	263.4238318156378
4225824	266.563
4288896	278.8065256142232
4351968	274.9438443343137
4415040	270.2526746794871
4478112	267.9220425746352
4541184	270.3652946981481
4604256	267.442
4667328	271.992
4730400	286.0316666666666
4793472	278.74326813
4856544	268.1623229090909
4919616	272.958
4982688	284.32025664
5045760	281.1096142857143
5108832	268.4342978461538
5171904	265.300676
5234976	269.22672704
5298048	268.98472
5361120	272.3374675007565
5424192	279.462
5487264	271.1933333333333
5550336	265.5334836932099
5613408	260.9016666666666
5676480	270.1566666666666
5739552	274.4186666666666
5802624	268.042
5865696	274.8011758539139
5928768	284.2317923379972
5991840	275.7565590277778
6054912	274.7997338083628
6117984	281.4090289
6181056	289.85
6244128	271.686
6307200	274.6799999999999
6370272	279.40513975
6433344	278.6326203496296
6496416	274.266
6559488	269.9766666666666
6622560	275.1028355555555
6685632	275.1569746087301
6748704	272.9358961925926
6811776	281.3546666666666
6874848	285.8823333333333
6937920	270.67865
7000992	269.864
7064064	277.8476656
7127136	280.592
7190208	272.3146627
7253280	280.9261621103117
7316352	300.0822962482638
7379424	290.7927676235238
7442496	277.0150012232275
7505568	275.4403249418803
7568640	287.7047325102881
7631712	286.6558286617284
7694784	280.95
7757856	282.3230773045434
7820928	285.8938036057692
7884000	280.2325671296296
7947072	273.9194161
8010144	274.86082981
8073216	276.2250497227513
8136288	270.8577899514403
8199360	277.2686895767196
8262432	290.0373333333333
8325504	281.9769632493827
8388576	272.0444972039023
8451648	286.5223333333333
8514720	293.107724609375
8577792	282.9945765508888
8640864	276.2298565430555
8703936	280.2060633078704
8767008	286.4608197647059
8830080	274.2134666666666
8893152	274.08769344
8956224	278.486
9019296	278.8623392
9082368	274.2493421717713
9145440	282.835011574074
9208512	291.4175684460724
9271584	280.5286666666667
9334656	286.671
9397728	290.3996630344827
9460800	284.2900729166666
9523872	277.7121808065843
9586944	278.94324336
9650016	292.3477718293553
9713088	288.6868220469136
9776160	281.1
9839232	290.7506666666666
9902304	298.8351046875
9965376	290.37112075
10028448	283.953
10091520	292.5015625
10154592	289.151
10217664	277.242705
10280736	278.75
10343808	290.35
10406880	282.1987851851852
10469952	272.134
10533024	280.8713333333333
10596096	293.0646666666667
10659168	285.222
10722240	283.9971822222222
10785312	284.9600264296296
10848384	282.0533059160493
10911456	277.6927399389016
10974528	282.058
11037600	293.1215929824561
11100672	285.4126666666667
11163744	281.6830319012345
11226816	280.8480817777777
11289888	285.5054665989418
11352960	284.4833333333333
11416032	277.5657334650206
11479104	284.6313333333333
11542176	295.1635725375661
11605248	287.6386235496296
11668320	285.5363873015873
11731392	295.2683590716049
11794464	299.1793019428571
11857536	284.7497785450292
11920608	290.1653422222222
11983680	293.3766666666667
12046752	292.3864010163861
12109824	287.39
12172896	286.693566348642
12235968	288.7776710716049
12299040	287.1007692307692
12362112	282.0793333333333
12425184	295.042784108642
12488256	300.7287196328816
12551328	283.7778447816092
12614400	286.3552589423784
12677472	287.26054864
12740544	289.0309999999999
12803616	282.5654866916666
12866688	285.433
12929760	295.09724375
12992832	292.492
13055904	281.6281776842105
13118976	286.84784
13182048	298.0144209014285
13245120	287.4004206730769
13308192	287.1523299486741
13371264	294.7486666666666
13434336	295.1226666666666
13497408	285.1881821986705
13560480	291.3166666666667
13623552	298.0906666666667
13686624	289.8098438974359
13749696	282.8959926809524
13812768	280.9913333333333
13875840	282.204118441358
13938912	282.3785499125266
14001984	283.2097083109935
14065056	292.05
14128128	300.861010140305
14191200	294.85
14254272	288.2227296
14317344	301.064848
14380416	293.766
14443488	283.15
14506560	285.644
14569632	296.4221012705882
14632704	291.285
14695776	283.0649027345679
14758848	291.7746618550069
14821920	293.3516666666666
14884992	285.5297058246365
14948064	288.7643843067925
15011136	295.1878970119658
15074208	300.6706666666666
15137280	287.3533333333333
15200352	290.1695173135802
15263424	300.35
15326496	297.0983803439955
15389568	290.8049999999999
15452640	294.865425
15515712	306.2809999999999
15578784	295.140273
15641856	293.1311368
15704928	306.170058675862
15768000	306.447981617647
15831072	289.5753080453921
15894144	285.95
15957216	293.379586252588
16020288	288.1538589629629
16083360	286.1825333333333
16146432	290.8913333333333
16209504	296.3871255549661
16272576	292.8324382060606
16335648	290.0527540018248
16398720	303.0216666666666
16461792	307.0336069550926
16524864	292.5929762749241
16587936	293.5048811537808
16651008	297.4782949757575
16714080	296.1383333333333
16777152	288.15
16840224	293.1964874514403
16903296	302.3672561395884
16966368	298.5851392936978
17029440	288.4869560975609
17092512	296.5894463970588
17155584	300.0204488
17218656	291.119812
17281728	292.930246
17344800	305.03788
17407872	304.534259
17470944	291.45
17534016	296.7877350588235
17597088	305.3850637377049
17660160	299.6401960784314
17723232	289.2448149090909
17786304	298.102999220616
17849376	307.0905636
17912448	297.569824
17975520	295.229
18038592	297.9526018222222
18101664	302.5657724
18164736	287.754
18227808	297.4194742857143
18290880	302.7129615384615
18353952	299.2155324
18417024	291.6057508926315
18480096	293.7712945333333
18543168	299.25
18606240	295.2616666666667
18669312	287.7623333333333
18732384	299.2670137694444
18795456	303.5878298141512
18858528	289.6863333333333
18921600	289.6666666666666
18984672	291.9417025021605
19047744	294.2363900833333
19110816	286.2439140590278
19173888	294.0532782705761
19236960	299.1633333333333
19300032	290.7683000493827
19363104	285.35
19426176	297.3972749563786
19489248	304.7764857876543
19552320	291.5028296296296
19615392	293.8006666666666
19678464	303.634
19741536	305.1167035945946
19804608	286.774800462963
19867680	293.9359375
19930752	295.502
19993824	295.235
20056896	286.109
20119968	290.371
20183040	297.543961882716
20246112	287.4951517666667
20309184	286.8461746
20372256	295.1327252788406
20435328	302.2306666666667
20498400	289.41
20561472	296.1626874084656
20624544	303.0893333333333
20687616	299.7626666666666
20750688	289.162
20813760	297.9892
20876832	305.9493227034483
20939904	293.03182016
21002976	292.3554204128218
21066048	300.0912919666666
21129120	304.1199772805213
21192192	281.7424058222222
21255264	287.0998060752246
21318336	301.3443971555556
21381408	299.5439476963885
21444480	286.5501052188552
21507552	293.1572674190423
21570624	303.1280185705882
21633696	295.154102864532
21696768	287.6369811568181
21759840	297.16
21822912	293.7402645960784
21885984	284.85
21949056	285.3341808592592
22012128	294.0205036190476
22075200	299.9848952974966
22138272	283.953016366941
22201344	287.6793489166666
22264416	287.9416793238325
22327488	289.1259601283422
22390560	282.0630909090909
22453632	290.708
22516704	301.790178417524
22579776	282.05
22642848	278.080135145098
22705920	290.3503892676767
22768992	291.2886666666666
22832064	280.6810056675556
22895136	284.4027775970121
22958208	293.15
23021280	288.037075
23084352	282.567
23147424	293.7678449185292
23210496	282.9993923636363
23273568	278.8526666666667
23336640	280.6526244735491
23399712	292.3759791298701
23462784	297.0800398864197
23525856	283.1572469156378
23588928	277.8723961341385
23652000	276.45
23715072	287.0021131981482
23778144	275.570805544385
23841216	281.1205539226891
23904288	296.45
23967360	289.1387999999999
24030432	282.0789435826086
24093504	287.6303203878788
24156576	294.5344220628571
24219648	277.05
24282720	276.7182291666666
24345792	282.0925751850845
24408864	285.6778827703703
24471936	278.7579804258659
24535008	280.906838744
24598080	290.9705236842105
24661152	287.2619948164428
24724224	277.4988756125
24787296	281.1625638171428
24850368	297.6514987257142
24913440	283.201875
24976512	281.2874585091666
25039584	287.7433218717647
25102656	286.926725373262
25165728	272.5426139259259
25228800	279.8489671957672
25291872	293.7556206777618
25354944	292.678094597809
25418016	289.5057047391813
25481088	278.3774858666666
25544160	289.7953129013714
25607232	280.2251436444444
25670304	271.101420458498
25733376	277.8990939259259
25796448	294.2279810962963
25859520	279.0954406807804
25922592	279.844753747076
25985664	277.8012528186008
26048736	270.9743675589226
26111808	269.25
26174880	273.1928592995169
26237952	286.0895777178938
26301024	275.2960342123457
26364096	267.8283333333333
26427168	274.1356666666666
26490240	274.6540857843137
26553312	269.0567458992592
26616384	269.0776666666666
26679456	282.091513176843
26742528	291.6026666666667
26805600	273.8030258333333
26868672	279.8360502148148
26931744	281.1404815823045
26994816	282.9862363664386
27057888	274.638869362854
27120960	276.0710449233716
27184032	282.6401289218107
27247104	276.2564252839506
27310176	273.75
27373248	273.3876362666666
27436320	273.2016148148148
27499392	268.243169145679
27562464	275.1123317333333
27625536	284.2437449481481
27688608	280.1479969185185
27751680	270.8326
27814752	274.25
27877824	278.314
27940896	274.929
28003968	277.60277259
28067040	280.9195699074074
28130112	271.196
28193184	263.2530682689113
28256256	269.308
28319328	286.0976957629629
28382400	293.4876064471879
28445472	277.6971150679012
28508544	272.57154348
28571616	277.1637182604321
28634688	275.1368203767494
28697760	284.2251111111111
28760832	277.0763694222222
28823904	283.9099232
28886976	269.186
28950048	270.1637630924676
29013120	269.7666666666667
29076192	272.4060717276353
29139264	267.3278184
29202336	269.3320350123457
29265408	277.8343307789473
29328480	274.1969109629629
29391552	270.798
29454624	258.0458316
29517696	263.47179865
29580768	267.6057272380952
29643840	272.372874074074
29706912	269.6996735604938
29769984	276.5623333333333
29833056	263.842
29896128	266.5995456152497
29959200	271.9676
30022272	269.4908352
30085344	265.087
30148416	267.0353333333333
30211488	273.6382706842222
30274560	273.0666017901235
30337632	272.6026206419753
30400704	276.2726666666666
30463776	282.7009083127572
30526848	275.53470216875
30589920	271.425
30652992	277.303
30716064	285.096
30779136	275.1039947662222
30842208	275.6034969826291
30905280	279.4516666666667
30968352	281.1621335744027
31031424	277.365872
31094496	275.399632
31157568	281.342
31220640	265.1057498756219
31283712	269.8921885152778
31346784	272.2410223522634
31409856	275.6916315429759
31472928	267.3966666666666
31536000	272.4601111111111
