0	1
0.001	1
0.003	1
0.004515236409856095	0.9999
0.009030247052248818	0.9997000100002501
0.009030247052248905	0.9996000200002501
0.01354458036966684	0.9991001500005003
0.01354458036966684	0.9991001500005003
0.01754458036966684	0.9985686606667946
0.01805778480456217	0.9984005599810052
0.02256940884449485	0.9975014998525312
0.02256940884449485	0.9975014998525312
0.02656940884449485	0.9966158762494732
0.02707900106722898	0.996403299374391
0.03158611018582245	0.995206008370466
0.03158611018582667	0.9951063680405275
0.03609028509374503	0.9936111949336842
0.03609028509374503	0.9936111949336842
0.04009028509374503	0.9921950121466057
0.04059107490988712	0.9919183485477211
0.0450880290235811	0.9900284765781596
0.0450880290235811	0.9900284765781596
0.0490880290235811	0.9882592223192743
0.04958069713959699	0.9879423056809969
0.05406862932313301	0.9856606411998906
0.05406862932313301	0.9856606411998906
0.058068629323133	0.9835389881852509
0.05855137604461834	0.9831843668618941
0.06302848822472092	0.9805144444416783
0.06749951727898949	0.9776519133946395
0.06749951727898949	0.9776519133946395
0.0714995172789895	0.975003232336612
0.07196401516269528	0.9745978904587561
0.07642153441549379	0.9713535692255346
0.07642153441549379	0.9713535692255346
0.0804215344154938	0.9683547882150706
0.08087162820601519	0.9679202196801623
0.08531385037650981	0.964299187710945
0.08531385037650981	0.964299187710945
0.08931385037650981	0.9609514722221708
0.08974775548716525	0.9604918945884998
0.09417289886056944	0.9564998364145614
0.09417289886056944	0.9564998364145614
0.09817289886056944	0.9528044918632727
0.09858883662608683	0.9523245835407612
0.1029951257639186	0.9479677799578252
0.1029951257639186	0.9479677799578252
0.1069951257639186	0.943926251222849
0.1073913241492934	0.9434311426550425
0.1117769905965813	0.938716460950403
0.1117769905965813	0.938716460950403
0.1157769905965813	0.9343303318393931
0.11615168490298	0.9338255957920418
0.1205149678924396	0.9287604790305977
0.1205149678924396	0.9287604790305977
0.1245149678924396	0.9240314716904984
0.124866401459496	0.9235231126630534
0.1292055486125163	0.9181155680489547
0.1335319735174336	0.9125399850980833
0.1335319735174336	0.9125399850980833
0.1375319735174337	0.9073001904572592
0.1378452415408664	0.9067985714311683
0.1421449192933437	0.9008936015131283
0.1421449192933437	0.9008936015131283
0.1461449192933437	0.8953158348800574
0.1464305746724665	0.8948274157593491
0.1507017769056563	0.8886024196158243
0.1507017769056563	0.8886024196158243
0.1547017769056563	0.8826888818900464
0.1549580965929502	0.8822210826129168
0.159199105749641	0.87568593739336
0.159199105749641	0.87568593739336
0.163199105749641	0.869438964483744
0.1634243778485663	0.8689995787151851
0.1676334878624746	0.8621646624293329
0.1676334878624746	0.8621646624293329
0.1716334878624746	0.8555867243656093
0.1718260123062209	0.8551839044326874
0.1760015292785962	0.8480600795972715
0.1760015292785962	0.8480600795972715
0.1800015292785962	0.8411537795883793
0.1801596185039335	0.8407960206758314
0.1842998613740015	0.8333946171833502
0.1842998613740015	0.8333946171833502
0.1882998613740015	0.8261626906230344
0.1884218409890466	0.8258588142568505
0.1925251421991142	0.818191611492035
0.1925251421991142	0.818191611492035
0.1965251421991142	0.8106369249121418
0.196609351645119	0.8103960617580843
0.2006740577994781	0.8024752699914548
0.2006740577994781	0.8024752699914548
0.2046740577994781	0.7946008199634033
0.2047188510067195	0.7944323919683993
0.2087433235238744	0.7862706330570296
0.2087433235238744	0.7862706330570296
0.2127433235238744	0.7780795450419528
0.2127470695603731	0.77799324694998
0.2167296853184433	0.7696035343761666
0.2167296853184433	0.7696035343761666
0.2206907690321834	0.7611048417958317
0.2246299210073523	0.7525005600752651
0.2246299210073523	0.7525005600752651
0.2285467436604602	0.743794123144585
0.2324408415577008	0.7349890066380194
0.2324408415577008	0.7349890066380194
0.2363118214535397	0.7260887265176202
0.2401592923293919	0.7170968376799735
0.2401592923293919	0.7170968376799735
0.24398286543159	0.7080169325482444
0.2477821543090833	0.6988526396491749
0.2477821543090833	0.6988526396491749
0.2515567748512913	0.6896076221745668
0.2553063453253159	0.6802855765296661
0.2590304864129659	0.6708902308679827
0.2590304864129659	0.6708902308679827
0.2627288212474452	0.6614253436134716
0.2664009754498526	0.6518947019702939
0.2664009754498526	0.6518947019702939
0.270046577164932	0.6423021204221786
0.2736652570973385	0.6326514392187429
0.2736652570973385	0.6326514392187429
0.2772566485467398	0.6229465228536691
0.2808203874429988	0.6131912585321673
0.2808203874429988	0.6131912585321673
0.284356112380926	0.6033895546296307
0.2878634646546793	0.5935453391419088
0.2878634646546793	0.5935453391419088
0.2913420882918007	0.5836625581278384
0.2947916300868823	0.5737451741446801
0.2947916300868823	0.5737451741446801
0.2982117396349284	0.5637971646768848
0.3016020693639405	0.5538225205601905
0.3016020693639405	0.5538225205601905
0.3049622745679542	0.543825244398128
0.3082920134385811	0.5338093489771947
0.3082920134385811	0.5338093489771947
0.31159094709698	0.5237788556757681
0.3148587396250068	0.5137377928710152
0.3148587396250068	0.5137377928710152
0.3180950580959967	0.5036901943431301
0.3212995726050876	0.4936400976778068
0.3212995726050876	0.4936400976778068
0.3244719562990709	0.4835915426676303
0.3276118854057556	0.473548569713078
0.3276118854057556	0.473548569713078
0.3307190392627606	0.4635152182240496
0.3337931003461402	0.4534955250212684
0.3337931003461402	0.4534955250212684
0.3368337542977004	0.4434935227418746
0.3398406899527447	0.4335132382442665
0.3398406899527447	0.4335132382442665
0.3428135993664752	0.4235586910185529
0.3457521778401492	0.4136338915997209
0.3457521778401492	0.4136338915997209
0.3486561239465495	0.4037428399855951
0.3515251395548118	0.3938895240600963
0.3515251395548118	0.3938895240600963
0.3543589298545854	0.384077918022534
0.3571572033794972	0.3743119808236783
0.3571572033794972	0.3743119808236783
0.35991967202989	0.3645956546093614
0.3626460510947994	0.3549328631723725
0.3626460510947994	0.3549328631723725
0.3653360592731363	0.3453275104134137
0.3679894186940328	0.3357834788119032
0.3679894186940328	0.3357834788119032
0.3706058549363102	0.326304627907416
0.3731850970470223	0.3168947927925738
0.3731850970470223	0.3168947927925738
0.3757268775590785	0.3075577826179974
0.3782309325075459	0.29829737911143
0.3782309325075459	0.29829737911143
0.3806970014454344	0.2891173351087252
0.3831248274577374	0.2800213731018185
0.3831248274577374	0.2800213731018185
0.3855141571745772	0.2710131838012153
0.3878647407826972	0.2620964247164324
0.3878647407826972	0.2620964247164324
0.3901763320361333	0.2532747187519043
0.3924486882646058	0.2445516528244584
0.3924486882646058	0.2445516528244584
0.3946815703808175	0.235930776498544
0.3968747428859679	0.2274156006424113
0.3968747428859679	0.2274156006424113
0.3990279738729	0.2190095961081387
0.4011410350276809	0.21071619243305
0.4011410350276809	0.21071619243305
0.4032137016286188	0.2025387765669893
0.4052457525430508	0.1944806916247832
0.4052457525430508	0.1944806916247832
0.4072369702211837	0.1865452356673269
0.4091871406869257	0.1787356605121817
0.4091871406869257	0.1787356605121817
0.4110960535258447	0.1710551705737641
0.4129635018690365	0.1635069217385811
0.4129635018690365	0.1635069217385811
0.4147892823731898	0.1560940202750347
0.4165731951961081	0.148819521781392
0.4165731951961081	0.148819521781392
0.418315043967198	0.1416864301745435
0.4200146357523062	0.1346976967227274
0.4200146357523062	0.1346976967227274
0.4216717810121791	0.127856219125829
0.4232862935537017	0.1211648406473948
0.4232862935537017	0.1211648406473948
0.4248579904729222	0.1146263493031337
0.426386692088693	0.1082434771114495
0.426386692088693	0.1082434771114495
0.4278722218655381	0.1020188994124898
0.4293144063240977	0.09595523426334869
0.4293144063240977	0.09595523426334869
0.4307130749371664	0.09005504191848532
0.432068060008944	0.08432082440618456
0.432068060008944	0.08432082440618456
0.4333791965346089	0.07875502521409465
0.4346463220366892	0.07336002909965252
0.4346463220366892	0.07336002909965252
0.435869276373906	0.06813816204473287
0.437047901517133	0.06309169137835978
0.437047901517133	0.06309169137835978
0.4381820412857965	0.05822282609713218
0.4392715410363137	0.05353371742058809
0.4392715410363137	0.05353371742058809
0.4403162472919057	0.04902645962870112
0.4413160073001032	0.0447030912419681
0.4413160073001032	0.0447030912419681
0.4422706685002062	0.04056559662244501
0.443180077877412	0.03661590809851861
0.443180077877412	0.03661590809851861
0.4440440811726418	0.03285590875010257
0.4448625219062716	0.02928743603871492
0.4448625219062716	0.02928743603871492
0.4456352401584712	0.02591228653532119
0.4463620710258664	0.02273222210035284
0.4463620710258664	0.02273222210035284
0.4470428426409162	0.01974897801756818
0.4476773735868095	0.01696427382018979
0.4476773735868095	0.01696427382018979
0.4482654694588813	0.01437982790947524
0.4488069181877681	0.01199737766630309
0.4488069181877681	0.01199737766630309
0.4493014835076045	0.00981870778219035
0.4497530071486133	0.00782755071068182
0.4497530071486133	0.00782755071068182
0.4502045307896016	0.005834393639263215
0.4506560544305899	0.003839236567844588
0.4506560544305899	0.003839236567844588
0.4511075780715783	0.001842079496425938
0.4515591017125666	-0.0001570775749927345
0.4515591017125666	-0.0001570775749927345
0.4520106253535753	-0.002158234646501923
0.4524621489945637	-0.004161391717920733
0.4524621489945637	-0.004161391717920733
0.452913672635552	-0.006166548789339565
0.4533651962765403	-0.008173705860758421
0.4533651962765403	-0.008173705860758421
0.4538167199175286	-0.0101828629321773
0.4542723532029354	-0.0122123341885727
0.4542723532029354	-0.0122123341885727
0.4547713294063296	-0.01443719885519289
0.455313857164238	-0.01685902531887289
0.455313857164238	-0.01685902531887289
0.4559001258873328	-0.01947935606588233
0.4565303104964045	-0.02229972919147369
0.4565303104964045	-0.02229972919147369
0.4572045749870142	-0.02532169472326214
0.457923075162386	-0.02854682726803504
0.457923075162386	-0.02854682726803504
0.458685960763064	-0.0319767359985085
0.4594933771508211	-0.03561307268095492
0.4594933771508211	-0.03561307268095492
0.4603454666576527	-0.03945753823733723
0.4612423696793919	-0.0435118881964358
0.4612423696793919	-0.0435118881964358
0.4621842255716885	-0.04777793729155405
0.4631711733919095	-0.05225756339931411
0.4631711733919095	-0.05225756339931411
0.4642033525184344	-0.05695271096022084
0.4652809031725344	-0.06186539399376662
0.4652809031725344	-0.06186539399376662
0.4664039668612079	-0.06699769879042564
0.4675726867564353	-0.07235178635003742
0.4675726867564353	-0.07235178635003742
0.468787208021452	-0.07792989461424772
0.4700476780939132	-0.08373434053759421
0.4700476780939132	-0.08373434053759421
0.4713542469329972	-0.0897675220291351
0.4727070672363988	-0.09603191979167798
0.4727070672363988	-0.09603191979167798
0.4741062946320153	-0.1025300990805141
0.4755520878482435	-0.1092647113996581
0.4755520878482435	-0.1092647113996581
0.4770446088661208	-0.1162384961505077
0.4785840230559825	-0.123454282245362
0.4785840230559825	-0.123454282245362
0.4801704993009352	-0.130914989696588
0.4818042101085811	-0.1386236311882624
0.4818042101085811	-0.1386236311882624
0.4834853317136309	-0.1465833136428228
0.485214044171316	-0.1547972397825531
0.485214044171316	-0.1547972397825531
0.4869905314437843	-0.1632687096964238
0.4888149814800214	-0.1720011224151703
0.4888149814800214	-0.1720011224151703
0.4906875862902755	-0.1809979774995767
0.4926085420151888	-0.1902628766432835
0.4926085420151888	-0.1902628766432835
0.4945780489915093	-0.1997995252994695
0.4965963118132371	-0.2096117343263648
0.4965963118132371	-0.2096117343263648
0.4986635393899198	-0.2197034216602403
0.500779945002094	-0.2300786140163846
0.500779945002094	-0.2300786140163846
0.5029457463537376	-0.2407414486178668
0.5051611656234662	-0.251696174961091
0.5051611656234662	-0.251696174961091
0.507426429512751	-0.2629471566102616
0.5097417692934235	-0.2744988730324548
0.5097417692934235	-0.2744988730324548
0.5121074208525547	-0.2863559214644468
0.5145236247372444	-0.2985230188244852
0.5145236247372444	-0.2985230188244852
0.516990626197295	-0.3110050036595835
0.5195086752279449	-0.3238068381398825
0.5195086752279449	-0.3238068381398825
0.5220780266104698	-0.3369336100897457
0.5246989399532044	-0.3503905350691546
0.5246989399532044	-0.3503905350691546
0.527371679731285	-0.3641829584975753
0.5300965153265901	-0.378316357828573
0.5300965153265901	-0.378316357828573
0.5328737210660565	-0.3927963447665983
0.5357035762608443	-0.4076286675394544
0.5357035762608443	-0.4076286675394544
0.5385863652445033	-0.4228192132177745
0.5415223774115667	-0.4383740100897587
0.5415223774115667	-0.4383740100897587
0.5445119072552275	-0.454299230085014
0.5475552544054286	-0.4706011912553533
0.5475552544054286	-0.4706011912553533
0.5506527236669236	-0.4872863603111845
0.5538046250567821	-0.5043613552116062
0.5538046250567821	-0.5043613552116062
0.5570112738427646	-0.5218329478167899
0.5602729905810866	-0.5397080665957295
0.5602729905810866	-0.5397080665957295
0.5635901011550191	-0.5579937993981863
0.5669629368129219	-0.5766973962842659
0.5669629368129219	-0.5766973962842659
0.5703918342062717	-0.5958262724156611
0.5738771354294311	-0.6153880110193816
0.5738771354294311	-0.6153880110193816
0.5774191880575141	-0.635390366404938
0.5810183451860337	-0.6558412670564904
0.5810183451860337	-0.6558412670564904
0.5846749654707107	-0.6767488187922759
0.5883894131667786	-0.6981213079886638
0.5883894131667786	-0.6981213079886638
0.5921620581692466	-0.719967204878323
0.5959932760535218	-0.7422951669204302
0.5959932760535218	-0.7422951669204302
0.5998834481155265	-0.7651140422391701
0.6038329614140956	-0.7884328731480059
0.6038329614140956	-0.7884328731480059
0.6078329614140956	-0.8121272785538951
0.6078422088113379	-0.8122608997360119
0.6119115890153188	-0.8366075635429753
0.6119115890153188	-0.8366075635429753
0.6159115890153188	-0.8606189742959364
0.6160415066221089	-0.86148251130746
0.6202323721593724	-0.8868955988021269
0.6202323721593724	-0.8868955988021269
0.6242323721593724	-0.9112335170856607
0.6244846021285474	-0.9128568947401504
0.628798619049339	-0.9393766847765203
0.628798619049339	-0.9393766847765203
0.632798619049339	-0.9640507425880164
0.6331748515035648	-0.9664654755880261
0.6376137341806559	-0.9941339990474914
0.6376137341806559	-0.9941339990474914
0.6416137341806559	-1.01915396197674
0.6421157079214806	-1.022393216473368
0.6466812197656541	-1.051254322988198
0.6466812197656541	-1.051254322988198
0.6506812197656541	-1.076630094051802
0.6513107229963585	-1.08072875195064
0.6560046771879069	-1.110828179495267
0.6560046771879069	-1.110828179495267
0.6600046771879069	-1.13656980302812
0.6607635482528338	-1.141564529161901
0.6655878084895152	-1.172949976622443
0.6655878084895152	-1.172949976622443
0.6695878084895152	-1.199067642227571
0.6704779366312099	-1.204996954512858
0.6754344178945967	-1.237718157359797
0.6754344178945967	-1.237718157359797
0.6794344178945967	-1.264222203917981
0.6804577440286202	-1.271126546608808
0.6855484133659374	-1.30523535577129
0.6855484133659374	-1.30523535577129
0.6895484133659374	-1.332136275511769
0.69070693087296	-1.340058095665935
0.6959338082006774	-1.375608559770828
0.6959338082006774	-1.375608559770828
0.6999338082006774	-1.402917002404623
0.7012295637372453	-1.411900829695047
0.7065947226600299	-1.448949280756415
0.7065947226600299	-1.448949280756415
0.7105947226600299	-1.476676057673595
0.7120298169894654	-1.486768587683513
0.7175353856421032	-1.525373730426256
0.7175353856421032	-1.525373730426256
0.7215353856421032	-1.553529818958852
0.7231119744852488	-1.564780000093673
0.7287601363922642	-1.605003005014954
0.7287601363922642	-1.605003005014954
0.7327601363922642	-1.633599552766987
0.7344804312972458	-1.646058676916959
0.7402734262531683	-1.687963277249529
0.7402734262531683	-1.687963277249529
0.7442734262531683	-1.717011606495704
0.7461396954871153	-1.730733403615853
0.7520798204590048	-1.774385996355866
0.7520798204590048	-1.774385996355866
0.7560798204590048	-1.803897608510677
0.7580943899194402	-1.818938345254137
0.7641839999695912	-1.864408096395822
0.7641839999695912	-1.864408096395822
0.7681839999695912	-1.894394676554629
0.7703492541201552	-1.910813259151788
0.7765907633520932	-1.958172213315311
0.7765907633520932	-1.958172213315311
0.7805907633520932	-1.988645634869247
0.7829091461780967	-2.006503716385631
0.7893050287036362	-2.055826910992371
0.7893050287036362	-2.055826910992371
0.7933050287036362	-2.086799240318702
0.7957790446904303	-2.1061613324852
0.8023318356192289	-2.157526916668182
0.8023318356192289	-2.157526916668182
0.8063318356192289	-2.189010417897881
0.8089640507550954	-2.209944007706268
0.8156763472101803	-2.263433366168051
0.8156763472101803	-2.263433366168051
0.8196763472101803	-2.295440506032579
0.8224693900117122	-2.318016177268256
0.8293438521662567	-2.373714059243019
0.8293438521662567	-2.373714059243019
0.8333438521662567	-2.406257512002023
0.8363004147280577	-2.4305490719227
0.8433397668666497	-2.48854372546765
0.8433397668666497	-2.48854372546765
0.8473397668666497	-2.521636377919498
0.8504626059355569	-2.547720989284644
0.8576696375417846	-2.608104301125126
0.8576696375417846	-2.608104301125126
0.8616696375417846	-2.641759257702265
0.8649615756161113	-2.669717576368902
0.8723391424841888	-2.732585217496933
0.8723391424841888	-2.732585217496933
0.8763391424841888	-2.766815805448013
0.8798030689377824	-2.796732123751214
0.8873540943095225	-2.86218370101425
0.8873540943095225	-2.86218370101425
0.8913540943095225	-2.897003475674955
0.8949929665451707	-2.928965871861149
0.9027204422766316	-2.997105085814922
0.9027204422766316	-2.997105085814922
0.9067204422766316	-3.032527835969857
0.9105372868992535	-3.066628329840274
0.918444274647265	-3.137563139026851
0.918444274647265	-3.137563139026851
0.922444274647265	-3.173602892364009
0.9264421886707506	-3.209937607495309
0.9345318211134982	-3.283780399524767
0.9345318211134982	-3.283780399524767
0.9385318211134982	-3.32045142818526
0.9427139731917255	-3.359120760906017
0.9509894552736937	-3.435988530525022
0.9509894552736937	-3.435988530525022
0.9549894552736937	-3.473305356749961
0.9593590869594607	-3.514414152174203
0.967823697164551	-3.594428686631266
0.967823697164551	-3.594428686631266
0.971823697164551	-3.632406088508003
0.9763841242000439	-3.676063823940779
0.9850412158573473	-3.759351895979902
0.9850412158573473	-3.759351895979902
0.9890412158573473	-3.798004913290144
0.9937958294900414	-3.844325889241752
1.002648832101313	-3.931019457922164
1.002648832101313	-3.931019457922164
1.006648832101313	-3.97036339809382
1.011601100429253	-4.019466937241723
1.020653521033876	-4.109703357044717
1.020653521033876	-4.109703357044717
1.024653521033876	-4.149753801210086
1.029806990385141	-4.201764455673481
1.039062414951777	-4.295686694121729
1.039062414951777	-4.295686694121729
1.043062414951777	-4.336459503284437
1.048420711291424	-4.391507270477263
1.057882806142292	-4.489264134662217
1.057882806142292	-4.489264134662217
1.061882806142292	-4.53077545597524
1.06744963651258	-4.58899600343774
1.077122149775081	-4.690742375754698
1.077122149775081	-4.690742375754698
1.081122149775081	-4.733008648911872
1.086901303763802	-4.794543548425612
1.096788066863738	-4.900440632030067
1.096788066863738	-4.900440632030067
1.100788066863738	-4.9434785957738
1.106783418110383	-5.008475567233012
1.116888347285947	-5.118691141386663
1.116888347285947	-5.118691141386663
1.120888347285947	-5.162517840134164
1.127103855017503	-5.231131005476729
1.137430952875268	-5.345839691400308
1.137430952875268	-5.345839691400308
1.141430952875268	-5.390472481991134
1.147870663476618	-5.462862629644171
1.158424020580942	-5.582246167205561
1.158424020580942	-5.582246167205561
1.162424020580942	-5.627702725773157
1.169092069198674	-5.704037586020751
1.179875865692108	-5.828285121660914
1.179875865692108	-5.828285121660914
1.183875865692108	-5.874583450630672
1.190776477877151	-5.955037982401802
1.201794985134989	-6.084346368779411
1.201794985134989	-6.084346368779411
1.205794985134989	-6.131504803996108
1.212932478515192	-6.216261493427965
1.224190060844815	-6.35083560137383
1.224190060844815	-6.35083560137383
1.228190060844815	-6.39887281936138
1.235568846837692	-6.488121990727346
1.247069963204905	-6.628175033791691
1.247069963204905	-6.628175033791691
1.251069963204905	-6.677110059147852
1.258694548766439	-6.771050198597198
1.270443754564028	-6.916804070869606
1.270443754564028	-6.916804070869606
1.274443754564028	-6.966656283798699
1.282318743975213	-7.065494376440979
1.294320692828618	-7.217180004112151
1.294320692828618	-7.217180004112151
1.298320692828618	-7.267969148098747
1.306320692828618	-7.369547436071937
1.306450789521549	-7.371921028989704
1.318710235134469	-7.529778736237554
1.318710235134469	-7.529778736237554
1.32271023513447	-7.581524925864231
1.33071023513447	-7.685017305117584
1.331100243552129	-7.690815645375261
1.343622041586091	-7.85509553506855
1.343622041586091	-7.85509553506855
1.347622041586091	-7.907819263980388
1.355622041586091	-8.013266721804065
1.356276869094101	-8.022683468361665
1.36906597909945	-8.193645818399503
1.36906597909945	-8.193645818399503
1.37306597909945	-8.247367967419365
1.38106597909945	-8.35481226545909
1.381990637923109	-8.368050294820216
1.395052125301147	-8.545965970465661
1.395052125301147	-8.545965970465661
1.399052125301147	-8.600707815862478
1.407052125301147	-8.710191506656111
1.408251734514899	-8.72746330878212
1.421590772522707	-8.912614191777418
1.421590772522707	-8.912614191777418
1.425590772522707	-8.968397413691209
1.433590772522708	-9.079963857518791
1.435070560082243	-9.101491948392683
1.44869243188485	-9.294171383591422
1.44869243188485	-9.294171383591422
1.45269243188485	-9.351018074618583
1.46069243188485	-9.464711456672907
1.462457736690239	-9.490728808021446
1.476367837457697	-9.691242068205094
1.476367837457697	-9.691242068205094
1.480367837457697	-9.749174742146934
1.488367837457697	-9.865040090030615
1.490424111477268	-9.895790577315157
1.504627950513692	-10.10445534673384
1.504627950513692	-10.10445534673384
1.508627950513692	-10.163496947512
1.516627950513692	-10.28158014906831
1.518980760940553	-10.31731901808535
1.533483963875637	-10.53446589590746
1.533483963875637	-10.53446589590746
1.537483963875637	-10.59463980664994
1.545483963875637	-10.7149876281349
1.548138995330764	-10.75598198117432
1.562947306343568	-10.98195500520207
1.562947306343568	-10.98195500520207
1.566947306343568	-11.04328505750299
1.574947306343568	-11.16594516210483
1.577910363131765	-11.21247446455303
1.593029647227697	-11.4476316563195
1.593029647227697	-11.4476316563195
1.597029647227697	-11.51014213967672
1.605029647227697	-11.63516310639115
1.608306655635845	-11.68751971444652
1.623742900970188	-11.93223364644972
1.623742900970188	-11.93223364644972
1.627742900970188	-11.99594931788379
1.635742900970188	-12.12338066075193
1.639339911613607	-12.18187037119181
1.655099231865184	-12.43652875720507
1.655099231865184	-12.43652875720507
1.659099231865184	-12.50147485106346
1.667099231865184	-12.63136703878024
1.671022422090259	-12.69630966180146
1.687111058876263	-12.96131597103648
1.687111058876263	-12.96131597103648
1.691111058876263	-13.02751820898678
1.699111058876263	-13.15992268488739
1.703366735199079	-13.23165264062513
1.719791060563405	-13.50742673722598
1.719791060563405	-13.50742673722598
1.723791060563405	-13.57491133844249
1.731791060563405	-13.70988054087551
1.736385661173706	-13.78874748103306
1.753152180092376	-14.07572628898566
1.753152180092376	-14.07572628898566
1.757152180092376	-14.14451998053249
1.765152180092376	-14.28210736362614
1.770092277399375	-14.36847681884228
1.787207630365768	-14.66711501435088
1.787207630365768	-14.66711501435088
1.791207630365768	-14.73724504176644
1.799207630365768	-14.87750509659754
1.804499933610739	-14.9717591510143
1.821970899272412	-15.28252988298389
1.821970899272412	-15.28252988298389
1.825970899272412	-15.35402402107134
1.833970899272412	-15.49701229724624
1.839622257177393	-15.59955029084461
1.857455755015297	-15.92294593041929
1.857455755015297	-15.92294593041929
1.861455755015297	-15.99583249424609
1.869455755015297	-16.14160562189969
1.875473158502189	-16.25284488232247
1.893676251564991	-16.58937780285694
1.893676251564991	-16.58937780285694
1.897676251564991	-16.66368565896835
1.905676251564991	-16.81230137119117
1.912066836514966	-16.93267797570408
1.930646734222824	-17.28288136464774
1.930646734222824	-17.28288136464774
1.934646734222824	-17.35863994249864
1.942646734222824	-17.51015709820045
1.949417784312453	-17.6401266676738
1.968381845322997	-18.00455537152658
1.968381845322997	-18.00455537152658
1.972381845322997	-18.08179467513706
1.980381845322997	-18.23627328235801
1.987540794906243	-18.37631180799327
2.006896530009224	-18.75554321100462
2.006896530009224	-18.75554321100462
2.010896530009224	-18.83429383084218
2.018896530009224	-18.99179507051731
2.026450967058509	-19.14239977487716
2.046206042160518	-19.53703471400393
2.046206042160518	-19.53703471400393
2.050206042160518	-19.61732783909831
2.058206042160518	-19.77791408928707
2.066163711282897	-19.93960432333418
2.086325950451111	-20.35026804032978
2.086325950451111	-20.35026804032978
2.090325950451111	-20.43213547062549
2.098325950451111	-20.59587033121689
2.106694755944934	-20.76918850812688
2.127272144495568	-21.1965316399397
2.127272144495568	-21.1965316399397
2.131272144495568	-21.2800057988897
2.139272144495568	-21.44695411678972
2.148060153485474	-21.63246668477308
2.169060841150106	-22.07716629445349
2.169060841150106	-22.07716629445349
2.173060841150106	-22.16228024186022
2.181060841150106	-22.33250813667368
2.190276286785557	-22.53080659208947
2.211708590942996	-22.99356724158305
2.211708590942996	-22.99356724158305
2.215708590942996	-23.08035468669165
2.223708590942996	-23.25392957690886
2.233359875644108	-23.46563151893933
2.255232284599127	-23.94718638502608
2.255232284599127	-23.94718638502608
2.259232284599127	-24.03568169987375
2.267232284599127	-24.21267232956909
2.277327983407493	-24.43842255937099
2.299649159776126	-24.93953459577784
2.299649159776126	-24.93953459577784
2.303649159776126	-25.02977282880746
2.311649159776126	-25.21024929486669
2.32219802373604	-25.45072095937937
2.344976807861172	-25.97218410523932
2.344976807861172	-25.97218410523932
2.348976807861172	-26.06420099517979
2.356976807861172	-26.24823477506074
2.367987767489443	-26.50413055853467
2.391233180946067	-27.04677099634977
2.391233180946067	-27.04677099634977
2.395233180946067	-27.14060298637009
2.403233180946067	-27.32826696641074
2.41471534976914	-27.60032033111494
2.438436598937527	-28.16499779572239
2.438436598937527	-28.16499779572239
2.442436598937527	-28.2606820478647
2.450436598937527	-28.45205055214932
2.46239927710107	-28.74102703035331
2.486605756813133	-29.32863617105041
2.486605756813133	-29.32863617105041
2.490605756813133	-29.42621058094776
2.498605756813133	-29.62135940074245
2.511058434765523	-29.92805794007111
2.535759732025795	-30.53952973805702
2.535759732025795	-30.53952973805702
2.539759732025795	-30.63903294994171
2.547759732025795	-30.8380393737111
2.560712094281489	-31.1632937381688
2.585917992064256	-31.79959698155125
2.585917992064256	-31.79959698155125
2.589917992064256	-31.90106840355985
2.597917992064256	-32.10401124757705
2.611379921021452	-32.44869147584158
2.637100402145303	-33.11083429453399
2.637100402145303	-33.11083429453399
2.641100402145303	-33.21431411431418
2.649100402145303	-33.42127375387454
2.663081982026983	-33.78628767890363
2.68932723310877	-34.47531914186707
2.68932723310877	-34.47531914186707
2.69332723310877	-34.58084834249426
2.70132723310877	-34.79190674374863
2.715838753938741	-35.17820157393074
2.74261916942807	-35.89521335126897
2.74261916942807	-35.89521335126897
2.74661916942807	-36.00283372747733
2.75461916942807	-36.21807447989404
2.769671131110922	-36.62663844597476
2.796997317406992	-37.37276653852673
2.796997317406992	-37.37276653852673
2.800997317406992	-37.48252071326178
2.808997317406992	-37.70202906273188
2.824600433886697	-38.13389313251696
2.852483213539067	-38.91031967168497
2.852483213539067	-38.91031967168497
2.856483213539067	-39.02225111298425
2.864483213539067	-39.2461139955828
2.880483213539067	-39.69383976077989
2.880648417042342	-39.70235365930437
2.909098833037312	-40.51030877996933
2.909098833037312	-40.51030877996933
2.913098833037312	-40.62446181817771
2.921098833037312	-40.85276789459448
2.937098833037312	-41.30938004742802
2.937837278408629	-41.33450502397771
2.966866598542953	-42.17526881347194
2.966866598542953	-42.17526881347194
2.970866598542953	-42.29168865879876
2.978866598542953	-42.52452834945242
2.994866598542953	-42.99020773075971
2.996189667641743	-43.03293313260052
3	-43.14500000001074
