0	1
0.001	0.9999950949999999
0.002	0.99998038
0.003	0.9999558549999999
0.004	0.99992152
0.005	0.999877375
0.006	0.99982342
0.007	0.999759655
0.008	0.99968608
0.009000000000000001	0.999602695
0.01	0.9995095000000001
0.011	0.9994064950000001
0.012	0.9992936800000001
0.013	0.999171055
0.014	0.99903862
0.015	0.9988963750000001
0.016	0.99874432
0.017	0.998582455
0.018	0.9984107800000001
0.019	0.9982292950000001
0.02	0.9980380000000001
0.021	0.9978368950000001
0.022	0.9976259800000001
0.023	0.9974052550000001
0.024	0.9971747200000001
0.025	0.9969343750000002
0.026	0.9966842200000001
0.027	0.9964242550000001
0.028	0.9961544800000001
0.029	0.995874895
0.03	0.9955855000000001
0.031	0.9952862950000001
0.032	0.9949772800000001
0.033	0.9946584550000002
0.034	0.9943298200000001
0.035	0.9939913750000001
0.036	0.9936431200000001
0.037	0.9932850550000001
0.038	0.9929171800000001
0.039	0.9925394949999999
0.04	0.9921519999999997
0.041	0.9917546949999996
0.042	0.9913475799999996
0.043	0.9909306549999995
0.044	0.9905039199999996
0.045	0.9900673749999996
0.046	0.9896210199999995
0.047	0.9891648549999995
0.048	0.9886988799999993
0.049	0.9882230949999992
0.05	0.9877374999999989
0.051	0.9872420949999989
0.052	0.9867368799999989
0.053	0.986221854999999
0.054	0.985697019999999
0.055	0.9851623749999989
0.056	0.9846179199999989
0.057	0.9840636549999989
0.058	0.9834995799999989
0.059	0.9829256949999989
0.06	0.9823419999999989
0.061	0.9817484949999989
0.062	0.981145179999999
0.063	0.980532054999999
0.064	0.979909119999999
0.065	0.979276374999999
0.066	0.978633819999999
0.067	0.977981454999999
0.068	0.9773192799999989
0.06900000000000001	0.9766472949999989
0.07000000000000001	0.9759654999999989
0.07100000000000001	0.9752738949999989
0.07200000000000001	0.974572479999999
0.073	0.973861254999999
0.074	0.973140219999999
0.075	0.972409374999999
0.076	0.971668719999999
0.077	0.9709182549999991
0.078	0.9701579799999991
0.079	0.969387894999999
0.08	0.968607999999999
0.081	0.9678182949999991
0.082	0.9670187799999991
0.083	0.966209454999999
0.08400000000000001	0.965390319999999
0.08500000000000001	0.9645613749999991
0.08600000000000001	0.9637226199999991
0.08700000000000001	0.962874054999999
0.08799999999999999	0.962015679999999
0.089	0.9611474949999991
0.09	0.9602694999999991
0.091	0.9593816949999991
0.092	0.9584840799999991
0.093	0.9575766549999991
0.094	0.9566594199999991
0.095	0.9557323749999991
0.096	0.9547955199999991
0.097	0.9538488549999991
0.098	0.9528923799999991
0.099	0.9519260949999991
0.1	0.9509499999999991
0.101	0.9499640949999991
0.102	0.9489683799999991
0.103	0.9479628549999991
0.104	0.9469475199999992
0.105	0.9459223749999993
0.106	0.9448874199999996
0.107	0.943842655
0.108	0.9427880800000003
0.109	0.9417236950000004
0.11	0.9406495000000006
0.111	0.939565495000001
0.112	0.9384716800000014
0.113	0.9373680550000014
0.114	0.9362546200000016
0.115	0.9351313750000019
0.116	0.9339983200000023
0.117	0.9328554550000023
0.118	0.9317027800000022
0.119	0.9305402950000019
0.12	0.9293680000000016
0.121	0.9281858950000014
0.122	0.9269939800000012
0.123	0.9257922550000011
0.124	0.9245807200000007
0.125	0.9233593750000003
0.126	0.9221282200000004
0.127	0.9208872550000006
0.128	0.9196364800000009
0.129	0.9183758950000013
0.13	0.9171055000000014
0.131	0.9158252950000014
0.132	0.9145352800000017
0.133	0.9132354550000021
0.134	0.9119258200000023
0.135	0.9106063750000022
0.136	0.909277120000002
0.137	0.9079380550000017
0.138	0.9065891800000013
0.139	0.9052304950000013
0.14	0.9038620000000011
0.141	0.9024836950000008
0.142	0.9010955800000003
0.143	0.8996976550000004
0.144	0.8982899200000005
0.145	0.8968723750000008
0.146	0.8954450200000013
0.147	0.8940078550000015
0.148	0.8925608800000016
0.149	0.8911040950000019
0.15	0.8896375000000022
0.151	0.8881610950000025
0.152	0.8866748800000026
0.153	0.8851788550000028
0.154	0.8836730200000031
0.155	0.8821573750000035
0.156	0.8806319200000036
0.157	0.8790966550000037
0.158	0.877551580000004
0.159	0.8759966950000043
0.16	0.8744320000000044
0.161	0.8728574950000042
0.162	0.871273180000004
0.163	0.8696790550000036
0.164	0.8680751200000034
0.165	0.8664613750000035
0.166	0.8648378200000038
0.167	0.8632044550000041
0.168	0.8615612800000043
0.169	0.8599082950000044
0.17	0.8582455000000047
0.171	0.856572895000005
0.172	0.8548904800000053
0.173	0.8531982550000052
0.174	0.851496220000005
0.175	0.8497843750000047
0.176	0.8480627200000044
0.177	0.8463312550000044
0.178	0.8445899800000046
0.179	0.8428388950000049
0.18	0.8410780000000052
0.181	0.8393072950000053
0.182	0.8375267800000051
0.183	0.8357364550000049
0.184	0.8339363200000045
0.185	0.8321263750000043
0.186	0.8303066200000042
0.187	0.8284770550000039
0.188	0.8266376800000036
0.189	0.8247884950000034
0.19	0.8229295000000033
0.191	0.821060695000003
0.192	0.8191820800000027
0.193	0.8172936550000025
0.194	0.8153954200000026
0.195	0.8134873750000028
0.196	0.8115695200000032
0.197	0.8096418550000034
0.198	0.8077043800000033
0.199	0.8057570950000031
0.2	0.8038000000000027
0.201	0.8018330950000025
0.202	0.7998563800000026
0.203	0.7978698550000028
0.204	0.7958735200000031
0.205	0.7938673750000034
0.206	0.7918514200000035
0.207	0.7898256550000037
0.208	0.7877900800000039
0.209	0.7857446950000043
0.21	0.7836895000000044
0.211	0.7816244950000045
0.212	0.7795496800000049
0.213	0.7774650550000052
0.214	0.7753706200000053
0.215	0.7732663750000055
0.216	0.7711523200000058
0.217	0.7690284550000061
0.218	0.7668947800000062
0.219	0.7647512950000064
0.22	0.7625980000000067
0.221	0.7604348950000069
0.222	0.7582619800000071
0.223	0.7560792550000073
0.224	0.7538867200000076
0.225	0.7516843750000078
0.226	0.749472220000008
0.227	0.7472502550000082
0.228	0.7450184800000085
0.229	0.7427768950000088
0.23	0.7405255000000088
0.231	0.7382642950000091
0.232	0.7359932800000094
0.233	0.7337124550000096
0.234	0.7314218200000097
0.235	0.72912137500001
0.236	0.7268111200000102
0.237	0.7244910550000104
0.238	0.7221611800000106
0.239	0.7198214950000108
0.24	0.7174720000000112
0.241	0.7151126950000114
0.242	0.7127435800000115
0.243	0.7103646550000118
0.244	0.7079759200000122
0.245	0.7055773750000122
0.246	0.7031690200000124
0.247	0.7007508550000127
0.248	0.698322880000013
0.249	0.6958850950000127
0.25	0.6934375000000121
0.251	0.6909800950000112
0.252	0.6885128800000105
0.253	0.6860358550000106
0.254	0.6835490200000108
0.255	0.6810523750000111
0.256	0.6785459200000113
0.257	0.6760296550000114
0.258	0.6735035800000118
0.259	0.6709676950000121
0.26	0.6684220000000122
0.261	0.6658664950000123
0.262	0.6633011800000126
0.263	0.6607260550000129
0.264	0.6581411200000133
0.265	0.6555463750000143
0.266	0.6529418200000159
0.267	0.6503274550000167
0.268	0.6477032800000173
0.269	0.6450692950000184
0.27	0.6424255000000202
0.271	0.6397718950000203
0.272	0.6371084800000205
0.273	0.6344352550000207
0.274	0.631752220000021
0.275	0.6290593750000211
0.276	0.6263567200000213
0.277	0.6236442550000216
0.278	0.6209219800000217
0.279	0.6181898950000219
0.28	0.6154480000000221
0.281	0.6126962950000224
0.282	0.6099347800000224
0.283	0.6071634550000227
0.284	0.6043823200000229
0.285	0.6015913750000231
0.286	0.5987906200000233
0.287	0.5959800550000235
0.288	0.5931596800000237
0.289	0.5903294950000242
0.29	0.5874895000000251
0.291	0.5846396950000265
0.292	0.5817800800000272
0.293	0.5789106550000274
0.294	0.5760314200000276
0.295	0.573142375000028
0.296	0.5702435200000283
0.297	0.5673348550000293
0.298	0.5644163800000308
0.299	0.5614880950000314
0.3	0.5585500000000321
0.301	0.5556020950000333
0.302	0.5526443800000344
0.303	0.5496768550000345
0.304	0.5466995200000347
0.305	0.543712375000035
0.306	0.540715420000035
0.307	0.5377086550000353
0.308	0.5346920800000355
0.309	0.5316656950000357
0.31	0.5286295000000358
0.311	0.525583495000036
0.312	0.5225276800000362
0.313	0.5194620550000363
0.314	0.5163866200000365
0.315	0.5133013750000368
0.316	0.5102063200000369
0.317	0.5071014550000371
0.318	0.5039867800000374
0.319	0.5008622950000375
0.32	0.4977280000000376
0.321	0.4945838950000379
0.322	0.491429980000038
0.323	0.4882662550000382
0.324	0.4850927200000384
0.325	0.4819093750000387
0.326	0.4787162200000392
0.327	0.4755132550000403
0.328	0.4723004800000413
0.329	0.4690778950000414
0.33	0.4658455000000416
0.331	0.4626032950000418
0.332	0.4593512800000419
0.333	0.4560894550000421
0.334	0.4528178200000423
0.335	0.4495363750000424
0.336	0.4462451200000426
0.337	0.4429440550000429
0.338	0.4396331800000432
0.339	0.4363124950000442
0.34	0.4329820000000453
0.341	0.4296416950000457
0.342	0.4262915800000466
0.343	0.4229316550000478
0.344	0.4195619200000482
0.345	0.4161823750000491
0.346	0.4127930200000502
0.347	0.4093938550000506
0.348	0.4059848800000516
0.349	0.4025660950000525
0.35	0.3991375000000526
0.351	0.3956990950000528
0.352	0.3922508800000532
0.353	0.3887928550000537
0.354	0.3853250200000549
0.355	0.3818473750000554
0.356	0.3783599200000555
0.357	0.3748626550000558
0.358	0.3713555800000559
0.359	0.367838695000056
0.36	0.3643120000000563
0.361	0.3607754950000563
0.362	0.3572291800000565
0.363	0.3536730550000567
0.364	0.3501071200000568
0.365	0.346531375000057
0.366	0.3429458200000571
0.367	0.3393504550000572
0.368	0.3357452800000574
0.369	0.3321302950000578
0.37	0.3285055000000586
0.371	0.3248708950000594
0.372	0.3212264800000599
0.373	0.3175722550000609
0.374	0.3139082200000612
0.375	0.3102343750000614
0.376	0.3065507200000616
0.377	0.3028572550000616
0.378	0.2991539800000618
0.379	0.2954408950000619
0.38	0.291718000000062
0.381	0.2879852950000623
0.382	0.2842427800000627
0.383	0.2804904550000637
0.384	0.2767283200000641
0.385	0.2729563750000649
0.386	0.2691746200000655
0.387	0.2653830550000661
0.388	0.261581680000067
0.389	0.257770495000067
0.39	0.2539495000000673
0.391	0.2501186950000675
0.392	0.2462780800000682
0.393	0.2424276550000687
0.394	0.2385674200000689
0.395	0.234697375000069
0.396	0.2308175200000691
0.397	0.2269278550000693
0.398	0.2230283800000694
0.399	0.2191190950000695
0.4	0.2152000000000696
0.401	0.2112710950000697
0.402	0.2073323800000698
0.403	0.2033838550000699
0.404	0.19942552000007
0.405	0.1954573750000702
0.406	0.1914794200000703
0.407	0.1874916550000704
0.408	0.1834940800000706
0.409	0.1794866950000713
0.41	0.1754695000000715
0.411	0.1714424950000717
0.412	0.1674056800000717
0.413	0.1633590550000719
0.414	0.1593026200000719
0.415	0.1552363750000721
0.416	0.1511603200000728
0.417	0.1470744550000739
0.418	0.142978780000074
0.419	0.1388732950000741
0.42	0.1347580000000742
0.421	0.1306328950000742
0.422	0.1264979800000743
0.423	0.1223532550000744
0.424	0.1181987200000745
0.425	0.1140343750000746
0.426	0.1098602200000747
0.427	0.1056762550000747
0.428	0.1014824800000748
0.429	0.09727889500007489
0.43	0.09306550000007495
0.431	0.08884229500007507
0.432	0.08460928000007585
0.433	0.08036645500007598
0.434	0.07611382000007605
0.435	0.07185137500007618
0.436	0.06757912000007686
0.437	0.06329705500007693
0.438	0.05900518000007698
0.439	0.05470349500007703
0.44	0.05039200000007709
0.441	0.04607069500007714
0.442	0.04173958000007719
0.443	0.03739865500007725
0.444	0.03304792000007759
0.445	0.02868737500007766
0.446	0.0243170200000777
0.447	0.01993685500007774
0.448	0.01554688000007776
0.449	0.01114709500007779
0.45	0.006737500000077814
0.451	0.002318095000077836
0.452	0.001404449666672772
0.453	0.004939045699508625
0.454	0.008463841315587948
0.455	0.01197882693166727
0.456	0.01548400254774656
0.457	0.01897936816382584
0.458	0.02246492377990513
0.459	0.02594066939598443
0.46	0.02940660501206372
0.461	0.03286273062814316
0.462	0.03630904624422247
0.463	0.03974555186030192
0.464	0.04317224747638122
0.465	0.04658913309246052
0.466	0.0499962087085399
0.467	0.05339347432461936
0.468	0.05678092994069874
0.469	0.06015857555677823
0.47	0.06352641117285758
0.471	0.06688443678893716
0.472	0.07023265240501647
0.473	0.0735710580210958
0.474	0.07689965363717512
0.475	0.08021843925325443
0.476	0.08352741486933377
0.477	0.08682658048541311
0.478	0.09011593610149243
0.479	0.09339548171757189
0.48	0.09666521733365133
0.481	0.09992514294973068
0.482	0.10317525856581
0.483	0.1064155641818893
0.484	0.1096460597979687
0.485	0.112866745414048
0.486	0.1160776210301273
0.487	0.1192786866462067
0.488	0.122469942262286
0.489	0.1256513878783654
0.49	0.1288230234944447
0.491	0.131984849110524
0.492	0.1351368647266034
0.493	0.1382790703426827
0.494	0.1414114659587621
0.495	0.1445340515748415
0.496	0.1476468271909208
0.497	0.1507497928070001
0.498	0.1538429484230795
0.499	0.1569262940391589
0.5	0.1599998296552388
0.501	0.1630635552713181
0.502	0.1661174708873969
0.503	0.1691615765034762
0.504	0.1721958721195556
0.505	0.1752203577356347
0.506	0.1782350333517135
0.507	0.1812398989677925
0.508	0.1842349545838714
0.509	0.1872202001999504
0.51	0.1901956358160294
0.511	0.1931612614321087
0.512	0.196117077048188
0.513	0.1990630826642669
0.514	0.2019992782803459
0.515	0.2049256638964248
0.516	0.2078422395125037
0.517	0.2107490051285831
0.518	0.2136459607446624
0.519	0.2165331063607414
0.52	0.2194104419768202
0.521	0.2222779675928992
0.522	0.225135683208978
0.523	0.227983588825057
0.524	0.2308216844411358
0.525	0.2336499700572148
0.526	0.2364684456732936
0.527	0.2392771112893726
0.528	0.2420759669054514
0.529	0.2448650125215304
0.53	0.2476442481376092
0.531	0.2504136737536881
0.532	0.2531732893697671
0.533	0.2559230949858458
0.534	0.2586630906019248
0.535	0.2613932762180035
0.536	0.2641136518340826
0.537	0.2668242174501613
0.538	0.2695249730662403
0.539	0.2722159186823191
0.54	0.2748970542983979
0.541	0.2775683799144769
0.542	0.2802298955305556
0.543	0.2828816011466346
0.544	0.2855234967627134
0.545	0.2881555823787923
0.546	0.2907778579948712
0.547	0.2933903236109499
0.548	0.2959929792270289
0.549	0.2985858248431076
0.55	0.3011688604591866
0.551	0.3037420860752655
0.552	0.3063055016913442
0.553	0.3088591073074232
0.554	0.3114029029235019
0.555	0.3139368885395808
0.556	0.3164610641556597
0.5570000000000001	0.3189754297717384
0.5580000000000001	0.3214799853878175
0.5590000000000001	0.3239747310038961
0.5600000000000001	0.3264596666199752
0.5610000000000001	0.3289347922360545
0.5620000000000001	0.331400107852134
0.5630000000000001	0.333855613468213
0.5640000000000001	0.3363013090842918
0.5650000000000001	0.3387371947003706
0.5660000000000001	0.3411632703164495
0.5670000000000001	0.3435795359325281
0.5680000000000001	0.3459859915486072
0.5690000000000001	0.3483826371646859
0.5700000000000001	0.3507694727807646
0.5710000000000001	0.3531464983968436
0.5720000000000001	0.3555137140129223
0.5730000000000001	0.3578711196290011
0.5740000000000001	0.36021871524508
0.5750000000000001	0.3625565008611586
0.5760000000000001	0.3648844764772376
0.577	0.3672026420933162
0.578	0.3695109977093947
0.579	0.3718095433254738
0.58	0.3740982789415525
0.581	0.3763772045576312
0.582	0.3786463201737101
0.583	0.3809056257897888
0.584	0.3831551214058677
0.585	0.3853948070219466
0.586	0.3876246826380251
0.587	0.3898447482541041
0.588	0.3920550038701829
0.589	0.3942554494862614
0.59	0.3964460851023407
0.591	0.3986269107184201
0.592	0.4007979263344996
0.593	0.4029591319505786
0.594	0.4051105275666573
0.595	0.407252113182736
0.596	0.409383888798815
0.597	0.4115058544148937
0.598	0.4136180100309724
0.599	0.4157203556470513
0.6	0.41781289126313
0.601	0.4198956168792088
0.602	0.4219685324952882
0.603	0.4240316381113677
0.604	0.426084933727447
0.605	0.4281284193435259
0.606	0.4301620949596044
0.607	0.4321859605756833
0.608	0.4342000161917622
0.609	0.4362042618078407
0.61	0.4381986974239196
0.611	0.4401833230399985
0.612	0.442158138656077
0.613	0.4441231442721559
0.614	0.4460783398882348
0.615	0.4480237255043132
0.616	0.4499593011203922
0.617	0.451885066736471
0.618	0.4538010223525495
0.619	0.4557071679686284
0.62	0.4576035035847076
0.621	0.4594900292007866
0.622	0.4613667448168657
0.623	0.4632336504329445
0.624	0.4650907460490231
0.625	0.4669380316651019
0.626	0.468775507281181
0.627	0.4706031728972601
0.628	0.4724210285133391
0.629	0.474229074129418
0.63	0.4760273097454966
0.631	0.4778157353615752
0.632	0.4795943509776542
0.633	0.4813631565937328
0.634	0.4831221522098114
0.635	0.4848713378258906
0.636	0.4866107134419697
0.637	0.4883402790580487
0.638	0.4900600346741277
0.639	0.4917699802902064
0.64	0.4934701159062848
0.641	0.4951604415223639
0.642	0.496840957138443
0.643	0.498511662754522
0.644	0.5001725583706012
0.645	0.5018236439866799
0.646	0.5034649196027584
0.647	0.5050963852188373
0.648	0.5067180408349161
0.649	0.5083298864509946
0.65	0.5099319220670734
0.651	0.5115241476831522
0.652	0.5131065632992309
0.653	0.5146791689153094
0.654	0.5162419645313884
0.655	0.5177949501474671
0.656	0.5193381257635454
0.657	0.5208714913796245
0.658	0.5223950469957033
0.659	0.5239087926117817
0.66	0.5254127282278607
0.661	0.5269068538439394
0.662	0.528391169460018
0.663	0.5298656750760967
0.664	0.5313303706921758
0.665	0.5327852563082549
0.666	0.5342303319243339
0.667	0.5356655975404129
0.668	0.5370910531564916
0.669	0.53850669877257
0.67	0.5399125343886489
0.671	0.5413085600047277
0.672	0.5426947756208063
0.673	0.544071181236885
0.674	0.5454377768529641
0.675	0.5467945624690431
0.676	0.5481415380851222
0.677	0.5494787037012013
0.678	0.5508060593172804
0.679	0.5521236049333594
0.68	0.5534313405494384
0.681	0.5547292661655172
0.6820000000000001	0.5560173817815957
0.6830000000000001	0.5572956873976743
0.6840000000000001	0.5585641830137532
0.6850000000000001	0.5598228686298318
0.6860000000000001	0.5610717442459103
0.6870000000000001	0.5623108098619894
0.6880000000000001	0.5635400654780686
0.6890000000000001	0.5647595110941475
0.6900000000000001	0.5659691467102266
0.6910000000000001	0.5671689723263054
0.6920000000000001	0.5683589879423839
0.6930000000000001	0.5695391935584625
0.6940000000000001	0.5707095891745416
0.6950000000000001	0.5718701747906206
0.6960000000000001	0.5730209504066996
0.6970000000000001	0.5741619160227788
0.6980000000000001	0.5752930716388579
0.6990000000000001	0.5764144172549369
0.7000000000000001	0.5775259528710159
0.7010000000000001	0.5786276784870948
0.7020000000000001	0.5797195941031734
0.7030000000000001	0.5808016997192518
0.704	0.5818739953353307
0.705	0.5829364809514094
0.706	0.5839891565674878
0.707	0.5850320221835666
0.708	0.5860650777996458
0.709	0.5870883234157248
0.71	0.5881017590318038
0.711	0.589105384647883
0.712	0.590099200263962
0.713	0.5910832058800409
0.714	0.5920574014961201
0.715	0.593021787112199
0.716	0.5939763627282778
0.717	0.5949211283443566
0.718	0.5958560839604355
0.719	0.5967812295765142
0.72	0.5976965651925925
0.721	0.5986020908086715
0.722	0.5994978064247505
0.723	0.6003837120408292
0.724	0.601259807656908
0.725	0.6021260932729871
0.726	0.602982568889066
0.727	0.6038292345051446
0.728	0.6046660901212236
0.729	0.6054931357373025
0.73	0.606310371353381
0.731	0.6071177969694594
0.732	0.6079154125855385
0.733	0.6087032182016173
0.734	0.6094812138176959
0.735	0.610249399433775
0.736	0.6110077750498538
0.737	0.6117563406659323
0.738	0.6124950962820107
0.739	0.6132240418980898
0.74	0.6139431775141684
0.741	0.6146525031302467
0.742	0.6153520187463256
0.743	0.6160417243624045
0.744	0.616721619978483
0.745	0.6173917055945614
0.746	0.6180519812106405
0.747	0.6187024468267194
0.748	0.619343102442798
0.749	0.619973948058877
0.75	0.6205949836749559
0.751	0.6212062092910348
0.752	0.6218076249071134
0.753	0.6223992305231925
0.754	0.6229810261392713
0.755	0.6235530117553501
0.756	0.6241151873714289
0.757	0.6246675529875079
0.758	0.6252101086035864
0.759	0.6257428542196647
0.76	0.6262657898357438
0.761	0.6267789154518227
0.762	0.6272822310679014
0.763	0.6277757366839802
0.764	0.6282594323000592
0.765	0.628733317916138
0.766	0.6291973935322164
0.767	0.6296516591482954
0.768	0.6300961147643742
0.769	0.6305307603804529
0.77	0.6309555959965314
0.771	0.6313706216126105
0.772	0.6317758372286892
0.773	0.6321712428447678
0.774	0.6325568384608466
0.775	0.6329326240769255
0.776	0.6332985996930042
0.777	0.6336547653090827
0.778	0.6340011209251618
0.779	0.6343376665412406
0.78	0.6346644021573191
0.781	0.6349813277733979
0.782	0.6352884433894769
0.783	0.6355857490055555
0.784	0.635873244621634
0.785	0.636150930237713
0.786	0.6364188058537918
0.787	0.6366768714698704
0.788	0.6369251270859491
0.789	0.6371635727020281
0.79	0.6373922083181068
0.791	0.6376110339341854
0.792	0.6378200495502643
0.793	0.6380192551663432
0.794	0.6382086507824218
0.795	0.6383882363985003
0.796	0.6385580120145794
0.797	0.6387179776306582
0.798	0.6388681332467367
0.799	0.6390084788628155
0.8	0.6391390144788945
0.801	0.6392597400949732
0.802	0.6393706557110517
0.803	0.6394717613271307
0.804	0.6395630569432096
0.805	0.6396445425592882
0.806	0.6397162181753666
0.8070000000000001	0.6397780837914456
0.8080000000000001	0.6398301394075244
0.8090000000000001	0.6398723850236029
0.8100000000000001	0.6399048206396818
0.8110000000000001	0.6399274462557607
0.8120000000000001	0.6399402618718393
0.8130000000000001	0.6399432674879176
0.8140000000000001	0.6399364631039968
0.8150000000000001	0.6399198487200756
0.8160000000000001	0.6398934243361541
0.8170000000000001	0.6398571899522328
0.8180000000000001	0.6398111455683118
0.8190000000000001	0.6397552911843906
0.8200000000000001	0.6396896268004689
0.8210000000000001	0.639614152416548
0.8220000000000001	0.6395288680326268
0.8230000000000001	0.6394337736487055
0.8240000000000001	0.6393288692647839
0.8250000000000001	0.6392141548808631
0.8260000000000001	0.6390896304969418
0.8270000000000001	0.6389552961130204
0.8280000000000001	0.6388111517290992
0.8290000000000001	0.6386571973451781
0.8300000000000001	0.6384934329612568
0.8310000000000001	0.6383198585773352
0.8320000000000001	0.6381364741934142
0.833	0.6379432798094932
0.834	0.6377402754255718
0.835	0.6375274610416504
0.836	0.6373048366577293
0.837	0.6370724022738081
0.838	0.6368301578898865
0.839	0.6365781035059654
0.84	0.6363162391220443
0.841	0.6360445647381229
0.842	0.6357630803542013
0.843	0.6354717859702803
0.844	0.6351706815863591
0.845	0.6348597672024376
0.846	0.6345390428185165
0.847	0.6342085084345954
0.848	0.633868164050674
0.849	0.6335180096667525
0.85	0.6331580452828316
0.851	0.6327882708989104
0.852	0.6324086865149889
0.853	0.6320192921310677
0.854	0.6316200877471466
0.855	0.6312110733632254
0.856	0.6307922489793039
0.857	0.6303636145953827
0.858	0.6299251702114617
0.859	0.6294769158275403
0.86	0.6290188514436188
0.861	0.6285509770596979
0.862	0.6280732926757766
0.863	0.6275857982918551
0.864	0.627088493907934
0.865	0.6265813795240129
0.866	0.6260644551400916
0.867	0.62553772075617
0.868	0.6250011763722491
0.869	0.6244548219883278
0.87	0.6238986576044062
0.871	0.623332683220485
0.872	0.6227568988365639
0.873	0.6221713044526428
0.874	0.6215759000687213
0.875	0.6209706856848004
0.876	0.6203556613008794
0.877	0.6197308269169581
0.878	0.6190961825330369
0.879	0.6184517281491159
0.88	0.6177974637651945
0.881	0.6171333893812728
0.882	0.6164595049973517
0.883	0.6157758106134307
0.884	0.6150823062295094
0.885	0.6143789918455882
0.886	0.6136658674616672
0.887	0.6129429330777458
0.888	0.6122101886938243
0.889	0.611467634309903
0.89	0.610715269925982
0.891	0.6099530955420608
0.892	0.6091811111581396
0.893	0.6083993167742187
0.894	0.6076077123902975
0.895	0.6068062980063762
0.896	0.6059950736224551
0.897	0.6051740392385341
0.898	0.6043431948546129
0.899	0.6035025404706915
0.9	0.6026520760867706
0.901	0.6017918017028495
0.902	0.6009217173189282
0.903	0.6000418229350072
0.904	0.5991521185510862
0.905	0.598252604167165
0.906	0.5973432797832436
0.907	0.5964241453993228
0.908	0.5954952010154017
0.909	0.5945564466314803
0.91	0.5936078822475592
0.911	0.5926495078636381
0.912	0.5916813234797169
0.913	0.5907033290957957
0.914	0.5897155247118747
0.915	0.5887179103279534
0.916	0.5877104859440319
0.917	0.5866932515601107
0.918	0.5856662071761896
0.919	0.584629352792268
0.92	0.5835826884083465
0.921	0.5825262140244255
0.922	0.5814599296405042
0.923	0.5803838352565825
0.924	0.5792979308726616
0.925	0.5782022164887407
0.926	0.5770966921048196
0.927	0.5759813577208988
0.928	0.5748562133369777
0.929	0.5737212589530564
0.93	0.5725764945691346
0.931	0.5714219201852136
0.9320000000000001	0.5702575358012923
0.9330000000000001	0.5690833414173708
0.9340000000000001	0.5678993370334495
0.9350000000000001	0.5667055226495284
0.9360000000000001	0.565501898265607
0.9370000000000001	0.5642884638816854
0.9380000000000001	0.5630652194977644
0.9390000000000001	0.5618321651138432
0.9400000000000001	0.5605893007299215
0.9410000000000001	0.5593366263460005
0.9420000000000001	0.5580741419620793
0.9430000000000001	0.5568018475781578
0.9440000000000001	0.5555197431942364
0.9450000000000001	0.5542278288103153
0.9460000000000001	0.552926104426394
0.9470000000000001	0.5516145700424723
0.9480000000000001	0.5502932256585513
0.9490000000000001	0.5489620712746301
0.9500000000000001	0.5476211068907085
0.9510000000000001	0.5462703325067874
0.9520000000000001	0.5449097481228662
0.9530000000000001	0.5435393537389448
0.9540000000000001	0.5421591493550233
0.9550000000000001	0.5407691349711031
0.9560000000000001	0.5393693105871837
0.9570000000000001	0.5379596762032651
0.9580000000000001	0.5365402318193448
0.9590000000000001	0.5351109774354252
0.96	0.5336719130515065
0.961	0.5322230386675869
0.962	0.530764354283667
0.963	0.5292958598997479
0.964	0.5278175555158289
0.965	0.5263294411319087
0.966	0.5248315167479893
0.967	0.5233237823640707
0.968	0.5218062379801505
0.969	0.5202788835962309
0.97	0.518741719212312
0.971	0.5171947448283921
0.972	0.5156379604444723
0.973	0.5140713660605534
0.974	0.5124949616766339
0.975	0.510908747292714
0.976	0.5093127229087947
0.977	0.5077068885248756
0.978	0.5060912441409539
0.979	0.5044657897570309
0.98	0.502830525373107
0.981	0.5011854509891857
0.982	0.499530566605263
0.983	0.4978658722213391
0.984	0.4961913678374174
0.985	0.494507053453495
0.986	0.4928129290695714
0.987	0.4911089946856495
0.988	0.4893952503017296
0.989	0.4876716959178106
0.99	0.4859383315338911
0.991	0.4841951571499711
0.992	0.4824421727660519
0.993	0.4806793783821326
0.994	0.4789067739982126
0.995	0.4771243596142933
0.996	0.4753321352303742
0.997	0.473530100846454
0.998	0.4717182564625346
0.999	0.4698966020786157
1	0.4680651376946942
1.001	0.4662238633107713
1.002	0.4643727789268476
1.003	0.4625118845429271
1.004	0.4606411801590077
1.005	0.4587606657750887
1.006	0.4568703413911687
1.007	0.4549702070072488
1.008	0.4530602626233302
1.009	0.4511405082394098
1.01	0.4492109438554904
1.011	0.4472715694715712
1.012	0.4453223850876514
1.013	0.4433633907037314
1.014	0.4413945863198127
1.015	0.4394159719358924
1.016	0.4374275475519729
1.017	0.4354293131680537
1.018	0.4334212687841338
1.019	0.4314034144002136
1.02	0.4293757500162944
1.021	0.427338275632374
1.022	0.4252909912484548
1.023	0.4232338968645362
1.024	0.4211669924806162
1.025	0.4190902780966964
1.026	0.4170037537127768
1.027	0.4149074193288568
1.028	0.4128012749449372
1.029	0.4106853205610191
1.03	0.4085595561770986
1.031	0.4064239817931796
1.032	0.4042785974092608
1.033	0.4021234030253409
1.034	0.3999583986414216
1.035	0.397783584257503
1.036	0.3955989598735827
1.037	0.393404525489664
1.038	0.3912002811057446
1.039	0.388986226721825
1.04	0.3867623623379059
1.041	0.3845286879539866
1.042	0.3822852035700667
1.043	0.3800319091861483
1.044	0.3777688048022282
1.045	0.375495890418309
1.046	0.3732131660343903
1.047	0.3709206316504703
1.048	0.3686182872665508
1.049	0.3663061328826321
1.05	0.3639841684987115
1.051	0.361652394114792
1.052	0.3593108097308718
1.053	0.3569594153469523
1.054	0.3545982109630333
1.055	0.3522271965791135
1.056	0.3498463721951932
1.057	0.3474557378112739
1.058	0.3450552934273535
1.059	0.3426450390434346
1.06	0.340224974659515
1.061	0.3377951002755955
1.062	0.3353554158916764
1.063	0.3329059215077566
1.064	0.3304466171238363
1.065	0.3279775027399168
1.066	0.3254985783559965
1.067	0.3230098439720777
1.068	0.3205112995881578
1.069	0.3180029452042384
1.07	0.3154847808203194
1.071	0.3129568064363995
1.072	0.31041902205248
1.073	0.3078714276685608
1.074	0.3053140232846408
1.075	0.3027468089007223
1.076	0.3001697845168018
1.077	0.2975829501328828
1.078	0.294986305748963
1.079	0.2923798513650436
1.08	0.2897635869811244
1.081	0.2871375125972045
1.082	0.284501628213285
1.083	0.2818559338293655
1.084	0.2792004294454451
1.085	0.2765351150615256
1.086	0.2738599906776052
1.087	0.2711750562936865
1.088	0.2684803119097661
1.089	0.265775757525847
1.09	0.2630613931419271
1.091	0.2603372187580072
1.092	0.2576032343740871
1.093	0.2548594399901673
1.094	0.2521058356062479
1.095	0.2493424212223281
1.096	0.2465691968384084
1.097	0.243786162454489
1.098	0.2409933180705691
1.099	0.2381906636866499
1.1	0.2353781993027297
1.101	0.2325559249188108
1.102	0.2297238405348904
1.103	0.2268819461509716
1.104	0.2240302417670511
1.105	0.2211687273831321
1.106	0.2182974029992117
1.107	0.2154162686152926
1.108	0.2125253242313723
1.109	0.2096245698474525
1.11	0.2067140054635319
1.111	0.2037936310796121
1.112	0.2008634466956917
1.113	0.1979234523117723
1.114	0.1949736479278522
1.115	0.1920140335439328
1.116	0.1890446091600126
1.117	0.1860653747760928
1.118	0.1830763303921723
1.119	0.1800774760082529
1.12	0.1770688116243327
1.121	0.1740503372404134
1.122	0.1710220528564931
1.123	0.1679839584725739
1.124	0.1649360540886534
1.125	0.1618783397047343
1.126	0.1588108153208138
1.127	0.1557334809368946
1.128	0.1526463365529741
1.129	0.1495493821690547
1.13	0.1464426177851341
1.131	0.1433260434012142
1.132	0.1401996590172942
1.133	0.1370634646333744
1.134	0.1339174602494543
1.135	0.1307616458655347
1.136	0.1275960214816143
1.137	0.1244205870976945
1.138	0.1212353427137737
1.139	0.1180402883298538
1.14	0.1148354239459331
1.141	0.1116207495620132
1.142	0.108396265178093
1.143	0.1051619707941734
1.144	0.1019178664102529
1.145	0.09866395202633331
1.146	0.095400227642413
1.147	0.09212669325849299
1.148	0.08884334887457231
1.149	0.08555019449065272
1.15	0.08224723010673196
1.151	0.07893445572281205
1.152	0.07561187133889156
1.153	0.07227947695497186
1.154	0.06893727257105188
1.155	0.0655852581871313
1.156	0.06222343380321145
1.157	0.05885179941929087
1.158	0.05547035503537097
1.159	0.0520791006514502
1.16	0.04867803626753035
1.161	0.04526716188360969
1.162	0.04184647749968958
1.163	0.03841598311576871
1.164	0.03497567873184861
1.165	0.03152556434792773
1.166	0.02806563996400773
1.167	0.02459590558008681
1.168	0.02111636119616684
1.169	0.01762700681224598
1.17	0.0141278424283258
1.171	0.01061886804440493
1.172	0.007100083660484787
1.173	0.003571489276563778
1.174	3.308489264360551e-05
1.175	0.00200928913289276
1.176	0.004831590421018954
1.177	0.007644081709145764
1.178	0.01044676299727192
1.179	0.01323963428539873
1.18	0.01602269557352496
1.181	0.01879594686165176
1.182	0.02155938814977797
1.183	0.02431301943790489
1.184	0.02705684072603128
1.185	0.02979085201415831
1.186	0.03251505330228466
1.187	0.03522944459041157
1.188	0.03793402587853795
1.189	0.04062879716666484
1.19	0.04331375845479115
1.191	0.04598890974291822
1.192	0.04865425103104473
1.193	0.05130978231917185
1.194	0.05395550360729841
1.195	0.05659141489542558
1.196	0.05921751618355192
1.197	0.06183380747167883
1.198	0.06444028875980531
1.199	0.06703696004793247
1.2	0.06962382133605909
1.201	0.0722008726241863
1.202	0.074768113912313
1.203	0.07732554520044001
1.204	0.07987316648856656
1.205	0.08241097777669362
1.206	0.08493897906482009
1.207	0.08745717035294746
1.208	0.08996555164107387
1.209	0.0924641229292008
1.21	0.09495288421732728
1.211	0.09743183550545476
1.212	0.09990097679358112
1.213	0.1023603080817082
1.214	0.1048098293698351
1.215	0.1072495406579624
1.216	0.1096794419460891
1.217	0.1120995332342165
1.218	0.1145098145223434
1.219	0.1169102858104704
1.22	0.119300947098597
1.221	0.121681798386724
1.222	0.1240528396748505
1.223	0.1264140709629782
1.224	0.1287654922511046
1.225	0.1311071035392317
1.226	0.1334389048273587
1.227	0.1357608961154859
1.228	0.138073077403613
1.229	0.1403754486917403
1.23	0.1426680099798672
1.231	0.1449507612679948
1.232	0.1472237025561213
1.233	0.1494868338442485
1.234	0.1517401551323753
1.235	0.1539836664205028
1.236	0.1562173677086298
1.237	0.1584412589967571
1.238	0.1606553402848843
1.239	0.1628596115730116
1.24	0.165054072861139
1.241	0.167238724149266
1.242	0.1694135654373933
1.243	0.1715785967255203
1.244	0.173733818013647
1.245	0.175879229301774
1.246	0.1780148305899007
1.247	0.1801406218780282
1.248	0.1822566031661551
1.249	0.1843627744542823
1.25	0.1864591357424089
1.251	0.1885456870305366
1.252	0.1906224283186635
1.253	0.1926893596067913
1.254	0.1947464808949181
1.255	0.1967937921830459
1.256	0.1988312934711726
1.257	0.2008589847592999
1.258	0.2028768660474266
1.259	0.2048849373355543
1.26	0.2068831986236812
1.261	0.2088716499118084
1.262	0.210850291199935
1.263	0.2128191224880625
1.264	0.2147781437761893
1.265	0.2167273550643167
1.266	0.2186667563524436
1.267	0.220596347640571
1.268	0.222516128928698
1.269	0.2244261002168254
1.27	0.2263262615049529
1.271	0.22821661279308
1.272	0.2300971540812073
1.273	0.2319678853693343
1.274	0.2338288066574617
1.275	0.2356799179455887
1.276	0.2375212192337159
1.277	0.2393527105218431
1.278	0.2411743918099702
1.279	0.2429862630980975
1.28	0.2447883243862244
1.281	0.2465805756743516
1.282	0.2483630169624788
1.283	0.2501356482506062
1.284	0.2518984695387332
1.285	0.2536514808268606
1.286	0.2553946821149876
1.287	0.2571280734031148
1.288	0.2588516546912421
1.289	0.2605654259793691
1.29	0.2622693872674967
1.291	0.2639635385556235
1.292	0.2656478798437514
1.293	0.267322411131878
1.294	0.2689871324200056
1.295	0.2706420437081326
1.296	0.2722871449962599
1.297	0.2739224362843872
1.298	0.2755479175725143
1.299	0.2771635888606419
1.3	0.278769450148769
1.301	0.2803655014368965
1.302	0.2819517427250242
1.303	0.2835281740131511
1.304	0.2850947953012789
1.305	0.2866516065894057
1.306	0.2881986078775339
1.307	0.2897357991656608
1.308	0.2912631804537883
1.309	0.2927807517419156
1.31	0.2942885130300429
1.311	0.2957864643181709
1.312	0.2972746056062981
1.313	0.2987529368944256
1.314	0.3002214581825534
1.315	0.3016801694706803
1.316	0.3031290707588083
1.317	0.3045681620469349
1.318	0.3059974433350626
1.319	0.3074169146231897
1.32	0.308826575911317
1.321	0.3102264271994447
1.322	0.3116164684875716
1.323	0.3129966997756989
1.324	0.3143671210638265
1.325	0.3157277323519534
1.326	0.3170785336400814
1.327	0.3184195249282081
1.328	0.3197507062163357
1.329	0.321072077504463
1.33	0.3223836387925901
1.331	0.3236853900807178
1.332	0.3249773313688448
1.333	0.326259462656972
1.334	0.3275317839450998
1.335	0.3287942952332268
1.336	0.330046996521355
1.337	0.3312898878094822
1.338	0.3325229690976095
1.339	0.3337462403857372
1.34	0.3349597016738642
1.341	0.3361633529619916
1.342	0.3373571942501191
1.343	0.3385412255382461
1.344	0.3397154468263741
1.345	0.3408798581145009
1.346	0.3420344594026284
1.347	0.3431792506907559
1.348	0.3443142319788829
1.349	0.3454394032670105
1.35	0.3465547645551379
1.351	0.347660315843265
1.352	0.348756057131393
1.353	0.3498419884195197
1.354	0.3509181097076473
1.355	0.3519844209957748
1.356	0.3530409222839018
1.357	0.3540876135720294
1.358	0.3551244948601568
1.359	0.3561515661482839
1.36	0.3571688274364119
1.361	0.3581762787245387
1.362	0.3591739200126662
1.363	0.3601617513007939
1.364	0.3611397725889208
1.365	0.3621079838770483
1.366	0.3630663851651759
1.367	0.3640149764533029
1.368	0.3649537577414309
1.369	0.3658827290295578
1.37	0.3668018903176854
1.371	0.3677112416058135
1.372	0.3686107828939404
1.373	0.369500514182068
1.374	0.370380435470196
1.375	0.3712505467583229
1.376	0.3721108480464507
1.377	0.3729613393345779
1.378	0.3738020206227052
1.379	0.374632891910833
1.38	0.3754539531989601
1.381	0.3762652044870873
1.382	0.3770666457752155
1.383	0.3778582770633421
1.384	0.3786400983514697
1.385	0.3794121096395974
1.386	0.3801743109277244
1.387	0.380926702215852
1.388	0.3816692835039795
1.389	0.3824020547921065
1.39	0.3831250160802345
1.391	0.3838381673683615
1.392	0.3845415086564888
1.393	0.3852350399446168
1.394	0.3859187612327438
1.395	0.3865926725208713
1.396	0.3872567738089996
1.397	0.3879110650971264
1.398	0.3885555463852542
1.399	0.3891902176733821
1.4	0.3898150789615091
1.401	0.3904301302496367
1.402	0.3910353715377642
1.403	0.3916308028258912
1.404	0.3922164241140192
1.405	0.3927922354021464
1.406	0.3933582366902736
1.407	0.3939144279784015
1.408	0.3944608092665285
1.409	0.3949973805546561
1.41	0.3955241418427844
1.411	0.3960410931309112
1.412	0.3965482344190387
1.413	0.3970455657071667
1.414	0.3975330869952935
1.415	0.3980107982834213
1.416	0.398478699571549
1.417	0.398936790859676
1.418	0.3993850721478037
1.419	0.3998235434359313
1.42	0.4002522047240583
1.421	0.4006710560121862
1.422	0.4010800973003135
1.423	0.4014793285884407
1.424	0.4018687498765686
1.425	0.4022483611646957
1.426	0.4026181624528229
1.427	0.4029781537409511
1.428	0.4033283350290779
1.429	0.4036687063172054
1.43	0.4039992676053335
1.431	0.4043200188934603
1.432	0.4046309601815877
1.433	0.4049320914697158
1.434	0.4052234127578426
1.435	0.4055049240459702
1.436	0.405776625334098
1.437	0.406038516622225
1.438	0.4062905979103527
1.439	0.4065328691984805
1.44	0.4067653304866075
1.441	0.4069879817747353
1.442	0.4072008230628628
1.443	0.40740385435099
1.444	0.4075970756391179
1.445	0.4077804869272452
1.446	0.4079540882153724
1.447	0.4081178795035005
1.448	0.4082718607916276
1.449	0.408416032079755
1.45	0.4085503933678831
1.451	0.40867494465601
1.452	0.4087896859441374
1.453	0.4088946172322657
1.454	0.4089897385203925
1.455	0.40907504980852
1.456	0.4091505510966481
1.457	0.4092162423847749
1.458	0.4092721236729025
1.459	0.4093181949610305
1.46	0.4093544562491574
1.461	0.4093809075372851
1.462	0.4093975488254129
1.463	0.4094043801135399
1.464	0.4094014014016676
1.465	0.4093886126897953
1.466	0.4093660139779224
1.467	0.4093336052660502
1.468	0.4092913865541777
1.469	0.4092393578423049
1.47	0.4091775191304328
1.471	0.4091058704185601
1.472	0.4090244117066874
1.473	0.4089331429948154
1.474	0.4088320642829426
1.475	0.4087211755710699
1.476	0.408600476859198
1.477	0.4084699681473249
1.478	0.4083296494354525
1.479	0.4081795207235807
1.48	0.4080195820117075
1.481	0.407849833299835
1.482	0.4076702745879632
1.483	0.40748090587609
1.484	0.4072817271642176
1.485	0.4070727384523455
1.486	0.4068539397404724
1.487	0.4066253310286001
1.488	0.4063869123167279
1.489	0.4061386836048548
1.49	0.4058806448929826
1.491	0.4056127961811102
1.492	0.4053351374692373
1.493	0.4050476687573651
1.494	0.4047503900454925
1.495	0.4044433013336197
1.496	0.4041264026217478
1.497	0.403799693909875
1.498	0.4034631751980023
1.499	0.4031168464861304
1.5	0.4027607077742575
1.501	0.4023947590623849
1.502	0.4020190003505132
1.503	0.40163343163864
1.504	0.4012380529267675
1.505	0.4008328642148956
1.506	0.4004178655030225
1.507	0.39999305679115
1.508	0.3995584380792779
1.509	0.3991140093674047
1.51	0.3986597706555325
1.511	0.39819572194366
1.512	0.3977218632317872
1.513	0.397238194519915
1.514	0.3967447158080425
1.515	0.3962414270961696
1.516	0.3957283283842975
1.517	0.3952054196724247
1.518	0.3946727009605521
1.519	0.3941301722486803
1.52	0.3935778335368073
1.521	0.3930156848249347
1.522	0.3924437261130628
1.523	0.3918619574011895
1.524	0.3912703786893171
1.525	0.3906689899774449
1.526	0.3900577912655718
1.527	0.3894367825536994
1.528	0.3888059638418271
1.529	0.388165335129954
1.53	0.3875148964180818
1.531	0.3868546477062091
1.532	0.3861845889943364
1.533	0.3855047202824642
1.534	0.3848150415705914
1.535	0.3841155528587186
1.536	0.3834062541468467
1.537	0.3826871454349736
1.538	0.381958226723101
1.539	0.381219498011229
1.54	0.3804709592993557
1.541	0.3797126105874834
1.542	0.3789444518756109
1.543	0.3781664831637381
1.544	0.377378704451866
1.545	0.3765811157399935
1.546	0.3757737170281206
1.547	0.3749565083162487
1.548	0.3741294896043756
1.549	0.3732926608925032
1.55	0.3724460221806314
1.551	0.3715895734687582
1.552	0.3707233147568856
1.553	0.3698472460450135
1.554	0.3689613673331404
1.555	0.3680656786212684
1.556	0.3671601799093958
1.557	0.366244871197523
1.558	0.3653197524856508
1.559	0.3643848237737779
1.56	0.3634400850619051
1.561	0.3624855363500332
1.562	0.3615211776381599
1.563	0.3605470089262878
1.564	0.3595630302144154
1.565	0.3585692415025426
1.566	0.3575656427906705
1.567	0.3565522340787979
1.568	0.3555290153669253
1.569	0.3544959866550539
1.57	0.3534531479431806
1.571	0.3524004992313082
1.572	0.3513380405194358
1.573	0.350265771807563
1.574	0.3491836930956909
1.575	0.3480918043838185
1.576	0.3469901056719456
1.577	0.3458785969600737
1.578	0.3447572782482004
1.579	0.3436261495363279
1.58	0.3424852108244555
1.581	0.3413344621125826
1.582	0.3401739034007101
1.583	0.3390035346888375
1.584	0.3378233559769646
1.585	0.3366333672650926
1.586	0.3354335685532193
1.587	0.3342239598413469
1.588	0.3330045411294743
1.589	0.3317753124176014
1.59	0.330536273705729
1.591	0.3292874249938562
1.592	0.3280287662819834
1.593	0.3267602975701113
1.594	0.325482018858238
1.595	0.3241939301463657
1.596	0.3228960314344928
1.597	0.3215883227226201
1.598	0.3202708040107479
1.599	0.3189434752988748
1.6	0.3176063365870021
1.601	0.3162593878751296
1.602	0.3149026291632566
1.603	0.3135360604513845
1.604	0.3121596817395113
1.605	0.3107734930276388
1.606	0.3093774943157661
1.607	0.3079716856038935
1.608	0.3065560668920215
1.609	0.3051306381801486
1.61	0.3036953994682759
1.611	0.3022503507564035
1.612	0.3007954920445303
1.613	0.2993308233326583
1.614	0.297856344620785
1.615	0.2963720559089129
1.616	0.2948779571970404
1.617	0.2933740484851676
1.618	0.2918603297732953
1.619	0.2903368010614222
1.62	0.2888034623495495
1.621	0.2872603136376769
1.622	0.2857073549258038
1.623	0.2841445862139317
1.624	0.2825720075020584
1.625	0.2809896187901861
1.626	0.279397420078313
1.627	0.2777954113664404
1.628	0.2761835926545677
1.629	0.2745619639426949
1.63	0.2729305252308224
1.631	0.2712892765189494
1.632	0.2696382178070766
1.633	0.267977349095204
1.634	0.2663066703833309
1.635	0.2646261816714586
1.636	0.2629358829595854
1.637	0.2612357742477132
1.638	0.2595258555358398
1.639	0.2578061268239675
1.64	0.2560765881120944
1.641	0.2543372394002218
1.642	0.252588080688349
1.643	0.2508291119764762
1.644	0.2490603332646036
1.645	0.2472817445527306
1.646	0.2454933458408579
1.647	0.243695137128985
1.648	0.2418871184171121
1.649	0.2400692897052395
1.65	0.2382416509933664
1.651	0.236404202281494
1.652	0.234556943569621
1.653	0.232699874857749
1.654	0.2308329961458756
1.655	0.2289563074340034
1.656	0.22706980872213
1.657	0.2251735000102577
1.658	0.2232673812983844
1.659	0.2213514525865119
1.66	0.2194257138746387
1.661	0.2174901651627661
1.662	0.2155448064508931
1.663	0.2135896377390204
1.664	0.2116246590271474
1.665	0.2096498703152747
1.666	0.2076652716034021
1.667	0.2056708628915289
1.668	0.2036666441796565
1.669	0.2016526154677833
1.67	0.1996287767559112
1.671	0.1975951280440377
1.672	0.195551669332165
1.673	0.1934984006202918
1.674	0.1914353219084197
1.675	0.1893624331965465
1.676	0.1872797344846742
1.677	0.1851872257728008
1.678	0.183084907060928
1.679	0.1809727783490545
1.68	0.1788508396371817
1.681	0.1767190909253087
1.682	0.1745775322134362
1.683	0.1724261635015628
1.684	0.17026498478969
1.685	0.1680939960778171
1.686	0.1659131973659445
1.687	0.1637225886540717
1.688	0.1615221699421989
1.689	0.1593119412303263
1.69	0.1570919025184534
1.691	0.1548620538065806
1.692	0.1526223950947076
1.693	0.1503729263828342
1.694	0.1481136476709617
1.695	0.1458445589590885
1.696	0.1435656602472157
1.697	0.1412769515353421
1.698	0.1389784328234693
1.699	0.1366701041115957
1.7	0.1343519653997228
1.701	0.1320240166878499
1.702	0.1296862579759771
1.703	0.1273386892641041
1.704	0.1249813105522315
1.705	0.1226141218403583
1.706	0.1202371231284859
1.707	0.1178503144166123
1.708	0.1154536957047393
1.709	0.1130472669928659
1.71	0.110631028280993
1.711	0.1082049795691198
1.712	0.1057691208572469
1.713	0.1033234521453733
1.714	0.1008679734335004
1.715	0.09840268472162737
1.716	0.09592758600975448
1.717	0.09344267729788121
1.718	0.09094795858600863
1.719	0.08844342987413538
1.72	0.08592909116226255
1.721	0.08340494245038921
1.722	0.08087098373851624
1.723	0.07832721502664297
1.724	0.07577363631477012
1.725	0.07321024760289675
1.726	0.07063704889102397
1.727	0.06805404017915039
1.728	0.06546122146727738
1.729	0.0628585927554037
1.73	0.06024615404353061
1.731	0.05762390533165694
1.732	0.05499184661978386
1.733	0.0523499779079102
1.734	0.04969829919603716
1.735	0.04703681048416371
1.736	0.04436551177229078
1.737	0.04168440306041713
1.738	0.03899348434854415
1.739	0.03629275563667055
1.74	0.03358221692479765
1.741	0.03086186821292407
1.742	0.02813170950105092
1.743	0.02539174078917727
1.744	0.02264196207730412
1.745	0.01988237336543035
1.746	0.01711297465355732
1.747	0.01433376594168357
1.748	0.01154474722981046
1.749	0.008745918517936631
1.75	0.005937279806063434
1.751	0.003118831094189613
1.752	0.0002905723823163971
1.753	0.001664360797157013
1.754	0.003919259766963735
1.755	0.0061643487367709
1.756	0.008399627706577623
1.757	0.01062509667638483
1.758	0.0128407556461916
1.759	0.01504660461599886
1.76	0.01724264358580558
1.761	0.01942887255561293
1.762	0.02160529152541974
1.763	0.02377190049522706
1.764	0.02592869946503385
1.765	0.02807568843484131
1.766	0.03021286740464805
1.767	0.03234023637445529
1.768	0.03445779534426219
1.769	0.03656554431406969
1.77	0.03866348328387664
1.771	0.04075161225368389
1.772	0.0428299312234907
1.773	0.04489844019329802
1.774	0.046957139163105
1.775	0.04900602813291235
1.776	0.05104510710271942
1.777	0.05307437607252694
1.778	0.05509383504233398
1.779	0.05710348401214128
1.78	0.05910332298194818
1.781	0.06109335195175563
1.782	0.06307357092156267
1.783	0.06504397989137016
1.784	0.06700457886117715
1.785	0.06895536783098456
1.786	0.07089634680079157
1.787	0.07282751577059904
1.788	0.07474887474040612
1.789	0.07666042371021368
1.79	0.07856216268002073
1.791	0.08045409164982815
1.792	0.08233621061963521
1.793	0.08420851958944237
1.794	0.08607101855925016
1.795	0.08792370752905715
1.796	0.08976658649886461
1.797	0.09159965546867178
1.798	0.09342291443847942
1.799	0.09523636340828641
1.8	0.09704000237809396
1.801	0.09883383134790139
1.802	0.1006178503177089
1.803	0.102392059287516
1.804	0.1041564582573236
1.805	0.1059110472271308
1.806	0.1076558261969382
1.807	0.1093907951667454
1.808	0.1111159541365531
1.809	0.1128313031063602
1.81	0.1145368420761678
1.811	0.1162325710459753
1.812	0.1179184900157828
1.813	0.11959459898559
1.814	0.1212608979553977
1.815	0.1229173869252048
1.816	0.1245640658950125
1.817	0.1262009348648196
1.818	0.1278279938346272
1.819	0.1294452428044346
1.82	0.131052681774242
1.821	0.1326503107440493
1.822	0.134238129713857
1.823	0.1358161386836642
1.824	0.1373843376534723
1.825	0.1389427266232794
1.826	0.140491305593087
1.827	0.1420300745628943
1.828	0.1435590335327019
1.829	0.1450781825025095
1.83	0.1465875214723169
1.831	0.1480870504421246
1.832	0.1495767694119323
1.833	0.1510566783817397
1.834	0.1525267773515475
1.835	0.1539870663213546
1.836	0.1554375452911625
1.837	0.1568782142609696
1.838	0.1583090732307774
1.839	0.1597301222005846
1.84	0.1611413611703923
1.841	0.1625427901401997
1.842	0.1639344091100073
1.843	0.1653162180798148
1.844	0.1666882170496223
1.845	0.1680504060194299
1.846	0.1694027849892372
1.847	0.1707453539590449
1.848	0.1720781129288523
1.849	0.1734010618986598
1.85	0.1747142008684674
1.851	0.1760175298382748
1.852	0.1773110488080825
1.853	0.1785947577778899
1.854	0.1798686567476976
1.855	0.1811327457175049
1.856	0.1823870246873127
1.857	0.18363149365712
1.858	0.1848661526269278
1.859	0.1860910015967351
1.86	0.187306040566543
1.861	0.1885112695363501
1.862	0.1897066885061581
1.863	0.1908922974759653
1.864	0.1920680964457732
1.865	0.1932340854155804
1.866	0.1943902643853884
1.867	0.1955366333551955
1.868	0.1966731923250035
1.869	0.1977999412948107
1.87	0.1989168802646187
1.871	0.2000240092344258
1.872	0.2011213282042338
1.873	0.2022088371740409
1.874	0.2032865361438489
1.875	0.2043544251136562
1.876	0.2054125040834645
1.877	0.2064607730532718
1.878	0.2074992320230797
1.879	0.2085278809928869
1.88	0.2095467199626949
1.881	0.2105557489325022
1.882	0.2115549679023103
1.883	0.2125443768721178
1.884	0.2135239758419256
1.885	0.2144937648117331
1.886	0.2154537437815408
1.887	0.2164039127513483
1.888	0.217344271721156
1.889	0.2182748206909636
1.89	0.2191955596607712
1.891	0.2201064886305789
1.892	0.2210076076003864
1.893	0.2218989165701942
1.894	0.2227804155400017
1.895	0.2236521045098098
1.896	0.2245139834796171
1.897	0.225366052449425
1.898	0.2262083114192324
1.899	0.2270407603890402
1.9	0.2278633993588476
1.901	0.2286762283286553
1.902	0.229479247298463
1.903	0.2302724562682707
1.904	0.2310558552380785
1.905	0.231829444207886
1.906	0.2325932231776939
1.907	0.2333471921475012
1.908	0.2340913511173093
1.909	0.2348257000871165
1.91	0.2355502390569246
1.911	0.2362649680267318
1.912	0.2369698869965398
1.913	0.2376649959663471
1.914	0.2383502949361549
1.915	0.2390257839059625
1.916	0.2396914628757703
1.917	0.2403473318455782
1.918	0.2409933908153857
1.919	0.2416296397851936
1.92	0.2422560787550008
1.921	0.242872707724809
1.922	0.2434795266946162
1.923	0.2440765356644241
1.924	0.2446637346342315
1.925	0.2452411236040393
1.926	0.245808702573847
1.927	0.2463664715436546
1.928	0.2469144305134625
1.929	0.2474525794832698
1.93	0.2479809184530779
1.931	0.2484994474228852
1.932	0.2490081663926931
1.933	0.2495070753625006
1.934	0.2499961743323084
1.935	0.2504754633021163
1.936	0.2509449422719238
1.937	0.2514046112417318
1.938	0.2518544702115391
1.939	0.2522945191813473
1.94	0.2527247581511545
1.941	0.2531451871209624
1.942	0.2535558060907699
1.943	0.2539566150605777
1.944	0.2543476140303854
1.945	0.254728803000193
1.946	0.2551001819700011
1.947	0.2554617509398084
1.948	0.2558135099096165
1.949	0.2561554588794239
1.95	0.2564875978492318
1.951	0.2568099268190396
1.952	0.2571224457888472
1.953	0.2574251547586552
1.954	0.2577180537284626
1.955	0.2580011426982709
1.956	0.2582744216680781
1.957	0.2585378906378861
1.958	0.2587915496076936
1.959	0.2590353985775014
1.96	0.2592694375473092
1.961	0.2594936665171168
1.962	0.2597080854869249
1.963	0.2599126944567322
1.964	0.2601074934265403
1.965	0.2602924823963477
1.966	0.2604676613661555
1.967	0.2606330303359633
1.968	0.2607885893057709
1.969	0.2609343382755789
1.97	0.2610702772453862
1.971	0.2611964062151944
1.972	0.2613127251850017
1.973	0.2614192341548096
1.974	0.2615159331246172
1.975	0.2616028220944249
1.976	0.2616799010642329
1.977	0.2617471700340403
1.978	0.2618046290038485
1.979	0.2618522779736558
1.98	0.2618901169434638
1.981	0.2619181459132713
1.982	0.261936364883079
1.983	0.2619447738528869
1.984	0.2619433728226944
1.985	0.2619321617925027
1.986	0.2619111407623099
1.987	0.2618803097321179
1.988	0.2618396687019254
1.989	0.2617892176717332
1.99	0.2617289566415411
1.991	0.2616588856113485
1.992	0.2615790045811567
1.993	0.2614893135509639
1.994	0.261389812520772
1.995	0.2612805014905795
1.996	0.2611613804603873
1.997	0.261032449430195
1.998	0.2608937084000026
1.999	0.2607451573698107
2	0.2605867963396181
2.001	0.2604186253094262
2.002	0.2602406442792327
2.003	0.2600528532490377
2.004	0.2598552522188429
2.005	0.2596478411886483
2.006	0.259430620158453
2.007	0.2592035891282588
2.008	0.2589667480980632
2.009	0.2587200970678694
2.01	0.2584636360376741
2.011	0.2581973650074796
2.012	0.2579212839772848
2.013	0.2576353929470898
2.014	0.2573396919168953
2.015	0.2570341808866997
2.016	0.2567188598565058
2.017	0.2563937288263105
2.018	0.256058787796116
2.019	0.2557140367659211
2.02	0.2553594757357263
2.021	0.2549951047055318
2.022	0.2546209236753363
2.023	0.2542369326451422
2.024	0.2538431316149466
2.025	0.2534395205847527
2.026	0.2530260995545573
2.027	0.2526028685243629
2.028	0.2521698274941682
2.029	0.2517269764639732
2.03	0.2512743154337787
2.031	0.2508118444035834
2.032	0.2503395633733894
2.033	0.249857472343194
2.034	0.2493655713129997
2.035	0.2488638602828047
2.036	0.2483523392526102
2.037	0.2478310082224156
2.038	0.2472998671922205
2.039	0.2467589161620262
2.04	0.2462081551318309
2.041	0.2456475841016369
2.042	0.2450772030714412
2.043	0.2444970120412471
2.044	0.2439070110110522
2.045	0.2433071999808577
2.046	0.2426975789506628
2.047	0.242078147920468
2.048	0.2414489068902737
2.049	0.2408098558600786
2.05	0.2401609948298845
2.051	0.2395023237996886
2.052	0.2388338427694947
2.053	0.2381555517392995
2.054	0.2374674507091052
2.055	0.2367695396789099
2.056	0.2360618186487153
2.057	0.2353442876185207
2.058	0.2346169465883257
2.059	0.2338797955581311
2.06	0.233132834527936
2.061	0.232376063497742
2.062	0.2316094824675467
2.063	0.2308330914373525
2.064	0.2300468904071574
2.065	0.2292508793769633
2.066	0.2284450583467685
2.067	0.2276294273165737
2.068	0.226803986286379
2.069	0.2259687352561843
2.07	0.2251236742259899
2.071	0.2242688031957947
2.072	0.2234041221656005
2.073	0.2225296311354055
2.074	0.2216453301052115
2.075	0.2207512190750159
2.076	0.219847298044822
2.077	0.2189335670146268
2.078	0.218010025984433
2.079	0.2170766749542375
2.08	0.2161335139240435
2.081	0.2151805428938487
2.082	0.2142177618636545
2.083	0.2132451708334593
2.084	0.212262769803265
2.085	0.2112705587730704
2.086	0.210268537742876
2.087	0.2092567067126809
2.088	0.2082350656824863
2.089	0.2072036146522918
2.09	0.2061623536220971
2.091	0.2051112825919022
2.092	0.2040504015617074
2.093	0.2029797105315131
2.094	0.2018992095013183
2.095	0.2008088984711235
2.096	0.1997087774409286
2.097	0.1985988464107344
2.098	0.1974791053805396
2.099	0.1963495543503448
2.1	0.19521019332015
2.101	0.1940610222899558
2.102	0.192902041259761
2.103	0.1917332502295664
2.104	0.1905546491993719
2.105	0.1893662381691779
2.106	0.1881680171389833
2.107	0.1869599861087888
2.108	0.1857421450785943
2.109	0.1845144940484
2.11	0.1832770330182054
2.111	0.1820297619880105
2.112	0.180772680957816
2.113	0.1795057899276215
2.114	0.1782290888974271
2.115	0.176942577867232
2.116	0.1756462568370377
2.117	0.1743401258068433
2.118	0.1730241847766494
2.119	0.1716984337464542
2.12	0.1703628727162603
2.121	0.1690175016860653
2.122	0.1676623206558715
2.123	0.166297329625676
2.124	0.1649225285954821
2.125	0.1635379175652874
2.126	0.1621434965350932
2.127	0.1607392655048982
2.128	0.1593252244747038
2.129	0.1579013734445096
2.13	0.1564677124143149
2.131	0.1550242413841203
2.132	0.1535709603539255
2.133	0.1521078693237316
2.134	0.1506349682935371
2.135	0.1491522572633422
2.136	0.147659736233148
2.137	0.1461574052029537
2.138	0.1446452641727598
2.139	0.1431233131425647
2.14	0.1415915521123708
2.141	0.1400499810821764
2.142	0.1384986000519823
2.143	0.1369374090217877
2.144	0.135366407991593
2.145	0.1337855969613992
2.146	0.1321949759312048
2.147	0.1305945449010099
2.148	0.1289843038708158
2.149	0.1273642528406212
2.15	0.1257343918104274
2.151	0.1240947207802324
2.152	0.1224452397500381
2.153	0.1207859487198442
2.154	0.1191168476896498
2.155	0.1174379366594549
2.156	0.115749215629261
2.157	0.1140506845990666
2.158	0.1123423435688726
2.159	0.1106241925386778
2.16	0.1088962315084834
2.161	0.1071584604782895
2.162	0.1054108794480955
2.163	0.1036534884179005
2.164	0.1018862873877065
2.165	0.1001092763575126
2.166	0.09832245532731837
2.167	0.09652582429712345
2.168	0.09471938326692964
2.169	0.09290313223673562
2.17	0.09107707120654156
2.171	0.08924120017634705
2.172	0.08739551914615325
2.173	0.0855400281159592
2.174	0.08367472708576504
2.175	0.08179961605557044
2.176	0.0799146950253766
2.177	0.07801996399518266
2.178	0.07611542296498879
2.179	0.07420107193479497
2.18	0.07227691090460039
2.181	0.07034293987440664
2.182	0.0683991588442129
2.183	0.06644556781401914
2.184	0.06448216678382448
2.185	0.06250895575363059
2.186	0.06052593472343688
2.187	0.05853310369324323
2.188	0.05653046266304871
2.189	0.05451801163285508
2.19	0.05249575060266145
2.191	0.05046367957246783
2.192	0.04842179854227332
2.193	0.04637010751207967
2.194	0.04430860648188593
2.195	0.04223729545169237
2.196	0.0401561744214978
2.197	0.03806524339130414
2.198	0.03596450236111058
2.199	0.03385395133091709
2.2	0.0317335903007227
2.201	0.02960341927052912
2.202	0.02746343824033563
2.203	0.02531364721014208
2.204	0.02315404617994763
2.205	0.02098463514975419
2.206	0.01880541411956087
2.207	0.01661638308936743
2.208	0.01441754205917304
2.209	0.01220889102897972
2.21	0.009990429998786386
2.211	0.007762158968593104
2.212	0.005524077938398845
2.213	0.003276186908205569
2.214	0.001018485878012302
2.215	0.0005464498397871457
2.216	0.002351618941775036
2.217	0.004147071374813367
2.218	0.005932713807851688
2.219	0.007708546240889998
2.22	0.009474568673929092
2.221	0.01123078110696744
2.222	0.01297718354000574
2.223	0.01471377597304402
2.224	0.01644055840608307
2.225	0.01815753083912135
2.226	0.01986469327215958
2.227	0.02156204570519782
2.228	0.02324958813823681
2.229	0.02492732057127498
2.23	0.02659524300431315
2.231	0.0282533554373513
2.232	0.02990165787039014
2.233	0.03154015030342829
2.234	0.03316883273646641
2.235	0.03478770516950452
2.236	0.0363967676025433
2.237	0.03799602003558136
2.238	0.03958546246861954
2.239	0.0411650949016577
2.24	0.04273491733469653
2.241	0.04429492976773465
2.242	0.04584513220077273
2.243	0.04738552463381072
2.244	0.04891610706684937
2.245	0.05043687949988733
2.246	0.05194784193292531
2.247	0.05344899436596334
2.248	0.05494033679900193
2.249	0.05642186923203985
2.25	0.05789359166507775
2.251	0.05935550409811574
2.252	0.06080760653115422
2.253	0.06224989896419216
2.254	0.0636823813972302
2.255	0.06510505383026825
2.256	0.06651791626330686
2.257	0.06792096869634474
2.258	0.06931421112938257
2.259	0.07069764356242034
2.26	0.07207126599545866
2.261	0.07343507842849654
2.262	0.07478908086153448
2.263	0.07613327329457233
2.264	0.07746765572761068
2.265	0.07879222816064835
2.266	0.08010699059368627
2.267	0.08141194302672432
2.268	0.08270708545976284
2.269	0.08399241789280067
2.27	0.08526794032583822
2.271	0.08653365275887619
2.272	0.08778955519191464
2.273	0.08903564762495247
2.274	0.09027193005799015
2.275	0.09149840249102814
2.276	0.09271506492406649
2.277	0.09392191735710409
2.278	0.09511895979014169
2.279	0.09630619222317963
2.28	0.09748361465621785
2.281	0.09865122708925532
2.282	0.09980902952229319
2.283	0.100957021955331
2.284	0.102095204388369
2.285	0.1032235768214067
2.286	0.1043421392544446
2.287	0.1054508916874823
2.288	0.1065498341205203
2.289	0.1076389665535583
2.29	0.1087182889865958
2.291	0.1097878014196333
2.292	0.1108475038526718
2.293	0.1118973962857095
2.294	0.1129374787187469
2.295	0.113967751151785
2.296	0.1149882135848232
2.297	0.1159988660178606
2.298	0.1169997084508986
2.299	0.1179907408839363
2.3	0.1189719633169742
2.301	0.1199433757500121
2.302	0.1209049781830496
2.303	0.1218567706160873
2.304	0.1227987530491254
2.305	0.1237309254821627
2.306	0.1246532879152007
2.307	0.1255658403482383
2.308	0.1264685827812756
2.309	0.127361515214314
2.31	0.1282446376473515
2.311	0.1291179500803892
2.312	0.129981452513427
2.313	0.1308351449464646
2.314	0.1316790273795025
2.315	0.1325130998125401
2.316	0.1333373622455776
2.317	0.1341518146786158
2.318	0.1349564571116532
2.319	0.1357512895446911
2.32	0.1365363119777287
2.321	0.1373115244107664
2.322	0.1380769268438043
2.323	0.1388325192768416
2.324	0.1395783017098795
2.325	0.1403142741429173
2.326	0.1410404365759547
2.327	0.1417567890089925
2.328	0.1424633314420298
2.329	0.1431600638750681
2.33	0.1438469863081056
2.331	0.1445240987411431
2.332	0.1451914011741808
2.333	0.1458488936072184
2.334	0.1464965760402564
2.335	0.1471344484732937
2.336	0.1477625109063316
2.337	0.1483807633393694
2.338	0.1489892057724068
2.339	0.1495878382054446
2.34	0.1501766606384817
2.341	0.1507556730715201
2.342	0.1513248755045574
2.343	0.1518842679375952
2.344	0.1524338503706328
2.345	0.1529736228036704
2.346	0.1535035852367082
2.347	0.1540237376697454
2.348	0.1545340801027834
2.349	0.155034612535821
2.35	0.1555253349688588
2.351	0.1560062474018963
2.352	0.1564773498349339
2.353	0.1569386422679718
2.354	0.157390124701009
2.355	0.1578317971340469
2.356	0.158263659567084
2.357	0.1586857120001222
2.358	0.1590979544331596
2.359	0.1595003868661973
2.36	0.1598930092992348
2.361	0.1602758217322725
2.362	0.1606488241653103
2.363	0.1610120165983475
2.364	0.1613653990313855
2.365	0.1617089714644226
2.366	0.1620427338974608
2.367	0.1623666863304981
2.368	0.1626808287635359
2.369	0.1629851611965735
2.37	0.1632796836296111
2.371	0.1635643960626487
2.372	0.1638392984956862
2.373	0.1641043909287241
2.374	0.1643596733617612
2.375	0.1646051457947993
2.376	0.1648408082278364
2.377	0.1650666606608745
2.378	0.1652827030939117
2.379	0.1654889355269495
2.38	0.165685357959987
2.381	0.1658719703930247
2.382	0.1660487728260624
2.383	0.1662157652590997
2.384	0.1663729476921376
2.385	0.1665203201251748
2.386	0.1666578825582128
2.387	0.1667856349912498
2.388	0.1669035774242879
2.389	0.1670117098573252
2.39	0.167110032290363
2.391	0.1671985447234005
2.392	0.1672772471564381
2.393	0.1673461395894757
2.394	0.1674052220225132
2.395	0.1674544944555509
2.396	0.1674939568885881
2.397	0.1675236093216261
2.398	0.1675434517546631
2.399	0.1675534841877012
2.4	0.1675537066207384
2.401	0.1675441190537764
2.402	0.1675247214868137
2.403	0.1674955139198515
2.404	0.167456496352889
2.405	0.1674076687859265
2.406	0.1673490312189642
2.407	0.1672805836520016
2.408	0.1672023260850394
2.409	0.1671142585180765
2.41	0.1670163809511146
2.411	0.1669086933841516
2.412	0.1667911958171898
2.413	0.1666638882502269
2.414	0.1665267706832648
2.415	0.1663798431163023
2.416	0.16622310554934
2.417	0.1660565579823775
2.418	0.165880200415415
2.419	0.1656940328484528
2.42	0.1654980552814901
2.421	0.1652922677145279
2.422	0.165076670147565
2.423	0.1648512625806031
2.424	0.1646160450136403
2.425	0.1643710174466781
2.426	0.1641161798797156
2.427	0.1638515323127533
2.428	0.1635770747457909
2.429	0.1632928071788282
2.43	0.1629987296118661
2.431	0.1626948420449034
2.432	0.1623811444779414
2.433	0.1620576369109786
2.434	0.1617243193440166
2.435	0.161381191777054
2.436	0.1610282542100919
2.437	0.1606655066431294
2.438	0.1602929490761669
2.439	0.1599105815092047
2.44	0.1595184039422421
2.441	0.15911641637528
2.442	0.1587046188083169
2.443	0.1582830112413551
2.444	0.1578515936743924
2.445	0.1574103661074304
2.446	0.1569593285404677
2.447	0.1564984809735054
2.448	0.1560278234065432
2.449	0.1555473558395806
2.45	0.1550570782726183
2.451	0.1545569907056555
2.452	0.1540470931386936
2.453	0.153527385571731
2.454	0.1529978680047686
2.455	0.1524585404378062
2.456	0.1519094028708438
2.457	0.1513504553038817
2.458	0.1507816977369187
2.459	0.150203130169957
2.46	0.1496147526029944
2.461	0.1490165650360324
2.462	0.1484085674690698
2.463	0.1477907599021073
2.464	0.1471631423351452
2.465	0.1465257147681825
2.466	0.1458784772012205
2.467	0.145221429634258
2.468	0.1445545720672959
2.469	0.1438779045003337
2.47	0.1431914269333708
2.471	0.1424951393664089
2.472	0.1417890417994463
2.473	0.1410731342324844
2.474	0.1403474166655216
2.475	0.1396118890985593
2.476	0.1388665515315972
2.477	0.1381114039646344
2.478	0.1373464463976723
2.479	0.13657167883071
2.48	0.1357871012637478
2.481	0.1349927136967858
2.482	0.1341885161298228
2.483	0.133374508562861
2.484	0.1325506909958988
2.485	0.1317170634289365
2.486	0.1308736258619742
2.487	0.1300203782950117
2.488	0.1291573207280499
2.489	0.1282844531610877
2.49	0.1274017755941248
2.491	0.1265092880271629
2.492	0.1256069904602006
2.493	0.1246948828932385
2.494	0.123772965326276
2.495	0.1228412377593134
2.496	0.1218997001923516
2.497	0.1209483526253895
2.498	0.1199871950584267
2.499	0.1190162274914649
2.5	0.1180354499245027
2.501	0.1170448623575406
2.502	0.1160444647905782
2.503	0.1150342572236159
2.504	0.1140142396566539
2.505	0.1129844120896919
2.506	0.1119447745227292
2.507	0.1108953269557674
2.508	0.1098360693888055
2.509	0.1087670018218431
2.51	0.1076881242548807
2.511	0.1065994366879187
2.512	0.1055009391209563
2.513	0.1043926315539945
2.514	0.1032745139870321
2.515	0.1021465864200699
2.516	0.1010088488531077
2.517	0.09986130128614587
2.518	0.0987039437191832
2.519	0.09753677615222091
2.52	0.09635979858525924
2.521	0.09517301101829738
2.522	0.0939764134513348
2.523	0.09277000588437284
2.524	0.09155378831741096
2.525	0.09032776075044889
2.526	0.08909192318348609
2.527	0.08784627561652432
2.528	0.08659081804956241
2.529	0.08532555048260036
2.53	0.08405047291563779
2.531	0.08276558534867602
2.532	0.08147088778171416
2.533	0.08016638021475218
2.534	0.07885206264778968
2.535	0.07752793508082791
2.536	0.07619399751386616
2.537	0.07485024994690428
2.538	0.07349669237994173
2.539	0.07213332481297988
2.54	0.07076014724601795
2.541	0.06937715967905621
2.542	0.06798436211209377
2.543	0.06658175454513192
2.544	0.06516933697817005
2.545	0.06374710941120829
2.546	0.06231507184424587
2.547	0.06087322427728419
2.548	0.05942156671032246
2.549	0.05796009914336072
2.55	0.05648882157639831
2.551	0.0550077340094366
2.552	0.05351683644247492
2.553	0.0520161288755132
2.554	0.05050561130855088
2.555	0.04898528374158917
2.556	0.04745514617462757
2.557	0.04591519860766595
2.558	0.04436544104070357
2.559	0.04280587347374189
2.56	0.04123649590678025
2.561	0.0396573083398187
2.562	0.03806831077285713
2.563	0.03646950320589477
2.564	0.0348608856389333
2.565	0.03324245807197184
2.566	0.03161422050501028
2.567	0.02997617293804796
2.568	0.02832831537108644
2.569	0.02667064780412505
2.57	0.02500317023716353
2.571	0.02332588267020128
2.572	0.02163878510323991
2.573	0.01994187753627845
2.574	0.0182351599693171
2.575	0.01651863240235494
2.576	0.01479229483539355
2.577	0.01305614726843221
2.578	0.01131018970147091
2.579	0.009554422134508852
2.58	0.007788844567547606
2.581	0.006013457000586326
2.582	0.004228259433625035
2.583	0.002433251866662934
2.584	0.0006284342997016559
2.585	0.0008045330834871424
2.586	0.002244485739315806
2.587	0.003674628395145091
2.588	0.005094961050973727
2.589	0.006505483706802415
2.59	0.007906196362631091
2.591	0.009297099018460372
2.592	0.01067819167428902
2.593	0.01204947433011766
2.594	0.01341094698594632
2.595	0.01476260964177555
2.596	0.01610446229760419
2.597	0.0174365049534328
2.598	0.01875873760926132
2.599	0.0200711602650905
2.6	0.02137377292091907
2.601	0.02266657557674766
2.602	0.02394956823257615
2.603	0.02522275088840527
2.604	0.02648612354423377
2.605	0.02773968620006233
2.606	0.02898343885589082
2.607	0.03021738151171985
2.608	0.03144151416754843
2.609	0.03265583682337698
2.61	0.03386034947920548
2.611	0.0350550521350344
2.612	0.03623994479086288
2.613	0.03741502744669141
2.614	0.03858030010251984
2.615	0.03973576275834882
2.616	0.04088141541417722
2.617	0.04201725807000561
2.618	0.043143290725834
2.619	0.04425951338166285
2.62	0.04536592603749116
2.621	0.04646252869331947
2.622	0.04754932134914777
2.623	0.04862630400497657
2.624	0.04969347666080488
2.625	0.05075083931663318
2.626	0.05179839197246159
2.627	0.05283613462829047
2.628	0.05386406728411889
2.629	0.05488218993994722
2.63	0.05589050259577552
2.631	0.05688900525160426
2.632	0.05787769790743258
2.633	0.05885658056326089
2.634	0.05982565321908918
2.635	0.0607849158749179
2.636	0.06173436853074619
2.637	0.06267401118657444
2.638	0.0636038438424026
2.639	0.06452386649823122
2.64	0.06543407915405959
2.641	0.06633448180988794
2.642	0.06722507446571625
2.643	0.0681058571215449
2.644	0.06897682977737307
2.645	0.06983799243320125
2.646	0.07068934508902935
2.647	0.07153088774485805
2.648	0.07236262040068635
2.649	0.0731845430565146
2.65	0.0739966557123428
2.651	0.0747989583681712
2.652	0.07559145102399945
2.653	0.07637413367982779
2.654	0.07714700633565606
2.655	0.07791006899148459
2.656	0.0786633216473126
2.657	0.07940676430314082
2.658	0.08014039695896918
2.659	0.08086421961479776
2.66	0.0815782322706259
2.661	0.08228243492645392
2.662	0.08297682758228228
2.663	0.08366141023811088
2.664	0.08433618289393906
2.665	0.08500114554976711
2.666	0.08565629820559535
2.667	0.08630164086142393
2.668	0.08693717351725204
2.669	0.08756289617307998
2.67	0.08817880882890813
2.671	0.08878491148473666
2.672	0.08938120414056476
2.673	0.08996768679639268
2.674	0.09054435945222093
2.675	0.09111122210804949
2.676	0.09166827476387761
2.677	0.09221551741970557
2.678	0.09275295007553393
2.679	0.09328057273136239
2.68	0.09379838538719039
2.681	0.09430638804301832
2.682	0.09480458069884669
2.683	0.09529296335467509
2.684	0.09577153601050302
2.685	0.09624029866633123
2.686	0.09669925132215951
2.687	0.09714839397798777
2.688	0.09758772663381575
2.689	0.09801724928964416
2.69	0.09843696194547231
2.691	0.0988468646013002
2.692	0.09924695725712863
2.693	0.09963723991295687
2.694	0.1000177125687848
2.695	0.1003883752246129
2.696	0.1007492278804414
2.697	0.1011002705362694
2.698	0.1014415031920973
2.699	0.1017729258479257
2.7	0.1020945385037539
2.701	0.1024063411595818
2.702	0.1027083338154101
2.703	0.1030005164712383
2.704	0.1032828891270664
2.705	0.1035554517828945
2.706	0.1038182044387228
2.707	0.1040711470945508
2.708	0.104314279750379
2.709	0.1045476024062073
2.71	0.1047711150620353
2.711	0.1049848177178632
2.712	0.1051887103736917
2.713	0.1053827930295198
2.714	0.1055670656853476
2.715	0.105741528341176
2.716	0.1059061809970043
2.717	0.1060610236528321
2.718	0.1062060563086605
2.719	0.1063412789644886
2.72	0.1064666916203166
2.721	0.1065822942761449
2.722	0.1066880869319731
2.723	0.106784069587801
2.724	0.1068702422436292
2.725	0.1069466048994575
2.726	0.1070131575552854
2.727	0.1070699002111136
2.728	0.1071168328669419
2.729	0.1071539555227698
2.73	0.1071812681785979
2.731	0.1071987708344263
2.732	0.1072064634902543
2.733	0.1072043461460823
2.734	0.1071924188019107
2.735	0.1071706814577387
2.736	0.1071391341135667
2.737	0.107097776769395
2.738	0.1070466094252231
2.739	0.106985632081051
2.74	0.1069148447368794
2.741	0.1068342473927075
2.742	0.1067438400485354
2.743	0.1066436227043638
2.744	0.1065335953601919
2.745	0.1064137580160197
2.746	0.1062841106718482
2.747	0.1061446533276763
2.748	0.1059953859835042
2.749	0.1058363086393325
2.75	0.1056674212951608
2.751	0.1054887239509887
2.752	0.1053002166068169
2.753	0.1051018992626452
2.754	0.1048937719184732
2.755	0.1046758345743014
2.756	0.1044480872301296
2.757	0.1042105298859576
2.758	0.1039631625417857
2.759	0.1037059851976141
2.76	0.103438997853442
2.761	0.10316220050927
2.762	0.1028755931650985
2.763	0.1025791758209266
2.764	0.1022729484767544
2.765	0.1019569111325829
2.766	0.1016310637884111
2.767	0.1012954064442391
2.768	0.1009499391000672
2.769	0.1005946617558956
2.77	0.1002295744117236
2.771	0.09985467706755181
2.772	0.09946996972338004
2.773	0.09907545237920817
2.774	0.09867112503503617
2.775	0.09825698769086466
2.776	0.0978330403466927
2.777	0.09739928300252071
2.778	0.09695571565834901
2.779	0.09650233831417736
2.78	0.09603915097000527
2.781	0.09556615362583337
2.782	0.09508334628166186
2.783	0.09459072893749014
2.784	0.09408830159331795
2.785	0.09357606424914622
2.786	0.0930540169049746
2.787	0.09252215956080283
2.788	0.09198049221663061
2.789	0.09142901487245909
2.79	0.09086772752828741
2.791	0.09029663018411559
2.792	0.08971572283994352
2.793	0.08912500549577201
2.794	0.08852447815160035
2.795	0.08791414080742853
2.796	0.08729399346325643
2.797	0.08666403611908487
2.798	0.08602426877491315
2.799	0.08537469143074136
2.8	0.08471530408656926
2.801	0.08404610674239769
2.802	0.08336709939822602
2.803	0.08267828205405428
2.804	0.08197965470988208
2.805	0.08127121736571062
2.806	0.08055297002153905
2.807	0.07982491267736737
2.808	0.07908704533319519
2.809	0.07833936798902352
2.81	0.07758188064485201
2.811	0.07681458330068042
2.812	0.07603747595650832
2.813	0.07525055861233651
2.814	0.07445383126816497
2.815	0.07364729392399345
2.816	0.07283094657982184
2.817	0.07200478923564978
2.818	0.07116882189147805
2.819	0.07032304454730638
2.82	0.06946745720313496
2.821	0.06860205985896305
2.822	0.06772685251479145
2.823	0.06684183517061983
2.824	0.06594700782644815
2.825	0.06504237048227612
2.826	0.06412792313810455
2.827	0.06320366579393309
2.828	0.06226959844976161
2.829	0.06132572110558965
2.83	0.06037203376141809
2.831	0.05940853641724653
2.832	0.05843522907307502
2.833	0.05745211172890307
2.834	0.05645918438473155
2.835	0.05545644704055999
2.836	0.05444389969638858
2.837	0.05342154235221677
2.838	0.05238937500804541
2.839	0.05134739766387397
2.84	0.05029561031970258
2.841	0.04923401297553068
2.842	0.04816260563135928
2.843	0.04708138828718787
2.844	0.04599036094301641
2.845	0.04488952359884447
2.846	0.04377887625467302
2.847	0.04265841891050157
2.848	0.04152815156633029
2.849	0.04038807422215852
2.85	0.03923818687798726
2.851	0.03807848953381591
2.852	0.03690898218964458
2.853	0.03572966484547275
2.854	0.03454053750130142
2.855	0.03334160015713006
2.856	0.03213285281295881
2.857	0.03091429546878701
2.858	0.02968592812461575
2.859	0.02844775078044439
2.86	0.02719976343627321
2.861	0.02594196609210148
2.862	0.02467435874793021
2.863	0.02339694140375904
2.864	0.02210971405958776
2.865	0.02081267671541605
2.866	0.01950582937124484
2.867	0.01818917202707376
2.868	0.01686270468290263
2.869	0.0155264273387309
2.87	0.01418033999455982
2.871	0.01282444265038874
2.872	0.01145873530621767
2.873	0.010083217962046
2.874	0.008697890617874944
2.875	0.007302753273703923
2.876	0.005897805929532912
2.877	0.00448304858536126
2.878	0.003058481241190223
2.879	0.001624103897019174
2.88	0.0001799165528481777
2.881	0.0004137812290859182
2.882	0.001564599043052447
2.883	0.002705606857018965
2.884	0.003836804670985493
2.885	0.004958192484952547
2.886	0.00606977029891909
2.887	0.007171538112885632
2.888	0.008263495926852162
2.889	0.009345643740819191
2.89	0.01041798155478575
2.891	0.01148050936875228
2.892	0.0125332271827188
2.893	0.01357613499668578
2.894	0.01460923281065233
2.895	0.01563252062461885
2.896	0.01664599843858532
2.897	0.01764966625255231
2.898	0.01864352406651875
2.899	0.01962757188048516
2.9	0.02060180969445167
2.901	0.02156623750841846
2.902	0.02252085532238495
2.903	0.02346566313635132
2.904	0.0244006609503178
2.905	0.02532584876428454
2.906	0.02624122657825094
2.907	0.02714679439221735
2.908	0.02804255220618367
2.909	0.02892850002015051
2.91	0.0298046378341169
2.911	0.03067096564808322
2.912	0.03152748346204956
2.913	0.03237419127601634
2.914	0.03321108908998268
2.915	0.03403817690394895
2.916	0.03485545471791525
2.917	0.03566292253188201
2.918	0.03646058034584833
2.919	0.03724842815981463
2.92	0.03802646597378093
2.921	0.03879469378774755
2.922	0.03955311160171377
2.923	0.04030171941568003
2.924	0.04104051722964638
2.925	0.04176950504361298
2.926	0.04248868285757924
2.927	0.04319805067154549
2.928	0.04389760848551178
2.929	0.04458735629947837
2.93	0.04526729411344464
2.931	0.0459374219274109
2.932	0.04659773974137717
2.933	0.04724824755534372
2.934	0.04788894536930997
2.935	0.04851983318327623
2.936	0.04914091099724246
2.937	0.04975217881120896
2.938	0.05035363662517518
2.939	0.05094528443914138
2.94	0.05152712225310759
2.941	0.05209915006707409
2.942	0.05266136788104033
2.943	0.05321377569500658
2.944	0.05375637350897279
2.945	0.05428916132293897
2.946	0.05481213913690539
2.947	0.05532530695087159
2.948	0.05582866476483776
2.949	0.05632221257880397
2.95	0.05680595039277034
2.951	0.0572798782067365
2.952	0.05774399602070267
2.953	0.0581983038346688
2.954	0.05864280164863527
2.955	0.05907748946260153
2.956	0.05950236727656776
2.957	0.05991743509053398
2.958	0.06032269290450037
2.959	0.06071814071846655
2.96	0.0611037785324327
2.961	0.06147960634639885
2.962	0.06184562416036515
2.963	0.06220183197433127
2.964	0.06254822978829751
2.965	0.06288481760226375
2.966	0.06321159541623012
2.967	0.06352856323019632
2.968	0.06383572104416251
2.969	0.06413306885812864
2.97	0.06442060667209487
2.971	0.06469833448606095
2.972	0.06496625230002709
2.973	0.06522436011399334
2.974	0.06547265792795967
2.975	0.06571114574192585
2.976	0.06593982355589201
2.977	0.06615869136985814
2.978	0.06636774918382432
2.979	0.06656699699779037
2.98	0.06675643481175664
2.981	0.06693606262572288
2.982	0.06710588043968917
2.983	0.06726588825365533
2.984	0.06741608606762145
2.985	0.06755647388158753
2.986	0.06768705169555368
2.987	0.06780781950951997
2.988	0.06791877732348621
2.989	0.06801992513745241
2.99	0.06811126295141859
2.991	0.06819279076538472
2.992	0.06826450857935079
2.993	0.06832641639331696
2.994	0.06837851420728325
2.995	0.06842080202124948
2.996	0.06845327983521567
2.997	0.0684759476491818
2.998	0.06848880546314791
2.999	0.06849185327711396
3	0.06848509109108025
