0	-9.809999999999999e-06
0.001	-0.009810000000000001
0.002	-0.01962
0.003	-0.02943
0.004	-0.03924
0.005	-0.04905
0.006	-0.05886
0.007	-0.06867000000000001
0.008	-0.07848000000000001
0.009000000000000001	-0.08829000000000002
0.01	-0.09810000000000001
0.011	-0.10791
0.012	-0.11772
0.013	-0.12753
0.014	-0.13734
0.015	-0.14715
0.016	-0.15696
0.017	-0.16677
0.018	-0.17658
0.019	-0.18639
0.02	-0.1962
0.021	-0.20601
0.022	-0.21582
0.023	-0.22563
0.024	-0.23544
0.025	-0.24525
0.026	-0.25506
0.027	-0.26487
0.028	-0.27468
0.029	-0.28449
0.03	-0.2943
0.031	-0.30411
0.032	-0.31392
0.033	-0.32373
0.034	-0.3335400000000001
0.035	-0.34335
0.036	-0.3531600000000001
0.037	-0.36297
0.038	-0.37278
0.039	-0.38259
0.04	-0.3924
0.041	-0.40221
0.042	-0.4120200000000001
0.043	-0.42183
0.044	-0.43164
0.045	-0.44145
0.046	-0.45126
0.047	-0.46107
0.048	-0.47088
0.049	-0.4806900000000001
0.05	-0.4905
0.051	-0.50031
0.052	-0.51012
0.053	-0.51993
0.054	-0.52974
0.055	-0.5395500000000001
0.056	-0.5493600000000001
0.057	-0.5591700000000001
0.058	-0.56898
0.059	-0.57879
0.06	-0.5886
0.061	-0.59841
0.062	-0.60822
0.063	-0.6180300000000001
0.064	-0.6278400000000001
0.065	-0.6376500000000001
0.066	-0.64746
0.067	-0.65727
0.068	-0.6670800000000001
0.06900000000000001	-0.6768900000000001
0.07000000000000001	-0.6867000000000001
0.07100000000000001	-0.6965100000000001
0.07200000000000001	-0.7063200000000002
0.073	-0.71613
0.074	-0.72594
0.075	-0.73575
0.076	-0.74556
0.077	-0.75537
0.078	-0.7651800000000001
0.079	-0.7749900000000001
0.08	-0.7848000000000001
0.081	-0.79461
0.082	-0.80442
0.083	-0.8142300000000001
0.08400000000000001	-0.8240400000000001
0.08500000000000001	-0.8338500000000001
0.08600000000000001	-0.8436600000000001
0.08700000000000001	-0.8534700000000002
0.08799999999999999	-0.86328
0.089	-0.87309
0.09	-0.8829
0.091	-0.89271
0.092	-0.90252
0.093	-0.9123300000000001
0.094	-0.9221400000000001
0.095	-0.9319500000000001
0.096	-0.94176
0.097	-0.95157
0.098	-0.9613800000000001
0.099	-0.9711900000000001
0.1	-0.9810000000000001
0.101	-0.9908100000000001
0.102	-1.00062
0.103	-1.01043
0.104	-1.02024
0.105	-1.03005
0.106	-1.03986
0.107	-1.04967
0.108	-1.05948
0.109	-1.06929
0.11	-1.0791
0.111	-1.08891
0.112	-1.09872
0.113	-1.10853
0.114	-1.11834
0.115	-1.12815
0.116	-1.13796
0.117	-1.14777
0.118	-1.15758
0.119	-1.16739
0.12	-1.1772
0.121	-1.18701
0.122	-1.19682
0.123	-1.20663
0.124	-1.21644
0.125	-1.22625
0.126	-1.23606
0.127	-1.24587
0.128	-1.25568
0.129	-1.26549
0.13	-1.2753
0.131	-1.28511
0.132	-1.29492
0.133	-1.30473
0.134	-1.31454
0.135	-1.32435
0.136	-1.33416
0.137	-1.34397
0.138	-1.35378
0.139	-1.36359
0.14	-1.3734
0.141	-1.38321
0.142	-1.39302
0.143	-1.40283
0.144	-1.41264
0.145	-1.42245
0.146	-1.43226
0.147	-1.44207
0.148	-1.45188
0.149	-1.46169
0.15	-1.4715
0.151	-1.48131
0.152	-1.49112
0.153	-1.50093
0.154	-1.51074
0.155	-1.52055
0.156	-1.53036
0.157	-1.54017
0.158	-1.54998
0.159	-1.55979
0.16	-1.5696
0.161	-1.57941
0.162	-1.58922
0.163	-1.59903
0.164	-1.60884
0.165	-1.61865
0.166	-1.62846
0.167	-1.63827
0.168	-1.64808
0.169	-1.65789
0.17	-1.6677
0.171	-1.67751
0.172	-1.68732
0.173	-1.69713
0.174	-1.70694
0.175	-1.71675
0.176	-1.72656
0.177	-1.73637
0.178	-1.74618
0.179	-1.75599
0.18	-1.7658
0.181	-1.77561
0.182	-1.78542
0.183	-1.79523
0.184	-1.80504
0.185	-1.81485
0.186	-1.82466
0.187	-1.83447
0.188	-1.84428
0.189	-1.85409
0.19	-1.8639
0.191	-1.87371
0.192	-1.88352
0.193	-1.89333
0.194	-1.90314
0.195	-1.91295
0.196	-1.92276
0.197	-1.93257
0.198	-1.94238
0.199	-1.95219
0.2	-1.962
0.201	-1.97181
0.202	-1.98162
0.203	-1.99143
0.204	-2.00124
0.205	-2.01105
0.206	-2.02086
0.207	-2.03067
0.208	-2.04048
0.209	-2.05029
0.21	-2.0601
0.211	-2.06991
0.212	-2.07972
0.213	-2.08953
0.214	-2.09934
0.215	-2.10915
0.216	-2.11896
0.217	-2.12877
0.218	-2.13858
0.219	-2.14839
0.22	-2.1582
0.221	-2.16801
0.222	-2.17782
0.223	-2.18763
0.224	-2.19744
0.225	-2.20725
0.226	-2.21706
0.227	-2.22687
0.228	-2.23668
0.229	-2.24649
0.23	-2.2563
0.231	-2.26611
0.232	-2.27592
0.233	-2.28573
0.234	-2.29554
0.235	-2.30535
0.236	-2.31516
0.237	-2.32497
0.238	-2.33478
0.239	-2.34459
0.24	-2.3544
0.241	-2.36421
0.242	-2.37402
0.243	-2.38383
0.244	-2.39364
0.245	-2.40345
0.246	-2.41326
0.247	-2.42307
0.248	-2.43288
0.249	-2.44269
0.25	-2.4525
0.251	-2.46231
0.252	-2.47212
0.253	-2.48193
0.254	-2.49174
0.255	-2.50155
0.256	-2.51136
0.257	-2.52117
0.258	-2.53098
0.259	-2.54079
0.26	-2.5506
0.261	-2.56041
0.262	-2.57022
0.263	-2.58003
0.264	-2.58984
0.265	-2.59965
0.266	-2.60946
0.267	-2.61927
0.268	-2.62908
0.269	-2.63889
0.27	-2.6487
0.271	-2.65851
0.272	-2.66832
0.273	-2.67813
0.274	-2.68794
0.275	-2.697750000000001
0.276	-2.70756
0.277	-2.71737
0.278	-2.727180000000001
0.279	-2.73699
0.28	-2.7468
0.281	-2.75661
0.282	-2.766420000000001
0.283	-2.77623
0.284	-2.78604
0.285	-2.795850000000001
0.286	-2.80566
0.287	-2.81547
0.288	-2.825280000000001
0.289	-2.83509
0.29	-2.8449
0.291	-2.85471
0.292	-2.86452
0.293	-2.87433
0.294	-2.88414
0.295	-2.89395
0.296	-2.90376
0.297	-2.91357
0.298	-2.92338
0.299	-2.93319
0.3	-2.943
0.301	-2.95281
0.302	-2.96262
0.303	-2.97243
0.304	-2.98224
0.305	-2.99205
0.306	-3.00186
0.307	-3.01167
0.308	-3.02148
0.309	-3.03129
0.31	-3.0411
0.311	-3.05091
0.312	-3.06072
0.313	-3.07053
0.314	-3.08034
0.315	-3.09015
0.316	-3.09996
0.317	-3.10977
0.318	-3.11958
0.319	-3.12939
0.32	-3.1392
0.321	-3.14901
0.322	-3.15882
0.323	-3.16863
0.324	-3.17844
0.325	-3.18825
0.326	-3.19806
0.327	-3.20787
0.328	-3.21768
0.329	-3.22749
0.33	-3.2373
0.331	-3.24711
0.332	-3.25692
0.333	-3.26673
0.334	-3.27654
0.335	-3.286350000000001
0.336	-3.29616
0.337	-3.30597
0.338	-3.31578
0.339	-3.32559
0.34	-3.3354
0.341	-3.34521
0.342	-3.355020000000001
0.343	-3.36483
0.344	-3.37464
0.345	-3.384450000000001
0.346	-3.39426
0.347	-3.40407
0.348	-3.413880000000001
0.349	-3.423690000000001
0.35	-3.4335
0.351	-3.44331
0.352	-3.45312
0.353	-3.46293
0.354	-3.47274
0.355	-3.48255
0.356	-3.49236
0.357	-3.50217
0.358	-3.51198
0.359	-3.52179
0.36	-3.5316
0.361	-3.54141
0.362	-3.55122
0.363	-3.56103
0.364	-3.57084
0.365	-3.58065
0.366	-3.59046
0.367	-3.60027
0.368	-3.61008
0.369	-3.61989
0.37	-3.6297
0.371	-3.63951
0.372	-3.64932
0.373	-3.65913
0.374	-3.66894
0.375	-3.67875
0.376	-3.68856
0.377	-3.69837
0.378	-3.70818
0.379	-3.71799
0.38	-3.7278
0.381	-3.73761
0.382	-3.74742
0.383	-3.75723
0.384	-3.76704
0.385	-3.77685
0.386	-3.78666
0.387	-3.79647
0.388	-3.80628
0.389	-3.81609
0.39	-3.8259
0.391	-3.83571
0.392	-3.84552
0.393	-3.85533
0.394	-3.86514
0.395	-3.874950000000001
0.396	-3.88476
0.397	-3.89457
0.398	-3.90438
0.399	-3.914190000000001
0.4	-3.924
0.401	-3.93381
0.402	-3.943620000000001
0.403	-3.95343
0.404	-3.96324
0.405	-3.973050000000001
0.406	-3.982860000000001
0.407	-3.99267
0.408	-4.00248
0.409	-4.01229
0.41	-4.022100000000001
0.411	-4.031910000000001
0.412	-4.041720000000001
0.413	-4.051530000000001
0.414	-4.06134
0.415	-4.07115
0.416	-4.08096
0.417	-4.09077
0.418	-4.10058
0.419	-4.11039
0.42	-4.1202
0.421	-4.13001
0.422	-4.13982
0.423	-4.14963
0.424	-4.15944
0.425	-4.16925
0.426	-4.17906
0.427	-4.188870000000001
0.428	-4.19868
0.429	-4.20849
0.43	-4.2183
0.431	-4.22811
0.432	-4.23792
0.433	-4.24773
0.434	-4.257540000000001
0.435	-4.26735
0.436	-4.27716
0.437	-4.28697
0.438	-4.29678
0.439	-4.30659
0.44	-4.316400000000001
0.441	-4.326210000000001
0.442	-4.33602
0.443	-4.34583
0.444	-4.35564
0.445	-4.36545
0.446	-4.37526
0.447	-4.385070000000001
0.448	-4.394880000000001
0.449	-4.40469
0.45	-4.4145
0.451	-4.42431
0.452	3.535609291972469
0.453	3.525799291972469
0.454	3.515989291972469
0.455	3.506179291972469
0.456	3.496369291972469
0.457	3.486559291972469
0.458	3.476749291972469
0.459	3.466939291972469
0.46	3.457129291972469
0.461	3.447319291972469
0.462	3.437509291972469
0.463	3.427699291972469
0.464	3.417889291972469
0.465	3.408079291972469
0.466	3.398269291972469
0.467	3.388459291972469
0.468	3.378649291972469
0.469	3.368839291972469
0.47	3.359029291972469
0.471	3.349219291972469
0.472	3.339409291972469
0.473	3.329599291972469
0.474	3.319789291972469
0.475	3.309979291972469
0.476	3.300169291972469
0.477	3.290359291972469
0.478	3.280549291972469
0.479	3.270739291972469
0.48	3.26092929197247
0.481	3.251119291972469
0.482	3.24130929197247
0.483	3.23149929197247
0.484	3.221689291972469
0.485	3.211879291972469
0.486	3.20206929197247
0.487	3.192259291972469
0.488	3.182449291972469
0.489	3.17263929197247
0.49	3.16282929197247
0.491	3.153019291972469
0.492	3.143209291972469
0.493	3.13339929197247
0.494	3.123589291972469
0.495	3.113779291972469
0.496	3.10396929197247
0.497	3.09415929197247
0.498	3.084349291972469
0.499	3.074539291972469
0.5	3.064729291972469
0.501	3.054919291972469
0.502	3.045109291972469
0.503	3.03529929197247
0.504	3.025489291972469
0.505	3.015679291972469
0.506	3.005869291972469
0.507	2.996059291972469
0.508	2.986249291972469
0.509	2.976439291972469
0.51	2.966629291972469
0.511	2.956819291972469
0.512	2.947009291972469
0.513	2.937199291972469
0.514	2.927389291972469
0.515	2.917579291972469
0.516	2.907769291972469
0.517	2.897959291972469
0.518	2.888149291972469
0.519	2.878339291972469
0.52	2.868529291972469
0.521	2.858719291972469
0.522	2.848909291972469
0.523	2.839099291972469
0.524	2.829289291972469
0.525	2.819479291972469
0.526	2.809669291972469
0.527	2.799859291972469
0.528	2.790049291972469
0.529	2.780239291972469
0.53	2.770429291972469
0.531	2.760619291972469
0.532	2.750809291972469
0.533	2.740999291972469
0.534	2.731189291972469
0.535	2.721379291972469
0.536	2.711569291972469
0.537	2.701759291972469
0.538	2.691949291972469
0.539	2.682139291972469
0.54	2.672329291972469
0.541	2.662519291972469
0.542	2.652709291972469
0.543	2.642899291972469
0.544	2.633089291972469
0.545	2.623279291972469
0.546	2.613469291972469
0.547	2.603659291972469
0.548	2.593849291972469
0.549	2.584039291972469
0.55	2.574229291972469
0.551	2.564419291972469
0.552	2.554609291972469
0.553	2.544799291972469
0.554	2.534989291972469
0.555	2.525179291972469
0.556	2.515369291972469
0.5570000000000001	2.505559291972469
0.5580000000000001	2.495749291972469
0.5590000000000001	2.485939291972469
0.5600000000000001	2.476129291972469
0.5610000000000001	2.466319291972469
0.5620000000000001	2.456509291972469
0.5630000000000001	2.446699291972469
0.5640000000000001	2.436889291972469
0.5650000000000001	2.427079291972469
0.5660000000000001	2.417269291972469
0.5670000000000001	2.407459291972469
0.5680000000000001	2.397649291972469
0.5690000000000001	2.387839291972469
0.5700000000000001	2.378029291972469
0.5710000000000001	2.368219291972469
0.5720000000000001	2.358409291972468
0.5730000000000001	2.348599291972469
0.5740000000000001	2.338789291972469
0.5750000000000001	2.328979291972469
0.5760000000000001	2.319169291972469
0.577	2.30935929197247
0.578	2.29954929197247
0.579	2.28973929197247
0.58	2.279929291972469
0.581	2.27011929197247
0.582	2.26030929197247
0.583	2.25049929197247
0.584	2.24068929197247
0.585	2.23087929197247
0.586	2.22106929197247
0.587	2.211259291972469
0.588	2.20144929197247
0.589	2.19163929197247
0.59	2.18182929197247
0.591	2.17201929197247
0.592	2.16220929197247
0.593	2.15239929197247
0.594	2.142589291972469
0.595	2.13277929197247
0.596	2.12296929197247
0.597	2.11315929197247
0.598	2.10334929197247
0.599	2.09353929197247
0.6	2.083729291972469
0.601	2.073919291972469
0.602	2.06410929197247
0.603	2.05429929197247
0.604	2.04448929197247
0.605	2.034679291972469
0.606	2.02486929197247
0.607	2.015059291972469
0.608	2.005249291972469
0.609	1.995439291972469
0.61	1.985629291972469
0.611	1.97581929197247
0.612	1.966009291972469
0.613	1.956199291972469
0.614	1.946389291972469
0.615	1.936579291972469
0.616	1.926769291972469
0.617	1.916959291972469
0.618	1.907149291972469
0.619	1.897339291972469
0.62	1.887529291972469
0.621	1.877719291972469
0.622	1.867909291972469
0.623	1.858099291972469
0.624	1.848289291972469
0.625	1.838479291972469
0.626	1.828669291972469
0.627	1.818859291972469
0.628	1.809049291972469
0.629	1.799239291972469
0.63	1.789429291972469
0.631	1.779619291972469
0.632	1.769809291972469
0.633	1.759999291972469
0.634	1.750189291972469
0.635	1.740379291972469
0.636	1.730569291972469
0.637	1.720759291972469
0.638	1.710949291972469
0.639	1.701139291972469
0.64	1.691329291972469
0.641	1.681519291972469
0.642	1.671709291972469
0.643	1.661899291972469
0.644	1.652089291972469
0.645	1.642279291972469
0.646	1.632469291972469
0.647	1.622659291972469
0.648	1.612849291972469
0.649	1.603039291972469
0.65	1.593229291972469
0.651	1.583419291972469
0.652	1.573609291972469
0.653	1.563799291972469
0.654	1.553989291972469
0.655	1.544179291972469
0.656	1.534369291972469
0.657	1.524559291972469
0.658	1.514749291972469
0.659	1.504939291972469
0.66	1.495129291972469
0.661	1.485319291972469
0.662	1.475509291972469
0.663	1.465699291972469
0.664	1.455889291972469
0.665	1.446079291972469
0.666	1.436269291972469
0.667	1.426459291972469
0.668	1.416649291972469
0.669	1.406839291972469
0.67	1.397029291972469
0.671	1.387219291972469
0.672	1.377409291972469
0.673	1.367599291972469
0.674	1.357789291972469
0.675	1.347979291972469
0.676	1.338169291972469
0.677	1.328359291972469
0.678	1.318549291972469
0.679	1.308739291972469
0.68	1.298929291972469
0.681	1.289119291972469
0.6820000000000001	1.279309291972469
0.6830000000000001	1.269499291972469
0.6840000000000001	1.259689291972469
0.6850000000000001	1.249879291972469
0.6860000000000001	1.240069291972469
0.6870000000000001	1.230259291972469
0.6880000000000001	1.220449291972469
0.6890000000000001	1.210639291972469
0.6900000000000001	1.200829291972469
0.6910000000000001	1.191019291972469
0.6920000000000001	1.181209291972469
0.6930000000000001	1.171399291972469
0.6940000000000001	1.161589291972469
0.6950000000000001	1.151779291972469
0.6960000000000001	1.141969291972469
0.6970000000000001	1.132159291972469
0.6980000000000001	1.122349291972469
0.6990000000000001	1.112539291972469
0.7000000000000001	1.102729291972468
0.7010000000000001	1.092919291972469
0.7020000000000001	1.083109291972469
0.7030000000000001	1.073299291972468
0.704	1.06348929197247
0.705	1.05367929197247
0.706	1.04386929197247
0.707	1.03405929197247
0.708	1.024249291972469
0.709	1.01443929197247
0.71	1.00462929197247
0.711	0.9948192919724694
0.712	0.9850092919724696
0.713	0.9751992919724697
0.714	0.9653892919724694
0.715	0.9555792919724695
0.716	0.9457692919724696
0.717	0.9359592919724697
0.718	0.9261492919724694
0.719	0.9163392919724695
0.72	0.9065292919724697
0.721	0.8967192919724694
0.722	0.8869092919724695
0.723	0.8770992919724696
0.724	0.8672892919724693
0.725	0.8574792919724694
0.726	0.8476692919724695
0.727	0.8378592919724697
0.728	0.8280492919724693
0.729	0.8182392919724695
0.73	0.8084292919724696
0.731	0.7986192919724693
0.732	0.7888092919724694
0.733	0.7789992919724695
0.734	0.7691892919724692
0.735	0.7593792919724693
0.736	0.7495692919724695
0.737	0.7397592919724696
0.738	0.7299492919724693
0.739	0.7201392919724694
0.74	0.7103292919724695
0.741	0.7005192919724692
0.742	0.6907092919724693
0.743	0.6808992919724695
0.744	0.6710892919724691
0.745	0.6612792919724693
0.746	0.6514692919724694
0.747	0.6416592919724691
0.748	0.6318492919724692
0.749	0.6220392919724693
0.75	0.6122292919724694
0.751	0.6024192919724691
0.752	0.5926092919724693
0.753	0.5827992919724694
0.754	0.5729892919724691
0.755	0.5631792919724692
0.756	0.5533692919724693
0.757	0.543559291972469
0.758	0.5337492919724691
0.759	0.5239392919724692
0.76	0.5141292919724694
0.761	0.5043192919724691
0.762	0.4945092919724692
0.763	0.4846992919724693
0.764	0.474889291972469
0.765	0.4650792919724691
0.766	0.4552692919724692
0.767	0.4454592919724689
0.768	0.435649291972469
0.769	0.4258392919724692
0.77	0.4160292919724689
0.771	0.406219291972469
0.772	0.3964092919724691
0.773	0.3865992919724692
0.774	0.3767892919724689
0.775	0.366979291972469
0.776	0.3571692919724692
0.777	0.3473592919724688
0.778	0.337549291972469
0.779	0.3277392919724691
0.78	0.3179292919724688
0.781	0.3081192919724689
0.782	0.298309291972469
0.783	0.2884992919724692
0.784	0.2786892919724688
0.785	0.268879291972469
0.786	0.2590692919724691
0.787	0.2492592919724688
0.788	0.2394492919724689
0.789	0.229639291972469
0.79	0.2198292919724687
0.791	0.2100192919724688
0.792	0.200209291972469
0.793	0.1903992919724691
0.794	0.1805892919724688
0.795	0.1707792919724689
0.796	0.160969291972469
0.797	0.1511592919724687
0.798	0.1413492919724688
0.799	0.1315392919724689
0.8	0.1217292919724686
0.801	0.1119192919724687
0.802	0.1021092919724689
0.803	0.09229929197246856
0.804	0.08248929197246868
0.805	0.07267929197246881
0.806	0.06286929197246893
0.8070000000000001	0.05305929197246861
0.8080000000000001	0.04324929197246874
0.8090000000000001	0.03343929197246887
0.8100000000000001	0.02362929197246855
0.8110000000000001	0.01381929197246867
0.8120000000000001	0.004009291972468798
0.8130000000000001	-0.00580070802753152
0.8140000000000001	-0.01561070802753139
0.8150000000000001	-0.02542070802753127
0.8160000000000001	-0.03523070802753114
0.8170000000000001	-0.04504070802753146
0.8180000000000001	-0.05485070802753134
0.8190000000000001	-0.06466070802753121
0.8200000000000001	-0.07447070802753153
0.8210000000000001	-0.0842807080275314
0.8220000000000001	-0.09409070802753128
0.8230000000000001	-0.1039007080275316
0.8240000000000001	-0.1137107080275315
0.8250000000000001	-0.1235207080275313
0.8260000000000001	-0.1333307080275317
0.8270000000000001	-0.1431407080275315
0.8280000000000001	-0.1529507080275314
0.8290000000000001	-0.1627607080275313
0.8300000000000001	-0.1725707080275316
0.8310000000000001	-0.1823807080275315
0.8320000000000001	-0.1921907080275314
0.833	-0.2020007080275303
0.834	-0.2118107080275302
0.835	-0.2216207080275305
0.836	-0.2314307080275304
0.837	-0.2412407080275303
0.838	-0.2510507080275306
0.839	-0.2608607080275305
0.84	-0.2706707080275303
0.841	-0.2804807080275307
0.842	-0.2902907080275305
0.843	-0.3001007080275304
0.844	-0.3099107080275307
0.845	-0.3197207080275306
0.846	-0.3295307080275305
0.847	-0.3393407080275304
0.848	-0.3491507080275307
0.849	-0.3589607080275306
0.85	-0.3687707080275304
0.851	-0.3785807080275307
0.852	-0.3883907080275306
0.853	-0.3982007080275305
0.854	-0.4080107080275308
0.855	-0.4178207080275307
0.856	-0.4276307080275306
0.857	-0.4374407080275304
0.858	-0.4472507080275308
0.859	-0.4570607080275306
0.86	-0.4668707080275305
0.861	-0.4766807080275304
0.862	-0.4864907080275302
0.863	-0.496300708027531
0.864	-0.5061107080275309
0.865	-0.5159207080275308
0.866	-0.5257307080275306
0.867	-0.5355407080275305
0.868	-0.5453507080275304
0.869	-0.5551607080275311
0.87	-0.564970708027531
0.871	-0.5747807080275309
0.872	-0.5845907080275308
0.873	-0.5944007080275306
0.874	-0.6042107080275305
0.875	-0.6140207080275304
0.876	-0.6238307080275312
0.877	-0.633640708027531
0.878	-0.6434507080275309
0.879	-0.6532607080275308
0.88	-0.6630707080275307
0.881	-0.6728807080275305
0.882	-0.6826907080275313
0.883	-0.6925007080275312
0.884	-0.702310708027531
0.885	-0.7121207080275309
0.886	-0.7219307080275308
0.887	-0.7317407080275307
0.888	-0.7415507080275305
0.889	-0.7513607080275313
0.89	-0.7611707080275312
0.891	-0.770980708027531
0.892	-0.7807907080275309
0.893	-0.7906007080275308
0.894	-0.8004107080275307
0.895	-0.8102207080275314
0.896	-0.8200307080275313
0.897	-0.8298407080275312
0.898	-0.8396507080275311
0.899	-0.8494607080275309
0.9	-0.8592707080275308
0.901	-0.8690807080275307
0.902	-0.8788907080275314
0.903	-0.8887007080275313
0.904	-0.8985107080275312
0.905	-0.9083207080275311
0.906	-0.9181307080275309
0.907	-0.9279407080275308
0.908	-0.9377507080275307
0.909	-0.9475607080275315
0.91	-0.9573707080275313
0.911	-0.9671807080275312
0.912	-0.9769907080275311
0.913	-0.9868007080275309
0.914	-0.9966107080275308
0.915	-1.006420708027532
0.916	-1.016230708027531
0.917	-1.026040708027531
0.918	-1.035850708027531
0.919	-1.045660708027531
0.92	-1.055470708027531
0.921	-1.065280708027531
0.922	-1.075090708027532
0.923	-1.084900708027531
0.924	-1.094710708027531
0.925	-1.104520708027531
0.926	-1.114330708027531
0.927	-1.124140708027531
0.928	-1.133950708027532
0.929	-1.143760708027532
0.93	-1.153570708027531
0.931	-1.163380708027531
0.9320000000000001	-1.173190708027531
0.9330000000000001	-1.183000708027531
0.9340000000000001	-1.192810708027531
0.9350000000000001	-1.202620708027532
0.9360000000000001	-1.212430708027532
0.9370000000000001	-1.222240708027531
0.9380000000000001	-1.232050708027531
0.9390000000000001	-1.241860708027531
0.9400000000000001	-1.251670708027531
0.9410000000000001	-1.261480708027531
0.9420000000000001	-1.271290708027532
0.9430000000000001	-1.281100708027532
0.9440000000000001	-1.290910708027531
0.9450000000000001	-1.300720708027531
0.9460000000000001	-1.310530708027531
0.9470000000000001	-1.320340708027531
0.9480000000000001	-1.330150708027532
0.9490000000000001	-1.339960708027532
0.9500000000000001	-1.349770708027532
0.9510000000000001	-1.359580708027532
0.9520000000000001	-1.369390708027531
0.9530000000000001	-1.379200708027532
0.9540000000000001	-1.389010708027531
0.9550000000000001	-1.398820708027532
0.9560000000000001	-1.408630708027531
0.9570000000000001	-1.418440708027533
0.9580000000000001	-1.428250708027531
0.9590000000000001	-1.438060708027532
0.96	-1.447870708027531
0.961	-1.45768070802753
0.962	-1.467490708027531
0.963	-1.47730070802753
0.964	-1.487110708027531
0.965	-1.49692070802753
0.966	-1.506730708027531
0.967	-1.51654070802753
0.968	-1.526350708027531
0.969	-1.53616070802753
0.97	-1.545970708027531
0.971	-1.55578070802753
0.972	-1.565590708027532
0.973	-1.575400708027531
0.974	-1.585210708027531
0.975	-1.59502070802753
0.976	-1.604830708027531
0.977	-1.61464070802753
0.978	-1.624450708027531
0.979	-1.63426070802753
0.98	-1.644070708027531
0.981	-1.65388070802753
0.982	-1.663690708027531
0.983	-1.67350070802753
0.984	-1.683310708027531
0.985	-1.69312070802753
0.986	-1.702930708027532
0.987	-1.712740708027531
0.988	-1.722550708027531
0.989	-1.73236070802753
0.99	-1.742170708027531
0.991	-1.75198070802753
0.992	-1.761790708027532
0.993	-1.771600708027531
0.994	-1.781410708027531
0.995	-1.79122070802753
0.996	-1.801030708027531
0.997	-1.81084070802753
0.998	-1.820650708027532
0.999	-1.83046070802753
1	-1.840270708027532
1.001	-1.850080708027532
1.002	-1.859890708027531
1.003	-1.869700708027533
1.004	-1.879510708027531
1.005	-1.889320708027533
1.006	-1.899130708027532
1.007	-1.908940708027532
1.008	-1.918750708027531
1.009	-1.928560708027532
1.01	-1.938370708027531
1.011	-1.948180708027533
1.012	-1.957990708027532
1.013	-1.967800708027533
1.014	-1.977610708027532
1.015	-1.987420708027532
1.016	-1.997230708027531
1.017	-2.007040708027533
1.018	-2.016850708027532
1.019	-2.026660708027533
1.02	-2.036470708027532
1.021	-2.046280708027532
1.022	-2.056090708027531
1.023	-2.065900708027533
1.024	-2.075710708027531
1.025	-2.08552070802753
1.026	-2.095330708027532
1.027	-2.105140708027531
1.028	-2.114950708027532
1.029	-2.124760708027531
1.03	-2.134570708027531
1.031	-2.14438070802753
1.032	-2.154190708027532
1.033	-2.164000708027531
1.034	-2.173810708027532
1.035	-2.183620708027531
1.036	-2.193430708027531
1.037	-2.20324070802753
1.038	-2.213050708027532
1.039	-2.222860708027531
1.04	-2.232670708027532
1.041	-2.242480708027531
1.042	-2.252290708027532
1.043	-2.262100708027531
1.044	-2.271910708027532
1.045	-2.28172070802753
1.046	-2.291530708027532
1.047	-2.301340708027531
1.048	-2.311150708027532
1.049	-2.320960708027531
1.05	-2.330770708027532
1.051	-2.34058070802753
1.052	-2.350390708027532
1.053	-2.360200708027531
1.054	-2.370010708027532
1.055	-2.379820708027531
1.056	-2.389630708027532
1.057	-2.399440708027531
1.058	-2.409250708027532
1.059	-2.419060708027531
1.06	-2.428870708027532
1.061	-2.438680708027531
1.062	-2.448490708027532
1.063	-2.458300708027531
1.064	-2.468110708027532
1.065	-2.477920708027531
1.066	-2.487730708027532
1.067	-2.497540708027531
1.068	-2.507350708027532
1.069	-2.517160708027531
1.07	-2.526970708027532
1.071	-2.536780708027531
1.072	-2.546590708027532
1.073	-2.556400708027531
1.074	-2.566210708027532
1.075	-2.576020708027531
1.076	-2.585830708027532
1.077	-2.595640708027531
1.078	-2.605450708027532
1.079	-2.615260708027531
1.08	-2.625070708027532
1.081	-2.634880708027531
1.082	-2.644690708027532
1.083	-2.654500708027531
1.084	-2.664310708027533
1.085	-2.674120708027532
1.086	-2.683930708027532
1.087	-2.693740708027531
1.088	-2.703550708027532
1.089	-2.713360708027531
1.09	-2.723170708027532
1.091	-2.732980708027531
1.092	-2.742790708027532
1.093	-2.752600708027531
1.094	-2.762410708027532
1.095	-2.772220708027531
1.096	-2.782030708027532
1.097	-2.791840708027531
1.098	-2.801650708027533
1.099	-2.811460708027532
1.1	-2.821270708027532
1.101	-2.831080708027531
1.102	-2.840890708027532
1.103	-2.850700708027531
1.104	-2.860510708027533
1.105	-2.870320708027532
1.106	-2.880130708027532
1.107	-2.889940708027531
1.108	-2.899750708027532
1.109	-2.909560708027531
1.11	-2.919370708027533
1.111	-2.929180708027531
1.112	-2.938990708027533
1.113	-2.948800708027532
1.114	-2.958610708027532
1.115	-2.968420708027531
1.116	-2.978230708027532
1.117	-2.988040708027531
1.118	-2.997850708027533
1.119	-3.007660708027532
1.12	-3.017470708027532
1.121	-3.027280708027531
1.122	-3.037090708027532
1.123	-3.046900708027531
1.124	-3.056710708027533
1.125	-3.066520708027532
1.126	-3.076330708027533
1.127	-3.086140708027532
1.128	-3.095950708027532
1.129	-3.105760708027531
1.13	-3.115570708027533
1.131	-3.125380708027531
1.132	-3.135190708027533
1.133	-3.145000708027532
1.134	-3.154810708027532
1.135	-3.164620708027531
1.136	-3.174430708027532
1.137	-3.184240708027531
1.138	-3.194050708027533
1.139	-3.203860708027532
1.14	-3.213670708027533
1.141	-3.223480708027532
1.142	-3.233290708027532
1.143	-3.243100708027531
1.144	-3.252910708027533
1.145	-3.262720708027532
1.146	-3.272530708027533
1.147	-3.282340708027532
1.148	-3.292150708027533
1.149	-3.301960708027531
1.15	-3.311770708027533
1.151	-3.321580708027532
1.152	-3.331390708027533
1.153	-3.341200708027532
1.154	-3.351010708027531
1.155	-3.360820708027532
1.156	-3.370630708027531
1.157	-3.380440708027531
1.158	-3.39025070802753
1.159	-3.400060708027532
1.16	-3.409870708027531
1.161	-3.419680708027532
1.162	-3.429490708027531
1.163	-3.439300708027532
1.164	-3.449110708027531
1.165	-3.458920708027532
1.166	-3.468730708027531
1.167	-3.478540708027532
1.168	-3.488350708027531
1.169	-3.498160708027532
1.17	-3.507970708027531
1.171	-3.517780708027532
1.172	-3.52759070802753
1.173	-3.537400708027532
1.174	2.823097969530686
1.175	2.813287969530685
1.176	2.803477969530686
1.177	2.793667969530685
1.178	2.783857969530686
1.179	2.774047969530685
1.18	2.764237969530686
1.181	2.754427969530685
1.182	2.744617969530686
1.183	2.734807969530685
1.184	2.724997969530686
1.185	2.715187969530685
1.186	2.705377969530686
1.187	2.695567969530685
1.188	2.685757969530686
1.189	2.675947969530685
1.19	2.666137969530686
1.191	2.656327969530685
1.192	2.646517969530686
1.193	2.636707969530685
1.194	2.626897969530686
1.195	2.617087969530685
1.196	2.607277969530686
1.197	2.597467969530685
1.198	2.587657969530686
1.199	2.577847969530685
1.2	2.568037969530686
1.201	2.558227969530685
1.202	2.548417969530686
1.203	2.538607969530685
1.204	2.528797969530686
1.205	2.518987969530685
1.206	2.509177969530686
1.207	2.499367969530685
1.208	2.489557969530686
1.209	2.479747969530685
1.21	2.469937969530686
1.211	2.460127969530685
1.212	2.450317969530686
1.213	2.440507969530684
1.214	2.430697969530686
1.215	2.420887969530685
1.216	2.411077969530686
1.217	2.401267969530684
1.218	2.391457969530686
1.219	2.381647969530685
1.22	2.371837969530686
1.221	2.362027969530685
1.222	2.352217969530686
1.223	2.342407969530685
1.224	2.332597969530686
1.225	2.322787969530685
1.226	2.312977969530686
1.227	2.303167969530684
1.228	2.293357969530685
1.229	2.283547969530685
1.23	2.273737969530686
1.231	2.263927969530684
1.232	2.254117969530685
1.233	2.244307969530684
1.234	2.234497969530685
1.235	2.224687969530684
1.236	2.214877969530685
1.237	2.205067969530684
1.238	2.195257969530686
1.239	2.185447969530685
1.24	2.175637969530686
1.241	2.165827969530684
1.242	2.156017969530685
1.243	2.146207969530685
1.244	2.136397969530686
1.245	2.126587969530684
1.246	2.116777969530685
1.247	2.106967969530684
1.248	2.097157969530685
1.249	2.087347969530684
1.25	2.077537969530685
1.251	2.067727969530684
1.252	2.057917969530685
1.253	2.048107969530684
1.254	2.038297969530685
1.255	2.028487969530684
1.256	2.018677969530685
1.257	2.008867969530684
1.258	1.999057969530685
1.259	1.989247969530684
1.26	1.979437969530685
1.261	1.969627969530684
1.262	1.959817969530685
1.263	1.950007969530684
1.264	1.940197969530685
1.265	1.930387969530684
1.266	1.920577969530685
1.267	1.910767969530684
1.268	1.900957969530685
1.269	1.891147969530684
1.27	1.881337969530685
1.271	1.871527969530684
1.272	1.861717969530685
1.273	1.851907969530684
1.274	1.842097969530685
1.275	1.832287969530684
1.276	1.822477969530685
1.277	1.812667969530684
1.278	1.802857969530685
1.279	1.793047969530684
1.28	1.783237969530685
1.281	1.773427969530686
1.282	1.763617969530685
1.283	1.753807969530686
1.284	1.743997969530685
1.285	1.734187969530686
1.286	1.724377969530685
1.287	1.714567969530686
1.288	1.704757969530685
1.289	1.694947969530686
1.29	1.685137969530685
1.291	1.675327969530686
1.292	1.665517969530685
1.293	1.655707969530686
1.294	1.645897969530685
1.295	1.636087969530686
1.296	1.626277969530685
1.297	1.616467969530686
1.298	1.606657969530685
1.299	1.596847969530686
1.3	1.587037969530685
1.301	1.577227969530686
1.302	1.567417969530685
1.303	1.557607969530686
1.304	1.547797969530685
1.305	1.537987969530686
1.306	1.528177969530685
1.307	1.518367969530686
1.308	1.508557969530685
1.309	1.498747969530686
1.31	1.488937969530685
1.311	1.479127969530686
1.312	1.469317969530685
1.313	1.459507969530686
1.314	1.449697969530685
1.315	1.439887969530686
1.316	1.430077969530685
1.317	1.420267969530686
1.318	1.410457969530685
1.319	1.400647969530686
1.32	1.390837969530685
1.321	1.381027969530686
1.322	1.371217969530685
1.323	1.361407969530686
1.324	1.351597969530685
1.325	1.341787969530686
1.326	1.331977969530685
1.327	1.322167969530686
1.328	1.312357969530685
1.329	1.302547969530686
1.33	1.292737969530685
1.331	1.282927969530686
1.332	1.273117969530685
1.333	1.263307969530686
1.334	1.253497969530684
1.335	1.243687969530686
1.336	1.233877969530685
1.337	1.224067969530686
1.338	1.214257969530685
1.339	1.204447969530686
1.34	1.194637969530685
1.341	1.184827969530686
1.342	1.175017969530685
1.343	1.165207969530686
1.344	1.155397969530684
1.345	1.145587969530686
1.346	1.135777969530684
1.347	1.125967969530685
1.348	1.116157969530684
1.349	1.106347969530685
1.35	1.096537969530684
1.351	1.086727969530686
1.352	1.076917969530685
1.353	1.067107969530686
1.354	1.057297969530684
1.355	1.047487969530686
1.356	1.037677969530684
1.357	1.027867969530685
1.358	1.018057969530684
1.359	1.008247969530685
1.36	0.9984379695306844
1.361	0.9886279695306854
1.362	0.9788179695306842
1.363	0.9690079695306855
1.364	0.9591979695306843
1.365	0.9493879695306855
1.366	0.9395779695306843
1.367	0.9297679695306853
1.368	0.9199579695306843
1.369	0.9101479695306853
1.37	0.9003379695306843
1.371	0.8905279695306854
1.372	0.8807179695306842
1.373	0.8709079695306854
1.374	0.8610979695306842
1.375	0.8512879695306852
1.376	0.8414779695306842
1.377	0.8316679695306852
1.378	0.8218579695306842
1.379	0.8120479695306853
1.38	0.802237969530684
1.381	0.7924279695306851
1.382	0.7826179695306843
1.383	0.7728079695306853
1.384	0.7629979695306841
1.385	0.7531879695306851
1.386	0.7433779695306839
1.387	0.7335679695306854
1.388	0.7237579695306842
1.389	0.7139479695306852
1.39	0.704137969530684
1.391	0.694327969530685
1.392	0.6845179695306842
1.393	0.6747079695306852
1.394	0.664897969530684
1.395	0.655087969530685
1.396	0.6452779695306838
1.397	0.6354679695306853
1.398	0.6256579695306841
1.399	0.6158479695306851
1.4	0.6060379695306839
1.401	0.5962279695306849
1.402	0.5864179695306841
1.403	0.5766079695306852
1.404	0.566797969530684
1.405	0.556987969530685
1.406	0.5471779695306838
1.407	0.5373679695306852
1.408	0.5275579695306862
1.409	0.517747969530685
1.41	0.507937969530686
1.411	0.4981279695306848
1.412	0.4883179695306858
1.413	0.4785079695306851
1.414	0.4686979695306861
1.415	0.4588879695306849
1.416	0.4490779695306859
1.417	0.4392679695306847
1.418	0.4294579695306862
1.419	0.419647969530685
1.42	0.409837969530686
1.421	0.4000279695306848
1.422	0.3902179695306858
1.423	0.380407969530685
1.424	0.370597969530686
1.425	0.3607879695306848
1.426	0.3509779695306858
1.427	0.3411679695306846
1.428	0.3313579695306861
1.429	0.3215479695306849
1.43	0.3117379695306859
1.431	0.3019279695306847
1.432	0.2921179695306857
1.433	0.2823079695306849
1.434	0.2724979695306859
1.435	0.2626879695306847
1.436	0.2528779695306858
1.437	0.2430679695306845
1.438	0.233257969530686
1.439	0.2234479695306848
1.44	0.2136379695306858
1.441	0.2038279695306846
1.442	0.1940179695306856
1.443	0.1842079695306849
1.444	0.1743979695306859
1.445	0.1645879695306847
1.446	0.1547779695306857
1.447	0.1449679695306845
1.448	0.1351579695306859
1.449	0.1253479695306847
1.45	0.1155379695306857
1.451	0.1057279695306845
1.452	0.09591796953068554
1.453	0.08610796953068478
1.454	0.07629796953068579
1.455	0.06648796953068459
1.456	0.0566779695306856
1.457	0.04686796953068439
1.458	0.03705796953068541
1.459	0.02724796953068465
1.46	0.01743796953068566
1.461	0.007627969530684453
1.462	-0.002182030469314533
1.463	-0.0119920304693153
1.464	-0.02180203046931428
1.465	-0.03161203046931549
1.466	-0.04142203046931447
1.467	-0.05123203046931568
1.468	-0.06104203046931467
1.469	-0.07085203046931543
1.47	-0.08066203046931442
1.471	-0.09047203046931562
1.472	-0.1002820304693146
1.473	-0.1100920304693158
1.474	-0.1199020304693144
1.475	-0.1297120304693156
1.476	-0.1395220304693146
1.477	-0.1493320304693158
1.478	-0.1591420304693147
1.479	-0.1689520304693155
1.48	-0.1787620304693145
1.481	-0.1885720304693157
1.482	-0.1983820304693147
1.483	-0.2081920304693159
1.484	-0.2180020304693144
1.485	-0.2278120304693156
1.486	-0.2376220304693146
1.487	-0.2474320304693158
1.488	-0.2572420304693148
1.489	-0.2670520304693156
1.49	-0.2768620304693146
1.491	-0.2866720304693158
1.492	-0.2964820304693148
1.493	-0.306292030469316
1.494	-0.3161020304693145
1.495	-0.3259120304693157
1.496	-0.3357220304693147
1.497	-0.3455320304693159
1.498	-0.3553420304693149
1.499	-0.3651520304693157
1.5	-0.3749620304693146
1.501	-0.3847720304693159
1.502	-0.3945820304693148
1.503	-0.404392030469316
1.504	-0.4142020304693146
1.505	-0.4240120304693158
1.506	-0.4338220304693148
1.507	-0.443632030469316
1.508	-0.453442030469315
1.509	-0.4632520304693157
1.51	-0.4730620304693147
1.511	-0.4828720304693159
1.512	-0.4926820304693149
1.513	-0.5024920304693161
1.514	-0.5123020304693151
1.515	-0.5221120304693159
1.516	-0.5319220304693149
1.517	-0.5417320304693161
1.518	-0.551542030469315
1.519	-0.5613520304693158
1.52	-0.5711620304693148
1.521	-0.580972030469316
1.522	-0.590782030469315
1.523	-0.6005920304693162
1.524	-0.6104020304693152
1.525	-0.6202120304693159
1.526	-0.6300220304693149
1.527	-0.6398320304693161
1.528	-0.6496420304693151
1.529	-0.6594520304693163
1.53	-0.6692620304693149
1.531	-0.6790720304693161
1.532	-0.6888820304693151
1.533	-0.6986920304693163
1.534	-0.7085020304693153
1.535	-0.718312030469316
1.536	-0.728122030469315
1.537	-0.737932030469314
1.538	-0.7477420304693152
1.539	-0.7575520304693142
1.54	-0.7673620304693149
1.541	-0.7771720304693139
1.542	-0.7869820304693151
1.543	-0.7967920304693141
1.544	-0.8066020304693153
1.545	-0.8164120304693139
1.546	-0.8262220304693151
1.547	-0.8360320304693141
1.548	-0.8458420304693153
1.549	-0.8556520304693143
1.55	-0.865462030469315
1.551	-0.875272030469314
1.552	-0.8850820304693152
1.553	-0.8948920304693142
1.554	-0.9047020304693154
1.555	-0.9145120304693144
1.556	-0.9243220304693152
1.557	-0.9341320304693141
1.558	-0.9439420304693154
1.559	-0.9537520304693143
1.56	-0.9635620304693151
1.561	-0.9733720304693141
1.562	-0.9831820304693153
1.563	-0.9929920304693143
1.564	-1.002802030469315
1.565	-1.012612030469314
1.566	-1.022422030469315
1.567	-1.032232030469314
1.568	-1.042042030469315
1.569	-1.051852030469314
1.57	-1.061662030469316
1.571	-1.071472030469314
1.572	-1.081282030469315
1.573	-1.091092030469314
1.574	-1.100902030469316
1.575	-1.110712030469315
1.576	-1.120522030469315
1.577	-1.130332030469314
1.578	-1.140142030469316
1.579	-1.149952030469314
1.58	-1.159762030469316
1.581	-1.169572030469314
1.582	-1.179382030469315
1.583	-1.189192030469314
1.584	-1.199002030469315
1.585	-1.208812030469314
1.586	-1.218622030469316
1.587	-1.228432030469315
1.588	-1.238242030469316
1.589	-1.248052030469315
1.59	-1.257862030469315
1.591	-1.267672030469314
1.592	-1.277482030469316
1.593	-1.287292030469315
1.594	-1.297102030469316
1.595	-1.306912030469315
1.596	-1.316722030469315
1.597	-1.326532030469314
1.598	-1.336342030469316
1.599	-1.346152030469314
1.6	-1.355962030469316
1.601	-1.365772030469315
1.602	-1.375582030469316
1.603	-1.385392030469315
1.604	-1.395202030469315
1.605	-1.405012030469314
1.606	-1.414822030469316
1.607	-1.424632030469315
1.608	-1.434442030469316
1.609	-1.444252030469315
1.61	-1.454062030469315
1.611	-1.463872030469314
1.612	-1.473682030469316
1.613	-1.483492030469315
1.614	-1.493302030469316
1.615	-1.503112030469315
1.616	-1.512922030469316
1.617	-1.522732030469315
1.618	-1.532542030469316
1.619	-1.542352030469314
1.62	-1.552162030469316
1.621	-1.561972030469315
1.622	-1.571782030469316
1.623	-1.581592030469315
1.624	-1.591402030469315
1.625	-1.601212030469314
1.626	-1.611022030469316
1.627	-1.620832030469315
1.628	-1.630642030469316
1.629	-1.640452030469315
1.63	-1.650262030469316
1.631	-1.660072030469315
1.632	-1.669882030469316
1.633	-1.679692030469315
1.634	-1.689502030469316
1.635	-1.699312030469315
1.636	-1.709122030469316
1.637	-1.718932030469315
1.638	-1.728742030469316
1.639	-1.738552030469315
1.64	-1.748362030469316
1.641	-1.758172030469315
1.642	-1.767982030469316
1.643	-1.777792030469315
1.644	-1.787602030469316
1.645	-1.797412030469315
1.646	-1.807222030469316
1.647	-1.817032030469315
1.648	-1.826842030469316
1.649	-1.836652030469315
1.65	-1.846462030469316
1.651	-1.856272030469315
1.652	-1.866082030469316
1.653	-1.875892030469315
1.654	-1.885702030469316
1.655	-1.895512030469315
1.656	-1.905322030469316
1.657	-1.915132030469315
1.658	-1.924942030469317
1.659	-1.934752030469316
1.66	-1.944562030469316
1.661	-1.954372030469315
1.662	-1.964182030469316
1.663	-1.973992030469315
1.664	-1.983802030469317
1.665	-1.993612030469315
1.666	-2.003422030469314
1.667	-2.013232030469315
1.668	-2.023042030469314
1.669	-2.032852030469315
1.67	-2.042662030469314
1.671	-2.052472030469315
1.672	-2.062282030469314
1.673	-2.072092030469316
1.674	-2.081902030469315
1.675	-2.091712030469315
1.676	-2.101522030469314
1.677	-2.111332030469315
1.678	-2.121142030469314
1.679	-2.130952030469316
1.68	-2.140762030469315
1.681	-2.150572030469315
1.682	-2.160382030469314
1.683	-2.170192030469315
1.684	-2.180002030469314
1.685	-2.189812030469315
1.686	-2.199622030469314
1.687	-2.209432030469316
1.688	-2.219242030469315
1.689	-2.229052030469315
1.69	-2.238862030469314
1.691	-2.248672030469315
1.692	-2.258482030469314
1.693	-2.268292030469316
1.694	-2.278102030469315
1.695	-2.287912030469315
1.696	-2.297722030469314
1.697	-2.307532030469315
1.698	-2.317342030469314
1.699	-2.327152030469316
1.7	-2.336962030469315
1.701	-2.346772030469316
1.702	-2.356582030469315
1.703	-2.366392030469315
1.704	-2.376202030469314
1.705	-2.386012030469316
1.706	-2.395822030469314
1.707	-2.405632030469316
1.708	-2.415442030469315
1.709	-2.425252030469315
1.71	-2.435062030469314
1.711	-2.444872030469315
1.712	-2.454682030469314
1.713	-2.464492030469316
1.714	-2.474302030469315
1.715	-2.484112030469316
1.716	-2.493922030469315
1.717	-2.503732030469315
1.718	-2.513542030469314
1.719	-2.523352030469316
1.72	-2.533162030469315
1.721	-2.542972030469316
1.722	-2.552782030469315
1.723	-2.562592030469315
1.724	-2.572402030469314
1.725	-2.582212030469316
1.726	-2.592022030469314
1.727	-2.601832030469316
1.728	-2.611642030469315
1.729	-2.621452030469316
1.73	-2.631262030469315
1.731	-2.641072030469315
1.732	-2.650882030469314
1.733	-2.660692030469316
1.734	-2.670502030469315
1.735	-2.680312030469316
1.736	-2.690122030469315
1.737	-2.699932030469316
1.738	-2.709742030469314
1.739	-2.719552030469316
1.74	-2.729362030469315
1.741	-2.739172030469316
1.742	-2.748982030469315
1.743	-2.758792030469316
1.744	-2.768602030469315
1.745	-2.778412030469316
1.746	-2.788222030469315
1.747	-2.798032030469316
1.748	-2.807842030469315
1.749	-2.817652030469316
1.75	-2.827462030469315
1.751	2.261914983077374
1.752	2.252104983077375
1.753	2.242294983077374
1.754	2.232484983077375
1.755	2.222674983077374
1.756	2.212864983077375
1.757	2.203054983077374
1.758	2.193244983077375
1.759	2.183434983077374
1.76	2.173624983077375
1.761	2.163814983077374
1.762	2.154004983077375
1.763	2.144194983077374
1.764	2.134384983077375
1.765	2.124574983077374
1.766	2.114764983077375
1.767	2.104954983077374
1.768	2.095144983077375
1.769	2.085334983077374
1.77	2.075524983077375
1.771	2.065714983077374
1.772	2.055904983077375
1.773	2.046094983077374
1.774	2.036284983077375
1.775	2.026474983077374
1.776	2.016664983077375
1.777	2.006854983077374
1.778	1.997044983077375
1.779	1.987234983077374
1.78	1.977424983077375
1.781	1.967614983077374
1.782	1.957804983077375
1.783	1.947994983077374
1.784	1.938184983077375
1.785	1.928374983077374
1.786	1.918564983077375
1.787	1.908754983077374
1.788	1.898944983077375
1.789	1.889134983077374
1.79	1.879324983077375
1.791	1.869514983077374
1.792	1.859704983077375
1.793	1.849894983077376
1.794	1.840084983077375
1.795	1.830274983077376
1.796	1.820464983077375
1.797	1.810654983077376
1.798	1.800844983077375
1.799	1.791034983077376
1.8	1.781224983077375
1.801	1.771414983077376
1.802	1.761604983077375
1.803	1.751794983077376
1.804	1.741984983077375
1.805	1.732174983077376
1.806	1.722364983077374
1.807	1.712554983077376
1.808	1.702744983077375
1.809	1.692934983077376
1.81	1.683124983077374
1.811	1.673314983077375
1.812	1.663504983077374
1.813	1.653694983077376
1.814	1.643884983077375
1.815	1.634074983077376
1.816	1.624264983077374
1.817	1.614454983077376
1.818	1.604644983077375
1.819	1.594834983077376
1.82	1.585024983077374
1.821	1.575214983077375
1.822	1.565404983077374
1.823	1.555594983077375
1.824	1.545784983077374
1.825	1.535974983077375
1.826	1.526164983077374
1.827	1.516354983077375
1.828	1.506544983077374
1.829	1.496734983077376
1.83	1.486924983077374
1.831	1.477114983077375
1.832	1.467304983077374
1.833	1.457494983077375
1.834	1.447684983077374
1.835	1.437874983077375
1.836	1.428064983077374
1.837	1.418254983077375
1.838	1.408444983077374
1.839	1.398634983077375
1.84	1.388824983077374
1.841	1.379014983077375
1.842	1.369204983077374
1.843	1.359394983077375
1.844	1.349584983077374
1.845	1.339774983077375
1.846	1.329964983077374
1.847	1.320154983077375
1.848	1.310344983077374
1.849	1.300534983077375
1.85	1.290724983077374
1.851	1.280914983077375
1.852	1.271104983077374
1.853	1.261294983077375
1.854	1.251484983077374
1.855	1.241674983077375
1.856	1.231864983077374
1.857	1.222054983077375
1.858	1.212244983077374
1.859	1.202434983077375
1.86	1.192624983077374
1.861	1.182814983077375
1.862	1.173004983077374
1.863	1.163194983077375
1.864	1.153384983077374
1.865	1.143574983077375
1.866	1.133764983077374
1.867	1.123954983077375
1.868	1.114144983077374
1.869	1.104334983077375
1.87	1.094524983077374
1.871	1.084714983077375
1.872	1.074904983077374
1.873	1.065094983077375
1.874	1.055284983077374
1.875	1.045474983077375
1.876	1.035664983077374
1.877	1.025854983077375
1.878	1.016044983077374
1.879	1.006234983077375
1.88	0.9964249830773739
1.881	0.9866149830773749
1.882	0.9768049830773737
1.883	0.966994983077375
1.884	0.9571849830773738
1.885	0.947374983077375
1.886	0.9375649830773738
1.887	0.9277549830773748
1.888	0.9179449830773738
1.889	0.9081349830773748
1.89	0.8983249830773739
1.891	0.8885149830773749
1.892	0.8787049830773737
1.893	0.8688949830773749
1.894	0.8590849830773737
1.895	0.8492749830773747
1.896	0.8394649830773737
1.897	0.8296549830773747
1.898	0.8198449830773737
1.899	0.8100349830773748
1.9	0.8002249830773738
1.901	0.7904149830773748
1.902	0.7806049830773736
1.903	0.7707949830773748
1.904	0.7609849830773736
1.905	0.7511749830773746
1.906	0.7413649830773736
1.907	0.7315549830773747
1.908	0.7217449830773737
1.909	0.7119349830773747
1.91	0.7021249830773735
1.911	0.6923149830773747
1.912	0.6825049830773735
1.913	0.6726949830773747
1.914	0.6628849830773735
1.915	0.6530749830773745
1.916	0.6432649830773736
1.917	0.6334549830773746
1.918	0.6236449830773736
1.919	0.6138349830773746
1.92	0.6040249830773756
1.921	0.5942149830773746
1.922	0.5844049830773757
1.923	0.5745949830773744
1.924	0.5647849830773757
1.925	0.5549749830773745
1.926	0.5451649830773757
1.927	0.5353549830773745
1.928	0.5255449830773755
1.929	0.5157349830773745
1.93	0.5059249830773755
1.931	0.4961149830773746
1.932	0.4863049830773756
1.933	0.4764949830773744
1.934	0.4666849830773756
1.935	0.4568749830773744
1.936	0.4470649830773754
1.937	0.4372549830773744
1.938	0.4274449830773754
1.939	0.4176349830773745
1.94	0.4078249830773755
1.941	0.3980149830773745
1.942	0.3882049830773755
1.943	0.3783949830773743
1.944	0.3685849830773755
1.945	0.3587749830773743
1.946	0.3489649830773753
1.947	0.3391549830773744
1.948	0.3293449830773754
1.949	0.3195349830773744
1.95	0.3097249830773754
1.951	0.2999149830773742
1.952	0.2901049830773754
1.953	0.2802949830773742
1.954	0.2704849830773755
1.955	0.2606749830773745
1.956	0.2508649830773755
1.957	0.2410549830773743
1.958	0.2312449830773753
1.959	0.2214349830773741
1.96	0.2116249830773751
1.961	0.2018149830773743
1.962	0.1920049830773753
1.963	0.1821949830773741
1.964	0.1723849830773752
1.965	0.1625749830773739
1.966	0.1527649830773754
1.967	0.1429549830773742
1.968	0.1331449830773752
1.969	0.123334983077374
1.97	0.113524983077375
1.971	0.1037149830773743
1.972	0.09390498307737527
1.973	0.08409498307737406
1.974	0.07428498307737508
1.975	0.06447498307737387
1.976	0.05466498307737533
1.977	0.04485498307737412
1.978	0.03504498307737514
1.979	0.02523498307737393
1.98	0.01542498307737494
1.981	0.00561498307737418
1.982	-0.004195016922624806
1.983	-0.01400501692262601
1.984	-0.023815016922625
1.985	-0.03362501692262621
1.986	-0.04343501692262475
1.987	-0.05324501692262595
1.988	-0.06305501692262494
1.989	-0.07286501692262615
1.99	-0.08267501692262513
1.991	-0.0924850169226259
1.992	-0.1022950169226249
1.993	-0.1121050169226261
1.994	-0.1219150169226251
1.995	-0.1317250169226263
1.996	-0.1415350169226248
1.997	-0.151345016922626
1.998	-0.161155016922625
1.999	-0.1709650169226262
2	-0.1807750169226252
2.001	-0.1905850169226242
2.002	-0.2003950169226272
2.003	-0.2102050169226262
2.004	-0.2200150169226252
2.005	-0.2298250169226241
2.006	-0.2396350169226271
2.007	-0.2494450169226261
2.008	-0.2592550169226251
2.009	-0.2690650169226241
2.01	-0.2788750169226275
2.011	-0.288685016922626
2.012	-0.298495016922625
2.013	-0.308305016922624
2.014	-0.3181150169226274
2.015	-0.3279250169226264
2.016	-0.3377350169226254
2.017	-0.347545016922624
2.018	-0.3573550169226274
2.019	-0.3671650169226264
2.02	-0.3769750169226254
2.021	-0.3867850169226243
2.022	-0.3965950169226273
2.023	-0.4064050169226263
2.024	-0.4162150169226253
2.025	-0.4260250169226243
2.026	-0.4358350169226273
2.027	-0.4456450169226263
2.028	-0.4554550169226252
2.029	-0.4652650169226242
2.03	-0.4750750169226277
2.031	-0.4848850169226266
2.032	-0.4946950169226252
2.033	-0.5045050169226242
2.034	-0.5143150169226276
2.035	-0.5241250169226266
2.036	-0.5339350169226256
2.037	-0.5437450169226241
2.038	-0.5535550169226275
2.039	-0.5633650169226265
2.04	-0.5731750169226255
2.041	-0.5829850169226245
2.042	-0.5927950169226275
2.043	-0.6026050169226265
2.044	-0.6124150169226255
2.045	-0.6222250169226244
2.046	-0.6320350169226279
2.047	-0.6418450169226264
2.048	-0.6516550169226254
2.049	-0.6614650169226244
2.05	-0.6712750169226234
2.051	-0.6810850169226268
2.052	-0.6908950169226253
2.053	-0.7007050169226243
2.054	-0.7105150169226233
2.055	-0.7203250169226267
2.056	-0.7301350169226257
2.057	-0.7399450169226247
2.058	-0.7497550169226233
2.059	-0.7595650169226267
2.06	-0.7693750169226257
2.061	-0.7791850169226247
2.062	-0.7889950169226236
2.063	-0.7988050169226266
2.064	-0.8086150169226256
2.065	-0.8184250169226246
2.066	-0.8282350169226236
2.067	-0.8380450169226266
2.068	-0.8478550169226255
2.069	-0.8576650169226245
2.07	-0.8674750169226235
2.071	-0.8772850169226269
2.072	-0.8870950169226259
2.073	-0.8969050169226245
2.074	-0.9067150169226235
2.075	-0.9165250169226269
2.076	-0.9263350169226259
2.077	-0.9361450169226249
2.078	-0.9459550169226234
2.079	-0.9557650169226268
2.08	-0.9655750169226258
2.081	-0.9753850169226248
2.082	-0.9851950169226238
2.083	-0.9950050169226268
2.084	-1.004815016922626
2.085	-1.014625016922625
2.086	-1.024435016922624
2.087	-1.034245016922627
2.088	-1.044055016922626
2.089	-1.053865016922625
2.09	-1.063675016922624
2.091	-1.073485016922627
2.092	-1.083295016922626
2.093	-1.093105016922625
2.094	-1.102915016922624
2.095	-1.112725016922627
2.096	-1.122535016922626
2.097	-1.132345016922625
2.098	-1.142155016922624
2.099	-1.151965016922627
2.1	-1.161775016922626
2.101	-1.171585016922625
2.102	-1.181395016922624
2.103	-1.191205016922627
2.104	-1.201015016922626
2.105	-1.210825016922625
2.106	-1.220635016922624
2.107	-1.230445016922627
2.108	-1.240255016922626
2.109	-1.250065016922625
2.11	-1.259875016922624
2.111	-1.269685016922627
2.112	-1.279495016922626
2.113	-1.289305016922625
2.114	-1.299115016922624
2.115	-1.308925016922627
2.116	-1.318735016922626
2.117	-1.328545016922625
2.118	-1.338355016922624
2.119	-1.348165016922627
2.12	-1.357975016922626
2.121	-1.367785016922625
2.122	-1.377595016922624
2.123	-1.387405016922627
2.124	-1.397215016922626
2.125	-1.407025016922625
2.126	-1.416835016922624
2.127	-1.426645016922627
2.128	-1.436455016922626
2.129	-1.446265016922625
2.13	-1.456075016922624
2.131	-1.465885016922627
2.132	-1.475695016922626
2.133	-1.485505016922625
2.134	-1.495315016922624
2.135	-1.505125016922627
2.136	-1.514935016922626
2.137	-1.524745016922625
2.138	-1.534555016922624
2.139	-1.544365016922627
2.14	-1.554175016922626
2.141	-1.563985016922625
2.142	-1.573795016922624
2.143	-1.583605016922628
2.144	-1.593415016922626
2.145	-1.603225016922625
2.146	-1.613035016922624
2.147	-1.622845016922628
2.148	-1.632655016922627
2.149	-1.642465016922625
2.15	-1.652275016922624
2.151	-1.662085016922628
2.152	-1.671895016922627
2.153	-1.681705016922626
2.154	-1.691515016922625
2.155	-1.701325016922627
2.156	-1.711135016922626
2.157	-1.720945016922625
2.158	-1.730755016922624
2.159	-1.740565016922627
2.16	-1.750375016922626
2.161	-1.760185016922625
2.162	-1.769995016922624
2.163	-1.779805016922628
2.164	-1.789615016922627
2.165	-1.799425016922626
2.166	-1.809235016922625
2.167	-1.819045016922627
2.168	-1.828855016922626
2.169	-1.838665016922625
2.17	-1.848475016922624
2.171	-1.858285016922628
2.172	-1.868095016922627
2.173	-1.877905016922626
2.174	-1.887715016922625
2.175	-1.897525016922628
2.176	-1.907335016922627
2.177	-1.917145016922625
2.178	-1.926955016922624
2.179	-1.936765016922623
2.18	-1.946575016922627
2.181	-1.956385016922626
2.182	-1.966195016922625
2.183	-1.976005016922624
2.184	-1.985815016922627
2.185	-1.995625016922626
2.186	-2.005435016922625
2.187	-2.015245016922624
2.188	-2.025055016922626
2.189	-2.034865016922625
2.19	-2.044675016922624
2.191	-2.054485016922623
2.192	-2.064295016922627
2.193	-2.074105016922626
2.194	-2.083915016922625
2.195	-2.093725016922624
2.196	-2.103535016922627
2.197	-2.113345016922626
2.198	-2.123155016922624
2.199	-2.132965016922623
2.2	-2.142775016922627
2.201	-2.152585016922626
2.202	-2.162395016922625
2.203	-2.172205016922624
2.204	-2.182015016922627
2.205	-2.191825016922626
2.206	-2.201635016922625
2.207	-2.211445016922624
2.208	-2.221255016922627
2.209	-2.231065016922626
2.21	-2.240875016922625
2.211	-2.250685016922624
2.212	-2.260495016922627
2.213	1.809479364537957
2.214	1.79990248094742
2.215	1.790092480947421
2.216	1.780282480947417
2.217	1.770472480947418
2.218	1.760662480947419
2.219	1.75085248094742
2.22	1.741042480947417
2.221	1.731232480947418
2.222	1.721422480947419
2.223	1.71161248094742
2.224	1.701802480947417
2.225	1.691992480947418
2.226	1.682182480947419
2.227	1.672372480947421
2.228	1.662562480947417
2.229	1.652752480947418
2.23	1.642942480947419
2.231	1.63313248094742
2.232	1.623322480947417
2.233	1.613512480947418
2.234	1.603702480947419
2.235	1.59389248094742
2.236	1.584082480947417
2.237	1.574272480947418
2.238	1.564462480947419
2.239	1.55465248094742
2.24	1.544842480947417
2.241	1.535032480947418
2.242	1.525222480947419
2.243	1.51541248094742
2.244	1.505602480947417
2.245	1.495792480947418
2.246	1.485982480947419
2.247	1.47617248094742
2.248	1.466362480947417
2.249	1.456552480947418
2.25	1.446742480947419
2.251	1.43693248094742
2.252	1.427122480947417
2.253	1.417312480947418
2.254	1.407502480947419
2.255	1.39769248094742
2.256	1.387882480947417
2.257	1.378072480947418
2.258	1.368262480947419
2.259	1.35845248094742
2.26	1.348642480947417
2.261	1.338832480947418
2.262	1.329022480947419
2.263	1.31921248094742
2.264	1.309402480947417
2.265	1.299592480947418
2.266	1.289782480947419
2.267	1.27997248094742
2.268	1.270162480947417
2.269	1.260352480947418
2.27	1.250542480947419
2.271	1.24073248094742
2.272	1.230922480947417
2.273	1.221112480947418
2.274	1.211302480947419
2.275	1.20149248094742
2.276	1.191682480947417
2.277	1.181872480947418
2.278	1.172062480947419
2.279	1.16225248094742
2.28	1.152442480947417
2.281	1.142632480947418
2.282	1.132822480947419
2.283	1.12301248094742
2.284	1.113202480947417
2.285	1.103392480947418
2.286	1.093582480947419
2.287	1.08377248094742
2.288	1.073962480947417
2.289	1.064152480947418
2.29	1.054342480947419
2.291	1.04453248094742
2.292	1.034722480947416
2.293	1.024912480947417
2.294	1.015102480947419
2.295	1.00529248094742
2.296	0.9954824809474165
2.297	0.9856724809474177
2.298	0.9758624809474187
2.299	0.9660524809474198
2.3	0.9562424809474165
2.301	0.9464324809474176
2.302	0.9366224809474186
2.303	0.9268124809474197
2.304	0.9170024809474164
2.305	0.9071924809474176
2.306	0.8973824809474186
2.307	0.8875724809474197
2.308	0.8777624809474208
2.309	0.8679524809474175
2.31	0.8581424809474186
2.311	0.8483324809474196
2.312	0.8385224809474208
2.313	0.8287124809474175
2.314	0.8189024809474186
2.315	0.8090924809474196
2.316	0.7992824809474206
2.317	0.7894724809474174
2.318	0.7796624809474184
2.319	0.7698524809474196
2.32	0.7600424809474207
2.321	0.7502324809474175
2.322	0.7404224809474185
2.323	0.7306124809474195
2.324	0.7208024809474207
2.325	0.7109924809474173
2.326	0.7011824809474185
2.327	0.6913724809474195
2.328	0.6815624809474206
2.329	0.6717524809474174
2.33	0.6619424809474184
2.331	0.6521324809474194
2.332	0.6423224809474206
2.333	0.6325124809474172
2.334	0.6227024809474184
2.335	0.6128924809474194
2.336	0.6030824809474205
2.337	0.5932724809474172
2.338	0.5834624809474183
2.339	0.5736524809474195
2.34	0.5638424809474205
2.341	0.5540324809474173
2.342	0.5442224809474183
2.343	0.5344124809474193
2.344	0.5246024809474203
2.345	0.5147924809474171
2.346	0.5049824809474182
2.347	0.4951724809474194
2.348	0.4853624809474204
2.349	0.4755524809474172
2.35	0.4657424809474182
2.351	0.4559324809474192
2.352	0.4461224809474205
2.353	0.436312480947417
2.354	0.4265024809474183
2.355	0.4166924809474193
2.356	0.4068824809474203
2.357	0.3970724809474171
2.358	0.3872624809474181
2.359	0.3774524809474191
2.36	0.3676424809474204
2.361	0.3578324809474169
2.362	0.3480224809474182
2.363	0.3382124809474192
2.364	0.3284024809474202
2.365	0.318592480947417
2.366	0.308782480947418
2.367	0.2989724809474192
2.368	0.2891624809474203
2.369	0.279352480947417
2.37	0.2695424809474181
2.371	0.2597324809474191
2.372	0.2499224809474201
2.373	0.2401124809474169
2.374	0.2303024809474179
2.375	0.2204924809474191
2.376	0.2106824809474201
2.377	0.2008724809474169
2.378	0.191062480947418
2.379	0.181252480947419
2.38	0.1714424809474202
2.381	0.1616324809474168
2.382	0.151822480947418
2.383	0.142012480947419
2.384	0.13220248094742
2.385	0.1223924809474168
2.386	0.1125824809474179
2.387	0.1027724809474189
2.388	0.0929624809474201
2.389	0.08315248094741667
2.39	0.07334248094741791
2.391	0.06353248094741892
2.392	0.05372248094741994
2.393	0.04391248094741673
2.394	0.03410248094741775
2.395	0.02429248094741898
2.396	0.01448248094742
2.397	0.004672480947416791
2.398	-0.005137519052582196
2.399	-0.01494751905258118
2.4	-0.02475751905258017
2.401	-0.03456751905258337
2.402	-0.04437751905258236
2.403	-0.05418751905258112
2.404	-0.06399751905258011
2.405	-0.07380751905258331
2.406	-0.0836175190525823
2.407	-0.09342751905258129
2.408	-0.1032375190525801
2.409	-0.1130475190525835
2.41	-0.1228575190525822
2.411	-0.1326675190525812
2.412	-0.1424775190525802
2.413	-0.1522875190525834
2.414	-0.1620975190525824
2.415	-0.1719075190525814
2.416	-0.1817175190525802
2.417	-0.1915275190525836
2.418	-0.2013375190525826
2.419	-0.2111475190525811
2.42	-0.2209575190525801
2.421	-0.2307675190525835
2.422	-0.2405775190525825
2.423	-0.2503875190525815
2.424	-0.2601975190525805
2.425	-0.2700075190525835
2.426	-0.2798175190525825
2.427	-0.2896275190525814
2.428	-0.2994375190525804
2.429	-0.3092475190525834
2.43	-0.3190575190525824
2.431	-0.3288675190525814
2.432	-0.3386775190525804
2.433	-0.3484875190525794
2.434	-0.3582975190525828
2.435	-0.3681075190525813
2.436	-0.3779175190525803
2.437	-0.3877275190525793
2.438	-0.3975375190525827
2.439	-0.4073475190525817
2.44	-0.4171575190525803
2.441	-0.4269675190525792
2.442	-0.4367775190525827
2.443	-0.4465875190525816
2.444	-0.4563975190525806
2.445	-0.4662075190525792
2.446	-0.4760175190525826
2.447	-0.4858275190525816
2.448	-0.4956375190525806
2.449	-0.5054475190525796
2.45	-0.5152575190525825
2.451	-0.5250675190525815
2.452	-0.5348775190525805
2.453	-0.5446875190525795
2.454	-0.5544975190525829
2.455	-0.5643075190525815
2.456	-0.5741175190525805
2.457	-0.5839275190525794
2.458	-0.5937375190525829
2.459	-0.6035475190525819
2.46	-0.6133575190525804
2.461	-0.6231675190525794
2.462	-0.6329775190525828
2.463	-0.6427875190525818
2.464	-0.6525975190525808
2.465	-0.6624075190525798
2.466	-0.6722175190525828
2.467	-0.6820275190525817
2.468	-0.6918375190525807
2.469	-0.7016475190525797
2.47	-0.7114575190525827
2.471	-0.7212675190525817
2.472	-0.7310775190525807
2.473	-0.7408875190525797
2.474	-0.7506975190525831
2.475	-0.7605075190525821
2.476	-0.7703175190525806
2.477	-0.7801275190525796
2.478	-0.789937519052583
2.479	-0.799747519052582
2.48	-0.809557519052581
2.481	-0.8193675190525795
2.482	-0.829177519052583
2.483	-0.838987519052582
2.484	-0.8487975190525809
2.485	-0.8586075190525799
2.486	-0.8684175190525829
2.487	-0.8782275190525819
2.488	-0.8880375190525809
2.489	-0.8978475190525799
2.49	-0.9076575190525833
2.491	-0.9174675190525818
2.492	-0.9272775190525808
2.493	-0.9370875190525798
2.494	-0.9468975190525832
2.495	-0.9567075190525822
2.496	-0.9665175190525808
2.497	-0.9763275190525798
2.498	-0.9861375190525832
2.499	-0.9959475190525822
2.5	-1.005757519052581
2.501	-1.01556751905258
2.502	-1.025377519052583
2.503	-1.035187519052582
2.504	-1.044997519052581
2.505	-1.05480751905258
2.506	-1.064617519052583
2.507	-1.074427519052582
2.508	-1.084237519052581
2.509	-1.09404751905258
2.51	-1.103857519052583
2.511	-1.113667519052582
2.512	-1.123477519052581
2.513	-1.13328751905258
2.514	-1.143097519052583
2.515	-1.152907519052582
2.516	-1.162717519052581
2.517	-1.17252751905258
2.518	-1.182337519052583
2.519	-1.192147519052582
2.52	-1.201957519052581
2.521	-1.21176751905258
2.522	-1.221577519052583
2.523	-1.231387519052582
2.524	-1.241197519052581
2.525	-1.25100751905258
2.526	-1.260817519052583
2.527	-1.270627519052582
2.528	-1.280437519052581
2.529	-1.29024751905258
2.53	-1.300057519052584
2.531	-1.309867519052583
2.532	-1.319677519052581
2.533	-1.32948751905258
2.534	-1.339297519052584
2.535	-1.349107519052583
2.536	-1.358917519052582
2.537	-1.36872751905258
2.538	-1.378537519052583
2.539	-1.388347519052582
2.54	-1.398157519052581
2.541	-1.40796751905258
2.542	-1.417777519052583
2.543	-1.427587519052582
2.544	-1.437397519052581
2.545	-1.44720751905258
2.546	-1.457017519052584
2.547	-1.466827519052582
2.548	-1.476637519052581
2.549	-1.48644751905258
2.55	-1.496257519052584
2.551	-1.506067519052583
2.552	-1.515877519052581
2.553	-1.52568751905258
2.554	-1.535497519052584
2.555	-1.545307519052583
2.556	-1.555117519052582
2.557	-1.56492751905258
2.558	-1.574737519052584
2.559	-1.584547519052583
2.56	-1.594357519052582
2.561	-1.604167519052581
2.562	-1.61397751905258
2.563	-1.623787519052583
2.564	-1.633597519052582
2.565	-1.643407519052581
2.566	-1.65321751905258
2.567	-1.663027519052583
2.568	-1.672837519052581
2.569	-1.68264751905258
2.57	-1.692457519052579
2.571	-1.702267519052583
2.572	-1.712077519052582
2.573	-1.72188751905258
2.574	-1.731697519052579
2.575	-1.741507519052583
2.576	-1.751317519052582
2.577	-1.761127519052581
2.578	-1.770937519052579
2.579	-1.780747519052583
2.58	-1.790557519052582
2.581	-1.800367519052581
2.582	-1.807822171550338
2.583	1.439044326121821
2.584	1.42922451612182
2.585	1.419414516121821
2.586	1.409604516121823
2.587	1.399794516121819
2.588	1.389984516121821
2.589	1.380174516121822
2.59	1.370364516121823
2.591	1.360554516121819
2.592	1.35074451612182
2.593	1.340934516121821
2.594	1.331124516121823
2.595	1.321314516121819
2.596	1.31150451612182
2.597	1.301694516121821
2.598	1.291884516121822
2.599	1.282074516121819
2.6	1.27226451612182
2.601	1.262454516121821
2.602	1.252644516121822
2.603	1.242834516121819
2.604	1.23302451612182
2.605	1.223214516121821
2.606	1.213404516121822
2.607	1.203594516121819
2.608	1.19378451612182
2.609	1.183974516121821
2.61	1.174164516121822
2.611	1.164354516121819
2.612	1.15454451612182
2.613	1.144734516121821
2.614	1.134924516121822
2.615	1.125114516121819
2.616	1.11530451612182
2.617	1.105494516121821
2.618	1.095684516121822
2.619	1.085874516121819
2.62	1.07606451612182
2.621	1.066254516121821
2.622	1.056444516121822
2.623	1.046634516121819
2.624	1.03682451612182
2.625	1.027014516121821
2.626	1.017204516121822
2.627	1.007394516121819
2.628	0.99758451612182
2.629	0.9877745161218211
2.63	0.9779645161218222
2.631	0.9681545161218189
2.632	0.95834451612182
2.633	0.948534516121821
2.634	0.9387245161218221
2.635	0.9289145161218189
2.636	0.91910451612182
2.637	0.909294516121821
2.638	0.8994845161218221
2.639	0.8896745161218188
2.64	0.8798645161218199
2.641	0.8700545161218209
2.642	0.8602445161218221
2.643	0.8504345161218188
2.644	0.8406245161218199
2.645	0.830814516121821
2.646	0.821004516121822
2.647	0.8111945161218188
2.648	0.8013845161218198
2.649	0.7915745161218209
2.65	0.781764516121822
2.651	0.7719545161218188
2.652	0.7621445161218198
2.653	0.7523345161218209
2.654	0.7425245161218219
2.655	0.7327145161218187
2.656	0.7229045161218197
2.657	0.7130945161218208
2.658	0.703284516121822
2.659	0.6934745161218187
2.66	0.6836645161218198
2.661	0.6738545161218208
2.662	0.6640445161218219
2.663	0.6542345161218186
2.664	0.6444245161218197
2.665	0.6346145161218207
2.666	0.6248045161218219
2.667	0.6149945161218185
2.668	0.6051845161218197
2.669	0.5953745161218207
2.67	0.5855645161218218
2.671	0.5757545161218185
2.672	0.5659445161218196
2.673	0.5561345161218207
2.674	0.5463245161218218
2.675	0.5365145161218186
2.676	0.5267045161218196
2.677	0.5168945161218207
2.678	0.5070845161218217
2.679	0.4972745161218185
2.68	0.4874645161218195
2.681	0.4776545161218206
2.682	0.4678445161218217
2.683	0.4580345161218184
2.684	0.4482245161218195
2.685	0.4384145161218205
2.686	0.4286045161218217
2.687	0.4187945161218183
2.688	0.4089845161218195
2.689	0.3991745161218205
2.69	0.3893645161218215
2.691	0.3795545161218228
2.692	0.3697445161218194
2.693	0.3599345161218206
2.694	0.3501245161218216
2.695	0.3403145161218226
2.696	0.3305045161218194
2.697	0.3206945161218204
2.698	0.3108845161218217
2.699	0.3010745161218227
2.7	0.2912645161218193
2.701	0.2814545161218205
2.702	0.2716445161218215
2.703	0.2618345161218225
2.704	0.2520245161218193
2.705	0.2422145161218203
2.706	0.2324045161218216
2.707	0.2225945161218226
2.708	0.2127845161218194
2.709	0.2029745161218204
2.71	0.1931645161218214
2.711	0.1833545161218226
2.712	0.1735445161218192
2.713	0.1637345161218202
2.714	0.1539245161218215
2.715	0.1441145161218225
2.716	0.1343045161218193
2.717	0.1244945161218203
2.718	0.1146845161218213
2.719	0.1048745161218225
2.72	0.0950645161218191
2.721	0.08525451612182033
2.722	0.07544451612182135
2.723	0.06563451612182236
2.724	0.05582451612181916
2.725	0.04601451612182017
2.726	0.03620451612182118
2.727	0.02639451612182242
2.728	0.01658451612181899
2.729	0.006774516121820229
2.73	-0.003035483878178757
2.731	-0.01284548387817774
2.732	-0.02265548387818095
2.733	-0.03246548387817993
2.734	-0.0422754838781787
2.735	-0.05208548387817769
2.736	-0.06189548387818089
2.737	-0.07170548387817988
2.738	-0.08151548387817886
2.739	-0.09132548387817763
2.74	-0.1011354838781811
2.741	-0.11094548387818
2.742	-0.1207554838781788
2.743	-0.1305654838781778
2.744	-0.140375483878181
2.745	-0.15018548387818
2.746	-0.159995483878179
2.747	-0.1698054838781777
2.748	-0.1796154838781812
2.749	-0.1894254838781799
2.75	-0.1992354838781789
2.751	-0.2090454838781779
2.752	-0.2188554838781811
2.753	-0.2286654838781801
2.754	-0.2384754838781791
2.755	-0.2482854838781778
2.756	-0.2580954838781813
2.757	-0.26790548387818
2.758	-0.277715483878179
2.759	-0.287525483878178
2.76	-0.2973354838781812
2.761	-0.3071454838781802
2.762	-0.316955483878179
2.763	-0.3267654838781779
2.764	-0.3365754838781811
2.765	-0.3463854838781801
2.766	-0.3561954838781791
2.767	-0.3660054838781779
2.768	-0.3758154838781813
2.769	-0.3856254838781803
2.77	-0.3954354838781791
2.771	-0.405245483878178
2.772	-0.4150554838781813
2.773	-0.4248654838781802
2.774	-0.4346754838781792
2.775	-0.444485483878178
2.776	-0.4542954838781814
2.777	-0.4641054838781802
2.778	-0.4739154838781792
2.779	-0.4837254838781782
2.78	-0.4935354838781814
2.781	-0.5033454838781803
2.782	-0.5131554838781793
2.783	-0.5229654838781781
2.784	-0.5327754838781815
2.785	-0.5425854838781803
2.786	-0.5523954838781793
2.787	-0.562205483878178
2.788	-0.5720154838781815
2.789	-0.5818254838781804
2.79	-0.5916354838781794
2.791	-0.6014454838781784
2.792	-0.6112554838781814
2.793	-0.6210654838781804
2.794	-0.6308754838781794
2.795	-0.6406854838781784
2.796	-0.6504954838781813
2.797	-0.6603054838781803
2.798	-0.6701154838781793
2.799	-0.6799254838781783
2.8	-0.6897354838781817
2.801	-0.6995454838781803
2.802	-0.7093554838781793
2.803	-0.7191654838781782
2.804	-0.7289754838781817
2.805	-0.7387854838781807
2.806	-0.7485954838781796
2.807	-0.7584054838781782
2.808	-0.7682154838781816
2.809	-0.7780254838781806
2.81	-0.7878354838781796
2.811	-0.7976454838781786
2.812	-0.8074554838781816
2.813	-0.8172654838781805
2.814	-0.8270754838781795
2.815	-0.8368854838781785
2.816	-0.8466954838781775
2.817	-0.8565054838781805
2.818	-0.8663154838781795
2.819	-0.8761254838781785
2.82	-0.8859354838781774
2.821	-0.8957454838781809
2.822	-0.9055554838781794
2.823	-0.9153654838781784
2.824	-0.9251754838781774
2.825	-0.9349854838781808
2.826	-0.9447954838781798
2.827	-0.9546054838781783
2.828	-0.9644154838781773
2.829	-0.9742254838781808
2.83	-0.9840354838781797
2.831	-0.9938454838781787
2.832	-1.003655483878178
2.833	-1.013465483878181
2.834	-1.02327548387818
2.835	-1.033085483878179
2.836	-1.042895483878178
2.837	-1.052705483878181
2.838	-1.06251548387818
2.839	-1.072325483878179
2.84	-1.082135483878178
2.841	-1.091945483878181
2.842	-1.10175548387818
2.843	-1.111565483878179
2.844	-1.121375483878178
2.845	-1.131185483878181
2.846	-1.14099548387818
2.847	-1.150805483878179
2.848	-1.160615483878177
2.849	-1.170425483878181
2.85	-1.18023548387818
2.851	-1.190045483878179
2.852	-1.199855483878178
2.853	-1.209665483878181
2.854	-1.21947548387818
2.855	-1.229285483878179
2.856	-1.239095483878178
2.857	-1.248905483878181
2.858	-1.25871548387818
2.859	-1.268525483878179
2.86	-1.278335483878178
2.861	-1.288145483878181
2.862	-1.29795548387818
2.863	-1.307765483878179
2.864	-1.317575483878178
2.865	-1.327385483878181
2.866	-1.33719548387818
2.867	-1.347005483878179
2.868	-1.356815483878178
2.869	-1.366625483878181
2.87	-1.37643548387818
2.871	-1.386245483878179
2.872	-1.396055483878178
2.873	-1.405865483878181
2.874	-1.41567548387818
2.875	-1.425485483878179
2.876	-1.435295483878178
2.877	1.151297743988004
2.878	1.141487743988005
2.879	1.131677743988006
2.88	1.121867743988007
2.881	1.112057743988004
2.882	1.102247743988005
2.883	1.092437743988006
2.884	1.082627743988007
2.885	1.072817743988004
2.886	1.063007743988005
2.887	1.053197743988006
2.888	1.043387743988007
2.889	1.033577743988004
2.89	1.023767743988005
2.891	1.013957743988006
2.892	1.004147743988007
2.893	0.9943377439880039
2.894	0.9845277439880049
2.895	0.974717743988006
2.896	0.9649077439880072
2.897	0.9550977439880038
2.898	0.945287743988005
2.899	0.935477743988006
2.9	0.9256677439880071
2.901	0.9158577439880038
2.902	0.9060477439880049
2.903	0.896237743988006
2.904	0.8864277439880071
2.905	0.8766177439880037
2.906	0.8668077439880049
2.907	0.8569977439880059
2.908	0.847187743988007
2.909	0.8373777439880037
2.91	0.8275677439880048
2.911	0.8177577439880059
2.912	0.807947743988007
2.913	0.7981377439880037
2.914	0.7883277439880048
2.915	0.7785177439880058
2.916	0.768707743988007
2.917	0.7588977439880036
2.918	0.7490877439880048
2.919	0.7392777439880058
2.92	0.7294677439880068
2.921	0.7196577439880036
2.922	0.7098477439880047
2.923	0.7000377439880058
2.924	0.6902277439880069
2.925	0.6804177439880036
2.926	0.6706077439880047
2.927	0.6607977439880057
2.928	0.6509877439880069
2.929	0.6411777439880035
2.93	0.6313677439880047
2.931	0.6215577439880057
2.932	0.6117477439880068
2.933	0.6019377439880035
2.934	0.5921277439880046
2.935	0.5823177439880056
2.936	0.5725077439880067
2.937	0.5626977439880034
2.938	0.5528877439880046
2.939	0.5430777439880057
2.94	0.5332677439880067
2.941	0.5234577439880035
2.942	0.5136477439880045
2.943	0.5038377439880056
2.944	0.4940277439880066
2.945	0.4842177439880078
2.946	0.4744077439880044
2.947	0.4645977439880056
2.948	0.4547877439880066
2.949	0.4449777439880077
2.95	0.4351677439880044
2.951	0.4253577439880055
2.952	0.4155477439880066
2.953	0.4057377439880077
2.954	0.3959277439880045
2.955	0.3861177439880055
2.956	0.3763077439880066
2.957	0.3664977439880076
2.958	0.3566877439880044
2.959	0.3468777439880054
2.96	0.3370677439880065
2.961	0.3272577439880076
2.962	0.3174477439880043
2.963	0.3076377439880054
2.964	0.2978277439880065
2.965	0.2880177439880076
2.966	0.2782077439880043
2.967	0.2683977439880054
2.968	0.2585877439880064
2.969	0.2487777439880076
2.97	0.2389677439880042
2.971	0.2291577439880054
2.972	0.2193477439880064
2.973	0.2095377439880075
2.974	0.1997277439880042
2.975	0.1899177439880053
2.976	0.1801077439880063
2.977	0.1702977439880075
2.978	0.1604877439880041
2.979	0.1506777439880052
2.98	0.1408677439880064
2.981	0.1310577439880074
2.982	0.1212477439880042
2.983	0.1114377439880052
2.984	0.1016277439880062
2.985	0.09181774398800746
2.986	0.08200774398800403
2.987	0.07219774398800527
2.988	0.06238774398800628
2.989	0.0525777439880073
2.99	0.04276774398800409
2.991	0.03295774398800511
2.992	0.02314774398800634
2.993	0.01333774398800736
2.994	0.003527743988003929
2.995	-0.006282256011994836
2.996	-0.01609225601199382
2.997	-0.02590225601199281
2.998	-0.03571225601199601
2.999	-0.045522256011995
3	-0.05533225601199376
