0	0
0.4515591017126092	-4.429794787800696
0.4515591017126092	3.543835838088557
0.4516034286002081	3.543400991321211
0.4516034286002081	3.543400981511211
1.174134147862257	-3.544625374449487
1.174134147862257	2.835700307407591
1.174290176398058	2.83416966747138
1.174290176398058	2.834169657661379
1.752174595212927	-2.83487649091248
1.752174595212927	2.267901200577985
1.752264666929682	2.267017597036611
1.752264666929682	2.26701758722661
2.214560233936249	-2.268101925107805
2.214560233936249	1.814481547934245
2.214698419943691	1.813125943201238
2.214698419943691	1.813125933391237
2.584390169001145	-1.813550124862389
2.584390169001145	1.450840107737912
2.584444223459142	1.450309833504964
2.584444223459142	1.450309823694963
2.880354453539036	-1.452569533388801
2.880354453539036	1.162055634559041
2.880642514291009	1.15922975858219
2.880642514291009	1.159229748772189
3	-0.0116671860330146
